
================================================================================
          _____________ ________ _______________ ________     _________         
         / ___________// ______ \\_____   _____// ______ \   / ________)        
        / /_________  / /      \ \     | |     / /      \ \ | (_______          
       |  __________|| |        | |    | |    | |        | | \________ \        
        \ \_________ | |        | |    | |     \ \______/ /___________) |       
         \__________||_|        |_|    |_|      \________//____________/        
                                                                                
====================================[ Qcore ]===================================

 Git hash:   b27a5f96910dca04bf09adb1496985de0081c8b6
 Git date:   Tue, 11 May 2021 09:58:05 -0400
 Compiler:   AppleClang 10.0.1.10010046
 Build type: Release
 Version:    1.2.0

 Start time: Mon May 24 15:57:38 2021

 Data directory: /Users/of15641/qcore/cmake-build-release/share/entos/1.2.0/data
 Number of threads: 2
 Number of threads was determined by: number of physical cores

 --------------------------------------------------------------------------------
                                  command: bchla                                 
 --------------------------------------------------------------------------------
 XTB basis setup:                        reference basis
 Number of basis functions:            404
 GFN version:                            gfn1
 Integral screening threshold:           1.00e-10
 Total charge:                           0.000000000
 Number of electrons:                  344.000000000
 Electronic temperature (Kelvin):        0.000000000

 D3BJ energy:                           -0.097610551
 Repulsive energy:                       2.522573806

 ------------------------------------------------
  Running self-consistent charge (SCC) algorithm 
 ------------------------------------------------
 Broyden mixing factor:                  0.40
 Max number of iterations:             128
 Conv. threshold (charge):               1.00e-05
 Conv. threshold (energy):               1.00e-06
 Initial guess:                          SAD

 ---------------------------------------------------------------
                  energy        change          grad        time
 ---------------------------------------------------------------
   0      -201.668427966                    6.43e-01        0.03
   1      -202.283379351     -6.15e-01      3.75e-01        0.03
   2      -202.262405605      2.10e-02      6.06e-02        0.03
   3      -202.287135433     -2.47e-02      1.21e-02        0.03
   4      -202.301306318     -1.42e-02      2.31e-03        0.02
   5      -202.301809240     -5.03e-04      6.27e-04        0.03
   6      -202.301826954     -1.77e-05      1.53e-04        0.02
   7      -202.301827858     -9.04e-07      5.66e-05        0.03
   8      -202.301828138     -2.80e-07      2.33e-05        0.02
   9      -202.301828150     -1.22e-08      8.25e-06        0.03
  10      -202.301828150     -3.64e-10      2.62e-06        0.02

 SCF converged in 9 iterations.

 Entropy contribution (-ST):             0.000000000
 Dipole moment (in Debye):               3.620285      -0.241466       0.958118
 Setting up Delta-SCF
 Ground-Excited state overlap:           0.000000000
 No correction applied to the TDM.
 Excitation energy:                      0.110066883
 Excitation energy (in eV):              2.995072460
 Transition dipole:                     -2.93669       1.99588       0.57987
 Saving results in set 'frame_280'

 --------------------------------------------------------------------------------

 End time:                               Mon May 24 15:57:38 2021
 Total wall-clock time:                  0.684 seconds
==================================================================================
