
================================================================================
          _____________ ________ _______________ ________     _________         
         / ___________// ______ \\_____   _____// ______ \   / ________)        
        / /_________  / /      \ \     | |     / /      \ \ | (_______          
       |  __________|| |        | |    | |    | |        | | \________ \        
        \ \_________ | |        | |    | |     \ \______/ /___________) |       
         \__________||_|        |_|    |_|      \________//____________/        
                                                                                
====================================[ Qcore ]===================================

 Git hash:   b27a5f96910dca04bf09adb1496985de0081c8b6
 Git date:   Tue, 11 May 2021 09:58:05 -0400
 Compiler:   AppleClang 10.0.1.10010046
 Build type: Release
 Version:    1.2.0

 Start time: Mon May 24 15:59:08 2021

 Data directory: /Users/of15641/qcore/cmake-build-release/share/entos/1.2.0/data
 Number of threads: 2
 Number of threads was determined by: number of physical cores

 --------------------------------------------------------------------------------
                                  command: bchla                                 
 --------------------------------------------------------------------------------
 XTB basis setup:                        reference basis
 Number of basis functions:            404
 GFN version:                            gfn1
 Integral screening threshold:           1.00e-10
 Total charge:                           0.000000000
 Number of electrons:                  344.000000000
 Electronic temperature (Kelvin):        0.000000000

 D3BJ energy:                           -0.094347058
 Repulsive energy:                       2.540103428

 ------------------------------------------------
  Running self-consistent charge (SCC) algorithm 
 ------------------------------------------------
 Broyden mixing factor:                  0.40
 Max number of iterations:             128
 Conv. threshold (charge):               1.00e-05
 Conv. threshold (energy):               1.00e-06
 Initial guess:                          SAD

 ---------------------------------------------------------------
                  energy        change          grad        time
 ---------------------------------------------------------------
   0      -201.709206139                    6.43e-01        0.02
   1      -202.297470931     -5.88e-01      3.75e-01        0.02
   2      -202.289609469      7.86e-03      5.71e-02        0.02
   3      -202.306023684     -1.64e-02      8.78e-03        0.02
   4      -202.312579563     -6.56e-03      2.09e-03        0.02
   5      -202.312976371     -3.97e-04      6.96e-04        0.02
   6      -202.313005180     -2.88e-05      1.46e-04        0.02
   7      -202.313005836     -6.55e-07      3.87e-05        0.02
   8      -202.313005897     -6.15e-08      1.64e-05        0.02
   9      -202.313005905     -8.23e-09      6.67e-06        0.02
  10      -202.313005907     -1.40e-09      2.46e-06        0.02

 SCF converged in 9 iterations.

 Entropy contribution (-ST):             0.000000000
 Dipole moment (in Debye):               2.760659       2.283030      -3.963392
 Setting up Delta-SCF
 Ground-Excited state overlap:           0.000000000
 No correction applied to the TDM.
 Excitation energy:                      0.107797274
 Excitation energy (in eV):              2.933313266
 Transition dipole:                     -2.57996       0.41134       2.74622
 Saving results in set 'frame_4'

 --------------------------------------------------------------------------------

 End time:                               Mon May 24 15:59:08 2021
 Total wall-clock time:                  0.555 seconds
==================================================================================
