
================================================================================
          _____________ ________ _______________ ________     _________         
         / ___________// ______ \\_____   _____// ______ \   / ________)        
        / /_________  / /      \ \     | |     / /      \ \ | (_______          
       |  __________|| |        | |    | |    | |        | | \________ \        
        \ \_________ | |        | |    | |     \ \______/ /___________) |       
         \__________||_|        |_|    |_|      \________//____________/        
                                                                                
====================================[ Qcore ]===================================

 Git hash:   b27a5f96910dca04bf09adb1496985de0081c8b6
 Git date:   Tue, 11 May 2021 09:58:05 -0400
 Compiler:   AppleClang 10.0.1.10010046
 Build type: Release
 Version:    1.2.0

 Start time: Mon May 24 16:02:59 2021

 Data directory: /Users/of15641/qcore/cmake-build-release/share/entos/1.2.0/data
 Number of threads: 2
 Number of threads was determined by: number of physical cores

 --------------------------------------------------------------------------------
                                  command: bchla                                 
 --------------------------------------------------------------------------------
 XTB basis setup:                        reference basis
 Number of basis functions:            404
 GFN version:                            gfn1
 Integral screening threshold:           1.00e-10
 Total charge:                           0.000000000
 Number of electrons:                  344.000000000
 Electronic temperature (Kelvin):        0.000000000

 D3BJ energy:                           -0.094770399
 Repulsive energy:                       2.529906991

 ------------------------------------------------
  Running self-consistent charge (SCC) algorithm 
 ------------------------------------------------
 Broyden mixing factor:                  0.40
 Max number of iterations:             128
 Conv. threshold (charge):               1.00e-05
 Conv. threshold (energy):               1.00e-06
 Initial guess:                          SAD

 ---------------------------------------------------------------
                  energy        change          grad        time
 ---------------------------------------------------------------
   0      -201.655951884                    6.43e-01        0.03
   1      -202.285090085     -6.29e-01      3.75e-01        0.02
   2      -202.270383460      1.47e-02      6.20e-02        0.03
   3      -202.295531037     -2.51e-02      1.02e-02        0.02
   4      -202.302976854     -7.45e-03      2.03e-03        0.03
   5      -202.303316459     -3.40e-04      7.66e-04        0.02
   6      -202.303356672     -4.02e-05      1.71e-04        0.03
   7      -202.303357791     -1.12e-06      5.18e-05        0.02
   8      -202.303357865     -7.45e-08      2.42e-05        0.02
   9      -202.303357872     -6.32e-09      1.14e-05        0.02
  10      -202.303357877     -5.11e-09      3.79e-06        0.03
  11      -202.303357877     -3.29e-10      1.12e-06        0.02

 SCF converged in 10 iterations.

 Entropy contribution (-ST):             0.000000000
 Dipole moment (in Debye):              -0.258219       0.598520      -3.218919
 Setting up Delta-SCF
 Ground-Excited state overlap:           0.000000000
 No correction applied to the TDM.
 Excitation energy:                      0.106584535
 Excitation energy (in eV):              2.900312949
 Transition dipole:                     -0.22581      -1.55732      -3.21980
 Saving results in set 'frame_645'

 --------------------------------------------------------------------------------

 End time:                               Mon May 24 16:03:00 2021
 Total wall-clock time:                  0.676 seconds
==================================================================================
