
================================================================================
          _____________ ________ _______________ ________     _________         
         / ___________// ______ \\_____   _____// ______ \   / ________)        
        / /_________  / /      \ \     | |     / /      \ \ | (_______          
       |  __________|| |        | |    | |    | |        | | \________ \        
        \ \_________ | |        | |    | |     \ \______/ /___________) |       
         \__________||_|        |_|    |_|      \________//____________/        
                                                                                
====================================[ Qcore ]===================================

 Git hash:   b27a5f96910dca04bf09adb1496985de0081c8b6
 Git date:   Tue, 11 May 2021 09:58:05 -0400
 Compiler:   AppleClang 10.0.1.10010046
 Build type: Release
 Version:    1.2.0

 Start time: Mon May 24 16:05:31 2021

 Data directory: /Users/of15641/qcore/cmake-build-release/share/entos/1.2.0/data
 Number of threads: 2
 Number of threads was determined by: number of physical cores

 --------------------------------------------------------------------------------
                                  command: bchla                                 
 --------------------------------------------------------------------------------
 XTB basis setup:                        reference basis
 Number of basis functions:            404
 GFN version:                            gfn1
 Integral screening threshold:           1.00e-10
 Total charge:                           0.000000000
 Number of electrons:                  344.000000000
 Electronic temperature (Kelvin):        0.000000000

 D3BJ energy:                           -0.095121153
 Repulsive energy:                       2.491001284

 ------------------------------------------------
  Running self-consistent charge (SCC) algorithm 
 ------------------------------------------------
 Broyden mixing factor:                  0.40
 Max number of iterations:             128
 Conv. threshold (charge):               1.00e-05
 Conv. threshold (energy):               1.00e-06
 Initial guess:                          SAD

 ---------------------------------------------------------------
                  energy        change          grad        time
 ---------------------------------------------------------------
   0      -201.725199737                    6.42e-01        0.02
   1      -202.300361299     -5.75e-01      3.75e-01        0.02
   2      -202.283816314      1.65e-02      5.78e-02        0.02
   3      -202.304564445     -2.07e-02      1.16e-02        0.02
   4      -202.317208863     -1.26e-02      2.21e-03        0.02
   5      -202.317665724     -4.57e-04      6.67e-04        0.02
   6      -202.317685300     -1.96e-05      1.53e-04        0.02
   7      -202.317685920     -6.21e-07      5.39e-05        0.02
   8      -202.317686203     -2.83e-07      1.99e-05        0.02
   9      -202.317686213     -9.55e-09      7.65e-06        0.02
  10      -202.317686213     -2.71e-10      2.55e-06        0.02

 SCF converged in 9 iterations.

 Entropy contribution (-ST):             0.000000000
 Dipole moment (in Debye):               1.320620       3.062815      -3.778098
 Setting up Delta-SCF
 Ground-Excited state overlap:          -0.000000000
 No correction applied to the TDM.
 Excitation energy:                      0.110891661
 Excitation energy (in eV):              3.017515806
 Transition dipole:                      0.20299      -0.98001      -3.22353
 Saving results in set 'frame_8'

 --------------------------------------------------------------------------------

 End time:                               Mon May 24 16:05:32 2021
 Total wall-clock time:                  0.576 seconds
==================================================================================
