
================================================================================
          _____________ ________ _______________ ________     _________         
         / ___________// ______ \\_____   _____// ______ \   / ________)        
        / /_________  / /      \ \     | |     / /      \ \ | (_______          
       |  __________|| |        | |    | |    | |        | | \________ \        
        \ \_________ | |        | |    | |     \ \______/ /___________) |       
         \__________||_|        |_|    |_|      \________//____________/        
                                                                                
====================================[ Qcore ]===================================

 Git hash:   b27a5f96910dca04bf09adb1496985de0081c8b6
 Git date:   Tue, 11 May 2021 09:58:05 -0400
 Compiler:   AppleClang 10.0.1.10010046
 Build type: Release
 Version:    1.2.0

 Start time: Mon May 24 16:07:27 2021

 Data directory: /Users/of15641/qcore/cmake-build-release/share/entos/1.2.0/data
 Number of threads: 2
 Number of threads was determined by: number of physical cores

 --------------------------------------------------------------------------------
                                  command: bchla                                 
 --------------------------------------------------------------------------------
 XTB basis setup:                        reference basis
 Number of basis functions:            404
 GFN version:                            gfn1
 Integral screening threshold:           1.00e-10
 Total charge:                           0.000000000
 Number of electrons:                  344.000000000
 Electronic temperature (Kelvin):        0.000000000

 D3BJ energy:                           -0.097274585
 Repulsive energy:                       2.551692966

 ------------------------------------------------
  Running self-consistent charge (SCC) algorithm 
 ------------------------------------------------
 Broyden mixing factor:                  0.40
 Max number of iterations:             128
 Conv. threshold (charge):               1.00e-05
 Conv. threshold (energy):               1.00e-06
 Initial guess:                          SAD

 ---------------------------------------------------------------
                  energy        change          grad        time
 ---------------------------------------------------------------
   0      -201.746260097                    6.43e-01        0.02
   1      -202.323517149     -5.77e-01      3.75e-01        0.02
   2      -202.317222156      6.29e-03      5.66e-02        0.02
   3      -202.333644471     -1.64e-02      7.81e-03        0.02
   4      -202.338447673     -4.80e-03      1.75e-03        0.02
   5      -202.338713243     -2.66e-04      6.26e-04        0.02
   6      -202.338736659     -2.34e-05      1.36e-04        0.02
   7      -202.338737237     -5.78e-07      4.02e-05        0.02
   8      -202.338737322     -8.45e-08      1.61e-05        0.02
   9      -202.338737329     -7.12e-09      6.27e-06        0.02
  10      -202.338737330     -1.29e-09      2.11e-06        0.02

 SCF converged in 9 iterations.

 Entropy contribution (-ST):             0.000000000
 Dipole moment (in Debye):               1.367965      -0.339236      -3.870788
 Setting up Delta-SCF
 Ground-Excited state overlap:           0.000000000
 No correction applied to the TDM.
 Excitation energy:                      0.113567943
 Excitation energy (in eV):              3.090341168
 Transition dipole:                     -2.20643       0.16897      -2.40616
 Saving results in set 'frame_948'

 --------------------------------------------------------------------------------

 End time:                               Mon May 24 16:07:28 2021
 Total wall-clock time:                  0.567 seconds
==================================================================================
