
================================================================================
          _____________ ________ _______________ ________     _________         
         / ___________// ______ \\_____   _____// ______ \   / ________)        
        / /_________  / /      \ \     | |     / /      \ \ | (_______          
       |  __________|| |        | |    | |    | |        | | \________ \        
        \ \_________ | |        | |    | |     \ \______/ /___________) |       
         \__________||_|        |_|    |_|      \________//____________/        
                                                                                
====================================[ Qcore ]===================================

 Git hash:   b27a5f96910dca04bf09adb1496985de0081c8b6
 Git date:   Tue, 11 May 2021 09:58:05 -0400
 Compiler:   AppleClang 10.0.1.10010046
 Build type: Release
 Version:    1.2.0

 Start time: Mon May 24 15:50:09 2021

 Data directory: /Users/of15641/qcore/cmake-build-release/share/entos/1.2.0/data
 Number of threads: 2
 Number of threads was determined by: number of physical cores

 --------------------------------------------------------------------------------
                                  command: bchla                                 
 --------------------------------------------------------------------------------
 XTB basis setup:                        reference basis
 Number of basis functions:            404
 GFN version:                            gfn1
 Integral screening threshold:           1.00e-10
 Total charge:                           0.000000000
 Number of electrons:                  344.000000000
 Electronic temperature (Kelvin):        0.000000000

 D3BJ energy:                           -0.096418386
 Repulsive energy:                       2.494471656

 ------------------------------------------------
  Running self-consistent charge (SCC) algorithm 
 ------------------------------------------------
 Broyden mixing factor:                  0.40
 Max number of iterations:             128
 Conv. threshold (charge):               1.00e-05
 Conv. threshold (energy):               1.00e-06
 Initial guess:                          SAD

 ---------------------------------------------------------------
                  energy        change          grad        time
 ---------------------------------------------------------------
   0      -201.722101812                    6.42e-01        0.03
   1      -202.292504838     -5.70e-01      3.75e-01        0.03
   2      -202.283515992      8.99e-03      5.59e-02        0.03
   3      -202.300857350     -1.73e-02      9.00e-03        0.02
   4      -202.307637369     -6.78e-03      2.10e-03        0.02
   5      -202.308020683     -3.83e-04      6.71e-04        0.02
   6      -202.308045333     -2.46e-05      1.68e-04        0.03
   7      -202.308046430     -1.10e-06      5.55e-05        0.02
   8      -202.308046746     -3.16e-07      1.89e-05        0.02
   9      -202.308046760     -1.45e-08      6.95e-06        0.03
  10      -202.308046761     -5.67e-10      2.46e-06        0.02

 SCF converged in 9 iterations.

 Entropy contribution (-ST):             0.000000000
 Dipole moment (in Debye):               3.127742       2.134424      -1.065217
 Setting up Delta-SCF
 Ground-Excited state overlap:          -0.000000000
 No correction applied to the TDM.
 Excitation energy:                      0.107589876
 Excitation energy (in eV):              2.927669681
 Transition dipole:                      2.15553      -2.01192      -1.69481
 Saving results in set 'frame_154'

 --------------------------------------------------------------------------------

 End time:                               Mon May 24 15:50:10 2021
 Total wall-clock time:                  0.651 seconds
==================================================================================
