
================================================================================
          _____________ ________ _______________ ________     _________         
         / ___________// ______ \\_____   _____// ______ \   / ________)        
        / /_________  / /      \ \     | |     / /      \ \ | (_______          
       |  __________|| |        | |    | |    | |        | | \________ \        
        \ \_________ | |        | |    | |     \ \______/ /___________) |       
         \__________||_|        |_|    |_|      \________//____________/        
                                                                                
====================================[ Qcore ]===================================

 Git hash:   b27a5f96910dca04bf09adb1496985de0081c8b6
 Git date:   Tue, 11 May 2021 09:58:05 -0400
 Compiler:   AppleClang 10.0.1.10010046
 Build type: Release
 Version:    1.2.0

 Start time: Mon May 24 15:46:04 2021

 Data directory: /Users/of15641/qcore/cmake-build-release/share/entos/1.2.0/data
 Number of threads: 2
 Number of threads was determined by: number of physical cores

 --------------------------------------------------------------------------------
                                  command: bchla                                 
 --------------------------------------------------------------------------------
 XTB basis setup:                        reference basis
 Number of basis functions:            404
 GFN version:                            gfn1
 Integral screening threshold:           1.00e-10
 Total charge:                           0.000000000
 Number of electrons:                  344.000000000
 Electronic temperature (Kelvin):        0.000000000

 D3BJ energy:                           -0.097554063
 Repulsive energy:                       2.465901356

 ------------------------------------------------
  Running self-consistent charge (SCC) algorithm 
 ------------------------------------------------
 Broyden mixing factor:                  0.40
 Max number of iterations:             128
 Conv. threshold (charge):               1.00e-05
 Conv. threshold (energy):               1.00e-06
 Initial guess:                          SAD

 ---------------------------------------------------------------
                  energy        change          grad        time
 ---------------------------------------------------------------
   0      -201.658428065                    6.41e-01        0.02
   1      -202.243532294     -5.85e-01      3.74e-01        0.03
   2      -202.229041802      1.45e-02      5.81e-02        0.02
   3      -202.246421265     -1.74e-02      1.18e-02        0.03
   4      -202.259294519     -1.29e-02      2.55e-03        0.02
   5      -202.259888991     -5.94e-04      6.89e-04        0.02
   6      -202.259909664     -2.07e-05      1.58e-04        0.02
   7      -202.259910595     -9.31e-07      4.72e-05        0.02
   8      -202.259910752     -1.57e-07      2.05e-05        0.02
   9      -202.259910765     -1.33e-08      8.06e-06        0.02
  10      -202.259910766     -7.96e-10      2.71e-06        0.02

 SCF converged in 9 iterations.

 Entropy contribution (-ST):             0.000000000
 Dipole moment (in Debye):              -0.236285       3.896210      -4.217752
 Setting up Delta-SCF
 Ground-Excited state overlap:          -0.000000000
 No correction applied to the TDM.
 Excitation energy:                      0.108406380
 Excitation energy (in eV):              2.949887884
 Transition dipole:                      0.51757      -2.32700       2.76246
 Saving results in set 'frame_1193'

 --------------------------------------------------------------------------------

 End time:                               Mon May 24 15:46:05 2021
 Total wall-clock time:                  0.522 seconds
==================================================================================
