
================================================================================
          _____________ ________ _______________ ________     _________         
         / ___________// ______ \\_____   _____// ______ \   / ________)        
        / /_________  / /      \ \     | |     / /      \ \ | (_______          
       |  __________|| |        | |    | |    | |        | | \________ \        
        \ \_________ | |        | |    | |     \ \______/ /___________) |       
         \__________||_|        |_|    |_|      \________//____________/        
                                                                                
====================================[ Qcore ]===================================

 Git hash:   b27a5f96910dca04bf09adb1496985de0081c8b6
 Git date:   Tue, 11 May 2021 09:58:05 -0400
 Compiler:   AppleClang 10.0.1.10010046
 Build type: Release
 Version:    1.2.0

 Start time: Mon May 24 15:59:59 2021

 Data directory: /Users/of15641/qcore/cmake-build-release/share/entos/1.2.0/data
 Number of threads: 2
 Number of threads was determined by: number of physical cores

 --------------------------------------------------------------------------------
                                  command: bchla                                 
 --------------------------------------------------------------------------------
 XTB basis setup:                        reference basis
 Number of basis functions:            404
 GFN version:                            gfn1
 Integral screening threshold:           1.00e-10
 Total charge:                           0.000000000
 Number of electrons:                  344.000000000
 Electronic temperature (Kelvin):        0.000000000

 D3BJ energy:                           -0.098918072
 Repulsive energy:                       2.552305049

 ------------------------------------------------
  Running self-consistent charge (SCC) algorithm 
 ------------------------------------------------
 Broyden mixing factor:                  0.40
 Max number of iterations:             128
 Conv. threshold (charge):               1.00e-05
 Conv. threshold (energy):               1.00e-06
 Initial guess:                          SAD

 ---------------------------------------------------------------
                  energy        change          grad        time
 ---------------------------------------------------------------
   0      -201.679297051                    6.43e-01        0.05
   1      -202.264546214     -5.85e-01      3.75e-01        0.04
   2      -202.249709183      1.48e-02      5.75e-02        0.05
   3      -202.267100190     -1.74e-02      1.15e-02        0.03
   4      -202.280202643     -1.31e-02      2.11e-03        0.04
   5      -202.280568730     -3.66e-04      6.60e-04        0.03
   6      -202.280587787     -1.91e-05      1.60e-04        0.02
   7      -202.280588609     -8.22e-07      5.39e-05        0.03
   8      -202.280588885     -2.76e-07      2.07e-05        0.02
   9      -202.280588899     -1.43e-08      7.71e-06        0.03
  10      -202.280588900     -6.10e-10      2.69e-06        0.02

 SCF converged in 9 iterations.

 Entropy contribution (-ST):             0.000000000
 Dipole moment (in Debye):               2.219052       2.722046       0.593097
 Setting up Delta-SCF
 Ground-Excited state overlap:          -0.000000000
 No correction applied to the TDM.
 Excitation energy:                      0.107871338
 Excitation energy (in eV):              2.935328631
 Transition dipole:                     -3.10688      -1.13358       1.79645
 Saving results in set 'frame_467'

 --------------------------------------------------------------------------------

 End time:                               Mon May 24 16:00:00 2021
 Total wall-clock time:                  0.871 seconds
==================================================================================
