
================================================================================
          _____________ ________ _______________ ________     _________         
         / ___________// ______ \\_____   _____// ______ \   / ________)        
        / /_________  / /      \ \     | |     / /      \ \ | (_______          
       |  __________|| |        | |    | |    | |        | | \________ \        
        \ \_________ | |        | |    | |     \ \______/ /___________) |       
         \__________||_|        |_|    |_|      \________//____________/        
                                                                                
====================================[ Qcore ]===================================

 Git hash:   b27a5f96910dca04bf09adb1496985de0081c8b6
 Git date:   Tue, 11 May 2021 09:58:05 -0400
 Compiler:   AppleClang 10.0.1.10010046
 Build type: Release
 Version:    1.2.0

 Start time: Mon May 24 16:06:13 2021

 Data directory: /Users/of15641/qcore/cmake-build-release/share/entos/1.2.0/data
 Number of threads: 2
 Number of threads was determined by: number of physical cores

 --------------------------------------------------------------------------------
                                  command: bchla                                 
 --------------------------------------------------------------------------------
 XTB basis setup:                        reference basis
 Number of basis functions:            404
 GFN version:                            gfn1
 Integral screening threshold:           1.00e-10
 Total charge:                           0.000000000
 Number of electrons:                  344.000000000
 Electronic temperature (Kelvin):        0.000000000

 D3BJ energy:                           -0.093473600
 Repulsive energy:                       2.464458916

 ------------------------------------------------
  Running self-consistent charge (SCC) algorithm 
 ------------------------------------------------
 Broyden mixing factor:                  0.40
 Max number of iterations:             128
 Conv. threshold (charge):               1.00e-05
 Conv. threshold (energy):               1.00e-06
 Initial guess:                          SAD

 ---------------------------------------------------------------
                  energy        change          grad        time
 ---------------------------------------------------------------
   0      -201.617453366                    6.41e-01        0.04
   1      -202.187027973     -5.70e-01      3.74e-01        0.03
   2      -202.171109372      1.59e-02      5.68e-02        0.03
   3      -202.189450128     -1.83e-02      1.22e-02        0.04
   4      -202.204013802     -1.46e-02      2.43e-03        0.03
   5      -202.204584771     -5.71e-04      6.67e-04        0.03
   6      -202.204605139     -2.04e-05      1.74e-04        0.03
   7      -202.204606247     -1.11e-06      6.31e-05        0.03
   8      -202.204606654     -4.07e-07      2.13e-05        0.02
   9      -202.204606665     -1.10e-08      7.86e-06        0.03
  10      -202.204606665     -4.40e-10      2.60e-06        0.02

 SCF converged in 9 iterations.

 Entropy contribution (-ST):             0.000000000
 Dipole moment (in Debye):               0.581452       0.391527      -2.046823
 Setting up Delta-SCF
 Ground-Excited state overlap:          -0.000000000
 No correction applied to the TDM.
 Excitation energy:                      0.110562549
 Excitation energy (in eV):              3.008560237
 Transition dipole:                     -0.76950       0.25096       3.35517
 Saving results in set 'frame_848'

 --------------------------------------------------------------------------------

 End time:                               Mon May 24 16:06:13 2021
 Total wall-clock time:                  0.765 seconds
==================================================================================
