
================================================================================
          _____________ ________ _______________ ________     _________         
         / ___________// ______ \\_____   _____// ______ \   / ________)        
        / /_________  / /      \ \     | |     / /      \ \ | (_______          
       |  __________|| |        | |    | |    | |        | | \________ \        
        \ \_________ | |        | |    | |     \ \______/ /___________) |       
         \__________||_|        |_|    |_|      \________//____________/        
                                                                                
====================================[ Qcore ]===================================

 Git hash:   b27a5f96910dca04bf09adb1496985de0081c8b6
 Git date:   Tue, 11 May 2021 09:58:05 -0400
 Compiler:   AppleClang 10.0.1.10010046
 Build type: Release
 Version:    1.2.0

 Start time: Mon May 24 15:44:44 2021

 Data directory: /Users/of15641/qcore/cmake-build-release/share/entos/1.2.0/data
 Number of threads: 2
 Number of threads was determined by: number of physical cores

 --------------------------------------------------------------------------------
                                  command: bchla                                 
 --------------------------------------------------------------------------------
 XTB basis setup:                        reference basis
 Number of basis functions:            404
 GFN version:                            gfn1
 Integral screening threshold:           1.00e-10
 Total charge:                           0.000000000
 Number of electrons:                  344.000000000
 Electronic temperature (Kelvin):        0.000000000

 D3BJ energy:                           -0.095320504
 Repulsive energy:                       2.599235201

 ------------------------------------------------
  Running self-consistent charge (SCC) algorithm 
 ------------------------------------------------
 Broyden mixing factor:                  0.40
 Max number of iterations:             128
 Conv. threshold (charge):               1.00e-05
 Conv. threshold (energy):               1.00e-06
 Initial guess:                          SAD

 ---------------------------------------------------------------
                  energy        change          grad        time
 ---------------------------------------------------------------
   0      -201.695524123                    6.45e-01        0.02
   1      -202.311032396     -6.16e-01      3.76e-01        0.02
   2      -202.302989716      8.04e-03      5.85e-02        0.02
   3      -202.320474658     -1.75e-02      8.32e-03        0.02
   4      -202.325903639     -5.43e-03      1.80e-03        0.02
   5      -202.326172843     -2.69e-04      6.16e-04        0.02
   6      -202.326193975     -2.11e-05      1.39e-04        0.02
   7      -202.326194613     -6.38e-07      4.20e-05        0.02
   8      -202.326194722     -1.09e-07      1.71e-05        0.02
   9      -202.326194732     -9.11e-09      5.62e-06        0.02
  10      -202.326194732     -5.99e-10      2.05e-06        0.02

 SCF converged in 9 iterations.

 Entropy contribution (-ST):             0.000000000
 Dipole moment (in Debye):              -1.457288      -0.507745      -3.454729
 Setting up Delta-SCF
 Ground-Excited state overlap:           0.000000000
 No correction applied to the TDM.
 Excitation energy:                      0.113766102
 Excitation energy (in eV):              3.095733355
 Transition dipole:                     -2.41284       0.35420      -2.17728
 Saving results in set 'frame_1079'

 --------------------------------------------------------------------------------

 End time:                               Mon May 24 15:44:44 2021
 Total wall-clock time:                  0.483 seconds
==================================================================================
