
================================================================================
          _____________ ________ _______________ ________     _________         
         / ___________// ______ \\_____   _____// ______ \   / ________)        
        / /_________  / /      \ \     | |     / /      \ \ | (_______          
       |  __________|| |        | |    | |    | |        | | \________ \        
        \ \_________ | |        | |    | |     \ \______/ /___________) |       
         \__________||_|        |_|    |_|      \________//____________/        
                                                                                
====================================[ Qcore ]===================================

 Git hash:   b27a5f96910dca04bf09adb1496985de0081c8b6
 Git date:   Tue, 11 May 2021 09:58:05 -0400
 Compiler:   AppleClang 10.0.1.10010046
 Build type: Release
 Version:    1.2.0

 Start time: Mon May 24 15:46:16 2021

 Data directory: /Users/of15641/qcore/cmake-build-release/share/entos/1.2.0/data
 Number of threads: 2
 Number of threads was determined by: number of physical cores

 --------------------------------------------------------------------------------
                                  command: bchla                                 
 --------------------------------------------------------------------------------
 XTB basis setup:                        reference basis
 Number of basis functions:            404
 GFN version:                            gfn1
 Integral screening threshold:           1.00e-10
 Total charge:                           0.000000000
 Number of electrons:                  344.000000000
 Electronic temperature (Kelvin):        0.000000000

 D3BJ energy:                           -0.101197572
 Repulsive energy:                       2.560992806

 ------------------------------------------------
  Running self-consistent charge (SCC) algorithm 
 ------------------------------------------------
 Broyden mixing factor:                  0.40
 Max number of iterations:             128
 Conv. threshold (charge):               1.00e-05
 Conv. threshold (energy):               1.00e-06
 Initial guess:                          SAD

 ---------------------------------------------------------------
                  energy        change          grad        time
 ---------------------------------------------------------------
   0      -201.629842023                    6.43e-01        0.08
   1      -202.247563403     -6.18e-01      3.75e-01        0.03
   2      -202.240188693      7.37e-03      5.84e-02        0.03
   3      -202.256185189     -1.60e-02      8.82e-03        0.03
   4      -202.262501844     -6.32e-03      2.18e-03        0.03
   5      -202.262908401     -4.07e-04      7.06e-04        0.03
   6      -202.262938978     -3.06e-05      1.85e-04        0.03
   7      -202.262940850     -1.87e-06      6.04e-05        0.04
   8      -202.262941221     -3.72e-07      1.83e-05        0.02
   9      -202.262941230     -8.32e-09      6.58e-06        0.02
  10      -202.262941230     -4.47e-10      2.32e-06        0.02

 SCF converged in 9 iterations.

 Entropy contribution (-ST):             0.000000000
 Dipole moment (in Debye):               1.786303       5.284906      -2.210625
 Setting up Delta-SCF
 Ground-Excited state overlap:           0.000000000
 No correction applied to the TDM.
 Excitation energy:                      0.109061336
 Excitation energy (in eV):              2.967710140
 Transition dipole:                     -1.85992       2.87157      -1.19818
 Saving results in set 'frame_1207'

 --------------------------------------------------------------------------------

 End time:                               Mon May 24 15:46:17 2021
 Total wall-clock time:                  0.660 seconds
==================================================================================
