
================================================================================
          _____________ ________ _______________ ________     _________         
         / ___________// ______ \\_____   _____// ______ \   / ________)        
        / /_________  / /      \ \     | |     / /      \ \ | (_______          
       |  __________|| |        | |    | |    | |        | | \________ \        
        \ \_________ | |        | |    | |     \ \______/ /___________) |       
         \__________||_|        |_|    |_|      \________//____________/        
                                                                                
====================================[ Qcore ]===================================

 Git hash:   b27a5f96910dca04bf09adb1496985de0081c8b6
 Git date:   Tue, 11 May 2021 09:58:05 -0400
 Compiler:   AppleClang 10.0.1.10010046
 Build type: Release
 Version:    1.2.0

 Start time: Mon May 24 15:59:21 2021

 Data directory: /Users/of15641/qcore/cmake-build-release/share/entos/1.2.0/data
 Number of threads: 2
 Number of threads was determined by: number of physical cores

 --------------------------------------------------------------------------------
                                  command: bchla                                 
 --------------------------------------------------------------------------------
 XTB basis setup:                        reference basis
 Number of basis functions:            404
 GFN version:                            gfn1
 Integral screening threshold:           1.00e-10
 Total charge:                           0.000000000
 Number of electrons:                  344.000000000
 Electronic temperature (Kelvin):        0.000000000

 D3BJ energy:                           -0.098429333
 Repulsive energy:                       2.458172296

 ------------------------------------------------
  Running self-consistent charge (SCC) algorithm 
 ------------------------------------------------
 Broyden mixing factor:                  0.40
 Max number of iterations:             128
 Conv. threshold (charge):               1.00e-05
 Conv. threshold (energy):               1.00e-06
 Initial guess:                          SAD

 ---------------------------------------------------------------
                  energy        change          grad        time
 ---------------------------------------------------------------
   0      -201.582366600                    6.41e-01        0.03
   1      -202.184123365     -6.02e-01      3.74e-01        0.02
   2      -202.173088206      1.10e-02      5.94e-02        0.02
   3      -202.190165990     -1.71e-02      1.08e-02        0.03
   4      -202.199265986     -9.10e-03      2.68e-03        0.02
   5      -202.199880976     -6.15e-04      6.69e-04        0.02
   6      -202.199899425     -1.84e-05      1.50e-04        0.02
   7      -202.199900083     -6.58e-07      3.70e-05        0.02
   8      -202.199900113     -2.97e-08      1.46e-05        0.02
   9      -202.199900114     -1.80e-09      5.82e-06        0.02
  10      -202.199900115     -6.27e-10      2.24e-06        0.02

 SCF converged in 9 iterations.

 Entropy contribution (-ST):             0.000000000
 Dipole moment (in Debye):               3.137498       3.207451      -0.455125
 Setting up Delta-SCF
 Ground-Excited state overlap:          -0.000000000
 No correction applied to the TDM.
 Excitation energy:                      0.107705436
 Excitation energy (in eV):              2.930814215
 Transition dipole:                      3.55376       1.04728       0.40263
 Saving results in set 'frame_418'

 --------------------------------------------------------------------------------

 End time:                               Mon May 24 15:59:22 2021
 Total wall-clock time:                  0.583 seconds
==================================================================================
