
================================================================================
          _____________ ________ _______________ ________     _________         
         / ___________// ______ \\_____   _____// ______ \   / ________)        
        / /_________  / /      \ \     | |     / /      \ \ | (_______          
       |  __________|| |        | |    | |    | |        | | \________ \        
        \ \_________ | |        | |    | |     \ \______/ /___________) |       
         \__________||_|        |_|    |_|      \________//____________/        
                                                                                
====================================[ Qcore ]===================================

 Git hash:   b27a5f96910dca04bf09adb1496985de0081c8b6
 Git date:   Tue, 11 May 2021 09:58:05 -0400
 Compiler:   AppleClang 10.0.1.10010046
 Build type: Release
 Version:    1.2.0

 Start time: Mon May 24 15:49:47 2021

 Data directory: /Users/of15641/qcore/cmake-build-release/share/entos/1.2.0/data
 Number of threads: 2
 Number of threads was determined by: number of physical cores

 --------------------------------------------------------------------------------
                                  command: bchla                                 
 --------------------------------------------------------------------------------
 XTB basis setup:                        reference basis
 Number of basis functions:            404
 GFN version:                            gfn1
 Integral screening threshold:           1.00e-10
 Total charge:                           0.000000000
 Number of electrons:                  344.000000000
 Electronic temperature (Kelvin):        0.000000000

 D3BJ energy:                           -0.101004822
 Repulsive energy:                       2.505524960

 ------------------------------------------------
  Running self-consistent charge (SCC) algorithm 
 ------------------------------------------------
 Broyden mixing factor:                  0.40
 Max number of iterations:             128
 Conv. threshold (charge):               1.00e-05
 Conv. threshold (energy):               1.00e-06
 Initial guess:                          SAD

 ---------------------------------------------------------------
                  energy        change          grad        time
 ---------------------------------------------------------------
   0      -201.672778462                    6.43e-01        0.03
   1      -202.275767483     -6.03e-01      3.75e-01        0.03
   2      -202.264224145      1.15e-02      5.79e-02        0.02
   3      -202.281818831     -1.76e-02      1.02e-02        0.03
   4      -202.291736785     -9.92e-03      2.28e-03        0.03
   5      -202.292187916     -4.51e-04      6.53e-04        0.03
   6      -202.292207639     -1.97e-05      1.48e-04        0.02
   7      -202.292208302     -6.63e-07      4.05e-05        0.02
   8      -202.292208407     -1.05e-07      1.76e-05        0.02
   9      -202.292208417     -9.35e-09      6.94e-06        0.02
  10      -202.292208417     -7.59e-10      2.30e-06        0.02

 SCF converged in 9 iterations.

 Entropy contribution (-ST):             0.000000000
 Dipole moment (in Debye):              -2.827113       3.964717      -1.522577
 Setting up Delta-SCF
 Ground-Excited state overlap:           0.000000000
 No correction applied to the TDM.
 Excitation energy:                      0.111488242
 Excitation energy (in eV):              3.033749618
 Transition dipole:                     -1.70998       2.80899       0.81990
 Saving results in set 'frame_1513'

 --------------------------------------------------------------------------------

 End time:                               Mon May 24 15:49:48 2021
 Total wall-clock time:                  0.680 seconds
==================================================================================
