
================================================================================
          _____________ ________ _______________ ________     _________         
         / ___________// ______ \\_____   _____// ______ \   / ________)        
        / /_________  / /      \ \     | |     / /      \ \ | (_______          
       |  __________|| |        | |    | |    | |        | | \________ \        
        \ \_________ | |        | |    | |     \ \______/ /___________) |       
         \__________||_|        |_|    |_|      \________//____________/        
                                                                                
====================================[ Qcore ]===================================

 Git hash:   b27a5f96910dca04bf09adb1496985de0081c8b6
 Git date:   Tue, 11 May 2021 09:58:05 -0400
 Compiler:   AppleClang 10.0.1.10010046
 Build type: Release
 Version:    1.2.0

 Start time: Mon May 24 15:47:10 2021

 Data directory: /Users/of15641/qcore/cmake-build-release/share/entos/1.2.0/data
 Number of threads: 2
 Number of threads was determined by: number of physical cores

 --------------------------------------------------------------------------------
                                  command: bchla                                 
 --------------------------------------------------------------------------------
 XTB basis setup:                        reference basis
 Number of basis functions:            404
 GFN version:                            gfn1
 Integral screening threshold:           1.00e-10
 Total charge:                           0.000000000
 Number of electrons:                  344.000000000
 Electronic temperature (Kelvin):        0.000000000

 D3BJ energy:                           -0.104014593
 Repulsive energy:                       2.617759254

 ------------------------------------------------
  Running self-consistent charge (SCC) algorithm 
 ------------------------------------------------
 Broyden mixing factor:                  0.40
 Max number of iterations:             128
 Conv. threshold (charge):               1.00e-05
 Conv. threshold (energy):               1.00e-06
 Initial guess:                          SAD

 ---------------------------------------------------------------
                  energy        change          grad        time
 ---------------------------------------------------------------
   0      -201.679832115                    6.43e-01        0.02
   1      -202.272532255     -5.93e-01      3.76e-01        0.02
   2      -202.260569499      1.20e-02      5.81e-02        0.02
   3      -202.277031504     -1.65e-02      1.13e-02        0.02
   4      -202.287755129     -1.07e-02      2.72e-03        0.02
   5      -202.288389238     -6.34e-04      6.84e-04        0.02
   6      -202.288409775     -2.05e-05      1.65e-04        0.02
   7      -202.288410534     -7.59e-07      4.18e-05        0.02
   8      -202.288410578     -4.43e-08      1.91e-05        0.02
   9      -202.288410582     -4.11e-09      7.99e-06        0.02
  10      -202.288410585     -2.73e-09      3.32e-06        0.02

 SCF converged in 9 iterations.

 Entropy contribution (-ST):             0.000000000
 Dipole moment (in Debye):               0.601765       4.403463      -1.011315
 Setting up Delta-SCF
 Ground-Excited state overlap:          -0.000000000
 No correction applied to the TDM.
 Excitation energy:                      0.106807645
 Excitation energy (in eV):              2.906384094
 Transition dipole:                      2.34127      -2.33106       1.58507
 Saving results in set 'frame_1292'

 --------------------------------------------------------------------------------

 End time:                               Mon May 24 15:47:11 2021
 Total wall-clock time:                  0.505 seconds
==================================================================================
