
================================================================================
          _____________ ________ _______________ ________     _________         
         / ___________// ______ \\_____   _____// ______ \   / ________)        
        / /_________  / /      \ \     | |     / /      \ \ | (_______          
       |  __________|| |        | |    | |    | |        | | \________ \        
        \ \_________ | |        | |    | |     \ \______/ /___________) |       
         \__________||_|        |_|    |_|      \________//____________/        
                                                                                
====================================[ Qcore ]===================================

 Git hash:   b27a5f96910dca04bf09adb1496985de0081c8b6
 Git date:   Tue, 11 May 2021 09:58:05 -0400
 Compiler:   AppleClang 10.0.1.10010046
 Build type: Release
 Version:    1.2.0

 Start time: Mon May 24 15:47:04 2021

 Data directory: /Users/of15641/qcore/cmake-build-release/share/entos/1.2.0/data
 Number of threads: 2
 Number of threads was determined by: number of physical cores

 --------------------------------------------------------------------------------
                                  command: bchla                                 
 --------------------------------------------------------------------------------
 XTB basis setup:                        reference basis
 Number of basis functions:            404
 GFN version:                            gfn1
 Integral screening threshold:           1.00e-10
 Total charge:                           0.000000000
 Number of electrons:                  344.000000000
 Electronic temperature (Kelvin):        0.000000000

 D3BJ energy:                           -0.096670586
 Repulsive energy:                       2.577507171

 ------------------------------------------------
  Running self-consistent charge (SCC) algorithm 
 ------------------------------------------------
 Broyden mixing factor:                  0.40
 Max number of iterations:             128
 Conv. threshold (charge):               1.00e-05
 Conv. threshold (energy):               1.00e-06
 Initial guess:                          SAD

 ---------------------------------------------------------------
                  energy        change          grad        time
 ---------------------------------------------------------------
   0      -201.718858999                    6.43e-01        0.02
   1      -202.287518744     -5.69e-01      3.76e-01        0.02
   2      -202.272075872      1.54e-02      5.69e-02        0.02
   3      -202.292850515     -2.08e-02      1.16e-02        0.02
   4      -202.304740800     -1.19e-02      2.32e-03        0.02
   5      -202.305228961     -4.88e-04      6.65e-04        0.02
   6      -202.305249578     -2.06e-05      1.53e-04        0.02
   7      -202.305250258     -6.80e-07      3.68e-05        0.02
   8      -202.305250293     -3.44e-08      1.53e-05        0.02
   9      -202.305250294     -1.20e-09      5.67e-06        0.02
  10      -202.305250295     -6.20e-10      2.31e-06        0.02

 SCF converged in 9 iterations.

 Entropy contribution (-ST):             0.000000000
 Dipole moment (in Debye):               0.226252       5.071803      -1.691125
 Setting up Delta-SCF
 Ground-Excited state overlap:          -0.000000000
 No correction applied to the TDM.
 Excitation energy:                      0.112126152
 Excitation energy (in eV):              3.051108019
 Transition dipole:                      0.60259       3.09094      -1.54041
 Saving results in set 'frame_1282'

 --------------------------------------------------------------------------------

 End time:                               Mon May 24 15:47:04 2021
 Total wall-clock time:                  0.484 seconds
==================================================================================
