
================================================================================
          _____________ ________ _______________ ________     _________         
         / ___________// ______ \\_____   _____// ______ \   / ________)        
        / /_________  / /      \ \     | |     / /      \ \ | (_______          
       |  __________|| |        | |    | |    | |        | | \________ \        
        \ \_________ | |        | |    | |     \ \______/ /___________) |       
         \__________||_|        |_|    |_|      \________//____________/        
                                                                                
====================================[ Qcore ]===================================

 Git hash:   b27a5f96910dca04bf09adb1496985de0081c8b6
 Git date:   Tue, 11 May 2021 09:58:05 -0400
 Compiler:   AppleClang 10.0.1.10010046
 Build type: Release
 Version:    1.2.0

 Start time: Mon May 24 15:51:56 2021

 Data directory: /Users/of15641/qcore/cmake-build-release/share/entos/1.2.0/data
 Number of threads: 2
 Number of threads was determined by: number of physical cores

 --------------------------------------------------------------------------------
                                  command: bchla                                 
 --------------------------------------------------------------------------------
 XTB basis setup:                        reference basis
 Number of basis functions:            404
 GFN version:                            gfn1
 Integral screening threshold:           1.00e-10
 Total charge:                           0.000000000
 Number of electrons:                  344.000000000
 Electronic temperature (Kelvin):        0.000000000

 D3BJ energy:                           -0.097492290
 Repulsive energy:                       2.591375362

 ------------------------------------------------
  Running self-consistent charge (SCC) algorithm 
 ------------------------------------------------
 Broyden mixing factor:                  0.40
 Max number of iterations:             128
 Conv. threshold (charge):               1.00e-05
 Conv. threshold (energy):               1.00e-06
 Initial guess:                          SAD

 ---------------------------------------------------------------
                  energy        change          grad        time
 ---------------------------------------------------------------
   0      -201.743743973                    6.44e-01        0.04
   1      -202.324360309     -5.81e-01      3.76e-01        0.04
   2      -202.315631401      8.73e-03      5.66e-02        0.03
   3      -202.332473065     -1.68e-02      9.23e-03        0.03
   4      -202.339781652     -7.31e-03      2.16e-03        0.02
   5      -202.340193454     -4.12e-04      6.54e-04        0.03
   6      -202.340212441     -1.90e-05      1.44e-04        0.03
   7      -202.340212975     -5.34e-07      3.56e-05        0.03
   8      -202.340213015     -3.93e-08      1.39e-05        0.03
   9      -202.340213018     -3.75e-09      5.58e-06        0.02
  10      -202.340213019     -8.17e-10      2.26e-06        0.03

 SCF converged in 9 iterations.

 Entropy contribution (-ST):             0.000000000
 Dipole moment (in Debye):              -0.578782       3.906390       2.026943
 Setting up Delta-SCF
 Ground-Excited state overlap:           0.000000000
 No correction applied to the TDM.
 Excitation energy:                      0.111294627
 Excitation energy (in eV):              3.028481076
 Transition dipole:                     -2.20511      -1.39887      -1.19744
 Saving results in set 'frame_1667'

 --------------------------------------------------------------------------------

 End time:                               Mon May 24 15:51:57 2021
 Total wall-clock time:                  0.705 seconds
==================================================================================
