
================================================================================
          _____________ ________ _______________ ________     _________         
         / ___________// ______ \\_____   _____// ______ \   / ________)        
        / /_________  / /      \ \     | |     / /      \ \ | (_______          
       |  __________|| |        | |    | |    | |        | | \________ \        
        \ \_________ | |        | |    | |     \ \______/ /___________) |       
         \__________||_|        |_|    |_|      \________//____________/        
                                                                                
====================================[ Qcore ]===================================

 Git hash:   b27a5f96910dca04bf09adb1496985de0081c8b6
 Git date:   Tue, 11 May 2021 09:58:05 -0400
 Compiler:   AppleClang 10.0.1.10010046
 Build type: Release
 Version:    1.2.0

 Start time: Mon May 24 15:58:07 2021

 Data directory: /Users/of15641/qcore/cmake-build-release/share/entos/1.2.0/data
 Number of threads: 2
 Number of threads was determined by: number of physical cores

 --------------------------------------------------------------------------------
                                  command: bchla                                 
 --------------------------------------------------------------------------------
 XTB basis setup:                        reference basis
 Number of basis functions:            404
 GFN version:                            gfn1
 Integral screening threshold:           1.00e-10
 Total charge:                           0.000000000
 Number of electrons:                  344.000000000
 Electronic temperature (Kelvin):        0.000000000

 D3BJ energy:                           -0.095977208
 Repulsive energy:                       2.507101570

 ------------------------------------------------
  Running self-consistent charge (SCC) algorithm 
 ------------------------------------------------
 Broyden mixing factor:                  0.40
 Max number of iterations:             128
 Conv. threshold (charge):               1.00e-05
 Conv. threshold (energy):               1.00e-06
 Initial guess:                          SAD

 ---------------------------------------------------------------
                  energy        change          grad        time
 ---------------------------------------------------------------
   0      -201.652786346                    6.43e-01        0.02
   1      -202.258862442     -6.06e-01      3.75e-01        0.02
   2      -202.247514123      1.13e-02      5.86e-02        0.02
   3      -202.264791364     -1.73e-02      1.02e-02        0.02
   4      -202.274251368     -9.46e-03      2.48e-03        0.02
   5      -202.274827467     -5.76e-04      6.91e-04        0.02
   6      -202.274850975     -2.35e-05      1.85e-04        0.02
   7      -202.274852469     -1.49e-06      6.22e-05        0.02
   8      -202.274852902     -4.32e-07      1.78e-05        0.02
   9      -202.274852911     -9.12e-09      6.62e-06        0.02
  10      -202.274852911     -3.22e-10      2.35e-06        0.02

 SCF converged in 9 iterations.

 Entropy contribution (-ST):             0.000000000
 Dipole moment (in Debye):               3.028550      -0.633890       0.190288
 Setting up Delta-SCF
 Ground-Excited state overlap:           0.000000000
 No correction applied to the TDM.
 Excitation energy:                      0.108698330
 Excitation energy (in eV):              2.957832238
 Transition dipole:                     -2.85611       0.78494       1.82808
 Saving results in set 'frame_313'

 --------------------------------------------------------------------------------

 End time:                               Mon May 24 15:58:08 2021
 Total wall-clock time:                  0.581 seconds
==================================================================================
