
================================================================================
          _____________ ________ _______________ ________     _________         
         / ___________// ______ \\_____   _____// ______ \   / ________)        
        / /_________  / /      \ \     | |     / /      \ \ | (_______          
       |  __________|| |        | |    | |    | |        | | \________ \        
        \ \_________ | |        | |    | |     \ \______/ /___________) |       
         \__________||_|        |_|    |_|      \________//____________/        
                                                                                
====================================[ Qcore ]===================================

 Git hash:   b27a5f96910dca04bf09adb1496985de0081c8b6
 Git date:   Tue, 11 May 2021 09:58:05 -0400
 Compiler:   AppleClang 10.0.1.10010046
 Build type: Release
 Version:    1.2.0

 Start time: Mon May 24 16:02:48 2021

 Data directory: /Users/of15641/qcore/cmake-build-release/share/entos/1.2.0/data
 Number of threads: 2
 Number of threads was determined by: number of physical cores

 --------------------------------------------------------------------------------
                                  command: bchla                                 
 --------------------------------------------------------------------------------
 XTB basis setup:                        reference basis
 Number of basis functions:            404
 GFN version:                            gfn1
 Integral screening threshold:           1.00e-10
 Total charge:                           0.000000000
 Number of electrons:                  344.000000000
 Electronic temperature (Kelvin):        0.000000000

 D3BJ energy:                           -0.094333532
 Repulsive energy:                       2.584700046

 ------------------------------------------------
  Running self-consistent charge (SCC) algorithm 
 ------------------------------------------------
 Broyden mixing factor:                  0.40
 Max number of iterations:             128
 Conv. threshold (charge):               1.00e-05
 Conv. threshold (energy):               1.00e-06
 Initial guess:                          SAD

 ---------------------------------------------------------------
                  energy        change          grad        time
 ---------------------------------------------------------------
   0      -201.732192469                    6.43e-01        0.03
   1      -202.306939869     -5.75e-01      3.76e-01        0.02
   2      -202.298494113      8.45e-03      5.64e-02        0.03
   3      -202.316945110     -1.85e-02      8.83e-03        0.02
   4      -202.322891742     -5.95e-03      2.33e-03        0.03
   5      -202.323371913     -4.80e-04      6.81e-04        0.02
   6      -202.323395849     -2.39e-05      1.55e-04        0.03
   7      -202.323396658     -8.09e-07      3.83e-05        0.02
   8      -202.323396723     -6.51e-08      1.46e-05        0.03
   9      -202.323396728     -4.55e-09      6.17e-06        0.02
  10      -202.323396729     -1.67e-09      2.38e-06        0.02

 SCF converged in 9 iterations.

 Entropy contribution (-ST):             0.000000000
 Dipole moment (in Debye):              -0.617037      -1.680970      -3.862501
 Setting up Delta-SCF
 Ground-Excited state overlap:           0.000000000
 No correction applied to the TDM.
 Excitation energy:                      0.109873922
 Excitation energy (in eV):              2.989821736
 Transition dipole:                     -0.11693       0.80741       3.65504
 Saving results in set 'frame_631'

 --------------------------------------------------------------------------------

 End time:                               Mon May 24 16:02:49 2021
 Total wall-clock time:                  0.675 seconds
==================================================================================
