
================================================================================
          _____________ ________ _______________ ________     _________         
         / ___________// ______ \\_____   _____// ______ \   / ________)        
        / /_________  / /      \ \     | |     / /      \ \ | (_______          
       |  __________|| |        | |    | |    | |        | | \________ \        
        \ \_________ | |        | |    | |     \ \______/ /___________) |       
         \__________||_|        |_|    |_|      \________//____________/        
                                                                                
====================================[ Qcore ]===================================

 Git hash:   b27a5f96910dca04bf09adb1496985de0081c8b6
 Git date:   Tue, 11 May 2021 09:58:05 -0400
 Compiler:   AppleClang 10.0.1.10010046
 Build type: Release
 Version:    1.2.0

 Start time: Mon May 24 15:48:26 2021

 Data directory: /Users/of15641/qcore/cmake-build-release/share/entos/1.2.0/data
 Number of threads: 2
 Number of threads was determined by: number of physical cores

 --------------------------------------------------------------------------------
                                  command: bchla                                 
 --------------------------------------------------------------------------------
 XTB basis setup:                        reference basis
 Number of basis functions:            404
 GFN version:                            gfn1
 Integral screening threshold:           1.00e-10
 Total charge:                           0.000000000
 Number of electrons:                  344.000000000
 Electronic temperature (Kelvin):        0.000000000

 D3BJ energy:                           -0.100336862
 Repulsive energy:                       2.488168088

 ------------------------------------------------
  Running self-consistent charge (SCC) algorithm 
 ------------------------------------------------
 Broyden mixing factor:                  0.40
 Max number of iterations:             128
 Conv. threshold (charge):               1.00e-05
 Conv. threshold (energy):               1.00e-06
 Initial guess:                          SAD

 ---------------------------------------------------------------
                  energy        change          grad        time
 ---------------------------------------------------------------
   0      -201.574595706                    6.42e-01        0.02
   1      -202.204000278     -6.29e-01      3.75e-01        0.02
   2      -202.178940903      2.51e-02      6.21e-02        0.02
   3      -202.204675910     -2.57e-02      1.39e-02        0.02
   4      -202.222342070     -1.77e-02      2.34e-03        0.02
   5      -202.222792719     -4.51e-04      6.70e-04        0.02
   6      -202.222811914     -1.92e-05      1.63e-04        0.02
   7      -202.222812780     -8.66e-07      5.04e-05        0.02
   8      -202.222812932     -1.52e-07      2.36e-05        0.02
   9      -202.222812947     -1.46e-08      8.77e-06        0.02
  10      -202.222812947     -6.89e-10      2.86e-06        0.02

 SCF converged in 9 iterations.

 Entropy contribution (-ST):             0.000000000
 Dipole moment (in Debye):              -2.041402       4.381824       0.512394
 Setting up Delta-SCF
 Ground-Excited state overlap:          -0.000000000
 No correction applied to the TDM.
 Excitation energy:                      0.113641429
 Excitation energy (in eV):              3.092340813
 Transition dipole:                     -2.73674       0.53882       1.41648
 Saving results in set 'frame_1406'

 --------------------------------------------------------------------------------

 End time:                               Mon May 24 15:48:27 2021
 Total wall-clock time:                  0.495 seconds
==================================================================================
