
================================================================================
          _____________ ________ _______________ ________     _________         
         / ___________// ______ \\_____   _____// ______ \   / ________)        
        / /_________  / /      \ \     | |     / /      \ \ | (_______          
       |  __________|| |        | |    | |    | |        | | \________ \        
        \ \_________ | |        | |    | |     \ \______/ /___________) |       
         \__________||_|        |_|    |_|      \________//____________/        
                                                                                
====================================[ Qcore ]===================================

 Git hash:   b27a5f96910dca04bf09adb1496985de0081c8b6
 Git date:   Tue, 11 May 2021 09:58:05 -0400
 Compiler:   AppleClang 10.0.1.10010046
 Build type: Release
 Version:    1.2.0

 Start time: Mon May 24 15:50:55 2021

 Data directory: /Users/of15641/qcore/cmake-build-release/share/entos/1.2.0/data
 Number of threads: 2
 Number of threads was determined by: number of physical cores

 --------------------------------------------------------------------------------
                                  command: bchla                                 
 --------------------------------------------------------------------------------
 XTB basis setup:                        reference basis
 Number of basis functions:            404
 GFN version:                            gfn1
 Integral screening threshold:           1.00e-10
 Total charge:                           0.000000000
 Number of electrons:                  344.000000000
 Electronic temperature (Kelvin):        0.000000000

 D3BJ energy:                           -0.094997867
 Repulsive energy:                       2.485742694

 ------------------------------------------------
  Running self-consistent charge (SCC) algorithm 
 ------------------------------------------------
 Broyden mixing factor:                  0.40
 Max number of iterations:             128
 Conv. threshold (charge):               1.00e-05
 Conv. threshold (energy):               1.00e-06
 Initial guess:                          SAD

 ---------------------------------------------------------------
                  energy        change          grad        time
 ---------------------------------------------------------------
   0      -201.673205333                    6.42e-01        0.03
   1      -202.275268402     -6.02e-01      3.75e-01        0.03
   2      -202.262294666      1.30e-02      5.86e-02        0.04
   3      -202.281785868     -1.95e-02      1.07e-02        0.04
   4      -202.291798823     -1.00e-02      2.41e-03        0.04
   5      -202.292319504     -5.21e-04      6.85e-04        0.02
   6      -202.292341809     -2.23e-05      1.64e-04        0.04
   7      -202.292342723     -9.15e-07      5.40e-05        0.04
   8      -202.292343016     -2.93e-07      1.84e-05        0.02
   9      -202.292343027     -1.05e-08      6.50e-06        0.04
  10      -202.292343027     -3.59e-10      2.44e-06        0.03

 SCF converged in 9 iterations.

 Entropy contribution (-ST):             0.000000000
 Dipole moment (in Debye):              -4.115646       1.110729       1.021698
 Setting up Delta-SCF
 Ground-Excited state overlap:          -0.000000000
 No correction applied to the TDM.
 Excitation energy:                      0.109594401
 Excitation energy (in eV):              2.982215575
 Transition dipole:                     -0.75431       2.37634       2.29031
 Saving results in set 'frame_1597'

 --------------------------------------------------------------------------------

 End time:                               Mon May 24 15:50:56 2021
 Total wall-clock time:                  0.854 seconds
==================================================================================
