
================================================================================
          _____________ ________ _______________ ________     _________         
         / ___________// ______ \\_____   _____// ______ \   / ________)        
        / /_________  / /      \ \     | |     / /      \ \ | (_______          
       |  __________|| |        | |    | |    | |        | | \________ \        
        \ \_________ | |        | |    | |     \ \______/ /___________) |       
         \__________||_|        |_|    |_|      \________//____________/        
                                                                                
====================================[ Qcore ]===================================

 Git hash:   b27a5f96910dca04bf09adb1496985de0081c8b6
 Git date:   Tue, 11 May 2021 09:58:05 -0400
 Compiler:   AppleClang 10.0.1.10010046
 Build type: Release
 Version:    1.2.0

 Start time: Mon May 24 15:45:39 2021

 Data directory: /Users/of15641/qcore/cmake-build-release/share/entos/1.2.0/data
 Number of threads: 2
 Number of threads was determined by: number of physical cores

 --------------------------------------------------------------------------------
                                  command: bchla                                 
 --------------------------------------------------------------------------------
 XTB basis setup:                        reference basis
 Number of basis functions:            404
 GFN version:                            gfn1
 Integral screening threshold:           1.00e-10
 Total charge:                           0.000000000
 Number of electrons:                  344.000000000
 Electronic temperature (Kelvin):        0.000000000

 D3BJ energy:                           -0.095713790
 Repulsive energy:                       2.448819093

 ------------------------------------------------
  Running self-consistent charge (SCC) algorithm 
 ------------------------------------------------
 Broyden mixing factor:                  0.40
 Max number of iterations:             128
 Conv. threshold (charge):               1.00e-05
 Conv. threshold (energy):               1.00e-06
 Initial guess:                          SAD

 ---------------------------------------------------------------
                  energy        change          grad        time
 ---------------------------------------------------------------
   0      -201.610841430                    6.41e-01        0.03
   1      -202.212439716     -6.02e-01      3.74e-01        0.03
   2      -202.186399819      2.60e-02      6.02e-02        0.02
   3      -202.208428050     -2.20e-02      1.49e-02        0.02
   4      -202.230281998     -2.19e-02      2.49e-03        0.02
   5      -202.230771358     -4.89e-04      6.67e-04        0.02
   6      -202.230787813     -1.65e-05      1.67e-04        0.02
   7      -202.230788894     -1.08e-06      5.58e-05        0.02
   8      -202.230789044     -1.50e-07      2.76e-05        0.02
   9      -202.230789066     -2.15e-08      9.81e-06        0.02
  10      -202.230789067     -1.13e-09      3.18e-06        0.02

 SCF converged in 9 iterations.

 Entropy contribution (-ST):             0.000000000
 Dipole moment (in Debye):              -2.457493       0.205182      -4.621331
 Setting up Delta-SCF
 Ground-Excited state overlap:           0.000000000
 No correction applied to the TDM.
 Excitation energy:                      0.108395475
 Excitation energy (in eV):              2.949591137
 Transition dipole:                     -0.52902       0.57602      -3.66117
 Saving results in set 'frame_1156'

 --------------------------------------------------------------------------------

 End time:                               Mon May 24 15:45:39 2021
 Total wall-clock time:                  0.528 seconds
==================================================================================
