
================================================================================
          _____________ ________ _______________ ________     _________         
         / ___________// ______ \\_____   _____// ______ \   / ________)        
        / /_________  / /      \ \     | |     / /      \ \ | (_______          
       |  __________|| |        | |    | |    | |        | | \________ \        
        \ \_________ | |        | |    | |     \ \______/ /___________) |       
         \__________||_|        |_|    |_|      \________//____________/        
                                                                                
====================================[ Qcore ]===================================

 Git hash:   b27a5f96910dca04bf09adb1496985de0081c8b6
 Git date:   Tue, 11 May 2021 09:58:05 -0400
 Compiler:   AppleClang 10.0.1.10010046
 Build type: Release
 Version:    1.2.0

 Start time: Mon May 24 16:05:53 2021

 Data directory: /Users/of15641/qcore/cmake-build-release/share/entos/1.2.0/data
 Number of threads: 2
 Number of threads was determined by: number of physical cores

 --------------------------------------------------------------------------------
                                  command: bchla                                 
 --------------------------------------------------------------------------------
 XTB basis setup:                        reference basis
 Number of basis functions:            404
 GFN version:                            gfn1
 Integral screening threshold:           1.00e-10
 Total charge:                           0.000000000
 Number of electrons:                  344.000000000
 Electronic temperature (Kelvin):        0.000000000

 D3BJ energy:                           -0.094463189
 Repulsive energy:                       2.449341568

 ------------------------------------------------
  Running self-consistent charge (SCC) algorithm 
 ------------------------------------------------
 Broyden mixing factor:                  0.40
 Max number of iterations:             128
 Conv. threshold (charge):               1.00e-05
 Conv. threshold (energy):               1.00e-06
 Initial guess:                          SAD

 ---------------------------------------------------------------
                  energy        change          grad        time
 ---------------------------------------------------------------
   0      -201.585145204                    6.42e-01        0.02
   1      -202.202474399     -6.17e-01      3.74e-01        0.02
   2      -202.185940406      1.65e-02      5.99e-02        0.02
   3      -202.206088204     -2.01e-02      1.15e-02        0.02
   4      -202.218978246     -1.29e-02      2.52e-03        0.02
   5      -202.219573696     -5.95e-04      7.55e-04        0.02
   6      -202.219603698     -3.00e-05      1.89e-04        0.02
   7      -202.219605160     -1.46e-06      6.97e-05        0.02
   8      -202.219605615     -4.55e-07      2.33e-05        0.02
   9      -202.219605629     -1.40e-08      9.32e-06        0.02
  10      -202.219605630     -7.67e-10      2.98e-06        0.02

 SCF converged in 9 iterations.

 Entropy contribution (-ST):             0.000000000
 Dipole moment (in Debye):               0.148159       1.309795      -2.430449
 Setting up Delta-SCF
 Ground-Excited state overlap:          -0.000000000
 No correction applied to the TDM.
 Excitation energy:                      0.108040553
 Excitation energy (in eV):              2.939933212
 Transition dipole:                     -0.82525       0.43266       3.23242
 Saving results in set 'frame_828'

 --------------------------------------------------------------------------------

 End time:                               Mon May 24 16:05:53 2021
 Total wall-clock time:                  0.577 seconds
==================================================================================
