
================================================================================
          _____________ ________ _______________ ________     _________         
         / ___________// ______ \\_____   _____// ______ \   / ________)        
        / /_________  / /      \ \     | |     / /      \ \ | (_______          
       |  __________|| |        | |    | |    | |        | | \________ \        
        \ \_________ | |        | |    | |     \ \______/ /___________) |       
         \__________||_|        |_|    |_|      \________//____________/        
                                                                                
====================================[ Qcore ]===================================

 Git hash:   b27a5f96910dca04bf09adb1496985de0081c8b6
 Git date:   Tue, 11 May 2021 09:58:05 -0400
 Compiler:   AppleClang 10.0.1.10010046
 Build type: Release
 Version:    1.2.0

 Start time: Mon May 24 16:06:56 2021

 Data directory: /Users/of15641/qcore/cmake-build-release/share/entos/1.2.0/data
 Number of threads: 2
 Number of threads was determined by: number of physical cores

 --------------------------------------------------------------------------------
                                  command: bchla                                 
 --------------------------------------------------------------------------------
 XTB basis setup:                        reference basis
 Number of basis functions:            404
 GFN version:                            gfn1
 Integral screening threshold:           1.00e-10
 Total charge:                           0.000000000
 Number of electrons:                  344.000000000
 Electronic temperature (Kelvin):        0.000000000

 D3BJ energy:                           -0.096928275
 Repulsive energy:                       2.588151405

 ------------------------------------------------
  Running self-consistent charge (SCC) algorithm 
 ------------------------------------------------
 Broyden mixing factor:                  0.40
 Max number of iterations:             128
 Conv. threshold (charge):               1.00e-05
 Conv. threshold (energy):               1.00e-06
 Initial guess:                          SAD

 ---------------------------------------------------------------
                  energy        change          grad        time
 ---------------------------------------------------------------
   0      -201.654348045                    6.44e-01        0.03
   1      -202.265226563     -6.11e-01      3.75e-01        0.02
   2      -202.236917212      2.83e-02      6.08e-02        0.02
   3      -202.264474788     -2.76e-02      1.43e-02        0.02
   4      -202.284631635     -2.02e-02      2.12e-03        0.02
   5      -202.285003433     -3.72e-04      6.09e-04        0.02
   6      -202.285017694     -1.43e-05      1.45e-04        0.02
   7      -202.285018418     -7.24e-07      4.65e-05        0.02
   8      -202.285018587     -1.69e-07      1.97e-05        0.02
   9      -202.285018597     -1.08e-08      6.92e-06        0.02
  10      -202.285018598     -4.88e-10      2.36e-06        0.02

 SCF converged in 9 iterations.

 Entropy contribution (-ST):             0.000000000
 Dipole moment (in Debye):               0.294114      -1.085782      -5.049983
 Setting up Delta-SCF
 Ground-Excited state overlap:           0.000000000
 No correction applied to the TDM.
 Excitation energy:                      0.115307369
 Excitation energy (in eV):              3.137673358
 Transition dipole:                     -1.86910       0.20617       3.00460
 Saving results in set 'frame_905'

 --------------------------------------------------------------------------------

 End time:                               Mon May 24 16:06:57 2021
 Total wall-clock time:                  0.588 seconds
==================================================================================
