
================================================================================
          _____________ ________ _______________ ________     _________         
         / ___________// ______ \\_____   _____// ______ \   / ________)        
        / /_________  / /      \ \     | |     / /      \ \ | (_______          
       |  __________|| |        | |    | |    | |        | | \________ \        
        \ \_________ | |        | |    | |     \ \______/ /___________) |       
         \__________||_|        |_|    |_|      \________//____________/        
                                                                                
====================================[ Qcore ]===================================

 Git hash:   b27a5f96910dca04bf09adb1496985de0081c8b6
 Git date:   Tue, 11 May 2021 09:58:05 -0400
 Compiler:   AppleClang 10.0.1.10010046
 Build type: Release
 Version:    1.2.0

 Start time: Mon May 24 15:55:10 2021

 Data directory: /Users/of15641/qcore/cmake-build-release/share/entos/1.2.0/data
 Number of threads: 2
 Number of threads was determined by: number of physical cores

 --------------------------------------------------------------------------------
                                  command: bchla                                 
 --------------------------------------------------------------------------------
 XTB basis setup:                        reference basis
 Number of basis functions:            404
 GFN version:                            gfn1
 Integral screening threshold:           1.00e-10
 Total charge:                           0.000000000
 Number of electrons:                  344.000000000
 Electronic temperature (Kelvin):        0.000000000

 D3BJ energy:                           -0.094477855
 Repulsive energy:                       2.565083438

 ------------------------------------------------
  Running self-consistent charge (SCC) algorithm 
 ------------------------------------------------
 Broyden mixing factor:                  0.40
 Max number of iterations:             128
 Conv. threshold (charge):               1.00e-05
 Conv. threshold (energy):               1.00e-06
 Initial guess:                          SAD

 ---------------------------------------------------------------
                  energy        change          grad        time
 ---------------------------------------------------------------
   0      -201.614450466                    6.44e-01        0.02
   1      -202.239846522     -6.25e-01      3.75e-01        0.02
   2      -202.227460775      1.24e-02      6.04e-02        0.02
   3      -202.247645774     -2.02e-02      1.05e-02        0.02
   4      -202.256584050     -8.94e-03      2.29e-03        0.02
   5      -202.257036550     -4.53e-04      7.21e-04        0.02
   6      -202.257065630     -2.91e-05      1.97e-04        0.02
   7      -202.257067209     -1.58e-06      6.95e-05        0.02
   8      -202.257067674     -4.65e-07      2.32e-05        0.02
   9      -202.257067688     -1.40e-08      8.39e-06        0.02
  10      -202.257067689     -8.39e-10      2.86e-06        0.02

 SCF converged in 9 iterations.

 Entropy contribution (-ST):             0.000000000
 Dipole moment (in Debye):              -0.414474       3.101436       3.265069
 Setting up Delta-SCF
 Ground-Excited state overlap:          -0.000000000
 No correction applied to the TDM.
 Excitation energy:                      0.109488505
 Excitation energy (in eV):              2.979334005
 Transition dipole:                      2.81893       1.81145      -0.35585
 Saving results in set 'frame_1904'

 --------------------------------------------------------------------------------

 End time:                               Mon May 24 15:55:10 2021
 Total wall-clock time:                  0.497 seconds
==================================================================================
