
================================================================================
          _____________ ________ _______________ ________     _________         
         / ___________// ______ \\_____   _____// ______ \   / ________)        
        / /_________  / /      \ \     | |     / /      \ \ | (_______          
       |  __________|| |        | |    | |    | |        | | \________ \        
        \ \_________ | |        | |    | |     \ \______/ /___________) |       
         \__________||_|        |_|    |_|      \________//____________/        
                                                                                
====================================[ Qcore ]===================================

 Git hash:   b27a5f96910dca04bf09adb1496985de0081c8b6
 Git date:   Tue, 11 May 2021 09:58:05 -0400
 Compiler:   AppleClang 10.0.1.10010046
 Build type: Release
 Version:    1.2.0

 Start time: Mon May 24 15:54:33 2021

 Data directory: /Users/of15641/qcore/cmake-build-release/share/entos/1.2.0/data
 Number of threads: 2
 Number of threads was determined by: number of physical cores

 --------------------------------------------------------------------------------
                                  command: bchla                                 
 --------------------------------------------------------------------------------
 XTB basis setup:                        reference basis
 Number of basis functions:            404
 GFN version:                            gfn1
 Integral screening threshold:           1.00e-10
 Total charge:                           0.000000000
 Number of electrons:                  344.000000000
 Electronic temperature (Kelvin):        0.000000000

 D3BJ energy:                           -0.094035525
 Repulsive energy:                       2.534171076

 ------------------------------------------------
  Running self-consistent charge (SCC) algorithm 
 ------------------------------------------------
 Broyden mixing factor:                  0.40
 Max number of iterations:             128
 Conv. threshold (charge):               1.00e-05
 Conv. threshold (energy):               1.00e-06
 Initial guess:                          SAD

 ---------------------------------------------------------------
                  energy        change          grad        time
 ---------------------------------------------------------------
   0      -201.668748271                    6.43e-01        0.02
   1      -202.263612037     -5.95e-01      3.76e-01        0.02
   2      -202.236245068      2.74e-02      5.89e-02        0.02
   3      -202.256513923     -2.03e-02      1.52e-02        0.02
   4      -202.280810164     -2.43e-02      2.13e-03        0.02
   5      -202.281219455     -4.09e-04      6.38e-04        0.02
   6      -202.281236939     -1.75e-05      1.37e-04        0.02
   7      -202.281237464     -5.26e-07      4.06e-05        0.02
   8      -202.281237479     -1.43e-08      1.79e-05        0.02
   9      -202.281237481     -1.82e-09      6.71e-06        0.02
  10      -202.281237481     -8.62e-10      2.51e-06        0.02

 SCF converged in 9 iterations.

 Entropy contribution (-ST):             0.000000000
 Dipole moment (in Debye):              -0.410643       2.079760       1.717156
 Setting up Delta-SCF
 Ground-Excited state overlap:          -0.000000000
 No correction applied to the TDM.
 Excitation energy:                      0.113411062
 Excitation energy (in eV):              3.086072218
 Transition dipole:                      1.46716       0.29077       3.35406
 Saving results in set 'frame_1856'

 --------------------------------------------------------------------------------

 End time:                               Mon May 24 15:54:34 2021
 Total wall-clock time:                  0.510 seconds
==================================================================================
