
================================================================================
          _____________ ________ _______________ ________     _________         
         / ___________// ______ \\_____   _____// ______ \   / ________)        
        / /_________  / /      \ \     | |     / /      \ \ | (_______          
       |  __________|| |        | |    | |    | |        | | \________ \        
        \ \_________ | |        | |    | |     \ \______/ /___________) |       
         \__________||_|        |_|    |_|      \________//____________/        
                                                                                
====================================[ Qcore ]===================================

 Git hash:   b27a5f96910dca04bf09adb1496985de0081c8b6
 Git date:   Tue, 11 May 2021 09:58:05 -0400
 Compiler:   AppleClang 10.0.1.10010046
 Build type: Release
 Version:    1.2.0

 Start time: Mon May 24 16:07:03 2021

 Data directory: /Users/of15641/qcore/cmake-build-release/share/entos/1.2.0/data
 Number of threads: 2
 Number of threads was determined by: number of physical cores

 --------------------------------------------------------------------------------
                                  command: bchla                                 
 --------------------------------------------------------------------------------
 XTB basis setup:                        reference basis
 Number of basis functions:            404
 GFN version:                            gfn1
 Integral screening threshold:           1.00e-10
 Total charge:                           0.000000000
 Number of electrons:                  344.000000000
 Electronic temperature (Kelvin):        0.000000000

 D3BJ energy:                           -0.096345846
 Repulsive energy:                       2.491721815

 ------------------------------------------------
  Running self-consistent charge (SCC) algorithm 
 ------------------------------------------------
 Broyden mixing factor:                  0.40
 Max number of iterations:             128
 Conv. threshold (charge):               1.00e-05
 Conv. threshold (energy):               1.00e-06
 Initial guess:                          SAD

 ---------------------------------------------------------------
                  energy        change          grad        time
 ---------------------------------------------------------------
   0      -201.599984908                    6.42e-01        0.02
   1      -202.210607484     -6.11e-01      3.74e-01        0.02
   2      -202.202107613      8.50e-03      5.99e-02        0.02
   3      -202.219183004     -1.71e-02      9.01e-03        0.02
   4      -202.225588067     -6.41e-03      2.38e-03        0.02
   5      -202.226083089     -4.95e-04      7.14e-04        0.02
   6      -202.226108871     -2.58e-05      1.59e-04        0.02
   7      -202.226109845     -9.75e-07      4.45e-05        0.02
   8      -202.226109988     -1.43e-07      1.74e-05        0.02
   9      -202.226109998     -1.00e-08      6.58e-06        0.02
  10      -202.226109999     -7.25e-10      2.33e-06        0.02

 SCF converged in 9 iterations.

 Entropy contribution (-ST):             0.000000000
 Dipole moment (in Debye):               2.624602      -0.669727      -4.835270
 Setting up Delta-SCF
 Ground-Excited state overlap:           0.000000000
 No correction applied to the TDM.
 Excitation energy:                      0.112466135
 Excitation energy (in eV):              3.060359442
 Transition dipole:                      0.07170       1.27542       2.95508
 Saving results in set 'frame_913'

 --------------------------------------------------------------------------------

 End time:                               Mon May 24 16:07:03 2021
 Total wall-clock time:                  0.565 seconds
==================================================================================
