
================================================================================
          _____________ ________ _______________ ________     _________         
         / ___________// ______ \\_____   _____// ______ \   / ________)        
        / /_________  / /      \ \     | |     / /      \ \ | (_______          
       |  __________|| |        | |    | |    | |        | | \________ \        
        \ \_________ | |        | |    | |     \ \______/ /___________) |       
         \__________||_|        |_|    |_|      \________//____________/        
                                                                                
====================================[ Qcore ]===================================

 Git hash:   b27a5f96910dca04bf09adb1496985de0081c8b6
 Git date:   Tue, 11 May 2021 09:58:05 -0400
 Compiler:   AppleClang 10.0.1.10010046
 Build type: Release
 Version:    1.2.0

 Start time: Mon May 24 16:06:16 2021

 Data directory: /Users/of15641/qcore/cmake-build-release/share/entos/1.2.0/data
 Number of threads: 2
 Number of threads was determined by: number of physical cores

 --------------------------------------------------------------------------------
                                  command: bchla                                 
 --------------------------------------------------------------------------------
 XTB basis setup:                        reference basis
 Number of basis functions:            404
 GFN version:                            gfn1
 Integral screening threshold:           1.00e-10
 Total charge:                           0.000000000
 Number of electrons:                  344.000000000
 Electronic temperature (Kelvin):        0.000000000

 D3BJ energy:                           -0.095394003
 Repulsive energy:                       2.507932866

 ------------------------------------------------
  Running self-consistent charge (SCC) algorithm 
 ------------------------------------------------
 Broyden mixing factor:                  0.40
 Max number of iterations:             128
 Conv. threshold (charge):               1.00e-05
 Conv. threshold (energy):               1.00e-06
 Initial guess:                          SAD

 ---------------------------------------------------------------
                  energy        change          grad        time
 ---------------------------------------------------------------
   0      -201.546074370                    6.43e-01        0.03
   1      -202.167973559     -6.22e-01      3.75e-01        0.02
   2      -202.151842800      1.61e-02      6.06e-02        0.03
   3      -202.171362479     -1.95e-02      1.17e-02        0.03
   4      -202.183782736     -1.24e-02      2.44e-03        0.02
   5      -202.184326313     -5.44e-04      7.21e-04        0.03
   6      -202.184355554     -2.92e-05      1.81e-04        0.03
   7      -202.184357163     -1.61e-06      7.70e-05        0.02
   8      -202.184357740     -5.77e-07      2.47e-05        0.02
   9      -202.184357749     -9.08e-09      1.01e-05        0.03
  10      -202.184357750     -1.04e-09      3.14e-06        0.02
  11      -202.184357750     -7.85e-11      1.00e-06        0.02

 SCF converged in 10 iterations.

 Entropy contribution (-ST):             0.000000000
 Dipole moment (in Debye):               5.277803      -0.121812      -2.632204
 Setting up Delta-SCF
 Ground-Excited state overlap:          -0.000000000
 No correction applied to the TDM.
 Excitation energy:                      0.101507506
 Excitation energy (in eV):              2.762159947
 Transition dipole:                     -3.59628       0.67180       1.47690
 Saving results in set 'frame_852'

 --------------------------------------------------------------------------------

 End time:                               Mon May 24 16:06:17 2021
 Total wall-clock time:                  0.655 seconds
==================================================================================
