
================================================================================
          _____________ ________ _______________ ________     _________         
         / ___________// ______ \\_____   _____// ______ \   / ________)        
        / /_________  / /      \ \     | |     / /      \ \ | (_______          
       |  __________|| |        | |    | |    | |        | | \________ \        
        \ \_________ | |        | |    | |     \ \______/ /___________) |       
         \__________||_|        |_|    |_|      \________//____________/        
                                                                                
====================================[ Qcore ]===================================

 Git hash:   b27a5f96910dca04bf09adb1496985de0081c8b6
 Git date:   Tue, 11 May 2021 09:58:05 -0400
 Compiler:   AppleClang 10.0.1.10010046
 Build type: Release
 Version:    1.2.0

 Start time: Mon May 24 16:03:21 2021

 Data directory: /Users/of15641/qcore/cmake-build-release/share/entos/1.2.0/data
 Number of threads: 2
 Number of threads was determined by: number of physical cores

 --------------------------------------------------------------------------------
                                  command: bchla                                 
 --------------------------------------------------------------------------------
 XTB basis setup:                        reference basis
 Number of basis functions:            404
 GFN version:                            gfn1
 Integral screening threshold:           1.00e-10
 Total charge:                           0.000000000
 Number of electrons:                  344.000000000
 Electronic temperature (Kelvin):        0.000000000

 D3BJ energy:                           -0.095296747
 Repulsive energy:                       2.615240883

 ------------------------------------------------
  Running self-consistent charge (SCC) algorithm 
 ------------------------------------------------
 Broyden mixing factor:                  0.40
 Max number of iterations:             128
 Conv. threshold (charge):               1.00e-05
 Conv. threshold (energy):               1.00e-06
 Initial guess:                          SAD

 ---------------------------------------------------------------
                  energy        change          grad        time
 ---------------------------------------------------------------
   0      -201.727064108                    6.44e-01        0.04
   1      -202.299830860     -5.73e-01      3.76e-01        0.03
   2      -202.282723404      1.71e-02      5.62e-02        0.03
   3      -202.302527729     -1.98e-02      1.15e-02        0.02
   4      -202.316598352     -1.41e-02      1.84e-03        0.02
   5      -202.316840671     -2.42e-04      5.75e-04        0.02
   6      -202.316852308     -1.16e-05      1.29e-04        0.02
   7      -202.316852725     -4.16e-07      3.68e-05        0.02
   8      -202.316852763     -3.87e-08      1.73e-05        0.02
   9      -202.316852769     -5.78e-09      6.54e-06        0.02
  10      -202.316852770     -9.30e-10      2.31e-06        0.03

 SCF converged in 9 iterations.

 Entropy contribution (-ST):             0.000000000
 Dipole moment (in Debye):               0.889089      -1.001631      -5.080810
 Setting up Delta-SCF
 Ground-Excited state overlap:           0.000000000
 No correction applied to the TDM.
 Excitation energy:                      0.116363266
 Excitation energy (in eV):              3.166405769
 Transition dipole:                      1.86493      -0.42460      -2.70135
 Saving results in set 'frame_671'

 --------------------------------------------------------------------------------

 End time:                               Mon May 24 16:03:21 2021
 Total wall-clock time:                  0.719 seconds
==================================================================================
