
================================================================================
          _____________ ________ _______________ ________     _________         
         / ___________// ______ \\_____   _____// ______ \   / ________)        
        / /_________  / /      \ \     | |     / /      \ \ | (_______          
       |  __________|| |        | |    | |    | |        | | \________ \        
        \ \_________ | |        | |    | |     \ \______/ /___________) |       
         \__________||_|        |_|    |_|      \________//____________/        
                                                                                
====================================[ Qcore ]===================================

 Git hash:   b27a5f96910dca04bf09adb1496985de0081c8b6
 Git date:   Tue, 11 May 2021 09:58:05 -0400
 Compiler:   AppleClang 10.0.1.10010046
 Build type: Release
 Version:    1.2.0

 Start time: Mon May 24 15:54:09 2021

 Data directory: /Users/of15641/qcore/cmake-build-release/share/entos/1.2.0/data
 Number of threads: 2
 Number of threads was determined by: number of physical cores

 --------------------------------------------------------------------------------
                                  command: bchla                                 
 --------------------------------------------------------------------------------
 XTB basis setup:                        reference basis
 Number of basis functions:            404
 GFN version:                            gfn1
 Integral screening threshold:           1.00e-10
 Total charge:                           0.000000000
 Number of electrons:                  344.000000000
 Electronic temperature (Kelvin):        0.000000000

 D3BJ energy:                           -0.094912269
 Repulsive energy:                       2.489152352

 ------------------------------------------------
  Running self-consistent charge (SCC) algorithm 
 ------------------------------------------------
 Broyden mixing factor:                  0.40
 Max number of iterations:             128
 Conv. threshold (charge):               1.00e-05
 Conv. threshold (energy):               1.00e-06
 Initial guess:                          SAD

 ---------------------------------------------------------------
                  energy        change          grad        time
 ---------------------------------------------------------------
   0      -201.550006540                    6.43e-01        0.06
   1      -202.179027221     -6.29e-01      3.75e-01        0.14
   2      -202.165018170      1.40e-02      6.11e-02        0.13
   3      -202.186383984     -2.14e-02      1.06e-02        0.15
   4      -202.195815130     -9.43e-03      2.37e-03        0.08
   5      -202.196298597     -4.83e-04      7.10e-04        0.10
   6      -202.196324788     -2.62e-05      1.80e-04        0.08
   7      -202.196326391     -1.60e-06      6.70e-05        0.09
   8      -202.196326741     -3.50e-07      2.49e-05        0.08
   9      -202.196326751     -1.02e-08      9.67e-06        0.08
  10      -202.196326752     -1.00e-09      3.19e-06        0.04

 SCF converged in 9 iterations.

 Entropy contribution (-ST):             0.000000000
 Dipole moment (in Debye):              -0.137820       3.043477       3.545819
 Setting up Delta-SCF
 Ground-Excited state overlap:          -0.000000000
 No correction applied to the TDM.
 Excitation energy:                      0.107085024
 Excitation energy (in eV):              2.913931951
 Transition dipole:                      2.89727       1.78601       0.26466
 Saving results in set 'frame_1822'

 --------------------------------------------------------------------------------

 End time:                               Mon May 24 15:54:11 2021
 Total wall-clock time:                  1.710 seconds
==================================================================================
