
================================================================================
          _____________ ________ _______________ ________     _________         
         / ___________// ______ \\_____   _____// ______ \   / ________)        
        / /_________  / /      \ \     | |     / /      \ \ | (_______          
       |  __________|| |        | |    | |    | |        | | \________ \        
        \ \_________ | |        | |    | |     \ \______/ /___________) |       
         \__________||_|        |_|    |_|      \________//____________/        
                                                                                
====================================[ Qcore ]===================================

 Git hash:   b27a5f96910dca04bf09adb1496985de0081c8b6
 Git date:   Tue, 11 May 2021 09:58:05 -0400
 Compiler:   AppleClang 10.0.1.10010046
 Build type: Release
 Version:    1.2.0

 Start time: Mon May 24 15:47:22 2021

 Data directory: /Users/of15641/qcore/cmake-build-release/share/entos/1.2.0/data
 Number of threads: 2
 Number of threads was determined by: number of physical cores

 --------------------------------------------------------------------------------
                                  command: bchla                                 
 --------------------------------------------------------------------------------
 XTB basis setup:                        reference basis
 Number of basis functions:            404
 GFN version:                            gfn1
 Integral screening threshold:           1.00e-10
 Total charge:                           0.000000000
 Number of electrons:                  344.000000000
 Electronic temperature (Kelvin):        0.000000000

 D3BJ energy:                           -0.101233541
 Repulsive energy:                       2.589462654

 ------------------------------------------------
  Running self-consistent charge (SCC) algorithm 
 ------------------------------------------------
 Broyden mixing factor:                  0.40
 Max number of iterations:             128
 Conv. threshold (charge):               1.00e-05
 Conv. threshold (energy):               1.00e-06
 Initial guess:                          SAD

 ---------------------------------------------------------------
                  energy        change          grad        time
 ---------------------------------------------------------------
   0      -201.661605685                    6.45e-01        0.02
   1      -202.297456817     -6.36e-01      3.76e-01        0.02
   2      -202.279855193      1.76e-02      6.14e-02        0.02
   3      -202.302534315     -2.27e-02      1.16e-02        0.02
   4      -202.314621173     -1.21e-02      2.42e-03        0.02
   5      -202.315123824     -5.03e-04      7.18e-04        0.02
   6      -202.315149056     -2.52e-05      1.83e-04        0.02
   7      -202.315150169     -1.11e-06      5.89e-05        0.02
   8      -202.315150499     -3.30e-07      2.19e-05        0.02
   9      -202.315150511     -1.22e-08      8.79e-06        0.02
  10      -202.315150511     -3.17e-10      2.59e-06        0.02

 SCF converged in 9 iterations.

 Entropy contribution (-ST):             0.000000000
 Dipole moment (in Debye):               0.368582       3.601735      -3.508058
 Setting up Delta-SCF
 Ground-Excited state overlap:           0.000000000
 No correction applied to the TDM.
 Excitation energy:                      0.109699134
 Excitation energy (in eV):              2.985065499
 Transition dipole:                     -2.36082       1.01683      -2.22320
 Saving results in set 'frame_1310'

 --------------------------------------------------------------------------------

 End time:                               Mon May 24 15:47:23 2021
 Total wall-clock time:                  0.510 seconds
==================================================================================
