
================================================================================
          _____________ ________ _______________ ________     _________         
         / ___________// ______ \\_____   _____// ______ \   / ________)        
        / /_________  / /      \ \     | |     / /      \ \ | (_______          
       |  __________|| |        | |    | |    | |        | | \________ \        
        \ \_________ | |        | |    | |     \ \______/ /___________) |       
         \__________||_|        |_|    |_|      \________//____________/        
                                                                                
====================================[ Qcore ]===================================

 Git hash:   b27a5f96910dca04bf09adb1496985de0081c8b6
 Git date:   Tue, 11 May 2021 09:58:05 -0400
 Compiler:   AppleClang 10.0.1.10010046
 Build type: Release
 Version:    1.2.0

 Start time: Mon May 24 15:47:39 2021

 Data directory: /Users/of15641/qcore/cmake-build-release/share/entos/1.2.0/data
 Number of threads: 2
 Number of threads was determined by: number of physical cores

 --------------------------------------------------------------------------------
                                  command: bchla                                 
 --------------------------------------------------------------------------------
 XTB basis setup:                        reference basis
 Number of basis functions:            404
 GFN version:                            gfn1
 Integral screening threshold:           1.00e-10
 Total charge:                           0.000000000
 Number of electrons:                  344.000000000
 Electronic temperature (Kelvin):        0.000000000

 D3BJ energy:                           -0.100587867
 Repulsive energy:                       2.544178351

 ------------------------------------------------
  Running self-consistent charge (SCC) algorithm 
 ------------------------------------------------
 Broyden mixing factor:                  0.40
 Max number of iterations:             128
 Conv. threshold (charge):               1.00e-05
 Conv. threshold (energy):               1.00e-06
 Initial guess:                          SAD

 ---------------------------------------------------------------
                  energy        change          grad        time
 ---------------------------------------------------------------
   0      -201.632461566                    6.44e-01        0.02
   1      -202.241586166     -6.09e-01      3.75e-01        0.02
   2      -202.227890237      1.37e-02      5.91e-02        0.02
   3      -202.245810018     -1.79e-02      1.12e-02        0.02
   4      -202.257342649     -1.15e-02      2.27e-03        0.02
   5      -202.257766123     -4.23e-04      6.56e-04        0.02
   6      -202.257785000     -1.89e-05      1.56e-04        0.02
   7      -202.257785734     -7.34e-07      4.35e-05        0.03
   8      -202.257785841     -1.07e-07      1.98e-05        0.03
   9      -202.257785854     -1.28e-08      7.60e-06        0.03
  10      -202.257785855     -9.87e-10      2.78e-06        0.03

 SCF converged in 9 iterations.

 Entropy contribution (-ST):             0.000000000
 Dipole moment (in Debye):              -1.214860       3.303015      -4.317699
 Setting up Delta-SCF
 Ground-Excited state overlap:           0.000000000
 No correction applied to the TDM.
 Excitation energy:                      0.108096452
 Excitation energy (in eV):              2.941454318
 Transition dipole:                     -2.72044       0.73509      -1.96485
 Saving results in set 'frame_1336'

 --------------------------------------------------------------------------------

 End time:                               Mon May 24 15:47:39 2021
 Total wall-clock time:                  0.733 seconds
==================================================================================
