
================================================================================
          _____________ ________ _______________ ________     _________         
         / ___________// ______ \\_____   _____// ______ \   / ________)        
        / /_________  / /      \ \     | |     / /      \ \ | (_______          
       |  __________|| |        | |    | |    | |        | | \________ \        
        \ \_________ | |        | |    | |     \ \______/ /___________) |       
         \__________||_|        |_|    |_|      \________//____________/        
                                                                                
====================================[ Qcore ]===================================

 Git hash:   b27a5f96910dca04bf09adb1496985de0081c8b6
 Git date:   Tue, 11 May 2021 09:58:05 -0400
 Compiler:   AppleClang 10.0.1.10010046
 Build type: Release
 Version:    1.2.0

 Start time: Mon May 24 15:54:45 2021

 Data directory: /Users/of15641/qcore/cmake-build-release/share/entos/1.2.0/data
 Number of threads: 2
 Number of threads was determined by: number of physical cores

 --------------------------------------------------------------------------------
                                  command: bchla                                 
 --------------------------------------------------------------------------------
 XTB basis setup:                        reference basis
 Number of basis functions:            404
 GFN version:                            gfn1
 Integral screening threshold:           1.00e-10
 Total charge:                           0.000000000
 Number of electrons:                  344.000000000
 Electronic temperature (Kelvin):        0.000000000

 D3BJ energy:                           -0.095199289
 Repulsive energy:                       2.497271303

 ------------------------------------------------
  Running self-consistent charge (SCC) algorithm 
 ------------------------------------------------
 Broyden mixing factor:                  0.40
 Max number of iterations:             128
 Conv. threshold (charge):               1.00e-05
 Conv. threshold (energy):               1.00e-06
 Initial guess:                          SAD

 ---------------------------------------------------------------
                  energy        change          grad        time
 ---------------------------------------------------------------
   0      -201.695612709                    6.42e-01        0.02
   1      -202.286995240     -5.91e-01      3.74e-01        0.02
   2      -202.280240635      6.75e-03      5.77e-02        0.02
   3      -202.296622898     -1.64e-02      8.59e-03        0.02
   4      -202.301874464     -5.25e-03      2.02e-03        0.02
   5      -202.302210290     -3.36e-04      6.97e-04        0.02
   6      -202.302239108     -2.88e-05      1.46e-04        0.03
   7      -202.302239914     -8.07e-07      3.54e-05        0.02
   8      -202.302239952     -3.79e-08      1.33e-05        0.02
   9      -202.302239955     -2.83e-09      5.73e-06        0.02
  10      -202.302239956     -1.08e-09      2.03e-06        0.02

 SCF converged in 9 iterations.

 Entropy contribution (-ST):             0.000000000
 Dipole moment (in Debye):              -0.478952       2.824224       2.809045
 Setting up Delta-SCF
 Ground-Excited state overlap:          -0.000000000
 No correction applied to the TDM.
 Excitation energy:                      0.111212376
 Excitation energy (in eV):              3.026242911
 Transition dipole:                     -0.51175       0.29567       3.25391
 Saving results in set 'frame_1874'

 --------------------------------------------------------------------------------

 End time:                               Mon May 24 15:54:46 2021
 Total wall-clock time:                  0.552 seconds
==================================================================================
