
================================================================================
          _____________ ________ _______________ ________     _________         
         / ___________// ______ \\_____   _____// ______ \   / ________)        
        / /_________  / /      \ \     | |     / /      \ \ | (_______          
       |  __________|| |        | |    | |    | |        | | \________ \        
        \ \_________ | |        | |    | |     \ \______/ /___________) |       
         \__________||_|        |_|    |_|      \________//____________/        
                                                                                
====================================[ Qcore ]===================================

 Git hash:   b27a5f96910dca04bf09adb1496985de0081c8b6
 Git date:   Tue, 11 May 2021 09:58:05 -0400
 Compiler:   AppleClang 10.0.1.10010046
 Build type: Release
 Version:    1.2.0

 Start time: Mon May 24 15:52:45 2021

 Data directory: /Users/of15641/qcore/cmake-build-release/share/entos/1.2.0/data
 Number of threads: 2
 Number of threads was determined by: number of physical cores

 --------------------------------------------------------------------------------
                                  command: bchla                                 
 --------------------------------------------------------------------------------
 XTB basis setup:                        reference basis
 Number of basis functions:            404
 GFN version:                            gfn1
 Integral screening threshold:           1.00e-10
 Total charge:                           0.000000000
 Number of electrons:                  344.000000000
 Electronic temperature (Kelvin):        0.000000000

 D3BJ energy:                           -0.093914870
 Repulsive energy:                       2.455901224

 ------------------------------------------------
  Running self-consistent charge (SCC) algorithm 
 ------------------------------------------------
 Broyden mixing factor:                  0.40
 Max number of iterations:             128
 Conv. threshold (charge):               1.00e-05
 Conv. threshold (energy):               1.00e-06
 Initial guess:                          SAD

 ---------------------------------------------------------------
                  energy        change          grad        time
 ---------------------------------------------------------------
   0      -201.577617767                    6.41e-01        0.03
   1      -202.172022937     -5.94e-01      3.74e-01        0.03
   2      -202.165663938      6.36e-03      5.79e-02        0.02
   3      -202.181860668     -1.62e-02      8.06e-03        0.03
   4      -202.186560044     -4.70e-03      2.24e-03        0.02
   5      -202.186987931     -4.28e-04      6.97e-04        0.02
   6      -202.187014676     -2.67e-05      1.55e-04        0.02
   7      -202.187015706     -1.03e-06      3.93e-05        0.02
   8      -202.187015785     -7.92e-08      1.68e-05        0.02
   9      -202.187015794     -8.61e-09      6.68e-06        0.02
  10      -202.187015795     -1.18e-09      2.39e-06        0.02

 SCF converged in 9 iterations.

 Entropy contribution (-ST):             0.000000000
 Dipole moment (in Debye):              -4.402352       3.864601       2.319379
 Setting up Delta-SCF
 Ground-Excited state overlap:           0.000000000
 No correction applied to the TDM.
 Excitation energy:                      0.108914525
 Excitation energy (in eV):              2.963715217
 Transition dipole:                     -0.35392      -2.80170      -1.44657
 Saving results in set 'frame_1724'

 --------------------------------------------------------------------------------

 End time:                               Mon May 24 15:52:45 2021
 Total wall-clock time:                  0.648 seconds
==================================================================================
