
================================================================================
          _____________ ________ _______________ ________     _________         
         / ___________// ______ \\_____   _____// ______ \   / ________)        
        / /_________  / /      \ \     | |     / /      \ \ | (_______          
       |  __________|| |        | |    | |    | |        | | \________ \        
        \ \_________ | |        | |    | |     \ \______/ /___________) |       
         \__________||_|        |_|    |_|      \________//____________/        
                                                                                
====================================[ Qcore ]===================================

 Git hash:   b27a5f96910dca04bf09adb1496985de0081c8b6
 Git date:   Tue, 11 May 2021 09:58:05 -0400
 Compiler:   AppleClang 10.0.1.10010046
 Build type: Release
 Version:    1.2.0

 Start time: Mon May 24 15:54:26 2021

 Data directory: /Users/of15641/qcore/cmake-build-release/share/entos/1.2.0/data
 Number of threads: 2
 Number of threads was determined by: number of physical cores

 --------------------------------------------------------------------------------
                                  command: bchla                                 
 --------------------------------------------------------------------------------
 XTB basis setup:                        reference basis
 Number of basis functions:            404
 GFN version:                            gfn1
 Integral screening threshold:           1.00e-10
 Total charge:                           0.000000000
 Number of electrons:                  344.000000000
 Electronic temperature (Kelvin):        0.000000000

 D3BJ energy:                           -0.095414981
 Repulsive energy:                       2.501102511

 ------------------------------------------------
  Running self-consistent charge (SCC) algorithm 
 ------------------------------------------------
 Broyden mixing factor:                  0.40
 Max number of iterations:             128
 Conv. threshold (charge):               1.00e-05
 Conv. threshold (energy):               1.00e-06
 Initial guess:                          SAD

 ---------------------------------------------------------------
                  energy        change          grad        time
 ---------------------------------------------------------------
   0      -201.630113165                    6.43e-01        0.03
   1      -202.238450770     -6.08e-01      3.75e-01        0.02
   2      -202.224864726      1.36e-02      5.98e-02        0.02
   3      -202.245462977     -2.06e-02      1.08e-02        0.02
   4      -202.255363581     -9.90e-03      2.55e-03        0.02
   5      -202.255972607     -6.09e-04      6.74e-04        0.02
   6      -202.255994176     -2.16e-05      1.67e-04        0.02
   7      -202.255995159     -9.83e-07      5.33e-05        0.02
   8      -202.255995391     -2.32e-07      2.13e-05        0.02
   9      -202.255995405     -1.43e-08      7.76e-06        0.02
  10      -202.255995406     -6.25e-10      2.49e-06        0.02

 SCF converged in 9 iterations.

 Entropy contribution (-ST):             0.000000000
 Dipole moment (in Debye):              -0.352317       4.056628       4.259886
 Setting up Delta-SCF
 Ground-Excited state overlap:           0.000000000
 No correction applied to the TDM.
 Excitation energy:                      0.106384579
 Excitation energy (in eV):              2.894871862
 Transition dipole:                      3.02677       1.48049       1.20284
 Saving results in set 'frame_1845'

 --------------------------------------------------------------------------------

 End time:                               Mon May 24 15:54:27 2021
 Total wall-clock time:                  0.533 seconds
==================================================================================
