
================================================================================
          _____________ ________ _______________ ________     _________         
         / ___________// ______ \\_____   _____// ______ \   / ________)        
        / /_________  / /      \ \     | |     / /      \ \ | (_______          
       |  __________|| |        | |    | |    | |        | | \________ \        
        \ \_________ | |        | |    | |     \ \______/ /___________) |       
         \__________||_|        |_|    |_|      \________//____________/        
                                                                                
====================================[ Qcore ]===================================

 Git hash:   b27a5f96910dca04bf09adb1496985de0081c8b6
 Git date:   Tue, 11 May 2021 09:58:05 -0400
 Compiler:   AppleClang 10.0.1.10010046
 Build type: Release
 Version:    1.2.0

 Start time: Mon May 24 15:52:47 2021

 Data directory: /Users/of15641/qcore/cmake-build-release/share/entos/1.2.0/data
 Number of threads: 2
 Number of threads was determined by: number of physical cores

 --------------------------------------------------------------------------------
                                  command: bchla                                 
 --------------------------------------------------------------------------------
 XTB basis setup:                        reference basis
 Number of basis functions:            404
 GFN version:                            gfn1
 Integral screening threshold:           1.00e-10
 Total charge:                           0.000000000
 Number of electrons:                  344.000000000
 Electronic temperature (Kelvin):        0.000000000

 D3BJ energy:                           -0.095086037
 Repulsive energy:                       2.553576532

 ------------------------------------------------
  Running self-consistent charge (SCC) algorithm 
 ------------------------------------------------
 Broyden mixing factor:                  0.40
 Max number of iterations:             128
 Conv. threshold (charge):               1.00e-05
 Conv. threshold (energy):               1.00e-06
 Initial guess:                          SAD

 ---------------------------------------------------------------
                  energy        change          grad        time
 ---------------------------------------------------------------
   0      -201.704476719                    6.44e-01        0.03
   1      -202.295028824     -5.91e-01      3.76e-01        0.02
   2      -202.275553977      1.95e-02      5.74e-02        0.03
   3      -202.295798474     -2.02e-02      1.25e-02        0.02
   4      -202.311911324     -1.61e-02      1.93e-03        0.03
   5      -202.312222303     -3.11e-04      6.01e-04        0.02
   6      -202.312237049     -1.47e-05      1.35e-04        0.02
   7      -202.312237470     -4.21e-07      4.08e-05        0.03
   8      -202.312237543     -7.28e-08      1.80e-05        0.02
   9      -202.312237550     -6.99e-09      6.81e-06        0.02
  10      -202.312237551     -8.43e-10      2.41e-06        0.02

 SCF converged in 9 iterations.

 Entropy contribution (-ST):             0.000000000
 Dipole moment (in Debye):              -2.351914       3.814792       1.250413
 Setting up Delta-SCF
 Ground-Excited state overlap:          -0.000000000
 No correction applied to the TDM.
 Excitation energy:                      0.117509857
 Excitation energy (in eV):              3.197606099
 Transition dipole:                     -2.33356      -1.48310      -0.06657
 Saving results in set 'frame_1727'

 --------------------------------------------------------------------------------

 End time:                               Mon May 24 15:52:48 2021
 Total wall-clock time:                  0.654 seconds
==================================================================================
