
================================================================================
          _____________ ________ _______________ ________     _________         
         / ___________// ______ \\_____   _____// ______ \   / ________)        
        / /_________  / /      \ \     | |     / /      \ \ | (_______          
       |  __________|| |        | |    | |    | |        | | \________ \        
        \ \_________ | |        | |    | |     \ \______/ /___________) |       
         \__________||_|        |_|    |_|      \________//____________/        
                                                                                
====================================[ Qcore ]===================================

 Git hash:   b27a5f96910dca04bf09adb1496985de0081c8b6
 Git date:   Tue, 11 May 2021 09:58:05 -0400
 Compiler:   AppleClang 10.0.1.10010046
 Build type: Release
 Version:    1.2.0

 Start time: Mon May 24 15:54:05 2021

 Data directory: /Users/of15641/qcore/cmake-build-release/share/entos/1.2.0/data
 Number of threads: 2
 Number of threads was determined by: number of physical cores

 --------------------------------------------------------------------------------
                                  command: bchla                                 
 --------------------------------------------------------------------------------
 XTB basis setup:                        reference basis
 Number of basis functions:            404
 GFN version:                            gfn1
 Integral screening threshold:           1.00e-10
 Total charge:                           0.000000000
 Number of electrons:                  344.000000000
 Electronic temperature (Kelvin):        0.000000000

 D3BJ energy:                           -0.095478468
 Repulsive energy:                       2.530776589

 ------------------------------------------------
  Running self-consistent charge (SCC) algorithm 
 ------------------------------------------------
 Broyden mixing factor:                  0.40
 Max number of iterations:             128
 Conv. threshold (charge):               1.00e-05
 Conv. threshold (energy):               1.00e-06
 Initial guess:                          SAD

 ---------------------------------------------------------------
                  energy        change          grad        time
 ---------------------------------------------------------------
   0      -201.707832038                    6.43e-01        0.09
   1      -202.280571842     -5.73e-01      3.75e-01        0.11
   2      -202.268128087      1.24e-02      5.65e-02        0.10
   3      -202.285812530     -1.77e-02      1.04e-02        0.04
   4      -202.296484887     -1.07e-02      2.03e-03        0.03
   5      -202.296856763     -3.72e-04      6.43e-04        0.02
   6      -202.296877767     -2.10e-05      1.41e-04        0.02
   7      -202.296878368     -6.01e-07      3.83e-05        0.02
   8      -202.296878417     -4.95e-08      1.76e-05        0.02
   9      -202.296878424     -6.73e-09      7.08e-06        0.02
  10      -202.296878425     -1.15e-09      2.34e-06        0.02

 SCF converged in 9 iterations.

 Entropy contribution (-ST):             0.000000000
 Dipole moment (in Debye):              -1.529513       4.381765       3.072013
 Setting up Delta-SCF
 Ground-Excited state overlap:          -0.000000000
 No correction applied to the TDM.
 Excitation energy:                      0.113198885
 Excitation energy (in eV):              3.080298591
 Transition dipole:                      1.42577       2.11533       2.47463
 Saving results in set 'frame_1816'

 --------------------------------------------------------------------------------

 End time:                               Mon May 24 15:54:05 2021
 Total wall-clock time:                  0.885 seconds
==================================================================================
