
================================================================================
          _____________ ________ _______________ ________     _________         
         / ___________// ______ \\_____   _____// ______ \   / ________)        
        / /_________  / /      \ \     | |     / /      \ \ | (_______          
       |  __________|| |        | |    | |    | |        | | \________ \        
        \ \_________ | |        | |    | |     \ \______/ /___________) |       
         \__________||_|        |_|    |_|      \________//____________/        
                                                                                
====================================[ Qcore ]===================================

 Git hash:   b27a5f96910dca04bf09adb1496985de0081c8b6
 Git date:   Tue, 11 May 2021 09:58:05 -0400
 Compiler:   AppleClang 10.0.1.10010046
 Build type: Release
 Version:    1.2.0

 Start time: Mon May 24 15:47:53 2021

 Data directory: /Users/of15641/qcore/cmake-build-release/share/entos/1.2.0/data
 Number of threads: 2
 Number of threads was determined by: number of physical cores

 --------------------------------------------------------------------------------
                                  command: bchla                                 
 --------------------------------------------------------------------------------
 XTB basis setup:                        reference basis
 Number of basis functions:            404
 GFN version:                            gfn1
 Integral screening threshold:           1.00e-10
 Total charge:                           0.000000000
 Number of electrons:                  344.000000000
 Electronic temperature (Kelvin):        0.000000000

 D3BJ energy:                           -0.098040808
 Repulsive energy:                       2.514764227

 ------------------------------------------------
  Running self-consistent charge (SCC) algorithm 
 ------------------------------------------------
 Broyden mixing factor:                  0.40
 Max number of iterations:             128
 Conv. threshold (charge):               1.00e-05
 Conv. threshold (energy):               1.00e-06
 Initial guess:                          SAD

 ---------------------------------------------------------------
                  energy        change          grad        time
 ---------------------------------------------------------------
   0      -201.605146400                    6.43e-01        0.02
   1      -202.210152715     -6.05e-01      3.75e-01        0.02
   2      -202.185661898      2.45e-02      6.00e-02        0.02
   3      -202.206377570     -2.07e-02      1.41e-02        0.02
   4      -202.226918785     -2.05e-02      2.36e-03        0.02
   5      -202.227368582     -4.50e-04      6.33e-04        0.02
   6      -202.227382642     -1.41e-05      1.57e-04        0.02
   7      -202.227383749     -1.11e-06      5.42e-05        0.02
   8      -202.227384004     -2.55e-07      2.09e-05        0.02
   9      -202.227384014     -9.67e-09      7.92e-06        0.02
  10      -202.227384014     -4.18e-10      2.48e-06        0.02

 SCF converged in 9 iterations.

 Entropy contribution (-ST):             0.000000000
 Dipole moment (in Debye):              -2.446931       4.506216      -3.584256
 Setting up Delta-SCF
 Ground-Excited state overlap:           0.000000000
 No correction applied to the TDM.
 Excitation energy:                      0.109834828
 Excitation energy (in eV):              2.988757929
 Transition dipole:                     -2.78246       1.38469      -1.61756
 Saving results in set 'frame_1359'

 --------------------------------------------------------------------------------

 End time:                               Mon May 24 15:47:54 2021
 Total wall-clock time:                  0.498 seconds
==================================================================================
