
================================================================================
          _____________ ________ _______________ ________     _________         
         / ___________// ______ \\_____   _____// ______ \   / ________)        
        / /_________  / /      \ \     | |     / /      \ \ | (_______          
       |  __________|| |        | |    | |    | |        | | \________ \        
        \ \_________ | |        | |    | |     \ \______/ /___________) |       
         \__________||_|        |_|    |_|      \________//____________/        
                                                                                
====================================[ Qcore ]===================================

 Git hash:   b27a5f96910dca04bf09adb1496985de0081c8b6
 Git date:   Tue, 11 May 2021 09:58:05 -0400
 Compiler:   AppleClang 10.0.1.10010046
 Build type: Release
 Version:    1.2.0

 Start time: Mon May 24 16:05:56 2021

 Data directory: /Users/of15641/qcore/cmake-build-release/share/entos/1.2.0/data
 Number of threads: 2
 Number of threads was determined by: number of physical cores

 --------------------------------------------------------------------------------
                                  command: bchla                                 
 --------------------------------------------------------------------------------
 XTB basis setup:                        reference basis
 Number of basis functions:            404
 GFN version:                            gfn1
 Integral screening threshold:           1.00e-10
 Total charge:                           0.000000000
 Number of electrons:                  344.000000000
 Electronic temperature (Kelvin):        0.000000000

 D3BJ energy:                           -0.093687241
 Repulsive energy:                       2.563633034

 ------------------------------------------------
  Running self-consistent charge (SCC) algorithm 
 ------------------------------------------------
 Broyden mixing factor:                  0.40
 Max number of iterations:             128
 Conv. threshold (charge):               1.00e-05
 Conv. threshold (energy):               1.00e-06
 Initial guess:                          SAD

 ---------------------------------------------------------------
                  energy        change          grad        time
 ---------------------------------------------------------------
   0      -201.643469063                    6.43e-01        0.03
   1      -202.229399693     -5.86e-01      3.76e-01        0.03
   2      -202.225030807      4.37e-03      5.62e-02        0.02
   3      -202.239641845     -1.46e-02      8.06e-03        0.02
   4      -202.244426864     -4.79e-03      2.37e-03        0.02
   5      -202.244900196     -4.73e-04      7.44e-04        0.02
   6      -202.244930812     -3.06e-05      1.83e-04        0.02
   7      -202.244932126     -1.31e-06      5.56e-05        0.02
   8      -202.244932411     -2.85e-07      1.80e-05        0.02
   9      -202.244932424     -1.27e-08      6.29e-06        0.02
  10      -202.244932425     -1.05e-09      2.29e-06        0.02

 SCF converged in 9 iterations.

 Entropy contribution (-ST):             0.000000000
 Dipole moment (in Debye):              -0.784285       0.604215      -1.245220
 Setting up Delta-SCF
 Ground-Excited state overlap:          -0.000000000
 No correction applied to the TDM.
 Excitation energy:                      0.111738979
 Excitation energy (in eV):              3.040572525
 Transition dipole:                     -1.16477       0.73945       3.18016
 Saving results in set 'frame_832'

 --------------------------------------------------------------------------------

 End time:                               Mon May 24 16:05:57 2021
 Total wall-clock time:                  0.653 seconds
==================================================================================
