
================================================================================
          _____________ ________ _______________ ________     _________         
         / ___________// ______ \\_____   _____// ______ \   / ________)        
        / /_________  / /      \ \     | |     / /      \ \ | (_______          
       |  __________|| |        | |    | |    | |        | | \________ \        
        \ \_________ | |        | |    | |     \ \______/ /___________) |       
         \__________||_|        |_|    |_|      \________//____________/        
                                                                                
====================================[ Qcore ]===================================

 Git hash:   b27a5f96910dca04bf09adb1496985de0081c8b6
 Git date:   Tue, 11 May 2021 09:58:05 -0400
 Compiler:   AppleClang 10.0.1.10010046
 Build type: Release
 Version:    1.2.0

 Start time: Mon May 24 16:03:32 2021

 Data directory: /Users/of15641/qcore/cmake-build-release/share/entos/1.2.0/data
 Number of threads: 2
 Number of threads was determined by: number of physical cores

 --------------------------------------------------------------------------------
                                  command: bchla                                 
 --------------------------------------------------------------------------------
 XTB basis setup:                        reference basis
 Number of basis functions:            404
 GFN version:                            gfn1
 Integral screening threshold:           1.00e-10
 Total charge:                           0.000000000
 Number of electrons:                  344.000000000
 Electronic temperature (Kelvin):        0.000000000

 D3BJ energy:                           -0.095000502
 Repulsive energy:                       2.591678299

 ------------------------------------------------
  Running self-consistent charge (SCC) algorithm 
 ------------------------------------------------
 Broyden mixing factor:                  0.40
 Max number of iterations:             128
 Conv. threshold (charge):               1.00e-05
 Conv. threshold (energy):               1.00e-06
 Initial guess:                          SAD

 ---------------------------------------------------------------
                  energy        change          grad        time
 ---------------------------------------------------------------
   0      -201.715335238                    6.44e-01        0.04
   1      -202.294405020     -5.79e-01      3.76e-01        0.03
   2      -202.284393957      1.00e-02      5.70e-02        0.03
   3      -202.304535112     -2.01e-02      9.03e-03        0.04
   4      -202.310866031     -6.33e-03      1.93e-03        0.03
   5      -202.311190690     -3.25e-04      6.99e-04        0.04
   6      -202.311219694     -2.90e-05      1.67e-04        0.03
   7      -202.311220673     -9.79e-07      5.84e-05        0.04
   8      -202.311220977     -3.04e-07      1.99e-05        0.04
   9      -202.311220990     -1.31e-08      7.41e-06        0.03
  10      -202.311220991     -6.07e-10      2.27e-06        0.03

 SCF converged in 9 iterations.

 Entropy contribution (-ST):             0.000000000
 Dipole moment (in Debye):               1.280646      -0.596432      -2.878349
 Setting up Delta-SCF
 Ground-Excited state overlap:           0.000000000
 No correction applied to the TDM.
 Excitation energy:                      0.113389816
 Excitation energy (in eV):              3.085494087
 Transition dipole:                      1.10744      -1.48894      -2.82851
 Saving results in set 'frame_682'

 --------------------------------------------------------------------------------

 End time:                               Mon May 24 16:03:32 2021
 Total wall-clock time:                  0.846 seconds
==================================================================================
