
================================================================================
          _____________ ________ _______________ ________     _________         
         / ___________// ______ \\_____   _____// ______ \   / ________)        
        / /_________  / /      \ \     | |     / /      \ \ | (_______          
       |  __________|| |        | |    | |    | |        | | \________ \        
        \ \_________ | |        | |    | |     \ \______/ /___________) |       
         \__________||_|        |_|    |_|      \________//____________/        
                                                                                
====================================[ Qcore ]===================================

 Git hash:   b27a5f96910dca04bf09adb1496985de0081c8b6
 Git date:   Tue, 11 May 2021 09:58:05 -0400
 Compiler:   AppleClang 10.0.1.10010046
 Build type: Release
 Version:    1.2.0

 Start time: Mon May 24 15:52:31 2021

 Data directory: /Users/of15641/qcore/cmake-build-release/share/entos/1.2.0/data
 Number of threads: 2
 Number of threads was determined by: number of physical cores

 --------------------------------------------------------------------------------
                                  command: bchla                                 
 --------------------------------------------------------------------------------
 XTB basis setup:                        reference basis
 Number of basis functions:            404
 GFN version:                            gfn1
 Integral screening threshold:           1.00e-10
 Total charge:                           0.000000000
 Number of electrons:                  344.000000000
 Electronic temperature (Kelvin):        0.000000000

 D3BJ energy:                           -0.095041911
 Repulsive energy:                       2.543443945

 ------------------------------------------------
  Running self-consistent charge (SCC) algorithm 
 ------------------------------------------------
 Broyden mixing factor:                  0.40
 Max number of iterations:             128
 Conv. threshold (charge):               1.00e-05
 Conv. threshold (energy):               1.00e-06
 Initial guess:                          SAD

 ---------------------------------------------------------------
                  energy        change          grad        time
 ---------------------------------------------------------------
   0      -201.639484683                    6.43e-01        0.03
   1      -202.248830801     -6.09e-01      3.75e-01        0.04
   2      -202.238850262      9.98e-03      5.86e-02        0.04
   3      -202.255256898     -1.64e-02      9.53e-03        0.04
   4      -202.263745768     -8.49e-03      2.23e-03        0.03
   5      -202.264220931     -4.75e-04      6.57e-04        0.03
   6      -202.264244237     -2.33e-05      1.48e-04        0.03
   7      -202.264244930     -6.92e-07      3.58e-05        0.03
   8      -202.264244967     -3.75e-08      1.61e-05        0.03
   9      -202.264244972     -4.51e-09      6.78e-06        0.03
  10      -202.264244973     -1.42e-09      2.52e-06        0.02

 SCF converged in 9 iterations.

 Entropy contribution (-ST):             0.000000000
 Dipole moment (in Debye):              -3.596966       3.784791       0.025899
 Setting up Delta-SCF
 Ground-Excited state overlap:           0.000000000
 No correction applied to the TDM.
 Excitation energy:                      0.110406983
 Excitation energy (in eV):              3.004327058
 Transition dipole:                      2.10376      -2.72822      -1.03532
 Saving results in set 'frame_1707'

 --------------------------------------------------------------------------------

 End time:                               Mon May 24 15:52:31 2021
 Total wall-clock time:                  0.754 seconds
==================================================================================
