
================================================================================
          _____________ ________ _______________ ________     _________         
         / ___________// ______ \\_____   _____// ______ \   / ________)        
        / /_________  / /      \ \     | |     / /      \ \ | (_______          
       |  __________|| |        | |    | |    | |        | | \________ \        
        \ \_________ | |        | |    | |     \ \______/ /___________) |       
         \__________||_|        |_|    |_|      \________//____________/        
                                                                                
====================================[ Qcore ]===================================

 Git hash:   b27a5f96910dca04bf09adb1496985de0081c8b6
 Git date:   Tue, 11 May 2021 09:58:05 -0400
 Compiler:   AppleClang 10.0.1.10010046
 Build type: Release
 Version:    1.2.0

 Start time: Mon May 24 15:49:18 2021

 Data directory: /Users/of15641/qcore/cmake-build-release/share/entos/1.2.0/data
 Number of threads: 2
 Number of threads was determined by: number of physical cores

 --------------------------------------------------------------------------------
                                  command: bchla                                 
 --------------------------------------------------------------------------------
 XTB basis setup:                        reference basis
 Number of basis functions:            404
 GFN version:                            gfn1
 Integral screening threshold:           1.00e-10
 Total charge:                           0.000000000
 Number of electrons:                  344.000000000
 Electronic temperature (Kelvin):        0.000000000

 D3BJ energy:                           -0.102795431
 Repulsive energy:                       2.460676625

 ------------------------------------------------
  Running self-consistent charge (SCC) algorithm 
 ------------------------------------------------
 Broyden mixing factor:                  0.40
 Max number of iterations:             128
 Conv. threshold (charge):               1.00e-05
 Conv. threshold (energy):               1.00e-06
 Initial guess:                          SAD

 ---------------------------------------------------------------
                  energy        change          grad        time
 ---------------------------------------------------------------
   0      -201.613871734                    6.41e-01        0.20
   1      -202.207190892     -5.93e-01      3.74e-01        0.16
   2      -202.193758817      1.34e-02      5.83e-02        0.23
   3      -202.212074227     -1.83e-02      1.10e-02        0.18
   4      -202.223131479     -1.11e-02      2.30e-03        0.33
   5      -202.223597900     -4.66e-04      6.38e-04        0.15
   6      -202.223615392     -1.75e-05      1.49e-04        0.08
   7      -202.223616095     -7.03e-07      4.23e-05        0.08
   8      -202.223616198     -1.03e-07      1.77e-05        0.04
   9      -202.223616209     -1.09e-08      6.86e-06        0.04
  10      -202.223616209     -6.99e-10      2.28e-06        0.04

 SCF converged in 9 iterations.

 Entropy contribution (-ST):             0.000000000
 Dipole moment (in Debye):              -4.765771       2.909092      -0.536574
 Setting up Delta-SCF
 Ground-Excited state overlap:           0.000000000
 No correction applied to the TDM.
 Excitation energy:                      0.109763960
 Excitation energy (in eV):              2.986829517
 Transition dipole:                      2.39927      -1.22082      -1.91068
 Saving results in set 'frame_1481'

 --------------------------------------------------------------------------------

 End time:                               Mon May 24 15:49:21 2021
 Total wall-clock time:                  2.315 seconds
==================================================================================
