
================================================================================
          _____________ ________ _______________ ________     _________         
         / ___________// ______ \\_____   _____// ______ \   / ________)        
        / /_________  / /      \ \     | |     / /      \ \ | (_______          
       |  __________|| |        | |    | |    | |        | | \________ \        
        \ \_________ | |        | |    | |     \ \______/ /___________) |       
         \__________||_|        |_|    |_|      \________//____________/        
                                                                                
====================================[ Qcore ]===================================

 Git hash:   b27a5f96910dca04bf09adb1496985de0081c8b6
 Git date:   Tue, 11 May 2021 09:58:05 -0400
 Compiler:   AppleClang 10.0.1.10010046
 Build type: Release
 Version:    1.2.0

 Start time: Mon May 24 15:52:12 2021

 Data directory: /Users/of15641/qcore/cmake-build-release/share/entos/1.2.0/data
 Number of threads: 2
 Number of threads was determined by: number of physical cores

 --------------------------------------------------------------------------------
                                  command: bchla                                 
 --------------------------------------------------------------------------------
 XTB basis setup:                        reference basis
 Number of basis functions:            404
 GFN version:                            gfn1
 Integral screening threshold:           1.00e-10
 Total charge:                           0.000000000
 Number of electrons:                  344.000000000
 Electronic temperature (Kelvin):        0.000000000

 D3BJ energy:                           -0.094200308
 Repulsive energy:                       2.461150317

 ------------------------------------------------
  Running self-consistent charge (SCC) algorithm 
 ------------------------------------------------
 Broyden mixing factor:                  0.40
 Max number of iterations:             128
 Conv. threshold (charge):               1.00e-05
 Conv. threshold (energy):               1.00e-06
 Initial guess:                          SAD

 ---------------------------------------------------------------
                  energy        change          grad        time
 ---------------------------------------------------------------
   0      -201.545070569                    6.41e-01        0.03
   1      -202.151642139     -6.07e-01      3.74e-01        0.03
   2      -202.133827724      1.78e-02      5.91e-02        0.02
   3      -202.151806458     -1.80e-02      1.27e-02        0.03
   4      -202.167718766     -1.59e-02      2.30e-03        0.02
   5      -202.168170924     -4.52e-04      6.21e-04        0.02
   6      -202.168186550     -1.56e-05      1.50e-04        0.03
   7      -202.168187329     -7.79e-07      4.38e-05        0.02
   8      -202.168187454     -1.24e-07      2.13e-05        0.03
   9      -202.168187472     -1.78e-08      7.90e-06        0.02
  10      -202.168187472     -5.18e-10      2.77e-06        0.02

 SCF converged in 9 iterations.

 Entropy contribution (-ST):             0.000000000
 Dipole moment (in Debye):              -1.677094       4.769300       1.085686
 Setting up Delta-SCF
 Ground-Excited state overlap:          -0.000000000
 No correction applied to the TDM.
 Excitation energy:                      0.111224083
 Excitation energy (in eV):              3.026561488
 Transition dipole:                      1.73419       2.40523       1.68246
 Saving results in set 'frame_1685'

 --------------------------------------------------------------------------------

 End time:                               Mon May 24 15:52:13 2021
 Total wall-clock time:                  0.614 seconds
==================================================================================
