
================================================================================
          _____________ ________ _______________ ________     _________         
         / ___________// ______ \\_____   _____// ______ \   / ________)        
        / /_________  / /      \ \     | |     / /      \ \ | (_______          
       |  __________|| |        | |    | |    | |        | | \________ \        
        \ \_________ | |        | |    | |     \ \______/ /___________) |       
         \__________||_|        |_|    |_|      \________//____________/        
                                                                                
====================================[ Qcore ]===================================

 Git hash:   b27a5f96910dca04bf09adb1496985de0081c8b6
 Git date:   Tue, 11 May 2021 09:58:05 -0400
 Compiler:   AppleClang 10.0.1.10010046
 Build type: Release
 Version:    1.2.0

 Start time: Mon May 24 15:49:48 2021

 Data directory: /Users/of15641/qcore/cmake-build-release/share/entos/1.2.0/data
 Number of threads: 2
 Number of threads was determined by: number of physical cores

 --------------------------------------------------------------------------------
                                  command: bchla                                 
 --------------------------------------------------------------------------------
 XTB basis setup:                        reference basis
 Number of basis functions:            404
 GFN version:                            gfn1
 Integral screening threshold:           1.00e-10
 Total charge:                           0.000000000
 Number of electrons:                  344.000000000
 Electronic temperature (Kelvin):        0.000000000

 D3BJ energy:                           -0.098070689
 Repulsive energy:                       2.458504099

 ------------------------------------------------
  Running self-consistent charge (SCC) algorithm 
 ------------------------------------------------
 Broyden mixing factor:                  0.40
 Max number of iterations:             128
 Conv. threshold (charge):               1.00e-05
 Conv. threshold (energy):               1.00e-06
 Initial guess:                          SAD

 ---------------------------------------------------------------
                  energy        change          grad        time
 ---------------------------------------------------------------
   0      -201.622486758                    6.42e-01        0.03
   1      -202.219381525     -5.97e-01      3.74e-01        0.03
   2      -202.204037938      1.53e-02      5.80e-02        0.02
   3      -202.224217610     -2.02e-02      1.14e-02        0.02
   4      -202.236184477     -1.20e-02      2.31e-03        0.02
   5      -202.236672639     -4.88e-04      6.42e-04        0.02
   6      -202.236694757     -2.21e-05      1.56e-04        0.02
   7      -202.236695520     -7.62e-07      4.62e-05        0.02
   8      -202.236695611     -9.10e-08      2.03e-05        0.02
   9      -202.236695621     -1.04e-08      8.22e-06        0.02
  10      -202.236695623     -2.21e-09      2.78e-06        0.02

 SCF converged in 9 iterations.

 Entropy contribution (-ST):             0.000000000
 Dipole moment (in Debye):              -2.562417       3.776708      -2.337694
 Setting up Delta-SCF
 Ground-Excited state overlap:          -0.000000000
 No correction applied to the TDM.
 Excitation energy:                      0.107969439
 Excitation energy (in eV):              2.937998109
 Transition dipole:                     -2.44113       1.90423      -1.70651
 Saving results in set 'frame_1514'

 --------------------------------------------------------------------------------

 End time:                               Mon May 24 15:49:49 2021
 Total wall-clock time:                  0.669 seconds
==================================================================================
