
================================================================================
          _____________ ________ _______________ ________     _________         
         / ___________// ______ \\_____   _____// ______ \   / ________)        
        / /_________  / /      \ \     | |     / /      \ \ | (_______          
       |  __________|| |        | |    | |    | |        | | \________ \        
        \ \_________ | |        | |    | |     \ \______/ /___________) |       
         \__________||_|        |_|    |_|      \________//____________/        
                                                                                
====================================[ Qcore ]===================================

 Git hash:   b27a5f96910dca04bf09adb1496985de0081c8b6
 Git date:   Tue, 11 May 2021 09:58:05 -0400
 Compiler:   AppleClang 10.0.1.10010046
 Build type: Release
 Version:    1.2.0

 Start time: Mon May 24 16:03:12 2021

 Data directory: /Users/of15641/qcore/cmake-build-release/share/entos/1.2.0/data
 Number of threads: 2
 Number of threads was determined by: number of physical cores

 --------------------------------------------------------------------------------
                                  command: bchla                                 
 --------------------------------------------------------------------------------
 XTB basis setup:                        reference basis
 Number of basis functions:            404
 GFN version:                            gfn1
 Integral screening threshold:           1.00e-10
 Total charge:                           0.000000000
 Number of electrons:                  344.000000000
 Electronic temperature (Kelvin):        0.000000000

 D3BJ energy:                           -0.094280328
 Repulsive energy:                       2.495021388

 ------------------------------------------------
  Running self-consistent charge (SCC) algorithm 
 ------------------------------------------------
 Broyden mixing factor:                  0.40
 Max number of iterations:             128
 Conv. threshold (charge):               1.00e-05
 Conv. threshold (energy):               1.00e-06
 Initial guess:                          SAD

 ---------------------------------------------------------------
                  energy        change          grad        time
 ---------------------------------------------------------------
   0      -201.698363072                    6.42e-01        0.03
   1      -202.274448496     -5.76e-01      3.75e-01        0.02
   2      -202.260429951      1.40e-02      5.73e-02        0.02
   3      -202.280610382     -2.02e-02      1.10e-02        0.02
   4      -202.291393632     -1.08e-02      2.29e-03        0.02
   5      -202.291862694     -4.69e-04      6.42e-04        0.02
   6      -202.291881211     -1.85e-05      1.55e-04        0.02
   7      -202.291881940     -7.29e-07      4.95e-05        0.02
   8      -202.291882158     -2.18e-07      2.03e-05        0.02
   9      -202.291882172     -1.36e-08      7.36e-06        0.02
  10      -202.291882172     -4.16e-10      2.63e-06        0.02

 SCF converged in 9 iterations.

 Entropy contribution (-ST):             0.000000000
 Dipole moment (in Debye):              -0.230395      -0.752692      -3.725298
 Setting up Delta-SCF
 Ground-Excited state overlap:          -0.000000000
 No correction applied to the TDM.
 Excitation energy:                      0.112032833
 Excitation energy (in eV):              3.048568703
 Transition dipole:                      1.36500      -0.78919      -3.10732
 Saving results in set 'frame_660'

 --------------------------------------------------------------------------------

 End time:                               Mon May 24 16:03:12 2021
 Total wall-clock time:                  0.617 seconds
==================================================================================
