
================================================================================
          _____________ ________ _______________ ________     _________         
         / ___________// ______ \\_____   _____// ______ \   / ________)        
        / /_________  / /      \ \     | |     / /      \ \ | (_______          
       |  __________|| |        | |    | |    | |        | | \________ \        
        \ \_________ | |        | |    | |     \ \______/ /___________) |       
         \__________||_|        |_|    |_|      \________//____________/        
                                                                                
====================================[ Qcore ]===================================

 Git hash:   b27a5f96910dca04bf09adb1496985de0081c8b6
 Git date:   Tue, 11 May 2021 09:58:05 -0400
 Compiler:   AppleClang 10.0.1.10010046
 Build type: Release
 Version:    1.2.0

 Start time: Mon May 24 16:04:36 2021

 Data directory: /Users/of15641/qcore/cmake-build-release/share/entos/1.2.0/data
 Number of threads: 2
 Number of threads was determined by: number of physical cores

 --------------------------------------------------------------------------------
                                  command: bchla                                 
 --------------------------------------------------------------------------------
 XTB basis setup:                        reference basis
 Number of basis functions:            404
 GFN version:                            gfn1
 Integral screening threshold:           1.00e-10
 Total charge:                           0.000000000
 Number of electrons:                  344.000000000
 Electronic temperature (Kelvin):        0.000000000

 D3BJ energy:                           -0.095281777
 Repulsive energy:                       2.473705901

 ------------------------------------------------
  Running self-consistent charge (SCC) algorithm 
 ------------------------------------------------
 Broyden mixing factor:                  0.40
 Max number of iterations:             128
 Conv. threshold (charge):               1.00e-05
 Conv. threshold (energy):               1.00e-06
 Initial guess:                          SAD

 ---------------------------------------------------------------
                  energy        change          grad        time
 ---------------------------------------------------------------
   0      -201.704380829                    6.42e-01        0.04
   1      -202.303737104     -5.99e-01      3.75e-01        0.03
   2      -202.281333470      2.24e-02      5.92e-02        0.03
   3      -202.305134408     -2.38e-02      1.36e-02        0.04
   4      -202.322441580     -1.73e-02      2.41e-03        0.04
   5      -202.322904673     -4.63e-04      6.69e-04        0.02
   6      -202.322921671     -1.70e-05      1.74e-04        0.03
   7      -202.322922822     -1.15e-06      5.96e-05        0.03
   8      -202.322923118     -2.96e-07      2.58e-05        0.03
   9      -202.322923134     -1.64e-08      9.90e-06        0.04
  10      -202.322923135     -6.99e-10      3.02e-06        0.06

 SCF converged in 9 iterations.

 Entropy contribution (-ST):             0.000000000
 Dipole moment (in Debye):               0.373042      -0.037589      -5.057576
 Setting up Delta-SCF
 Ground-Excited state overlap:           0.000000000
 No correction applied to the TDM.
 Excitation energy:                      0.112751586
 Excitation energy (in eV):              3.068126948
 Transition dipole:                     -0.53560       0.33144       3.32051
 Saving results in set 'frame_737'

 --------------------------------------------------------------------------------

 End time:                               Mon May 24 16:04:37 2021
 Total wall-clock time:                  0.862 seconds
==================================================================================
