
================================================================================
          _____________ ________ _______________ ________     _________         
         / ___________// ______ \\_____   _____// ______ \   / ________)        
        / /_________  / /      \ \     | |     / /      \ \ | (_______          
       |  __________|| |        | |    | |    | |        | | \________ \        
        \ \_________ | |        | |    | |     \ \______/ /___________) |       
         \__________||_|        |_|    |_|      \________//____________/        
                                                                                
====================================[ Qcore ]===================================

 Git hash:   b27a5f96910dca04bf09adb1496985de0081c8b6
 Git date:   Tue, 11 May 2021 09:58:05 -0400
 Compiler:   AppleClang 10.0.1.10010046
 Build type: Release
 Version:    1.2.0

 Start time: Mon May 24 15:49:16 2021

 Data directory: /Users/of15641/qcore/cmake-build-release/share/entos/1.2.0/data
 Number of threads: 2
 Number of threads was determined by: number of physical cores

 --------------------------------------------------------------------------------
                                  command: bchla                                 
 --------------------------------------------------------------------------------
 XTB basis setup:                        reference basis
 Number of basis functions:            404
 GFN version:                            gfn1
 Integral screening threshold:           1.00e-10
 Total charge:                           0.000000000
 Number of electrons:                  344.000000000
 Electronic temperature (Kelvin):        0.000000000

 D3BJ energy:                           -0.100203444
 Repulsive energy:                       2.484519891

 ------------------------------------------------
  Running self-consistent charge (SCC) algorithm 
 ------------------------------------------------
 Broyden mixing factor:                  0.40
 Max number of iterations:             128
 Conv. threshold (charge):               1.00e-05
 Conv. threshold (energy):               1.00e-06
 Initial guess:                          SAD

 ---------------------------------------------------------------
                  energy        change          grad        time
 ---------------------------------------------------------------
   0      -201.686557810                    6.43e-01        0.03
   1      -202.283675451     -5.97e-01      3.75e-01        0.02
   2      -202.274125406      9.55e-03      5.67e-02        0.02
   3      -202.290556419     -1.64e-02      9.46e-03        0.02
   4      -202.299271278     -8.71e-03      2.04e-03        0.02
   5      -202.299636135     -3.65e-04      6.69e-04        0.02
   6      -202.299658442     -2.23e-05      1.76e-04        0.02
   7      -202.299659739     -1.30e-06      6.64e-05        0.02
   8      -202.299660207     -4.68e-07      1.87e-05        0.02
   9      -202.299660216     -9.00e-09      6.94e-06        0.02
  10      -202.299660217     -6.75e-10      2.19e-06        0.02

 SCF converged in 9 iterations.

 Entropy contribution (-ST):             0.000000000
 Dipole moment (in Debye):              -2.433320       2.367181      -1.618128
 Setting up Delta-SCF
 Ground-Excited state overlap:           0.000000000
 No correction applied to the TDM.
 Excitation energy:                      0.108011908
 Excitation energy (in eV):              2.939153752
 Transition dipole:                      2.75646      -1.23189      -1.77640
 Saving results in set 'frame_1479'

 --------------------------------------------------------------------------------

 End time:                               Mon May 24 15:49:17 2021
 Total wall-clock time:                  0.605 seconds
==================================================================================
