
================================================================================
          _____________ ________ _______________ ________     _________         
         / ___________// ______ \\_____   _____// ______ \   / ________)        
        / /_________  / /      \ \     | |     / /      \ \ | (_______          
       |  __________|| |        | |    | |    | |        | | \________ \        
        \ \_________ | |        | |    | |     \ \______/ /___________) |       
         \__________||_|        |_|    |_|      \________//____________/        
                                                                                
====================================[ Qcore ]===================================

 Git hash:   b27a5f96910dca04bf09adb1496985de0081c8b6
 Git date:   Tue, 11 May 2021 09:58:05 -0400
 Compiler:   AppleClang 10.0.1.10010046
 Build type: Release
 Version:    1.2.0

 Start time: Mon May 24 16:01:01 2021

 Data directory: /Users/of15641/qcore/cmake-build-release/share/entos/1.2.0/data
 Number of threads: 2
 Number of threads was determined by: number of physical cores

 --------------------------------------------------------------------------------
                                  command: bchla                                 
 --------------------------------------------------------------------------------
 XTB basis setup:                        reference basis
 Number of basis functions:            404
 GFN version:                            gfn1
 Integral screening threshold:           1.00e-10
 Total charge:                           0.000000000
 Number of electrons:                  344.000000000
 Electronic temperature (Kelvin):        0.000000000

 D3BJ energy:                           -0.100564280
 Repulsive energy:                       2.518647246

 ------------------------------------------------
  Running self-consistent charge (SCC) algorithm 
 ------------------------------------------------
 Broyden mixing factor:                  0.40
 Max number of iterations:             128
 Conv. threshold (charge):               1.00e-05
 Conv. threshold (energy):               1.00e-06
 Initial guess:                          SAD

 ---------------------------------------------------------------
                  energy        change          grad        time
 ---------------------------------------------------------------
   0      -201.695156270                    6.42e-01        0.03
   1      -202.268430257     -5.73e-01      3.75e-01        0.03
   2      -202.257401605      1.10e-02      5.70e-02        0.03
   3      -202.276366489     -1.90e-02      1.01e-02        0.03
   4      -202.284816072     -8.45e-03      2.38e-03        0.03
   5      -202.285337709     -5.22e-04      6.31e-04        0.03
   6      -202.285355176     -1.75e-05      1.47e-04        0.03
   7      -202.285355744     -5.68e-07      3.48e-05        0.03
   8      -202.285355775     -3.17e-08      1.32e-05        0.03
   9      -202.285355778     -2.66e-09      5.32e-06        0.03
  10      -202.285355779     -6.36e-10      2.50e-06        0.03

 SCF converged in 9 iterations.

 Entropy contribution (-ST):             0.000000000
 Dipole moment (in Debye):              -1.189666       4.475863      -2.096379
 Setting up Delta-SCF
 Ground-Excited state overlap:          -0.000000000
 No correction applied to the TDM.
 Excitation energy:                      0.112210411
 Excitation energy (in eV):              3.053400845
 Transition dipole:                     -1.18557      -2.24783       2.46363
 Saving results in set 'frame_527'

 --------------------------------------------------------------------------------

 End time:                               Mon May 24 16:01:02 2021
 Total wall-clock time:                  0.713 seconds
==================================================================================
