
================================================================================
          _____________ ________ _______________ ________     _________         
         / ___________// ______ \\_____   _____// ______ \   / ________)        
        / /_________  / /      \ \     | |     / /      \ \ | (_______          
       |  __________|| |        | |    | |    | |        | | \________ \        
        \ \_________ | |        | |    | |     \ \______/ /___________) |       
         \__________||_|        |_|    |_|      \________//____________/        
                                                                                
====================================[ Qcore ]===================================

 Git hash:   b27a5f96910dca04bf09adb1496985de0081c8b6
 Git date:   Tue, 11 May 2021 09:58:05 -0400
 Compiler:   AppleClang 10.0.1.10010046
 Build type: Release
 Version:    1.2.0

 Start time: Mon May 24 15:48:22 2021

 Data directory: /Users/of15641/qcore/cmake-build-release/share/entos/1.2.0/data
 Number of threads: 2
 Number of threads was determined by: number of physical cores

 --------------------------------------------------------------------------------
                                  command: bchla                                 
 --------------------------------------------------------------------------------
 XTB basis setup:                        reference basis
 Number of basis functions:            404
 GFN version:                            gfn1
 Integral screening threshold:           1.00e-10
 Total charge:                           0.000000000
 Number of electrons:                  344.000000000
 Electronic temperature (Kelvin):        0.000000000

 D3BJ energy:                           -0.096238127
 Repulsive energy:                       2.522551839

 ------------------------------------------------
  Running self-consistent charge (SCC) algorithm 
 ------------------------------------------------
 Broyden mixing factor:                  0.40
 Max number of iterations:             128
 Conv. threshold (charge):               1.00e-05
 Conv. threshold (energy):               1.00e-06
 Initial guess:                          SAD

 ---------------------------------------------------------------
                  energy        change          grad        time
 ---------------------------------------------------------------
   0      -201.668387117                    6.42e-01        0.02
   1      -202.247307580     -5.79e-01      3.75e-01        0.02
   2      -202.225834440      2.15e-02      5.82e-02        0.02
   3      -202.246437604     -2.06e-02      1.42e-02        0.02
   4      -202.265543836     -1.91e-02      2.87e-03        0.02
   5      -202.266265392     -7.22e-04      6.86e-04        0.02
   6      -202.266280854     -1.55e-05      1.85e-04        0.02
   7      -202.266281988     -1.13e-06      6.48e-05        0.02
   8      -202.266282252     -2.64e-07      2.65e-05        0.02
   9      -202.266282266     -1.34e-08      1.04e-05        0.02
  10      -202.266282267     -1.10e-09      3.51e-06        0.02
  11      -202.266282267     -1.09e-10      8.00e-07        0.02

 SCF converged in 10 iterations.

 Entropy contribution (-ST):             0.000000000
 Dipole moment (in Debye):               2.316793       2.100528      -1.838407
 Setting up Delta-SCF
 Ground-Excited state overlap:          -0.000000000
 No correction applied to the TDM.
 Excitation energy:                      0.106670484
 Excitation energy (in eV):              2.902651728
 Transition dipole:                      1.35431      -1.39349      -2.46050
 Saving results in set 'frame_140'

 --------------------------------------------------------------------------------

 End time:                               Mon May 24 15:48:23 2021
 Total wall-clock time:                  0.509 seconds
==================================================================================
