
================================================================================
          _____________ ________ _______________ ________     _________         
         / ___________// ______ \\_____   _____// ______ \   / ________)        
        / /_________  / /      \ \     | |     / /      \ \ | (_______          
       |  __________|| |        | |    | |    | |        | | \________ \        
        \ \_________ | |        | |    | |     \ \______/ /___________) |       
         \__________||_|        |_|    |_|      \________//____________/        
                                                                                
====================================[ Qcore ]===================================

 Git hash:   b27a5f96910dca04bf09adb1496985de0081c8b6
 Git date:   Tue, 11 May 2021 09:58:05 -0400
 Compiler:   AppleClang 10.0.1.10010046
 Build type: Release
 Version:    1.2.0

 Start time: Mon May 24 16:03:34 2021

 Data directory: /Users/of15641/qcore/cmake-build-release/share/entos/1.2.0/data
 Number of threads: 2
 Number of threads was determined by: number of physical cores

 --------------------------------------------------------------------------------
                                  command: bchla                                 
 --------------------------------------------------------------------------------
 XTB basis setup:                        reference basis
 Number of basis functions:            404
 GFN version:                            gfn1
 Integral screening threshold:           1.00e-10
 Total charge:                           0.000000000
 Number of electrons:                  344.000000000
 Electronic temperature (Kelvin):        0.000000000

 D3BJ energy:                           -0.094852766
 Repulsive energy:                       2.517884224

 ------------------------------------------------
  Running self-consistent charge (SCC) algorithm 
 ------------------------------------------------
 Broyden mixing factor:                  0.40
 Max number of iterations:             128
 Conv. threshold (charge):               1.00e-05
 Conv. threshold (energy):               1.00e-06
 Initial guess:                          SAD

 ---------------------------------------------------------------
                  energy        change          grad        time
 ---------------------------------------------------------------
   0      -201.673430014                    6.43e-01        0.05
   1      -202.287831212     -6.14e-01      3.75e-01        0.05
   2      -202.259610681      2.82e-02      6.08e-02        0.04
   3      -202.285378084     -2.58e-02      1.49e-02        0.04
   4      -202.306588477     -2.12e-02      2.60e-03        0.04
   5      -202.307128258     -5.40e-04      7.52e-04        0.05
   6      -202.307156993     -2.87e-05      2.54e-04        0.04
   7      -202.307161718     -4.72e-06      7.08e-05        0.15
   8      -202.307162129     -4.12e-07      2.65e-05        0.07
   9      -202.307162137     -8.00e-09      1.03e-05        0.05
  10      -202.307162138     -8.56e-10      3.01e-06        0.05
  11      -202.307162138     -9.51e-11      1.01e-06        0.04

 SCF converged in 10 iterations.

 Entropy contribution (-ST):             0.000000000
 Dipole moment (in Debye):               1.653190      -0.482410      -4.529620
 Setting up Delta-SCF
 Ground-Excited state overlap:           0.000000000
 No correction applied to the TDM.
 Excitation energy:                      0.110696550
 Excitation energy (in eV):              3.012206579
 Transition dipole:                      1.88429      -0.98907      -2.80668
 Saving results in set 'frame_685'

 --------------------------------------------------------------------------------

 End time:                               Mon May 24 16:03:36 2021
 Total wall-clock time:                  1.195 seconds
==================================================================================
