
================================================================================
          _____________ ________ _______________ ________     _________         
         / ___________// ______ \\_____   _____// ______ \   / ________)        
        / /_________  / /      \ \     | |     / /      \ \ | (_______          
       |  __________|| |        | |    | |    | |        | | \________ \        
        \ \_________ | |        | |    | |     \ \______/ /___________) |       
         \__________||_|        |_|    |_|      \________//____________/        
                                                                                
====================================[ Qcore ]===================================

 Git hash:   b27a5f96910dca04bf09adb1496985de0081c8b6
 Git date:   Tue, 11 May 2021 09:58:05 -0400
 Compiler:   AppleClang 10.0.1.10010046
 Build type: Release
 Version:    1.2.0

 Start time: Mon May 24 15:57:01 2021

 Data directory: /Users/of15641/qcore/cmake-build-release/share/entos/1.2.0/data
 Number of threads: 2
 Number of threads was determined by: number of physical cores

 --------------------------------------------------------------------------------
                                  command: bchla                                 
 --------------------------------------------------------------------------------
 XTB basis setup:                        reference basis
 Number of basis functions:            404
 GFN version:                            gfn1
 Integral screening threshold:           1.00e-10
 Total charge:                           0.000000000
 Number of electrons:                  344.000000000
 Electronic temperature (Kelvin):        0.000000000

 D3BJ energy:                           -0.094840165
 Repulsive energy:                       2.550917008

 ------------------------------------------------
  Running self-consistent charge (SCC) algorithm 
 ------------------------------------------------
 Broyden mixing factor:                  0.40
 Max number of iterations:             128
 Conv. threshold (charge):               1.00e-05
 Conv. threshold (energy):               1.00e-06
 Initial guess:                          SAD

 ---------------------------------------------------------------
                  energy        change          grad        time
 ---------------------------------------------------------------
   0      -201.698069731                    6.43e-01        0.03
   1      -202.275153254     -5.77e-01      3.75e-01        0.03
   2      -202.270723022      4.43e-03      5.59e-02        0.02
   3      -202.285451197     -1.47e-02      7.80e-03        0.03
   4      -202.289860832     -4.41e-03      2.16e-03        0.03
   5      -202.290245263     -3.84e-04      7.37e-04        0.03
   6      -202.290278576     -3.33e-05      1.62e-04        0.03
   7      -202.290279607     -1.03e-06      5.10e-05        0.03
   8      -202.290279854     -2.47e-07      1.67e-05        0.03
   9      -202.290279863     -9.43e-09      6.05e-06        0.02
  10      -202.290279864     -6.36e-10      2.09e-06        0.03

 SCF converged in 9 iterations.

 Entropy contribution (-ST):             0.000000000
 Dipole moment (in Debye):               0.664055      -2.356596      -2.663432
 Setting up Delta-SCF
 Ground-Excited state overlap:           0.000000000
 No correction applied to the TDM.
 Excitation energy:                      0.108721258
 Excitation energy (in eV):              2.958456143
 Transition dipole:                      0.08840       3.03710       1.73518
 Saving results in set 'frame_238'

 --------------------------------------------------------------------------------

 End time:                               Mon May 24 15:57:01 2021
 Total wall-clock time:                  0.731 seconds
==================================================================================
