
================================================================================
          _____________ ________ _______________ ________     _________         
         / ___________// ______ \\_____   _____// ______ \   / ________)        
        / /_________  / /      \ \     | |     / /      \ \ | (_______          
       |  __________|| |        | |    | |    | |        | | \________ \        
        \ \_________ | |        | |    | |     \ \______/ /___________) |       
         \__________||_|        |_|    |_|      \________//____________/        
                                                                                
====================================[ Qcore ]===================================

 Git hash:   b27a5f96910dca04bf09adb1496985de0081c8b6
 Git date:   Tue, 11 May 2021 09:58:05 -0400
 Compiler:   AppleClang 10.0.1.10010046
 Build type: Release
 Version:    1.2.0

 Start time: Mon May 24 15:59:57 2021

 Data directory: /Users/of15641/qcore/cmake-build-release/share/entos/1.2.0/data
 Number of threads: 2
 Number of threads was determined by: number of physical cores

 --------------------------------------------------------------------------------
                                  command: bchla                                 
 --------------------------------------------------------------------------------
 XTB basis setup:                        reference basis
 Number of basis functions:            404
 GFN version:                            gfn1
 Integral screening threshold:           1.00e-10
 Total charge:                           0.000000000
 Number of electrons:                  344.000000000
 Electronic temperature (Kelvin):        0.000000000

 D3BJ energy:                           -0.100227135
 Repulsive energy:                       2.503866125

 ------------------------------------------------
  Running self-consistent charge (SCC) algorithm 
 ------------------------------------------------
 Broyden mixing factor:                  0.40
 Max number of iterations:             128
 Conv. threshold (charge):               1.00e-05
 Conv. threshold (energy):               1.00e-06
 Initial guess:                          SAD

 ---------------------------------------------------------------
                  energy        change          grad        time
 ---------------------------------------------------------------
   0      -201.702343544                    6.42e-01        0.03
   1      -202.298589151     -5.96e-01      3.74e-01        0.08
   2      -202.282768816      1.58e-02      5.95e-02        0.12
   3      -202.301342987     -1.86e-02      1.25e-02        0.41
   4      -202.314344726     -1.30e-02      2.73e-03        0.10
   5      -202.314956037     -6.11e-04      7.13e-04        0.15
   6      -202.314978412     -2.24e-05      1.91e-04        0.10
   7      -202.314980088     -1.68e-06      5.67e-05        0.08
   8      -202.314980405     -3.17e-07      2.35e-05        0.05
   9      -202.314980424     -1.87e-08      9.60e-06        0.06
  10      -202.314980425     -7.06e-10      3.23e-06        0.06

 SCF converged in 9 iterations.

 Entropy contribution (-ST):             0.000000000
 Dipole moment (in Debye):               3.007214       2.119701       0.834867
 Setting up Delta-SCF
 Ground-Excited state overlap:          -0.000000000
 No correction applied to the TDM.
 Excitation energy:                      0.107070132
 Excitation energy (in eV):              2.913526707
 Transition dipole:                     -2.78667      -0.92731       1.91983
 Saving results in set 'frame_466'

 --------------------------------------------------------------------------------

 End time:                               Mon May 24 15:59:59 2021
 Total wall-clock time:                  1.739 seconds
==================================================================================
