
================================================================================
          _____________ ________ _______________ ________     _________         
         / ___________// ______ \\_____   _____// ______ \   / ________)        
        / /_________  / /      \ \     | |     / /      \ \ | (_______          
       |  __________|| |        | |    | |    | |        | | \________ \        
        \ \_________ | |        | |    | |     \ \______/ /___________) |       
         \__________||_|        |_|    |_|      \________//____________/        
                                                                                
====================================[ Qcore ]===================================

 Git hash:   b27a5f96910dca04bf09adb1496985de0081c8b6
 Git date:   Tue, 11 May 2021 09:58:05 -0400
 Compiler:   AppleClang 10.0.1.10010046
 Build type: Release
 Version:    1.2.0

 Start time: Mon May 24 15:52:26 2021

 Data directory: /Users/of15641/qcore/cmake-build-release/share/entos/1.2.0/data
 Number of threads: 2
 Number of threads was determined by: number of physical cores

 --------------------------------------------------------------------------------
                                  command: bchla                                 
 --------------------------------------------------------------------------------
 XTB basis setup:                        reference basis
 Number of basis functions:            404
 GFN version:                            gfn1
 Integral screening threshold:           1.00e-10
 Total charge:                           0.000000000
 Number of electrons:                  344.000000000
 Electronic temperature (Kelvin):        0.000000000

 D3BJ energy:                           -0.099122763
 Repulsive energy:                       2.490376885

 ------------------------------------------------
  Running self-consistent charge (SCC) algorithm 
 ------------------------------------------------
 Broyden mixing factor:                  0.40
 Max number of iterations:             128
 Conv. threshold (charge):               1.00e-05
 Conv. threshold (energy):               1.00e-06
 Initial guess:                          SAD

 ---------------------------------------------------------------
                  energy        change          grad        time
 ---------------------------------------------------------------
   0      -201.721933445                    6.43e-01        0.03
   1      -202.306549602     -5.85e-01      3.75e-01        0.03
   2      -202.286008353      2.05e-02      5.73e-02        0.02
   3      -202.306093963     -2.01e-02      1.29e-02        0.03
   4      -202.323994299     -1.79e-02      2.03e-03        0.02
   5      -202.324339660     -3.45e-04      6.27e-04        0.02
   6      -202.324356205     -1.65e-05      1.45e-04        0.03
   7      -202.324356816     -6.11e-07      4.72e-05        0.02
   8      -202.324356938     -1.21e-07      2.15e-05        0.03
   9      -202.324356949     -1.10e-08      8.05e-06        0.03
  10      -202.324356950     -6.26e-10      2.56e-06        0.02

 SCF converged in 9 iterations.

 Entropy contribution (-ST):             0.000000000
 Dipole moment (in Debye):              -2.340391       3.682202       0.114585
 Setting up Delta-SCF
 Ground-Excited state overlap:           0.000000000
 No correction applied to the TDM.
 Excitation energy:                      0.111955762
 Excitation energy (in eV):              3.046471484
 Transition dipole:                     -2.67425       1.96767       0.65687
 Saving results in set 'frame_1701'

 --------------------------------------------------------------------------------

 End time:                               Mon May 24 15:52:27 2021
 Total wall-clock time:                  0.660 seconds
==================================================================================
