
================================================================================
          _____________ ________ _______________ ________     _________         
         / ___________// ______ \\_____   _____// ______ \   / ________)        
        / /_________  / /      \ \     | |     / /      \ \ | (_______          
       |  __________|| |        | |    | |    | |        | | \________ \        
        \ \_________ | |        | |    | |     \ \______/ /___________) |       
         \__________||_|        |_|    |_|      \________//____________/        
                                                                                
====================================[ Qcore ]===================================

 Git hash:   b27a5f96910dca04bf09adb1496985de0081c8b6
 Git date:   Tue, 11 May 2021 09:58:05 -0400
 Compiler:   AppleClang 10.0.1.10010046
 Build type: Release
 Version:    1.2.0

 Start time: Mon May 24 15:43:50 2021

 Data directory: /Users/of15641/qcore/cmake-build-release/share/entos/1.2.0/data
 Number of threads: 2
 Number of threads was determined by: number of physical cores

 --------------------------------------------------------------------------------
                                  command: bchla                                 
 --------------------------------------------------------------------------------
 XTB basis setup:                        reference basis
 Number of basis functions:            404
 GFN version:                            gfn1
 Integral screening threshold:           1.00e-10
 Total charge:                           0.000000000
 Number of electrons:                  344.000000000
 Electronic temperature (Kelvin):        0.000000000

 D3BJ energy:                           -0.094672212
 Repulsive energy:                       2.520190792

 ------------------------------------------------
  Running self-consistent charge (SCC) algorithm 
 ------------------------------------------------
 Broyden mixing factor:                  0.40
 Max number of iterations:             128
 Conv. threshold (charge):               1.00e-05
 Conv. threshold (energy):               1.00e-06
 Initial guess:                          SAD

 ---------------------------------------------------------------
                  energy        change          grad        time
 ---------------------------------------------------------------
   0      -201.673105066                    6.43e-01        0.05
   1      -202.262212443     -5.89e-01      3.75e-01        0.05
   2      -202.248267566      1.39e-02      5.80e-02        0.04
   3      -202.266131555     -1.79e-02      1.20e-02        0.01
   4      -202.278412552     -1.23e-02      2.60e-03        0.04
   5      -202.278976963     -5.64e-04      7.24e-04        0.04
   6      -202.278999585     -2.26e-05      1.80e-04        0.01
   7      -202.279000604     -1.02e-06      5.55e-05        0.04
   8      -202.279000863     -2.59e-07      2.19e-05        0.04
   9      -202.279000876     -1.30e-08      8.65e-06        0.01
  10      -202.279000876     -4.02e-10      2.89e-06        0.04

 SCF converged in 9 iterations.

 Entropy contribution (-ST):             0.000000000
 Dipole moment (in Debye):               1.141175       2.685484      -4.631950
 Setting up Delta-SCF
 Ground-Excited state overlap:          -0.000000000
 No correction applied to the TDM.
 Excitation energy:                      0.108916771
 Excitation energy (in eV):              2.963776338
 Transition dipole:                      0.41100       0.87710       2.96168
 Saving results in set 'frame_1'

 --------------------------------------------------------------------------------

 End time:                               Mon May 24 15:43:51 2021
 Total wall-clock time:                  0.745 seconds
==================================================================================
