
================================================================================
          _____________ ________ _______________ ________     _________         
         / ___________// ______ \\_____   _____// ______ \   / ________)        
        / /_________  / /      \ \     | |     / /      \ \ | (_______          
       |  __________|| |        | |    | |    | |        | | \________ \        
        \ \_________ | |        | |    | |     \ \______/ /___________) |       
         \__________||_|        |_|    |_|      \________//____________/        
                                                                                
====================================[ Qcore ]===================================

 Git hash:   b27a5f96910dca04bf09adb1496985de0081c8b6
 Git date:   Tue, 11 May 2021 09:58:05 -0400
 Compiler:   AppleClang 10.0.1.10010046
 Build type: Release
 Version:    1.2.0

 Start time: Mon May 24 16:03:15 2021

 Data directory: /Users/of15641/qcore/cmake-build-release/share/entos/1.2.0/data
 Number of threads: 2
 Number of threads was determined by: number of physical cores

 --------------------------------------------------------------------------------
                                  command: bchla                                 
 --------------------------------------------------------------------------------
 XTB basis setup:                        reference basis
 Number of basis functions:            404
 GFN version:                            gfn1
 Integral screening threshold:           1.00e-10
 Total charge:                           0.000000000
 Number of electrons:                  344.000000000
 Electronic temperature (Kelvin):        0.000000000

 D3BJ energy:                           -0.095795744
 Repulsive energy:                       2.498557091

 ------------------------------------------------
  Running self-consistent charge (SCC) algorithm 
 ------------------------------------------------
 Broyden mixing factor:                  0.40
 Max number of iterations:             128
 Conv. threshold (charge):               1.00e-05
 Conv. threshold (energy):               1.00e-06
 Initial guess:                          SAD

 ---------------------------------------------------------------
                  energy        change          grad        time
 ---------------------------------------------------------------
   0      -201.661901183                    6.42e-01        0.03
   1      -202.250793190     -5.89e-01      3.75e-01        0.03
   2      -202.235102254      1.57e-02      5.84e-02        0.03
   3      -202.252720041     -1.76e-02      1.25e-02        0.02
   4      -202.267087318     -1.44e-02      2.36e-03        0.02
   5      -202.267556238     -4.69e-04      6.46e-04        0.02
   6      -202.267572995     -1.68e-05      1.50e-04        0.02
   7      -202.267573701     -7.06e-07      4.04e-05        0.02
   8      -202.267573766     -6.53e-08      1.93e-05        0.02
   9      -202.267573777     -1.02e-08      7.01e-06        0.02
  10      -202.267573778     -1.37e-09      2.61e-06        0.02

 SCF converged in 9 iterations.

 Entropy contribution (-ST):             0.000000000
 Dipole moment (in Debye):               1.791427      -0.471336      -5.485255
 Setting up Delta-SCF
 Ground-Excited state overlap:          -0.000000000
 No correction applied to the TDM.
 Excitation energy:                      0.111187028
 Excitation energy (in eV):              3.025553165
 Transition dipole:                      2.32358      -0.47424      -2.63785
 Saving results in set 'frame_665'

 --------------------------------------------------------------------------------

 End time:                               Mon May 24 16:03:16 2021
 Total wall-clock time:                  0.658 seconds
==================================================================================
