
================================================================================
          _____________ ________ _______________ ________     _________         
         / ___________// ______ \\_____   _____// ______ \   / ________)        
        / /_________  / /      \ \     | |     / /      \ \ | (_______          
       |  __________|| |        | |    | |    | |        | | \________ \        
        \ \_________ | |        | |    | |     \ \______/ /___________) |       
         \__________||_|        |_|    |_|      \________//____________/        
                                                                                
====================================[ Qcore ]===================================

 Git hash:   b27a5f96910dca04bf09adb1496985de0081c8b6
 Git date:   Tue, 11 May 2021 09:58:05 -0400
 Compiler:   AppleClang 10.0.1.10010046
 Build type: Release
 Version:    1.2.0

 Start time: Mon May 24 16:06:21 2021

 Data directory: /Users/of15641/qcore/cmake-build-release/share/entos/1.2.0/data
 Number of threads: 2
 Number of threads was determined by: number of physical cores

 --------------------------------------------------------------------------------
                                  command: bchla                                 
 --------------------------------------------------------------------------------
 XTB basis setup:                        reference basis
 Number of basis functions:            404
 GFN version:                            gfn1
 Integral screening threshold:           1.00e-10
 Total charge:                           0.000000000
 Number of electrons:                  344.000000000
 Electronic temperature (Kelvin):        0.000000000

 D3BJ energy:                           -0.097732640
 Repulsive energy:                       2.539027181

 ------------------------------------------------
  Running self-consistent charge (SCC) algorithm 
 ------------------------------------------------
 Broyden mixing factor:                  0.40
 Max number of iterations:             128
 Conv. threshold (charge):               1.00e-05
 Conv. threshold (energy):               1.00e-06
 Initial guess:                          SAD

 ---------------------------------------------------------------
                  energy        change          grad        time
 ---------------------------------------------------------------
   0      -201.597050872                    6.43e-01        0.03
   1      -202.197864923     -6.01e-01      3.75e-01        0.02
   2      -202.190345113      7.52e-03      5.74e-02        0.02
   3      -202.203769069     -1.34e-02      9.52e-03        0.02
   4      -202.211735908     -7.97e-03      2.32e-03        0.02
   5      -202.212205160     -4.69e-04      7.26e-04        0.02
   6      -202.212232691     -2.75e-05      1.91e-04        0.02
   7      -202.212234317     -1.63e-06      6.60e-05        0.02
   8      -202.212234800     -4.83e-07      2.06e-05        0.02
   9      -202.212234815     -1.52e-08      7.33e-06        0.02
  10      -202.212234816     -4.70e-10      2.61e-06        0.02

 SCF converged in 9 iterations.

 Entropy contribution (-ST):             0.000000000
 Dipole moment (in Debye):               3.126163       0.397509      -3.905983
 Setting up Delta-SCF
 Ground-Excited state overlap:          -0.000000000
 No correction applied to the TDM.
 Excitation energy:                      0.108785357
 Excitation energy (in eV):              2.960200363
 Transition dipole:                     -0.14925       0.20582       3.50557
 Saving results in set 'frame_858'

 --------------------------------------------------------------------------------

 End time:                               Mon May 24 16:06:22 2021
 Total wall-clock time:                  0.591 seconds
==================================================================================
