
================================================================================
          _____________ ________ _______________ ________     _________         
         / ___________// ______ \\_____   _____// ______ \   / ________)        
        / /_________  / /      \ \     | |     / /      \ \ | (_______          
       |  __________|| |        | |    | |    | |        | | \________ \        
        \ \_________ | |        | |    | |     \ \______/ /___________) |       
         \__________||_|        |_|    |_|      \________//____________/        
                                                                                
====================================[ Qcore ]===================================

 Git hash:   b27a5f96910dca04bf09adb1496985de0081c8b6
 Git date:   Tue, 11 May 2021 09:58:05 -0400
 Compiler:   AppleClang 10.0.1.10010046
 Build type: Release
 Version:    1.2.0

 Start time: Mon May 24 15:49:03 2021

 Data directory: /Users/of15641/qcore/cmake-build-release/share/entos/1.2.0/data
 Number of threads: 2
 Number of threads was determined by: number of physical cores

 --------------------------------------------------------------------------------
                                  command: bchla                                 
 --------------------------------------------------------------------------------
 XTB basis setup:                        reference basis
 Number of basis functions:            404
 GFN version:                            gfn1
 Integral screening threshold:           1.00e-10
 Total charge:                           0.000000000
 Number of electrons:                  344.000000000
 Electronic temperature (Kelvin):        0.000000000

 D3BJ energy:                           -0.096716603
 Repulsive energy:                       2.400458729

 ------------------------------------------------
  Running self-consistent charge (SCC) algorithm 
 ------------------------------------------------
 Broyden mixing factor:                  0.40
 Max number of iterations:             128
 Conv. threshold (charge):               1.00e-05
 Conv. threshold (energy):               1.00e-06
 Initial guess:                          SAD

 ---------------------------------------------------------------
                  energy        change          grad        time
 ---------------------------------------------------------------
   0      -201.655080718                    6.41e-01        0.02
   1      -202.255622336     -6.01e-01      3.74e-01        0.02
   2      -202.233159535      2.25e-02      5.91e-02        0.02
   3      -202.252614673     -1.95e-02      1.43e-02        0.02
   4      -202.273251756     -2.06e-02      2.74e-03        0.02
   5      -202.273896677     -6.45e-04      6.78e-04        0.02
   6      -202.273913897     -1.72e-05      1.68e-04        0.02
   7      -202.273914633     -7.37e-07      4.86e-05        0.02
   8      -202.273914668     -3.49e-08      2.06e-05        0.02
   9      -202.273914670     -1.85e-09      8.01e-06        0.02
  10      -202.273914671     -8.83e-10      2.94e-06        0.02

 SCF converged in 9 iterations.

 Entropy contribution (-ST):             0.000000000
 Dipole moment (in Debye):               4.261157       1.798185      -2.103118
 Setting up Delta-SCF
 Ground-Excited state overlap:           0.000000000
 No correction applied to the TDM.
 Excitation energy:                      0.108206341
 Excitation energy (in eV):              2.944444536
 Transition dipole:                      3.30897       0.52343       0.98958
 Saving results in set 'frame_146'

 --------------------------------------------------------------------------------

 End time:                               Mon May 24 15:49:04 2021
 Total wall-clock time:                  0.491 seconds
==================================================================================
