
================================================================================
          _____________ ________ _______________ ________     _________         
         / ___________// ______ \\_____   _____// ______ \   / ________)        
        / /_________  / /      \ \     | |     / /      \ \ | (_______          
       |  __________|| |        | |    | |    | |        | | \________ \        
        \ \_________ | |        | |    | |     \ \______/ /___________) |       
         \__________||_|        |_|    |_|      \________//____________/        
                                                                                
====================================[ Qcore ]===================================

 Git hash:   b27a5f96910dca04bf09adb1496985de0081c8b6
 Git date:   Tue, 11 May 2021 09:58:05 -0400
 Compiler:   AppleClang 10.0.1.10010046
 Build type: Release
 Version:    1.2.0

 Start time: Mon May 24 15:59:44 2021

 Data directory: /Users/of15641/qcore/cmake-build-release/share/entos/1.2.0/data
 Number of threads: 2
 Number of threads was determined by: number of physical cores

 --------------------------------------------------------------------------------
                                  command: bchla                                 
 --------------------------------------------------------------------------------
 XTB basis setup:                        reference basis
 Number of basis functions:            404
 GFN version:                            gfn1
 Integral screening threshold:           1.00e-10
 Total charge:                           0.000000000
 Number of electrons:                  344.000000000
 Electronic temperature (Kelvin):        0.000000000

 D3BJ energy:                           -0.098534269
 Repulsive energy:                       2.490771367

 ------------------------------------------------
  Running self-consistent charge (SCC) algorithm 
 ------------------------------------------------
 Broyden mixing factor:                  0.40
 Max number of iterations:             128
 Conv. threshold (charge):               1.00e-05
 Conv. threshold (energy):               1.00e-06
 Initial guess:                          SAD

 ---------------------------------------------------------------
                  energy        change          grad        time
 ---------------------------------------------------------------
   0      -201.691167766                    6.42e-01        0.03
   1      -202.278234518     -5.87e-01      3.75e-01        0.02
   2      -202.258222842      2.00e-02      5.83e-02        0.02
   3      -202.277095329     -1.89e-02      1.34e-02        0.02
   4      -202.294803295     -1.77e-02      2.72e-03        0.02
   5      -202.295542792     -7.39e-04      7.09e-04        0.02
   6      -202.295565605     -2.28e-05      1.58e-04        0.02
   7      -202.295566264     -6.58e-07      4.91e-05        0.02
   8      -202.295566332     -6.88e-08      2.05e-05        0.02
   9      -202.295566337     -4.79e-09      9.97e-06        0.02
  10      -202.295566341     -3.57e-09      3.20e-06        0.02

 SCF converged in 9 iterations.

 Entropy contribution (-ST):             0.000000000
 Dipole moment (in Debye):               1.211221       0.682825       1.869017
 Setting up Delta-SCF
 Ground-Excited state overlap:           0.000000000
 No correction applied to the TDM.
 Excitation energy:                      0.106853929
 Excitation energy (in eV):              2.907643547
 Transition dipole:                      3.22293       1.43143       1.35504
 Saving results in set 'frame_448'

 --------------------------------------------------------------------------------

 End time:                               Mon May 24 15:59:44 2021
 Total wall-clock time:                  0.618 seconds
==================================================================================
