
================================================================================
          _____________ ________ _______________ ________     _________         
         / ___________// ______ \\_____   _____// ______ \   / ________)        
        / /_________  / /      \ \     | |     / /      \ \ | (_______          
       |  __________|| |        | |    | |    | |        | | \________ \        
        \ \_________ | |        | |    | |     \ \______/ /___________) |       
         \__________||_|        |_|    |_|      \________//____________/        
                                                                                
====================================[ Qcore ]===================================

 Git hash:   b27a5f96910dca04bf09adb1496985de0081c8b6
 Git date:   Tue, 11 May 2021 09:58:05 -0400
 Compiler:   AppleClang 10.0.1.10010046
 Build type: Release
 Version:    1.2.0

 Start time: Mon May 24 15:53:05 2021

 Data directory: /Users/of15641/qcore/cmake-build-release/share/entos/1.2.0/data
 Number of threads: 2
 Number of threads was determined by: number of physical cores

 --------------------------------------------------------------------------------
                                  command: bchla                                 
 --------------------------------------------------------------------------------
 XTB basis setup:                        reference basis
 Number of basis functions:            404
 GFN version:                            gfn1
 Integral screening threshold:           1.00e-10
 Total charge:                           0.000000000
 Number of electrons:                  344.000000000
 Electronic temperature (Kelvin):        0.000000000

 D3BJ energy:                           -0.097832799
 Repulsive energy:                       2.560789203

 ------------------------------------------------
  Running self-consistent charge (SCC) algorithm 
 ------------------------------------------------
 Broyden mixing factor:                  0.40
 Max number of iterations:             128
 Conv. threshold (charge):               1.00e-05
 Conv. threshold (energy):               1.00e-06
 Initial guess:                          SAD

 ---------------------------------------------------------------
                  energy        change          grad        time
 ---------------------------------------------------------------
   0      -201.754199787                    6.44e-01        0.03
   1      -202.338430842     -5.84e-01      3.76e-01        0.03
   2      -202.324345343      1.41e-02      5.80e-02        0.02
   3      -202.346415205     -2.21e-02      1.08e-02        0.03
   4      -202.355867797     -9.45e-03      2.33e-03        0.02
   5      -202.356346313     -4.79e-04      6.10e-04        0.02
   6      -202.356363067     -1.68e-05      1.50e-04        0.02
   7      -202.356363690     -6.24e-07      3.56e-05        0.02
   8      -202.356363714     -2.37e-08      1.43e-05        0.03
   9      -202.356363715     -1.12e-09      4.28e-06        0.02
  10      -202.356363715     -2.70e-10      1.89e-06        0.03

 SCF converged in 9 iterations.

 Entropy contribution (-ST):             0.000000000
 Dipole moment (in Debye):              -3.503281       3.653954      -0.459977
 Setting up Delta-SCF
 Ground-Excited state overlap:          -0.000000000
 No correction applied to the TDM.
 Excitation energy:                      0.112703161
 Excitation energy (in eV):              3.066809258
 Transition dipole:                      0.23036      -3.33802       0.13021
 Saving results in set 'frame_1749'

 --------------------------------------------------------------------------------

 End time:                               Mon May 24 15:53:06 2021
 Total wall-clock time:                  0.770 seconds
==================================================================================
