
================================================================================
          _____________ ________ _______________ ________     _________         
         / ___________// ______ \\_____   _____// ______ \   / ________)        
        / /_________  / /      \ \     | |     / /      \ \ | (_______          
       |  __________|| |        | |    | |    | |        | | \________ \        
        \ \_________ | |        | |    | |     \ \______/ /___________) |       
         \__________||_|        |_|    |_|      \________//____________/        
                                                                                
====================================[ Qcore ]===================================

 Git hash:   b27a5f96910dca04bf09adb1496985de0081c8b6
 Git date:   Tue, 11 May 2021 09:58:05 -0400
 Compiler:   AppleClang 10.0.1.10010046
 Build type: Release
 Version:    1.2.0

 Start time: Mon May 24 15:49:24 2021

 Data directory: /Users/of15641/qcore/cmake-build-release/share/entos/1.2.0/data
 Number of threads: 2
 Number of threads was determined by: number of physical cores

 --------------------------------------------------------------------------------
                                  command: bchla                                 
 --------------------------------------------------------------------------------
 XTB basis setup:                        reference basis
 Number of basis functions:            404
 GFN version:                            gfn1
 Integral screening threshold:           1.00e-10
 Total charge:                           0.000000000
 Number of electrons:                  344.000000000
 Electronic temperature (Kelvin):        0.000000000

 D3BJ energy:                           -0.103699914
 Repulsive energy:                       2.541783112

 ------------------------------------------------
  Running self-consistent charge (SCC) algorithm 
 ------------------------------------------------
 Broyden mixing factor:                  0.40
 Max number of iterations:             128
 Conv. threshold (charge):               1.00e-05
 Conv. threshold (energy):               1.00e-06
 Initial guess:                          SAD

 ---------------------------------------------------------------
                  energy        change          grad        time
 ---------------------------------------------------------------
   0      -201.666642232                    6.43e-01        0.02
   1      -202.280943192     -6.14e-01      3.75e-01        0.02
   2      -202.250231628      3.07e-02      6.08e-02        0.02
   3      -202.276740714     -2.65e-02      1.51e-02        0.02
   4      -202.300539496     -2.38e-02      2.49e-03        0.02
   5      -202.301067559     -5.28e-04      6.62e-04        0.02
   6      -202.301083203     -1.56e-05      2.04e-04        0.02
   7      -202.301085429     -2.23e-06      7.07e-05        0.02
   8      -202.301085961     -5.32e-07      2.42e-05        0.02
   9      -202.301085974     -1.26e-08      1.00e-05        0.03
  10      -202.301085975     -5.03e-10      3.05e-06        0.02

 SCF converged in 9 iterations.

 Entropy contribution (-ST):             0.000000000
 Dipole moment (in Debye):              -3.390649       3.297097       0.268024
 Setting up Delta-SCF
 Ground-Excited state overlap:          -0.000000000
 No correction applied to the TDM.
 Excitation energy:                      0.109073840
 Excitation energy (in eV):              2.968050403
 Transition dipole:                      2.40448      -2.49977      -1.10392
 Saving results in set 'frame_1486'

 --------------------------------------------------------------------------------

 End time:                               Mon May 24 15:49:25 2021
 Total wall-clock time:                  0.552 seconds
==================================================================================
