
================================================================================
          _____________ ________ _______________ ________     _________         
         / ___________// ______ \\_____   _____// ______ \   / ________)        
        / /_________  / /      \ \     | |     / /      \ \ | (_______          
       |  __________|| |        | |    | |    | |        | | \________ \        
        \ \_________ | |        | |    | |     \ \______/ /___________) |       
         \__________||_|        |_|    |_|      \________//____________/        
                                                                                
====================================[ Qcore ]===================================

 Git hash:   b27a5f96910dca04bf09adb1496985de0081c8b6
 Git date:   Tue, 11 May 2021 09:58:05 -0400
 Compiler:   AppleClang 10.0.1.10010046
 Build type: Release
 Version:    1.2.0

 Start time: Mon May 24 15:55:56 2021

 Data directory: /Users/of15641/qcore/cmake-build-release/share/entos/1.2.0/data
 Number of threads: 2
 Number of threads was determined by: number of physical cores

 --------------------------------------------------------------------------------
                                  command: bchla                                 
 --------------------------------------------------------------------------------
 XTB basis setup:                        reference basis
 Number of basis functions:            404
 GFN version:                            gfn1
 Integral screening threshold:           1.00e-10
 Total charge:                           0.000000000
 Number of electrons:                  344.000000000
 Electronic temperature (Kelvin):        0.000000000

 D3BJ energy:                           -0.093456741
 Repulsive energy:                       2.527015583

 ------------------------------------------------
  Running self-consistent charge (SCC) algorithm 
 ------------------------------------------------
 Broyden mixing factor:                  0.40
 Max number of iterations:             128
 Conv. threshold (charge):               1.00e-05
 Conv. threshold (energy):               1.00e-06
 Initial guess:                          SAD

 ---------------------------------------------------------------
                  energy        change          grad        time
 ---------------------------------------------------------------
   0      -201.677342445                    6.43e-01        0.12
   1      -202.258877831     -5.82e-01      3.75e-01        0.03
   2      -202.249628499      9.25e-03      5.67e-02        0.02
   3      -202.265904079     -1.63e-02      9.25e-03        0.03
   4      -202.274048966     -8.14e-03      2.02e-03        0.02
   5      -202.274413802     -3.65e-04      6.58e-04        0.04
   6      -202.274435656     -2.19e-05      1.28e-04        0.02
   7      -202.274436184     -5.28e-07      3.12e-05        0.04
   8      -202.274436201     -1.70e-08      1.30e-05        0.04
   9      -202.274436202     -7.49e-10      5.02e-06        0.02
  10      -202.274436202     -2.83e-10      1.88e-06        0.04

 SCF converged in 9 iterations.

 Entropy contribution (-ST):             0.000000000
 Dipole moment (in Debye):              -2.664950       3.004753       2.777701
 Setting up Delta-SCF
 Ground-Excited state overlap:          -0.000000000
 No correction applied to the TDM.
 Excitation energy:                      0.105880402
 Excitation energy (in eV):              2.881152507
 Transition dipole:                      0.01771      -2.59165      -2.60685
 Saving results in set 'frame_1963'

 --------------------------------------------------------------------------------

 End time:                               Mon May 24 15:55:57 2021
 Total wall-clock time:                  0.806 seconds
==================================================================================
