
================================================================================
          _____________ ________ _______________ ________     _________         
         / ___________// ______ \\_____   _____// ______ \   / ________)        
        / /_________  / /      \ \     | |     / /      \ \ | (_______          
       |  __________|| |        | |    | |    | |        | | \________ \        
        \ \_________ | |        | |    | |     \ \______/ /___________) |       
         \__________||_|        |_|    |_|      \________//____________/        
                                                                                
====================================[ Qcore ]===================================

 Git hash:   b27a5f96910dca04bf09adb1496985de0081c8b6
 Git date:   Tue, 11 May 2021 09:58:05 -0400
 Compiler:   AppleClang 10.0.1.10010046
 Build type: Release
 Version:    1.2.0

 Start time: Mon May 24 15:48:44 2021

 Data directory: /Users/of15641/qcore/cmake-build-release/share/entos/1.2.0/data
 Number of threads: 2
 Number of threads was determined by: number of physical cores

 --------------------------------------------------------------------------------
                                  command: bchla                                 
 --------------------------------------------------------------------------------
 XTB basis setup:                        reference basis
 Number of basis functions:            404
 GFN version:                            gfn1
 Integral screening threshold:           1.00e-10
 Total charge:                           0.000000000
 Number of electrons:                  344.000000000
 Electronic temperature (Kelvin):        0.000000000

 D3BJ energy:                           -0.101380249
 Repulsive energy:                       2.552423839

 ------------------------------------------------
  Running self-consistent charge (SCC) algorithm 
 ------------------------------------------------
 Broyden mixing factor:                  0.40
 Max number of iterations:             128
 Conv. threshold (charge):               1.00e-05
 Conv. threshold (energy):               1.00e-06
 Initial guess:                          SAD

 ---------------------------------------------------------------
                  energy        change          grad        time
 ---------------------------------------------------------------
   0      -201.667215322                    6.43e-01        0.02
   1      -202.279446891     -6.12e-01      3.75e-01        0.02
   2      -202.260357493      1.91e-02      6.00e-02        0.02
   3      -202.280319395     -2.00e-02      1.24e-02        0.02
   4      -202.295292562     -1.50e-02      2.18e-03        0.02
   5      -202.295704584     -4.12e-04      6.06e-04        0.02
   6      -202.295720502     -1.59e-05      1.58e-04        0.02
   7      -202.295721313     -8.11e-07      5.14e-05        0.02
   8      -202.295721516     -2.03e-07      2.34e-05        0.02
   9      -202.295721536     -2.02e-08      7.78e-06        0.02
  10      -202.295721537     -6.20e-10      3.02e-06        0.02

 SCF converged in 9 iterations.

 Entropy contribution (-ST):             0.000000000
 Dipole moment (in Debye):              -4.517212       4.168232      -0.367428
 Setting up Delta-SCF
 Ground-Excited state overlap:          -0.000000000
 No correction applied to the TDM.
 Excitation energy:                      0.111711963
 Excitation energy (in eV):              3.039837374
 Transition dipole:                     -3.51062       0.77060       0.83181
 Saving results in set 'frame_1434'

 --------------------------------------------------------------------------------

 End time:                               Mon May 24 15:48:44 2021
 Total wall-clock time:                  0.493 seconds
==================================================================================
