
================================================================================
          _____________ ________ _______________ ________     _________         
         / ___________// ______ \\_____   _____// ______ \   / ________)        
        / /_________  / /      \ \     | |     / /      \ \ | (_______          
       |  __________|| |        | |    | |    | |        | | \________ \        
        \ \_________ | |        | |    | |     \ \______/ /___________) |       
         \__________||_|        |_|    |_|      \________//____________/        
                                                                                
====================================[ Qcore ]===================================

 Git hash:   b27a5f96910dca04bf09adb1496985de0081c8b6
 Git date:   Tue, 11 May 2021 09:58:05 -0400
 Compiler:   AppleClang 10.0.1.10010046
 Build type: Release
 Version:    1.2.0

 Start time: Mon May 24 15:51:49 2021

 Data directory: /Users/of15641/qcore/cmake-build-release/share/entos/1.2.0/data
 Number of threads: 2
 Number of threads was determined by: number of physical cores

 --------------------------------------------------------------------------------
                                  command: bchla                                 
 --------------------------------------------------------------------------------
 XTB basis setup:                        reference basis
 Number of basis functions:            404
 GFN version:                            gfn1
 Integral screening threshold:           1.00e-10
 Total charge:                           0.000000000
 Number of electrons:                  344.000000000
 Electronic temperature (Kelvin):        0.000000000

 D3BJ energy:                           -0.097273175
 Repulsive energy:                       2.464667306

 ------------------------------------------------
  Running self-consistent charge (SCC) algorithm 
 ------------------------------------------------
 Broyden mixing factor:                  0.40
 Max number of iterations:             128
 Conv. threshold (charge):               1.00e-05
 Conv. threshold (energy):               1.00e-06
 Initial guess:                          SAD

 ---------------------------------------------------------------
                  energy        change          grad        time
 ---------------------------------------------------------------
   0      -201.647264787                    6.42e-01        0.03
   1      -202.257928652     -6.11e-01      3.75e-01        0.02
   2      -202.241530791      1.64e-02      5.85e-02        0.03
   3      -202.258503003     -1.70e-02      1.25e-02        0.02
   4      -202.273918767     -1.54e-02      2.26e-03        0.03
   5      -202.274318191     -3.99e-04      6.45e-04        0.02
   6      -202.274335828     -1.76e-05      1.83e-04        0.03
   7      -202.274337430     -1.60e-06      5.93e-05        0.02
   8      -202.274337751     -3.22e-07      2.16e-05        0.02
   9      -202.274337760     -8.91e-09      7.90e-06        0.02
  10      -202.274337761     -2.74e-10      2.64e-06        0.02

 SCF converged in 9 iterations.

 Entropy contribution (-ST):             0.000000000
 Dipole moment (in Debye):              -2.285102       4.639183       2.753208
 Setting up Delta-SCF
 Ground-Excited state overlap:          -0.000000000
 No correction applied to the TDM.
 Excitation energy:                      0.106149138
 Excitation energy (in eV):              2.888465201
 Transition dipole:                     -1.47211      -1.59849      -2.55295
 Saving results in set 'frame_1661'

 --------------------------------------------------------------------------------

 End time:                               Mon May 24 15:51:50 2021
 Total wall-clock time:                  0.695 seconds
==================================================================================
