
================================================================================
          _____________ ________ _______________ ________     _________         
         / ___________// ______ \\_____   _____// ______ \   / ________)        
        / /_________  / /      \ \     | |     / /      \ \ | (_______          
       |  __________|| |        | |    | |    | |        | | \________ \        
        \ \_________ | |        | |    | |     \ \______/ /___________) |       
         \__________||_|        |_|    |_|      \________//____________/        
                                                                                
====================================[ Qcore ]===================================

 Git hash:   b27a5f96910dca04bf09adb1496985de0081c8b6
 Git date:   Tue, 11 May 2021 09:58:05 -0400
 Compiler:   AppleClang 10.0.1.10010046
 Build type: Release
 Version:    1.2.0

 Start time: Mon May 24 15:52:21 2021

 Data directory: /Users/of15641/qcore/cmake-build-release/share/entos/1.2.0/data
 Number of threads: 2
 Number of threads was determined by: number of physical cores

 --------------------------------------------------------------------------------
                                  command: bchla                                 
 --------------------------------------------------------------------------------
 XTB basis setup:                        reference basis
 Number of basis functions:            404
 GFN version:                            gfn1
 Integral screening threshold:           1.00e-10
 Total charge:                           0.000000000
 Number of electrons:                  344.000000000
 Electronic temperature (Kelvin):        0.000000000

 D3BJ energy:                           -0.093925093
 Repulsive energy:                       2.509589870

 ------------------------------------------------
  Running self-consistent charge (SCC) algorithm 
 ------------------------------------------------
 Broyden mixing factor:                  0.40
 Max number of iterations:             128
 Conv. threshold (charge):               1.00e-05
 Conv. threshold (energy):               1.00e-06
 Initial guess:                          SAD

 ---------------------------------------------------------------
                  energy        change          grad        time
 ---------------------------------------------------------------
   0      -201.681265663                    6.42e-01        0.04
   1      -202.282929506     -6.02e-01      3.75e-01        0.03
   2      -202.266088313      1.68e-02      5.89e-02        0.02
   3      -202.289874364     -2.38e-02      1.13e-02        0.02
   4      -202.301333723     -1.15e-02      2.25e-03        0.03
   5      -202.301809201     -4.75e-04      6.66e-04        0.03
   6      -202.301830873     -2.17e-05      1.55e-04        0.02
   7      -202.301831534     -6.61e-07      5.13e-05        0.02
   8      -202.301831739     -2.05e-07      2.09e-05        0.03
   9      -202.301831751     -1.24e-08      7.39e-06        0.02
  10      -202.301831751     -4.45e-10      2.60e-06        0.03

 SCF converged in 9 iterations.

 Entropy contribution (-ST):             0.000000000
 Dipole moment (in Debye):              -2.639362       5.033148       0.481079
 Setting up Delta-SCF
 Ground-Excited state overlap:           0.000000000
 No correction applied to the TDM.
 Excitation energy:                      0.109838321
 Excitation energy (in eV):              2.988852967
 Transition dipole:                      0.10138      -3.25902      -1.20997
 Saving results in set 'frame_1696'

 --------------------------------------------------------------------------------

 End time:                               Mon May 24 15:52:22 2021
 Total wall-clock time:                  0.712 seconds
==================================================================================
