
================================================================================
          _____________ ________ _______________ ________     _________         
         / ___________// ______ \\_____   _____// ______ \   / ________)        
        / /_________  / /      \ \     | |     / /      \ \ | (_______          
       |  __________|| |        | |    | |    | |        | | \________ \        
        \ \_________ | |        | |    | |     \ \______/ /___________) |       
         \__________||_|        |_|    |_|      \________//____________/        
                                                                                
====================================[ Qcore ]===================================

 Git hash:   b27a5f96910dca04bf09adb1496985de0081c8b6
 Git date:   Tue, 11 May 2021 09:58:05 -0400
 Compiler:   AppleClang 10.0.1.10010046
 Build type: Release
 Version:    1.2.0

 Start time: Mon May 24 16:01:53 2021

 Data directory: /Users/of15641/qcore/cmake-build-release/share/entos/1.2.0/data
 Number of threads: 2
 Number of threads was determined by: number of physical cores

 --------------------------------------------------------------------------------
                                  command: bchla                                 
 --------------------------------------------------------------------------------
 XTB basis setup:                        reference basis
 Number of basis functions:            404
 GFN version:                            gfn1
 Integral screening threshold:           1.00e-10
 Total charge:                           0.000000000
 Number of electrons:                  344.000000000
 Electronic temperature (Kelvin):        0.000000000

 D3BJ energy:                           -0.095409810
 Repulsive energy:                       2.473581802

 ------------------------------------------------
  Running self-consistent charge (SCC) algorithm 
 ------------------------------------------------
 Broyden mixing factor:                  0.40
 Max number of iterations:             128
 Conv. threshold (charge):               1.00e-05
 Conv. threshold (energy):               1.00e-06
 Initial guess:                          SAD

 ---------------------------------------------------------------
                  energy        change          grad        time
 ---------------------------------------------------------------
   0      -201.651662634                    6.42e-01        0.04
   1      -202.270829112     -6.19e-01      3.75e-01        0.03
   2      -202.262127496      8.70e-03      6.09e-02        0.02
   3      -202.282238980     -2.01e-02      8.17e-03        0.03
   4      -202.286586468     -4.35e-03      1.96e-03        0.02
   5      -202.286902469     -3.16e-04      7.52e-04        0.03
   6      -202.286939264     -3.68e-05      1.67e-04        0.02
   7      -202.286940257     -9.93e-07      6.42e-05        0.03
   8      -202.286940637     -3.80e-07      2.22e-05        0.04
   9      -202.286940660     -2.25e-08      7.77e-06        0.03
  10      -202.286940661     -7.87e-10      2.69e-06        0.03

 SCF converged in 9 iterations.

 Entropy contribution (-ST):             0.000000000
 Dipole moment (in Debye):              -5.347583       0.804012      -1.032343
 Setting up Delta-SCF
 Ground-Excited state overlap:          -0.000000000
 No correction applied to the TDM.
 Excitation energy:                      0.101349048
 Excitation energy (in eV):              2.757848086
 Transition dipole:                     -2.67163       0.19517      -2.57580
 Saving results in set 'frame_567'

 --------------------------------------------------------------------------------

 End time:                               Mon May 24 16:01:54 2021
 Total wall-clock time:                  0.753 seconds
==================================================================================
