
================================================================================
          _____________ ________ _______________ ________     _________         
         / ___________// ______ \\_____   _____// ______ \   / ________)        
        / /_________  / /      \ \     | |     / /      \ \ | (_______          
       |  __________|| |        | |    | |    | |        | | \________ \        
        \ \_________ | |        | |    | |     \ \______/ /___________) |       
         \__________||_|        |_|    |_|      \________//____________/        
                                                                                
====================================[ Qcore ]===================================

 Git hash:   b27a5f96910dca04bf09adb1496985de0081c8b6
 Git date:   Tue, 11 May 2021 09:58:05 -0400
 Compiler:   AppleClang 10.0.1.10010046
 Build type: Release
 Version:    1.2.0

 Start time: Mon May 24 15:54:19 2021

 Data directory: /Users/of15641/qcore/cmake-build-release/share/entos/1.2.0/data
 Number of threads: 2
 Number of threads was determined by: number of physical cores

 --------------------------------------------------------------------------------
                                  command: bchla                                 
 --------------------------------------------------------------------------------
 XTB basis setup:                        reference basis
 Number of basis functions:            404
 GFN version:                            gfn1
 Integral screening threshold:           1.00e-10
 Total charge:                           0.000000000
 Number of electrons:                  344.000000000
 Electronic temperature (Kelvin):        0.000000000

 D3BJ energy:                           -0.095446287
 Repulsive energy:                       2.508040733

 ------------------------------------------------
  Running self-consistent charge (SCC) algorithm 
 ------------------------------------------------
 Broyden mixing factor:                  0.40
 Max number of iterations:             128
 Conv. threshold (charge):               1.00e-05
 Conv. threshold (energy):               1.00e-06
 Initial guess:                          SAD

 ---------------------------------------------------------------
                  energy        change          grad        time
 ---------------------------------------------------------------
   0      -201.739906057                    6.42e-01        0.02
   1      -202.298754320     -5.59e-01      3.75e-01        0.02
   2      -202.286365401      1.24e-02      5.53e-02        0.02
   3      -202.302897696     -1.65e-02      1.07e-02        0.02
   4      -202.313681384     -1.08e-02      2.27e-03        0.02
   5      -202.314152124     -4.71e-04      6.42e-04        0.02
   6      -202.314171621     -1.95e-05      1.70e-04        0.02
   7      -202.314172900     -1.28e-06      5.83e-05        0.02
   8      -202.314173263     -3.63e-07      1.70e-05        0.02
   9      -202.314173268     -5.13e-09      6.16e-06        0.02
  10      -202.314173268     -2.92e-10      2.06e-06        0.02

 SCF converged in 9 iterations.

 Entropy contribution (-ST):             0.000000000
 Dipole moment (in Debye):              -0.913546       3.817471       2.678123
 Setting up Delta-SCF
 Ground-Excited state overlap:          -0.000000000
 No correction applied to the TDM.
 Excitation energy:                      0.107653395
 Excitation energy (in eV):              2.929398123
 Transition dipole:                     -2.59207      -1.91217      -0.34532
 Saving results in set 'frame_1833'

 --------------------------------------------------------------------------------

 End time:                               Mon May 24 15:54:19 2021
 Total wall-clock time:                  0.508 seconds
==================================================================================
