
================================================================================
          _____________ ________ _______________ ________     _________         
         / ___________// ______ \\_____   _____// ______ \   / ________)        
        / /_________  / /      \ \     | |     / /      \ \ | (_______          
       |  __________|| |        | |    | |    | |        | | \________ \        
        \ \_________ | |        | |    | |     \ \______/ /___________) |       
         \__________||_|        |_|    |_|      \________//____________/        
                                                                                
====================================[ Qcore ]===================================

 Git hash:   b27a5f96910dca04bf09adb1496985de0081c8b6
 Git date:   Tue, 11 May 2021 09:58:05 -0400
 Compiler:   AppleClang 10.0.1.10010046
 Build type: Release
 Version:    1.2.0

 Start time: Mon May 24 15:55:26 2021

 Data directory: /Users/of15641/qcore/cmake-build-release/share/entos/1.2.0/data
 Number of threads: 2
 Number of threads was determined by: number of physical cores

 --------------------------------------------------------------------------------
                                  command: bchla                                 
 --------------------------------------------------------------------------------
 XTB basis setup:                        reference basis
 Number of basis functions:            404
 GFN version:                            gfn1
 Integral screening threshold:           1.00e-10
 Total charge:                           0.000000000
 Number of electrons:                  344.000000000
 Electronic temperature (Kelvin):        0.000000000

 D3BJ energy:                           -0.093464145
 Repulsive energy:                       2.509216537

 ------------------------------------------------
  Running self-consistent charge (SCC) algorithm 
 ------------------------------------------------
 Broyden mixing factor:                  0.40
 Max number of iterations:             128
 Conv. threshold (charge):               1.00e-05
 Conv. threshold (energy):               1.00e-06
 Initial guess:                          SAD

 ---------------------------------------------------------------
                  energy        change          grad        time
 ---------------------------------------------------------------
   0      -201.665989740                    6.43e-01        0.03
   1      -202.270692159     -6.05e-01      3.75e-01        0.03
   2      -202.246544866      2.41e-02      6.00e-02        0.03
   3      -202.270172010     -2.36e-02      1.37e-02        0.03
   4      -202.288489230     -1.83e-02      2.33e-03        0.02
   5      -202.288950476     -4.61e-04      7.11e-04        0.03
   6      -202.288974195     -2.37e-05      1.94e-04        0.02
   7      -202.288975814     -1.62e-06      6.80e-05        0.03
   8      -202.288976250     -4.36e-07      2.51e-05        0.03
   9      -202.288976260     -1.03e-08      9.16e-06        0.03
  10      -202.288976261     -4.31e-10      2.75e-06        0.03

 SCF converged in 9 iterations.

 Entropy contribution (-ST):             0.000000000
 Dipole moment (in Debye):              -1.534697       1.223331       4.832577
 Setting up Delta-SCF
 Ground-Excited state overlap:           0.000000000
 No correction applied to the TDM.
 Excitation energy:                      0.109937514
 Excitation energy (in eV):              2.991552143
 Transition dipole:                      1.99672       1.59244       1.91767
 Saving results in set 'frame_1927'

 --------------------------------------------------------------------------------

 End time:                               Mon May 24 15:55:27 2021
 Total wall-clock time:                  0.697 seconds
==================================================================================
