
================================================================================
          _____________ ________ _______________ ________     _________         
         / ___________// ______ \\_____   _____// ______ \   / ________)        
        / /_________  / /      \ \     | |     / /      \ \ | (_______          
       |  __________|| |        | |    | |    | |        | | \________ \        
        \ \_________ | |        | |    | |     \ \______/ /___________) |       
         \__________||_|        |_|    |_|      \________//____________/        
                                                                                
====================================[ Qcore ]===================================

 Git hash:   b27a5f96910dca04bf09adb1496985de0081c8b6
 Git date:   Tue, 11 May 2021 09:58:05 -0400
 Compiler:   AppleClang 10.0.1.10010046
 Build type: Release
 Version:    1.2.0

 Start time: Mon May 24 15:50:35 2021

 Data directory: /Users/of15641/qcore/cmake-build-release/share/entos/1.2.0/data
 Number of threads: 2
 Number of threads was determined by: number of physical cores

 --------------------------------------------------------------------------------
                                  command: bchla                                 
 --------------------------------------------------------------------------------
 XTB basis setup:                        reference basis
 Number of basis functions:            404
 GFN version:                            gfn1
 Integral screening threshold:           1.00e-10
 Total charge:                           0.000000000
 Number of electrons:                  344.000000000
 Electronic temperature (Kelvin):        0.000000000

 D3BJ energy:                           -0.098982737
 Repulsive energy:                       2.528084096

 ------------------------------------------------
  Running self-consistent charge (SCC) algorithm 
 ------------------------------------------------
 Broyden mixing factor:                  0.40
 Max number of iterations:             128
 Conv. threshold (charge):               1.00e-05
 Conv. threshold (energy):               1.00e-06
 Initial guess:                          SAD

 ---------------------------------------------------------------
                  energy        change          grad        time
 ---------------------------------------------------------------
   0      -201.697762972                    6.43e-01        0.03
   1      -202.289371520     -5.92e-01      3.75e-01        0.02
   2      -202.275346045      1.40e-02      5.77e-02        0.02
   3      -202.295648953     -2.03e-02      1.06e-02        0.03
   4      -202.306061123     -1.04e-02      2.09e-03        0.04
   5      -202.306454837     -3.94e-04      6.70e-04        0.04
   6      -202.306478163     -2.33e-05      1.40e-04        0.04
   7      -202.306478661     -4.98e-07      3.73e-05        0.04
   8      -202.306478695     -3.36e-08      1.64e-05        0.02
   9      -202.306478700     -5.00e-09      5.94e-06        0.03
  10      -202.306478701     -1.12e-09      2.46e-06        0.02

 SCF converged in 9 iterations.

 Entropy contribution (-ST):             0.000000000
 Dipole moment (in Debye):              -4.023570       3.420753       0.420544
 Setting up Delta-SCF
 Ground-Excited state overlap:           0.000000000
 No correction applied to the TDM.
 Excitation energy:                      0.113659874
 Excitation energy (in eV):              3.092842741
 Transition dipole:                     -3.18565       1.56139       0.08274
 Saving results in set 'frame_1572'

 --------------------------------------------------------------------------------

 End time:                               Mon May 24 15:50:36 2021
 Total wall-clock time:                  0.714 seconds
==================================================================================
