
================================================================================
          _____________ ________ _______________ ________     _________         
         / ___________// ______ \\_____   _____// ______ \   / ________)        
        / /_________  / /      \ \     | |     / /      \ \ | (_______          
       |  __________|| |        | |    | |    | |        | | \________ \        
        \ \_________ | |        | |    | |     \ \______/ /___________) |       
         \__________||_|        |_|    |_|      \________//____________/        
                                                                                
====================================[ Qcore ]===================================

 Git hash:   b27a5f96910dca04bf09adb1496985de0081c8b6
 Git date:   Tue, 11 May 2021 09:58:05 -0400
 Compiler:   AppleClang 10.0.1.10010046
 Build type: Release
 Version:    1.2.0

 Start time: Mon May 24 16:04:58 2021

 Data directory: /Users/of15641/qcore/cmake-build-release/share/entos/1.2.0/data
 Number of threads: 2
 Number of threads was determined by: number of physical cores

 --------------------------------------------------------------------------------
                                  command: bchla                                 
 --------------------------------------------------------------------------------
 XTB basis setup:                        reference basis
 Number of basis functions:            404
 GFN version:                            gfn1
 Integral screening threshold:           1.00e-10
 Total charge:                           0.000000000
 Number of electrons:                  344.000000000
 Electronic temperature (Kelvin):        0.000000000

 D3BJ energy:                           -0.095040978
 Repulsive energy:                       2.569917674

 ------------------------------------------------
  Running self-consistent charge (SCC) algorithm 
 ------------------------------------------------
 Broyden mixing factor:                  0.40
 Max number of iterations:             128
 Conv. threshold (charge):               1.00e-05
 Conv. threshold (energy):               1.00e-06
 Initial guess:                          SAD

 ---------------------------------------------------------------
                  energy        change          grad        time
 ---------------------------------------------------------------
   0      -201.710707263                    6.43e-01        0.04
   1      -202.299122276     -5.88e-01      3.75e-01        0.04
   2      -202.289415614      9.71e-03      5.76e-02        0.03
   3      -202.307258716     -1.78e-02      9.22e-03        0.03
   4      -202.314351210     -7.09e-03      2.39e-03        0.03
   5      -202.314874263     -5.23e-04      6.78e-04        0.03
   6      -202.314898164     -2.39e-05      1.52e-04        0.03
   7      -202.314898881     -7.17e-07      4.51e-05        0.03
   8      -202.314899005     -1.23e-07      1.77e-05        0.03
   9      -202.314899015     -9.80e-09      6.87e-06        0.03
  10      -202.314899016     -1.50e-09      2.48e-06        0.03

 SCF converged in 9 iterations.

 Entropy contribution (-ST):             0.000000000
 Dipole moment (in Debye):               0.301061       1.335630      -3.293802
 Setting up Delta-SCF
 Ground-Excited state overlap:           0.000000000
 No correction applied to the TDM.
 Excitation energy:                      0.108094810
 Excitation energy (in eV):              2.941409619
 Transition dipole:                      2.04127       1.25720      -2.85213
 Saving results in set 'frame_762'

 --------------------------------------------------------------------------------

 End time:                               Mon May 24 16:04:58 2021
 Total wall-clock time:                  0.823 seconds
==================================================================================
