
================================================================================
          _____________ ________ _______________ ________     _________         
         / ___________// ______ \\_____   _____// ______ \   / ________)        
        / /_________  / /      \ \     | |     / /      \ \ | (_______          
       |  __________|| |        | |    | |    | |        | | \________ \        
        \ \_________ | |        | |    | |     \ \______/ /___________) |       
         \__________||_|        |_|    |_|      \________//____________/        
                                                                                
====================================[ Qcore ]===================================

 Git hash:   b27a5f96910dca04bf09adb1496985de0081c8b6
 Git date:   Tue, 11 May 2021 09:58:05 -0400
 Compiler:   AppleClang 10.0.1.10010046
 Build type: Release
 Version:    1.2.0

 Start time: Mon May 24 15:49:10 2021

 Data directory: /Users/of15641/qcore/cmake-build-release/share/entos/1.2.0/data
 Number of threads: 2
 Number of threads was determined by: number of physical cores

 --------------------------------------------------------------------------------
                                  command: bchla                                 
 --------------------------------------------------------------------------------
 XTB basis setup:                        reference basis
 Number of basis functions:            404
 GFN version:                            gfn1
 Integral screening threshold:           1.00e-10
 Total charge:                           0.000000000
 Number of electrons:                  344.000000000
 Electronic temperature (Kelvin):        0.000000000

 D3BJ energy:                           -0.094487356
 Repulsive energy:                       2.463880304

 ------------------------------------------------
  Running self-consistent charge (SCC) algorithm 
 ------------------------------------------------
 Broyden mixing factor:                  0.40
 Max number of iterations:             128
 Conv. threshold (charge):               1.00e-05
 Conv. threshold (energy):               1.00e-06
 Initial guess:                          SAD

 ---------------------------------------------------------------
                  energy        change          grad        time
 ---------------------------------------------------------------
   0      -201.641560335                    6.42e-01        0.02
   1      -202.221226217     -5.80e-01      3.74e-01        0.02
   2      -202.210752217      1.05e-02      5.68e-02        0.02
   3      -202.224398643     -1.36e-02      1.07e-02        0.02
   4      -202.235777310     -1.14e-02      2.09e-03        0.02
   5      -202.236149696     -3.72e-04      6.54e-04        0.02
   6      -202.236167839     -1.81e-05      1.40e-04        0.02
   7      -202.236168425     -5.86e-07      4.01e-05        0.02
   8      -202.236168499     -7.37e-08      1.82e-05        0.02
   9      -202.236168511     -1.21e-08      7.53e-06        0.02
  10      -202.236168513     -1.90e-09      2.74e-06        0.02

 SCF converged in 9 iterations.

 Entropy contribution (-ST):             0.000000000
 Dipole moment (in Debye):               2.434232       2.016179      -0.591438
 Setting up Delta-SCF
 Ground-Excited state overlap:          -0.000000000
 No correction applied to the TDM.
 Excitation energy:                      0.106847350
 Excitation energy (in eV):              2.907464514
 Transition dipole:                     -3.79800       0.65407       0.31533
 Saving results in set 'frame_147'

 --------------------------------------------------------------------------------

 End time:                               Mon May 24 15:49:11 2021
 Total wall-clock time:                  0.508 seconds
==================================================================================
