
================================================================================
          _____________ ________ _______________ ________     _________         
         / ___________// ______ \\_____   _____// ______ \   / ________)        
        / /_________  / /      \ \     | |     / /      \ \ | (_______          
       |  __________|| |        | |    | |    | |        | | \________ \        
        \ \_________ | |        | |    | |     \ \______/ /___________) |       
         \__________||_|        |_|    |_|      \________//____________/        
                                                                                
====================================[ Qcore ]===================================

 Git hash:   b27a5f96910dca04bf09adb1496985de0081c8b6
 Git date:   Tue, 11 May 2021 09:58:05 -0400
 Compiler:   AppleClang 10.0.1.10010046
 Build type: Release
 Version:    1.2.0

 Start time: Mon May 24 15:59:34 2021

 Data directory: /Users/of15641/qcore/cmake-build-release/share/entos/1.2.0/data
 Number of threads: 2
 Number of threads was determined by: number of physical cores

 --------------------------------------------------------------------------------
                                  command: bchla                                 
 --------------------------------------------------------------------------------
 XTB basis setup:                        reference basis
 Number of basis functions:            404
 GFN version:                            gfn1
 Integral screening threshold:           1.00e-10
 Total charge:                           0.000000000
 Number of electrons:                  344.000000000
 Electronic temperature (Kelvin):        0.000000000

 D3BJ energy:                           -0.101892587
 Repulsive energy:                       2.570299789

 ------------------------------------------------
  Running self-consistent charge (SCC) algorithm 
 ------------------------------------------------
 Broyden mixing factor:                  0.40
 Max number of iterations:             128
 Conv. threshold (charge):               1.00e-05
 Conv. threshold (energy):               1.00e-06
 Initial guess:                          SAD

 ---------------------------------------------------------------
                  energy        change          grad        time
 ---------------------------------------------------------------
   0      -201.702384251                    6.44e-01        0.02
   1      -202.296998512     -5.95e-01      3.76e-01        0.02
   2      -202.274613317      2.24e-02      5.89e-02        0.02
   3      -202.297994902     -2.34e-02      1.34e-02        0.02
   4      -202.315016596     -1.70e-02      2.53e-03        0.02
   5      -202.315574564     -5.58e-04      6.39e-04        0.02
   6      -202.315590651     -1.61e-05      1.73e-04        0.02
   7      -202.315591797     -1.15e-06      5.59e-05        0.02
   8      -202.315592077     -2.80e-07      2.25e-05        0.02
   9      -202.315592092     -1.43e-08      8.86e-06        0.02
  10      -202.315592092     -4.55e-10      2.80e-06        0.02

 SCF converged in 9 iterations.

 Entropy contribution (-ST):             0.000000000
 Dipole moment (in Debye):               3.495276       1.425482       2.022596
 Setting up Delta-SCF
 Ground-Excited state overlap:           0.000000000
 No correction applied to the TDM.
 Excitation energy:                      0.109587344
 Excitation energy (in eV):              2.982023556
 Transition dipole:                      3.19228      -0.37526      -1.47689
 Saving results in set 'frame_436'

 --------------------------------------------------------------------------------

 End time:                               Mon May 24 15:59:35 2021
 Total wall-clock time:                  0.558 seconds
==================================================================================
