
================================================================================
          _____________ ________ _______________ ________     _________         
         / ___________// ______ \\_____   _____// ______ \   / ________)        
        / /_________  / /      \ \     | |     / /      \ \ | (_______          
       |  __________|| |        | |    | |    | |        | | \________ \        
        \ \_________ | |        | |    | |     \ \______/ /___________) |       
         \__________||_|        |_|    |_|      \________//____________/        
                                                                                
====================================[ Qcore ]===================================

 Git hash:   b27a5f96910dca04bf09adb1496985de0081c8b6
 Git date:   Tue, 11 May 2021 09:58:05 -0400
 Compiler:   AppleClang 10.0.1.10010046
 Build type: Release
 Version:    1.2.0

 Start time: Mon May 24 15:46:12 2021

 Data directory: /Users/of15641/qcore/cmake-build-release/share/entos/1.2.0/data
 Number of threads: 2
 Number of threads was determined by: number of physical cores

 --------------------------------------------------------------------------------
                                  command: bchla                                 
 --------------------------------------------------------------------------------
 XTB basis setup:                        reference basis
 Number of basis functions:            404
 GFN version:                            gfn1
 Integral screening threshold:           1.00e-10
 Total charge:                           0.000000000
 Number of electrons:                  344.000000000
 Electronic temperature (Kelvin):        0.000000000

 D3BJ energy:                           -0.099431728
 Repulsive energy:                       2.617543436

 ------------------------------------------------
  Running self-consistent charge (SCC) algorithm 
 ------------------------------------------------
 Broyden mixing factor:                  0.40
 Max number of iterations:             128
 Conv. threshold (charge):               1.00e-05
 Conv. threshold (energy):               1.00e-06
 Initial guess:                          SAD

 ---------------------------------------------------------------
                  energy        change          grad        time
 ---------------------------------------------------------------
   0      -201.747380556                    6.44e-01        0.04
   1      -202.327716550     -5.80e-01      3.76e-01        0.07
   2      -202.315416243      1.23e-02      5.74e-02        0.05
   3      -202.335307666     -1.99e-02      1.08e-02        0.07
   4      -202.344736338     -9.43e-03      2.45e-03        0.12
   5      -202.345275772     -5.39e-04      6.58e-04        0.04
   6      -202.345296150     -2.04e-05      1.45e-04        0.04
   7      -202.345296695     -5.46e-07      3.36e-05        0.12
   8      -202.345296721     -2.60e-08      1.27e-05        0.06
   9      -202.345296723     -1.41e-09      5.00e-06        0.04
  10      -202.345296723     -6.32e-10      2.01e-06        0.06

 SCF converged in 9 iterations.

 Entropy contribution (-ST):             0.000000000
 Dipole moment (in Debye):               0.986406       4.465184      -3.893826
 Setting up Delta-SCF
 Ground-Excited state overlap:           0.000000000
 No correction applied to the TDM.
 Excitation energy:                      0.110052805
 Excitation energy (in eV):              2.994689384
 Transition dipole:                     -0.16050      -2.93442       2.18204
 Saving results in set 'frame_1201'

 --------------------------------------------------------------------------------

 End time:                               Mon May 24 15:46:13 2021
 Total wall-clock time:                  1.134 seconds
==================================================================================
