
================================================================================
          _____________ ________ _______________ ________     _________         
         / ___________// ______ \\_____   _____// ______ \   / ________)        
        / /_________  / /      \ \     | |     / /      \ \ | (_______          
       |  __________|| |        | |    | |    | |        | | \________ \        
        \ \_________ | |        | |    | |     \ \______/ /___________) |       
         \__________||_|        |_|    |_|      \________//____________/        
                                                                                
====================================[ Qcore ]===================================

 Git hash:   b27a5f96910dca04bf09adb1496985de0081c8b6
 Git date:   Tue, 11 May 2021 09:58:05 -0400
 Compiler:   AppleClang 10.0.1.10010046
 Build type: Release
 Version:    1.2.0

 Start time: Mon May 24 15:43:54 2021

 Data directory: /Users/of15641/qcore/cmake-build-release/share/entos/1.2.0/data
 Number of threads: 2
 Number of threads was determined by: number of physical cores

 --------------------------------------------------------------------------------
                                  command: bchla                                 
 --------------------------------------------------------------------------------
 XTB basis setup:                        reference basis
 Number of basis functions:            404
 GFN version:                            gfn1
 Integral screening threshold:           1.00e-10
 Total charge:                           0.000000000
 Number of electrons:                  344.000000000
 Electronic temperature (Kelvin):        0.000000000

 D3BJ energy:                           -0.096601989
 Repulsive energy:                       2.470809618

 ------------------------------------------------
  Running self-consistent charge (SCC) algorithm 
 ------------------------------------------------
 Broyden mixing factor:                  0.40
 Max number of iterations:             128
 Conv. threshold (charge):               1.00e-05
 Conv. threshold (energy):               1.00e-06
 Initial guess:                          SAD

 ---------------------------------------------------------------
                  energy        change          grad        time
 ---------------------------------------------------------------
   0      -201.664999097                    6.42e-01        0.03
   1      -202.277671294     -6.13e-01      3.75e-01        0.03
   2      -202.266288953      1.14e-02      5.97e-02        0.02
   3      -202.287695261     -2.14e-02      9.42e-03        0.02
   4      -202.294738802     -7.04e-03      1.98e-03        0.03
   5      -202.295086200     -3.47e-04      6.82e-04        0.02
   6      -202.295110933     -2.47e-05      1.64e-04        0.02
   7      -202.295111982     -1.05e-06      6.03e-05        0.02
   8      -202.295112358     -3.76e-07      1.65e-05        0.02
   9      -202.295112364     -5.62e-09      5.91e-06        0.02
  10      -202.295112364     -3.36e-10      2.07e-06        0.02

 SCF converged in 9 iterations.

 Entropy contribution (-ST):             0.000000000
 Dipole moment (in Debye):              -1.520700       0.658297      -3.227923
 Setting up Delta-SCF
 Ground-Excited state overlap:          -0.000000000
 No correction applied to the TDM.
 Excitation energy:                      0.109707330
 Excitation energy (in eV):              2.985288527
 Transition dipole:                     -2.93285      -0.19911      -1.55485
 Saving results in set 'frame_1002'

 --------------------------------------------------------------------------------

 End time:                               Mon May 24 15:43:55 2021
 Total wall-clock time:                  0.541 seconds
==================================================================================
