
================================================================================
          _____________ ________ _______________ ________     _________         
         / ___________// ______ \\_____   _____// ______ \   / ________)        
        / /_________  / /      \ \     | |     / /      \ \ | (_______          
       |  __________|| |        | |    | |    | |        | | \________ \        
        \ \_________ | |        | |    | |     \ \______/ /___________) |       
         \__________||_|        |_|    |_|      \________//____________/        
                                                                                
====================================[ Qcore ]===================================

 Git hash:   b27a5f96910dca04bf09adb1496985de0081c8b6
 Git date:   Tue, 11 May 2021 09:58:05 -0400
 Compiler:   AppleClang 10.0.1.10010046
 Build type: Release
 Version:    1.2.0

 Start time: Mon May 24 15:58:16 2021

 Data directory: /Users/of15641/qcore/cmake-build-release/share/entos/1.2.0/data
 Number of threads: 2
 Number of threads was determined by: number of physical cores

 --------------------------------------------------------------------------------
                                  command: bchla                                 
 --------------------------------------------------------------------------------
 XTB basis setup:                        reference basis
 Number of basis functions:            404
 GFN version:                            gfn1
 Integral screening threshold:           1.00e-10
 Total charge:                           0.000000000
 Number of electrons:                  344.000000000
 Electronic temperature (Kelvin):        0.000000000

 D3BJ energy:                           -0.095991922
 Repulsive energy:                       2.583310989

 ------------------------------------------------
  Running self-consistent charge (SCC) algorithm 
 ------------------------------------------------
 Broyden mixing factor:                  0.40
 Max number of iterations:             128
 Conv. threshold (charge):               1.00e-05
 Conv. threshold (energy):               1.00e-06
 Initial guess:                          SAD

 ---------------------------------------------------------------
                  energy        change          grad        time
 ---------------------------------------------------------------
   0      -201.720396955                    6.44e-01        0.02
   1      -202.309155447     -5.89e-01      3.76e-01        0.02
   2      -202.287082583      2.21e-02      5.84e-02        0.02
   3      -202.312168916     -2.51e-02      1.24e-02        0.02
   4      -202.328028334     -1.59e-02      2.03e-03        0.03
   5      -202.328364971     -3.37e-04      6.21e-04        0.02
   6      -202.328379735     -1.48e-05      1.40e-04        0.02
   7      -202.328380145     -4.10e-07      3.88e-05        0.02
   8      -202.328380182     -3.63e-08      1.77e-05        0.02
   9      -202.328380187     -5.34e-09      6.94e-06        0.02
  10      -202.328380189     -1.61e-09      2.57e-06        0.03

 SCF converged in 9 iterations.

 Entropy contribution (-ST):             0.000000000
 Dipole moment (in Debye):               2.227293       1.704527      -0.115333
 Setting up Delta-SCF
 Ground-Excited state overlap:           0.000000000
 No correction applied to the TDM.
 Excitation energy:                      0.112138949
 Excitation energy (in eV):              3.051456252
 Transition dipole:                      3.30452       1.38513      -1.22285
 Saving results in set 'frame_326'

 --------------------------------------------------------------------------------

 End time:                               Mon May 24 15:58:17 2021
 Total wall-clock time:                  0.643 seconds
==================================================================================
