
================================================================================
          _____________ ________ _______________ ________     _________         
         / ___________// ______ \\_____   _____// ______ \   / ________)        
        / /_________  / /      \ \     | |     / /      \ \ | (_______          
       |  __________|| |        | |    | |    | |        | | \________ \        
        \ \_________ | |        | |    | |     \ \______/ /___________) |       
         \__________||_|        |_|    |_|      \________//____________/        
                                                                                
====================================[ Qcore ]===================================

 Git hash:   b27a5f96910dca04bf09adb1496985de0081c8b6
 Git date:   Tue, 11 May 2021 09:58:05 -0400
 Compiler:   AppleClang 10.0.1.10010046
 Build type: Release
 Version:    1.2.0

 Start time: Mon May 24 15:46:51 2021

 Data directory: /Users/of15641/qcore/cmake-build-release/share/entos/1.2.0/data
 Number of threads: 2
 Number of threads was determined by: number of physical cores

 --------------------------------------------------------------------------------
                                  command: bchla                                 
 --------------------------------------------------------------------------------
 XTB basis setup:                        reference basis
 Number of basis functions:            404
 GFN version:                            gfn1
 Integral screening threshold:           1.00e-10
 Total charge:                           0.000000000
 Number of electrons:                  344.000000000
 Electronic temperature (Kelvin):        0.000000000

 D3BJ energy:                           -0.102012679
 Repulsive energy:                       2.498172957

 ------------------------------------------------
  Running self-consistent charge (SCC) algorithm 
 ------------------------------------------------
 Broyden mixing factor:                  0.40
 Max number of iterations:             128
 Conv. threshold (charge):               1.00e-05
 Conv. threshold (energy):               1.00e-06
 Initial guess:                          SAD

 ---------------------------------------------------------------
                  energy        change          grad        time
 ---------------------------------------------------------------
   0      -201.647642839                    6.41e-01        0.02
   1      -202.257107734     -6.09e-01      3.74e-01        0.02
   2      -202.240166686      1.69e-02      6.00e-02        0.02
   3      -202.259369844     -1.92e-02      1.22e-02        0.02
   4      -202.273223837     -1.39e-02      2.72e-03        0.02
   5      -202.273914981     -6.91e-04      6.65e-04        0.03
   6      -202.273935348     -2.04e-05      1.53e-04        0.02
   7      -202.273936035     -6.87e-07      4.20e-05        0.02
   8      -202.273936074     -3.90e-08      1.99e-05        0.02
   9      -202.273936078     -3.36e-09      7.32e-06        0.02
  10      -202.273936080     -1.96e-09      3.59e-06        0.02

 SCF converged in 9 iterations.

 Entropy contribution (-ST):             0.000000000
 Dipole moment (in Debye):               0.416776       4.403556      -2.823215
 Setting up Delta-SCF
 Ground-Excited state overlap:          -0.000000000
 No correction applied to the TDM.
 Excitation energy:                      0.104921761
 Excitation energy (in eV):              2.855066567
 Transition dipole:                     -0.63994       2.93149      -2.47073
 Saving results in set 'frame_1262'

 --------------------------------------------------------------------------------

 End time:                               Mon May 24 15:46:52 2021
 Total wall-clock time:                  0.505 seconds
==================================================================================
