
================================================================================
          _____________ ________ _______________ ________     _________         
         / ___________// ______ \\_____   _____// ______ \   / ________)        
        / /_________  / /      \ \     | |     / /      \ \ | (_______          
       |  __________|| |        | |    | |    | |        | | \________ \        
        \ \_________ | |        | |    | |     \ \______/ /___________) |       
         \__________||_|        |_|    |_|      \________//____________/        
                                                                                
====================================[ Qcore ]===================================

 Git hash:   b27a5f96910dca04bf09adb1496985de0081c8b6
 Git date:   Tue, 11 May 2021 09:58:05 -0400
 Compiler:   AppleClang 10.0.1.10010046
 Build type: Release
 Version:    1.2.0

 Start time: Mon May 24 16:01:04 2021

 Data directory: /Users/of15641/qcore/cmake-build-release/share/entos/1.2.0/data
 Number of threads: 2
 Number of threads was determined by: number of physical cores

 --------------------------------------------------------------------------------
                                  command: bchla                                 
 --------------------------------------------------------------------------------
 XTB basis setup:                        reference basis
 Number of basis functions:            404
 GFN version:                            gfn1
 Integral screening threshold:           1.00e-10
 Total charge:                           0.000000000
 Number of electrons:                  344.000000000
 Electronic temperature (Kelvin):        0.000000000

 D3BJ energy:                           -0.098444855
 Repulsive energy:                       2.625574371

 ------------------------------------------------
  Running self-consistent charge (SCC) algorithm 
 ------------------------------------------------
 Broyden mixing factor:                  0.40
 Max number of iterations:             128
 Conv. threshold (charge):               1.00e-05
 Conv. threshold (energy):               1.00e-06
 Initial guess:                          SAD

 ---------------------------------------------------------------
                  energy        change          grad        time
 ---------------------------------------------------------------
   0      -201.674493631                    6.44e-01        0.08
   1      -202.287386223     -6.13e-01      3.76e-01        0.05
   2      -202.275678451      1.17e-02      5.88e-02        0.03
   3      -202.298584188     -2.29e-02      9.09e-03        0.02
   4      -202.305291694     -6.71e-03      1.74e-03        0.03
   5      -202.305566171     -2.74e-04      6.13e-04        0.03
   6      -202.305588206     -2.20e-05      1.53e-04        0.02
   7      -202.305588679     -4.73e-07      4.56e-05        0.02
   8      -202.305588752     -7.27e-08      1.99e-05        0.02
   9      -202.305588767     -1.54e-08      7.71e-06        0.02
  10      -202.305588770     -2.86e-09      3.06e-06        0.02

 SCF converged in 9 iterations.

 Entropy contribution (-ST):             0.000000000
 Dipole moment (in Debye):              -2.813439       1.630261      -0.773751
 Setting up Delta-SCF
 Ground-Excited state overlap:           0.000000000
 No correction applied to the TDM.
 Excitation energy:                      0.106388619
 Excitation energy (in eV):              2.894981795
 Transition dipole:                      0.58417       1.93683      -2.76491
 Saving results in set 'frame_530'

 --------------------------------------------------------------------------------

 End time:                               Mon May 24 16:01:05 2021
 Total wall-clock time:                  0.800 seconds
==================================================================================
