
================================================================================
          _____________ ________ _______________ ________     _________         
         / ___________// ______ \\_____   _____// ______ \   / ________)        
        / /_________  / /      \ \     | |     / /      \ \ | (_______          
       |  __________|| |        | |    | |    | |        | | \________ \        
        \ \_________ | |        | |    | |     \ \______/ /___________) |       
         \__________||_|        |_|    |_|      \________//____________/        
                                                                                
====================================[ Qcore ]===================================

 Git hash:   b27a5f96910dca04bf09adb1496985de0081c8b6
 Git date:   Tue, 11 May 2021 09:58:05 -0400
 Compiler:   AppleClang 10.0.1.10010046
 Build type: Release
 Version:    1.2.0

 Start time: Mon May 24 15:45:41 2021

 Data directory: /Users/of15641/qcore/cmake-build-release/share/entos/1.2.0/data
 Number of threads: 2
 Number of threads was determined by: number of physical cores

 --------------------------------------------------------------------------------
                                  command: bchla                                 
 --------------------------------------------------------------------------------
 XTB basis setup:                        reference basis
 Number of basis functions:            404
 GFN version:                            gfn1
 Integral screening threshold:           1.00e-10
 Total charge:                           0.000000000
 Number of electrons:                  344.000000000
 Electronic temperature (Kelvin):        0.000000000

 D3BJ energy:                           -0.095645031
 Repulsive energy:                       2.363701925

 ------------------------------------------------
  Running self-consistent charge (SCC) algorithm 
 ------------------------------------------------
 Broyden mixing factor:                  0.40
 Max number of iterations:             128
 Conv. threshold (charge):               1.00e-05
 Conv. threshold (energy):               1.00e-06
 Initial guess:                          SAD

 ---------------------------------------------------------------
                  energy        change          grad        time
 ---------------------------------------------------------------
   0      -201.560205061                    6.40e-01        0.02
   1      -202.194458126     -6.34e-01      3.73e-01        0.02
   2      -202.175345574      1.91e-02      6.31e-02        0.02
   3      -202.196624767     -2.13e-02      1.37e-02        0.02
   4      -202.211351201     -1.47e-02      3.02e-03        0.02
   5      -202.212127096     -7.76e-04      7.73e-04        0.02
   6      -202.212154929     -2.78e-05      1.86e-04        0.02
   7      -202.212156267     -1.34e-06      5.61e-05        0.02
   8      -202.212156417     -1.50e-07      2.55e-05        0.02
   9      -202.212156435     -1.79e-08      1.04e-05        0.02
  10      -202.212156437     -2.38e-09      3.43e-06        0.02
  11      -202.212156437     -1.65e-10      1.06e-06        0.02

 SCF converged in 10 iterations.

 Entropy contribution (-ST):             0.000000000
 Dipole moment (in Debye):              -1.613365       1.062985      -5.724233
 Setting up Delta-SCF
 Ground-Excited state overlap:           0.000000000
 No correction applied to the TDM.
 Excitation energy:                      0.108279588
 Excitation energy (in eV):              2.946437689
 Transition dipole:                      2.39730      -1.51383       1.59914
 Saving results in set 'frame_1160'

 --------------------------------------------------------------------------------

 End time:                               Mon May 24 15:45:42 2021
 Total wall-clock time:                  0.496 seconds
==================================================================================
