
================================================================================
          _____________ ________ _______________ ________     _________         
         / ___________// ______ \\_____   _____// ______ \   / ________)        
        / /_________  / /      \ \     | |     / /      \ \ | (_______          
       |  __________|| |        | |    | |    | |        | | \________ \        
        \ \_________ | |        | |    | |     \ \______/ /___________) |       
         \__________||_|        |_|    |_|      \________//____________/        
                                                                                
====================================[ Qcore ]===================================

 Git hash:   b27a5f96910dca04bf09adb1496985de0081c8b6
 Git date:   Tue, 11 May 2021 09:58:05 -0400
 Compiler:   AppleClang 10.0.1.10010046
 Build type: Release
 Version:    1.2.0

 Start time: Mon May 24 15:45:04 2021

 Data directory: /Users/of15641/qcore/cmake-build-release/share/entos/1.2.0/data
 Number of threads: 2
 Number of threads was determined by: number of physical cores

 --------------------------------------------------------------------------------
                                  command: bchla                                 
 --------------------------------------------------------------------------------
 XTB basis setup:                        reference basis
 Number of basis functions:            404
 GFN version:                            gfn1
 Integral screening threshold:           1.00e-10
 Total charge:                           0.000000000
 Number of electrons:                  344.000000000
 Electronic temperature (Kelvin):        0.000000000

 D3BJ energy:                           -0.094749547
 Repulsive energy:                       2.517288370

 ------------------------------------------------
  Running self-consistent charge (SCC) algorithm 
 ------------------------------------------------
 Broyden mixing factor:                  0.40
 Max number of iterations:             128
 Conv. threshold (charge):               1.00e-05
 Conv. threshold (energy):               1.00e-06
 Initial guess:                          SAD

 ---------------------------------------------------------------
                  energy        change          grad        time
 ---------------------------------------------------------------
   0      -201.633228331                    6.43e-01        0.03
   1      -202.247304656     -6.14e-01      3.75e-01        0.02
   2      -202.215718404      3.16e-02      6.15e-02        0.02
   3      -202.244150799     -2.84e-02      1.50e-02        0.02
   4      -202.267035384     -2.29e-02      2.51e-03        0.03
   5      -202.267602202     -5.67e-04      6.73e-04        0.02
   6      -202.267619243     -1.70e-05      1.52e-04        0.02
   7      -202.267619810     -5.68e-07      4.58e-05        0.02
   8      -202.267619833     -2.29e-08      2.08e-05        0.02
   9      -202.267619834     -3.89e-10      6.59e-06        0.02
  10      -202.267619835     -1.22e-09      2.99e-06        0.02

 SCF converged in 9 iterations.

 Entropy contribution (-ST):             0.000000000
 Dipole moment (in Debye):              -1.162628       2.508229      -3.821010
 Setting up Delta-SCF
 Ground-Excited state overlap:           0.000000000
 No correction applied to the TDM.
 Excitation energy:                      0.108289597
 Excitation energy (in eV):              2.946710062
 Transition dipole:                      0.00538       1.48250      -3.44529
 Saving results in set 'frame_1110'

 --------------------------------------------------------------------------------

 End time:                               Mon May 24 15:45:05 2021
 Total wall-clock time:                  0.529 seconds
==================================================================================
