
================================================================================
          _____________ ________ _______________ ________     _________         
         / ___________// ______ \\_____   _____// ______ \   / ________)        
        / /_________  / /      \ \     | |     / /      \ \ | (_______          
       |  __________|| |        | |    | |    | |        | | \________ \        
        \ \_________ | |        | |    | |     \ \______/ /___________) |       
         \__________||_|        |_|    |_|      \________//____________/        
                                                                                
====================================[ Qcore ]===================================

 Git hash:   b27a5f96910dca04bf09adb1496985de0081c8b6
 Git date:   Tue, 11 May 2021 09:58:05 -0400
 Compiler:   AppleClang 10.0.1.10010046
 Build type: Release
 Version:    1.2.0

 Start time: Mon May 24 15:50:21 2021

 Data directory: /Users/of15641/qcore/cmake-build-release/share/entos/1.2.0/data
 Number of threads: 2
 Number of threads was determined by: number of physical cores

 --------------------------------------------------------------------------------
                                  command: bchla                                 
 --------------------------------------------------------------------------------
 XTB basis setup:                        reference basis
 Number of basis functions:            404
 GFN version:                            gfn1
 Integral screening threshold:           1.00e-10
 Total charge:                           0.000000000
 Number of electrons:                  344.000000000
 Electronic temperature (Kelvin):        0.000000000

 D3BJ energy:                           -0.095592613
 Repulsive energy:                       2.448586828

 ------------------------------------------------
  Running self-consistent charge (SCC) algorithm 
 ------------------------------------------------
 Broyden mixing factor:                  0.40
 Max number of iterations:             128
 Conv. threshold (charge):               1.00e-05
 Conv. threshold (energy):               1.00e-06
 Initial guess:                          SAD

 ---------------------------------------------------------------
                  energy        change          grad        time
 ---------------------------------------------------------------
   0      -201.666680849                    6.42e-01        0.02
   1      -202.284934766     -6.18e-01      3.74e-01        0.03
   2      -202.276553895      8.38e-03      5.96e-02        0.02
   3      -202.294691717     -1.81e-02      9.11e-03        0.03
   4      -202.300394585     -5.70e-03      2.66e-03        0.02
   5      -202.300974434     -5.80e-04      8.24e-04        0.02
   6      -202.301014684     -4.02e-05      1.88e-04        0.03
   7      -202.301015876     -1.19e-06      5.58e-05        0.02
   8      -202.301016061     -1.85e-07      2.48e-05        0.03
   9      -202.301016084     -2.36e-08      9.23e-06        0.02
  10      -202.301016087     -2.43e-09      3.30e-06        0.02

 SCF converged in 9 iterations.

 Entropy contribution (-ST):             0.000000000
 Dipole moment (in Debye):              -3.064361       2.529855      -0.438303
 Setting up Delta-SCF
 Ground-Excited state overlap:           0.000000000
 No correction applied to the TDM.
 Excitation energy:                      0.108374714
 Excitation energy (in eV):              2.949026202
 Transition dipole:                     -1.32863       2.56207       1.42614
 Saving results in set 'frame_1554'

 --------------------------------------------------------------------------------

 End time:                               Mon May 24 15:50:22 2021
 Total wall-clock time:                  0.650 seconds
==================================================================================
