
================================================================================
          _____________ ________ _______________ ________     _________         
         / ___________// ______ \\_____   _____// ______ \   / ________)        
        / /_________  / /      \ \     | |     / /      \ \ | (_______          
       |  __________|| |        | |    | |    | |        | | \________ \        
        \ \_________ | |        | |    | |     \ \______/ /___________) |       
         \__________||_|        |_|    |_|      \________//____________/        
                                                                                
====================================[ Qcore ]===================================

 Git hash:   b27a5f96910dca04bf09adb1496985de0081c8b6
 Git date:   Tue, 11 May 2021 09:58:05 -0400
 Compiler:   AppleClang 10.0.1.10010046
 Build type: Release
 Version:    1.2.0

 Start time: Mon May 24 16:04:50 2021

 Data directory: /Users/of15641/qcore/cmake-build-release/share/entos/1.2.0/data
 Number of threads: 2
 Number of threads was determined by: number of physical cores

 --------------------------------------------------------------------------------
                                  command: bchla                                 
 --------------------------------------------------------------------------------
 XTB basis setup:                        reference basis
 Number of basis functions:            404
 GFN version:                            gfn1
 Integral screening threshold:           1.00e-10
 Total charge:                           0.000000000
 Number of electrons:                  344.000000000
 Electronic temperature (Kelvin):        0.000000000

 D3BJ energy:                           -0.093338608
 Repulsive energy:                       2.534778228

 ------------------------------------------------
  Running self-consistent charge (SCC) algorithm 
 ------------------------------------------------
 Broyden mixing factor:                  0.40
 Max number of iterations:             128
 Conv. threshold (charge):               1.00e-05
 Conv. threshold (energy):               1.00e-06
 Initial guess:                          SAD

 ---------------------------------------------------------------
                  energy        change          grad        time
 ---------------------------------------------------------------
   0      -201.680857024                    6.43e-01        0.02
   1      -202.276923289     -5.96e-01      3.75e-01        0.02
   2      -202.268753581      8.17e-03      5.69e-02        0.02
   3      -202.285551267     -1.68e-02      8.89e-03        0.02
   4      -202.292699367     -7.15e-03      2.05e-03        0.02
   5      -202.293042391     -3.43e-04      7.03e-04        0.02
   6      -202.293065925     -2.35e-05      1.79e-04        0.02
   7      -202.293067329     -1.40e-06      6.73e-05        0.02
   8      -202.293067738     -4.10e-07      2.10e-05        0.02
   9      -202.293067746     -7.40e-09      7.71e-06        0.02
  10      -202.293067747     -8.81e-10      2.57e-06        0.02

 SCF converged in 9 iterations.

 Entropy contribution (-ST):             0.000000000
 Dipole moment (in Debye):               1.272494       0.141953      -2.598403
 Setting up Delta-SCF
 Ground-Excited state overlap:          -0.000000000
 No correction applied to the TDM.
 Excitation energy:                      0.108299765
 Excitation energy (in eV):              2.946986724
 Transition dipole:                     -0.03981       0.33810       3.13938
 Saving results in set 'frame_753'

 --------------------------------------------------------------------------------

 End time:                               Mon May 24 16:04:50 2021
 Total wall-clock time:                  0.558 seconds
==================================================================================
