
================================================================================
          _____________ ________ _______________ ________     _________         
         / ___________// ______ \\_____   _____// ______ \   / ________)        
        / /_________  / /      \ \     | |     / /      \ \ | (_______          
       |  __________|| |        | |    | |    | |        | | \________ \        
        \ \_________ | |        | |    | |     \ \______/ /___________) |       
         \__________||_|        |_|    |_|      \________//____________/        
                                                                                
====================================[ Qcore ]===================================

 Git hash:   b27a5f96910dca04bf09adb1496985de0081c8b6
 Git date:   Tue, 11 May 2021 09:58:05 -0400
 Compiler:   AppleClang 10.0.1.10010046
 Build type: Release
 Version:    1.2.0

 Start time: Mon May 24 15:49:07 2021

 Data directory: /Users/of15641/qcore/cmake-build-release/share/entos/1.2.0/data
 Number of threads: 2
 Number of threads was determined by: number of physical cores

 --------------------------------------------------------------------------------
                                  command: bchla                                 
 --------------------------------------------------------------------------------
 XTB basis setup:                        reference basis
 Number of basis functions:            404
 GFN version:                            gfn1
 Integral screening threshold:           1.00e-10
 Total charge:                           0.000000000
 Number of electrons:                  344.000000000
 Electronic temperature (Kelvin):        0.000000000

 D3BJ energy:                           -0.101379093
 Repulsive energy:                       2.443456098

 ------------------------------------------------
  Running self-consistent charge (SCC) algorithm 
 ------------------------------------------------
 Broyden mixing factor:                  0.40
 Max number of iterations:             128
 Conv. threshold (charge):               1.00e-05
 Conv. threshold (energy):               1.00e-06
 Initial guess:                          SAD

 ---------------------------------------------------------------
                  energy        change          grad        time
 ---------------------------------------------------------------
   0      -201.616163384                    6.42e-01        0.02
   1      -202.215895708     -6.00e-01      3.74e-01        0.02
   2      -202.196572505      1.93e-02      5.85e-02        0.02
   3      -202.214293419     -1.77e-02      1.32e-02        0.02
   4      -202.232425568     -1.81e-02      2.25e-03        0.02
   5      -202.232824116     -3.99e-04      6.62e-04        0.02
   6      -202.232840576     -1.65e-05      1.71e-04        0.02
   7      -202.232841875     -1.30e-06      6.30e-05        0.02
   8      -202.232842284     -4.08e-07      2.31e-05        0.02
   9      -202.232842298     -1.48e-08      8.81e-06        0.02
  10      -202.232842299     -6.78e-10      2.88e-06        0.02

 SCF converged in 9 iterations.

 Entropy contribution (-ST):             0.000000000
 Dipole moment (in Debye):              -3.391778       4.908560      -1.529154
 Setting up Delta-SCF
 Ground-Excited state overlap:           0.000000000
 No correction applied to the TDM.
 Excitation energy:                      0.103815937
 Excitation energy (in eV):              2.824975559
 Transition dipole:                     -3.36088       2.01229       0.88135
 Saving results in set 'frame_1465'

 --------------------------------------------------------------------------------

 End time:                               Mon May 24 15:49:07 2021
 Total wall-clock time:                  0.514 seconds
==================================================================================
