
================================================================================
          _____________ ________ _______________ ________     _________         
         / ___________// ______ \\_____   _____// ______ \   / ________)        
        / /_________  / /      \ \     | |     / /      \ \ | (_______          
       |  __________|| |        | |    | |    | |        | | \________ \        
        \ \_________ | |        | |    | |     \ \______/ /___________) |       
         \__________||_|        |_|    |_|      \________//____________/        
                                                                                
====================================[ Qcore ]===================================

 Git hash:   b27a5f96910dca04bf09adb1496985de0081c8b6
 Git date:   Tue, 11 May 2021 09:58:05 -0400
 Compiler:   AppleClang 10.0.1.10010046
 Build type: Release
 Version:    1.2.0

 Start time: Mon May 24 15:47:57 2021

 Data directory: /Users/of15641/qcore/cmake-build-release/share/entos/1.2.0/data
 Number of threads: 2
 Number of threads was determined by: number of physical cores

 --------------------------------------------------------------------------------
                                  command: bchla                                 
 --------------------------------------------------------------------------------
 XTB basis setup:                        reference basis
 Number of basis functions:            404
 GFN version:                            gfn1
 Integral screening threshold:           1.00e-10
 Total charge:                           0.000000000
 Number of electrons:                  344.000000000
 Electronic temperature (Kelvin):        0.000000000

 D3BJ energy:                           -0.098531128
 Repulsive energy:                       2.543263258

 ------------------------------------------------
  Running self-consistent charge (SCC) algorithm 
 ------------------------------------------------
 Broyden mixing factor:                  0.40
 Max number of iterations:             128
 Conv. threshold (charge):               1.00e-05
 Conv. threshold (energy):               1.00e-06
 Initial guess:                          SAD

 ---------------------------------------------------------------
                  energy        change          grad        time
 ---------------------------------------------------------------
   0      -201.631916671                    6.43e-01        0.03
   1      -202.250204166     -6.18e-01      3.75e-01        0.04
   2      -202.223840547      2.64e-02      6.11e-02        0.03
   3      -202.247617370     -2.38e-02      1.49e-02        0.02
   4      -202.268760525     -2.11e-02      2.57e-03        0.02
   5      -202.269294553     -5.34e-04      7.02e-04        0.03
   6      -202.269315312     -2.08e-05      2.03e-04        0.02
   7      -202.269317355     -2.04e-06      6.30e-05        0.02
   8      -202.269317703     -3.48e-07      2.86e-05        0.03
   9      -202.269317724     -2.13e-08      1.14e-05        0.02
  10      -202.269317725     -5.46e-10      3.13e-06        0.02
  11      -202.269317725     -1.30e-10      1.03e-06        0.02

 SCF converged in 10 iterations.

 Entropy contribution (-ST):             0.000000000
 Dipole moment (in Debye):              -1.217867       4.781424      -2.548394
 Setting up Delta-SCF
 Ground-Excited state overlap:           0.000000000
 No correction applied to the TDM.
 Excitation energy:                      0.109345679
 Excitation energy (in eV):              2.975447492
 Transition dipole:                     -1.72109       2.63807      -1.92835
 Saving results in set 'frame_1363'

 --------------------------------------------------------------------------------

 End time:                               Mon May 24 15:47:57 2021
 Total wall-clock time:                  0.630 seconds
==================================================================================
