
================================================================================
          _____________ ________ _______________ ________     _________         
         / ___________// ______ \\_____   _____// ______ \   / ________)        
        / /_________  / /      \ \     | |     / /      \ \ | (_______          
       |  __________|| |        | |    | |    | |        | | \________ \        
        \ \_________ | |        | |    | |     \ \______/ /___________) |       
         \__________||_|        |_|    |_|      \________//____________/        
                                                                                
====================================[ Qcore ]===================================

 Git hash:   b27a5f96910dca04bf09adb1496985de0081c8b6
 Git date:   Tue, 11 May 2021 09:58:05 -0400
 Compiler:   AppleClang 10.0.1.10010046
 Build type: Release
 Version:    1.2.0

 Start time: Mon May 24 15:53:53 2021

 Data directory: /Users/of15641/qcore/cmake-build-release/share/entos/1.2.0/data
 Number of threads: 2
 Number of threads was determined by: number of physical cores

 --------------------------------------------------------------------------------
                                  command: bchla                                 
 --------------------------------------------------------------------------------
 XTB basis setup:                        reference basis
 Number of basis functions:            404
 GFN version:                            gfn1
 Integral screening threshold:           1.00e-10
 Total charge:                           0.000000000
 Number of electrons:                  344.000000000
 Electronic temperature (Kelvin):        0.000000000

 D3BJ energy:                           -0.095762087
 Repulsive energy:                       2.487100645

 ------------------------------------------------
  Running self-consistent charge (SCC) algorithm 
 ------------------------------------------------
 Broyden mixing factor:                  0.40
 Max number of iterations:             128
 Conv. threshold (charge):               1.00e-05
 Conv. threshold (energy):               1.00e-06
 Initial guess:                          SAD

 ---------------------------------------------------------------
                  energy        change          grad        time
 ---------------------------------------------------------------
   0      -201.637838885                    6.42e-01        0.04
   1      -202.231650712     -5.94e-01      3.75e-01        0.02
   2      -202.226436360      5.21e-03      5.72e-02        0.02
   3      -202.241398539     -1.50e-02      7.88e-03        0.03
   4      -202.246003024     -4.60e-03      2.07e-03        0.02
   5      -202.246358026     -3.55e-04      7.02e-04        0.02
   6      -202.246388454     -3.04e-05      1.41e-04        0.02
   7      -202.246389130     -6.76e-07      3.56e-05        0.02
   8      -202.246389157     -2.75e-08      1.52e-05        0.02
   9      -202.246389160     -2.67e-09      5.01e-06        0.02
  10      -202.246389161     -1.10e-09      2.26e-06        0.02

 SCF converged in 9 iterations.

 Entropy contribution (-ST):             0.000000000
 Dipole moment (in Debye):              -0.341574       4.743602       2.488279
 Setting up Delta-SCF
 Ground-Excited state overlap:           0.000000000
 No correction applied to the TDM.
 Excitation energy:                      0.109332914
 Excitation energy (in eV):              2.975100163
 Transition dipole:                      1.06528       2.64219       2.14158
 Saving results in set 'frame_1804'

 --------------------------------------------------------------------------------

 End time:                               Mon May 24 15:53:54 2021
 Total wall-clock time:                  0.593 seconds
==================================================================================
