
================================================================================
          _____________ ________ _______________ ________     _________         
         / ___________// ______ \\_____   _____// ______ \   / ________)        
        / /_________  / /      \ \     | |     / /      \ \ | (_______          
       |  __________|| |        | |    | |    | |        | | \________ \        
        \ \_________ | |        | |    | |     \ \______/ /___________) |       
         \__________||_|        |_|    |_|      \________//____________/        
                                                                                
====================================[ Qcore ]===================================

 Git hash:   b27a5f96910dca04bf09adb1496985de0081c8b6
 Git date:   Tue, 11 May 2021 09:58:05 -0400
 Compiler:   AppleClang 10.0.1.10010046
 Build type: Release
 Version:    1.2.0

 Start time: Mon May 24 15:45:21 2021

 Data directory: /Users/of15641/qcore/cmake-build-release/share/entos/1.2.0/data
 Number of threads: 2
 Number of threads was determined by: number of physical cores

 --------------------------------------------------------------------------------
                                  command: bchla                                 
 --------------------------------------------------------------------------------
 XTB basis setup:                        reference basis
 Number of basis functions:            404
 GFN version:                            gfn1
 Integral screening threshold:           1.00e-10
 Total charge:                           0.000000000
 Number of electrons:                  344.000000000
 Electronic temperature (Kelvin):        0.000000000

 D3BJ energy:                           -0.095185030
 Repulsive energy:                       2.443958898

 ------------------------------------------------
  Running self-consistent charge (SCC) algorithm 
 ------------------------------------------------
 Broyden mixing factor:                  0.40
 Max number of iterations:             128
 Conv. threshold (charge):               1.00e-05
 Conv. threshold (energy):               1.00e-06
 Initial guess:                          SAD

 ---------------------------------------------------------------
                  energy        change          grad        time
 ---------------------------------------------------------------
   0      -201.586398632                    6.42e-01        0.03
   1      -202.192372443     -6.06e-01      3.74e-01        0.03
   2      -202.170883688      2.15e-02      6.07e-02        0.02
   3      -202.195839236     -2.50e-02      1.27e-02        0.02
   4      -202.210472041     -1.46e-02      2.46e-03        0.02
   5      -202.211030812     -5.59e-04      6.69e-04        0.02
   6      -202.211050095     -1.93e-05      1.57e-04        0.02
   7      -202.211050885     -7.90e-07      4.65e-05        0.02
   8      -202.211050967     -8.17e-08      2.04e-05        0.02
   9      -202.211050977     -1.01e-08      8.54e-06        0.02
  10      -202.211050979     -1.68e-09      2.75e-06        0.02

 SCF converged in 9 iterations.

 Entropy contribution (-ST):             0.000000000
 Dipole moment (in Debye):              -2.304506       2.555631      -4.516254
 Setting up Delta-SCF
 Ground-Excited state overlap:           0.000000000
 No correction applied to the TDM.
 Excitation energy:                      0.109888859
 Excitation energy (in eV):              2.990228199
 Transition dipole:                      2.99553      -0.41783       1.08538
 Saving results in set 'frame_1129'

 --------------------------------------------------------------------------------

 End time:                               Mon May 24 15:45:22 2021
 Total wall-clock time:                  0.585 seconds
==================================================================================
