
================================================================================
          _____________ ________ _______________ ________     _________         
         / ___________// ______ \\_____   _____// ______ \   / ________)        
        / /_________  / /      \ \     | |     / /      \ \ | (_______          
       |  __________|| |        | |    | |    | |        | | \________ \        
        \ \_________ | |        | |    | |     \ \______/ /___________) |       
         \__________||_|        |_|    |_|      \________//____________/        
                                                                                
====================================[ Qcore ]===================================

 Git hash:   b27a5f96910dca04bf09adb1496985de0081c8b6
 Git date:   Tue, 11 May 2021 09:58:05 -0400
 Compiler:   AppleClang 10.0.1.10010046
 Build type: Release
 Version:    1.2.0

 Start time: Mon May 24 15:47:11 2021

 Data directory: /Users/of15641/qcore/cmake-build-release/share/entos/1.2.0/data
 Number of threads: 2
 Number of threads was determined by: number of physical cores

 --------------------------------------------------------------------------------
                                  command: bchla                                 
 --------------------------------------------------------------------------------
 XTB basis setup:                        reference basis
 Number of basis functions:            404
 GFN version:                            gfn1
 Integral screening threshold:           1.00e-10
 Total charge:                           0.000000000
 Number of electrons:                  344.000000000
 Electronic temperature (Kelvin):        0.000000000

 D3BJ energy:                           -0.104494381
 Repulsive energy:                       2.483134894

 ------------------------------------------------
  Running self-consistent charge (SCC) algorithm 
 ------------------------------------------------
 Broyden mixing factor:                  0.40
 Max number of iterations:             128
 Conv. threshold (charge):               1.00e-05
 Conv. threshold (energy):               1.00e-06
 Initial guess:                          SAD

 ---------------------------------------------------------------
                  energy        change          grad        time
 ---------------------------------------------------------------
   0      -201.689195185                    6.42e-01        0.02
   1      -202.281387039     -5.92e-01      3.75e-01        0.02
   2      -202.262857119      1.85e-02      5.77e-02        0.02
   3      -202.283431751     -2.06e-02      1.23e-02        0.02
   4      -202.298771048     -1.53e-02      2.09e-03        0.02
   5      -202.299118377     -3.47e-04      6.16e-04        0.02
   6      -202.299132410     -1.40e-05      1.38e-04        0.02
   7      -202.299132932     -5.22e-07      4.24e-05        0.02
   8      -202.299133015     -8.28e-08      1.90e-05        0.02
   9      -202.299133022     -7.30e-09      7.71e-06        0.02
  10      -202.299133023     -1.01e-09      2.34e-06        0.02

 SCF converged in 9 iterations.

 Entropy contribution (-ST):             0.000000000
 Dipole moment (in Debye):              -1.366242       5.547407      -1.157475
 Setting up Delta-SCF
 Ground-Excited state overlap:           0.000000000
 No correction applied to the TDM.
 Excitation energy:                      0.112970664
 Excitation energy (in eV):              3.074088367
 Transition dipole:                     -2.58949       1.42275      -1.23651
 Saving results in set 'frame_1294'

 --------------------------------------------------------------------------------

 End time:                               Mon May 24 15:47:12 2021
 Total wall-clock time:                  0.508 seconds
==================================================================================
