
================================================================================
          _____________ ________ _______________ ________     _________         
         / ___________// ______ \\_____   _____// ______ \   / ________)        
        / /_________  / /      \ \     | |     / /      \ \ | (_______          
       |  __________|| |        | |    | |    | |        | | \________ \        
        \ \_________ | |        | |    | |     \ \______/ /___________) |       
         \__________||_|        |_|    |_|      \________//____________/        
                                                                                
====================================[ Qcore ]===================================

 Git hash:   b27a5f96910dca04bf09adb1496985de0081c8b6
 Git date:   Tue, 11 May 2021 09:58:05 -0400
 Compiler:   AppleClang 10.0.1.10010046
 Build type: Release
 Version:    1.2.0

 Start time: Mon May 24 15:50:54 2021

 Data directory: /Users/of15641/qcore/cmake-build-release/share/entos/1.2.0/data
 Number of threads: 2
 Number of threads was determined by: number of physical cores

 --------------------------------------------------------------------------------
                                  command: bchla                                 
 --------------------------------------------------------------------------------
 XTB basis setup:                        reference basis
 Number of basis functions:            404
 GFN version:                            gfn1
 Integral screening threshold:           1.00e-10
 Total charge:                           0.000000000
 Number of electrons:                  344.000000000
 Electronic temperature (Kelvin):        0.000000000

 D3BJ energy:                           -0.094084456
 Repulsive energy:                       2.496968406

 ------------------------------------------------
  Running self-consistent charge (SCC) algorithm 
 ------------------------------------------------
 Broyden mixing factor:                  0.40
 Max number of iterations:             128
 Conv. threshold (charge):               1.00e-05
 Conv. threshold (energy):               1.00e-06
 Initial guess:                          SAD

 ---------------------------------------------------------------
                  energy        change          grad        time
 ---------------------------------------------------------------
   0      -201.612283299                    6.41e-01        0.03
   1      -202.196677573     -5.84e-01      3.75e-01        0.03
   2      -202.186942941      9.73e-03      5.63e-02        0.03
   3      -202.203398273     -1.65e-02      8.94e-03        0.02
   4      -202.211585067     -8.19e-03      1.90e-03        0.03
   5      -202.211902874     -3.18e-04      6.01e-04        0.03
   6      -202.211921177     -1.83e-05      1.21e-04        0.02
   7      -202.211921543     -3.66e-07      3.64e-05        0.03
   8      -202.211921594     -5.18e-08      1.68e-05        0.02
   9      -202.211921605     -1.07e-08      7.62e-06        0.03
  10      -202.211921607     -2.08e-09      2.21e-06        0.02

 SCF converged in 9 iterations.

 Entropy contribution (-ST):             0.000000000
 Dipole moment (in Debye):              -4.939728       3.156730      -0.064714
 Setting up Delta-SCF
 Ground-Excited state overlap:           0.000000000
 No correction applied to the TDM.
 Excitation energy:                      0.107012426
 Excitation energy (in eV):              2.911956453
 Transition dipole:                     -0.68269       2.58571       2.16320
 Saving results in set 'frame_1596'

 --------------------------------------------------------------------------------

 End time:                               Mon May 24 15:50:55 2021
 Total wall-clock time:                  0.664 seconds
==================================================================================
