
================================================================================
          _____________ ________ _______________ ________     _________         
         / ___________// ______ \\_____   _____// ______ \   / ________)        
        / /_________  / /      \ \     | |     / /      \ \ | (_______          
       |  __________|| |        | |    | |    | |        | | \________ \        
        \ \_________ | |        | |    | |     \ \______/ /___________) |       
         \__________||_|        |_|    |_|      \________//____________/        
                                                                                
====================================[ Qcore ]===================================

 Git hash:   b27a5f96910dca04bf09adb1496985de0081c8b6
 Git date:   Tue, 11 May 2021 09:58:05 -0400
 Compiler:   AppleClang 10.0.1.10010046
 Build type: Release
 Version:    1.2.0

 Start time: Mon May 24 15:58:06 2021

 Data directory: /Users/of15641/qcore/cmake-build-release/share/entos/1.2.0/data
 Number of threads: 2
 Number of threads was determined by: number of physical cores

 --------------------------------------------------------------------------------
                                  command: bchla                                 
 --------------------------------------------------------------------------------
 XTB basis setup:                        reference basis
 Number of basis functions:            404
 GFN version:                            gfn1
 Integral screening threshold:           1.00e-10
 Total charge:                           0.000000000
 Number of electrons:                  344.000000000
 Electronic temperature (Kelvin):        0.000000000

 D3BJ energy:                           -0.096905725
 Repulsive energy:                       2.515151963

 ------------------------------------------------
  Running self-consistent charge (SCC) algorithm 
 ------------------------------------------------
 Broyden mixing factor:                  0.40
 Max number of iterations:             128
 Conv. threshold (charge):               1.00e-05
 Conv. threshold (energy):               1.00e-06
 Initial guess:                          SAD

 ---------------------------------------------------------------
                  energy        change          grad        time
 ---------------------------------------------------------------
   0      -201.674446819                    6.43e-01        0.03
   1      -202.266358764     -5.92e-01      3.75e-01        0.02
   2      -202.246102817      2.03e-02      5.86e-02        0.02
   3      -202.269741905     -2.36e-02      1.21e-02        0.02
   4      -202.283883223     -1.41e-02      2.02e-03        0.02
   5      -202.284244878     -3.62e-04      6.15e-04        0.02
   6      -202.284262190     -1.73e-05      1.36e-04        0.02
   7      -202.284262739     -5.48e-07      4.31e-05        0.02
   8      -202.284262829     -9.01e-08      2.00e-05        0.02
   9      -202.284262839     -1.06e-08      7.49e-06        0.02
  10      -202.284262840     -8.30e-10      2.50e-06        0.02

 SCF converged in 9 iterations.

 Entropy contribution (-ST):             0.000000000
 Dipole moment (in Debye):               2.490329      -0.154419      -0.046621
 Setting up Delta-SCF
 Ground-Excited state overlap:           0.000000000
 No correction applied to the TDM.
 Excitation energy:                      0.112567178
 Excitation energy (in eV):              3.063108962
 Transition dipole:                      3.62866       0.12406       0.54025
 Saving results in set 'frame_311'

 --------------------------------------------------------------------------------

 End time:                               Mon May 24 15:58:06 2021
 Total wall-clock time:                  0.727 seconds
==================================================================================
