
================================================================================
          _____________ ________ _______________ ________     _________         
         / ___________// ______ \\_____   _____// ______ \   / ________)        
        / /_________  / /      \ \     | |     / /      \ \ | (_______          
       |  __________|| |        | |    | |    | |        | | \________ \        
        \ \_________ | |        | |    | |     \ \______/ /___________) |       
         \__________||_|        |_|    |_|      \________//____________/        
                                                                                
====================================[ Qcore ]===================================

 Git hash:   b27a5f96910dca04bf09adb1496985de0081c8b6
 Git date:   Tue, 11 May 2021 09:58:05 -0400
 Compiler:   AppleClang 10.0.1.10010046
 Build type: Release
 Version:    1.2.0

 Start time: Mon May 24 15:55:06 2021

 Data directory: /Users/of15641/qcore/cmake-build-release/share/entos/1.2.0/data
 Number of threads: 2
 Number of threads was determined by: number of physical cores

 --------------------------------------------------------------------------------
                                  command: bchla                                 
 --------------------------------------------------------------------------------
 XTB basis setup:                        reference basis
 Number of basis functions:            404
 GFN version:                            gfn1
 Integral screening threshold:           1.00e-10
 Total charge:                           0.000000000
 Number of electrons:                  344.000000000
 Electronic temperature (Kelvin):        0.000000000

 D3BJ energy:                           -0.096649197
 Repulsive energy:                       2.560770905

 ------------------------------------------------
  Running self-consistent charge (SCC) algorithm 
 ------------------------------------------------
 Broyden mixing factor:                  0.40
 Max number of iterations:             128
 Conv. threshold (charge):               1.00e-05
 Conv. threshold (energy):               1.00e-06
 Initial guess:                          SAD

 ---------------------------------------------------------------
                  energy        change          grad        time
 ---------------------------------------------------------------
   0      -201.712866976                    6.43e-01        0.02
   1      -202.295878515     -5.83e-01      3.75e-01        0.02
   2      -202.274530949      2.13e-02      5.84e-02        0.02
   3      -202.296862737     -2.23e-02      1.35e-02        0.02
   4      -202.313972409     -1.71e-02      2.40e-03        0.02
   5      -202.314451280     -4.79e-04      6.63e-04        0.02
   6      -202.314468898     -1.76e-05      2.01e-04        0.02
   7      -202.314470765     -1.87e-06      6.63e-05        0.02
   8      -202.314471201     -4.35e-07      2.31e-05        0.02
   9      -202.314471212     -1.15e-08      8.90e-06        0.03
  10      -202.314471213     -4.86e-10      3.12e-06        0.02

 SCF converged in 9 iterations.

 Entropy contribution (-ST):             0.000000000
 Dipole moment (in Debye):               1.176157       1.730567      -4.161916
 Setting up Delta-SCF
 Ground-Excited state overlap:          -0.000000000
 No correction applied to the TDM.
 Excitation energy:                      0.114053231
 Excitation energy (in eV):              3.103546509
 Transition dipole:                      0.05312       1.59719       2.91342
 Saving results in set 'frame_19'

 --------------------------------------------------------------------------------

 End time:                               Mon May 24 15:55:06 2021
 Total wall-clock time:                  0.531 seconds
==================================================================================
