
================================================================================
          _____________ ________ _______________ ________     _________         
         / ___________// ______ \\_____   _____// ______ \   / ________)        
        / /_________  / /      \ \     | |     / /      \ \ | (_______          
       |  __________|| |        | |    | |    | |        | | \________ \        
        \ \_________ | |        | |    | |     \ \______/ /___________) |       
         \__________||_|        |_|    |_|      \________//____________/        
                                                                                
====================================[ Qcore ]===================================

 Git hash:   b27a5f96910dca04bf09adb1496985de0081c8b6
 Git date:   Tue, 11 May 2021 09:58:05 -0400
 Compiler:   AppleClang 10.0.1.10010046
 Build type: Release
 Version:    1.2.0

 Start time: Mon May 24 15:51:28 2021

 Data directory: /Users/of15641/qcore/cmake-build-release/share/entos/1.2.0/data
 Number of threads: 2
 Number of threads was determined by: number of physical cores

 --------------------------------------------------------------------------------
                                  command: bchla                                 
 --------------------------------------------------------------------------------
 XTB basis setup:                        reference basis
 Number of basis functions:            404
 GFN version:                            gfn1
 Integral screening threshold:           1.00e-10
 Total charge:                           0.000000000
 Number of electrons:                  344.000000000
 Electronic temperature (Kelvin):        0.000000000

 D3BJ energy:                           -0.099359259
 Repulsive energy:                       2.567771990

 ------------------------------------------------
  Running self-consistent charge (SCC) algorithm 
 ------------------------------------------------
 Broyden mixing factor:                  0.40
 Max number of iterations:             128
 Conv. threshold (charge):               1.00e-05
 Conv. threshold (energy):               1.00e-06
 Initial guess:                          SAD

 ---------------------------------------------------------------
                  energy        change          grad        time
 ---------------------------------------------------------------
   0      -201.659943418                    6.43e-01        0.03
   1      -202.254082447     -5.94e-01      3.76e-01        0.03
   2      -202.236896154      1.72e-02      5.81e-02        0.02
   3      -202.260273835     -2.34e-02      1.15e-02        0.02
   4      -202.272349987     -1.21e-02      2.24e-03        0.02
   5      -202.272836326     -4.86e-04      6.71e-04        0.02
   6      -202.272860602     -2.43e-05      1.50e-04        0.03
   7      -202.272861306     -7.04e-07      4.66e-05        0.02
   8      -202.272861442     -1.36e-07      1.86e-05        0.03
   9      -202.272861453     -1.06e-08      8.19e-06        0.02
  10      -202.272861454     -1.46e-09      2.51e-06        0.02

 SCF converged in 9 iterations.

 Entropy contribution (-ST):             0.000000000
 Dipole moment (in Debye):              -1.970055       3.677045      -0.158362
 Setting up Delta-SCF
 Ground-Excited state overlap:           0.000000000
 No correction applied to the TDM.
 Excitation energy:                      0.109865033
 Excitation energy (in eV):              2.989579840
 Transition dipole:                     -1.57829       3.07552       1.29490
 Saving results in set 'frame_1636'

 --------------------------------------------------------------------------------

 End time:                               Mon May 24 15:51:29 2021
 Total wall-clock time:                  0.650 seconds
==================================================================================
