
================================================================================
          _____________ ________ _______________ ________     _________         
         / ___________// ______ \\_____   _____// ______ \   / ________)        
        / /_________  / /      \ \     | |     / /      \ \ | (_______          
       |  __________|| |        | |    | |    | |        | | \________ \        
        \ \_________ | |        | |    | |     \ \______/ /___________) |       
         \__________||_|        |_|    |_|      \________//____________/        
                                                                                
====================================[ Qcore ]===================================

 Git hash:   b27a5f96910dca04bf09adb1496985de0081c8b6
 Git date:   Tue, 11 May 2021 09:58:05 -0400
 Compiler:   AppleClang 10.0.1.10010046
 Build type: Release
 Version:    1.2.0

 Start time: Mon May 24 16:02:34 2021

 Data directory: /Users/of15641/qcore/cmake-build-release/share/entos/1.2.0/data
 Number of threads: 2
 Number of threads was determined by: number of physical cores

 --------------------------------------------------------------------------------
                                  command: bchla                                 
 --------------------------------------------------------------------------------
 XTB basis setup:                        reference basis
 Number of basis functions:            404
 GFN version:                            gfn1
 Integral screening threshold:           1.00e-10
 Total charge:                           0.000000000
 Number of electrons:                  344.000000000
 Electronic temperature (Kelvin):        0.000000000

 D3BJ energy:                           -0.094854325
 Repulsive energy:                       2.551767440

 ------------------------------------------------
  Running self-consistent charge (SCC) algorithm 
 ------------------------------------------------
 Broyden mixing factor:                  0.40
 Max number of iterations:             128
 Conv. threshold (charge):               1.00e-05
 Conv. threshold (energy):               1.00e-06
 Initial guess:                          SAD

 ---------------------------------------------------------------
                  energy        change          grad        time
 ---------------------------------------------------------------
   0      -201.717315844                    6.43e-01        0.03
   1      -202.306689221     -5.89e-01      3.76e-01        0.02
   2      -202.295842246      1.08e-02      5.72e-02        0.02
   3      -202.313631690     -1.78e-02      9.83e-03        0.02
   4      -202.322467223     -8.84e-03      2.08e-03        0.02
   5      -202.322864263     -3.97e-04      6.16e-04        0.02
   6      -202.322881999     -1.77e-05      1.37e-04        0.02
   7      -202.322882516     -5.17e-07      3.91e-05        0.02
   8      -202.322882603     -8.67e-08      1.66e-05        0.02
   9      -202.322882609     -6.68e-09      6.56e-06        0.02
  10      -202.322882610     -9.55e-10      2.24e-06        0.02

 SCF converged in 9 iterations.

 Entropy contribution (-ST):             0.000000000
 Dipole moment (in Debye):              -1.555281       0.175782      -4.280073
 Setting up Delta-SCF
 Ground-Excited state overlap:           0.000000000
 No correction applied to the TDM.
 Excitation energy:                      0.113747307
 Excitation energy (in eV):              3.095221895
 Transition dipole:                     -0.36427      -0.46566      -3.44903
 Saving results in set 'frame_613'

 --------------------------------------------------------------------------------

 End time:                               Mon May 24 16:02:35 2021
 Total wall-clock time:                  0.618 seconds
==================================================================================
