
================================================================================
          _____________ ________ _______________ ________     _________         
         / ___________// ______ \\_____   _____// ______ \   / ________)        
        / /_________  / /      \ \     | |     / /      \ \ | (_______          
       |  __________|| |        | |    | |    | |        | | \________ \        
        \ \_________ | |        | |    | |     \ \______/ /___________) |       
         \__________||_|        |_|    |_|      \________//____________/        
                                                                                
====================================[ Qcore ]===================================

 Git hash:   b27a5f96910dca04bf09adb1496985de0081c8b6
 Git date:   Tue, 11 May 2021 09:58:05 -0400
 Compiler:   AppleClang 10.0.1.10010046
 Build type: Release
 Version:    1.2.0

 Start time: Mon May 24 15:44:02 2021

 Data directory: /Users/of15641/qcore/cmake-build-release/share/entos/1.2.0/data
 Number of threads: 2
 Number of threads was determined by: number of physical cores

 --------------------------------------------------------------------------------
                                  command: bchla                                 
 --------------------------------------------------------------------------------
 XTB basis setup:                        reference basis
 Number of basis functions:            404
 GFN version:                            gfn1
 Integral screening threshold:           1.00e-10
 Total charge:                           0.000000000
 Number of electrons:                  344.000000000
 Electronic temperature (Kelvin):        0.000000000

 D3BJ energy:                           -0.097278651
 Repulsive energy:                       2.458951728

 ------------------------------------------------
  Running self-consistent charge (SCC) algorithm 
 ------------------------------------------------
 Broyden mixing factor:                  0.40
 Max number of iterations:             128
 Conv. threshold (charge):               1.00e-05
 Conv. threshold (energy):               1.00e-06
 Initial guess:                          SAD

 ---------------------------------------------------------------
                  energy        change          grad        time
 ---------------------------------------------------------------
   0      -201.635850941                    6.41e-01        0.02
   1      -202.233673764     -5.98e-01      3.74e-01        0.02
   2      -202.217046837      1.66e-02      5.89e-02        0.03
   3      -202.237551189     -2.05e-02      1.16e-02        0.02
   4      -202.250491125     -1.29e-02      2.34e-03        0.02
   5      -202.250985595     -4.94e-04      6.65e-04        0.03
   6      -202.251004851     -1.93e-05      1.71e-04        0.02
   7      -202.251005783     -9.32e-07      5.40e-05        0.03
   8      -202.251006042     -2.59e-07      1.99e-05        0.02
   9      -202.251006058     -1.64e-08      6.96e-06        0.02
  10      -202.251006059     -4.84e-10      2.59e-06        0.02

 SCF converged in 9 iterations.

 Entropy contribution (-ST):             0.000000000
 Dipole moment (in Debye):              -0.378804       1.290362      -4.543491
 Setting up Delta-SCF
 Ground-Excited state overlap:           0.000000000
 No correction applied to the TDM.
 Excitation energy:                      0.112327277
 Excitation energy (in eV):              3.056580913
 Transition dipole:                     -1.33865       1.09424      -3.19361
 Saving results in set 'frame_1012'

 --------------------------------------------------------------------------------

 End time:                               Mon May 24 15:44:03 2021
 Total wall-clock time:                  0.607 seconds
==================================================================================
