
================================================================================
          _____________ ________ _______________ ________     _________         
         / ___________// ______ \\_____   _____// ______ \   / ________)        
        / /_________  / /      \ \     | |     / /      \ \ | (_______          
       |  __________|| |        | |    | |    | |        | | \________ \        
        \ \_________ | |        | |    | |     \ \______/ /___________) |       
         \__________||_|        |_|    |_|      \________//____________/        
                                                                                
====================================[ Qcore ]===================================

 Git hash:   b27a5f96910dca04bf09adb1496985de0081c8b6
 Git date:   Tue, 11 May 2021 09:58:05 -0400
 Compiler:   AppleClang 10.0.1.10010046
 Build type: Release
 Version:    1.2.0

 Start time: Mon May 24 15:55:01 2021

 Data directory: /Users/of15641/qcore/cmake-build-release/share/entos/1.2.0/data
 Number of threads: 2
 Number of threads was determined by: number of physical cores

 --------------------------------------------------------------------------------
                                  command: bchla                                 
 --------------------------------------------------------------------------------
 XTB basis setup:                        reference basis
 Number of basis functions:            404
 GFN version:                            gfn1
 Integral screening threshold:           1.00e-10
 Total charge:                           0.000000000
 Number of electrons:                  344.000000000
 Electronic temperature (Kelvin):        0.000000000

 D3BJ energy:                           -0.094210573
 Repulsive energy:                       2.489427027

 ------------------------------------------------
  Running self-consistent charge (SCC) algorithm 
 ------------------------------------------------
 Broyden mixing factor:                  0.40
 Max number of iterations:             128
 Conv. threshold (charge):               1.00e-05
 Conv. threshold (energy):               1.00e-06
 Initial guess:                          SAD

 ---------------------------------------------------------------
                  energy        change          grad        time
 ---------------------------------------------------------------
   0      -201.653680870                    6.43e-01        0.04
   1      -202.266668495     -6.13e-01      3.75e-01        0.03
   2      -202.249841820      1.68e-02      5.92e-02        0.03
   3      -202.268110852     -1.83e-02      1.26e-02        0.04
   4      -202.283504830     -1.54e-02      2.59e-03        0.06
   5      -202.284093389     -5.89e-04      6.84e-04        0.05
   6      -202.284113069     -1.97e-05      1.50e-04        0.04
   7      -202.284113800     -7.31e-07      4.89e-05        0.04
   8      -202.284113920     -1.20e-07      2.20e-05        0.03
   9      -202.284113931     -1.05e-08      8.90e-06        0.03
  10      -202.284113932     -1.82e-09      2.98e-06        0.03

 SCF converged in 9 iterations.

 Entropy contribution (-ST):             0.000000000
 Dipole moment (in Debye):               0.036420       2.148506       3.150647
 Setting up Delta-SCF
 Ground-Excited state overlap:           0.000000000
 No correction applied to the TDM.
 Excitation energy:                      0.107452127
 Excitation energy (in eV):              2.923921337
 Transition dipole:                     -1.64743      -0.52445      -3.25431
 Saving results in set 'frame_1894'

 --------------------------------------------------------------------------------

 End time:                               Mon May 24 15:55:02 2021
 Total wall-clock time:                  0.941 seconds
==================================================================================
