
================================================================================
          _____________ ________ _______________ ________     _________         
         / ___________// ______ \\_____   _____// ______ \   / ________)        
        / /_________  / /      \ \     | |     / /      \ \ | (_______          
       |  __________|| |        | |    | |    | |        | | \________ \        
        \ \_________ | |        | |    | |     \ \______/ /___________) |       
         \__________||_|        |_|    |_|      \________//____________/        
                                                                                
====================================[ Qcore ]===================================

 Git hash:   b27a5f96910dca04bf09adb1496985de0081c8b6
 Git date:   Tue, 11 May 2021 09:58:05 -0400
 Compiler:   AppleClang 10.0.1.10010046
 Build type: Release
 Version:    1.2.0

 Start time: Mon May 24 15:57:43 2021

 Data directory: /Users/of15641/qcore/cmake-build-release/share/entos/1.2.0/data
 Number of threads: 2
 Number of threads was determined by: number of physical cores

 --------------------------------------------------------------------------------
                                  command: bchla                                 
 --------------------------------------------------------------------------------
 XTB basis setup:                        reference basis
 Number of basis functions:            404
 GFN version:                            gfn1
 Integral screening threshold:           1.00e-10
 Total charge:                           0.000000000
 Number of electrons:                  344.000000000
 Electronic temperature (Kelvin):        0.000000000

 D3BJ energy:                           -0.095869166
 Repulsive energy:                       2.545851178

 ------------------------------------------------
  Running self-consistent charge (SCC) algorithm 
 ------------------------------------------------
 Broyden mixing factor:                  0.40
 Max number of iterations:             128
 Conv. threshold (charge):               1.00e-05
 Conv. threshold (energy):               1.00e-06
 Initial guess:                          SAD

 ---------------------------------------------------------------
                  energy        change          grad        time
 ---------------------------------------------------------------
   0      -201.600571783                    6.44e-01        0.04
   1      -202.196743797     -5.96e-01      3.76e-01        0.03
   2      -202.175423759      2.13e-02      5.89e-02        0.03
   3      -202.197419838     -2.20e-02      1.29e-02        0.03
   4      -202.213851197     -1.64e-02      2.09e-03        0.02
   5      -202.214227365     -3.76e-04      6.26e-04        0.03
   6      -202.214244277     -1.69e-05      1.53e-04        0.03
   7      -202.214245131     -8.54e-07      5.25e-05        0.02
   8      -202.214245336     -2.06e-07      2.19e-05        0.03
   9      -202.214245347     -1.04e-08      7.79e-06        0.03
  10      -202.214245347     -3.46e-10      2.58e-06        0.03

 SCF converged in 9 iterations.

 Entropy contribution (-ST):             0.000000000
 Dipole moment (in Debye):               2.297724      -2.123045       0.668517
 Setting up Delta-SCF
 Ground-Excited state overlap:           0.000000000
 No correction applied to the TDM.
 Excitation energy:                      0.112798425
 Excitation energy (in eV):              3.069401500
 Transition dipole:                     -0.12096      -2.77456      -0.82823
 Saving results in set 'frame_287'

 --------------------------------------------------------------------------------

 End time:                               Mon May 24 15:57:44 2021
 Total wall-clock time:                  0.728 seconds
==================================================================================
