
================================================================================
          _____________ ________ _______________ ________     _________         
         / ___________// ______ \\_____   _____// ______ \   / ________)        
        / /_________  / /      \ \     | |     / /      \ \ | (_______          
       |  __________|| |        | |    | |    | |        | | \________ \        
        \ \_________ | |        | |    | |     \ \______/ /___________) |       
         \__________||_|        |_|    |_|      \________//____________/        
                                                                                
====================================[ Qcore ]===================================

 Git hash:   b27a5f96910dca04bf09adb1496985de0081c8b6
 Git date:   Tue, 11 May 2021 09:58:05 -0400
 Compiler:   AppleClang 10.0.1.10010046
 Build type: Release
 Version:    1.2.0

 Start time: Mon May 24 15:55:56 2021

 Data directory: /Users/of15641/qcore/cmake-build-release/share/entos/1.2.0/data
 Number of threads: 2
 Number of threads was determined by: number of physical cores

 --------------------------------------------------------------------------------
                                  command: bchla                                 
 --------------------------------------------------------------------------------
 XTB basis setup:                        reference basis
 Number of basis functions:            404
 GFN version:                            gfn1
 Integral screening threshold:           1.00e-10
 Total charge:                           0.000000000
 Number of electrons:                  344.000000000
 Electronic temperature (Kelvin):        0.000000000

 D3BJ energy:                           -0.093344651
 Repulsive energy:                       2.539758693

 ------------------------------------------------
  Running self-consistent charge (SCC) algorithm 
 ------------------------------------------------
 Broyden mixing factor:                  0.40
 Max number of iterations:             128
 Conv. threshold (charge):               1.00e-05
 Conv. threshold (energy):               1.00e-06
 Initial guess:                          SAD

 ---------------------------------------------------------------
                  energy        change          grad        time
 ---------------------------------------------------------------
   0      -201.662363466                    6.43e-01        0.03
   1      -202.265200600     -6.03e-01      3.75e-01        0.03
   2      -202.246789278      1.84e-02      5.84e-02        0.03
   3      -202.265606966     -1.88e-02      1.24e-02        0.02
   4      -202.281396644     -1.58e-02      2.26e-03        0.03
   5      -202.281842064     -4.45e-04      6.11e-04        0.02
   6      -202.281856130     -1.41e-05      1.54e-04        0.03
   7      -202.281856857     -7.27e-07      4.98e-05        0.02
   8      -202.281857076     -2.19e-07      1.93e-05        0.03
   9      -202.281857086     -1.01e-08      6.92e-06        0.02
  10      -202.281857086     -4.21e-10      2.44e-06        0.03

 SCF converged in 9 iterations.

 Entropy contribution (-ST):             0.000000000
 Dipole moment (in Debye):              -2.383190       4.293769       4.379967
 Setting up Delta-SCF
 Ground-Excited state overlap:          -0.000000000
 No correction applied to the TDM.
 Excitation energy:                      0.110999145
 Excitation energy (in eV):              3.020440595
 Transition dipole:                     -0.50816      -2.34704      -2.56284
 Saving results in set 'frame_1962'

 --------------------------------------------------------------------------------

 End time:                               Mon May 24 15:55:56 2021
 Total wall-clock time:                  0.655 seconds
==================================================================================
