
================================================================================
          _____________ ________ _______________ ________     _________         
         / ___________// ______ \\_____   _____// ______ \   / ________)        
        / /_________  / /      \ \     | |     / /      \ \ | (_______          
       |  __________|| |        | |    | |    | |        | | \________ \        
        \ \_________ | |        | |    | |     \ \______/ /___________) |       
         \__________||_|        |_|    |_|      \________//____________/        
                                                                                
====================================[ Qcore ]===================================

 Git hash:   b27a5f96910dca04bf09adb1496985de0081c8b6
 Git date:   Tue, 11 May 2021 09:58:05 -0400
 Compiler:   AppleClang 10.0.1.10010046
 Build type: Release
 Version:    1.2.0

 Start time: Mon May 24 15:53:03 2021

 Data directory: /Users/of15641/qcore/cmake-build-release/share/entos/1.2.0/data
 Number of threads: 2
 Number of threads was determined by: number of physical cores

 --------------------------------------------------------------------------------
                                  command: bchla                                 
 --------------------------------------------------------------------------------
 XTB basis setup:                        reference basis
 Number of basis functions:            404
 GFN version:                            gfn1
 Integral screening threshold:           1.00e-10
 Total charge:                           0.000000000
 Number of electrons:                  344.000000000
 Electronic temperature (Kelvin):        0.000000000

 D3BJ energy:                           -0.094805201
 Repulsive energy:                       2.513702088

 ------------------------------------------------
  Running self-consistent charge (SCC) algorithm 
 ------------------------------------------------
 Broyden mixing factor:                  0.40
 Max number of iterations:             128
 Conv. threshold (charge):               1.00e-05
 Conv. threshold (energy):               1.00e-06
 Initial guess:                          SAD

 ---------------------------------------------------------------
                  energy        change          grad        time
 ---------------------------------------------------------------
   0      -201.662372267                    6.42e-01        0.03
   1      -202.252705031     -5.90e-01      3.74e-01        0.03
   2      -202.241755794      1.09e-02      5.77e-02        0.02
   3      -202.257236316     -1.55e-02      1.10e-02        0.02
   4      -202.267323170     -1.01e-02      2.91e-03        0.02
   5      -202.268075363     -7.52e-04      7.16e-04        0.02
   6      -202.268101409     -2.60e-05      2.03e-04        0.03
   7      -202.268103204     -1.79e-06      6.76e-05        0.02
   8      -202.268103657     -4.53e-07      2.04e-05        0.03
   9      -202.268103670     -1.25e-08      8.02e-06        0.02
  10      -202.268103670     -8.67e-10      2.96e-06        0.02

 SCF converged in 9 iterations.

 Entropy contribution (-ST):             0.000000000
 Dipole moment (in Debye):              -4.039828       2.395473      -0.386236
 Setting up Delta-SCF
 Ground-Excited state overlap:           0.000000000
 No correction applied to the TDM.
 Excitation energy:                      0.106062307
 Excitation energy (in eV):              2.886102405
 Transition dipole:                     -0.29908       3.55910      -0.04336
 Saving results in set 'frame_1746'

 --------------------------------------------------------------------------------

 End time:                               Mon May 24 15:53:04 2021
 Total wall-clock time:                  0.651 seconds
==================================================================================
