
================================================================================
          _____________ ________ _______________ ________     _________         
         / ___________// ______ \\_____   _____// ______ \   / ________)        
        / /_________  / /      \ \     | |     / /      \ \ | (_______          
       |  __________|| |        | |    | |    | |        | | \________ \        
        \ \_________ | |        | |    | |     \ \______/ /___________) |       
         \__________||_|        |_|    |_|      \________//____________/        
                                                                                
====================================[ Qcore ]===================================

 Git hash:   b27a5f96910dca04bf09adb1496985de0081c8b6
 Git date:   Tue, 11 May 2021 09:58:05 -0400
 Compiler:   AppleClang 10.0.1.10010046
 Build type: Release
 Version:    1.2.0

 Start time: Mon May 24 15:51:02 2021

 Data directory: /Users/of15641/qcore/cmake-build-release/share/entos/1.2.0/data
 Number of threads: 2
 Number of threads was determined by: number of physical cores

 --------------------------------------------------------------------------------
                                  command: bchla                                 
 --------------------------------------------------------------------------------
 XTB basis setup:                        reference basis
 Number of basis functions:            404
 GFN version:                            gfn1
 Integral screening threshold:           1.00e-10
 Total charge:                           0.000000000
 Number of electrons:                  344.000000000
 Electronic temperature (Kelvin):        0.000000000

 D3BJ energy:                           -0.093385280
 Repulsive energy:                       2.503888432

 ------------------------------------------------
  Running self-consistent charge (SCC) algorithm 
 ------------------------------------------------
 Broyden mixing factor:                  0.40
 Max number of iterations:             128
 Conv. threshold (charge):               1.00e-05
 Conv. threshold (energy):               1.00e-06
 Initial guess:                          SAD

 ---------------------------------------------------------------
                  energy        change          grad        time
 ---------------------------------------------------------------
   0      -201.648255355                    6.42e-01        0.03
   1      -202.236405463     -5.88e-01      3.75e-01        0.03
   2      -202.218314869      1.81e-02      5.71e-02        0.02
   3      -202.238149398     -1.98e-02      1.23e-02        0.02
   4      -202.253739023     -1.56e-02      2.29e-03        0.02
   5      -202.254173753     -4.35e-04      6.36e-04        0.02
   6      -202.254188287     -1.45e-05      1.39e-04        0.02
   7      -202.254188876     -5.88e-07      3.83e-05        0.03
   8      -202.254188927     -5.12e-08      1.68e-05        0.03
   9      -202.254188932     -4.87e-09      7.18e-06        0.02
  10      -202.254188933     -1.19e-09      2.56e-06        0.02

 SCF converged in 9 iterations.

 Entropy contribution (-ST):             0.000000000
 Dipole moment (in Debye):              -4.750318       4.251829       1.573762
 Setting up Delta-SCF
 Ground-Excited state overlap:          -0.000000000
 No correction applied to the TDM.
 Excitation energy:                      0.114533819
 Excitation energy (in eV):              3.116623979
 Transition dipole:                      2.09442      -2.29245      -1.79795
 Saving results in set 'frame_1604'

 --------------------------------------------------------------------------------

 End time:                               Mon May 24 15:51:03 2021
 Total wall-clock time:                  0.613 seconds
==================================================================================
