
================================================================================
          _____________ ________ _______________ ________     _________         
         / ___________// ______ \\_____   _____// ______ \   / ________)        
        / /_________  / /      \ \     | |     / /      \ \ | (_______          
       |  __________|| |        | |    | |    | |        | | \________ \        
        \ \_________ | |        | |    | |     \ \______/ /___________) |       
         \__________||_|        |_|    |_|      \________//____________/        
                                                                                
====================================[ Qcore ]===================================

 Git hash:   b27a5f96910dca04bf09adb1496985de0081c8b6
 Git date:   Tue, 11 May 2021 09:58:05 -0400
 Compiler:   AppleClang 10.0.1.10010046
 Build type: Release
 Version:    1.2.0

 Start time: Mon May 24 15:55:13 2021

 Data directory: /Users/of15641/qcore/cmake-build-release/share/entos/1.2.0/data
 Number of threads: 2
 Number of threads was determined by: number of physical cores

 --------------------------------------------------------------------------------
                                  command: bchla                                 
 --------------------------------------------------------------------------------
 XTB basis setup:                        reference basis
 Number of basis functions:            404
 GFN version:                            gfn1
 Integral screening threshold:           1.00e-10
 Total charge:                           0.000000000
 Number of electrons:                  344.000000000
 Electronic temperature (Kelvin):        0.000000000

 D3BJ energy:                           -0.097363309
 Repulsive energy:                       2.569405590

 ------------------------------------------------
  Running self-consistent charge (SCC) algorithm 
 ------------------------------------------------
 Broyden mixing factor:                  0.40
 Max number of iterations:             128
 Conv. threshold (charge):               1.00e-05
 Conv. threshold (energy):               1.00e-06
 Initial guess:                          SAD

 ---------------------------------------------------------------
                  energy        change          grad        time
 ---------------------------------------------------------------
   0      -201.664561945                    6.44e-01        0.02
   1      -202.270798690     -6.06e-01      3.76e-01        0.02
   2      -202.240972438      2.98e-02      6.07e-02        0.02
   3      -202.268573057     -2.76e-02      1.45e-02        0.02
   4      -202.290686084     -2.21e-02      2.44e-03        0.02
   5      -202.291199242     -5.13e-04      6.83e-04        0.02
   6      -202.291218625     -1.94e-05      1.83e-04        0.02
   7      -202.291220021     -1.40e-06      6.47e-05        0.02
   8      -202.291220380     -3.60e-07      2.64e-05        0.02
   9      -202.291220396     -1.56e-08      1.07e-05        0.02
  10      -202.291220396     -4.63e-10      2.77e-06        0.03
  11      -202.291220396     -9.19e-11      9.03e-07        0.02

 SCF converged in 10 iterations.

 Entropy contribution (-ST):             0.000000000
 Dipole moment (in Debye):               2.753228      -1.769612      -0.403610
 Setting up Delta-SCF
 Ground-Excited state overlap:           0.000000000
 No correction applied to the TDM.
 Excitation energy:                      0.104036377
 Excitation energy (in eV):              2.830974027
 Transition dipole:                      2.21839      -2.79615      -1.23472
 Saving results in set 'frame_191'

 --------------------------------------------------------------------------------

 End time:                               Mon May 24 15:55:13 2021
 Total wall-clock time:                  0.542 seconds
==================================================================================
