
================================================================================
          _____________ ________ _______________ ________     _________         
         / ___________// ______ \\_____   _____// ______ \   / ________)        
        / /_________  / /      \ \     | |     / /      \ \ | (_______          
       |  __________|| |        | |    | |    | |        | | \________ \        
        \ \_________ | |        | |    | |     \ \______/ /___________) |       
         \__________||_|        |_|    |_|      \________//____________/        
                                                                                
====================================[ Qcore ]===================================

 Git hash:   b27a5f96910dca04bf09adb1496985de0081c8b6
 Git date:   Tue, 11 May 2021 09:58:05 -0400
 Compiler:   AppleClang 10.0.1.10010046
 Build type: Release
 Version:    1.2.0

 Start time: Mon May 24 16:05:27 2021

 Data directory: /Users/of15641/qcore/cmake-build-release/share/entos/1.2.0/data
 Number of threads: 2
 Number of threads was determined by: number of physical cores

 --------------------------------------------------------------------------------
                                  command: bchla                                 
 --------------------------------------------------------------------------------
 XTB basis setup:                        reference basis
 Number of basis functions:            404
 GFN version:                            gfn1
 Integral screening threshold:           1.00e-10
 Total charge:                           0.000000000
 Number of electrons:                  344.000000000
 Electronic temperature (Kelvin):        0.000000000

 D3BJ energy:                           -0.095138037
 Repulsive energy:                       2.526332987

 ------------------------------------------------
  Running self-consistent charge (SCC) algorithm 
 ------------------------------------------------
 Broyden mixing factor:                  0.40
 Max number of iterations:             128
 Conv. threshold (charge):               1.00e-05
 Conv. threshold (energy):               1.00e-06
 Initial guess:                          SAD

 ---------------------------------------------------------------
                  energy        change          grad        time
 ---------------------------------------------------------------
   0      -201.649711457                    6.42e-01        0.04
   1      -202.255232885     -6.06e-01      3.75e-01        0.03
   2      -202.240414317      1.48e-02      5.95e-02        0.03
   3      -202.260534476     -2.01e-02      1.07e-02        0.03
   4      -202.271273179     -1.07e-02      2.16e-03        0.03
   5      -202.271700939     -4.28e-04      6.42e-04        0.03
   6      -202.271720328     -1.94e-05      1.42e-04        0.03
   7      -202.271720947     -6.20e-07      5.02e-05        0.03
   8      -202.271721146     -1.99e-07      2.04e-05        0.03
   9      -202.271721156     -1.00e-08      7.30e-06        0.03
  10      -202.271721157     -5.64e-10      2.50e-06        0.03

 SCF converged in 9 iterations.

 Entropy contribution (-ST):             0.000000000
 Dipole moment (in Debye):               0.894718       1.487337      -0.353361
 Setting up Delta-SCF
 Ground-Excited state overlap:          -0.000000000
 No correction applied to the TDM.
 Excitation energy:                      0.110651991
 Excitation energy (in eV):              3.010994063
 Transition dipole:                     -2.01076      -1.91618       2.12923
 Saving results in set 'frame_795'

 --------------------------------------------------------------------------------

 End time:                               Mon May 24 16:05:28 2021
 Total wall-clock time:                  0.776 seconds
==================================================================================
