
================================================================================
          _____________ ________ _______________ ________     _________         
         / ___________// ______ \\_____   _____// ______ \   / ________)        
        / /_________  / /      \ \     | |     / /      \ \ | (_______          
       |  __________|| |        | |    | |    | |        | | \________ \        
        \ \_________ | |        | |    | |     \ \______/ /___________) |       
         \__________||_|        |_|    |_|      \________//____________/        
                                                                                
====================================[ Qcore ]===================================

 Git hash:   b27a5f96910dca04bf09adb1496985de0081c8b6
 Git date:   Tue, 11 May 2021 09:58:05 -0400
 Compiler:   AppleClang 10.0.1.10010046
 Build type: Release
 Version:    1.2.0

 Start time: Mon May 24 15:48:13 2021

 Data directory: /Users/of15641/qcore/cmake-build-release/share/entos/1.2.0/data
 Number of threads: 2
 Number of threads was determined by: number of physical cores

 --------------------------------------------------------------------------------
                                  command: bchla                                 
 --------------------------------------------------------------------------------
 XTB basis setup:                        reference basis
 Number of basis functions:            404
 GFN version:                            gfn1
 Integral screening threshold:           1.00e-10
 Total charge:                           0.000000000
 Number of electrons:                  344.000000000
 Electronic temperature (Kelvin):        0.000000000

 D3BJ energy:                           -0.102496908
 Repulsive energy:                       2.536866387

 ------------------------------------------------
  Running self-consistent charge (SCC) algorithm 
 ------------------------------------------------
 Broyden mixing factor:                  0.40
 Max number of iterations:             128
 Conv. threshold (charge):               1.00e-05
 Conv. threshold (energy):               1.00e-06
 Initial guess:                          SAD

 ---------------------------------------------------------------
                  energy        change          grad        time
 ---------------------------------------------------------------
   0      -201.702102708                    6.43e-01        0.02
   1      -202.289138055     -5.87e-01      3.75e-01        0.02
   2      -202.269298042      1.98e-02      5.91e-02        0.02
   3      -202.291303562     -2.20e-02      1.38e-02        0.02
   4      -202.306392592     -1.51e-02      3.62e-03        0.02
   5      -202.307585042     -1.19e-03      7.38e-04        0.02
   6      -202.307611624     -2.66e-05      2.34e-04        0.02
   7      -202.307614845     -3.22e-06      6.93e-05        0.02
   8      -202.307615262     -4.17e-07      2.94e-05        0.02
   9      -202.307615282     -2.04e-08      1.30e-05        0.02
  10      -202.307615284     -1.60e-09      3.71e-06        0.02
  11      -202.307615284     -2.34e-10      1.10e-06        0.02

 SCF converged in 10 iterations.

 Entropy contribution (-ST):             0.000000000
 Dipole moment (in Debye):              -1.515236       3.207844       2.659286
 Setting up Delta-SCF
 Ground-Excited state overlap:           0.000000000
 No correction applied to the TDM.
 Excitation energy:                      0.106056292
 Excitation energy (in eV):              2.885938735
 Transition dipole:                     -2.80601       0.60523       1.93768
 Saving results in set 'frame_1386'

 --------------------------------------------------------------------------------

 End time:                               Mon May 24 15:48:13 2021
 Total wall-clock time:                  0.528 seconds
==================================================================================
