
================================================================================
          _____________ ________ _______________ ________     _________         
         / ___________// ______ \\_____   _____// ______ \   / ________)        
        / /_________  / /      \ \     | |     / /      \ \ | (_______          
       |  __________|| |        | |    | |    | |        | | \________ \        
        \ \_________ | |        | |    | |     \ \______/ /___________) |       
         \__________||_|        |_|    |_|      \________//____________/        
                                                                                
====================================[ Qcore ]===================================

 Git hash:   b27a5f96910dca04bf09adb1496985de0081c8b6
 Git date:   Tue, 11 May 2021 09:58:05 -0400
 Compiler:   AppleClang 10.0.1.10010046
 Build type: Release
 Version:    1.2.0

 Start time: Mon May 24 15:52:37 2021

 Data directory: /Users/of15641/qcore/cmake-build-release/share/entos/1.2.0/data
 Number of threads: 2
 Number of threads was determined by: number of physical cores

 --------------------------------------------------------------------------------
                                  command: bchla                                 
 --------------------------------------------------------------------------------
 XTB basis setup:                        reference basis
 Number of basis functions:            404
 GFN version:                            gfn1
 Integral screening threshold:           1.00e-10
 Total charge:                           0.000000000
 Number of electrons:                  344.000000000
 Electronic temperature (Kelvin):        0.000000000

 D3BJ energy:                           -0.095968528
 Repulsive energy:                       2.434541094

 ------------------------------------------------
  Running self-consistent charge (SCC) algorithm 
 ------------------------------------------------
 Broyden mixing factor:                  0.40
 Max number of iterations:             128
 Conv. threshold (charge):               1.00e-05
 Conv. threshold (energy):               1.00e-06
 Initial guess:                          SAD

 ---------------------------------------------------------------
                  energy        change          grad        time
 ---------------------------------------------------------------
   0      -201.584125267                    6.40e-01        0.03
   1      -202.172041878     -5.88e-01      3.74e-01        0.02
   2      -202.155530566      1.65e-02      5.78e-02        0.02
   3      -202.175121727     -1.96e-02      1.17e-02        0.02
   4      -202.188676400     -1.36e-02      2.11e-03        0.02
   5      -202.189046882     -3.70e-04      6.32e-04        0.03
   6      -202.189064261     -1.74e-05      1.32e-04        0.02
   7      -202.189064826     -5.66e-07      3.82e-05        0.03
   8      -202.189064862     -3.53e-08      1.88e-05        0.02
   9      -202.189064869     -7.21e-09      7.54e-06        0.03
  10      -202.189064870     -1.26e-09      2.31e-06        0.02

 SCF converged in 9 iterations.

 Entropy contribution (-ST):             0.000000000
 Dipole moment (in Debye):              -3.327692       3.915788       1.205153
 Setting up Delta-SCF
 Ground-Excited state overlap:           0.000000000
 No correction applied to the TDM.
 Excitation energy:                      0.112736817
 Excitation energy (in eV):              3.067725079
 Transition dipole:                     -0.96629       2.79427       1.85285
 Saving results in set 'frame_1715'

 --------------------------------------------------------------------------------

 End time:                               Mon May 24 15:52:38 2021
 Total wall-clock time:                  0.617 seconds
==================================================================================
