
================================================================================
          _____________ ________ _______________ ________     _________         
         / ___________// ______ \\_____   _____// ______ \   / ________)        
        / /_________  / /      \ \     | |     / /      \ \ | (_______          
       |  __________|| |        | |    | |    | |        | | \________ \        
        \ \_________ | |        | |    | |     \ \______/ /___________) |       
         \__________||_|        |_|    |_|      \________//____________/        
                                                                                
====================================[ Qcore ]===================================

 Git hash:   b27a5f96910dca04bf09adb1496985de0081c8b6
 Git date:   Tue, 11 May 2021 09:58:05 -0400
 Compiler:   AppleClang 10.0.1.10010046
 Build type: Release
 Version:    1.2.0

 Start time: Mon May 24 15:49:31 2021

 Data directory: /Users/of15641/qcore/cmake-build-release/share/entos/1.2.0/data
 Number of threads: 2
 Number of threads was determined by: number of physical cores

 --------------------------------------------------------------------------------
                                  command: bchla                                 
 --------------------------------------------------------------------------------
 XTB basis setup:                        reference basis
 Number of basis functions:            404
 GFN version:                            gfn1
 Integral screening threshold:           1.00e-10
 Total charge:                           0.000000000
 Number of electrons:                  344.000000000
 Electronic temperature (Kelvin):        0.000000000

 D3BJ energy:                           -0.111387326
 Repulsive energy:                       2.542446365

 ------------------------------------------------
  Running self-consistent charge (SCC) algorithm 
 ------------------------------------------------
 Broyden mixing factor:                  0.40
 Max number of iterations:             128
 Conv. threshold (charge):               1.00e-05
 Conv. threshold (energy):               1.00e-06
 Initial guess:                          SAD

 ---------------------------------------------------------------
                  energy        change          grad        time
 ---------------------------------------------------------------
   0      -201.690761188                    6.42e-01        0.03
   1      -202.290009672     -5.99e-01      3.75e-01        0.04
   2      -202.279968481      1.00e-02      5.83e-02        0.04
   3      -202.297613882     -1.76e-02      9.75e-03        0.02
   4      -202.305834708     -8.22e-03      2.27e-03        0.03
   5      -202.306319664     -4.85e-04      6.81e-04        0.03
   6      -202.306345996     -2.63e-05      1.40e-04        0.02
   7      -202.306346648     -6.53e-07      3.61e-05        0.03
   8      -202.306346682     -3.34e-08      1.47e-05        0.02
   9      -202.306346683     -1.56e-09      4.74e-06        0.03
  10      -202.306346683     -2.39e-10      2.23e-06        0.02

 SCF converged in 9 iterations.

 Entropy contribution (-ST):             0.000000000
 Dipole moment (in Debye):              -4.679370       3.601679      -0.738200
 Setting up Delta-SCF
 Ground-Excited state overlap:           0.000000000
 No correction applied to the TDM.
 Excitation energy:                      0.107834052
 Excitation energy (in eV):              2.934314034
 Transition dipole:                     -3.09399       2.07583       0.31863
 Saving results in set 'frame_1494'

 --------------------------------------------------------------------------------

 End time:                               Mon May 24 15:49:31 2021
 Total wall-clock time:                  0.670 seconds
==================================================================================
