
================================================================================
          _____________ ________ _______________ ________     _________         
         / ___________// ______ \\_____   _____// ______ \   / ________)        
        / /_________  / /      \ \     | |     / /      \ \ | (_______          
       |  __________|| |        | |    | |    | |        | | \________ \        
        \ \_________ | |        | |    | |     \ \______/ /___________) |       
         \__________||_|        |_|    |_|      \________//____________/        
                                                                                
====================================[ Qcore ]===================================

 Git hash:   b27a5f96910dca04bf09adb1496985de0081c8b6
 Git date:   Tue, 11 May 2021 09:58:05 -0400
 Compiler:   AppleClang 10.0.1.10010046
 Build type: Release
 Version:    1.2.0

 Start time: Mon May 24 15:52:48 2021

 Data directory: /Users/of15641/qcore/cmake-build-release/share/entos/1.2.0/data
 Number of threads: 2
 Number of threads was determined by: number of physical cores

 --------------------------------------------------------------------------------
                                  command: bchla                                 
 --------------------------------------------------------------------------------
 XTB basis setup:                        reference basis
 Number of basis functions:            404
 GFN version:                            gfn1
 Integral screening threshold:           1.00e-10
 Total charge:                           0.000000000
 Number of electrons:                  344.000000000
 Electronic temperature (Kelvin):        0.000000000

 D3BJ energy:                           -0.094822521
 Repulsive energy:                       2.459446989

 ------------------------------------------------
  Running self-consistent charge (SCC) algorithm 
 ------------------------------------------------
 Broyden mixing factor:                  0.40
 Max number of iterations:             128
 Conv. threshold (charge):               1.00e-05
 Conv. threshold (energy):               1.00e-06
 Initial guess:                          SAD

 ---------------------------------------------------------------
                  energy        change          grad        time
 ---------------------------------------------------------------
   0      -201.659292186                    6.42e-01        0.03
   1      -202.254415757     -5.95e-01      3.75e-01        0.03
   2      -202.240743998      1.37e-02      5.83e-02        0.03
   3      -202.259842023     -1.91e-02      1.08e-02        0.02
   4      -202.270403173     -1.06e-02      2.44e-03        0.02
   5      -202.270962572     -5.59e-04      6.94e-04        0.03
   6      -202.270987831     -2.53e-05      1.63e-04        0.02
   7      -202.270988844     -1.01e-06      5.56e-05        0.02
   8      -202.270989156     -3.11e-07      1.99e-05        0.03
   9      -202.270989168     -1.22e-08      7.44e-06        0.02
  10      -202.270989168     -4.41e-10      2.37e-06        0.02

 SCF converged in 9 iterations.

 Entropy contribution (-ST):             0.000000000
 Dipole moment (in Debye):              -4.283222       4.236860       2.532342
 Setting up Delta-SCF
 Ground-Excited state overlap:           0.000000000
 No correction applied to the TDM.
 Excitation energy:                      0.108408764
 Excitation energy (in eV):              2.949952742
 Transition dipole:                      0.67470      -3.11905      -1.81857
 Saving results in set 'frame_1728'

 --------------------------------------------------------------------------------

 End time:                               Mon May 24 15:52:48 2021
 Total wall-clock time:                  0.649 seconds
==================================================================================
