
================================================================================
          _____________ ________ _______________ ________     _________         
         / ___________// ______ \\_____   _____// ______ \   / ________)        
        / /_________  / /      \ \     | |     / /      \ \ | (_______          
       |  __________|| |        | |    | |    | |        | | \________ \        
        \ \_________ | |        | |    | |     \ \______/ /___________) |       
         \__________||_|        |_|    |_|      \________//____________/        
                                                                                
====================================[ Qcore ]===================================

 Git hash:   b27a5f96910dca04bf09adb1496985de0081c8b6
 Git date:   Tue, 11 May 2021 09:58:05 -0400
 Compiler:   AppleClang 10.0.1.10010046
 Build type: Release
 Version:    1.2.0

 Start time: Mon May 24 15:59:55 2021

 Data directory: /Users/of15641/qcore/cmake-build-release/share/entos/1.2.0/data
 Number of threads: 2
 Number of threads was determined by: number of physical cores

 --------------------------------------------------------------------------------
                                  command: bchla                                 
 --------------------------------------------------------------------------------
 XTB basis setup:                        reference basis
 Number of basis functions:            404
 GFN version:                            gfn1
 Integral screening threshold:           1.00e-10
 Total charge:                           0.000000000
 Number of electrons:                  344.000000000
 Electronic temperature (Kelvin):        0.000000000

 D3BJ energy:                           -0.100654880
 Repulsive energy:                       2.537724818

 ------------------------------------------------
  Running self-consistent charge (SCC) algorithm 
 ------------------------------------------------
 Broyden mixing factor:                  0.40
 Max number of iterations:             128
 Conv. threshold (charge):               1.00e-05
 Conv. threshold (energy):               1.00e-06
 Initial guess:                          SAD

 ---------------------------------------------------------------
                  energy        change          grad        time
 ---------------------------------------------------------------
   0      -201.661191161                    6.43e-01        0.03
   1      -202.257642524     -5.96e-01      3.75e-01        0.02
   2      -202.229643875      2.80e-02      6.01e-02        0.02
   3      -202.255359237     -2.57e-02      1.42e-02        0.02
   4      -202.276218524     -2.09e-02      2.58e-03        0.02
   5      -202.276837314     -6.19e-04      6.80e-04        0.02
   6      -202.276854880     -1.76e-05      1.88e-04        0.02
   7      -202.276856171     -1.29e-06      6.88e-05        0.02
   8      -202.276856659     -4.88e-07      2.52e-05        0.02
   9      -202.276856674     -1.58e-08      9.89e-06        0.02
  10      -202.276856675     -4.44e-10      2.99e-06        0.02

 SCF converged in 9 iterations.

 Entropy contribution (-ST):             0.000000000
 Dipole moment (in Debye):               1.747282       3.297828       0.062831
 Setting up Delta-SCF
 Ground-Excited state overlap:           0.000000000
 No correction applied to the TDM.
 Excitation energy:                      0.107560049
 Excitation energy (in eV):              2.926858025
 Transition dipole:                     -3.13354      -1.10932       1.59286
 Saving results in set 'frame_463'

 --------------------------------------------------------------------------------

 End time:                               Mon May 24 15:59:55 2021
 Total wall-clock time:                  0.590 seconds
==================================================================================
