
================================================================================
          _____________ ________ _______________ ________     _________         
         / ___________// ______ \\_____   _____// ______ \   / ________)        
        / /_________  / /      \ \     | |     / /      \ \ | (_______          
       |  __________|| |        | |    | |    | |        | | \________ \        
        \ \_________ | |        | |    | |     \ \______/ /___________) |       
         \__________||_|        |_|    |_|      \________//____________/        
                                                                                
====================================[ Qcore ]===================================

 Git hash:   b27a5f96910dca04bf09adb1496985de0081c8b6
 Git date:   Tue, 11 May 2021 09:58:05 -0400
 Compiler:   AppleClang 10.0.1.10010046
 Build type: Release
 Version:    1.2.0

 Start time: Mon May 24 16:04:14 2021

 Data directory: /Users/of15641/qcore/cmake-build-release/share/entos/1.2.0/data
 Number of threads: 2
 Number of threads was determined by: number of physical cores

 --------------------------------------------------------------------------------
                                  command: bchla                                 
 --------------------------------------------------------------------------------
 XTB basis setup:                        reference basis
 Number of basis functions:            404
 GFN version:                            gfn1
 Integral screening threshold:           1.00e-10
 Total charge:                           0.000000000
 Number of electrons:                  344.000000000
 Electronic temperature (Kelvin):        0.000000000

 D3BJ energy:                           -0.095429469
 Repulsive energy:                       2.550005390

 ------------------------------------------------
  Running self-consistent charge (SCC) algorithm 
 ------------------------------------------------
 Broyden mixing factor:                  0.40
 Max number of iterations:             128
 Conv. threshold (charge):               1.00e-05
 Conv. threshold (energy):               1.00e-06
 Initial guess:                          SAD

 ---------------------------------------------------------------
                  energy        change          grad        time
 ---------------------------------------------------------------
   0      -201.659274694                    6.44e-01        0.04
   1      -202.260775415     -6.02e-01      3.75e-01        0.04
   2      -202.243421330      1.74e-02      5.92e-02        0.06
   3      -202.266862676     -2.34e-02      1.12e-02        0.03
   4      -202.278311149     -1.14e-02      2.24e-03        0.03
   5      -202.278810261     -4.99e-04      6.90e-04        0.03
   6      -202.278836489     -2.62e-05      1.73e-04        0.03
   7      -202.278837320     -8.31e-07      6.09e-05        0.03
   8      -202.278837576     -2.56e-07      2.33e-05        0.03
   9      -202.278837586     -9.29e-09      9.58e-06        0.03
  10      -202.278837587     -1.58e-09      2.84e-06        0.03

 SCF converged in 9 iterations.

 Entropy contribution (-ST):             0.000000000
 Dipole moment (in Debye):              -0.937344      -2.036655      -2.368111
 Setting up Delta-SCF
 Ground-Excited state overlap:          -0.000000000
 No correction applied to the TDM.
 Excitation energy:                      0.109719328
 Excitation energy (in eV):              2.985615017
 Transition dipole:                     -1.97672      -1.68578       2.55252
 Saving results in set 'frame_718'

 --------------------------------------------------------------------------------

 End time:                               Mon May 24 16:04:15 2021
 Total wall-clock time:                  0.812 seconds
==================================================================================
