
================================================================================
          _____________ ________ _______________ ________     _________         
         / ___________// ______ \\_____   _____// ______ \   / ________)        
        / /_________  / /      \ \     | |     / /      \ \ | (_______          
       |  __________|| |        | |    | |    | |        | | \________ \        
        \ \_________ | |        | |    | |     \ \______/ /___________) |       
         \__________||_|        |_|    |_|      \________//____________/        
                                                                                
====================================[ Qcore ]===================================

 Git hash:   b27a5f96910dca04bf09adb1496985de0081c8b6
 Git date:   Tue, 11 May 2021 09:58:05 -0400
 Compiler:   AppleClang 10.0.1.10010046
 Build type: Release
 Version:    1.2.0

 Start time: Mon May 24 16:06:14 2021

 Data directory: /Users/of15641/qcore/cmake-build-release/share/entos/1.2.0/data
 Number of threads: 2
 Number of threads was determined by: number of physical cores

 --------------------------------------------------------------------------------
                                  command: bchla                                 
 --------------------------------------------------------------------------------
 XTB basis setup:                        reference basis
 Number of basis functions:            404
 GFN version:                            gfn1
 Integral screening threshold:           1.00e-10
 Total charge:                           0.000000000
 Number of electrons:                  344.000000000
 Electronic temperature (Kelvin):        0.000000000

 D3BJ energy:                           -0.097193603
 Repulsive energy:                       2.538121316

 ------------------------------------------------
  Running self-consistent charge (SCC) algorithm 
 ------------------------------------------------
 Broyden mixing factor:                  0.40
 Max number of iterations:             128
 Conv. threshold (charge):               1.00e-05
 Conv. threshold (energy):               1.00e-06
 Initial guess:                          SAD

 ---------------------------------------------------------------
                  energy        change          grad        time
 ---------------------------------------------------------------
   0      -201.747491018                    6.42e-01        0.03
   1      -202.318091332     -5.71e-01      3.75e-01        0.03
   2      -202.302833187      1.53e-02      5.63e-02        0.02
   3      -202.320452665     -1.76e-02      1.17e-02        0.02
   4      -202.334188051     -1.37e-02      2.40e-03        0.02
   5      -202.334709921     -5.22e-04      6.58e-04        0.02
   6      -202.334729670     -1.97e-05      1.86e-04        0.02
   7      -202.334731334     -1.66e-06      6.07e-05        0.02
   8      -202.334731698     -3.64e-07      1.82e-05        0.02
   9      -202.334731705     -6.84e-09      7.14e-06        0.02
  10      -202.334731705     -4.65e-10      2.46e-06        0.02

 SCF converged in 9 iterations.

 Entropy contribution (-ST):             0.000000000
 Dipole moment (in Debye):               3.100303       4.441218      -3.036131
 Setting up Delta-SCF
 Ground-Excited state overlap:          -0.000000000
 No correction applied to the TDM.
 Excitation energy:                      0.109488224
 Excitation energy (in eV):              2.979326356
 Transition dipole:                     -2.75335      -0.06759       2.25862
 Saving results in set 'frame_85'

 --------------------------------------------------------------------------------

 End time:                               Mon May 24 16:06:15 2021
 Total wall-clock time:                  0.634 seconds
==================================================================================
