
================================================================================
          _____________ ________ _______________ ________     _________         
         / ___________// ______ \\_____   _____// ______ \   / ________)        
        / /_________  / /      \ \     | |     / /      \ \ | (_______          
       |  __________|| |        | |    | |    | |        | | \________ \        
        \ \_________ | |        | |    | |     \ \______/ /___________) |       
         \__________||_|        |_|    |_|      \________//____________/        
                                                                                
====================================[ Qcore ]===================================

 Git hash:   b27a5f96910dca04bf09adb1496985de0081c8b6
 Git date:   Tue, 11 May 2021 09:58:05 -0400
 Compiler:   AppleClang 10.0.1.10010046
 Build type: Release
 Version:    1.2.0

 Start time: Mon May 24 16:06:05 2021

 Data directory: /Users/of15641/qcore/cmake-build-release/share/entos/1.2.0/data
 Number of threads: 2
 Number of threads was determined by: number of physical cores

 --------------------------------------------------------------------------------
                                  command: bchla                                 
 --------------------------------------------------------------------------------
 XTB basis setup:                        reference basis
 Number of basis functions:            404
 GFN version:                            gfn1
 Integral screening threshold:           1.00e-10
 Total charge:                           0.000000000
 Number of electrons:                  344.000000000
 Electronic temperature (Kelvin):        0.000000000

 D3BJ energy:                           -0.094170435
 Repulsive energy:                       2.600817098

 ------------------------------------------------
  Running self-consistent charge (SCC) algorithm 
 ------------------------------------------------
 Broyden mixing factor:                  0.40
 Max number of iterations:             128
 Conv. threshold (charge):               1.00e-05
 Conv. threshold (energy):               1.00e-06
 Initial guess:                          SAD

 ---------------------------------------------------------------
                  energy        change          grad        time
 ---------------------------------------------------------------
   0      -201.662148399                    6.44e-01        0.03
   1      -202.249744139     -5.88e-01      3.76e-01        0.02
   2      -202.241087081      8.66e-03      5.71e-02        0.03
   3      -202.258596297     -1.75e-02      9.29e-03        0.03
   4      -202.266025929     -7.43e-03      2.01e-03        0.02
   5      -202.266356611     -3.31e-04      6.77e-04        0.02
   6      -202.266380047     -2.34e-05      1.61e-04        0.02
   7      -202.266380973     -9.25e-07      5.70e-05        0.02
   8      -202.266381291     -3.19e-07      1.89e-05        0.02
   9      -202.266381299     -7.23e-09      6.47e-06        0.02
  10      -202.266381299     -4.96e-10      2.32e-06        0.02

 SCF converged in 9 iterations.

 Entropy contribution (-ST):             0.000000000
 Dipole moment (in Debye):               1.015079       0.789561      -2.130319
 Setting up Delta-SCF
 Ground-Excited state overlap:           0.000000000
 No correction applied to the TDM.
 Excitation energy:                      0.110238001
 Excitation energy (in eV):              2.999728829
 Transition dipole:                      0.23639       0.03014      -3.35599
 Saving results in set 'frame_842'

 --------------------------------------------------------------------------------

 End time:                               Mon May 24 16:06:06 2021
 Total wall-clock time:                  0.640 seconds
==================================================================================
