
================================================================================
          _____________ ________ _______________ ________     _________         
         / ___________// ______ \\_____   _____// ______ \   / ________)        
        / /_________  / /      \ \     | |     / /      \ \ | (_______          
       |  __________|| |        | |    | |    | |        | | \________ \        
        \ \_________ | |        | |    | |     \ \______/ /___________) |       
         \__________||_|        |_|    |_|      \________//____________/        
                                                                                
====================================[ Qcore ]===================================

 Git hash:   b27a5f96910dca04bf09adb1496985de0081c8b6
 Git date:   Tue, 11 May 2021 09:58:05 -0400
 Compiler:   AppleClang 10.0.1.10010046
 Build type: Release
 Version:    1.2.0

 Start time: Mon May 24 15:49:01 2021

 Data directory: /Users/of15641/qcore/cmake-build-release/share/entos/1.2.0/data
 Number of threads: 2
 Number of threads was determined by: number of physical cores

 --------------------------------------------------------------------------------
                                  command: bchla                                 
 --------------------------------------------------------------------------------
 XTB basis setup:                        reference basis
 Number of basis functions:            404
 GFN version:                            gfn1
 Integral screening threshold:           1.00e-10
 Total charge:                           0.000000000
 Number of electrons:                  344.000000000
 Electronic temperature (Kelvin):        0.000000000

 D3BJ energy:                           -0.102259086
 Repulsive energy:                       2.495737885

 ------------------------------------------------
  Running self-consistent charge (SCC) algorithm 
 ------------------------------------------------
 Broyden mixing factor:                  0.40
 Max number of iterations:             128
 Conv. threshold (charge):               1.00e-05
 Conv. threshold (energy):               1.00e-06
 Initial guess:                          SAD

 ---------------------------------------------------------------
                  energy        change          grad        time
 ---------------------------------------------------------------
   0      -201.651404416                    6.41e-01        0.02
   1      -202.254444835     -6.03e-01      3.74e-01        0.02
   2      -202.231829192      2.26e-02      5.98e-02        0.02
   3      -202.255629601     -2.38e-02      1.33e-02        0.02
   4      -202.272553783     -1.69e-02      2.35e-03        0.02
   5      -202.273013598     -4.60e-04      7.15e-04        0.02
   6      -202.273040048     -2.64e-05      2.31e-04        0.02
   7      -202.273043452     -3.40e-06      7.11e-05        0.02
   8      -202.273043892     -4.40e-07      2.14e-05        0.02
   9      -202.273043898     -6.52e-09      8.90e-06        0.02
  10      -202.273043899     -4.33e-10      2.84e-06        0.02

 SCF converged in 9 iterations.

 Entropy contribution (-ST):             0.000000000
 Dipole moment (in Debye):              -2.386781       3.202063      -0.508681
 Setting up Delta-SCF
 Ground-Excited state overlap:          -0.000000000
 No correction applied to the TDM.
 Excitation energy:                      0.108951315
 Excitation energy (in eV):              2.964716314
 Transition dipole:                     -2.62457       1.19215       1.77716
 Saving results in set 'frame_1457'

 --------------------------------------------------------------------------------

 End time:                               Mon May 24 15:49:02 2021
 Total wall-clock time:                  0.510 seconds
==================================================================================
