
================================================================================
          _____________ ________ _______________ ________     _________         
         / ___________// ______ \\_____   _____// ______ \   / ________)        
        / /_________  / /      \ \     | |     / /      \ \ | (_______          
       |  __________|| |        | |    | |    | |        | | \________ \        
        \ \_________ | |        | |    | |     \ \______/ /___________) |       
         \__________||_|        |_|    |_|      \________//____________/        
                                                                                
====================================[ Qcore ]===================================

 Git hash:   b27a5f96910dca04bf09adb1496985de0081c8b6
 Git date:   Tue, 11 May 2021 09:58:05 -0400
 Compiler:   AppleClang 10.0.1.10010046
 Build type: Release
 Version:    1.2.0

 Start time: Mon May 24 15:51:42 2021

 Data directory: /Users/of15641/qcore/cmake-build-release/share/entos/1.2.0/data
 Number of threads: 2
 Number of threads was determined by: number of physical cores

 --------------------------------------------------------------------------------
                                  command: bchla                                 
 --------------------------------------------------------------------------------
 XTB basis setup:                        reference basis
 Number of basis functions:            404
 GFN version:                            gfn1
 Integral screening threshold:           1.00e-10
 Total charge:                           0.000000000
 Number of electrons:                  344.000000000
 Electronic temperature (Kelvin):        0.000000000

 D3BJ energy:                           -0.102353452
 Repulsive energy:                       2.491737818

 ------------------------------------------------
  Running self-consistent charge (SCC) algorithm 
 ------------------------------------------------
 Broyden mixing factor:                  0.40
 Max number of iterations:             128
 Conv. threshold (charge):               1.00e-05
 Conv. threshold (energy):               1.00e-06
 Initial guess:                          SAD

 ---------------------------------------------------------------
                  energy        change          grad        time
 ---------------------------------------------------------------
   0      -201.704788774                    6.42e-01        0.02
   1      -202.299465510     -5.95e-01      3.74e-01        0.03
   2      -202.285376834      1.41e-02      5.88e-02        0.02
   3      -202.306920077     -2.15e-02      1.04e-02        0.02
   4      -202.316417294     -9.50e-03      2.33e-03        0.03
   5      -202.316926927     -5.10e-04      7.03e-04        0.02
   6      -202.316952697     -2.58e-05      1.60e-04        0.03
   7      -202.316953471     -7.74e-07      5.20e-05        0.02
   8      -202.316953683     -2.12e-07      2.05e-05        0.03
   9      -202.316953699     -1.55e-08      7.54e-06        0.02
  10      -202.316953700     -8.47e-10      2.59e-06        0.03

 SCF converged in 9 iterations.

 Entropy contribution (-ST):             0.000000000
 Dipole moment (in Debye):              -1.822542       2.740555       1.773462
 Setting up Delta-SCF
 Ground-Excited state overlap:          -0.000000000
 No correction applied to the TDM.
 Excitation energy:                      0.108896764
 Excitation energy (in eV):              2.963231902
 Transition dipole:                      0.09111      -1.98530      -3.08577
 Saving results in set 'frame_1653'

 --------------------------------------------------------------------------------

 End time:                               Mon May 24 15:51:43 2021
 Total wall-clock time:                  0.661 seconds
==================================================================================
