
================================================================================
          _____________ ________ _______________ ________     _________         
         / ___________// ______ \\_____   _____// ______ \   / ________)        
        / /_________  / /      \ \     | |     / /      \ \ | (_______          
       |  __________|| |        | |    | |    | |        | | \________ \        
        \ \_________ | |        | |    | |     \ \______/ /___________) |       
         \__________||_|        |_|    |_|      \________//____________/        
                                                                                
====================================[ Qcore ]===================================

 Git hash:   b27a5f96910dca04bf09adb1496985de0081c8b6
 Git date:   Tue, 11 May 2021 09:58:05 -0400
 Compiler:   AppleClang 10.0.1.10010046
 Build type: Release
 Version:    1.2.0

 Start time: Mon May 24 15:50:00 2021

 Data directory: /Users/of15641/qcore/cmake-build-release/share/entos/1.2.0/data
 Number of threads: 2
 Number of threads was determined by: number of physical cores

 --------------------------------------------------------------------------------
                                  command: bchla                                 
 --------------------------------------------------------------------------------
 XTB basis setup:                        reference basis
 Number of basis functions:            404
 GFN version:                            gfn1
 Integral screening threshold:           1.00e-10
 Total charge:                           0.000000000
 Number of electrons:                  344.000000000
 Electronic temperature (Kelvin):        0.000000000

 D3BJ energy:                           -0.097344722
 Repulsive energy:                       2.451743235

 ------------------------------------------------
  Running self-consistent charge (SCC) algorithm 
 ------------------------------------------------
 Broyden mixing factor:                  0.40
 Max number of iterations:             128
 Conv. threshold (charge):               1.00e-05
 Conv. threshold (energy):               1.00e-06
 Initial guess:                          SAD

 ---------------------------------------------------------------
                  energy        change          grad        time
 ---------------------------------------------------------------
   0      -201.580745330                    6.41e-01        0.03
   1      -202.198770441     -6.18e-01      3.74e-01        0.03
   2      -202.177457890      2.13e-02      6.09e-02        0.03
   3      -202.199266145     -2.18e-02      1.34e-02        0.03
   4      -202.216089393     -1.68e-02      2.58e-03        0.03
   5      -202.216661965     -5.73e-04      6.70e-04        0.03
   6      -202.216681857     -1.99e-05      1.83e-04        0.03
   7      -202.216683394     -1.54e-06      5.50e-05        0.04
   8      -202.216683689     -2.95e-07      2.13e-05        0.03
   9      -202.216683703     -1.36e-08      8.41e-06        0.03
  10      -202.216683703     -3.21e-10      2.72e-06        0.03

 SCF converged in 9 iterations.

 Entropy contribution (-ST):             0.000000000
 Dipole moment (in Debye):              -3.935139       4.006553      -1.365044
 Setting up Delta-SCF
 Ground-Excited state overlap:          -0.000000000
 No correction applied to the TDM.
 Excitation energy:                      0.111490405
 Excitation energy (in eV):              3.033808461
 Transition dipole:                     -1.49472       2.68891       1.34158
 Saving results in set 'frame_1528'

 --------------------------------------------------------------------------------

 End time:                               Mon May 24 15:50:00 2021
 Total wall-clock time:                  0.724 seconds
==================================================================================
