
================================================================================
          _____________ ________ _______________ ________     _________         
         / ___________// ______ \\_____   _____// ______ \   / ________)        
        / /_________  / /      \ \     | |     / /      \ \ | (_______          
       |  __________|| |        | |    | |    | |        | | \________ \        
        \ \_________ | |        | |    | |     \ \______/ /___________) |       
         \__________||_|        |_|    |_|      \________//____________/        
                                                                                
====================================[ Qcore ]===================================

 Git hash:   b27a5f96910dca04bf09adb1496985de0081c8b6
 Git date:   Tue, 11 May 2021 09:58:05 -0400
 Compiler:   AppleClang 10.0.1.10010046
 Build type: Release
 Version:    1.2.0

 Start time: Mon May 24 15:56:11 2021

 Data directory: /Users/of15641/qcore/cmake-build-release/share/entos/1.2.0/data
 Number of threads: 2
 Number of threads was determined by: number of physical cores

 --------------------------------------------------------------------------------
                                  command: bchla                                 
 --------------------------------------------------------------------------------
 XTB basis setup:                        reference basis
 Number of basis functions:            404
 GFN version:                            gfn1
 Integral screening threshold:           1.00e-10
 Total charge:                           0.000000000
 Number of electrons:                  344.000000000
 Electronic temperature (Kelvin):        0.000000000

 D3BJ energy:                           -0.093143351
 Repulsive energy:                       2.442797337

 ------------------------------------------------
  Running self-consistent charge (SCC) algorithm 
 ------------------------------------------------
 Broyden mixing factor:                  0.40
 Max number of iterations:             128
 Conv. threshold (charge):               1.00e-05
 Conv. threshold (energy):               1.00e-06
 Initial guess:                          SAD

 ---------------------------------------------------------------
                  energy        change          grad        time
 ---------------------------------------------------------------
   0      -201.660364326                    6.42e-01        0.04
   1      -202.250922713     -5.91e-01      3.74e-01        0.03
   2      -202.229610523      2.13e-02      5.84e-02        0.03
   3      -202.249566362     -2.00e-02      1.33e-02        0.02
   4      -202.268109352     -1.85e-02      2.12e-03        0.03
   5      -202.268459704     -3.50e-04      6.28e-04        0.02
   6      -202.268475489     -1.58e-05      1.68e-04        0.03
   7      -202.268477076     -1.59e-06      6.06e-05        0.03
   8      -202.268477383     -3.07e-07      2.04e-05        0.02
   9      -202.268477387     -4.35e-09      7.19e-06        0.03
  10      -202.268477388     -2.77e-10      2.49e-06        0.02

 SCF converged in 9 iterations.

 Entropy contribution (-ST):             0.000000000
 Dipole moment (in Debye):              -3.410967       2.813763       5.341883
 Setting up Delta-SCF
 Ground-Excited state overlap:          -0.000000000
 No correction applied to the TDM.
 Excitation energy:                      0.109032609
 Excitation energy (in eV):              2.966928434
 Transition dipole:                      0.37452      -1.38090      -3.04237
 Saving results in set 'frame_1980'

 --------------------------------------------------------------------------------

 End time:                               Mon May 24 15:56:12 2021
 Total wall-clock time:                  0.732 seconds
==================================================================================
