
================================================================================
          _____________ ________ _______________ ________     _________         
         / ___________// ______ \\_____   _____// ______ \   / ________)        
        / /_________  / /      \ \     | |     / /      \ \ | (_______          
       |  __________|| |        | |    | |    | |        | | \________ \        
        \ \_________ | |        | |    | |     \ \______/ /___________) |       
         \__________||_|        |_|    |_|      \________//____________/        
                                                                                
====================================[ Qcore ]===================================

 Git hash:   b27a5f96910dca04bf09adb1496985de0081c8b6
 Git date:   Tue, 11 May 2021 09:58:05 -0400
 Compiler:   AppleClang 10.0.1.10010046
 Build type: Release
 Version:    1.2.0

 Start time: Mon May 24 15:58:03 2021

 Data directory: /Users/of15641/qcore/cmake-build-release/share/entos/1.2.0/data
 Number of threads: 2
 Number of threads was determined by: number of physical cores

 --------------------------------------------------------------------------------
                                  command: bchla                                 
 --------------------------------------------------------------------------------
 XTB basis setup:                        reference basis
 Number of basis functions:            404
 GFN version:                            gfn1
 Integral screening threshold:           1.00e-10
 Total charge:                           0.000000000
 Number of electrons:                  344.000000000
 Electronic temperature (Kelvin):        0.000000000

 D3BJ energy:                           -0.096463451
 Repulsive energy:                       2.595055393

 ------------------------------------------------
  Running self-consistent charge (SCC) algorithm 
 ------------------------------------------------
 Broyden mixing factor:                  0.40
 Max number of iterations:             128
 Conv. threshold (charge):               1.00e-05
 Conv. threshold (energy):               1.00e-06
 Initial guess:                          SAD

 ---------------------------------------------------------------
                  energy        change          grad        time
 ---------------------------------------------------------------
   0      -201.719168751                    6.44e-01        0.03
   1      -202.320151878     -6.01e-01      3.76e-01        0.03
   2      -202.312071804      8.08e-03      5.72e-02        0.03
   3      -202.327909756     -1.58e-02      8.86e-03        0.03
   4      -202.334645562     -6.74e-03      1.98e-03        0.03
   5      -202.334992675     -3.47e-04      5.97e-04        0.07
   6      -202.335009463     -1.68e-05      1.31e-04        0.03
   7      -202.335009975     -5.11e-07      3.12e-05        0.03
   8      -202.335009995     -2.02e-08      1.20e-05        0.04
   9      -202.335009996     -1.20e-09      4.00e-06        0.03
  10      -202.335009996     -8.38e-11      1.66e-06        0.03

 SCF converged in 9 iterations.

 Entropy contribution (-ST):             0.000000000
 Dipole moment (in Debye):               3.539153      -0.841772      -0.355047
 Setting up Delta-SCF
 Ground-Excited state overlap:           0.000000000
 No correction applied to the TDM.
 Excitation energy:                      0.116309822
 Excitation energy (in eV):              3.164951478
 Transition dipole:                     -3.50648      -0.05698       0.06755
 Saving results in set 'frame_309'

 --------------------------------------------------------------------------------

 End time:                               Mon May 24 15:58:04 2021
 Total wall-clock time:                  0.787 seconds
==================================================================================
