
================================================================================
          _____________ ________ _______________ ________     _________         
         / ___________// ______ \\_____   _____// ______ \   / ________)        
        / /_________  / /      \ \     | |     / /      \ \ | (_______          
       |  __________|| |        | |    | |    | |        | | \________ \        
        \ \_________ | |        | |    | |     \ \______/ /___________) |       
         \__________||_|        |_|    |_|      \________//____________/        
                                                                                
====================================[ Qcore ]===================================

 Git hash:   b27a5f96910dca04bf09adb1496985de0081c8b6
 Git date:   Tue, 11 May 2021 09:58:05 -0400
 Compiler:   AppleClang 10.0.1.10010046
 Build type: Release
 Version:    1.2.0

 Start time: Mon May 24 15:45:22 2021

 Data directory: /Users/of15641/qcore/cmake-build-release/share/entos/1.2.0/data
 Number of threads: 2
 Number of threads was determined by: number of physical cores

 --------------------------------------------------------------------------------
                                  command: bchla                                 
 --------------------------------------------------------------------------------
 XTB basis setup:                        reference basis
 Number of basis functions:            404
 GFN version:                            gfn1
 Integral screening threshold:           1.00e-10
 Total charge:                           0.000000000
 Number of electrons:                  344.000000000
 Electronic temperature (Kelvin):        0.000000000

 D3BJ energy:                           -0.095602194
 Repulsive energy:                       2.495829022

 ------------------------------------------------
  Running self-consistent charge (SCC) algorithm 
 ------------------------------------------------
 Broyden mixing factor:                  0.40
 Max number of iterations:             128
 Conv. threshold (charge):               1.00e-05
 Conv. threshold (energy):               1.00e-06
 Initial guess:                          SAD

 ---------------------------------------------------------------
                  energy        change          grad        time
 ---------------------------------------------------------------
   0      -201.673424295                    6.43e-01        0.02
   1      -202.276819575     -6.03e-01      3.75e-01        0.02
   2      -202.260385986      1.64e-02      5.86e-02        0.02
   3      -202.282981731     -2.26e-02      1.09e-02        0.02
   4      -202.294110310     -1.11e-02      2.07e-03        0.02
   5      -202.294487315     -3.77e-04      6.31e-04        0.02
   6      -202.294504917     -1.76e-05      1.64e-04        0.02
   7      -202.294505836     -9.19e-07      5.85e-05        0.02
   8      -202.294506177     -3.41e-07      1.75e-05        0.02
   9      -202.294506184     -7.00e-09      6.49e-06        0.02
  10      -202.294506185     -2.14e-10      2.28e-06        0.02

 SCF converged in 9 iterations.

 Entropy contribution (-ST):             0.000000000
 Dipole moment (in Debye):               1.890252       2.933583      -3.672073
 Setting up Delta-SCF
 Ground-Excited state overlap:          -0.000000000
 No correction applied to the TDM.
 Excitation energy:                      0.111680449
 Excitation energy (in eV):              3.038979822
 Transition dipole:                     -2.24582       0.17593       2.74629
 Saving results in set 'frame_113'

 --------------------------------------------------------------------------------

 End time:                               Mon May 24 15:45:22 2021
 Total wall-clock time:                  0.516 seconds
==================================================================================
