
================================================================================
          _____________ ________ _______________ ________     _________         
         / ___________// ______ \\_____   _____// ______ \   / ________)        
        / /_________  / /      \ \     | |     / /      \ \ | (_______          
       |  __________|| |        | |    | |    | |        | | \________ \        
        \ \_________ | |        | |    | |     \ \______/ /___________) |       
         \__________||_|        |_|    |_|      \________//____________/        
                                                                                
====================================[ Qcore ]===================================

 Git hash:   b27a5f96910dca04bf09adb1496985de0081c8b6
 Git date:   Tue, 11 May 2021 09:58:05 -0400
 Compiler:   AppleClang 10.0.1.10010046
 Build type: Release
 Version:    1.2.0

 Start time: Mon May 24 15:48:09 2021

 Data directory: /Users/of15641/qcore/cmake-build-release/share/entos/1.2.0/data
 Number of threads: 2
 Number of threads was determined by: number of physical cores

 --------------------------------------------------------------------------------
                                  command: bchla                                 
 --------------------------------------------------------------------------------
 XTB basis setup:                        reference basis
 Number of basis functions:            404
 GFN version:                            gfn1
 Integral screening threshold:           1.00e-10
 Total charge:                           0.000000000
 Number of electrons:                  344.000000000
 Electronic temperature (Kelvin):        0.000000000

 D3BJ energy:                           -0.102773926
 Repulsive energy:                       2.550810491

 ------------------------------------------------
  Running self-consistent charge (SCC) algorithm 
 ------------------------------------------------
 Broyden mixing factor:                  0.40
 Max number of iterations:             128
 Conv. threshold (charge):               1.00e-05
 Conv. threshold (energy):               1.00e-06
 Initial guess:                          SAD

 ---------------------------------------------------------------
                  energy        change          grad        time
 ---------------------------------------------------------------
   0      -201.662174307                    6.43e-01        0.04
   1      -202.243590358     -5.81e-01      3.75e-01        0.03
   2      -202.231104563      1.25e-02      5.62e-02        0.03
   3      -202.246858453     -1.58e-02      1.10e-02        0.02
   4      -202.258961080     -1.21e-02      1.98e-03        0.03
   5      -202.259261456     -3.00e-04      5.90e-04        0.02
   6      -202.259273504     -1.20e-05      1.26e-04        0.03
   7      -202.259273968     -4.64e-07      3.17e-05        0.02
   8      -202.259273982     -1.39e-08      1.30e-05        0.03
   9      -202.259273983     -1.66e-09      5.35e-06        0.02
  10      -202.259273984     -7.73e-10      2.03e-06        0.02

 SCF converged in 9 iterations.

 Entropy contribution (-ST):             0.000000000
 Dipole moment (in Debye):              -2.212116       5.682045       0.401601
 Setting up Delta-SCF
 Ground-Excited state overlap:          -0.000000000
 No correction applied to the TDM.
 Excitation energy:                      0.114226865
 Excitation energy (in eV):              3.108271331
 Transition dipole:                      0.53859       3.25558       0.46920
 Saving results in set 'frame_1380'

 --------------------------------------------------------------------------------

 End time:                               Mon May 24 15:48:10 2021
 Total wall-clock time:                  0.642 seconds
==================================================================================
