
================================================================================
          _____________ ________ _______________ ________     _________         
         / ___________// ______ \\_____   _____// ______ \   / ________)        
        / /_________  / /      \ \     | |     / /      \ \ | (_______          
       |  __________|| |        | |    | |    | |        | | \________ \        
        \ \_________ | |        | |    | |     \ \______/ /___________) |       
         \__________||_|        |_|    |_|      \________//____________/        
                                                                                
====================================[ Qcore ]===================================

 Git hash:   b27a5f96910dca04bf09adb1496985de0081c8b6
 Git date:   Tue, 11 May 2021 09:58:05 -0400
 Compiler:   AppleClang 10.0.1.10010046
 Build type: Release
 Version:    1.2.0

 Start time: Mon May 24 15:49:28 2021

 Data directory: /Users/of15641/qcore/cmake-build-release/share/entos/1.2.0/data
 Number of threads: 2
 Number of threads was determined by: number of physical cores

 --------------------------------------------------------------------------------
                                  command: bchla                                 
 --------------------------------------------------------------------------------
 XTB basis setup:                        reference basis
 Number of basis functions:            404
 GFN version:                            gfn1
 Integral screening threshold:           1.00e-10
 Total charge:                           0.000000000
 Number of electrons:                  344.000000000
 Electronic temperature (Kelvin):        0.000000000

 D3BJ energy:                           -0.101516977
 Repulsive energy:                       2.557213917

 ------------------------------------------------
  Running self-consistent charge (SCC) algorithm 
 ------------------------------------------------
 Broyden mixing factor:                  0.40
 Max number of iterations:             128
 Conv. threshold (charge):               1.00e-05
 Conv. threshold (energy):               1.00e-06
 Initial guess:                          SAD

 ---------------------------------------------------------------
                  energy        change          grad        time
 ---------------------------------------------------------------
   0      -201.643482365                    6.43e-01        0.03
   1      -202.246084470     -6.03e-01      3.75e-01        0.02
   2      -202.219477652      2.66e-02      5.91e-02        0.03
   3      -202.241934456     -2.25e-02      1.44e-02        0.02
   4      -202.264641647     -2.27e-02      2.12e-03        0.02
   5      -202.264988117     -3.46e-04      6.38e-04        0.02
   6      -202.265001870     -1.38e-05      1.52e-04        0.02
   7      -202.265002460     -5.89e-07      5.10e-05        0.02
   8      -202.265002601     -1.41e-07      2.57e-05        0.03
   9      -202.265002618     -1.71e-08      8.95e-06        0.03
  10      -202.265002618     -5.01e-10      2.89e-06        0.03

 SCF converged in 9 iterations.

 Entropy contribution (-ST):             0.000000000
 Dipole moment (in Debye):              -3.056275       3.800976      -1.293492
 Setting up Delta-SCF
 Ground-Excited state overlap:          -0.000000000
 No correction applied to the TDM.
 Excitation energy:                      0.110740865
 Excitation energy (in eV):              3.013412445
 Transition dipole:                     -2.78002       2.12567      -0.99372
 Saving results in set 'frame_1490'

 --------------------------------------------------------------------------------

 End time:                               Mon May 24 15:49:28 2021
 Total wall-clock time:                  0.686 seconds
==================================================================================
