
================================================================================
          _____________ ________ _______________ ________     _________         
         / ___________// ______ \\_____   _____// ______ \   / ________)        
        / /_________  / /      \ \     | |     / /      \ \ | (_______          
       |  __________|| |        | |    | |    | |        | | \________ \        
        \ \_________ | |        | |    | |     \ \______/ /___________) |       
         \__________||_|        |_|    |_|      \________//____________/        
                                                                                
====================================[ Qcore ]===================================

 Git hash:   b27a5f96910dca04bf09adb1496985de0081c8b6
 Git date:   Tue, 11 May 2021 09:58:05 -0400
 Compiler:   AppleClang 10.0.1.10010046
 Build type: Release
 Version:    1.2.0

 Start time: Mon May 24 15:52:36 2021

 Data directory: /Users/of15641/qcore/cmake-build-release/share/entos/1.2.0/data
 Number of threads: 2
 Number of threads was determined by: number of physical cores

 --------------------------------------------------------------------------------
                                  command: bchla                                 
 --------------------------------------------------------------------------------
 XTB basis setup:                        reference basis
 Number of basis functions:            404
 GFN version:                            gfn1
 Integral screening threshold:           1.00e-10
 Total charge:                           0.000000000
 Number of electrons:                  344.000000000
 Electronic temperature (Kelvin):        0.000000000

 D3BJ energy:                           -0.097231305
 Repulsive energy:                       2.453395764

 ------------------------------------------------
  Running self-consistent charge (SCC) algorithm 
 ------------------------------------------------
 Broyden mixing factor:                  0.40
 Max number of iterations:             128
 Conv. threshold (charge):               1.00e-05
 Conv. threshold (energy):               1.00e-06
 Initial guess:                          SAD

 ---------------------------------------------------------------
                  energy        change          grad        time
 ---------------------------------------------------------------
   0      -201.602233220                    6.42e-01        0.03
   1      -202.217842498     -6.16e-01      3.74e-01        0.03
   2      -202.201170591      1.67e-02      6.04e-02        0.03
   3      -202.224306544     -2.31e-02      1.05e-02        0.02
   4      -202.235041445     -1.07e-02      2.70e-03        0.03
   5      -202.235790549     -7.49e-04      7.53e-04        0.02
   6      -202.235826246     -3.57e-05      2.56e-04        0.03
   7      -202.235829526     -3.28e-06      9.61e-05        0.02
   8      -202.235830222     -6.96e-07      3.19e-05        0.02
   9      -202.235830242     -1.98e-08      1.31e-05        0.03
  10      -202.235830243     -1.33e-09      3.67e-06        0.02
  11      -202.235830244     -1.50e-10      1.21e-06        0.03

 SCF converged in 10 iterations.

 Entropy contribution (-ST):             0.000000000
 Dipole moment (in Debye):              -4.071077       4.290305       0.787768
 Setting up Delta-SCF
 Ground-Excited state overlap:          -0.000000000
 No correction applied to the TDM.
 Excitation energy:                      0.103268442
 Excitation energy (in eV):              2.810077469
 Transition dipole:                     -1.16651      -3.01103      -1.48102
 Saving results in set 'frame_1714'

 --------------------------------------------------------------------------------

 End time:                               Mon May 24 15:52:37 2021
 Total wall-clock time:                  0.704 seconds
==================================================================================
