
================================================================================
          _____________ ________ _______________ ________     _________         
         / ___________// ______ \\_____   _____// ______ \   / ________)        
        / /_________  / /      \ \     | |     / /      \ \ | (_______          
       |  __________|| |        | |    | |    | |        | | \________ \        
        \ \_________ | |        | |    | |     \ \______/ /___________) |       
         \__________||_|        |_|    |_|      \________//____________/        
                                                                                
====================================[ Qcore ]===================================

 Git hash:   b27a5f96910dca04bf09adb1496985de0081c8b6
 Git date:   Tue, 11 May 2021 09:58:05 -0400
 Compiler:   AppleClang 10.0.1.10010046
 Build type: Release
 Version:    1.2.0

 Start time: Mon May 24 16:06:58 2021

 Data directory: /Users/of15641/qcore/cmake-build-release/share/entos/1.2.0/data
 Number of threads: 2
 Number of threads was determined by: number of physical cores

 --------------------------------------------------------------------------------
                                  command: bchla                                 
 --------------------------------------------------------------------------------
 XTB basis setup:                        reference basis
 Number of basis functions:            404
 GFN version:                            gfn1
 Integral screening threshold:           1.00e-10
 Total charge:                           0.000000000
 Number of electrons:                  344.000000000
 Electronic temperature (Kelvin):        0.000000000

 D3BJ energy:                           -0.094551749
 Repulsive energy:                       2.540268500

 ------------------------------------------------
  Running self-consistent charge (SCC) algorithm 
 ------------------------------------------------
 Broyden mixing factor:                  0.40
 Max number of iterations:             128
 Conv. threshold (charge):               1.00e-05
 Conv. threshold (energy):               1.00e-06
 Initial guess:                          SAD

 ---------------------------------------------------------------
                  energy        change          grad        time
 ---------------------------------------------------------------
   0      -201.634547981                    6.43e-01        0.02
   1      -202.219388266     -5.85e-01      3.75e-01        0.03
   2      -202.207550943      1.18e-02      5.69e-02        0.02
   3      -202.226775402     -1.92e-02      9.64e-03        0.02
   4      -202.235983934     -9.21e-03      2.25e-03        0.02
   5      -202.236493634     -5.10e-04      7.15e-04        0.02
   6      -202.236520571     -2.69e-05      1.52e-04        0.02
   7      -202.236521252     -6.81e-07      4.93e-05        0.02
   8      -202.236521388     -1.36e-07      2.00e-05        0.03
   9      -202.236521398     -1.03e-08      9.04e-06        0.02
  10      -202.236521400     -1.94e-09      2.64e-06        0.02

 SCF converged in 9 iterations.

 Entropy contribution (-ST):             0.000000000
 Dipole moment (in Debye):               0.390893      -0.670309      -3.537180
 Setting up Delta-SCF
 Ground-Excited state overlap:           0.000000000
 No correction applied to the TDM.
 Excitation energy:                      0.110460525
 Excitation energy (in eV):              3.005783998
 Transition dipole:                     -1.38506       0.39017       3.42851
 Saving results in set 'frame_907'

 --------------------------------------------------------------------------------

 End time:                               Mon May 24 16:06:58 2021
 Total wall-clock time:                  0.619 seconds
==================================================================================
