
================================================================================
          _____________ ________ _______________ ________     _________         
         / ___________// ______ \\_____   _____// ______ \   / ________)        
        / /_________  / /      \ \     | |     / /      \ \ | (_______          
       |  __________|| |        | |    | |    | |        | | \________ \        
        \ \_________ | |        | |    | |     \ \______/ /___________) |       
         \__________||_|        |_|    |_|      \________//____________/        
                                                                                
====================================[ Qcore ]===================================

 Git hash:   b27a5f96910dca04bf09adb1496985de0081c8b6
 Git date:   Tue, 11 May 2021 09:58:05 -0400
 Compiler:   AppleClang 10.0.1.10010046
 Build type: Release
 Version:    1.2.0

 Start time: Mon May 24 16:03:20 2021

 Data directory: /Users/of15641/qcore/cmake-build-release/share/entos/1.2.0/data
 Number of threads: 2
 Number of threads was determined by: number of physical cores

 --------------------------------------------------------------------------------
                                  command: bchla                                 
 --------------------------------------------------------------------------------
 XTB basis setup:                        reference basis
 Number of basis functions:            404
 GFN version:                            gfn1
 Integral screening threshold:           1.00e-10
 Total charge:                           0.000000000
 Number of electrons:                  344.000000000
 Electronic temperature (Kelvin):        0.000000000

 D3BJ energy:                           -0.095245540
 Repulsive energy:                       2.520289600

 ------------------------------------------------
  Running self-consistent charge (SCC) algorithm 
 ------------------------------------------------
 Broyden mixing factor:                  0.40
 Max number of iterations:             128
 Conv. threshold (charge):               1.00e-05
 Conv. threshold (energy):               1.00e-06
 Initial guess:                          SAD

 ---------------------------------------------------------------
                  energy        change          grad        time
 ---------------------------------------------------------------
   0      -201.706711591                    6.42e-01        0.03
   1      -202.284555063     -5.78e-01      3.75e-01        0.03
   2      -202.268411633      1.61e-02      5.80e-02        0.03
   3      -202.288773227     -2.04e-02      1.17e-02        0.03
   4      -202.300823713     -1.21e-02      2.16e-03        0.03
   5      -202.301224480     -4.01e-04      6.52e-04        0.03
   6      -202.301242156     -1.77e-05      1.33e-04        0.03
   7      -202.301242745     -5.89e-07      3.46e-05        0.04
   8      -202.301242761     -1.62e-08      1.45e-05        0.03
   9      -202.301242762     -8.73e-10      4.38e-06        0.04
  10      -202.301242762     -1.19e-10      1.66e-06        0.04

 SCF converged in 9 iterations.

 Entropy contribution (-ST):             0.000000000
 Dipole moment (in Debye):               0.047486      -0.882117      -4.509719
 Setting up Delta-SCF
 Ground-Excited state overlap:           0.000000000
 No correction applied to the TDM.
 Excitation energy:                      0.113611105
 Excitation energy (in eV):              3.091515653
 Transition dipole:                     -1.92863      -2.09946       1.63623
 Saving results in set 'frame_670'

 --------------------------------------------------------------------------------

 End time:                               Mon May 24 16:03:21 2021
 Total wall-clock time:                  0.794 seconds
==================================================================================
