
================================================================================
          _____________ ________ _______________ ________     _________         
         / ___________// ______ \\_____   _____// ______ \   / ________)        
        / /_________  / /      \ \     | |     / /      \ \ | (_______          
       |  __________|| |        | |    | |    | |        | | \________ \        
        \ \_________ | |        | |    | |     \ \______/ /___________) |       
         \__________||_|        |_|    |_|      \________//____________/        
                                                                                
====================================[ Qcore ]===================================

 Git hash:   b27a5f96910dca04bf09adb1496985de0081c8b6
 Git date:   Tue, 11 May 2021 09:58:05 -0400
 Compiler:   AppleClang 10.0.1.10010046
 Build type: Release
 Version:    1.2.0

 Start time: Mon May 24 16:07:52 2021

 Data directory: /Users/of15641/qcore/cmake-build-release/share/entos/1.2.0/data
 Number of threads: 2
 Number of threads was determined by: number of physical cores

 --------------------------------------------------------------------------------
                                  command: bchla                                 
 --------------------------------------------------------------------------------
 XTB basis setup:                        reference basis
 Number of basis functions:            404
 GFN version:                            gfn1
 Integral screening threshold:           1.00e-10
 Total charge:                           0.000000000
 Number of electrons:                  344.000000000
 Electronic temperature (Kelvin):        0.000000000

 D3BJ energy:                           -0.098380971
 Repulsive energy:                       2.515591150

 ------------------------------------------------
  Running self-consistent charge (SCC) algorithm 
 ------------------------------------------------
 Broyden mixing factor:                  0.40
 Max number of iterations:             128
 Conv. threshold (charge):               1.00e-05
 Conv. threshold (energy):               1.00e-06
 Initial guess:                          SAD

 ---------------------------------------------------------------
                  energy        change          grad        time
 ---------------------------------------------------------------
   0      -201.680543721                    6.43e-01        0.02
   1      -202.278549492     -5.98e-01      3.75e-01        0.02
   2      -202.269888184      8.66e-03      5.73e-02        0.02
   3      -202.283879206     -1.40e-02      1.04e-02        0.02
   4      -202.293113570     -9.23e-03      2.56e-03        0.02
   5      -202.293686986     -5.73e-04      7.61e-04        0.02
   6      -202.293720755     -3.38e-05      1.98e-04        0.02
   7      -202.293722517     -1.76e-06      6.63e-05        0.02
   8      -202.293722982     -4.66e-07      2.00e-05        0.02
   9      -202.293722991     -8.51e-09      7.19e-06        0.02
  10      -202.293722991     -4.40e-10      2.60e-06        0.02

 SCF converged in 9 iterations.

 Entropy contribution (-ST):             0.000000000
 Dipole moment (in Debye):              -1.737317       0.247125      -3.123388
 Setting up Delta-SCF
 Ground-Excited state overlap:           0.000000000
 No correction applied to the TDM.
 Excitation energy:                      0.105883197
 Excitation energy (in eV):              2.881228571
 Transition dipole:                      3.26205       0.66319       0.48120
 Saving results in set 'frame_983'

 --------------------------------------------------------------------------------

 End time:                               Mon May 24 16:07:52 2021
 Total wall-clock time:                  0.554 seconds
==================================================================================
