
================================================================================
          _____________ ________ _______________ ________     _________         
         / ___________// ______ \\_____   _____// ______ \   / ________)        
        / /_________  / /      \ \     | |     / /      \ \ | (_______          
       |  __________|| |        | |    | |    | |        | | \________ \        
        \ \_________ | |        | |    | |     \ \______/ /___________) |       
         \__________||_|        |_|    |_|      \________//____________/        
                                                                                
====================================[ Qcore ]===================================

 Git hash:   b27a5f96910dca04bf09adb1496985de0081c8b6
 Git date:   Tue, 11 May 2021 09:58:05 -0400
 Compiler:   AppleClang 10.0.1.10010046
 Build type: Release
 Version:    1.2.0

 Start time: Mon May 24 15:45:44 2021

 Data directory: /Users/of15641/qcore/cmake-build-release/share/entos/1.2.0/data
 Number of threads: 2
 Number of threads was determined by: number of physical cores

 --------------------------------------------------------------------------------
                                  command: bchla                                 
 --------------------------------------------------------------------------------
 XTB basis setup:                        reference basis
 Number of basis functions:            404
 GFN version:                            gfn1
 Integral screening threshold:           1.00e-10
 Total charge:                           0.000000000
 Number of electrons:                  344.000000000
 Electronic temperature (Kelvin):        0.000000000

 D3BJ energy:                           -0.096770608
 Repulsive energy:                       2.528086164

 ------------------------------------------------
  Running self-consistent charge (SCC) algorithm 
 ------------------------------------------------
 Broyden mixing factor:                  0.40
 Max number of iterations:             128
 Conv. threshold (charge):               1.00e-05
 Conv. threshold (energy):               1.00e-06
 Initial guess:                          SAD

 ---------------------------------------------------------------
                  energy        change          grad        time
 ---------------------------------------------------------------
   0      -201.679704128                    6.42e-01        0.02
   1      -202.255899173     -5.76e-01      3.75e-01        0.02
   2      -202.249316971      6.58e-03      5.59e-02        0.02
   3      -202.265029423     -1.57e-02      8.49e-03        0.02
   4      -202.270985453     -5.96e-03      2.16e-03        0.02
   5      -202.271397844     -4.12e-04      6.57e-04        0.02
   6      -202.271420110     -2.23e-05      1.39e-04        0.02
   7      -202.271420694     -5.84e-07      3.45e-05        0.02
   8      -202.271420726     -3.28e-08      1.35e-05        0.02
   9      -202.271420729     -2.33e-09      4.68e-06        0.02
  10      -202.271420730     -1.02e-09      2.12e-06        0.02

 SCF converged in 9 iterations.

 Entropy contribution (-ST):             0.000000000
 Dipole moment (in Debye):              -1.656440       0.726636      -4.393307
 Setting up Delta-SCF
 Ground-Excited state overlap:          -0.000000000
 No correction applied to the TDM.
 Excitation energy:                      0.110083313
 Excitation energy (in eV):              2.995519546
 Transition dipole:                     -1.76426       1.30494      -2.94720
 Saving results in set 'frame_1164'

 --------------------------------------------------------------------------------

 End time:                               Mon May 24 15:45:44 2021
 Total wall-clock time:                  0.469 seconds
==================================================================================
