
================================================================================
          _____________ ________ _______________ ________     _________         
         / ___________// ______ \\_____   _____// ______ \   / ________)        
        / /_________  / /      \ \     | |     / /      \ \ | (_______          
       |  __________|| |        | |    | |    | |        | | \________ \        
        \ \_________ | |        | |    | |     \ \______/ /___________) |       
         \__________||_|        |_|    |_|      \________//____________/        
                                                                                
====================================[ Qcore ]===================================

 Git hash:   b27a5f96910dca04bf09adb1496985de0081c8b6
 Git date:   Tue, 11 May 2021 09:58:05 -0400
 Compiler:   AppleClang 10.0.1.10010046
 Build type: Release
 Version:    1.2.0

 Start time: Mon May 24 16:05:46 2021

 Data directory: /Users/of15641/qcore/cmake-build-release/share/entos/1.2.0/data
 Number of threads: 2
 Number of threads was determined by: number of physical cores

 --------------------------------------------------------------------------------
                                  command: bchla                                 
 --------------------------------------------------------------------------------
 XTB basis setup:                        reference basis
 Number of basis functions:            404
 GFN version:                            gfn1
 Integral screening threshold:           1.00e-10
 Total charge:                           0.000000000
 Number of electrons:                  344.000000000
 Electronic temperature (Kelvin):        0.000000000

 D3BJ energy:                           -0.094133298
 Repulsive energy:                       2.614237962

 ------------------------------------------------
  Running self-consistent charge (SCC) algorithm 
 ------------------------------------------------
 Broyden mixing factor:                  0.40
 Max number of iterations:             128
 Conv. threshold (charge):               1.00e-05
 Conv. threshold (energy):               1.00e-06
 Initial guess:                          SAD

 ---------------------------------------------------------------
                  energy        change          grad        time
 ---------------------------------------------------------------
   0      -201.653299902                    6.45e-01        0.02
   1      -202.246753477     -5.93e-01      3.76e-01        0.02
   2      -202.222636869      2.41e-02      5.87e-02        0.02
   3      -202.245093048     -2.25e-02      1.38e-02        0.02
   4      -202.264987905     -1.99e-02      2.19e-03        0.02
   5      -202.265364314     -3.76e-04      6.34e-04        0.02
   6      -202.265379199     -1.49e-05      1.57e-04        0.02
   7      -202.265379846     -6.47e-07      4.12e-05        0.02
   8      -202.265379915     -6.90e-08      1.94e-05        0.03
   9      -202.265379927     -1.23e-08      7.70e-06        0.02
  10      -202.265379928     -1.28e-09      2.82e-06        0.02

 SCF converged in 9 iterations.

 Entropy contribution (-ST):             0.000000000
 Dipole moment (in Debye):               0.050672       2.768867      -3.860415
 Setting up Delta-SCF
 Ground-Excited state overlap:           0.000000000
 No correction applied to the TDM.
 Excitation energy:                      0.110033625
 Excitation energy (in eV):              2.994167471
 Transition dipole:                      2.68871       0.21787      -2.43016
 Saving results in set 'frame_819'

 --------------------------------------------------------------------------------

 End time:                               Mon May 24 16:05:46 2021
 Total wall-clock time:                  0.607 seconds
==================================================================================
