
================================================================================
          _____________ ________ _______________ ________     _________         
         / ___________// ______ \\_____   _____// ______ \   / ________)        
        / /_________  / /      \ \     | |     / /      \ \ | (_______          
       |  __________|| |        | |    | |    | |        | | \________ \        
        \ \_________ | |        | |    | |     \ \______/ /___________) |       
         \__________||_|        |_|    |_|      \________//____________/        
                                                                                
====================================[ Qcore ]===================================

 Git hash:   b27a5f96910dca04bf09adb1496985de0081c8b6
 Git date:   Tue, 11 May 2021 09:58:05 -0400
 Compiler:   AppleClang 10.0.1.10010046
 Build type: Release
 Version:    1.2.0

 Start time: Mon May 24 15:51:14 2021

 Data directory: /Users/of15641/qcore/cmake-build-release/share/entos/1.2.0/data
 Number of threads: 2
 Number of threads was determined by: number of physical cores

 --------------------------------------------------------------------------------
                                  command: bchla                                 
 --------------------------------------------------------------------------------
 XTB basis setup:                        reference basis
 Number of basis functions:            404
 GFN version:                            gfn1
 Integral screening threshold:           1.00e-10
 Total charge:                           0.000000000
 Number of electrons:                  344.000000000
 Electronic temperature (Kelvin):        0.000000000

 D3BJ energy:                           -0.093767146
 Repulsive energy:                       2.458532810

 ------------------------------------------------
  Running self-consistent charge (SCC) algorithm 
 ------------------------------------------------
 Broyden mixing factor:                  0.40
 Max number of iterations:             128
 Conv. threshold (charge):               1.00e-05
 Conv. threshold (energy):               1.00e-06
 Initial guess:                          SAD

 ---------------------------------------------------------------
                  energy        change          grad        time
 ---------------------------------------------------------------
   0      -201.558071277                    6.41e-01        0.03
   1      -202.176642393     -6.19e-01      3.74e-01        0.02
   2      -202.162229159      1.44e-02      6.02e-02        0.02
   3      -202.184867589     -2.26e-02      1.09e-02        0.02
   4      -202.194609800     -9.74e-03      2.03e-03        0.02
   5      -202.194927589     -3.18e-04      7.06e-04        0.02
   6      -202.194953683     -2.61e-05      1.55e-04        0.03
   7      -202.194954495     -8.12e-07      5.17e-05        0.02
   8      -202.194954672     -1.78e-07      1.84e-05        0.02
   9      -202.194954676     -3.87e-09      7.31e-06        0.02
  10      -202.194954677     -8.02e-10      2.35e-06        0.02

 SCF converged in 9 iterations.

 Entropy contribution (-ST):             0.000000000
 Dipole moment (in Debye):              -3.334477       2.836509       0.585143
 Setting up Delta-SCF
 Ground-Excited state overlap:          -0.000000000
 No correction applied to the TDM.
 Excitation energy:                      0.109794807
 Excitation energy (in eV):              2.987668911
 Transition dipole:                      0.42428       2.42077       1.78025
 Saving results in set 'frame_1619'

 --------------------------------------------------------------------------------

 End time:                               Mon May 24 15:51:15 2021
 Total wall-clock time:                  0.610 seconds
==================================================================================
