
================================================================================
          _____________ ________ _______________ ________     _________         
         / ___________// ______ \\_____   _____// ______ \   / ________)        
        / /_________  / /      \ \     | |     / /      \ \ | (_______          
       |  __________|| |        | |    | |    | |        | | \________ \        
        \ \_________ | |        | |    | |     \ \______/ /___________) |       
         \__________||_|        |_|    |_|      \________//____________/        
                                                                                
====================================[ Qcore ]===================================

 Git hash:   b27a5f96910dca04bf09adb1496985de0081c8b6
 Git date:   Tue, 11 May 2021 09:58:05 -0400
 Compiler:   AppleClang 10.0.1.10010046
 Build type: Release
 Version:    1.2.0

 Start time: Mon May 24 15:49:21 2021

 Data directory: /Users/of15641/qcore/cmake-build-release/share/entos/1.2.0/data
 Number of threads: 2
 Number of threads was determined by: number of physical cores

 --------------------------------------------------------------------------------
                                  command: bchla                                 
 --------------------------------------------------------------------------------
 XTB basis setup:                        reference basis
 Number of basis functions:            404
 GFN version:                            gfn1
 Integral screening threshold:           1.00e-10
 Total charge:                           0.000000000
 Number of electrons:                  344.000000000
 Electronic temperature (Kelvin):        0.000000000

 D3BJ energy:                           -0.099738990
 Repulsive energy:                       2.625611340

 ------------------------------------------------
  Running self-consistent charge (SCC) algorithm 
 ------------------------------------------------
 Broyden mixing factor:                  0.40
 Max number of iterations:             128
 Conv. threshold (charge):               1.00e-05
 Conv. threshold (energy):               1.00e-06
 Initial guess:                          SAD

 ---------------------------------------------------------------
                  energy        change          grad        time
 ---------------------------------------------------------------
   0      -201.675757803                    6.44e-01        0.04
   1      -202.259477665     -5.84e-01      3.76e-01        0.03
   2      -202.253371970      6.11e-03      5.69e-02        0.03
   3      -202.269422680     -1.61e-02      7.94e-03        0.02
   4      -202.274277280     -4.85e-03      1.74e-03        0.03
   5      -202.274508715     -2.31e-04      6.18e-04        0.02
   6      -202.274529402     -2.07e-05      1.62e-04        0.02
   7      -202.274530612     -1.21e-06      5.63e-05        0.03
   8      -202.274530940     -3.28e-07      1.59e-05        0.02
   9      -202.274530946     -5.90e-09      5.23e-06        0.03
  10      -202.274530946     -2.72e-10      1.95e-06        0.02

 SCF converged in 9 iterations.

 Entropy contribution (-ST):             0.000000000
 Dipole moment (in Debye):              -2.881865       1.081211      -1.168319
 Setting up Delta-SCF
 Ground-Excited state overlap:           0.000000000
 No correction applied to the TDM.
 Excitation energy:                      0.109411714
 Excitation energy (in eV):              2.977244411
 Transition dipole:                      2.51012      -1.24533      -1.87942
 Saving results in set 'frame_1482'

 --------------------------------------------------------------------------------

 End time:                               Mon May 24 15:49:22 2021
 Total wall-clock time:                  0.766 seconds
==================================================================================
