
================================================================================
          _____________ ________ _______________ ________     _________         
         / ___________// ______ \\_____   _____// ______ \   / ________)        
        / /_________  / /      \ \     | |     / /      \ \ | (_______          
       |  __________|| |        | |    | |    | |        | | \________ \        
        \ \_________ | |        | |    | |     \ \______/ /___________) |       
         \__________||_|        |_|    |_|      \________//____________/        
                                                                                
====================================[ Qcore ]===================================

 Git hash:   b27a5f96910dca04bf09adb1496985de0081c8b6
 Git date:   Tue, 11 May 2021 09:58:05 -0400
 Compiler:   AppleClang 10.0.1.10010046
 Build type: Release
 Version:    1.2.0

 Start time: Mon May 24 16:07:12 2021

 Data directory: /Users/of15641/qcore/cmake-build-release/share/entos/1.2.0/data
 Number of threads: 2
 Number of threads was determined by: number of physical cores

 --------------------------------------------------------------------------------
                                  command: bchla                                 
 --------------------------------------------------------------------------------
 XTB basis setup:                        reference basis
 Number of basis functions:            404
 GFN version:                            gfn1
 Integral screening threshold:           1.00e-10
 Total charge:                           0.000000000
 Number of electrons:                  344.000000000
 Electronic temperature (Kelvin):        0.000000000

 D3BJ energy:                           -0.097168798
 Repulsive energy:                       2.581018465

 ------------------------------------------------
  Running self-consistent charge (SCC) algorithm 
 ------------------------------------------------
 Broyden mixing factor:                  0.40
 Max number of iterations:             128
 Conv. threshold (charge):               1.00e-05
 Conv. threshold (energy):               1.00e-06
 Initial guess:                          SAD

 ---------------------------------------------------------------
                  energy        change          grad        time
 ---------------------------------------------------------------
   0      -201.723246588                    6.43e-01        0.02
   1      -202.297849499     -5.75e-01      3.76e-01        0.02
   2      -202.285028482      1.28e-02      5.64e-02        0.02
   3      -202.301904318     -1.69e-02      1.08e-02        0.02
   4      -202.313160798     -1.13e-02      1.90e-03        0.02
   5      -202.313444956     -2.84e-04      5.65e-04        0.02
   6      -202.313456709     -1.18e-05      1.25e-04        0.02
   7      -202.313457292     -5.83e-07      3.02e-05        0.02
   8      -202.313457308     -1.60e-08      1.36e-05        0.02
   9      -202.313457310     -2.34e-09      5.14e-06        0.02
  10      -202.313457311     -6.77e-10      2.09e-06        0.02

 SCF converged in 9 iterations.

 Entropy contribution (-ST):             0.000000000
 Dipole moment (in Debye):               2.785909      -0.149432      -5.974279
 Setting up Delta-SCF
 Ground-Excited state overlap:          -0.000000000
 No correction applied to the TDM.
 Excitation energy:                      0.116046179
 Excitation energy (in eV):              3.157777391
 Transition dipole:                     -0.67292       0.62390       3.40683
 Saving results in set 'frame_927'

 --------------------------------------------------------------------------------

 End time:                               Mon May 24 16:07:13 2021
 Total wall-clock time:                  0.566 seconds
==================================================================================
