
================================================================================
          _____________ ________ _______________ ________     _________         
         / ___________// ______ \\_____   _____// ______ \   / ________)        
        / /_________  / /      \ \     | |     / /      \ \ | (_______          
       |  __________|| |        | |    | |    | |        | | \________ \        
        \ \_________ | |        | |    | |     \ \______/ /___________) |       
         \__________||_|        |_|    |_|      \________//____________/        
                                                                                
====================================[ Qcore ]===================================

 Git hash:   b27a5f96910dca04bf09adb1496985de0081c8b6
 Git date:   Tue, 11 May 2021 09:58:05 -0400
 Compiler:   AppleClang 10.0.1.10010046
 Build type: Release
 Version:    1.2.0

 Start time: Mon May 24 15:44:41 2021

 Data directory: /Users/of15641/qcore/cmake-build-release/share/entos/1.2.0/data
 Number of threads: 2
 Number of threads was determined by: number of physical cores

 --------------------------------------------------------------------------------
                                  command: bchla                                 
 --------------------------------------------------------------------------------
 XTB basis setup:                        reference basis
 Number of basis functions:            404
 GFN version:                            gfn1
 Integral screening threshold:           1.00e-10
 Total charge:                           0.000000000
 Number of electrons:                  344.000000000
 Electronic temperature (Kelvin):        0.000000000

 D3BJ energy:                           -0.093524089
 Repulsive energy:                       2.491741252

 ------------------------------------------------
  Running self-consistent charge (SCC) algorithm 
 ------------------------------------------------
 Broyden mixing factor:                  0.40
 Max number of iterations:             128
 Conv. threshold (charge):               1.00e-05
 Conv. threshold (energy):               1.00e-06
 Initial guess:                          SAD

 ---------------------------------------------------------------
                  energy        change          grad        time
 ---------------------------------------------------------------
   0      -201.680730549                    6.42e-01        0.02
   1      -202.262738417     -5.82e-01      3.74e-01        0.02
   2      -202.248839052      1.39e-02      5.83e-02        0.02
   3      -202.267393737     -1.86e-02      1.20e-02        0.02
   4      -202.278902794     -1.15e-02      3.15e-03        0.02
   5      -202.279820580     -9.18e-04      7.26e-04        0.02
   6      -202.279842795     -2.22e-05      1.77e-04        0.02
   7      -202.279843742     -9.47e-07      4.18e-05        0.02
   8      -202.279843796     -5.41e-08      1.59e-05        0.02
   9      -202.279843797     -1.57e-09      6.67e-06        0.02
  10      -202.279843799     -1.45e-09      2.74e-06        0.02

 SCF converged in 9 iterations.

 Entropy contribution (-ST):             0.000000000
 Dipole moment (in Debye):              -1.959985      -1.104311      -5.124957
 Setting up Delta-SCF
 Ground-Excited state overlap:          -0.000000000
 No correction applied to the TDM.
 Excitation energy:                      0.110668224
 Excitation energy (in eV):              3.011435796
 Transition dipole:                      2.88875       0.13281       1.04325
 Saving results in set 'frame_1074'

 --------------------------------------------------------------------------------

 End time:                               Mon May 24 15:44:42 2021
 Total wall-clock time:                  0.483 seconds
==================================================================================
