
================================================================================
          _____________ ________ _______________ ________     _________         
         / ___________// ______ \\_____   _____// ______ \   / ________)        
        / /_________  / /      \ \     | |     / /      \ \ | (_______          
       |  __________|| |        | |    | |    | |        | | \________ \        
        \ \_________ | |        | |    | |     \ \______/ /___________) |       
         \__________||_|        |_|    |_|      \________//____________/        
                                                                                
====================================[ Qcore ]===================================

 Git hash:   b27a5f96910dca04bf09adb1496985de0081c8b6
 Git date:   Tue, 11 May 2021 09:58:05 -0400
 Compiler:   AppleClang 10.0.1.10010046
 Build type: Release
 Version:    1.2.0

 Start time: Mon May 24 16:08:01 2021

 Data directory: /Users/of15641/qcore/cmake-build-release/share/entos/1.2.0/data
 Number of threads: 2
 Number of threads was determined by: number of physical cores

 --------------------------------------------------------------------------------
                                  command: bchla                                 
 --------------------------------------------------------------------------------
 XTB basis setup:                        reference basis
 Number of basis functions:            404
 GFN version:                            gfn1
 Integral screening threshold:           1.00e-10
 Total charge:                           0.000000000
 Number of electrons:                  344.000000000
 Electronic temperature (Kelvin):        0.000000000

 D3BJ energy:                           -0.097061371
 Repulsive energy:                       2.616614826

 ------------------------------------------------
  Running self-consistent charge (SCC) algorithm 
 ------------------------------------------------
 Broyden mixing factor:                  0.40
 Max number of iterations:             128
 Conv. threshold (charge):               1.00e-05
 Conv. threshold (energy):               1.00e-06
 Initial guess:                          SAD

 ---------------------------------------------------------------
                  energy        change          grad        time
 ---------------------------------------------------------------
   0      -201.683033678                    6.44e-01        0.03
   1      -202.283857162     -6.01e-01      3.76e-01        0.02
   2      -202.261924395      2.19e-02      5.90e-02        0.02
   3      -202.283101871     -2.12e-02      1.37e-02        0.03
   4      -202.301715234     -1.86e-02      2.37e-03        0.02
   5      -202.302173781     -4.59e-04      6.46e-04        0.03
   6      -202.302188928     -1.51e-05      1.84e-04        0.02
   7      -202.302190282     -1.35e-06      6.12e-05        0.02
   8      -202.302190619     -3.37e-07      2.33e-05        0.02
   9      -202.302190630     -1.20e-08      9.56e-06        0.02
  10      -202.302190631     -7.67e-10      2.89e-06        0.02

 SCF converged in 9 iterations.

 Entropy contribution (-ST):             0.000000000
 Dipole moment (in Debye):              -2.763523      -0.049729      -5.014341
 Setting up Delta-SCF
 Ground-Excited state overlap:          -0.000000000
 No correction applied to the TDM.
 Excitation energy:                      0.110798594
 Excitation energy (in eV):              3.014983335
 Transition dipole:                     -2.38750      -0.09177      -2.60744
 Saving results in set 'frame_995'

 --------------------------------------------------------------------------------

 End time:                               Mon May 24 16:08:01 2021
 Total wall-clock time:                  0.606 seconds
==================================================================================
