
================================================================================
          _____________ ________ _______________ ________     _________         
         / ___________// ______ \\_____   _____// ______ \   / ________)        
        / /_________  / /      \ \     | |     / /      \ \ | (_______          
       |  __________|| |        | |    | |    | |        | | \________ \        
        \ \_________ | |        | |    | |     \ \______/ /___________) |       
         \__________||_|        |_|    |_|      \________//____________/        
                                                                                
====================================[ Qcore ]===================================

 Git hash:   b27a5f96910dca04bf09adb1496985de0081c8b6
 Git date:   Tue, 11 May 2021 09:58:05 -0400
 Compiler:   AppleClang 10.0.1.10010046
 Build type: Release
 Version:    1.2.0

 Start time: Mon May 24 15:54:43 2021

 Data directory: /Users/of15641/qcore/cmake-build-release/share/entos/1.2.0/data
 Number of threads: 2
 Number of threads was determined by: number of physical cores

 --------------------------------------------------------------------------------
                                  command: bchla                                 
 --------------------------------------------------------------------------------
 XTB basis setup:                        reference basis
 Number of basis functions:            404
 GFN version:                            gfn1
 Integral screening threshold:           1.00e-10
 Total charge:                           0.000000000
 Number of electrons:                  344.000000000
 Electronic temperature (Kelvin):        0.000000000

 D3BJ energy:                           -0.092997510
 Repulsive energy:                       2.519875242

 ------------------------------------------------
  Running self-consistent charge (SCC) algorithm 
 ------------------------------------------------
 Broyden mixing factor:                  0.40
 Max number of iterations:             128
 Conv. threshold (charge):               1.00e-05
 Conv. threshold (energy):               1.00e-06
 Initial guess:                          SAD

 ---------------------------------------------------------------
                  energy        change          grad        time
 ---------------------------------------------------------------
   0      -201.635768740                    6.43e-01        0.04
   1      -202.240548745     -6.05e-01      3.75e-01        0.04
   2      -202.228617484      1.19e-02      5.83e-02        0.02
   3      -202.248187884     -1.96e-02      1.02e-02        0.02
   4      -202.256960044     -8.77e-03      2.52e-03        0.02
   5      -202.257491944     -5.32e-04      7.52e-04        0.02
   6      -202.257522569     -3.06e-05      2.12e-04        0.02
   7      -202.257524463     -1.89e-06      7.08e-05        0.02
   8      -202.257524906     -4.43e-07      2.43e-05        0.02
   9      -202.257524923     -1.69e-08      9.72e-06        0.02
  10      -202.257524923     -6.79e-10      3.06e-06        0.02

 SCF converged in 9 iterations.

 Entropy contribution (-ST):             0.000000000
 Dipole moment (in Debye):              -2.279071       3.409408       2.416139
 Setting up Delta-SCF
 Ground-Excited state overlap:           0.000000000
 No correction applied to the TDM.
 Excitation energy:                      0.103481085
 Excitation energy (in eV):              2.815863763
 Transition dipole:                      2.30450       2.29027       1.05186
 Saving results in set 'frame_1871'

 --------------------------------------------------------------------------------

 End time:                               Mon May 24 15:54:44 2021
 Total wall-clock time:                  0.605 seconds
==================================================================================
