
================================================================================
          _____________ ________ _______________ ________     _________         
         / ___________// ______ \\_____   _____// ______ \   / ________)        
        / /_________  / /      \ \     | |     / /      \ \ | (_______          
       |  __________|| |        | |    | |    | |        | | \________ \        
        \ \_________ | |        | |    | |     \ \______/ /___________) |       
         \__________||_|        |_|    |_|      \________//____________/        
                                                                                
====================================[ Qcore ]===================================

 Git hash:   b27a5f96910dca04bf09adb1496985de0081c8b6
 Git date:   Tue, 11 May 2021 09:58:05 -0400
 Compiler:   AppleClang 10.0.1.10010046
 Build type: Release
 Version:    1.2.0

 Start time: Mon May 24 15:53:00 2021

 Data directory: /Users/of15641/qcore/cmake-build-release/share/entos/1.2.0/data
 Number of threads: 2
 Number of threads was determined by: number of physical cores

 --------------------------------------------------------------------------------
                                  command: bchla                                 
 --------------------------------------------------------------------------------
 XTB basis setup:                        reference basis
 Number of basis functions:            404
 GFN version:                            gfn1
 Integral screening threshold:           1.00e-10
 Total charge:                           0.000000000
 Number of electrons:                  344.000000000
 Electronic temperature (Kelvin):        0.000000000

 D3BJ energy:                           -0.097794518
 Repulsive energy:                       2.498176784

 ------------------------------------------------
  Running self-consistent charge (SCC) algorithm 
 ------------------------------------------------
 Broyden mixing factor:                  0.40
 Max number of iterations:             128
 Conv. threshold (charge):               1.00e-05
 Conv. threshold (energy):               1.00e-06
 Initial guess:                          SAD

 ---------------------------------------------------------------
                  energy        change          grad        time
 ---------------------------------------------------------------
   0      -201.612000491                    6.42e-01        0.03
   1      -202.215779820     -6.04e-01      3.75e-01        0.03
   2      -202.194519585      2.13e-02      6.02e-02        0.03
   3      -202.216422787     -2.19e-02      1.36e-02        0.03
   4      -202.233345423     -1.69e-02      2.76e-03        0.03
   5      -202.234047497     -7.02e-04      6.92e-04        0.03
   6      -202.234066112     -1.86e-05      1.70e-04        0.03
   7      -202.234067002     -8.90e-07      4.87e-05        0.03
   8      -202.234067080     -7.75e-08      2.25e-05        0.02
   9      -202.234067090     -1.03e-08      1.04e-05        0.03
  10      -202.234067094     -3.36e-09      3.39e-06        0.03
  11      -202.234067094     -2.27e-10      1.01e-06        0.03

 SCF converged in 10 iterations.

 Entropy contribution (-ST):             0.000000000
 Dipole moment (in Debye):              -3.252111       4.238876       0.861847
 Setting up Delta-SCF
 Ground-Excited state overlap:          -0.000000000
 No correction applied to the TDM.
 Excitation energy:                      0.108089863
 Excitation energy (in eV):              2.941275012
 Transition dipole:                     -0.91945       3.64603       0.45825
 Saving results in set 'frame_1742'

 --------------------------------------------------------------------------------

 End time:                               Mon May 24 15:53:01 2021
 Total wall-clock time:                  0.736 seconds
==================================================================================
