
================================================================================
          _____________ ________ _______________ ________     _________         
         / ___________// ______ \\_____   _____// ______ \   / ________)        
        / /_________  / /      \ \     | |     / /      \ \ | (_______          
       |  __________|| |        | |    | |    | |        | | \________ \        
        \ \_________ | |        | |    | |     \ \______/ /___________) |       
         \__________||_|        |_|    |_|      \________//____________/        
                                                                                
====================================[ Qcore ]===================================

 Git hash:   b27a5f96910dca04bf09adb1496985de0081c8b6
 Git date:   Tue, 11 May 2021 09:58:05 -0400
 Compiler:   AppleClang 10.0.1.10010046
 Build type: Release
 Version:    1.2.0

 Start time: Mon May 24 15:54:27 2021

 Data directory: /Users/of15641/qcore/cmake-build-release/share/entos/1.2.0/data
 Number of threads: 2
 Number of threads was determined by: number of physical cores

 --------------------------------------------------------------------------------
                                  command: bchla                                 
 --------------------------------------------------------------------------------
 XTB basis setup:                        reference basis
 Number of basis functions:            404
 GFN version:                            gfn1
 Integral screening threshold:           1.00e-10
 Total charge:                           0.000000000
 Number of electrons:                  344.000000000
 Electronic temperature (Kelvin):        0.000000000

 D3BJ energy:                           -0.094660172
 Repulsive energy:                       2.566625751

 ------------------------------------------------
  Running self-consistent charge (SCC) algorithm 
 ------------------------------------------------
 Broyden mixing factor:                  0.40
 Max number of iterations:             128
 Conv. threshold (charge):               1.00e-05
 Conv. threshold (energy):               1.00e-06
 Initial guess:                          SAD

 ---------------------------------------------------------------
                  energy        change          grad        time
 ---------------------------------------------------------------
   0      -201.703159444                    6.44e-01        0.02
   1      -202.314728204     -6.12e-01      3.76e-01        0.02
   2      -202.297177697      1.76e-02      5.93e-02        0.02
   3      -202.317123862     -1.99e-02      1.21e-02        0.02
   4      -202.331376448     -1.43e-02      2.18e-03        0.02
   5      -202.331760029     -3.84e-04      6.13e-04        0.02
   6      -202.331774706     -1.47e-05      1.55e-04        0.02
   7      -202.331775739     -1.03e-06      5.16e-05        0.02
   8      -202.331775975     -2.36e-07      2.01e-05        0.02
   9      -202.331775986     -1.04e-08      7.08e-06        0.02
  10      -202.331775986     -4.04e-10      2.44e-06        0.02

 SCF converged in 9 iterations.

 Entropy contribution (-ST):             0.000000000
 Dipole moment (in Debye):              -0.098070       1.794294       3.821552
 Setting up Delta-SCF
 Ground-Excited state overlap:          -0.000000000
 No correction applied to the TDM.
 Excitation energy:                      0.111347140
 Excitation energy (in eV):              3.029910042
 Transition dipole:                     -2.93309      -0.98724      -1.54444
 Saving results in set 'frame_1847'

 --------------------------------------------------------------------------------

 End time:                               Mon May 24 15:54:28 2021
 Total wall-clock time:                  0.512 seconds
==================================================================================
