
================================================================================
          _____________ ________ _______________ ________     _________         
         / ___________// ______ \\_____   _____// ______ \   / ________)        
        / /_________  / /      \ \     | |     / /      \ \ | (_______          
       |  __________|| |        | |    | |    | |        | | \________ \        
        \ \_________ | |        | |    | |     \ \______/ /___________) |       
         \__________||_|        |_|    |_|      \________//____________/        
                                                                                
====================================[ Qcore ]===================================

 Git hash:   b27a5f96910dca04bf09adb1496985de0081c8b6
 Git date:   Tue, 11 May 2021 09:58:05 -0400
 Compiler:   AppleClang 10.0.1.10010046
 Build type: Release
 Version:    1.2.0

 Start time: Mon May 24 15:50:14 2021

 Data directory: /Users/of15641/qcore/cmake-build-release/share/entos/1.2.0/data
 Number of threads: 2
 Number of threads was determined by: number of physical cores

 --------------------------------------------------------------------------------
                                  command: bchla                                 
 --------------------------------------------------------------------------------
 XTB basis setup:                        reference basis
 Number of basis functions:            404
 GFN version:                            gfn1
 Integral screening threshold:           1.00e-10
 Total charge:                           0.000000000
 Number of electrons:                  344.000000000
 Electronic temperature (Kelvin):        0.000000000

 D3BJ energy:                           -0.098539015
 Repulsive energy:                       2.469005890

 ------------------------------------------------
  Running self-consistent charge (SCC) algorithm 
 ------------------------------------------------
 Broyden mixing factor:                  0.40
 Max number of iterations:             128
 Conv. threshold (charge):               1.00e-05
 Conv. threshold (energy):               1.00e-06
 Initial guess:                          SAD

 ---------------------------------------------------------------
                  energy        change          grad        time
 ---------------------------------------------------------------
   0      -201.659908283                    6.42e-01        0.03
   1      -202.279026662     -6.19e-01      3.74e-01        0.03
   2      -202.252931127      2.61e-02      6.10e-02        0.03
   3      -202.277847488     -2.49e-02      1.36e-02        0.02
   4      -202.297221061     -1.94e-02      2.16e-03        0.02
   5      -202.297592753     -3.72e-04      7.34e-04        0.02
   6      -202.297620234     -2.75e-05      2.10e-04        0.02
   7      -202.297623086     -2.85e-06      7.39e-05        0.03
   8      -202.297623619     -5.33e-07      2.32e-05        0.02
   9      -202.297623627     -8.73e-09      9.41e-06        0.02
  10      -202.297623628     -6.24e-10      2.81e-06        0.02

 SCF converged in 9 iterations.

 Entropy contribution (-ST):             0.000000000
 Dipole moment (in Debye):              -5.100540       2.871799      -2.568713
 Setting up Delta-SCF
 Ground-Excited state overlap:          -0.000000000
 No correction applied to the TDM.
 Excitation energy:                      0.105582236
 Excitation energy (in eV):              2.873038994
 Transition dipole:                      2.52256      -2.36091      -0.16186
 Saving results in set 'frame_1546'

 --------------------------------------------------------------------------------

 End time:                               Mon May 24 15:50:15 2021
 Total wall-clock time:                  0.645 seconds
==================================================================================
