
================================================================================
          _____________ ________ _______________ ________     _________         
         / ___________// ______ \\_____   _____// ______ \   / ________)        
        / /_________  / /      \ \     | |     / /      \ \ | (_______          
       |  __________|| |        | |    | |    | |        | | \________ \        
        \ \_________ | |        | |    | |     \ \______/ /___________) |       
         \__________||_|        |_|    |_|      \________//____________/        
                                                                                
====================================[ Qcore ]===================================

 Git hash:   b27a5f96910dca04bf09adb1496985de0081c8b6
 Git date:   Tue, 11 May 2021 09:58:05 -0400
 Compiler:   AppleClang 10.0.1.10010046
 Build type: Release
 Version:    1.2.0

 Start time: Mon May 24 15:46:59 2021

 Data directory: /Users/of15641/qcore/cmake-build-release/share/entos/1.2.0/data
 Number of threads: 2
 Number of threads was determined by: number of physical cores

 --------------------------------------------------------------------------------
                                  command: bchla                                 
 --------------------------------------------------------------------------------
 XTB basis setup:                        reference basis
 Number of basis functions:            404
 GFN version:                            gfn1
 Integral screening threshold:           1.00e-10
 Total charge:                           0.000000000
 Number of electrons:                  344.000000000
 Electronic temperature (Kelvin):        0.000000000

 D3BJ energy:                           -0.101397866
 Repulsive energy:                       2.423078745

 ------------------------------------------------
  Running self-consistent charge (SCC) algorithm 
 ------------------------------------------------
 Broyden mixing factor:                  0.40
 Max number of iterations:             128
 Conv. threshold (charge):               1.00e-05
 Conv. threshold (energy):               1.00e-06
 Initial guess:                          SAD

 ---------------------------------------------------------------
                  energy        change          grad        time
 ---------------------------------------------------------------
   0      -201.641565784                    6.41e-01        0.03
   1      -202.229150805     -5.88e-01      3.74e-01        0.02
   2      -202.214810846      1.43e-02      5.77e-02        0.02
   3      -202.233174754     -1.84e-02      1.08e-02        0.02
   4      -202.244836071     -1.17e-02      2.35e-03        0.02
   5      -202.245355494     -5.19e-04      6.65e-04        0.02
   6      -202.245375126     -1.96e-05      1.63e-04        0.02
   7      -202.245376083     -9.58e-07      5.96e-05        0.02
   8      -202.245376399     -3.16e-07      1.88e-05        0.02
   9      -202.245376407     -8.24e-09      7.85e-06        0.02
  10      -202.245376408     -9.20e-10      2.49e-06        0.02

 SCF converged in 9 iterations.

 Entropy contribution (-ST):             0.000000000
 Dipole moment (in Debye):              -0.737475       4.841453      -0.059527
 Setting up Delta-SCF
 Ground-Excited state overlap:           0.000000000
 No correction applied to the TDM.
 Excitation energy:                      0.107992339
 Excitation energy (in eV):              2.938621241
 Transition dipole:                     -1.04139       3.08662      -1.39715
 Saving results in set 'frame_1274'

 --------------------------------------------------------------------------------

 End time:                               Mon May 24 15:46:59 2021
 Total wall-clock time:                  0.512 seconds
==================================================================================
