
================================================================================
          _____________ ________ _______________ ________     _________         
         / ___________// ______ \\_____   _____// ______ \   / ________)        
        / /_________  / /      \ \     | |     / /      \ \ | (_______          
       |  __________|| |        | |    | |    | |        | | \________ \        
        \ \_________ | |        | |    | |     \ \______/ /___________) |       
         \__________||_|        |_|    |_|      \________//____________/        
                                                                                
====================================[ Qcore ]===================================

 Git hash:   b27a5f96910dca04bf09adb1496985de0081c8b6
 Git date:   Tue, 11 May 2021 09:58:05 -0400
 Compiler:   AppleClang 10.0.1.10010046
 Build type: Release
 Version:    1.2.0

 Start time: Mon May 24 15:58:29 2021

 Data directory: /Users/of15641/qcore/cmake-build-release/share/entos/1.2.0/data
 Number of threads: 2
 Number of threads was determined by: number of physical cores

 --------------------------------------------------------------------------------
                                  command: bchla                                 
 --------------------------------------------------------------------------------
 XTB basis setup:                        reference basis
 Number of basis functions:            404
 GFN version:                            gfn1
 Integral screening threshold:           1.00e-10
 Total charge:                           0.000000000
 Number of electrons:                  344.000000000
 Electronic temperature (Kelvin):        0.000000000

 D3BJ energy:                           -0.095947741
 Repulsive energy:                       2.459366310

 ------------------------------------------------
  Running self-consistent charge (SCC) algorithm 
 ------------------------------------------------
 Broyden mixing factor:                  0.40
 Max number of iterations:             128
 Conv. threshold (charge):               1.00e-05
 Conv. threshold (energy):               1.00e-06
 Initial guess:                          SAD

 ---------------------------------------------------------------
                  energy        change          grad        time
 ---------------------------------------------------------------
   0      -201.601486490                    6.42e-01        0.02
   1      -202.202278258     -6.01e-01      3.74e-01        0.02
   2      -202.196126628      6.15e-03      5.79e-02        0.02
   3      -202.211928708     -1.58e-02      8.07e-03        0.02
   4      -202.216751417     -4.82e-03      2.01e-03        0.02
   5      -202.217092120     -3.41e-04      7.37e-04        0.02
   6      -202.217124667     -3.25e-05      1.51e-04        0.02
   7      -202.217125283     -6.16e-07      3.80e-05        0.02
   8      -202.217125333     -4.94e-08      1.46e-05        0.02
   9      -202.217125336     -2.81e-09      5.57e-06        0.02
  10      -202.217125337     -1.07e-09      2.21e-06        0.02

 SCF converged in 9 iterations.

 Entropy contribution (-ST):             0.000000000
 Dipole moment (in Debye):               1.637600       1.635771       0.248455
 Setting up Delta-SCF
 Ground-Excited state overlap:          -0.000000000
 No correction applied to the TDM.
 Excitation energy:                      0.111704646
 Excitation energy (in eV):              3.039638272
 Transition dipole:                      0.34171      -0.46083      -2.66138
 Saving results in set 'frame_343'

 --------------------------------------------------------------------------------

 End time:                               Mon May 24 15:58:29 2021
 Total wall-clock time:                  0.572 seconds
==================================================================================
