
================================================================================
          _____________ ________ _______________ ________     _________         
         / ___________// ______ \\_____   _____// ______ \   / ________)        
        / /_________  / /      \ \     | |     / /      \ \ | (_______          
       |  __________|| |        | |    | |    | |        | | \________ \        
        \ \_________ | |        | |    | |     \ \______/ /___________) |       
         \__________||_|        |_|    |_|      \________//____________/        
                                                                                
====================================[ Qcore ]===================================

 Git hash:   b27a5f96910dca04bf09adb1496985de0081c8b6
 Git date:   Tue, 11 May 2021 09:58:05 -0400
 Compiler:   AppleClang 10.0.1.10010046
 Build type: Release
 Version:    1.2.0

 Start time: Mon May 24 15:45:53 2021

 Data directory: /Users/of15641/qcore/cmake-build-release/share/entos/1.2.0/data
 Number of threads: 2
 Number of threads was determined by: number of physical cores

 --------------------------------------------------------------------------------
                                  command: bchla                                 
 --------------------------------------------------------------------------------
 XTB basis setup:                        reference basis
 Number of basis functions:            404
 GFN version:                            gfn1
 Integral screening threshold:           1.00e-10
 Total charge:                           0.000000000
 Number of electrons:                  344.000000000
 Electronic temperature (Kelvin):        0.000000000

 D3BJ energy:                           -0.097164286
 Repulsive energy:                       2.476229591

 ------------------------------------------------
  Running self-consistent charge (SCC) algorithm 
 ------------------------------------------------
 Broyden mixing factor:                  0.40
 Max number of iterations:             128
 Conv. threshold (charge):               1.00e-05
 Conv. threshold (energy):               1.00e-06
 Initial guess:                          SAD

 ---------------------------------------------------------------
                  energy        change          grad        time
 ---------------------------------------------------------------
   0      -201.601418211                    6.42e-01        0.02
   1      -202.204581130     -6.03e-01      3.75e-01        0.02
   2      -202.186936221      1.76e-02      5.91e-02        0.02
   3      -202.203854754     -1.69e-02      1.31e-02        0.02
   4      -202.220275914     -1.64e-02      2.70e-03        0.03
   5      -202.220901307     -6.25e-04      6.50e-04        0.02
   6      -202.220917790     -1.65e-05      1.87e-04        0.02
   7      -202.220919516     -1.73e-06      6.18e-05        0.03
   8      -202.220919878     -3.62e-07      2.38e-05        0.14
   9      -202.220919894     -1.63e-08      9.99e-06        0.10
  10      -202.220919895     -9.77e-10      3.25e-06        0.05

 SCF converged in 9 iterations.

 Entropy contribution (-ST):             0.000000000
 Dipole moment (in Debye):              -0.305607       1.857584      -5.674920
 Setting up Delta-SCF
 Ground-Excited state overlap:          -0.000000000
 No correction applied to the TDM.
 Excitation energy:                      0.106655084
 Excitation energy (in eV):              2.902232699
 Transition dipole:                     -1.41289       1.81537      -2.86084
 Saving results in set 'frame_1178'

 --------------------------------------------------------------------------------

 End time:                               Mon May 24 15:45:54 2021
 Total wall-clock time:                  0.954 seconds
==================================================================================
