
================================================================================
          _____________ ________ _______________ ________     _________         
         / ___________// ______ \\_____   _____// ______ \   / ________)        
        / /_________  / /      \ \     | |     / /      \ \ | (_______          
       |  __________|| |        | |    | |    | |        | | \________ \        
        \ \_________ | |        | |    | |     \ \______/ /___________) |       
         \__________||_|        |_|    |_|      \________//____________/        
                                                                                
====================================[ Qcore ]===================================

 Git hash:   b27a5f96910dca04bf09adb1496985de0081c8b6
 Git date:   Tue, 11 May 2021 09:58:05 -0400
 Compiler:   AppleClang 10.0.1.10010046
 Build type: Release
 Version:    1.2.0

 Start time: Mon May 24 15:45:15 2021

 Data directory: /Users/of15641/qcore/cmake-build-release/share/entos/1.2.0/data
 Number of threads: 2
 Number of threads was determined by: number of physical cores

 --------------------------------------------------------------------------------
                                  command: bchla                                 
 --------------------------------------------------------------------------------
 XTB basis setup:                        reference basis
 Number of basis functions:            404
 GFN version:                            gfn1
 Integral screening threshold:           1.00e-10
 Total charge:                           0.000000000
 Number of electrons:                  344.000000000
 Electronic temperature (Kelvin):        0.000000000

 D3BJ energy:                           -0.097509280
 Repulsive energy:                       2.507477353

 ------------------------------------------------
  Running self-consistent charge (SCC) algorithm 
 ------------------------------------------------
 Broyden mixing factor:                  0.40
 Max number of iterations:             128
 Conv. threshold (charge):               1.00e-05
 Conv. threshold (energy):               1.00e-06
 Initial guess:                          SAD

 ---------------------------------------------------------------
                  energy        change          grad        time
 ---------------------------------------------------------------
   0      -201.681159688                    6.42e-01        0.05
   1      -202.273046274     -5.92e-01      3.75e-01        0.02
   2      -202.263990273      9.06e-03      5.72e-02        0.02
   3      -202.280410829     -1.64e-02      9.34e-03        0.02
   4      -202.288317169     -7.91e-03      2.13e-03        0.02
   5      -202.288682967     -3.66e-04      6.30e-04        0.02
   6      -202.288698320     -1.54e-05      1.39e-04        0.02
   7      -202.288698887     -5.68e-07      3.71e-05        0.02
   8      -202.288698980     -9.24e-08      1.58e-05        0.02
   9      -202.288698988     -8.26e-09      5.85e-06        0.02
  10      -202.288698988     -5.09e-10      2.15e-06        0.02

 SCF converged in 9 iterations.

 Entropy contribution (-ST):             0.000000000
 Dipole moment (in Debye):              -0.157372       3.482885      -4.601083
 Setting up Delta-SCF
 Ground-Excited state overlap:           0.000000000
 No correction applied to the TDM.
 Excitation energy:                      0.111775285
 Excitation energy (in eV):              3.041560451
 Transition dipole:                     -2.61581       0.83595      -2.10204
 Saving results in set 'frame_1124'

 --------------------------------------------------------------------------------

 End time:                               Mon May 24 15:45:16 2021
 Total wall-clock time:                  1.022 seconds
==================================================================================
