
================================================================================
          _____________ ________ _______________ ________     _________         
         / ___________// ______ \\_____   _____// ______ \   / ________)        
        / /_________  / /      \ \     | |     / /      \ \ | (_______          
       |  __________|| |        | |    | |    | |        | | \________ \        
        \ \_________ | |        | |    | |     \ \______/ /___________) |       
         \__________||_|        |_|    |_|      \________//____________/        
                                                                                
====================================[ Qcore ]===================================

 Git hash:   b27a5f96910dca04bf09adb1496985de0081c8b6
 Git date:   Tue, 11 May 2021 09:58:05 -0400
 Compiler:   AppleClang 10.0.1.10010046
 Build type: Release
 Version:    1.2.0

 Start time: Mon May 24 16:01:26 2021

 Data directory: /Users/of15641/qcore/cmake-build-release/share/entos/1.2.0/data
 Number of threads: 2
 Number of threads was determined by: number of physical cores

 --------------------------------------------------------------------------------
                                  command: bchla                                 
 --------------------------------------------------------------------------------
 XTB basis setup:                        reference basis
 Number of basis functions:            404
 GFN version:                            gfn1
 Integral screening threshold:           1.00e-10
 Total charge:                           0.000000000
 Number of electrons:                  344.000000000
 Electronic temperature (Kelvin):        0.000000000

 D3BJ energy:                           -0.097785565
 Repulsive energy:                       2.526811062

 ------------------------------------------------
  Running self-consistent charge (SCC) algorithm 
 ------------------------------------------------
 Broyden mixing factor:                  0.40
 Max number of iterations:             128
 Conv. threshold (charge):               1.00e-05
 Conv. threshold (energy):               1.00e-06
 Initial guess:                          SAD

 ---------------------------------------------------------------
                  energy        change          grad        time
 ---------------------------------------------------------------
   0      -201.642262587                    6.42e-01        0.04
   1      -202.222559913     -5.80e-01      3.75e-01        0.04
   2      -202.211237168      1.13e-02      5.65e-02        0.06
   3      -202.229098775     -1.79e-02      9.98e-03        0.05
   4      -202.238454452     -9.36e-03      2.09e-03        0.09
   5      -202.238830928     -3.76e-04      5.89e-04        0.28
   6      -202.238844034     -1.31e-05      1.35e-04        0.21
   7      -202.238844509     -4.75e-07      3.46e-05        0.08
   8      -202.238844562     -5.36e-08      1.41e-05        0.12
   9      -202.238844569     -6.35e-09      5.22e-06        0.10
  10      -202.238844569     -6.24e-10      2.24e-06        0.09

 SCF converged in 9 iterations.

 Entropy contribution (-ST):             0.000000000
 Dipole moment (in Debye):              -4.872858       2.078080       0.658597
 Setting up Delta-SCF
 Ground-Excited state overlap:           0.000000000
 No correction applied to the TDM.
 Excitation energy:                      0.113953377
 Excitation energy (in eV):              3.100829357
 Transition dipole:                      1.95621      -1.73778       2.32713
 Saving results in set 'frame_547'

 --------------------------------------------------------------------------------

 End time:                               Mon May 24 16:01:28 2021
 Total wall-clock time:                  1.864 seconds
==================================================================================
