
================================================================================
          _____________ ________ _______________ ________     _________         
         / ___________// ______ \\_____   _____// ______ \   / ________)        
        / /_________  / /      \ \     | |     / /      \ \ | (_______          
       |  __________|| |        | |    | |    | |        | | \________ \        
        \ \_________ | |        | |    | |     \ \______/ /___________) |       
         \__________||_|        |_|    |_|      \________//____________/        
                                                                                
====================================[ Qcore ]===================================

 Git hash:   b27a5f96910dca04bf09adb1496985de0081c8b6
 Git date:   Tue, 11 May 2021 09:58:05 -0400
 Compiler:   AppleClang 10.0.1.10010046
 Build type: Release
 Version:    1.2.0

 Start time: Mon May 24 15:47:40 2021

 Data directory: /Users/of15641/qcore/cmake-build-release/share/entos/1.2.0/data
 Number of threads: 2
 Number of threads was determined by: number of physical cores

 --------------------------------------------------------------------------------
                                  command: bchla                                 
 --------------------------------------------------------------------------------
 XTB basis setup:                        reference basis
 Number of basis functions:            404
 GFN version:                            gfn1
 Integral screening threshold:           1.00e-10
 Total charge:                           0.000000000
 Number of electrons:                  344.000000000
 Electronic temperature (Kelvin):        0.000000000

 D3BJ energy:                           -0.101177742
 Repulsive energy:                       2.488859482

 ------------------------------------------------
  Running self-consistent charge (SCC) algorithm 
 ------------------------------------------------
 Broyden mixing factor:                  0.40
 Max number of iterations:             128
 Conv. threshold (charge):               1.00e-05
 Conv. threshold (energy):               1.00e-06
 Initial guess:                          SAD

 ---------------------------------------------------------------
                  energy        change          grad        time
 ---------------------------------------------------------------
   0      -201.678426633                    6.43e-01        0.02
   1      -202.285450499     -6.07e-01      3.75e-01        0.02
   2      -202.267484138      1.80e-02      5.95e-02        0.02
   3      -202.287275093     -1.98e-02      1.27e-02        0.02
   4      -202.302329640     -1.51e-02      2.74e-03        0.02
   5      -202.302992619     -6.63e-04      6.99e-04        0.02
   6      -202.303013447     -2.08e-05      1.74e-04        0.02
   7      -202.303014652     -1.20e-06      5.21e-05        0.02
   8      -202.303014866     -2.14e-07      2.08e-05        0.02
   9      -202.303014881     -1.46e-08      8.47e-06        0.02
  10      -202.303014882     -1.09e-09      2.85e-06        0.02

 SCF converged in 9 iterations.

 Entropy contribution (-ST):             0.000000000
 Dipole moment (in Debye):              -1.495647       3.320252      -2.644553
 Setting up Delta-SCF
 Ground-Excited state overlap:          -0.000000000
 No correction applied to the TDM.
 Excitation energy:                      0.107531010
 Excitation energy (in eV):              2.926067859
 Transition dipole:                     -1.59994       1.59587      -2.78721
 Saving results in set 'frame_1338'

 --------------------------------------------------------------------------------

 End time:                               Mon May 24 15:47:41 2021
 Total wall-clock time:                  0.504 seconds
==================================================================================
