
================================================================================
          _____________ ________ _______________ ________     _________         
         / ___________// ______ \\_____   _____// ______ \   / ________)        
        / /_________  / /      \ \     | |     / /      \ \ | (_______          
       |  __________|| |        | |    | |    | |        | | \________ \        
        \ \_________ | |        | |    | |     \ \______/ /___________) |       
         \__________||_|        |_|    |_|      \________//____________/        
                                                                                
====================================[ Qcore ]===================================

 Git hash:   b27a5f96910dca04bf09adb1496985de0081c8b6
 Git date:   Tue, 11 May 2021 09:58:05 -0400
 Compiler:   AppleClang 10.0.1.10010046
 Build type: Release
 Version:    1.2.0

 Start time: Mon May 24 15:51:23 2021

 Data directory: /Users/of15641/qcore/cmake-build-release/share/entos/1.2.0/data
 Number of threads: 2
 Number of threads was determined by: number of physical cores

 --------------------------------------------------------------------------------
                                  command: bchla                                 
 --------------------------------------------------------------------------------
 XTB basis setup:                        reference basis
 Number of basis functions:            404
 GFN version:                            gfn1
 Integral screening threshold:           1.00e-10
 Total charge:                           0.000000000
 Number of electrons:                  344.000000000
 Electronic temperature (Kelvin):        0.000000000

 D3BJ energy:                           -0.100273282
 Repulsive energy:                       2.535663269

 ------------------------------------------------
  Running self-consistent charge (SCC) algorithm 
 ------------------------------------------------
 Broyden mixing factor:                  0.40
 Max number of iterations:             128
 Conv. threshold (charge):               1.00e-05
 Conv. threshold (energy):               1.00e-06
 Initial guess:                          SAD

 ---------------------------------------------------------------
                  energy        change          grad        time
 ---------------------------------------------------------------
   0      -201.691481205                    6.43e-01        0.02
   1      -202.294245666     -6.03e-01      3.75e-01        0.02
   2      -202.274214035      2.00e-02      5.99e-02        0.02
   3      -202.296163665     -2.19e-02      1.30e-02        0.02
   4      -202.311833594     -1.57e-02      2.45e-03        0.02
   5      -202.312386631     -5.53e-04      6.54e-04        0.02
   6      -202.312405387     -1.88e-05      1.56e-04        0.02
   7      -202.312406054     -6.67e-07      4.82e-05        0.03
   8      -202.312406231     -1.78e-07      2.05e-05        0.02
   9      -202.312406246     -1.44e-08      7.64e-06        0.03
  10      -202.312406246     -5.84e-10      2.73e-06        0.02

 SCF converged in 9 iterations.

 Entropy contribution (-ST):             0.000000000
 Dipole moment (in Debye):               3.546768       0.965081       0.339513
 Setting up Delta-SCF
 Ground-Excited state overlap:           0.000000000
 No correction applied to the TDM.
 Excitation energy:                      0.113397576
 Excitation energy (in eV):              3.085705234
 Transition dipole:                     -1.39984       1.96443       1.99450
 Saving results in set 'frame_163'

 --------------------------------------------------------------------------------

 End time:                               Mon May 24 15:51:24 2021
 Total wall-clock time:                  0.631 seconds
==================================================================================
