
================================================================================
          _____________ ________ _______________ ________     _________         
         / ___________// ______ \\_____   _____// ______ \   / ________)        
        / /_________  / /      \ \     | |     / /      \ \ | (_______          
       |  __________|| |        | |    | |    | |        | | \________ \        
        \ \_________ | |        | |    | |     \ \______/ /___________) |       
         \__________||_|        |_|    |_|      \________//____________/        
                                                                                
====================================[ Qcore ]===================================

 Git hash:   b27a5f96910dca04bf09adb1496985de0081c8b6
 Git date:   Tue, 11 May 2021 09:58:05 -0400
 Compiler:   AppleClang 10.0.1.10010046
 Build type: Release
 Version:    1.2.0

 Start time: Mon May 24 15:51:07 2021

 Data directory: /Users/of15641/qcore/cmake-build-release/share/entos/1.2.0/data
 Number of threads: 2
 Number of threads was determined by: number of physical cores

 --------------------------------------------------------------------------------
                                  command: bchla                                 
 --------------------------------------------------------------------------------
 XTB basis setup:                        reference basis
 Number of basis functions:            404
 GFN version:                            gfn1
 Integral screening threshold:           1.00e-10
 Total charge:                           0.000000000
 Number of electrons:                  344.000000000
 Electronic temperature (Kelvin):        0.000000000

 D3BJ energy:                           -0.099114883
 Repulsive energy:                       2.484042171

 ------------------------------------------------
  Running self-consistent charge (SCC) algorithm 
 ------------------------------------------------
 Broyden mixing factor:                  0.40
 Max number of iterations:             128
 Conv. threshold (charge):               1.00e-05
 Conv. threshold (energy):               1.00e-06
 Initial guess:                          SAD

 ---------------------------------------------------------------
                  energy        change          grad        time
 ---------------------------------------------------------------
   0      -201.701252347                    6.42e-01        0.03
   1      -202.280200649     -5.79e-01      3.75e-01        0.03
   2      -202.264234362      1.60e-02      5.82e-02        0.02
   3      -202.284800132     -2.06e-02      1.18e-02        0.03
   4      -202.296823991     -1.20e-02      2.29e-03        0.02
   5      -202.297284259     -4.60e-04      6.01e-04        0.03
   6      -202.297299389     -1.51e-05      1.36e-04        0.02
   7      -202.297299918     -5.29e-07      3.81e-05        0.02
   8      -202.297299953     -3.50e-08      1.58e-05        0.03
   9      -202.297299958     -5.17e-09      6.68e-06        0.02
  10      -202.297299959     -1.14e-09      2.34e-06        0.03

 SCF converged in 9 iterations.

 Entropy contribution (-ST):             0.000000000
 Dipole moment (in Debye):               4.377447       0.780723       0.716268
 Setting up Delta-SCF
 Ground-Excited state overlap:          -0.000000000
 No correction applied to the TDM.
 Excitation energy:                      0.113763318
 Excitation energy (in eV):              3.095657596
 Transition dipole:                     -2.76113      -0.35635      -1.38611
 Saving results in set 'frame_161'

 --------------------------------------------------------------------------------

 End time:                               Mon May 24 15:51:08 2021
 Total wall-clock time:                  0.697 seconds
==================================================================================
