
================================================================================
          _____________ ________ _______________ ________     _________         
         / ___________// ______ \\_____   _____// ______ \   / ________)        
        / /_________  / /      \ \     | |     / /      \ \ | (_______          
       |  __________|| |        | |    | |    | |        | | \________ \        
        \ \_________ | |        | |    | |     \ \______/ /___________) |       
         \__________||_|        |_|    |_|      \________//____________/        
                                                                                
====================================[ Qcore ]===================================

 Git hash:   b27a5f96910dca04bf09adb1496985de0081c8b6
 Git date:   Tue, 11 May 2021 09:58:05 -0400
 Compiler:   AppleClang 10.0.1.10010046
 Build type: Release
 Version:    1.2.0

 Start time: Mon May 24 15:53:37 2021

 Data directory: /Users/of15641/qcore/cmake-build-release/share/entos/1.2.0/data
 Number of threads: 2
 Number of threads was determined by: number of physical cores

 --------------------------------------------------------------------------------
                                  command: bchla                                 
 --------------------------------------------------------------------------------
 XTB basis setup:                        reference basis
 Number of basis functions:            404
 GFN version:                            gfn1
 Integral screening threshold:           1.00e-10
 Total charge:                           0.000000000
 Number of electrons:                  344.000000000
 Electronic temperature (Kelvin):        0.000000000

 D3BJ energy:                           -0.100920102
 Repulsive energy:                       2.415801382

 ------------------------------------------------
  Running self-consistent charge (SCC) algorithm 
 ------------------------------------------------
 Broyden mixing factor:                  0.40
 Max number of iterations:             128
 Conv. threshold (charge):               1.00e-05
 Conv. threshold (energy):               1.00e-06
 Initial guess:                          SAD

 ---------------------------------------------------------------
                  energy        change          grad        time
 ---------------------------------------------------------------
   0      -201.659695404                    6.40e-01        0.03
   1      -202.265053794     -6.05e-01      3.74e-01        0.03
   2      -202.243873164      2.12e-02      5.86e-02        0.03
   3      -202.266138316     -2.23e-02      1.21e-02        0.03
   4      -202.282229505     -1.61e-02      1.88e-03        0.03
   5      -202.282507413     -2.78e-04      5.88e-04        0.03
   6      -202.282521185     -1.38e-05      1.37e-04        0.02
   7      -202.282521821     -6.36e-07      5.17e-05        0.03
   8      -202.282522077     -2.56e-07      1.76e-05        0.02
   9      -202.282522085     -7.94e-09      6.52e-06        0.03
  10      -202.282522085     -3.29e-10      2.21e-06        0.02

 SCF converged in 9 iterations.

 Entropy contribution (-ST):             0.000000000
 Dipole moment (in Debye):              -1.050538       5.135692       1.532761
 Setting up Delta-SCF
 Ground-Excited state overlap:          -0.000000000
 No correction applied to the TDM.
 Excitation energy:                      0.108234338
 Excitation energy (in eV):              2.945206366
 Transition dipole:                      1.97678       2.97945      -0.19015
 Saving results in set 'frame_1786'

 --------------------------------------------------------------------------------

 End time:                               Mon May 24 15:53:37 2021
 Total wall-clock time:                  0.768 seconds
==================================================================================
