
================================================================================
          _____________ ________ _______________ ________     _________         
         / ___________// ______ \\_____   _____// ______ \   / ________)        
        / /_________  / /      \ \     | |     / /      \ \ | (_______          
       |  __________|| |        | |    | |    | |        | | \________ \        
        \ \_________ | |        | |    | |     \ \______/ /___________) |       
         \__________||_|        |_|    |_|      \________//____________/        
                                                                                
====================================[ Qcore ]===================================

 Git hash:   b27a5f96910dca04bf09adb1496985de0081c8b6
 Git date:   Tue, 11 May 2021 09:58:05 -0400
 Compiler:   AppleClang 10.0.1.10010046
 Build type: Release
 Version:    1.2.0

 Start time: Mon May 24 15:46:00 2021

 Data directory: /Users/of15641/qcore/cmake-build-release/share/entos/1.2.0/data
 Number of threads: 2
 Number of threads was determined by: number of physical cores

 --------------------------------------------------------------------------------
                                  command: bchla                                 
 --------------------------------------------------------------------------------
 XTB basis setup:                        reference basis
 Number of basis functions:            404
 GFN version:                            gfn1
 Integral screening threshold:           1.00e-10
 Total charge:                           0.000000000
 Number of electrons:                  344.000000000
 Electronic temperature (Kelvin):        0.000000000

 D3BJ energy:                           -0.096800150
 Repulsive energy:                       2.484170054

 ------------------------------------------------
  Running self-consistent charge (SCC) algorithm 
 ------------------------------------------------
 Broyden mixing factor:                  0.40
 Max number of iterations:             128
 Conv. threshold (charge):               1.00e-05
 Conv. threshold (energy):               1.00e-06
 Initial guess:                          SAD

 ---------------------------------------------------------------
                  energy        change          grad        time
 ---------------------------------------------------------------
   0      -201.618840429                    6.42e-01        0.04
   1      -202.218831072     -6.00e-01      3.75e-01        0.02
   2      -202.206746613      1.21e-02      5.76e-02        0.02
   3      -202.222329470     -1.56e-02      1.12e-02        0.03
   4      -202.234366059     -1.20e-02      2.51e-03        0.02
   5      -202.234913497     -5.47e-04      6.88e-04        0.02
   6      -202.234934164     -2.07e-05      1.96e-04        0.02
   7      -202.234936485     -2.32e-06      6.68e-05        0.03
   8      -202.234936957     -4.72e-07      2.00e-05        0.02
   9      -202.234936967     -9.58e-09      7.11e-06        0.02
  10      -202.234936967     -4.43e-10      2.68e-06        0.02

 SCF converged in 9 iterations.

 Entropy contribution (-ST):             0.000000000
 Dipole moment (in Debye):              -2.047860       3.395517      -3.960200
 Setting up Delta-SCF
 Ground-Excited state overlap:          -0.000000000
 No correction applied to the TDM.
 Excitation energy:                      0.109617054
 Excitation energy (in eV):              2.982831986
 Transition dipole:                      2.41487      -1.12833       1.95914
 Saving results in set 'frame_1188'

 --------------------------------------------------------------------------------

 End time:                               Mon May 24 15:46:01 2021
 Total wall-clock time:                  0.582 seconds
==================================================================================
