
================================================================================
          _____________ ________ _______________ ________     _________         
         / ___________// ______ \\_____   _____// ______ \   / ________)        
        / /_________  / /      \ \     | |     / /      \ \ | (_______          
       |  __________|| |        | |    | |    | |        | | \________ \        
        \ \_________ | |        | |    | |     \ \______/ /___________) |       
         \__________||_|        |_|    |_|      \________//____________/        
                                                                                
====================================[ Qcore ]===================================

 Git hash:   b27a5f96910dca04bf09adb1496985de0081c8b6
 Git date:   Tue, 11 May 2021 09:58:05 -0400
 Compiler:   AppleClang 10.0.1.10010046
 Build type: Release
 Version:    1.2.0

 Start time: Mon May 24 16:04:16 2021

 Data directory: /Users/of15641/qcore/cmake-build-release/share/entos/1.2.0/data
 Number of threads: 2
 Number of threads was determined by: number of physical cores

 --------------------------------------------------------------------------------
                                  command: bchla                                 
 --------------------------------------------------------------------------------
 XTB basis setup:                        reference basis
 Number of basis functions:            404
 GFN version:                            gfn1
 Integral screening threshold:           1.00e-10
 Total charge:                           0.000000000
 Number of electrons:                  344.000000000
 Electronic temperature (Kelvin):        0.000000000

 D3BJ energy:                           -0.095675885
 Repulsive energy:                       2.467424965

 ------------------------------------------------
  Running self-consistent charge (SCC) algorithm 
 ------------------------------------------------
 Broyden mixing factor:                  0.40
 Max number of iterations:             128
 Conv. threshold (charge):               1.00e-05
 Conv. threshold (energy):               1.00e-06
 Initial guess:                          SAD

 ---------------------------------------------------------------
                  energy        change          grad        time
 ---------------------------------------------------------------
   0      -201.608974905                    6.42e-01        0.05
   1      -202.210916984     -6.02e-01      3.74e-01        0.04
   2      -202.191826472      1.91e-02      5.95e-02        0.08
   3      -202.212331716     -2.05e-02      1.30e-02        0.07
   4      -202.228390720     -1.61e-02      2.52e-03        0.05
   5      -202.228936912     -5.46e-04      6.99e-04        0.04
   6      -202.228957789     -2.09e-05      1.68e-04        0.04
   7      -202.228958837     -1.05e-06      5.58e-05        0.04
   8      -202.228959132     -2.95e-07      2.12e-05        0.04
   9      -202.228959149     -1.71e-08      8.18e-06        0.04
  10      -202.228959149     -5.32e-10      2.93e-06        0.04

 SCF converged in 9 iterations.

 Entropy contribution (-ST):             0.000000000
 Dipole moment (in Debye):               1.492115       3.481191      -3.873010
 Setting up Delta-SCF
 Ground-Excited state overlap:           0.000000000
 No correction applied to the TDM.
 Excitation energy:                      0.110019796
 Excitation energy (in eV):              2.993791168
 Transition dipole:                     -1.91018      -0.10136       3.12199
 Saving results in set 'frame_72'

 --------------------------------------------------------------------------------

 End time:                               Mon May 24 16:04:17 2021
 Total wall-clock time:                  1.142 seconds
==================================================================================
