
================================================================================
          _____________ ________ _______________ ________     _________         
         / ___________// ______ \\_____   _____// ______ \   / ________)        
        / /_________  / /      \ \     | |     / /      \ \ | (_______          
       |  __________|| |        | |    | |    | |        | | \________ \        
        \ \_________ | |        | |    | |     \ \______/ /___________) |       
         \__________||_|        |_|    |_|      \________//____________/        
                                                                                
====================================[ Qcore ]===================================

 Git hash:   b27a5f96910dca04bf09adb1496985de0081c8b6
 Git date:   Tue, 11 May 2021 09:58:05 -0400
 Compiler:   AppleClang 10.0.1.10010046
 Build type: Release
 Version:    1.2.0

 Start time: Mon May 24 15:49:33 2021

 Data directory: /Users/of15641/qcore/cmake-build-release/share/entos/1.2.0/data
 Number of threads: 2
 Number of threads was determined by: number of physical cores

 --------------------------------------------------------------------------------
                                  command: bchla                                 
 --------------------------------------------------------------------------------
 XTB basis setup:                        reference basis
 Number of basis functions:            404
 GFN version:                            gfn1
 Integral screening threshold:           1.00e-10
 Total charge:                           0.000000000
 Number of electrons:                  344.000000000
 Electronic temperature (Kelvin):        0.000000000

 D3BJ energy:                           -0.107251278
 Repulsive energy:                       2.437993796

 ------------------------------------------------
  Running self-consistent charge (SCC) algorithm 
 ------------------------------------------------
 Broyden mixing factor:                  0.40
 Max number of iterations:             128
 Conv. threshold (charge):               1.00e-05
 Conv. threshold (energy):               1.00e-06
 Initial guess:                          SAD

 ---------------------------------------------------------------
                  energy        change          grad        time
 ---------------------------------------------------------------
   0      -201.634873288                    6.41e-01        0.03
   1      -202.252800976     -6.18e-01      3.74e-01        0.03
   2      -202.238615420      1.42e-02      5.95e-02        0.03
   3      -202.255776789     -1.72e-02      1.13e-02        0.03
   4      -202.268636970     -1.29e-02      2.21e-03        0.03
   5      -202.269066590     -4.30e-04      6.39e-04        0.02
   6      -202.269084089     -1.75e-05      1.41e-04        0.02
   7      -202.269084574     -4.85e-07      3.98e-05        0.03
   8      -202.269084630     -5.61e-08      1.87e-05        0.02
   9      -202.269084642     -1.28e-08      6.92e-06        0.03
  10      -202.269084643     -1.04e-09      2.78e-06        0.02

 SCF converged in 9 iterations.

 Entropy contribution (-ST):             0.000000000
 Dipole moment (in Debye):              -4.190824       3.711116      -1.221021
 Setting up Delta-SCF
 Ground-Excited state overlap:          -0.000000000
 No correction applied to the TDM.
 Excitation energy:                      0.112428288
 Excitation energy (in eV):              3.059329564
 Transition dipole:                     -1.00805       1.61007       2.41311
 Saving results in set 'frame_1497'

 --------------------------------------------------------------------------------

 End time:                               Mon May 24 15:49:34 2021
 Total wall-clock time:                  0.649 seconds
==================================================================================
