
================================================================================
          _____________ ________ _______________ ________     _________         
         / ___________// ______ \\_____   _____// ______ \   / ________)        
        / /_________  / /      \ \     | |     / /      \ \ | (_______          
       |  __________|| |        | |    | |    | |        | | \________ \        
        \ \_________ | |        | |    | |     \ \______/ /___________) |       
         \__________||_|        |_|    |_|      \________//____________/        
                                                                                
====================================[ Qcore ]===================================

 Git hash:   b27a5f96910dca04bf09adb1496985de0081c8b6
 Git date:   Tue, 11 May 2021 09:58:05 -0400
 Compiler:   AppleClang 10.0.1.10010046
 Build type: Release
 Version:    1.2.0

 Start time: Mon May 24 16:01:25 2021

 Data directory: /Users/of15641/qcore/cmake-build-release/share/entos/1.2.0/data
 Number of threads: 2
 Number of threads was determined by: number of physical cores

 --------------------------------------------------------------------------------
                                  command: bchla                                 
 --------------------------------------------------------------------------------
 XTB basis setup:                        reference basis
 Number of basis functions:            404
 GFN version:                            gfn1
 Integral screening threshold:           1.00e-10
 Total charge:                           0.000000000
 Number of electrons:                  344.000000000
 Electronic temperature (Kelvin):        0.000000000

 D3BJ energy:                           -0.097229786
 Repulsive energy:                       2.565781283

 ------------------------------------------------
  Running self-consistent charge (SCC) algorithm 
 ------------------------------------------------
 Broyden mixing factor:                  0.40
 Max number of iterations:             128
 Conv. threshold (charge):               1.00e-05
 Conv. threshold (energy):               1.00e-06
 Initial guess:                          SAD

 ---------------------------------------------------------------
                  energy        change          grad        time
 ---------------------------------------------------------------
   0      -201.638163739                    6.43e-01        0.04
   1      -202.237502840     -5.99e-01      3.75e-01        0.03
   2      -202.222157346      1.53e-02      5.89e-02        0.03
   3      -202.243391350     -2.12e-02      1.11e-02        0.03
   4      -202.254307337     -1.09e-02      2.09e-03        0.03
   5      -202.254668410     -3.61e-04      6.95e-04        0.03
   6      -202.254690650     -2.22e-05      1.67e-04        0.03
   7      -202.254691666     -1.02e-06      5.36e-05        0.03
   8      -202.254691884     -2.18e-07      1.92e-05        0.03
   9      -202.254691890     -5.79e-09      7.39e-06        0.03
  10      -202.254691890     -3.07e-10      2.31e-06        0.03

 SCF converged in 9 iterations.

 Entropy contribution (-ST):             0.000000000
 Dipole moment (in Debye):              -4.664380       1.660931       0.477147
 Setting up Delta-SCF
 Ground-Excited state overlap:          -0.000000000
 No correction applied to the TDM.
 Excitation energy:                      0.111814548
 Excitation energy (in eV):              3.042628861
 Transition dipole:                      0.81916       1.07919       2.47432
 Saving results in set 'frame_546'

 --------------------------------------------------------------------------------

 End time:                               Mon May 24 16:01:26 2021
 Total wall-clock time:                  0.837 seconds
==================================================================================
