
================================================================================
          _____________ ________ _______________ ________     _________         
         / ___________// ______ \\_____   _____// ______ \   / ________)        
        / /_________  / /      \ \     | |     / /      \ \ | (_______          
       |  __________|| |        | |    | |    | |        | | \________ \        
        \ \_________ | |        | |    | |     \ \______/ /___________) |       
         \__________||_|        |_|    |_|      \________//____________/        
                                                                                
====================================[ Qcore ]===================================

 Git hash:   b27a5f96910dca04bf09adb1496985de0081c8b6
 Git date:   Tue, 11 May 2021 09:58:05 -0400
 Compiler:   AppleClang 10.0.1.10010046
 Build type: Release
 Version:    1.2.0

 Start time: Mon May 24 15:45:36 2021

 Data directory: /Users/of15641/qcore/cmake-build-release/share/entos/1.2.0/data
 Number of threads: 2
 Number of threads was determined by: number of physical cores

 --------------------------------------------------------------------------------
                                  command: bchla                                 
 --------------------------------------------------------------------------------
 XTB basis setup:                        reference basis
 Number of basis functions:            404
 GFN version:                            gfn1
 Integral screening threshold:           1.00e-10
 Total charge:                           0.000000000
 Number of electrons:                  344.000000000
 Electronic temperature (Kelvin):        0.000000000

 D3BJ energy:                           -0.097771856
 Repulsive energy:                       2.511464083

 ------------------------------------------------
  Running self-consistent charge (SCC) algorithm 
 ------------------------------------------------
 Broyden mixing factor:                  0.40
 Max number of iterations:             128
 Conv. threshold (charge):               1.00e-05
 Conv. threshold (energy):               1.00e-06
 Initial guess:                          SAD

 ---------------------------------------------------------------
                  energy        change          grad        time
 ---------------------------------------------------------------
   0      -201.694787259                    6.42e-01        0.03
   1      -202.283891043     -5.89e-01      3.75e-01        0.02
   2      -202.274317370      9.57e-03      5.73e-02        0.02
   3      -202.289466260     -1.51e-02      1.02e-02        0.02
   4      -202.298691874     -9.23e-03      2.42e-03        0.02
   5      -202.299227157     -5.35e-04      6.28e-04        0.02
   6      -202.299245288     -1.81e-05      1.37e-04        0.02
   7      -202.299245943     -6.54e-07      3.30e-05        0.02
   8      -202.299245965     -2.23e-08      1.50e-05        0.02
   9      -202.299245967     -1.91e-09      5.50e-06        0.02
  10      -202.299245968     -1.04e-09      2.66e-06        0.02

 SCF converged in 9 iterations.

 Entropy contribution (-ST):             0.000000000
 Dipole moment (in Debye):              -1.472350      -1.399072      -5.137292
 Setting up Delta-SCF
 Ground-Excited state overlap:           0.000000000
 No correction applied to the TDM.
 Excitation energy:                      0.109134185
 Excitation energy (in eV):              2.969692472
 Transition dipole:                      1.13155       0.01845       3.62542
 Saving results in set 'frame_1152'

 --------------------------------------------------------------------------------

 End time:                               Mon May 24 15:45:37 2021
 Total wall-clock time:                  0.504 seconds
==================================================================================
