
================================================================================
          _____________ ________ _______________ ________     _________         
         / ___________// ______ \\_____   _____// ______ \   / ________)        
        / /_________  / /      \ \     | |     / /      \ \ | (_______          
       |  __________|| |        | |    | |    | |        | | \________ \        
        \ \_________ | |        | |    | |     \ \______/ /___________) |       
         \__________||_|        |_|    |_|      \________//____________/        
                                                                                
====================================[ Qcore ]===================================

 Git hash:   b27a5f96910dca04bf09adb1496985de0081c8b6
 Git date:   Tue, 11 May 2021 09:58:05 -0400
 Compiler:   AppleClang 10.0.1.10010046
 Build type: Release
 Version:    1.2.0

 Start time: Mon May 24 16:05:21 2021

 Data directory: /Users/of15641/qcore/cmake-build-release/share/entos/1.2.0/data
 Number of threads: 2
 Number of threads was determined by: number of physical cores

 --------------------------------------------------------------------------------
                                  command: bchla                                 
 --------------------------------------------------------------------------------
 XTB basis setup:                        reference basis
 Number of basis functions:            404
 GFN version:                            gfn1
 Integral screening threshold:           1.00e-10
 Total charge:                           0.000000000
 Number of electrons:                  344.000000000
 Electronic temperature (Kelvin):        0.000000000

 D3BJ energy:                           -0.095602508
 Repulsive energy:                       2.511480306

 ------------------------------------------------
  Running self-consistent charge (SCC) algorithm 
 ------------------------------------------------
 Broyden mixing factor:                  0.40
 Max number of iterations:             128
 Conv. threshold (charge):               1.00e-05
 Conv. threshold (energy):               1.00e-06
 Initial guess:                          SAD

 ---------------------------------------------------------------
                  energy        change          grad        time
 ---------------------------------------------------------------
   0      -201.653328133                    6.43e-01        0.03
   1      -202.269704957     -6.16e-01      3.75e-01        0.02
   2      -202.257426892      1.23e-02      5.99e-02        0.02
   3      -202.277066624     -1.96e-02      1.03e-02        0.02
   4      -202.285860323     -8.79e-03      2.10e-03        0.03
   5      -202.286218999     -3.59e-04      6.56e-04        0.02
   6      -202.286239619     -2.06e-05      1.48e-04        0.03
   7      -202.286240472     -8.53e-07      4.79e-05        0.02
   8      -202.286240594     -1.21e-07      1.71e-05        0.03
   9      -202.286240599     -5.69e-09      6.96e-06        0.02
  10      -202.286240600     -8.84e-10      2.48e-06        0.02

 SCF converged in 9 iterations.

 Entropy contribution (-ST):             0.000000000
 Dipole moment (in Debye):               1.349479       3.584667      -2.201661
 Setting up Delta-SCF
 Ground-Excited state overlap:          -0.000000000
 No correction applied to the TDM.
 Excitation energy:                      0.115313626
 Excitation energy (in eV):              3.137843629
 Transition dipole:                     -2.43356      -2.47039      -0.51310
 Saving results in set 'frame_787'

 --------------------------------------------------------------------------------

 End time:                               Mon May 24 16:05:21 2021
 Total wall-clock time:                  0.676 seconds
==================================================================================
