
================================================================================
          _____________ ________ _______________ ________     _________         
         / ___________// ______ \\_____   _____// ______ \   / ________)        
        / /_________  / /      \ \     | |     / /      \ \ | (_______          
       |  __________|| |        | |    | |    | |        | | \________ \        
        \ \_________ | |        | |    | |     \ \______/ /___________) |       
         \__________||_|        |_|    |_|      \________//____________/        
                                                                                
====================================[ Qcore ]===================================

 Git hash:   b27a5f96910dca04bf09adb1496985de0081c8b6
 Git date:   Tue, 11 May 2021 09:58:05 -0400
 Compiler:   AppleClang 10.0.1.10010046
 Build type: Release
 Version:    1.2.0

 Start time: Mon May 24 16:05:22 2021

 Data directory: /Users/of15641/qcore/cmake-build-release/share/entos/1.2.0/data
 Number of threads: 2
 Number of threads was determined by: number of physical cores

 --------------------------------------------------------------------------------
                                  command: bchla                                 
 --------------------------------------------------------------------------------
 XTB basis setup:                        reference basis
 Number of basis functions:            404
 GFN version:                            gfn1
 Integral screening threshold:           1.00e-10
 Total charge:                           0.000000000
 Number of electrons:                  344.000000000
 Electronic temperature (Kelvin):        0.000000000

 D3BJ energy:                           -0.095876819
 Repulsive energy:                       2.498954513

 ------------------------------------------------
  Running self-consistent charge (SCC) algorithm 
 ------------------------------------------------
 Broyden mixing factor:                  0.40
 Max number of iterations:             128
 Conv. threshold (charge):               1.00e-05
 Conv. threshold (energy):               1.00e-06
 Initial guess:                          SAD

 ---------------------------------------------------------------
                  energy        change          grad        time
 ---------------------------------------------------------------
   0      -201.723279684                    6.42e-01        0.03
   1      -202.306313289     -5.83e-01      3.75e-01        0.02
   2      -202.289782907      1.65e-02      5.74e-02        0.02
   3      -202.307872337     -1.81e-02      1.21e-02        0.02
   4      -202.322344888     -1.45e-02      2.63e-03        0.02
   5      -202.322965745     -6.21e-04      6.99e-04        0.02
   6      -202.322986267     -2.05e-05      1.98e-04        0.02
   7      -202.322988034     -1.77e-06      7.03e-05        0.02
   8      -202.322988599     -5.65e-07      2.36e-05        0.02
   9      -202.322988615     -1.55e-08      9.18e-06        0.02
  10      -202.322988615     -4.11e-10      2.77e-06        0.02

 SCF converged in 9 iterations.

 Entropy contribution (-ST):             0.000000000
 Dipole moment (in Debye):              -1.192444       1.596458      -1.891180
 Setting up Delta-SCF
 Ground-Excited state overlap:          -0.000000000
 No correction applied to the TDM.
 Excitation energy:                      0.104624075
 Excitation energy (in eV):              2.846966104
 Transition dipole:                     -2.32204      -2.24796       1.87471
 Saving results in set 'frame_789'

 --------------------------------------------------------------------------------

 End time:                               Mon May 24 16:05:23 2021
 Total wall-clock time:                  0.599 seconds
==================================================================================
