
================================================================================
          _____________ ________ _______________ ________     _________         
         / ___________// ______ \\_____   _____// ______ \   / ________)        
        / /_________  / /      \ \     | |     / /      \ \ | (_______          
       |  __________|| |        | |    | |    | |        | | \________ \        
        \ \_________ | |        | |    | |     \ \______/ /___________) |       
         \__________||_|        |_|    |_|      \________//____________/        
                                                                                
====================================[ Qcore ]===================================

 Git hash:   b27a5f96910dca04bf09adb1496985de0081c8b6
 Git date:   Tue, 11 May 2021 09:58:05 -0400
 Compiler:   AppleClang 10.0.1.10010046
 Build type: Release
 Version:    1.2.0

 Start time: Mon May 24 15:44:44 2021

 Data directory: /Users/of15641/qcore/cmake-build-release/share/entos/1.2.0/data
 Number of threads: 2
 Number of threads was determined by: number of physical cores

 --------------------------------------------------------------------------------
                                  command: bchla                                 
 --------------------------------------------------------------------------------
 XTB basis setup:                        reference basis
 Number of basis functions:            404
 GFN version:                            gfn1
 Integral screening threshold:           1.00e-10
 Total charge:                           0.000000000
 Number of electrons:                  344.000000000
 Electronic temperature (Kelvin):        0.000000000

 D3BJ energy:                           -0.094666741
 Repulsive energy:                       2.587959657

 ------------------------------------------------
  Running self-consistent charge (SCC) algorithm 
 ------------------------------------------------
 Broyden mixing factor:                  0.40
 Max number of iterations:             128
 Conv. threshold (charge):               1.00e-05
 Conv. threshold (energy):               1.00e-06
 Initial guess:                          SAD

 ---------------------------------------------------------------
                  energy        change          grad        time
 ---------------------------------------------------------------
   0      -201.704403395                    6.44e-01        0.02
   1      -202.303841605     -5.99e-01      3.76e-01        0.02
   2      -202.289801636      1.40e-02      5.85e-02        0.02
   3      -202.309780861     -2.00e-02      1.08e-02        0.02
   4      -202.320280715     -1.05e-02      2.32e-03        0.02
   5      -202.320761576     -4.81e-04      6.77e-04        0.02
   6      -202.320782769     -2.12e-05      1.93e-04        0.02
   7      -202.320784267     -1.50e-06      7.15e-05        0.02
   8      -202.320784765     -4.97e-07      2.14e-05        0.02
   9      -202.320784776     -1.13e-08      7.43e-06        0.02
  10      -202.320784777     -5.15e-10      2.82e-06        0.02

 SCF converged in 9 iterations.

 Entropy contribution (-ST):             0.000000000
 Dipole moment (in Debye):               2.595104       3.604835      -1.768225
 Setting up Delta-SCF
 Ground-Excited state overlap:          -0.000000000
 No correction applied to the TDM.
 Excitation energy:                      0.110034527
 Excitation energy (in eV):              2.994192027
 Transition dipole:                     -2.35337       0.21675       2.77001
 Saving results in set 'frame_108'

 --------------------------------------------------------------------------------

 End time:                               Mon May 24 15:44:45 2021
 Total wall-clock time:                  0.501 seconds
==================================================================================
