
================================================================================
          _____________ ________ _______________ ________     _________         
         / ___________// ______ \\_____   _____// ______ \   / ________)        
        / /_________  / /      \ \     | |     / /      \ \ | (_______          
       |  __________|| |        | |    | |    | |        | | \________ \        
        \ \_________ | |        | |    | |     \ \______/ /___________) |       
         \__________||_|        |_|    |_|      \________//____________/        
                                                                                
====================================[ Qcore ]===================================

 Git hash:   b27a5f96910dca04bf09adb1496985de0081c8b6
 Git date:   Tue, 11 May 2021 09:58:05 -0400
 Compiler:   AppleClang 10.0.1.10010046
 Build type: Release
 Version:    1.2.0

 Start time: Mon May 24 15:44:09 2021

 Data directory: /Users/of15641/qcore/cmake-build-release/share/entos/1.2.0/data
 Number of threads: 2
 Number of threads was determined by: number of physical cores

 --------------------------------------------------------------------------------
                                  command: bchla                                 
 --------------------------------------------------------------------------------
 XTB basis setup:                        reference basis
 Number of basis functions:            404
 GFN version:                            gfn1
 Integral screening threshold:           1.00e-10
 Total charge:                           0.000000000
 Number of electrons:                  344.000000000
 Electronic temperature (Kelvin):        0.000000000

 D3BJ energy:                           -0.095175021
 Repulsive energy:                       2.489085693

 ------------------------------------------------
  Running self-consistent charge (SCC) algorithm 
 ------------------------------------------------
 Broyden mixing factor:                  0.40
 Max number of iterations:             128
 Conv. threshold (charge):               1.00e-05
 Conv. threshold (energy):               1.00e-06
 Initial guess:                          SAD

 ---------------------------------------------------------------
                  energy        change          grad        time
 ---------------------------------------------------------------
   0      -201.665436423                    6.43e-01        0.02
   1      -202.256148336     -5.91e-01      3.75e-01        0.02
   2      -202.229485339      2.67e-02      5.84e-02        0.02
   3      -202.251948505     -2.25e-02      1.45e-02        0.02
   4      -202.274716982     -2.28e-02      2.40e-03        0.02
   5      -202.275213286     -4.96e-04      6.64e-04        0.02
   6      -202.275231277     -1.80e-05      1.97e-04        0.02
   7      -202.275233333     -2.06e-06      6.43e-05        0.02
   8      -202.275233749     -4.16e-07      2.01e-05        0.02
   9      -202.275233758     -9.31e-09      7.88e-06        0.02
  10      -202.275233759     -5.04e-10      2.71e-06        0.02

 SCF converged in 9 iterations.

 Entropy contribution (-ST):             0.000000000
 Dipole moment (in Debye):              -2.041233      -0.570289      -2.161700
 Setting up Delta-SCF
 Ground-Excited state overlap:          -0.000000000
 No correction applied to the TDM.
 Excitation energy:                      0.111248887
 Excitation energy (in eV):              3.027236426
 Transition dipole:                      1.90009      -0.44376       2.81448
 Saving results in set 'frame_1022'

 --------------------------------------------------------------------------------

 End time:                               Mon May 24 15:44:10 2021
 Total wall-clock time:                  0.477 seconds
==================================================================================
