
================================================================================
          _____________ ________ _______________ ________     _________         
         / ___________// ______ \\_____   _____// ______ \   / ________)        
        / /_________  / /      \ \     | |     / /      \ \ | (_______          
       |  __________|| |        | |    | |    | |        | | \________ \        
        \ \_________ | |        | |    | |     \ \______/ /___________) |       
         \__________||_|        |_|    |_|      \________//____________/        
                                                                                
====================================[ Qcore ]===================================

 Git hash:   b27a5f96910dca04bf09adb1496985de0081c8b6
 Git date:   Tue, 11 May 2021 09:58:05 -0400
 Compiler:   AppleClang 10.0.1.10010046
 Build type: Release
 Version:    1.2.0

 Start time: Mon May 24 15:44:29 2021

 Data directory: /Users/of15641/qcore/cmake-build-release/share/entos/1.2.0/data
 Number of threads: 2
 Number of threads was determined by: number of physical cores

 --------------------------------------------------------------------------------
                                  command: bchla                                 
 --------------------------------------------------------------------------------
 XTB basis setup:                        reference basis
 Number of basis functions:            404
 GFN version:                            gfn1
 Integral screening threshold:           1.00e-10
 Total charge:                           0.000000000
 Number of electrons:                  344.000000000
 Electronic temperature (Kelvin):        0.000000000

 D3BJ energy:                           -0.093884918
 Repulsive energy:                       2.494470239

 ------------------------------------------------
  Running self-consistent charge (SCC) algorithm 
 ------------------------------------------------
 Broyden mixing factor:                  0.40
 Max number of iterations:             128
 Conv. threshold (charge):               1.00e-05
 Conv. threshold (energy):               1.00e-06
 Initial guess:                          SAD

 ---------------------------------------------------------------
                  energy        change          grad        time
 ---------------------------------------------------------------
   0      -201.624996436                    6.42e-01        0.03
   1      -202.211308007     -5.86e-01      3.74e-01        0.02
   2      -202.191781305      1.95e-02      5.85e-02        0.02
   3      -202.211941019     -2.02e-02      1.27e-02        0.02
   4      -202.227983641     -1.60e-02      2.32e-03        0.02
   5      -202.228444626     -4.61e-04      6.02e-04        0.02
   6      -202.228455924     -1.13e-05      1.40e-04        0.02
   7      -202.228456442     -5.18e-07      3.32e-05        0.02
   8      -202.228456456     -1.42e-08      1.44e-05        0.02
   9      -202.228456457     -8.46e-10      5.19e-06        0.02
  10      -202.228456457     -2.44e-10      1.62e-06        0.02

 SCF converged in 9 iterations.

 Entropy contribution (-ST):             0.000000000
 Dipole moment (in Debye):              -2.092682      -0.569219      -5.092336
 Setting up Delta-SCF
 Ground-Excited state overlap:          -0.000000000
 No correction applied to the TDM.
 Excitation energy:                      0.111025439
 Excitation energy (in eV):              3.021156110
 Transition dipole:                     -1.96794      -0.70626      -2.83246
 Saving results in set 'frame_1055'

 --------------------------------------------------------------------------------

 End time:                               Mon May 24 15:44:30 2021
 Total wall-clock time:                  0.511 seconds
==================================================================================
