
================================================================================
          _____________ ________ _______________ ________     _________         
         / ___________// ______ \\_____   _____// ______ \   / ________)        
        / /_________  / /      \ \     | |     / /      \ \ | (_______          
       |  __________|| |        | |    | |    | |        | | \________ \        
        \ \_________ | |        | |    | |     \ \______/ /___________) |       
         \__________||_|        |_|    |_|      \________//____________/        
                                                                                
====================================[ Qcore ]===================================

 Git hash:   b27a5f96910dca04bf09adb1496985de0081c8b6
 Git date:   Tue, 11 May 2021 09:58:05 -0400
 Compiler:   AppleClang 10.0.1.10010046
 Build type: Release
 Version:    1.2.0

 Start time: Mon May 24 15:46:33 2021

 Data directory: /Users/of15641/qcore/cmake-build-release/share/entos/1.2.0/data
 Number of threads: 2
 Number of threads was determined by: number of physical cores

 --------------------------------------------------------------------------------
                                  command: bchla                                 
 --------------------------------------------------------------------------------
 XTB basis setup:                        reference basis
 Number of basis functions:            404
 GFN version:                            gfn1
 Integral screening threshold:           1.00e-10
 Total charge:                           0.000000000
 Number of electrons:                  344.000000000
 Electronic temperature (Kelvin):        0.000000000

 D3BJ energy:                           -0.101154013
 Repulsive energy:                       2.516596369

 ------------------------------------------------
  Running self-consistent charge (SCC) algorithm 
 ------------------------------------------------
 Broyden mixing factor:                  0.40
 Max number of iterations:             128
 Conv. threshold (charge):               1.00e-05
 Conv. threshold (energy):               1.00e-06
 Initial guess:                          SAD

 ---------------------------------------------------------------
                  energy        change          grad        time
 ---------------------------------------------------------------
   0      -201.684056713                    6.43e-01        0.03
   1      -202.302761862     -6.19e-01      3.75e-01        0.02
   2      -202.294707659      8.05e-03      5.94e-02        0.02
   3      -202.310278731     -1.56e-02      9.64e-03        0.02
   4      -202.317450210     -7.17e-03      2.63e-03        0.02
   5      -202.318058310     -6.08e-04      7.12e-04        0.02
   6      -202.318085286     -2.70e-05      1.49e-04        0.02
   7      -202.318085972     -6.86e-07      3.54e-05        0.02
   8      -202.318086000     -2.79e-08      1.42e-05        0.02
   9      -202.318086001     -1.57e-09      4.21e-06        0.02
  10      -202.318086001     -2.03e-10      1.58e-06        0.02

 SCF converged in 9 iterations.

 Entropy contribution (-ST):             0.000000000
 Dipole moment (in Debye):              -0.264117       6.083242       0.684683
 Setting up Delta-SCF
 Ground-Excited state overlap:           0.000000000
 No correction applied to the TDM.
 Excitation energy:                      0.106765560
 Excitation energy (in eV):              2.905238897
 Transition dipole:                      2.26797      -2.65348       0.70535
 Saving results in set 'frame_1233'

 --------------------------------------------------------------------------------

 End time:                               Mon May 24 15:46:34 2021
 Total wall-clock time:                  0.539 seconds
==================================================================================
