
================================================================================
          _____________ ________ _______________ ________     _________         
         / ___________// ______ \\_____   _____// ______ \   / ________)        
        / /_________  / /      \ \     | |     / /      \ \ | (_______          
       |  __________|| |        | |    | |    | |        | | \________ \        
        \ \_________ | |        | |    | |     \ \______/ /___________) |       
         \__________||_|        |_|    |_|      \________//____________/        
                                                                                
====================================[ Qcore ]===================================

 Git hash:   b27a5f96910dca04bf09adb1496985de0081c8b6
 Git date:   Tue, 11 May 2021 09:58:05 -0400
 Compiler:   AppleClang 10.0.1.10010046
 Build type: Release
 Version:    1.2.0

 Start time: Mon May 24 15:52:13 2021

 Data directory: /Users/of15641/qcore/cmake-build-release/share/entos/1.2.0/data
 Number of threads: 2
 Number of threads was determined by: number of physical cores

 --------------------------------------------------------------------------------
                                  command: bchla                                 
 --------------------------------------------------------------------------------
 XTB basis setup:                        reference basis
 Number of basis functions:            404
 GFN version:                            gfn1
 Integral screening threshold:           1.00e-10
 Total charge:                           0.000000000
 Number of electrons:                  344.000000000
 Electronic temperature (Kelvin):        0.000000000

 D3BJ energy:                           -0.097931002
 Repulsive energy:                       2.439022201

 ------------------------------------------------
  Running self-consistent charge (SCC) algorithm 
 ------------------------------------------------
 Broyden mixing factor:                  0.40
 Max number of iterations:             128
 Conv. threshold (charge):               1.00e-05
 Conv. threshold (energy):               1.00e-06
 Initial guess:                          SAD

 ---------------------------------------------------------------
                  energy        change          grad        time
 ---------------------------------------------------------------
   0      -201.732056298                    6.42e-01        0.03
   1      -202.315251879     -5.83e-01      3.74e-01        0.03
   2      -202.302286982      1.30e-02      5.76e-02        0.03
   3      -202.320329811     -1.80e-02      1.15e-02        0.02
   4      -202.331304063     -1.10e-02      3.13e-03        0.02
   5      -202.332211090     -9.07e-04      7.18e-04        0.03
   6      -202.332239246     -2.82e-05      2.07e-04        0.03
   7      -202.332241361     -2.12e-06      6.23e-05        0.02
   8      -202.332241778     -4.17e-07      2.14e-05        0.02
   9      -202.332241793     -1.49e-08      8.94e-06        0.02
  10      -202.332241794     -6.86e-10      2.91e-06        0.02

 SCF converged in 9 iterations.

 Entropy contribution (-ST):             0.000000000
 Dipole moment (in Debye):              -1.515337       3.623850       2.096050
 Setting up Delta-SCF
 Ground-Excited state overlap:           0.000000000
 No correction applied to the TDM.
 Excitation energy:                      0.107591629
 Excitation energy (in eV):              2.927717381
 Transition dipole:                      1.61848       2.52488       1.88005
 Saving results in set 'frame_1687'

 --------------------------------------------------------------------------------

 End time:                               Mon May 24 15:52:14 2021
 Total wall-clock time:                  0.654 seconds
==================================================================================
