
================================================================================
          _____________ ________ _______________ ________     _________         
         / ___________// ______ \\_____   _____// ______ \   / ________)        
        / /_________  / /      \ \     | |     / /      \ \ | (_______          
       |  __________|| |        | |    | |    | |        | | \________ \        
        \ \_________ | |        | |    | |     \ \______/ /___________) |       
         \__________||_|        |_|    |_|      \________//____________/        
                                                                                
====================================[ Qcore ]===================================

 Git hash:   b27a5f96910dca04bf09adb1496985de0081c8b6
 Git date:   Tue, 11 May 2021 09:58:05 -0400
 Compiler:   AppleClang 10.0.1.10010046
 Build type: Release
 Version:    1.2.0

 Start time: Mon May 24 15:55:38 2021

 Data directory: /Users/of15641/qcore/cmake-build-release/share/entos/1.2.0/data
 Number of threads: 2
 Number of threads was determined by: number of physical cores

 --------------------------------------------------------------------------------
                                  command: bchla                                 
 --------------------------------------------------------------------------------
 XTB basis setup:                        reference basis
 Number of basis functions:            404
 GFN version:                            gfn1
 Integral screening threshold:           1.00e-10
 Total charge:                           0.000000000
 Number of electrons:                  344.000000000
 Electronic temperature (Kelvin):        0.000000000

 D3BJ energy:                           -0.094837756
 Repulsive energy:                       2.520880399

 ------------------------------------------------
  Running self-consistent charge (SCC) algorithm 
 ------------------------------------------------
 Broyden mixing factor:                  0.40
 Max number of iterations:             128
 Conv. threshold (charge):               1.00e-05
 Conv. threshold (energy):               1.00e-06
 Initial guess:                          SAD

 ---------------------------------------------------------------
                  energy        change          grad        time
 ---------------------------------------------------------------
   0      -201.671096827                    6.43e-01        0.03
   1      -202.268248684     -5.97e-01      3.75e-01        0.02
   2      -202.251320572      1.69e-02      5.82e-02        0.03
   3      -202.270248303     -1.89e-02      1.22e-02        0.02
   4      -202.284361770     -1.41e-02      2.52e-03        0.03
   5      -202.284934977     -5.73e-04      6.72e-04        0.02
   6      -202.284956557     -2.16e-05      1.82e-04        0.03
   7      -202.284957955     -1.40e-06      5.84e-05        0.02
   8      -202.284958265     -3.10e-07      2.02e-05        0.03
   9      -202.284958275     -1.01e-08      7.69e-06        0.02
  10      -202.284958276     -4.22e-10      2.56e-06        0.03

 SCF converged in 9 iterations.

 Entropy contribution (-ST):             0.000000000
 Dipole moment (in Debye):              -2.653049       3.552847       2.307358
 Setting up Delta-SCF
 Ground-Excited state overlap:           0.000000000
 No correction applied to the TDM.
 Excitation energy:                      0.109324900
 Excitation energy (in eV):              2.974882089
 Transition dipole:                     -1.33499      -2.26814      -2.12495
 Saving results in set 'frame_1941'

 --------------------------------------------------------------------------------

 End time:                               Mon May 24 15:55:39 2021
 Total wall-clock time:                  0.675 seconds
==================================================================================
