
================================================================================
          _____________ ________ _______________ ________     _________         
         / ___________// ______ \\_____   _____// ______ \   / ________)        
        / /_________  / /      \ \     | |     / /      \ \ | (_______          
       |  __________|| |        | |    | |    | |        | | \________ \        
        \ \_________ | |        | |    | |     \ \______/ /___________) |       
         \__________||_|        |_|    |_|      \________//____________/        
                                                                                
====================================[ Qcore ]===================================

 Git hash:   b27a5f96910dca04bf09adb1496985de0081c8b6
 Git date:   Tue, 11 May 2021 09:58:05 -0400
 Compiler:   AppleClang 10.0.1.10010046
 Build type: Release
 Version:    1.2.0

 Start time: Mon May 24 15:44:02 2021

 Data directory: /Users/of15641/qcore/cmake-build-release/share/entos/1.2.0/data
 Number of threads: 2
 Number of threads was determined by: number of physical cores

 --------------------------------------------------------------------------------
                                  command: bchla                                 
 --------------------------------------------------------------------------------
 XTB basis setup:                        reference basis
 Number of basis functions:            404
 GFN version:                            gfn1
 Integral screening threshold:           1.00e-10
 Total charge:                           0.000000000
 Number of electrons:                  344.000000000
 Electronic temperature (Kelvin):        0.000000000

 D3BJ energy:                           -0.098532372
 Repulsive energy:                       2.478493640

 ------------------------------------------------
  Running self-consistent charge (SCC) algorithm 
 ------------------------------------------------
 Broyden mixing factor:                  0.40
 Max number of iterations:             128
 Conv. threshold (charge):               1.00e-05
 Conv. threshold (energy):               1.00e-06
 Initial guess:                          SAD

 ---------------------------------------------------------------
                  energy        change          grad        time
 ---------------------------------------------------------------
   0      -201.706147732                    6.41e-01        0.04
   1      -202.301856882     -5.96e-01      3.74e-01        0.03
   2      -202.286889737      1.50e-02      5.89e-02        0.02
   3      -202.307407764     -2.05e-02      1.12e-02        0.04
   4      -202.318739992     -1.13e-02      2.28e-03        0.03
   5      -202.319201106     -4.61e-04      6.61e-04        0.04
   6      -202.319219775     -1.87e-05      1.48e-04        0.07
   7      -202.319220495     -7.20e-07      4.33e-05        0.05
   8      -202.319220605     -1.10e-07      1.89e-05        0.04
   9      -202.319220616     -1.09e-08      6.89e-06        0.04
  10      -202.319220617     -6.52e-10      2.57e-06        0.04

 SCF converged in 9 iterations.

 Entropy contribution (-ST):             0.000000000
 Dipole moment (in Debye):               0.413876       0.431896      -4.549773
 Setting up Delta-SCF
 Ground-Excited state overlap:           0.000000000
 No correction applied to the TDM.
 Excitation energy:                      0.110302938
 Excitation energy (in eV):              3.001495842
 Transition dipole:                      2.01825      -0.88056       2.63905
 Saving results in set 'frame_1011'

 --------------------------------------------------------------------------------

 End time:                               Mon May 24 15:44:02 2021
 Total wall-clock time:                  0.806 seconds
==================================================================================
