
================================================================================
          _____________ ________ _______________ ________     _________         
         / ___________// ______ \\_____   _____// ______ \   / ________)        
        / /_________  / /      \ \     | |     / /      \ \ | (_______          
       |  __________|| |        | |    | |    | |        | | \________ \        
        \ \_________ | |        | |    | |     \ \______/ /___________) |       
         \__________||_|        |_|    |_|      \________//____________/        
                                                                                
====================================[ Qcore ]===================================

 Git hash:   b27a5f96910dca04bf09adb1496985de0081c8b6
 Git date:   Tue, 11 May 2021 09:58:05 -0400
 Compiler:   AppleClang 10.0.1.10010046
 Build type: Release
 Version:    1.2.0

 Start time: Mon May 24 15:54:53 2021

 Data directory: /Users/of15641/qcore/cmake-build-release/share/entos/1.2.0/data
 Number of threads: 2
 Number of threads was determined by: number of physical cores

 --------------------------------------------------------------------------------
                                  command: bchla                                 
 --------------------------------------------------------------------------------
 XTB basis setup:                        reference basis
 Number of basis functions:            404
 GFN version:                            gfn1
 Integral screening threshold:           1.00e-10
 Total charge:                           0.000000000
 Number of electrons:                  344.000000000
 Electronic temperature (Kelvin):        0.000000000

 D3BJ energy:                           -0.095062669
 Repulsive energy:                       2.587975756

 ------------------------------------------------
  Running self-consistent charge (SCC) algorithm 
 ------------------------------------------------
 Broyden mixing factor:                  0.40
 Max number of iterations:             128
 Conv. threshold (charge):               1.00e-05
 Conv. threshold (energy):               1.00e-06
 Initial guess:                          SAD

 ---------------------------------------------------------------
                  energy        change          grad        time
 ---------------------------------------------------------------
   0      -201.667093542                    6.44e-01        0.02
   1      -202.259301985     -5.92e-01      3.76e-01        0.02
   2      -202.242990612      1.63e-02      5.81e-02        0.02
   3      -202.262364454     -1.94e-02      1.20e-02        0.02
   4      -202.276463381     -1.41e-02      2.38e-03        0.02
   5      -202.276922392     -4.59e-04      6.64e-04        0.02
   6      -202.276939685     -1.73e-05      1.88e-04        0.02
   7      -202.276941528     -1.84e-06      6.02e-05        0.02
   8      -202.276941891     -3.63e-07      2.11e-05        0.02
   9      -202.276941898     -6.94e-09      7.70e-06        0.02
  10      -202.276941899     -5.37e-10      2.47e-06        0.02

 SCF converged in 9 iterations.

 Entropy contribution (-ST):             0.000000000
 Dipole moment (in Debye):              -0.211239       3.245089       0.756369
 Setting up Delta-SCF
 Ground-Excited state overlap:           0.000000000
 No correction applied to the TDM.
 Excitation energy:                      0.111874929
 Excitation energy (in eV):              3.044271909
 Transition dipole:                      2.93531       1.53085       1.35191
 Saving results in set 'frame_1885'

 --------------------------------------------------------------------------------

 End time:                               Mon May 24 15:54:53 2021
 Total wall-clock time:                  0.484 seconds
==================================================================================
