
================================================================================
          _____________ ________ _______________ ________     _________         
         / ___________// ______ \\_____   _____// ______ \   / ________)        
        / /_________  / /      \ \     | |     / /      \ \ | (_______          
       |  __________|| |        | |    | |    | |        | | \________ \        
        \ \_________ | |        | |    | |     \ \______/ /___________) |       
         \__________||_|        |_|    |_|      \________//____________/        
                                                                                
====================================[ Qcore ]===================================

 Git hash:   b27a5f96910dca04bf09adb1496985de0081c8b6
 Git date:   Tue, 11 May 2021 09:58:05 -0400
 Compiler:   AppleClang 10.0.1.10010046
 Build type: Release
 Version:    1.2.0

 Start time: Mon May 24 16:07:33 2021

 Data directory: /Users/of15641/qcore/cmake-build-release/share/entos/1.2.0/data
 Number of threads: 2
 Number of threads was determined by: number of physical cores

 --------------------------------------------------------------------------------
                                  command: bchla                                 
 --------------------------------------------------------------------------------
 XTB basis setup:                        reference basis
 Number of basis functions:            404
 GFN version:                            gfn1
 Integral screening threshold:           1.00e-10
 Total charge:                           0.000000000
 Number of electrons:                  344.000000000
 Electronic temperature (Kelvin):        0.000000000

 D3BJ energy:                           -0.097353760
 Repulsive energy:                       2.543019142

 ------------------------------------------------
  Running self-consistent charge (SCC) algorithm 
 ------------------------------------------------
 Broyden mixing factor:                  0.40
 Max number of iterations:             128
 Conv. threshold (charge):               1.00e-05
 Conv. threshold (energy):               1.00e-06
 Initial guess:                          SAD

 ---------------------------------------------------------------
                  energy        change          grad        time
 ---------------------------------------------------------------
   0      -201.714471989                    6.43e-01        0.02
   1      -202.302395204     -5.88e-01      3.75e-01        0.02
   2      -202.295024360      7.37e-03      5.70e-02        0.02
   3      -202.310368379     -1.53e-02      9.25e-03        0.02
   4      -202.316943442     -6.58e-03      2.50e-03        0.02
   5      -202.317478836     -5.35e-04      7.25e-04        0.02
   6      -202.317508278     -2.94e-05      1.58e-04        0.02
   7      -202.317509086     -8.09e-07      4.49e-05        0.02
   8      -202.317509212     -1.26e-07      1.80e-05        0.02
   9      -202.317509222     -9.87e-09      6.57e-06        0.02
  10      -202.317509223     -1.24e-09      2.48e-06        0.02

 SCF converged in 9 iterations.

 Entropy contribution (-ST):             0.000000000
 Dipole moment (in Debye):              -0.673567       0.748768      -4.943407
 Setting up Delta-SCF
 Ground-Excited state overlap:           0.000000000
 No correction applied to the TDM.
 Excitation energy:                      0.113812927
 Excitation energy (in eV):              3.097007508
 Transition dipole:                     -2.33444      -1.00759       1.33692
 Saving results in set 'frame_956'

 --------------------------------------------------------------------------------

 End time:                               Mon May 24 16:07:33 2021
 Total wall-clock time:                  0.559 seconds
==================================================================================
