
================================================================================
          _____________ ________ _______________ ________     _________         
         / ___________// ______ \\_____   _____// ______ \   / ________)        
        / /_________  / /      \ \     | |     / /      \ \ | (_______          
       |  __________|| |        | |    | |    | |        | | \________ \        
        \ \_________ | |        | |    | |     \ \______/ /___________) |       
         \__________||_|        |_|    |_|      \________//____________/        
                                                                                
====================================[ Qcore ]===================================

 Git hash:   b27a5f96910dca04bf09adb1496985de0081c8b6
 Git date:   Tue, 11 May 2021 09:58:05 -0400
 Compiler:   AppleClang 10.0.1.10010046
 Build type: Release
 Version:    1.2.0

 Start time: Mon May 24 15:51:20 2021

 Data directory: /Users/of15641/qcore/cmake-build-release/share/entos/1.2.0/data
 Number of threads: 2
 Number of threads was determined by: number of physical cores

 --------------------------------------------------------------------------------
                                  command: bchla                                 
 --------------------------------------------------------------------------------
 XTB basis setup:                        reference basis
 Number of basis functions:            404
 GFN version:                            gfn1
 Integral screening threshold:           1.00e-10
 Total charge:                           0.000000000
 Number of electrons:                  344.000000000
 Electronic temperature (Kelvin):        0.000000000

 D3BJ energy:                           -0.096009445
 Repulsive energy:                       2.528410764

 ------------------------------------------------
  Running self-consistent charge (SCC) algorithm 
 ------------------------------------------------
 Broyden mixing factor:                  0.40
 Max number of iterations:             128
 Conv. threshold (charge):               1.00e-05
 Conv. threshold (energy):               1.00e-06
 Initial guess:                          SAD

 ---------------------------------------------------------------
                  energy        change          grad        time
 ---------------------------------------------------------------
   0      -201.652144048                    6.43e-01        0.04
   1      -202.281581696     -6.29e-01      3.75e-01        0.03
   2      -202.277244615      4.34e-03      5.96e-02        0.03
   3      -202.293414442     -1.62e-02      7.34e-03        0.03
   4      -202.296828064     -3.41e-03      1.76e-03        0.03
   5      -202.297051404     -2.23e-04      6.89e-04        0.03
   6      -202.297082347     -3.09e-05      1.42e-04        0.02
   7      -202.297083192     -8.45e-07      3.41e-05        0.03
   8      -202.297083239     -4.71e-08      1.49e-05        0.02
   9      -202.297083244     -4.51e-09      5.51e-06        0.03
  10      -202.297083245     -8.52e-10      2.08e-06        0.02

 SCF converged in 9 iterations.

 Entropy contribution (-ST):             0.000000000
 Dipole moment (in Debye):              -4.241730       5.847575      -1.237143
 Setting up Delta-SCF
 Ground-Excited state overlap:           0.000000000
 No correction applied to the TDM.
 Excitation energy:                      0.113731073
 Excitation energy (in eV):              3.094780160
 Transition dipole:                     -0.02936      -2.51782      -1.99634
 Saving results in set 'frame_1626'

 --------------------------------------------------------------------------------

 End time:                               Mon May 24 15:51:21 2021
 Total wall-clock time:                  0.686 seconds
==================================================================================
