
================================================================================
          _____________ ________ _______________ ________     _________         
         / ___________// ______ \\_____   _____// ______ \   / ________)        
        / /_________  / /      \ \     | |     / /      \ \ | (_______          
       |  __________|| |        | |    | |    | |        | | \________ \        
        \ \_________ | |        | |    | |     \ \______/ /___________) |       
         \__________||_|        |_|    |_|      \________//____________/        
                                                                                
====================================[ Qcore ]===================================

 Git hash:   b27a5f96910dca04bf09adb1496985de0081c8b6
 Git date:   Tue, 11 May 2021 09:58:05 -0400
 Compiler:   AppleClang 10.0.1.10010046
 Build type: Release
 Version:    1.2.0

 Start time: Mon May 24 15:49:00 2021

 Data directory: /Users/of15641/qcore/cmake-build-release/share/entos/1.2.0/data
 Number of threads: 2
 Number of threads was determined by: number of physical cores

 --------------------------------------------------------------------------------
                                  command: bchla                                 
 --------------------------------------------------------------------------------
 XTB basis setup:                        reference basis
 Number of basis functions:            404
 GFN version:                            gfn1
 Integral screening threshold:           1.00e-10
 Total charge:                           0.000000000
 Number of electrons:                  344.000000000
 Electronic temperature (Kelvin):        0.000000000

 D3BJ energy:                           -0.102419442
 Repulsive energy:                       2.578239980

 ------------------------------------------------
  Running self-consistent charge (SCC) algorithm 
 ------------------------------------------------
 Broyden mixing factor:                  0.40
 Max number of iterations:             128
 Conv. threshold (charge):               1.00e-05
 Conv. threshold (energy):               1.00e-06
 Initial guess:                          SAD

 ---------------------------------------------------------------
                  energy        change          grad        time
 ---------------------------------------------------------------
   0      -201.668377182                    6.43e-01        0.02
   1      -202.260046350     -5.92e-01      3.75e-01        0.02
   2      -202.243061513      1.70e-02      5.88e-02        0.02
   3      -202.262489295     -1.94e-02      1.23e-02        0.02
   4      -202.276633655     -1.41e-02      2.26e-03        0.02
   5      -202.277066562     -4.33e-04      6.21e-04        0.02
   6      -202.277081537     -1.50e-05      1.49e-04        0.02
   7      -202.277082252     -7.16e-07      4.47e-05        0.02
   8      -202.277082365     -1.13e-07      1.97e-05        0.02
   9      -202.277082377     -1.17e-08      6.76e-06        0.02
  10      -202.277082377     -8.51e-10      2.63e-06        0.02

 SCF converged in 9 iterations.

 Entropy contribution (-ST):             0.000000000
 Dipole moment (in Debye):              -4.513236       3.213533      -0.546367
 Setting up Delta-SCF
 Ground-Excited state overlap:          -0.000000000
 No correction applied to the TDM.
 Excitation energy:                      0.114025291
 Excitation energy (in eV):              3.102786229
 Transition dipole:                     -2.73461       0.59499       1.75977
 Saving results in set 'frame_1454'

 --------------------------------------------------------------------------------

 End time:                               Mon May 24 15:49:00 2021
 Total wall-clock time:                  0.524 seconds
==================================================================================
