
================================================================================
          _____________ ________ _______________ ________     _________         
         / ___________// ______ \\_____   _____// ______ \   / ________)        
        / /_________  / /      \ \     | |     / /      \ \ | (_______          
       |  __________|| |        | |    | |    | |        | | \________ \        
        \ \_________ | |        | |    | |     \ \______/ /___________) |       
         \__________||_|        |_|    |_|      \________//____________/        
                                                                                
====================================[ Qcore ]===================================

 Git hash:   b27a5f96910dca04bf09adb1496985de0081c8b6
 Git date:   Tue, 11 May 2021 09:58:05 -0400
 Compiler:   AppleClang 10.0.1.10010046
 Build type: Release
 Version:    1.2.0

 Start time: Mon May 24 15:57:44 2021

 Data directory: /Users/of15641/qcore/cmake-build-release/share/entos/1.2.0/data
 Number of threads: 2
 Number of threads was determined by: number of physical cores

 --------------------------------------------------------------------------------
                                  command: bchla                                 
 --------------------------------------------------------------------------------
 XTB basis setup:                        reference basis
 Number of basis functions:            404
 GFN version:                            gfn1
 Integral screening threshold:           1.00e-10
 Total charge:                           0.000000000
 Number of electrons:                  344.000000000
 Electronic temperature (Kelvin):        0.000000000

 D3BJ energy:                           -0.095994897
 Repulsive energy:                       2.504703100

 ------------------------------------------------
  Running self-consistent charge (SCC) algorithm 
 ------------------------------------------------
 Broyden mixing factor:                  0.40
 Max number of iterations:             128
 Conv. threshold (charge):               1.00e-05
 Conv. threshold (energy):               1.00e-06
 Initial guess:                          SAD

 ---------------------------------------------------------------
                  energy        change          grad        time
 ---------------------------------------------------------------
   0      -201.585979666                    6.42e-01        0.04
   1      -202.225539417     -6.40e-01      3.75e-01        0.03
   2      -202.213744147      1.18e-02      6.22e-02        0.03
   3      -202.235579162     -2.18e-02      9.83e-03        0.03
   4      -202.242289941     -6.71e-03      2.38e-03        0.02
   5      -202.242773621     -4.84e-04      7.44e-04        0.03
   6      -202.242803271     -2.96e-05      1.68e-04        0.02
   7      -202.242804344     -1.07e-06      4.52e-05        0.03
   8      -202.242804465     -1.21e-07      1.79e-05        0.03
   9      -202.242804473     -7.99e-09      7.17e-06        0.03
  10      -202.242804474     -8.12e-10      2.60e-06        0.03

 SCF converged in 9 iterations.

 Entropy contribution (-ST):             0.000000000
 Dipole moment (in Debye):               2.153987      -2.143204       2.702948
 Setting up Delta-SCF
 Ground-Excited state overlap:           0.000000000
 No correction applied to the TDM.
 Excitation energy:                      0.112380761
 Excitation energy (in eV):              3.058036302
 Transition dipole:                     -1.02172       2.81897       0.55134
 Saving results in set 'frame_288'

 --------------------------------------------------------------------------------

 End time:                               Mon May 24 15:57:45 2021
 Total wall-clock time:                  0.696 seconds
==================================================================================
