
================================================================================
          _____________ ________ _______________ ________     _________         
         / ___________// ______ \\_____   _____// ______ \   / ________)        
        / /_________  / /      \ \     | |     / /      \ \ | (_______          
       |  __________|| |        | |    | |    | |        | | \________ \        
        \ \_________ | |        | |    | |     \ \______/ /___________) |       
         \__________||_|        |_|    |_|      \________//____________/        
                                                                                
====================================[ Qcore ]===================================

 Git hash:   b27a5f96910dca04bf09adb1496985de0081c8b6
 Git date:   Tue, 11 May 2021 09:58:05 -0400
 Compiler:   AppleClang 10.0.1.10010046
 Build type: Release
 Version:    1.2.0

 Start time: Mon May 24 15:44:08 2021

 Data directory: /Users/of15641/qcore/cmake-build-release/share/entos/1.2.0/data
 Number of threads: 2
 Number of threads was determined by: number of physical cores

 --------------------------------------------------------------------------------
                                  command: bchla                                 
 --------------------------------------------------------------------------------
 XTB basis setup:                        reference basis
 Number of basis functions:            404
 GFN version:                            gfn1
 Integral screening threshold:           1.00e-10
 Total charge:                           0.000000000
 Number of electrons:                  344.000000000
 Electronic temperature (Kelvin):        0.000000000

 D3BJ energy:                           -0.098156989
 Repulsive energy:                       2.576686113

 ------------------------------------------------
  Running self-consistent charge (SCC) algorithm 
 ------------------------------------------------
 Broyden mixing factor:                  0.40
 Max number of iterations:             128
 Conv. threshold (charge):               1.00e-05
 Conv. threshold (energy):               1.00e-06
 Initial guess:                          SAD

 ---------------------------------------------------------------
                  energy        change          grad        time
 ---------------------------------------------------------------
   0      -201.657590497                    6.44e-01        0.02
   1      -202.258666263     -6.01e-01      3.76e-01        0.02
   2      -202.250374666      8.29e-03      5.79e-02        0.02
   3      -202.267482659     -1.71e-02      9.09e-03        0.02
   4      -202.274182815     -6.70e-03      2.09e-03        0.02
   5      -202.274561943     -3.79e-04      6.53e-04        0.02
   6      -202.274583871     -2.19e-05      1.55e-04        0.02
   7      -202.274584545     -6.73e-07      4.56e-05        0.02
   8      -202.274584714     -1.70e-07      1.76e-05        0.02
   9      -202.274584728     -1.36e-08      5.83e-06        0.02
  10      -202.274584729     -7.63e-10      2.21e-06        0.02

 SCF converged in 9 iterations.

 Entropy contribution (-ST):             0.000000000
 Dipole moment (in Debye):               1.551659       4.385917      -1.075972
 Setting up Delta-SCF
 Ground-Excited state overlap:          -0.000000000
 No correction applied to the TDM.
 Excitation energy:                      0.111209918
 Excitation energy (in eV):              3.026176027
 Transition dipole:                      2.09372       0.55780      -2.48535
 Saving results in set 'frame_102'

 --------------------------------------------------------------------------------

 End time:                               Mon May 24 15:44:08 2021
 Total wall-clock time:                  0.507 seconds
==================================================================================
