
================================================================================
          _____________ ________ _______________ ________     _________         
         / ___________// ______ \\_____   _____// ______ \   / ________)        
        / /_________  / /      \ \     | |     / /      \ \ | (_______          
       |  __________|| |        | |    | |    | |        | | \________ \        
        \ \_________ | |        | |    | |     \ \______/ /___________) |       
         \__________||_|        |_|    |_|      \________//____________/        
                                                                                
====================================[ Qcore ]===================================

 Git hash:   b27a5f96910dca04bf09adb1496985de0081c8b6
 Git date:   Tue, 11 May 2021 09:58:05 -0400
 Compiler:   AppleClang 10.0.1.10010046
 Build type: Release
 Version:    1.2.0

 Start time: Mon May 24 16:04:05 2021

 Data directory: /Users/of15641/qcore/cmake-build-release/share/entos/1.2.0/data
 Number of threads: 2
 Number of threads was determined by: number of physical cores

 --------------------------------------------------------------------------------
                                  command: bchla                                 
 --------------------------------------------------------------------------------
 XTB basis setup:                        reference basis
 Number of basis functions:            404
 GFN version:                            gfn1
 Integral screening threshold:           1.00e-10
 Total charge:                           0.000000000
 Number of electrons:                  344.000000000
 Electronic temperature (Kelvin):        0.000000000

 D3BJ energy:                           -0.096647229
 Repulsive energy:                       2.553702609

 ------------------------------------------------
  Running self-consistent charge (SCC) algorithm 
 ------------------------------------------------
 Broyden mixing factor:                  0.40
 Max number of iterations:             128
 Conv. threshold (charge):               1.00e-05
 Conv. threshold (energy):               1.00e-06
 Initial guess:                          SAD

 ---------------------------------------------------------------
                  energy        change          grad        time
 ---------------------------------------------------------------
   0      -201.654901633                    6.43e-01        0.04
   1      -202.271180073     -6.16e-01      3.75e-01        0.04
   2      -202.260411041      1.08e-02      5.94e-02        0.04
   3      -202.278715283     -1.83e-02      1.03e-02        0.04
   4      -202.287340714     -8.63e-03      2.21e-03        0.05
   5      -202.287755823     -4.15e-04      6.62e-04        0.04
   6      -202.287778876     -2.31e-05      1.54e-04        0.04
   7      -202.287779691     -8.15e-07      4.82e-05        0.04
   8      -202.287779848     -1.57e-07      1.82e-05        0.05
   9      -202.287779855     -7.44e-09      6.57e-06        0.05
  10      -202.287779856     -5.58e-10      2.45e-06        0.04

 SCF converged in 9 iterations.

 Entropy contribution (-ST):             0.000000000
 Dipole moment (in Debye):               1.739475       4.595959      -3.689049
 Setting up Delta-SCF
 Ground-Excited state overlap:           0.000000000
 No correction applied to the TDM.
 Excitation energy:                      0.116176826
 Excitation energy (in eV):              3.161332493
 Transition dipole:                     -1.19202       0.59822       2.91010
 Saving results in set 'frame_71'

 --------------------------------------------------------------------------------

 End time:                               Mon May 24 16:04:06 2021
 Total wall-clock time:                  1.003 seconds
==================================================================================
