
================================================================================
          _____________ ________ _______________ ________     _________         
         / ___________// ______ \\_____   _____// ______ \   / ________)        
        / /_________  / /      \ \     | |     / /      \ \ | (_______          
       |  __________|| |        | |    | |    | |        | | \________ \        
        \ \_________ | |        | |    | |     \ \______/ /___________) |       
         \__________||_|        |_|    |_|      \________//____________/        
                                                                                
====================================[ Qcore ]===================================

 Git hash:   b27a5f96910dca04bf09adb1496985de0081c8b6
 Git date:   Tue, 11 May 2021 09:58:05 -0400
 Compiler:   AppleClang 10.0.1.10010046
 Build type: Release
 Version:    1.2.0

 Start time: Mon May 24 16:07:39 2021

 Data directory: /Users/of15641/qcore/cmake-build-release/share/entos/1.2.0/data
 Number of threads: 2
 Number of threads was determined by: number of physical cores

 --------------------------------------------------------------------------------
                                  command: bchla                                 
 --------------------------------------------------------------------------------
 XTB basis setup:                        reference basis
 Number of basis functions:            404
 GFN version:                            gfn1
 Integral screening threshold:           1.00e-10
 Total charge:                           0.000000000
 Number of electrons:                  344.000000000
 Electronic temperature (Kelvin):        0.000000000

 D3BJ energy:                           -0.101110538
 Repulsive energy:                       2.627384417

 ------------------------------------------------
  Running self-consistent charge (SCC) algorithm 
 ------------------------------------------------
 Broyden mixing factor:                  0.40
 Max number of iterations:             128
 Conv. threshold (charge):               1.00e-05
 Conv. threshold (energy):               1.00e-06
 Initial guess:                          SAD

 ---------------------------------------------------------------
                  energy        change          grad        time
 ---------------------------------------------------------------
   0      -201.737844386                    6.44e-01        0.02
   1      -202.320135389     -5.82e-01      3.76e-01        0.02
   2      -202.313694168      6.44e-03      5.61e-02        0.02
   3      -202.329644530     -1.60e-02      8.52e-03        0.02
   4      -202.335641979     -6.00e-03      2.18e-03        0.02
   5      -202.336064298     -4.22e-04      6.93e-04        0.02
   6      -202.336089591     -2.53e-05      1.45e-04        0.02
   7      -202.336090190     -6.00e-07      3.77e-05        0.02
   8      -202.336090268     -7.73e-08      1.56e-05        0.02
   9      -202.336090277     -9.03e-09      5.90e-06        0.02
  10      -202.336090278     -7.40e-10      2.16e-06        0.02

 SCF converged in 9 iterations.

 Entropy contribution (-ST):             0.000000000
 Dipole moment (in Debye):              -1.900206       0.996396      -6.268994
 Setting up Delta-SCF
 Ground-Excited state overlap:          -0.000000000
 No correction applied to the TDM.
 Excitation energy:                      0.112393211
 Excitation energy (in eV):              3.058375069
 Transition dipole:                     -2.81259      -1.12780      -0.31302
 Saving results in set 'frame_965'

 --------------------------------------------------------------------------------

 End time:                               Mon May 24 16:07:40 2021
 Total wall-clock time:                  0.558 seconds
==================================================================================
