
================================================================================
          _____________ ________ _______________ ________     _________         
         / ___________// ______ \\_____   _____// ______ \   / ________)        
        / /_________  / /      \ \     | |     / /      \ \ | (_______          
       |  __________|| |        | |    | |    | |        | | \________ \        
        \ \_________ | |        | |    | |     \ \______/ /___________) |       
         \__________||_|        |_|    |_|      \________//____________/        
                                                                                
====================================[ Qcore ]===================================

 Git hash:   b27a5f96910dca04bf09adb1496985de0081c8b6
 Git date:   Tue, 11 May 2021 09:58:05 -0400
 Compiler:   AppleClang 10.0.1.10010046
 Build type: Release
 Version:    1.2.0

 Start time: Mon May 24 15:59:02 2021

 Data directory: /Users/of15641/qcore/cmake-build-release/share/entos/1.2.0/data
 Number of threads: 2
 Number of threads was determined by: number of physical cores

 --------------------------------------------------------------------------------
                                  command: bchla                                 
 --------------------------------------------------------------------------------
 XTB basis setup:                        reference basis
 Number of basis functions:            404
 GFN version:                            gfn1
 Integral screening threshold:           1.00e-10
 Total charge:                           0.000000000
 Number of electrons:                  344.000000000
 Electronic temperature (Kelvin):        0.000000000

 D3BJ energy:                           -0.097102026
 Repulsive energy:                       2.459360010

 ------------------------------------------------
  Running self-consistent charge (SCC) algorithm 
 ------------------------------------------------
 Broyden mixing factor:                  0.40
 Max number of iterations:             128
 Conv. threshold (charge):               1.00e-05
 Conv. threshold (energy):               1.00e-06
 Initial guess:                          SAD

 ---------------------------------------------------------------
                  energy        change          grad        time
 ---------------------------------------------------------------
   0      -201.655739081                    6.41e-01        0.02
   1      -202.246534360     -5.91e-01      3.74e-01        0.03
   2      -202.240055798      6.48e-03      5.70e-02        0.02
   3      -202.252560192     -1.25e-02      9.05e-03        0.02
   4      -202.259716256     -7.16e-03      2.21e-03        0.02
   5      -202.260138754     -4.22e-04      6.15e-04        0.02
   6      -202.260154560     -1.58e-05      1.41e-04        0.02
   7      -202.260155205     -6.45e-07      4.23e-05        0.02
   8      -202.260155298     -9.27e-08      1.70e-05        0.02
   9      -202.260155310     -1.28e-08      6.62e-06        0.02
  10      -202.260155312     -1.37e-09      2.39e-06        0.02

 SCF converged in 9 iterations.

 Entropy contribution (-ST):             0.000000000
 Dipole moment (in Debye):               2.362880       1.927543       1.059467
 Setting up Delta-SCF
 Ground-Excited state overlap:          -0.000000000
 No correction applied to the TDM.
 Excitation energy:                      0.110270098
 Excitation energy (in eV):              3.000602235
 Transition dipole:                      1.84194       1.99245       1.80859
 Saving results in set 'frame_391'

 --------------------------------------------------------------------------------

 End time:                               Mon May 24 15:59:03 2021
 Total wall-clock time:                  0.568 seconds
==================================================================================
