
================================================================================
          _____________ ________ _______________ ________     _________         
         / ___________// ______ \\_____   _____// ______ \   / ________)        
        / /_________  / /      \ \     | |     / /      \ \ | (_______          
       |  __________|| |        | |    | |    | |        | | \________ \        
        \ \_________ | |        | |    | |     \ \______/ /___________) |       
         \__________||_|        |_|    |_|      \________//____________/        
                                                                                
====================================[ Qcore ]===================================

 Git hash:   b27a5f96910dca04bf09adb1496985de0081c8b6
 Git date:   Tue, 11 May 2021 09:58:05 -0400
 Compiler:   AppleClang 10.0.1.10010046
 Build type: Release
 Version:    1.2.0

 Start time: Mon May 24 15:45:07 2021

 Data directory: /Users/of15641/qcore/cmake-build-release/share/entos/1.2.0/data
 Number of threads: 2
 Number of threads was determined by: number of physical cores

 --------------------------------------------------------------------------------
                                  command: bchla                                 
 --------------------------------------------------------------------------------
 XTB basis setup:                        reference basis
 Number of basis functions:            404
 GFN version:                            gfn1
 Integral screening threshold:           1.00e-10
 Total charge:                           0.000000000
 Number of electrons:                  344.000000000
 Electronic temperature (Kelvin):        0.000000000

 D3BJ energy:                           -0.095443672
 Repulsive energy:                       2.561945962

 ------------------------------------------------
  Running self-consistent charge (SCC) algorithm 
 ------------------------------------------------
 Broyden mixing factor:                  0.40
 Max number of iterations:             128
 Conv. threshold (charge):               1.00e-05
 Conv. threshold (energy):               1.00e-06
 Initial guess:                          SAD

 ---------------------------------------------------------------
                  energy        change          grad        time
 ---------------------------------------------------------------
   0      -201.732260094                    6.43e-01        0.03
   1      -202.311635738     -5.79e-01      3.76e-01        0.03
   2      -202.303446180      8.19e-03      5.66e-02        0.02
   3      -202.319943811     -1.65e-02      9.04e-03        0.02
   4      -202.326662876     -6.72e-03      2.22e-03        0.02
   5      -202.327084449     -4.22e-04      6.85e-04        0.02
   6      -202.327108524     -2.41e-05      1.47e-04        0.02
   7      -202.327109166     -6.42e-07      4.09e-05        0.03
   8      -202.327109274     -1.07e-07      1.70e-05        0.04
   9      -202.327109283     -9.04e-09      6.58e-06        0.04
  10      -202.327109284     -1.33e-09      2.40e-06        0.04

 SCF converged in 9 iterations.

 Entropy contribution (-ST):             0.000000000
 Dipole moment (in Debye):              -2.207097       0.913338      -3.783817
 Setting up Delta-SCF
 Ground-Excited state overlap:          -0.000000000
 No correction applied to the TDM.
 Excitation energy:                      0.111094152
 Excitation energy (in eV):              3.023025879
 Transition dipole:                     -2.18181       0.54759      -2.77073
 Saving results in set 'frame_1116'

 --------------------------------------------------------------------------------

 End time:                               Mon May 24 15:45:08 2021
 Total wall-clock time:                  0.670 seconds
==================================================================================
