
================================================================================
          _____________ ________ _______________ ________     _________         
         / ___________// ______ \\_____   _____// ______ \   / ________)        
        / /_________  / /      \ \     | |     / /      \ \ | (_______          
       |  __________|| |        | |    | |    | |        | | \________ \        
        \ \_________ | |        | |    | |     \ \______/ /___________) |       
         \__________||_|        |_|    |_|      \________//____________/        
                                                                                
====================================[ Qcore ]===================================

 Git hash:   b27a5f96910dca04bf09adb1496985de0081c8b6
 Git date:   Tue, 11 May 2021 09:58:05 -0400
 Compiler:   AppleClang 10.0.1.10010046
 Build type: Release
 Version:    1.2.0

 Start time: Mon May 24 16:00:48 2021

 Data directory: /Users/of15641/qcore/cmake-build-release/share/entos/1.2.0/data
 Number of threads: 2
 Number of threads was determined by: number of physical cores

 --------------------------------------------------------------------------------
                                  command: bchla                                 
 --------------------------------------------------------------------------------
 XTB basis setup:                        reference basis
 Number of basis functions:            404
 GFN version:                            gfn1
 Integral screening threshold:           1.00e-10
 Total charge:                           0.000000000
 Number of electrons:                  344.000000000
 Electronic temperature (Kelvin):        0.000000000

 D3BJ energy:                           -0.095812762
 Repulsive energy:                       2.452055282

 ------------------------------------------------
  Running self-consistent charge (SCC) algorithm 
 ------------------------------------------------
 Broyden mixing factor:                  0.40
 Max number of iterations:             128
 Conv. threshold (charge):               1.00e-05
 Conv. threshold (energy):               1.00e-06
 Initial guess:                          SAD

 ---------------------------------------------------------------
                  energy        change          grad        time
 ---------------------------------------------------------------
   0      -201.670635974                    6.42e-01        0.03
   1      -202.255001447     -5.84e-01      3.75e-01        0.02
   2      -202.235467619      1.95e-02      5.79e-02        0.02
   3      -202.256074487     -2.06e-02      1.26e-02        0.02
   4      -202.271795890     -1.57e-02      2.42e-03        0.02
   5      -202.272310146     -5.14e-04      6.43e-04        0.02
   6      -202.272326833     -1.67e-05      1.77e-04        0.02
   7      -202.272328116     -1.28e-06      6.15e-05        0.02
   8      -202.272328473     -3.57e-07      2.16e-05        0.02
   9      -202.272328485     -1.20e-08      8.13e-06        0.02
  10      -202.272328486     -2.98e-10      2.86e-06        0.02

 SCF converged in 9 iterations.

 Entropy contribution (-ST):             0.000000000
 Dipole moment (in Debye):              -1.389620       3.678283      -0.964516
 Setting up Delta-SCF
 Ground-Excited state overlap:          -0.000000000
 No correction applied to the TDM.
 Excitation energy:                      0.108007085
 Excitation energy (in eV):              2.939022498
 Transition dipole:                      1.12962       1.32077      -3.05072
 Saving results in set 'frame_513'

 --------------------------------------------------------------------------------

 End time:                               Mon May 24 16:00:49 2021
 Total wall-clock time:                  0.589 seconds
==================================================================================
