
================================================================================
          _____________ ________ _______________ ________     _________         
         / ___________// ______ \\_____   _____// ______ \   / ________)        
        / /_________  / /      \ \     | |     / /      \ \ | (_______          
       |  __________|| |        | |    | |    | |        | | \________ \        
        \ \_________ | |        | |    | |     \ \______/ /___________) |       
         \__________||_|        |_|    |_|      \________//____________/        
                                                                                
====================================[ Qcore ]===================================

 Git hash:   b27a5f96910dca04bf09adb1496985de0081c8b6
 Git date:   Tue, 11 May 2021 09:58:05 -0400
 Compiler:   AppleClang 10.0.1.10010046
 Build type: Release
 Version:    1.2.0

 Start time: Mon May 24 15:46:31 2021

 Data directory: /Users/of15641/qcore/cmake-build-release/share/entos/1.2.0/data
 Number of threads: 2
 Number of threads was determined by: number of physical cores

 --------------------------------------------------------------------------------
                                  command: bchla                                 
 --------------------------------------------------------------------------------
 XTB basis setup:                        reference basis
 Number of basis functions:            404
 GFN version:                            gfn1
 Integral screening threshold:           1.00e-10
 Total charge:                           0.000000000
 Number of electrons:                  344.000000000
 Electronic temperature (Kelvin):        0.000000000

 D3BJ energy:                           -0.094595206
 Repulsive energy:                       2.487884980

 ------------------------------------------------
  Running self-consistent charge (SCC) algorithm 
 ------------------------------------------------
 Broyden mixing factor:                  0.40
 Max number of iterations:             128
 Conv. threshold (charge):               1.00e-05
 Conv. threshold (energy):               1.00e-06
 Initial guess:                          SAD

 ---------------------------------------------------------------
                  energy        change          grad        time
 ---------------------------------------------------------------
   0      -201.675160429                    6.42e-01        0.02
   1      -202.258014317     -5.83e-01      3.75e-01        0.02
   2      -202.243926731      1.41e-02      5.76e-02        0.02
   3      -202.262759124     -1.88e-02      1.13e-02        0.02
   4      -202.274034876     -1.13e-02      2.50e-03        0.02
   5      -202.274586184     -5.51e-04      7.37e-04        0.02
   6      -202.274616075     -2.99e-05      2.25e-04        0.02
   7      -202.274618613     -2.54e-06      7.77e-05        0.02
   8      -202.274619253     -6.39e-07      2.22e-05        0.02
   9      -202.274619263     -1.06e-08      8.17e-06        0.02
  10      -202.274619264     -5.91e-10      2.96e-06        0.02

 SCF converged in 9 iterations.

 Entropy contribution (-ST):             0.000000000
 Dipole moment (in Debye):               1.979474       4.532683      -1.120939
 Setting up Delta-SCF
 Ground-Excited state overlap:          -0.000000000
 No correction applied to the TDM.
 Excitation energy:                      0.103600166
 Excitation energy (in eV):              2.819104146
 Transition dipole:                     -2.25152       0.30192       2.72074
 Saving results in set 'frame_123'

 --------------------------------------------------------------------------------

 End time:                               Mon May 24 15:46:31 2021
 Total wall-clock time:                  0.487 seconds
==================================================================================
