
================================================================================
          _____________ ________ _______________ ________     _________         
         / ___________// ______ \\_____   _____// ______ \   / ________)        
        / /_________  / /      \ \     | |     / /      \ \ | (_______          
       |  __________|| |        | |    | |    | |        | | \________ \        
        \ \_________ | |        | |    | |     \ \______/ /___________) |       
         \__________||_|        |_|    |_|      \________//____________/        
                                                                                
====================================[ Qcore ]===================================

 Git hash:   b27a5f96910dca04bf09adb1496985de0081c8b6
 Git date:   Tue, 11 May 2021 09:58:05 -0400
 Compiler:   AppleClang 10.0.1.10010046
 Build type: Release
 Version:    1.2.0

 Start time: Mon May 24 15:44:14 2021

 Data directory: /Users/of15641/qcore/cmake-build-release/share/entos/1.2.0/data
 Number of threads: 2
 Number of threads was determined by: number of physical cores

 --------------------------------------------------------------------------------
                                  command: bchla                                 
 --------------------------------------------------------------------------------
 XTB basis setup:                        reference basis
 Number of basis functions:            404
 GFN version:                            gfn1
 Integral screening threshold:           1.00e-10
 Total charge:                           0.000000000
 Number of electrons:                  344.000000000
 Electronic temperature (Kelvin):        0.000000000

 D3BJ energy:                           -0.094461922
 Repulsive energy:                       2.520602475

 ------------------------------------------------
  Running self-consistent charge (SCC) algorithm 
 ------------------------------------------------
 Broyden mixing factor:                  0.40
 Max number of iterations:             128
 Conv. threshold (charge):               1.00e-05
 Conv. threshold (energy):               1.00e-06
 Initial guess:                          SAD

 ---------------------------------------------------------------
                  energy        change          grad        time
 ---------------------------------------------------------------
   0      -201.644408199                    6.43e-01        0.02
   1      -202.246949027     -6.03e-01      3.75e-01        0.02
   2      -202.224495011      2.25e-02      5.95e-02        0.02
   3      -202.249638164     -2.51e-02      1.30e-02        0.02
   4      -202.265641452     -1.60e-02      2.39e-03        0.02
   5      -202.266148467     -5.07e-04      6.98e-04        0.02
   6      -202.266173541     -2.51e-05      1.99e-04        0.02
   7      -202.266175687     -2.15e-06      6.47e-05        0.02
   8      -202.266176117     -4.29e-07      2.26e-05        0.02
   9      -202.266176127     -1.02e-08      8.58e-06        0.02
  10      -202.266176127     -2.76e-10      2.69e-06        0.02

 SCF converged in 9 iterations.

 Entropy contribution (-ST):             0.000000000
 Dipole moment (in Debye):               0.338567       0.740878      -4.160708
 Setting up Delta-SCF
 Ground-Excited state overlap:          -0.000000000
 No correction applied to the TDM.
 Excitation energy:                      0.110468178
 Excitation energy (in eV):              3.005992258
 Transition dipole:                      1.33131      -0.73139       3.21310
 Saving results in set 'frame_1030'

 --------------------------------------------------------------------------------

 End time:                               Mon May 24 15:44:15 2021
 Total wall-clock time:                  0.499 seconds
==================================================================================
