
================================================================================
          _____________ ________ _______________ ________     _________         
         / ___________// ______ \\_____   _____// ______ \   / ________)        
        / /_________  / /      \ \     | |     / /      \ \ | (_______          
       |  __________|| |        | |    | |    | |        | | \________ \        
        \ \_________ | |        | |    | |     \ \______/ /___________) |       
         \__________||_|        |_|    |_|      \________//____________/        
                                                                                
====================================[ Qcore ]===================================

 Git hash:   b27a5f96910dca04bf09adb1496985de0081c8b6
 Git date:   Tue, 11 May 2021 09:58:05 -0400
 Compiler:   AppleClang 10.0.1.10010046
 Build type: Release
 Version:    1.2.0

 Start time: Mon May 24 15:50:16 2021

 Data directory: /Users/of15641/qcore/cmake-build-release/share/entos/1.2.0/data
 Number of threads: 2
 Number of threads was determined by: number of physical cores

 --------------------------------------------------------------------------------
                                  command: bchla                                 
 --------------------------------------------------------------------------------
 XTB basis setup:                        reference basis
 Number of basis functions:            404
 GFN version:                            gfn1
 Integral screening threshold:           1.00e-10
 Total charge:                           0.000000000
 Number of electrons:                  344.000000000
 Electronic temperature (Kelvin):        0.000000000

 D3BJ energy:                           -0.098008007
 Repulsive energy:                       2.578726418

 ------------------------------------------------
  Running self-consistent charge (SCC) algorithm 
 ------------------------------------------------
 Broyden mixing factor:                  0.40
 Max number of iterations:             128
 Conv. threshold (charge):               1.00e-05
 Conv. threshold (energy):               1.00e-06
 Initial guess:                          SAD

 ---------------------------------------------------------------
                  energy        change          grad        time
 ---------------------------------------------------------------
   0      -201.707366560                    6.44e-01        0.03
   1      -202.316942771     -6.10e-01      3.76e-01        0.03
   2      -202.304888104      1.21e-02      5.87e-02        0.03
   3      -202.320699479     -1.58e-02      1.17e-02        0.02
   4      -202.332642407     -1.19e-02      2.68e-03        0.02
   5      -202.333269129     -6.27e-04      6.77e-04        0.03
   6      -202.333289318     -2.02e-05      1.57e-04        0.02
   7      -202.333290241     -9.24e-07      3.90e-05        0.02
   8      -202.333290324     -8.32e-08      1.43e-05        0.03
   9      -202.333290328     -3.97e-09      6.30e-06        0.02
  10      -202.333290329     -1.11e-09      2.12e-06        0.03

 SCF converged in 9 iterations.

 Entropy contribution (-ST):             0.000000000
 Dipole moment (in Debye):              -5.396009       2.102608      -2.398954
 Setting up Delta-SCF
 Ground-Excited state overlap:           0.000000000
 No correction applied to the TDM.
 Excitation energy:                      0.109345817
 Excitation energy (in eV):              2.975451268
 Transition dipole:                      2.26976      -2.55635      -0.70209
 Saving results in set 'frame_1548'

 --------------------------------------------------------------------------------

 End time:                               Mon May 24 15:50:17 2021
 Total wall-clock time:                  0.642 seconds
==================================================================================
