
================================================================================
          _____________ ________ _______________ ________     _________         
         / ___________// ______ \\_____   _____// ______ \   / ________)        
        / /_________  / /      \ \     | |     / /      \ \ | (_______          
       |  __________|| |        | |    | |    | |        | | \________ \        
        \ \_________ | |        | |    | |     \ \______/ /___________) |       
         \__________||_|        |_|    |_|      \________//____________/        
                                                                                
====================================[ Qcore ]===================================

 Git hash:   b27a5f96910dca04bf09adb1496985de0081c8b6
 Git date:   Tue, 11 May 2021 09:58:05 -0400
 Compiler:   AppleClang 10.0.1.10010046
 Build type: Release
 Version:    1.2.0

 Start time: Mon May 24 15:53:35 2021

 Data directory: /Users/of15641/qcore/cmake-build-release/share/entos/1.2.0/data
 Number of threads: 2
 Number of threads was determined by: number of physical cores

 --------------------------------------------------------------------------------
                                  command: bchla                                 
 --------------------------------------------------------------------------------
 XTB basis setup:                        reference basis
 Number of basis functions:            404
 GFN version:                            gfn1
 Integral screening threshold:           1.00e-10
 Total charge:                           0.000000000
 Number of electrons:                  344.000000000
 Electronic temperature (Kelvin):        0.000000000

 D3BJ energy:                           -0.097851665
 Repulsive energy:                       2.521250762

 ------------------------------------------------
  Running self-consistent charge (SCC) algorithm 
 ------------------------------------------------
 Broyden mixing factor:                  0.40
 Max number of iterations:             128
 Conv. threshold (charge):               1.00e-05
 Conv. threshold (energy):               1.00e-06
 Initial guess:                          SAD

 ---------------------------------------------------------------
                  energy        change          grad        time
 ---------------------------------------------------------------
   0      -201.610342352                    6.42e-01        0.04
   1      -202.231776899     -6.21e-01      3.75e-01        0.03
   2      -202.223916480      7.86e-03      6.09e-02        0.04
   3      -202.242372386     -1.85e-02      9.09e-03        0.03
   4      -202.247829899     -5.46e-03      2.58e-03        0.02
   5      -202.248372238     -5.42e-04      7.42e-04        0.03
   6      -202.248400879     -2.86e-05      1.68e-04        0.03
   7      -202.248401870     -9.91e-07      3.53e-05        0.03
   8      -202.248401901     -3.08e-08      1.48e-05        0.03
   9      -202.248401903     -1.81e-09      4.57e-06        0.03
  10      -202.248401903     -4.71e-10      2.03e-06        0.03

 SCF converged in 9 iterations.

 Entropy contribution (-ST):             0.000000000
 Dipole moment (in Debye):              -1.097648       5.110744       1.826148
 Setting up Delta-SCF
 Ground-Excited state overlap:          -0.000000000
 No correction applied to the TDM.
 Excitation energy:                      0.109812739
 Excitation energy (in eV):              2.988156843
 Transition dipole:                      1.98652       2.51094      -0.70973
 Saving results in set 'frame_1784'

 --------------------------------------------------------------------------------

 End time:                               Mon May 24 15:53:36 2021
 Total wall-clock time:                  0.754 seconds
==================================================================================
