
================================================================================
          _____________ ________ _______________ ________     _________         
         / ___________// ______ \\_____   _____// ______ \   / ________)        
        / /_________  / /      \ \     | |     / /      \ \ | (_______          
       |  __________|| |        | |    | |    | |        | | \________ \        
        \ \_________ | |        | |    | |     \ \______/ /___________) |       
         \__________||_|        |_|    |_|      \________//____________/        
                                                                                
====================================[ Qcore ]===================================

 Git hash:   b27a5f96910dca04bf09adb1496985de0081c8b6
 Git date:   Tue, 11 May 2021 09:58:05 -0400
 Compiler:   AppleClang 10.0.1.10010046
 Build type: Release
 Version:    1.2.0

 Start time: Mon May 24 15:56:18 2021

 Data directory: /Users/of15641/qcore/cmake-build-release/share/entos/1.2.0/data
 Number of threads: 2
 Number of threads was determined by: number of physical cores

 --------------------------------------------------------------------------------
                                  command: bchla                                 
 --------------------------------------------------------------------------------
 XTB basis setup:                        reference basis
 Number of basis functions:            404
 GFN version:                            gfn1
 Integral screening threshold:           1.00e-10
 Total charge:                           0.000000000
 Number of electrons:                  344.000000000
 Electronic temperature (Kelvin):        0.000000000

 D3BJ energy:                           -0.093728553
 Repulsive energy:                       2.561868978

 ------------------------------------------------
  Running self-consistent charge (SCC) algorithm 
 ------------------------------------------------
 Broyden mixing factor:                  0.40
 Max number of iterations:             128
 Conv. threshold (charge):               1.00e-05
 Conv. threshold (energy):               1.00e-06
 Initial guess:                          SAD

 ---------------------------------------------------------------
                  energy        change          grad        time
 ---------------------------------------------------------------
   0      -201.676729746                    6.43e-01        0.03
   1      -202.264854037     -5.88e-01      3.75e-01        0.02
   2      -202.248764815      1.61e-02      5.79e-02        0.03
   3      -202.269233068     -2.05e-02      1.11e-02        0.02
   4      -202.281837233     -1.26e-02      2.19e-03        0.03
   5      -202.282265643     -4.28e-04      6.91e-04        0.02
   6      -202.282287104     -2.15e-05      1.59e-04        0.03
   7      -202.282287887     -7.82e-07      5.47e-05        0.02
   8      -202.282288143     -2.56e-07      2.03e-05        0.02
   9      -202.282288155     -1.16e-08      7.71e-06        0.03
  10      -202.282288156     -6.28e-10      2.61e-06        0.02

 SCF converged in 9 iterations.

 Entropy contribution (-ST):             0.000000000
 Dipole moment (in Debye):              -3.614422       2.905791       1.705832
 Setting up Delta-SCF
 Ground-Excited state overlap:          -0.000000000
 No correction applied to the TDM.
 Excitation energy:                      0.110272574
 Excitation energy (in eV):              3.000669610
 Transition dipole:                     -0.99716       0.37933       3.51503
 Saving results in set 'frame_1989'

 --------------------------------------------------------------------------------

 End time:                               Mon May 24 15:56:19 2021
 Total wall-clock time:                  0.642 seconds
==================================================================================
