
================================================================================
          _____________ ________ _______________ ________     _________         
         / ___________// ______ \\_____   _____// ______ \   / ________)        
        / /_________  / /      \ \     | |     / /      \ \ | (_______          
       |  __________|| |        | |    | |    | |        | | \________ \        
        \ \_________ | |        | |    | |     \ \______/ /___________) |       
         \__________||_|        |_|    |_|      \________//____________/        
                                                                                
====================================[ Qcore ]===================================

 Git hash:   b27a5f96910dca04bf09adb1496985de0081c8b6
 Git date:   Tue, 11 May 2021 09:58:05 -0400
 Compiler:   AppleClang 10.0.1.10010046
 Build type: Release
 Version:    1.2.0

 Start time: Mon May 24 15:52:39 2021

 Data directory: /Users/of15641/qcore/cmake-build-release/share/entos/1.2.0/data
 Number of threads: 2
 Number of threads was determined by: number of physical cores

 --------------------------------------------------------------------------------
                                  command: bchla                                 
 --------------------------------------------------------------------------------
 XTB basis setup:                        reference basis
 Number of basis functions:            404
 GFN version:                            gfn1
 Integral screening threshold:           1.00e-10
 Total charge:                           0.000000000
 Number of electrons:                  344.000000000
 Electronic temperature (Kelvin):        0.000000000

 D3BJ energy:                           -0.093457272
 Repulsive energy:                       2.458731412

 ------------------------------------------------
  Running self-consistent charge (SCC) algorithm 
 ------------------------------------------------
 Broyden mixing factor:                  0.40
 Max number of iterations:             128
 Conv. threshold (charge):               1.00e-05
 Conv. threshold (energy):               1.00e-06
 Initial guess:                          SAD

 ---------------------------------------------------------------
                  energy        change          grad        time
 ---------------------------------------------------------------
   0      -201.653570340                    6.41e-01        0.03
   1      -202.231543658     -5.78e-01      3.74e-01        0.03
   2      -202.215574004      1.60e-02      5.69e-02        0.02
   3      -202.233499441     -1.79e-02      1.16e-02        0.03
   4      -202.247334358     -1.38e-02      2.02e-03        0.02
   5      -202.247704552     -3.70e-04      6.07e-04        0.03
   6      -202.247722023     -1.75e-05      1.45e-04        0.02
   7      -202.247722620     -5.96e-07      4.40e-05        0.02
   8      -202.247722751     -1.31e-07      2.03e-05        0.03
   9      -202.247722768     -1.67e-08      7.53e-06        0.02
  10      -202.247722768     -5.52e-10      2.54e-06        0.03

 SCF converged in 9 iterations.

 Entropy contribution (-ST):             0.000000000
 Dipole moment (in Debye):              -2.074953       2.279730       1.868973
 Setting up Delta-SCF
 Ground-Excited state overlap:          -0.000000000
 No correction applied to the TDM.
 Excitation energy:                      0.110407293
 Excitation energy (in eV):              3.004335487
 Transition dipole:                      0.24164       3.14640       1.84319
 Saving results in set 'frame_1717'

 --------------------------------------------------------------------------------

 End time:                               Mon May 24 15:52:39 2021
 Total wall-clock time:                  0.628 seconds
==================================================================================
