
================================================================================
          _____________ ________ _______________ ________     _________         
         / ___________// ______ \\_____   _____// ______ \   / ________)        
        / /_________  / /      \ \     | |     / /      \ \ | (_______          
       |  __________|| |        | |    | |    | |        | | \________ \        
        \ \_________ | |        | |    | |     \ \______/ /___________) |       
         \__________||_|        |_|    |_|      \________//____________/        
                                                                                
====================================[ Qcore ]===================================

 Git hash:   b27a5f96910dca04bf09adb1496985de0081c8b6
 Git date:   Tue, 11 May 2021 09:58:05 -0400
 Compiler:   AppleClang 10.0.1.10010046
 Build type: Release
 Version:    1.2.0

 Start time: Mon May 24 15:49:50 2021

 Data directory: /Users/of15641/qcore/cmake-build-release/share/entos/1.2.0/data
 Number of threads: 2
 Number of threads was determined by: number of physical cores

 --------------------------------------------------------------------------------
                                  command: bchla                                 
 --------------------------------------------------------------------------------
 XTB basis setup:                        reference basis
 Number of basis functions:            404
 GFN version:                            gfn1
 Integral screening threshold:           1.00e-10
 Total charge:                           0.000000000
 Number of electrons:                  344.000000000
 Electronic temperature (Kelvin):        0.000000000

 D3BJ energy:                           -0.098708432
 Repulsive energy:                       2.511033565

 ------------------------------------------------
  Running self-consistent charge (SCC) algorithm 
 ------------------------------------------------
 Broyden mixing factor:                  0.40
 Max number of iterations:             128
 Conv. threshold (charge):               1.00e-05
 Conv. threshold (energy):               1.00e-06
 Initial guess:                          SAD

 ---------------------------------------------------------------
                  energy        change          grad        time
 ---------------------------------------------------------------
   0      -201.661701424                    6.43e-01        0.04
   1      -202.248169101     -5.86e-01      3.75e-01        0.03
   2      -202.226726199      2.14e-02      5.82e-02        0.02
   3      -202.245027321     -1.83e-02      1.45e-02        0.03
   4      -202.265583454     -2.06e-02      2.88e-03        0.02
   5      -202.266274666     -6.91e-04      6.75e-04        0.03
   6      -202.266290697     -1.60e-05      1.91e-04        0.02
   7      -202.266291682     -9.85e-07      5.85e-05        0.02
   8      -202.266291975     -2.93e-07      2.42e-05        0.03
   9      -202.266291993     -1.71e-08      9.51e-06        0.03
  10      -202.266291993     -5.73e-10      3.20e-06        0.02

 SCF converged in 9 iterations.

 Entropy contribution (-ST):             0.000000000
 Dipole moment (in Debye):              -3.662051       3.025827      -0.418261
 Setting up Delta-SCF
 Ground-Excited state overlap:          -0.000000000
 No correction applied to the TDM.
 Excitation energy:                      0.111279847
 Excitation energy (in eV):              3.028078900
 Transition dipole:                      1.35998      -2.37130      -1.64739
 Saving results in set 'frame_1517'

 --------------------------------------------------------------------------------

 End time:                               Mon May 24 15:49:51 2021
 Total wall-clock time:                  0.681 seconds
==================================================================================
