
================================================================================
          _____________ ________ _______________ ________     _________         
         / ___________// ______ \\_____   _____// ______ \   / ________)        
        / /_________  / /      \ \     | |     / /      \ \ | (_______          
       |  __________|| |        | |    | |    | |        | | \________ \        
        \ \_________ | |        | |    | |     \ \______/ /___________) |       
         \__________||_|        |_|    |_|      \________//____________/        
                                                                                
====================================[ Qcore ]===================================

 Git hash:   b27a5f96910dca04bf09adb1496985de0081c8b6
 Git date:   Tue, 11 May 2021 09:58:05 -0400
 Compiler:   AppleClang 10.0.1.10010046
 Build type: Release
 Version:    1.2.0

 Start time: Mon May 24 16:04:00 2021

 Data directory: /Users/of15641/qcore/cmake-build-release/share/entos/1.2.0/data
 Number of threads: 2
 Number of threads was determined by: number of physical cores

 --------------------------------------------------------------------------------
                                  command: bchla                                 
 --------------------------------------------------------------------------------
 XTB basis setup:                        reference basis
 Number of basis functions:            404
 GFN version:                            gfn1
 Integral screening threshold:           1.00e-10
 Total charge:                           0.000000000
 Number of electrons:                  344.000000000
 Electronic temperature (Kelvin):        0.000000000

 D3BJ energy:                           -0.096848900
 Repulsive energy:                       2.554724281

 ------------------------------------------------
  Running self-consistent charge (SCC) algorithm 
 ------------------------------------------------
 Broyden mixing factor:                  0.40
 Max number of iterations:             128
 Conv. threshold (charge):               1.00e-05
 Conv. threshold (energy):               1.00e-06
 Initial guess:                          SAD

 ---------------------------------------------------------------
                  energy        change          grad        time
 ---------------------------------------------------------------
   0      -201.704266462                    6.44e-01        0.09
   1      -202.318589528     -6.14e-01      3.76e-01        0.08
   2      -202.303371078      1.52e-02      6.02e-02        0.07
   3      -202.324757664     -2.14e-02      1.12e-02        0.18
   4      -202.335184150     -1.04e-02      2.45e-03        0.07
   5      -202.335728478     -5.44e-04      6.62e-04        0.06
   6      -202.335749938     -2.15e-05      1.55e-04        0.04
   7      -202.335750658     -7.20e-07      4.48e-05        0.04
   8      -202.335750717     -5.92e-08      1.82e-05        0.05
   9      -202.335750724     -6.92e-09      8.32e-06        0.05
  10      -202.335750727     -2.59e-09      2.77e-06        0.05

 SCF converged in 9 iterations.

 Entropy contribution (-ST):             0.000000000
 Dipole moment (in Debye):               1.133082       0.683427      -3.738370
 Setting up Delta-SCF
 Ground-Excited state overlap:           0.000000000
 No correction applied to the TDM.
 Excitation energy:                      0.109158923
 Excitation energy (in eV):              2.970365627
 Transition dipole:                     -2.58231      -1.53337       2.05655
 Saving results in set 'frame_707'

 --------------------------------------------------------------------------------

 End time:                               Mon May 24 16:04:02 2021
 Total wall-clock time:                  1.437 seconds
==================================================================================
