
================================================================================
          _____________ ________ _______________ ________     _________         
         / ___________// ______ \\_____   _____// ______ \   / ________)        
        / /_________  / /      \ \     | |     / /      \ \ | (_______          
       |  __________|| |        | |    | |    | |        | | \________ \        
        \ \_________ | |        | |    | |     \ \______/ /___________) |       
         \__________||_|        |_|    |_|      \________//____________/        
                                                                                
====================================[ Qcore ]===================================

 Git hash:   b27a5f96910dca04bf09adb1496985de0081c8b6
 Git date:   Tue, 11 May 2021 09:58:05 -0400
 Compiler:   AppleClang 10.0.1.10010046
 Build type: Release
 Version:    1.2.0

 Start time: Mon May 24 16:02:23 2021

 Data directory: /Users/of15641/qcore/cmake-build-release/share/entos/1.2.0/data
 Number of threads: 2
 Number of threads was determined by: number of physical cores

 --------------------------------------------------------------------------------
                                  command: bchla                                 
 --------------------------------------------------------------------------------
 XTB basis setup:                        reference basis
 Number of basis functions:            404
 GFN version:                            gfn1
 Integral screening threshold:           1.00e-10
 Total charge:                           0.000000000
 Number of electrons:                  344.000000000
 Electronic temperature (Kelvin):        0.000000000

 D3BJ energy:                           -0.095363345
 Repulsive energy:                       2.470498304

 ------------------------------------------------
  Running self-consistent charge (SCC) algorithm 
 ------------------------------------------------
 Broyden mixing factor:                  0.40
 Max number of iterations:             128
 Conv. threshold (charge):               1.00e-05
 Conv. threshold (energy):               1.00e-06
 Initial guess:                          SAD

 ---------------------------------------------------------------
                  energy        change          grad        time
 ---------------------------------------------------------------
   0      -201.581535430                    6.43e-01        0.03
   1      -202.201627502     -6.20e-01      3.75e-01        0.03
   2      -202.181359014      2.03e-02      6.14e-02        0.02
   3      -202.203114533     -2.18e-02      1.38e-02        0.02
   4      -202.219251849     -1.61e-02      3.09e-03        0.02
   5      -202.220123448     -8.72e-04      8.09e-04        0.02
   6      -202.220156062     -3.26e-05      2.25e-04        0.02
   7      -202.220158505     -2.44e-06      7.42e-05        0.02
   8      -202.220159002     -4.96e-07      2.76e-05        0.02
   9      -202.220159020     -1.86e-08      1.04e-05        0.02
  10      -202.220159021     -7.08e-10      3.47e-06        0.02
  11      -202.220159021     -1.48e-10      1.11e-06        0.02

 SCF converged in 10 iterations.

 Entropy contribution (-ST):             0.000000000
 Dipole moment (in Debye):               0.451077       2.300718      -5.108869
 Setting up Delta-SCF
 Ground-Excited state overlap:           0.000000000
 No correction applied to the TDM.
 Excitation energy:                      0.105934266
 Excitation energy (in eV):              2.882618236
 Transition dipole:                      0.00593       1.18229       3.25720
 Saving results in set 'frame_6'

 --------------------------------------------------------------------------------

 End time:                               Mon May 24 16:02:24 2021
 Total wall-clock time:                  0.652 seconds
==================================================================================
