
================================================================================
          _____________ ________ _______________ ________     _________         
         / ___________// ______ \\_____   _____// ______ \   / ________)        
        / /_________  / /      \ \     | |     / /      \ \ | (_______          
       |  __________|| |        | |    | |    | |        | | \________ \        
        \ \_________ | |        | |    | |     \ \______/ /___________) |       
         \__________||_|        |_|    |_|      \________//____________/        
                                                                                
====================================[ Qcore ]===================================

 Git hash:   b27a5f96910dca04bf09adb1496985de0081c8b6
 Git date:   Tue, 11 May 2021 09:58:05 -0400
 Compiler:   AppleClang 10.0.1.10010046
 Build type: Release
 Version:    1.2.0

 Start time: Mon May 24 15:54:08 2021

 Data directory: /Users/of15641/qcore/cmake-build-release/share/entos/1.2.0/data
 Number of threads: 2
 Number of threads was determined by: number of physical cores

 --------------------------------------------------------------------------------
                                  command: bchla                                 
 --------------------------------------------------------------------------------
 XTB basis setup:                        reference basis
 Number of basis functions:            404
 GFN version:                            gfn1
 Integral screening threshold:           1.00e-10
 Total charge:                           0.000000000
 Number of electrons:                  344.000000000
 Electronic temperature (Kelvin):        0.000000000

 D3BJ energy:                           -0.095704912
 Repulsive energy:                       2.458373351

 ------------------------------------------------
  Running self-consistent charge (SCC) algorithm 
 ------------------------------------------------
 Broyden mixing factor:                  0.40
 Max number of iterations:             128
 Conv. threshold (charge):               1.00e-05
 Conv. threshold (energy):               1.00e-06
 Initial guess:                          SAD

 ---------------------------------------------------------------
                  energy        change          grad        time
 ---------------------------------------------------------------
   0      -201.730456342                    6.41e-01        0.02
   1      -202.318334689     -5.88e-01      3.74e-01        0.02
   2      -202.301274533      1.71e-02      5.84e-02        0.02
   3      -202.322150189     -2.09e-02      1.14e-02        0.02
   4      -202.334737317     -1.26e-02      2.16e-03        0.02
   5      -202.335162333     -4.25e-04      6.00e-04        0.02
   6      -202.335177138     -1.48e-05      1.31e-04        0.02
   7      -202.335177627     -4.89e-07      3.56e-05        0.02
   8      -202.335177704     -7.68e-08      1.55e-05        0.02
   9      -202.335177711     -7.57e-09      5.71e-06        0.02
  10      -202.335177712     -4.70e-10      1.97e-06        0.02

 SCF converged in 9 iterations.

 Entropy contribution (-ST):             0.000000000
 Dipole moment (in Debye):              -0.860123       3.784120       1.306368
 Setting up Delta-SCF
 Ground-Excited state overlap:           0.000000000
 No correction applied to the TDM.
 Excitation energy:                      0.115281858
 Excitation energy (in eV):              3.136979175
 Transition dipole:                     -2.54100      -1.58956      -1.33114
 Saving results in set 'frame_1820'

 --------------------------------------------------------------------------------

 End time:                               Mon May 24 15:54:09 2021
 Total wall-clock time:                  0.541 seconds
==================================================================================
