
================================================================================
          _____________ ________ _______________ ________     _________         
         / ___________// ______ \\_____   _____// ______ \   / ________)        
        / /_________  / /      \ \     | |     / /      \ \ | (_______          
       |  __________|| |        | |    | |    | |        | | \________ \        
        \ \_________ | |        | |    | |     \ \______/ /___________) |       
         \__________||_|        |_|    |_|      \________//____________/        
                                                                                
====================================[ Qcore ]===================================

 Git hash:   b27a5f96910dca04bf09adb1496985de0081c8b6
 Git date:   Tue, 11 May 2021 09:58:05 -0400
 Compiler:   AppleClang 10.0.1.10010046
 Build type: Release
 Version:    1.2.0

 Start time: Mon May 24 15:51:10 2021

 Data directory: /Users/of15641/qcore/cmake-build-release/share/entos/1.2.0/data
 Number of threads: 2
 Number of threads was determined by: number of physical cores

 --------------------------------------------------------------------------------
                                  command: bchla                                 
 --------------------------------------------------------------------------------
 XTB basis setup:                        reference basis
 Number of basis functions:            404
 GFN version:                            gfn1
 Integral screening threshold:           1.00e-10
 Total charge:                           0.000000000
 Number of electrons:                  344.000000000
 Electronic temperature (Kelvin):        0.000000000

 D3BJ energy:                           -0.094379036
 Repulsive energy:                       2.531239960

 ------------------------------------------------
  Running self-consistent charge (SCC) algorithm 
 ------------------------------------------------
 Broyden mixing factor:                  0.40
 Max number of iterations:             128
 Conv. threshold (charge):               1.00e-05
 Conv. threshold (energy):               1.00e-06
 Initial guess:                          SAD

 ---------------------------------------------------------------
                  energy        change          grad        time
 ---------------------------------------------------------------
   0      -201.609344069                    6.43e-01        0.03
   1      -202.225480754     -6.16e-01      3.75e-01        0.03
   2      -202.212439513      1.30e-02      5.95e-02        0.03
   3      -202.230529773     -1.81e-02      1.12e-02        0.02
   4      -202.241767860     -1.12e-02      2.23e-03        0.03
   5      -202.242182278     -4.14e-04      6.62e-04        0.04
   6      -202.242201750     -1.95e-05      1.42e-04        0.03
   7      -202.242202370     -6.20e-07      3.96e-05        0.03
   8      -202.242202454     -8.39e-08      1.84e-05        0.02
   9      -202.242202463     -8.67e-09      6.78e-06        0.03
  10      -202.242202463     -8.28e-10      2.47e-06        0.02

 SCF converged in 9 iterations.

 Entropy contribution (-ST):             0.000000000
 Dipole moment (in Debye):              -5.596736       3.883236       2.646895
 Setting up Delta-SCF
 Ground-Excited state overlap:           0.000000000
 No correction applied to the TDM.
 Excitation energy:                      0.113278098
 Excitation energy (in eV):              3.082454090
 Transition dipole:                     -1.96123       2.24881       1.98015
 Saving results in set 'frame_1614'

 --------------------------------------------------------------------------------

 End time:                               Mon May 24 15:51:11 2021
 Total wall-clock time:                  0.741 seconds
==================================================================================
