
================================================================================
          _____________ ________ _______________ ________     _________         
         / ___________// ______ \\_____   _____// ______ \   / ________)        
        / /_________  / /      \ \     | |     / /      \ \ | (_______          
       |  __________|| |        | |    | |    | |        | | \________ \        
        \ \_________ | |        | |    | |     \ \______/ /___________) |       
         \__________||_|        |_|    |_|      \________//____________/        
                                                                                
====================================[ Qcore ]===================================

 Git hash:   b27a5f96910dca04bf09adb1496985de0081c8b6
 Git date:   Tue, 11 May 2021 09:58:05 -0400
 Compiler:   AppleClang 10.0.1.10010046
 Build type: Release
 Version:    1.2.0

 Start time: Mon May 24 15:55:07 2021

 Data directory: /Users/of15641/qcore/cmake-build-release/share/entos/1.2.0/data
 Number of threads: 2
 Number of threads was determined by: number of physical cores

 --------------------------------------------------------------------------------
                                  command: bchla                                 
 --------------------------------------------------------------------------------
 XTB basis setup:                        reference basis
 Number of basis functions:            404
 GFN version:                            gfn1
 Integral screening threshold:           1.00e-10
 Total charge:                           0.000000000
 Number of electrons:                  344.000000000
 Electronic temperature (Kelvin):        0.000000000

 D3BJ energy:                           -0.093629893
 Repulsive energy:                       2.529296618

 ------------------------------------------------
  Running self-consistent charge (SCC) algorithm 
 ------------------------------------------------
 Broyden mixing factor:                  0.40
 Max number of iterations:             128
 Conv. threshold (charge):               1.00e-05
 Conv. threshold (energy):               1.00e-06
 Initial guess:                          SAD

 ---------------------------------------------------------------
                  energy        change          grad        time
 ---------------------------------------------------------------
   0      -201.764614567                    6.42e-01        0.02
   1      -202.335523236     -5.71e-01      3.75e-01        0.02
   2      -202.323428723      1.21e-02      5.58e-02        0.02
   3      -202.337563425     -1.41e-02      1.12e-02        0.02
   4      -202.350488311     -1.29e-02      2.36e-03        0.02
   5      -202.350985855     -4.98e-04      6.46e-04        0.02
   6      -202.351002437     -1.66e-05      1.43e-04        0.02
   7      -202.351002925     -4.89e-07      3.51e-05        0.02
   8      -202.351002956     -3.09e-08      1.61e-05        0.02
   9      -202.351002958     -2.16e-09      6.07e-06        0.02
  10      -202.351002960     -1.35e-09      2.53e-06        0.02

 SCF converged in 9 iterations.

 Entropy contribution (-ST):             0.000000000
 Dipole moment (in Debye):               1.024282       2.087052       3.146732
 Setting up Delta-SCF
 Ground-Excited state overlap:           0.000000000
 No correction applied to the TDM.
 Excitation energy:                      0.111788099
 Excitation energy (in eV):              3.041909139
 Transition dipole:                      1.46572      -0.42609       3.11870
 Saving results in set 'frame_1900'

 --------------------------------------------------------------------------------

 End time:                               Mon May 24 15:55:08 2021
 Total wall-clock time:                  0.505 seconds
==================================================================================
