
================================================================================
          _____________ ________ _______________ ________     _________         
         / ___________// ______ \\_____   _____// ______ \   / ________)        
        / /_________  / /      \ \     | |     / /      \ \ | (_______          
       |  __________|| |        | |    | |    | |        | | \________ \        
        \ \_________ | |        | |    | |     \ \______/ /___________) |       
         \__________||_|        |_|    |_|      \________//____________/        
                                                                                
====================================[ Qcore ]===================================

 Git hash:   b27a5f96910dca04bf09adb1496985de0081c8b6
 Git date:   Tue, 11 May 2021 09:58:05 -0400
 Compiler:   AppleClang 10.0.1.10010046
 Build type: Release
 Version:    1.2.0

 Start time: Mon May 24 15:52:48 2021

 Data directory: /Users/of15641/qcore/cmake-build-release/share/entos/1.2.0/data
 Number of threads: 2
 Number of threads was determined by: number of physical cores

 --------------------------------------------------------------------------------
                                  command: bchla                                 
 --------------------------------------------------------------------------------
 XTB basis setup:                        reference basis
 Number of basis functions:            404
 GFN version:                            gfn1
 Integral screening threshold:           1.00e-10
 Total charge:                           0.000000000
 Number of electrons:                  344.000000000
 Electronic temperature (Kelvin):        0.000000000

 D3BJ energy:                           -0.096255671
 Repulsive energy:                       2.451334595

 ------------------------------------------------
  Running self-consistent charge (SCC) algorithm 
 ------------------------------------------------
 Broyden mixing factor:                  0.40
 Max number of iterations:             128
 Conv. threshold (charge):               1.00e-05
 Conv. threshold (energy):               1.00e-06
 Initial guess:                          SAD

 ---------------------------------------------------------------
                  energy        change          grad        time
 ---------------------------------------------------------------
   0      -201.669164577                    6.41e-01        0.03
   1      -202.266630859     -5.97e-01      3.74e-01        0.02
   2      -202.250656361      1.60e-02      5.81e-02        0.03
   3      -202.269717703     -1.91e-02      1.15e-02        0.02
   4      -202.282820036     -1.31e-02      2.11e-03        0.03
   5      -202.283182042     -3.62e-04      6.07e-04        0.02
   6      -202.283197299     -1.53e-05      1.38e-04        0.03
   7      -202.283197816     -5.17e-07      4.07e-05        0.02
   8      -202.283197898     -8.20e-08      1.77e-05        0.02
   9      -202.283197906     -7.40e-09      7.07e-06        0.02
  10      -202.283197907     -6.87e-10      2.27e-06        0.03

 SCF converged in 9 iterations.

 Entropy contribution (-ST):             0.000000000
 Dipole moment (in Debye):              -3.785527       4.441053       1.259869
 Setting up Delta-SCF
 Ground-Excited state overlap:          -0.000000000
 No correction applied to the TDM.
 Excitation energy:                      0.112804316
 Excitation energy (in eV):              3.069561826
 Transition dipole:                     -0.79229      -2.73513      -0.79469
 Saving results in set 'frame_1729'

 --------------------------------------------------------------------------------

 End time:                               Mon May 24 15:52:49 2021
 Total wall-clock time:                  0.652 seconds
==================================================================================
