
================================================================================
          _____________ ________ _______________ ________     _________         
         / ___________// ______ \\_____   _____// ______ \   / ________)        
        / /_________  / /      \ \     | |     / /      \ \ | (_______          
       |  __________|| |        | |    | |    | |        | | \________ \        
        \ \_________ | |        | |    | |     \ \______/ /___________) |       
         \__________||_|        |_|    |_|      \________//____________/        
                                                                                
====================================[ Qcore ]===================================

 Git hash:   b27a5f96910dca04bf09adb1496985de0081c8b6
 Git date:   Tue, 11 May 2021 09:58:05 -0400
 Compiler:   AppleClang 10.0.1.10010046
 Build type: Release
 Version:    1.2.0

 Start time: Mon May 24 16:01:19 2021

 Data directory: /Users/of15641/qcore/cmake-build-release/share/entos/1.2.0/data
 Number of threads: 2
 Number of threads was determined by: number of physical cores

 --------------------------------------------------------------------------------
                                  command: bchla                                 
 --------------------------------------------------------------------------------
 XTB basis setup:                        reference basis
 Number of basis functions:            404
 GFN version:                            gfn1
 Integral screening threshold:           1.00e-10
 Total charge:                           0.000000000
 Number of electrons:                  344.000000000
 Electronic temperature (Kelvin):        0.000000000

 D3BJ energy:                           -0.096316450
 Repulsive energy:                       2.530311395

 ------------------------------------------------
  Running self-consistent charge (SCC) algorithm 
 ------------------------------------------------
 Broyden mixing factor:                  0.40
 Max number of iterations:             128
 Conv. threshold (charge):               1.00e-05
 Conv. threshold (energy):               1.00e-06
 Initial guess:                          SAD

 ---------------------------------------------------------------
                  energy        change          grad        time
 ---------------------------------------------------------------
   0      -201.633359604                    6.42e-01        0.03
   1      -202.221083438     -5.88e-01      3.75e-01        0.04
   2      -202.210282579      1.08e-02      5.71e-02        0.03
   3      -202.227726485     -1.74e-02      1.00e-02        0.04
   4      -202.236417235     -8.69e-03      2.20e-03        0.04
   5      -202.236842401     -4.25e-04      6.46e-04        0.09
   6      -202.236862476     -2.01e-05      1.58e-04        0.04
   7      -202.236863169     -6.93e-07      4.80e-05        0.03
   8      -202.236863355     -1.86e-07      1.86e-05        0.03
   9      -202.236863368     -1.31e-08      6.79e-06        0.03
  10      -202.236863369     -7.09e-10      2.56e-06        0.03

 SCF converged in 9 iterations.

 Entropy contribution (-ST):             0.000000000
 Dipole moment (in Debye):              -3.270632       3.047737      -0.303262
 Setting up Delta-SCF
 Ground-Excited state overlap:          -0.000000000
 No correction applied to the TDM.
 Excitation energy:                      0.109656511
 Excitation energy (in eV):              2.983905662
 Transition dipole:                      1.26990      -1.66870       2.77550
 Saving results in set 'frame_542'

 --------------------------------------------------------------------------------

 End time:                               Mon May 24 16:01:20 2021
 Total wall-clock time:                  0.933 seconds
==================================================================================
