
================================================================================
          _____________ ________ _______________ ________     _________         
         / ___________// ______ \\_____   _____// ______ \   / ________)        
        / /_________  / /      \ \     | |     / /      \ \ | (_______          
       |  __________|| |        | |    | |    | |        | | \________ \        
        \ \_________ | |        | |    | |     \ \______/ /___________) |       
         \__________||_|        |_|    |_|      \________//____________/        
                                                                                
====================================[ Qcore ]===================================

 Git hash:   b27a5f96910dca04bf09adb1496985de0081c8b6
 Git date:   Tue, 11 May 2021 09:58:05 -0400
 Compiler:   AppleClang 10.0.1.10010046
 Build type: Release
 Version:    1.2.0

 Start time: Mon May 24 16:05:37 2021

 Data directory: /Users/of15641/qcore/cmake-build-release/share/entos/1.2.0/data
 Number of threads: 2
 Number of threads was determined by: number of physical cores

 --------------------------------------------------------------------------------
                                  command: bchla                                 
 --------------------------------------------------------------------------------
 XTB basis setup:                        reference basis
 Number of basis functions:            404
 GFN version:                            gfn1
 Integral screening threshold:           1.00e-10
 Total charge:                           0.000000000
 Number of electrons:                  344.000000000
 Electronic temperature (Kelvin):        0.000000000

 D3BJ energy:                           -0.094550868
 Repulsive energy:                       2.478404574

 ------------------------------------------------
  Running self-consistent charge (SCC) algorithm 
 ------------------------------------------------
 Broyden mixing factor:                  0.40
 Max number of iterations:             128
 Conv. threshold (charge):               1.00e-05
 Conv. threshold (energy):               1.00e-06
 Initial guess:                          SAD

 ---------------------------------------------------------------
                  energy        change          grad        time
 ---------------------------------------------------------------
   0      -201.666869057                    6.42e-01        0.02
   1      -202.260587982     -5.94e-01      3.74e-01        0.02
   2      -202.247807979      1.28e-02      5.87e-02        0.02
   3      -202.268475905     -2.07e-02      9.97e-03        0.02
   4      -202.276770801     -8.29e-03      2.28e-03        0.02
   5      -202.277236103     -4.65e-04      6.99e-04        0.02
   6      -202.277261906     -2.58e-05      1.84e-04        0.02
   7      -202.277263457     -1.55e-06      6.38e-05        0.02
   8      -202.277263820     -3.62e-07      1.99e-05        0.02
   9      -202.277263826     -6.20e-09      7.86e-06        0.02
  10      -202.277263826     -6.88e-10      2.50e-06        0.02

 SCF converged in 9 iterations.

 Entropy contribution (-ST):             0.000000000
 Dipole moment (in Debye):               1.197891       2.205787      -2.558432
 Setting up Delta-SCF
 Ground-Excited state overlap:          -0.000000000
 No correction applied to the TDM.
 Excitation energy:                      0.110653404
 Excitation energy (in eV):              3.011032513
 Transition dipole:                     -1.30313       0.22628       3.00040
 Saving results in set 'frame_807'

 --------------------------------------------------------------------------------

 End time:                               Mon May 24 16:05:37 2021
 Total wall-clock time:                  0.552 seconds
==================================================================================
