
================================================================================
          _____________ ________ _______________ ________     _________         
         / ___________// ______ \\_____   _____// ______ \   / ________)        
        / /_________  / /      \ \     | |     / /      \ \ | (_______          
       |  __________|| |        | |    | |    | |        | | \________ \        
        \ \_________ | |        | |    | |     \ \______/ /___________) |       
         \__________||_|        |_|    |_|      \________//____________/        
                                                                                
====================================[ Qcore ]===================================

 Git hash:   b27a5f96910dca04bf09adb1496985de0081c8b6
 Git date:   Tue, 11 May 2021 09:58:05 -0400
 Compiler:   AppleClang 10.0.1.10010046
 Build type: Release
 Version:    1.2.0

 Start time: Mon May 24 15:50:50 2021

 Data directory: /Users/of15641/qcore/cmake-build-release/share/entos/1.2.0/data
 Number of threads: 2
 Number of threads was determined by: number of physical cores

 --------------------------------------------------------------------------------
                                  command: bchla                                 
 --------------------------------------------------------------------------------
 XTB basis setup:                        reference basis
 Number of basis functions:            404
 GFN version:                            gfn1
 Integral screening threshold:           1.00e-10
 Total charge:                           0.000000000
 Number of electrons:                  344.000000000
 Electronic temperature (Kelvin):        0.000000000

 D3BJ energy:                           -0.093543958
 Repulsive energy:                       2.548701620

 ------------------------------------------------
  Running self-consistent charge (SCC) algorithm 
 ------------------------------------------------
 Broyden mixing factor:                  0.40
 Max number of iterations:             128
 Conv. threshold (charge):               1.00e-05
 Conv. threshold (energy):               1.00e-06
 Initial guess:                          SAD

 ---------------------------------------------------------------
                  energy        change          grad        time
 ---------------------------------------------------------------
   0      -201.627637547                    6.43e-01        0.03
   1      -202.223955521     -5.96e-01      3.75e-01        0.02
   2      -202.217398323      6.56e-03      5.77e-02        0.02
   3      -202.232457690     -1.51e-02      8.60e-03        0.03
   4      -202.238375495     -5.92e-03      2.47e-03        0.02
   5      -202.238941559     -5.66e-04      7.16e-04        0.05
   6      -202.238968122     -2.66e-05      1.49e-04        0.03
   7      -202.238968827     -7.05e-07      2.99e-05        0.03
   8      -202.238968850     -2.30e-08      1.11e-05        0.02
   9      -202.238968851     -9.33e-10      3.43e-06        0.02
  10      -202.238968851     -9.30e-11      1.26e-06        0.03

 SCF converged in 9 iterations.

 Entropy contribution (-ST):             0.000000000
 Dipole moment (in Debye):              -4.197290       4.371291       1.350679
 Setting up Delta-SCF
 Ground-Excited state overlap:          -0.000000000
 No correction applied to the TDM.
 Excitation energy:                      0.111827727
 Excitation energy (in eV):              3.042987477
 Transition dipole:                      2.04768      -2.60291      -1.51153
 Saving results in set 'frame_1590'

 --------------------------------------------------------------------------------

 End time:                               Mon May 24 15:50:51 2021
 Total wall-clock time:                  0.658 seconds
==================================================================================
