
================================================================================
          _____________ ________ _______________ ________     _________         
         / ___________// ______ \\_____   _____// ______ \   / ________)        
        / /_________  / /      \ \     | |     / /      \ \ | (_______          
       |  __________|| |        | |    | |    | |        | | \________ \        
        \ \_________ | |        | |    | |     \ \______/ /___________) |       
         \__________||_|        |_|    |_|      \________//____________/        
                                                                                
====================================[ Qcore ]===================================

 Git hash:   b27a5f96910dca04bf09adb1496985de0081c8b6
 Git date:   Tue, 11 May 2021 09:58:05 -0400
 Compiler:   AppleClang 10.0.1.10010046
 Build type: Release
 Version:    1.2.0

 Start time: Mon May 24 16:07:55 2021

 Data directory: /Users/of15641/qcore/cmake-build-release/share/entos/1.2.0/data
 Number of threads: 2
 Number of threads was determined by: number of physical cores

 --------------------------------------------------------------------------------
                                  command: bchla                                 
 --------------------------------------------------------------------------------
 XTB basis setup:                        reference basis
 Number of basis functions:            404
 GFN version:                            gfn1
 Integral screening threshold:           1.00e-10
 Total charge:                           0.000000000
 Number of electrons:                  344.000000000
 Electronic temperature (Kelvin):        0.000000000

 D3BJ energy:                           -0.096978602
 Repulsive energy:                       2.479965133

 ------------------------------------------------
  Running self-consistent charge (SCC) algorithm 
 ------------------------------------------------
 Broyden mixing factor:                  0.40
 Max number of iterations:             128
 Conv. threshold (charge):               1.00e-05
 Conv. threshold (energy):               1.00e-06
 Initial guess:                          SAD

 ---------------------------------------------------------------
                  energy        change          grad        time
 ---------------------------------------------------------------
   0      -201.644242981                    6.42e-01        0.02
   1      -202.243438617     -5.99e-01      3.74e-01        0.02
   2      -202.232781097      1.07e-02      5.88e-02        0.02
   3      -202.251712255     -1.89e-02      9.72e-03        0.02
   4      -202.259347899     -7.64e-03      2.42e-03        0.02
   5      -202.259869071     -5.21e-04      7.31e-04        0.02
   6      -202.259897842     -2.88e-05      1.60e-04        0.02
   7      -202.259898686     -8.44e-07      4.03e-05        0.02
   8      -202.259898741     -5.54e-08      1.70e-05        0.02
   9      -202.259898746     -4.58e-09      7.11e-06        0.02
  10      -202.259898748     -2.41e-09      2.77e-06        0.02

 SCF converged in 9 iterations.

 Entropy contribution (-ST):             0.000000000
 Dipole moment (in Debye):              -1.612264       0.218131      -5.605535
 Setting up Delta-SCF
 Ground-Excited state overlap:           0.000000000
 No correction applied to the TDM.
 Excitation energy:                      0.106670831
 Excitation energy (in eV):              2.902661195
 Transition dipole:                     -2.03826      -0.03403      -3.27370
 Saving results in set 'frame_988'

 --------------------------------------------------------------------------------

 End time:                               Mon May 24 16:07:56 2021
 Total wall-clock time:                  0.556 seconds
==================================================================================
