
================================================================================
          _____________ ________ _______________ ________     _________         
         / ___________// ______ \\_____   _____// ______ \   / ________)        
        / /_________  / /      \ \     | |     / /      \ \ | (_______          
       |  __________|| |        | |    | |    | |        | | \________ \        
        \ \_________ | |        | |    | |     \ \______/ /___________) |       
         \__________||_|        |_|    |_|      \________//____________/        
                                                                                
====================================[ Qcore ]===================================

 Git hash:   b27a5f96910dca04bf09adb1496985de0081c8b6
 Git date:   Tue, 11 May 2021 09:58:05 -0400
 Compiler:   AppleClang 10.0.1.10010046
 Build type: Release
 Version:    1.2.0

 Start time: Mon May 24 16:03:30 2021

 Data directory: /Users/of15641/qcore/cmake-build-release/share/entos/1.2.0/data
 Number of threads: 2
 Number of threads was determined by: number of physical cores

 --------------------------------------------------------------------------------
                                  command: bchla                                 
 --------------------------------------------------------------------------------
 XTB basis setup:                        reference basis
 Number of basis functions:            404
 GFN version:                            gfn1
 Integral screening threshold:           1.00e-10
 Total charge:                           0.000000000
 Number of electrons:                  344.000000000
 Electronic temperature (Kelvin):        0.000000000

 D3BJ energy:                           -0.094814599
 Repulsive energy:                       2.568291269

 ------------------------------------------------
  Running self-consistent charge (SCC) algorithm 
 ------------------------------------------------
 Broyden mixing factor:                  0.40
 Max number of iterations:             128
 Conv. threshold (charge):               1.00e-05
 Conv. threshold (energy):               1.00e-06
 Initial guess:                          SAD

 ---------------------------------------------------------------
                  energy        change          grad        time
 ---------------------------------------------------------------
   0      -201.658955265                    6.44e-01        0.04
   1      -202.263064553     -6.04e-01      3.76e-01        0.03
   2      -202.244136700      1.89e-02      5.94e-02        0.03
   3      -202.266998057     -2.29e-02      1.23e-02        0.02
   4      -202.281023351     -1.40e-02      2.48e-03        0.02
   5      -202.281558634     -5.35e-04      7.23e-04        0.02
   6      -202.281583065     -2.44e-05      2.04e-04        0.03
   7      -202.281585108     -2.04e-06      6.51e-05        0.03
   8      -202.281585505     -3.97e-07      2.23e-05        0.03
   9      -202.281585513     -8.13e-09      8.79e-06        0.02
  10      -202.281585513     -3.30e-10      2.57e-06        0.03

 SCF converged in 9 iterations.

 Entropy contribution (-ST):             0.000000000
 Dipole moment (in Debye):               1.496430       0.472680      -3.348124
 Setting up Delta-SCF
 Ground-Excited state overlap:           0.000000000
 No correction applied to the TDM.
 Excitation energy:                      0.108077662
 Excitation energy (in eV):              2.940942999
 Transition dipole:                      1.78084      -0.51017      -2.83619
 Saving results in set 'frame_680'

 --------------------------------------------------------------------------------

 End time:                               Mon May 24 16:03:31 2021
 Total wall-clock time:                  0.765 seconds
==================================================================================
