
================================================================================
          _____________ ________ _______________ ________     _________         
         / ___________// ______ \\_____   _____// ______ \   / ________)        
        / /_________  / /      \ \     | |     / /      \ \ | (_______          
       |  __________|| |        | |    | |    | |        | | \________ \        
        \ \_________ | |        | |    | |     \ \______/ /___________) |       
         \__________||_|        |_|    |_|      \________//____________/        
                                                                                
====================================[ Qcore ]===================================

 Git hash:   b27a5f96910dca04bf09adb1496985de0081c8b6
 Git date:   Tue, 11 May 2021 09:58:05 -0400
 Compiler:   AppleClang 10.0.1.10010046
 Build type: Release
 Version:    1.2.0

 Start time: Mon May 24 15:48:12 2021

 Data directory: /Users/of15641/qcore/cmake-build-release/share/entos/1.2.0/data
 Number of threads: 2
 Number of threads was determined by: number of physical cores

 --------------------------------------------------------------------------------
                                  command: bchla                                 
 --------------------------------------------------------------------------------
 XTB basis setup:                        reference basis
 Number of basis functions:            404
 GFN version:                            gfn1
 Integral screening threshold:           1.00e-10
 Total charge:                           0.000000000
 Number of electrons:                  344.000000000
 Electronic temperature (Kelvin):        0.000000000

 D3BJ energy:                           -0.103609349
 Repulsive energy:                       2.442164486

 ------------------------------------------------
  Running self-consistent charge (SCC) algorithm 
 ------------------------------------------------
 Broyden mixing factor:                  0.40
 Max number of iterations:             128
 Conv. threshold (charge):               1.00e-05
 Conv. threshold (energy):               1.00e-06
 Initial guess:                          SAD

 ---------------------------------------------------------------
                  energy        change          grad        time
 ---------------------------------------------------------------
   0      -201.639314461                    6.42e-01        0.03
   1      -202.265046388     -6.26e-01      3.74e-01        0.02
   2      -202.242248817      2.28e-02      6.06e-02        0.04
   3      -202.264069060     -2.18e-02      1.40e-02        0.03
   4      -202.282988116     -1.89e-02      2.62e-03        0.02
   5      -202.283606701     -6.19e-04      7.23e-04        0.02
   6      -202.283630806     -2.41e-05      2.03e-04        0.02
   7      -202.283633164     -2.36e-06      6.84e-05        0.02
   8      -202.283633668     -5.04e-07      2.47e-05        0.02
   9      -202.283633680     -1.20e-08      9.78e-06        0.02
  10      -202.283633680     -2.84e-10      3.15e-06        0.02

 SCF converged in 9 iterations.

 Entropy contribution (-ST):             0.000000000
 Dipole moment (in Debye):              -2.213133       3.099357       1.213662
 Setting up Delta-SCF
 Ground-Excited state overlap:           0.000000000
 No correction applied to the TDM.
 Excitation energy:                      0.108599244
 Excitation energy (in eV):              2.955135968
 Transition dipole:                      2.66194      -0.66387      -1.76078
 Saving results in set 'frame_1384'

 --------------------------------------------------------------------------------

 End time:                               Mon May 24 15:48:12 2021
 Total wall-clock time:                  0.556 seconds
==================================================================================
