
================================================================================
          _____________ ________ _______________ ________     _________         
         / ___________// ______ \\_____   _____// ______ \   / ________)        
        / /_________  / /      \ \     | |     / /      \ \ | (_______          
       |  __________|| |        | |    | |    | |        | | \________ \        
        \ \_________ | |        | |    | |     \ \______/ /___________) |       
         \__________||_|        |_|    |_|      \________//____________/        
                                                                                
====================================[ Qcore ]===================================

 Git hash:   b27a5f96910dca04bf09adb1496985de0081c8b6
 Git date:   Tue, 11 May 2021 09:58:05 -0400
 Compiler:   AppleClang 10.0.1.10010046
 Build type: Release
 Version:    1.2.0

 Start time: Mon May 24 15:55:37 2021

 Data directory: /Users/of15641/qcore/cmake-build-release/share/entos/1.2.0/data
 Number of threads: 2
 Number of threads was determined by: number of physical cores

 --------------------------------------------------------------------------------
                                  command: bchla                                 
 --------------------------------------------------------------------------------
 XTB basis setup:                        reference basis
 Number of basis functions:            404
 GFN version:                            gfn1
 Integral screening threshold:           1.00e-10
 Total charge:                           0.000000000
 Number of electrons:                  344.000000000
 Electronic temperature (Kelvin):        0.000000000

 D3BJ energy:                           -0.095037175
 Repulsive energy:                       2.535388997

 ------------------------------------------------
  Running self-consistent charge (SCC) algorithm 
 ------------------------------------------------
 Broyden mixing factor:                  0.40
 Max number of iterations:             128
 Conv. threshold (charge):               1.00e-05
 Conv. threshold (energy):               1.00e-06
 Initial guess:                          SAD

 ---------------------------------------------------------------
                  energy        change          grad        time
 ---------------------------------------------------------------
   0      -201.726701774                    6.43e-01        0.04
   1      -202.301255846     -5.75e-01      3.75e-01        0.03
   2      -202.285270152      1.60e-02      5.65e-02        0.03
   3      -202.305027117     -1.98e-02      1.15e-02        0.02
   4      -202.317877033     -1.28e-02      1.99e-03        0.02
   5      -202.318215638     -3.39e-04      6.16e-04        0.02
   6      -202.318232905     -1.73e-05      1.54e-04        0.02
   7      -202.318233771     -8.65e-07      5.22e-05        0.03
   8      -202.318234024     -2.53e-07      1.71e-05        0.02
   9      -202.318234029     -5.44e-09      6.11e-06        0.03
  10      -202.318234030     -3.24e-10      2.23e-06        0.02

 SCF converged in 9 iterations.

 Entropy contribution (-ST):             0.000000000
 Dipole moment (in Debye):              -1.027694       2.227616       0.664540
 Setting up Delta-SCF
 Ground-Excited state overlap:           0.000000000
 No correction applied to the TDM.
 Excitation energy:                      0.111586900
 Excitation energy (in eV):              3.036434223
 Transition dipole:                     -0.05640      -2.20533      -2.90914
 Saving results in set 'frame_1940'

 --------------------------------------------------------------------------------

 End time:                               Mon May 24 15:55:38 2021
 Total wall-clock time:                  0.688 seconds
==================================================================================
