
================================================================================
          _____________ ________ _______________ ________     _________         
         / ___________// ______ \\_____   _____// ______ \   / ________)        
        / /_________  / /      \ \     | |     / /      \ \ | (_______          
       |  __________|| |        | |    | |    | |        | | \________ \        
        \ \_________ | |        | |    | |     \ \______/ /___________) |       
         \__________||_|        |_|    |_|      \________//____________/        
                                                                                
====================================[ Qcore ]===================================

 Git hash:   b27a5f96910dca04bf09adb1496985de0081c8b6
 Git date:   Tue, 11 May 2021 09:58:05 -0400
 Compiler:   AppleClang 10.0.1.10010046
 Build type: Release
 Version:    1.2.0

 Start time: Mon May 24 15:46:34 2021

 Data directory: /Users/of15641/qcore/cmake-build-release/share/entos/1.2.0/data
 Number of threads: 2
 Number of threads was determined by: number of physical cores

 --------------------------------------------------------------------------------
                                  command: bchla                                 
 --------------------------------------------------------------------------------
 XTB basis setup:                        reference basis
 Number of basis functions:            404
 GFN version:                            gfn1
 Integral screening threshold:           1.00e-10
 Total charge:                           0.000000000
 Number of electrons:                  344.000000000
 Electronic temperature (Kelvin):        0.000000000

 D3BJ energy:                           -0.099872632
 Repulsive energy:                       2.458103460

 ------------------------------------------------
  Running self-consistent charge (SCC) algorithm 
 ------------------------------------------------
 Broyden mixing factor:                  0.40
 Max number of iterations:             128
 Conv. threshold (charge):               1.00e-05
 Conv. threshold (energy):               1.00e-06
 Initial guess:                          SAD

 ---------------------------------------------------------------
                  energy        change          grad        time
 ---------------------------------------------------------------
   0      -201.616714632                    6.42e-01        0.02
   1      -202.226122668     -6.09e-01      3.74e-01        0.02
   2      -202.211965514      1.42e-02      5.90e-02        0.02
   3      -202.229673878     -1.77e-02      1.20e-02        0.02
   4      -202.242101065     -1.24e-02      2.56e-03        0.05
   5      -202.242644180     -5.43e-04      6.61e-04        0.05
   6      -202.242661620     -1.74e-05      1.66e-04        0.02
   7      -202.242662396     -7.76e-07      4.30e-05        0.02
   8      -202.242662457     -6.05e-08      1.90e-05        0.02
   9      -202.242662464     -6.93e-09      8.10e-06        0.02
  10      -202.242662465     -1.68e-09      2.84e-06        0.02

 SCF converged in 9 iterations.

 Entropy contribution (-ST):             0.000000000
 Dipole moment (in Debye):              -1.631668       4.800409      -0.463794
 Setting up Delta-SCF
 Ground-Excited state overlap:           0.000000000
 No correction applied to the TDM.
 Excitation energy:                      0.111052859
 Excitation energy (in eV):              3.021902231
 Transition dipole:                      2.82117      -0.87005       0.62417
 Saving results in set 'frame_1235'

 --------------------------------------------------------------------------------

 End time:                               Mon May 24 15:46:35 2021
 Total wall-clock time:                  0.568 seconds
==================================================================================
