
================================================================================
          _____________ ________ _______________ ________     _________         
         / ___________// ______ \\_____   _____// ______ \   / ________)        
        / /_________  / /      \ \     | |     / /      \ \ | (_______          
       |  __________|| |        | |    | |    | |        | | \________ \        
        \ \_________ | |        | |    | |     \ \______/ /___________) |       
         \__________||_|        |_|    |_|      \________//____________/        
                                                                                
====================================[ Qcore ]===================================

 Git hash:   b27a5f96910dca04bf09adb1496985de0081c8b6
 Git date:   Tue, 11 May 2021 09:58:05 -0400
 Compiler:   AppleClang 10.0.1.10010046
 Build type: Release
 Version:    1.2.0

 Start time: Mon May 24 15:48:58 2021

 Data directory: /Users/of15641/qcore/cmake-build-release/share/entos/1.2.0/data
 Number of threads: 2
 Number of threads was determined by: number of physical cores

 --------------------------------------------------------------------------------
                                  command: bchla                                 
 --------------------------------------------------------------------------------
 XTB basis setup:                        reference basis
 Number of basis functions:            404
 GFN version:                            gfn1
 Integral screening threshold:           1.00e-10
 Total charge:                           0.000000000
 Number of electrons:                  344.000000000
 Electronic temperature (Kelvin):        0.000000000

 D3BJ energy:                           -0.100859394
 Repulsive energy:                       2.381593487

 ------------------------------------------------
  Running self-consistent charge (SCC) algorithm 
 ------------------------------------------------
 Broyden mixing factor:                  0.40
 Max number of iterations:             128
 Conv. threshold (charge):               1.00e-05
 Conv. threshold (energy):               1.00e-06
 Initial guess:                          SAD

 ---------------------------------------------------------------
                  energy        change          grad        time
 ---------------------------------------------------------------
   0      -201.614368565                    6.41e-01        0.02
   1      -202.240221006     -6.26e-01      3.74e-01        0.02
   2      -202.223227684      1.70e-02      6.16e-02        0.02
   3      -202.243808745     -2.06e-02      1.16e-02        0.02
   4      -202.256212691     -1.24e-02      2.40e-03        0.02
   5      -202.256727475     -5.15e-04      6.53e-04        0.02
   6      -202.256747318     -1.98e-05      1.65e-04        0.02
   7      -202.256748402     -1.08e-06      5.28e-05        0.02
   8      -202.256748634     -2.32e-07      2.03e-05        0.02
   9      -202.256748647     -1.36e-08      7.26e-06        0.02
  10      -202.256748648     -6.08e-10      2.49e-06        0.02

 SCF converged in 9 iterations.

 Entropy contribution (-ST):             0.000000000
 Dipole moment (in Debye):              -4.545818       4.073753       0.092914
 Setting up Delta-SCF
 Ground-Excited state overlap:           0.000000000
 No correction applied to the TDM.
 Excitation energy:                      0.106398639
 Excitation energy (in eV):              2.895254472
 Transition dipole:                      3.02767      -0.48004      -1.67923
 Saving results in set 'frame_1452'

 --------------------------------------------------------------------------------

 End time:                               Mon May 24 15:48:59 2021
 Total wall-clock time:                  0.541 seconds
==================================================================================
