
================================================================================
          _____________ ________ _______________ ________     _________         
         / ___________// ______ \\_____   _____// ______ \   / ________)        
        / /_________  / /      \ \     | |     / /      \ \ | (_______          
       |  __________|| |        | |    | |    | |        | | \________ \        
        \ \_________ | |        | |    | |     \ \______/ /___________) |       
         \__________||_|        |_|    |_|      \________//____________/        
                                                                                
====================================[ Qcore ]===================================

 Git hash:   b27a5f96910dca04bf09adb1496985de0081c8b6
 Git date:   Tue, 11 May 2021 09:58:05 -0400
 Compiler:   AppleClang 10.0.1.10010046
 Build type: Release
 Version:    1.2.0

 Start time: Mon May 24 16:03:21 2021

 Data directory: /Users/of15641/qcore/cmake-build-release/share/entos/1.2.0/data
 Number of threads: 2
 Number of threads was determined by: number of physical cores

 --------------------------------------------------------------------------------
                                  command: bchla                                 
 --------------------------------------------------------------------------------
 XTB basis setup:                        reference basis
 Number of basis functions:            404
 GFN version:                            gfn1
 Integral screening threshold:           1.00e-10
 Total charge:                           0.000000000
 Number of electrons:                  344.000000000
 Electronic temperature (Kelvin):        0.000000000

 D3BJ energy:                           -0.094534102
 Repulsive energy:                       2.546796947

 ------------------------------------------------
  Running self-consistent charge (SCC) algorithm 
 ------------------------------------------------
 Broyden mixing factor:                  0.40
 Max number of iterations:             128
 Conv. threshold (charge):               1.00e-05
 Conv. threshold (energy):               1.00e-06
 Initial guess:                          SAD

 ---------------------------------------------------------------
                  energy        change          grad        time
 ---------------------------------------------------------------
   0      -201.674498014                    6.42e-01        0.03
   1      -202.250607375     -5.76e-01      3.75e-01        0.02
   2      -202.245252879      5.35e-03      5.60e-02        0.02
   3      -202.259994910     -1.47e-02      7.90e-03        0.02
   4      -202.264970026     -4.98e-03      2.07e-03        0.02
   5      -202.265349442     -3.79e-04      7.05e-04        0.03
   6      -202.265377787     -2.83e-05      1.50e-04        0.03
   7      -202.265378499     -7.12e-07      4.89e-05        0.03
   8      -202.265378705     -2.06e-07      1.62e-05        0.03
   9      -202.265378714     -9.62e-09      5.66e-06        0.03
  10      -202.265378715     -8.93e-10      1.91e-06        0.04

 SCF converged in 9 iterations.

 Entropy contribution (-ST):             0.000000000
 Dipole moment (in Debye):              -0.038297      -0.288214      -3.989986
 Setting up Delta-SCF
 Ground-Excited state overlap:           0.000000000
 No correction applied to the TDM.
 Excitation energy:                      0.112302409
 Excitation energy (in eV):              3.055904215
 Transition dipole:                     -1.64813       1.33450       2.62667
 Saving results in set 'frame_672'

 --------------------------------------------------------------------------------

 End time:                               Mon May 24 16:03:22 2021
 Total wall-clock time:                  0.763 seconds
==================================================================================
