
================================================================================
          _____________ ________ _______________ ________     _________         
         / ___________// ______ \\_____   _____// ______ \   / ________)        
        / /_________  / /      \ \     | |     / /      \ \ | (_______          
       |  __________|| |        | |    | |    | |        | | \________ \        
        \ \_________ | |        | |    | |     \ \______/ /___________) |       
         \__________||_|        |_|    |_|      \________//____________/        
                                                                                
====================================[ Qcore ]===================================

 Git hash:   b27a5f96910dca04bf09adb1496985de0081c8b6
 Git date:   Tue, 11 May 2021 09:58:05 -0400
 Compiler:   AppleClang 10.0.1.10010046
 Build type: Release
 Version:    1.2.0

 Start time: Mon May 24 16:05:29 2021

 Data directory: /Users/of15641/qcore/cmake-build-release/share/entos/1.2.0/data
 Number of threads: 2
 Number of threads was determined by: number of physical cores

 --------------------------------------------------------------------------------
                                  command: bchla                                 
 --------------------------------------------------------------------------------
 XTB basis setup:                        reference basis
 Number of basis functions:            404
 GFN version:                            gfn1
 Integral screening threshold:           1.00e-10
 Total charge:                           0.000000000
 Number of electrons:                  344.000000000
 Electronic temperature (Kelvin):        0.000000000

 D3BJ energy:                           -0.093971576
 Repulsive energy:                       2.551144721

 ------------------------------------------------
  Running self-consistent charge (SCC) algorithm 
 ------------------------------------------------
 Broyden mixing factor:                  0.40
 Max number of iterations:             128
 Conv. threshold (charge):               1.00e-05
 Conv. threshold (energy):               1.00e-06
 Initial guess:                          SAD

 ---------------------------------------------------------------
                  energy        change          grad        time
 ---------------------------------------------------------------
   0      -201.606868517                    6.44e-01        0.04
   1      -202.204699510     -5.98e-01      3.76e-01        0.03
   2      -202.188067537      1.66e-02      5.84e-02        0.03
   3      -202.210232371     -2.22e-02      1.11e-02        0.03
   4      -202.222536432     -1.23e-02      2.19e-03        0.03
   5      -202.222992512     -4.56e-04      6.87e-04        0.03
   6      -202.223017608     -2.51e-05      1.55e-04        0.02
   7      -202.223018339     -7.31e-07      4.65e-05        0.02
   8      -202.223018405     -6.59e-08      2.19e-05        0.02
   9      -202.223018412     -7.86e-09      1.14e-05        0.02
  10      -202.223018417     -4.62e-09      2.83e-06        0.02
  11      -202.223018417     -1.79e-10      8.86e-07        0.02

 SCF converged in 10 iterations.

 Entropy contribution (-ST):             0.000000000
 Dipole moment (in Debye):              -0.373450       1.682144      -0.107405
 Setting up Delta-SCF
 Ground-Excited state overlap:          -0.000000000
 No correction applied to the TDM.
 Excitation energy:                      0.106153415
 Excitation energy (in eV):              2.888581587
 Transition dipole:                     -2.02605      -0.52540       2.76204
 Saving results in set 'frame_797'

 --------------------------------------------------------------------------------

 End time:                               Mon May 24 16:05:30 2021
 Total wall-clock time:                  0.693 seconds
==================================================================================
