
================================================================================
          _____________ ________ _______________ ________     _________         
         / ___________// ______ \\_____   _____// ______ \   / ________)        
        / /_________  / /      \ \     | |     / /      \ \ | (_______          
       |  __________|| |        | |    | |    | |        | | \________ \        
        \ \_________ | |        | |    | |     \ \______/ /___________) |       
         \__________||_|        |_|    |_|      \________//____________/        
                                                                                
====================================[ Qcore ]===================================

 Git hash:   b27a5f96910dca04bf09adb1496985de0081c8b6
 Git date:   Tue, 11 May 2021 09:58:05 -0400
 Compiler:   AppleClang 10.0.1.10010046
 Build type: Release
 Version:    1.2.0

 Start time: Mon May 24 15:54:02 2021

 Data directory: /Users/of15641/qcore/cmake-build-release/share/entos/1.2.0/data
 Number of threads: 2
 Number of threads was determined by: number of physical cores

 --------------------------------------------------------------------------------
                                  command: bchla                                 
 --------------------------------------------------------------------------------
 XTB basis setup:                        reference basis
 Number of basis functions:            404
 GFN version:                            gfn1
 Integral screening threshold:           1.00e-10
 Total charge:                           0.000000000
 Number of electrons:                  344.000000000
 Electronic temperature (Kelvin):        0.000000000

 D3BJ energy:                           -0.095379042
 Repulsive energy:                       2.514921551

 ------------------------------------------------
  Running self-consistent charge (SCC) algorithm 
 ------------------------------------------------
 Broyden mixing factor:                  0.40
 Max number of iterations:             128
 Conv. threshold (charge):               1.00e-05
 Conv. threshold (energy):               1.00e-06
 Initial guess:                          SAD

 ---------------------------------------------------------------
                  energy        change          grad        time
 ---------------------------------------------------------------
   0      -201.629394013                    6.42e-01        0.03
   1      -202.219401998     -5.90e-01      3.75e-01        0.02
   2      -202.205914836      1.35e-02      5.78e-02        0.03
   3      -202.224010997     -1.81e-02      1.11e-02        0.02
   4      -202.235721131     -1.17e-02      2.32e-03        0.02
   5      -202.236191480     -4.70e-04      6.83e-04        0.02
   6      -202.236213659     -2.22e-05      1.89e-04        0.02
   7      -202.236215831     -2.17e-06      6.50e-05        0.02
   8      -202.236216276     -4.45e-07      1.98e-05        0.02
   9      -202.236216282     -5.61e-09      7.30e-06        0.02
  10      -202.236216283     -5.07e-10      2.44e-06        0.03

 SCF converged in 9 iterations.

 Entropy contribution (-ST):             0.000000000
 Dipole moment (in Debye):               1.018302       4.444187       2.507132
 Setting up Delta-SCF
 Ground-Excited state overlap:          -0.000000000
 No correction applied to the TDM.
 Excitation energy:                      0.109731281
 Excitation energy (in eV):              2.985940273
 Transition dipole:                      2.97939       1.92762       0.13075
 Saving results in set 'frame_1813'

 --------------------------------------------------------------------------------

 End time:                               Mon May 24 15:54:03 2021
 Total wall-clock time:                  0.616 seconds
==================================================================================
