
================================================================================
          _____________ ________ _______________ ________     _________         
         / ___________// ______ \\_____   _____// ______ \   / ________)        
        / /_________  / /      \ \     | |     / /      \ \ | (_______          
       |  __________|| |        | |    | |    | |        | | \________ \        
        \ \_________ | |        | |    | |     \ \______/ /___________) |       
         \__________||_|        |_|    |_|      \________//____________/        
                                                                                
====================================[ Qcore ]===================================

 Git hash:   b27a5f96910dca04bf09adb1496985de0081c8b6
 Git date:   Tue, 11 May 2021 09:58:05 -0400
 Compiler:   AppleClang 10.0.1.10010046
 Build type: Release
 Version:    1.2.0

 Start time: Mon May 24 16:06:36 2021

 Data directory: /Users/of15641/qcore/cmake-build-release/share/entos/1.2.0/data
 Number of threads: 2
 Number of threads was determined by: number of physical cores

 --------------------------------------------------------------------------------
                                  command: bchla                                 
 --------------------------------------------------------------------------------
 XTB basis setup:                        reference basis
 Number of basis functions:            404
 GFN version:                            gfn1
 Integral screening threshold:           1.00e-10
 Total charge:                           0.000000000
 Number of electrons:                  344.000000000
 Electronic temperature (Kelvin):        0.000000000

 D3BJ energy:                           -0.095443404
 Repulsive energy:                       2.501238960

 ------------------------------------------------
  Running self-consistent charge (SCC) algorithm 
 ------------------------------------------------
 Broyden mixing factor:                  0.40
 Max number of iterations:             128
 Conv. threshold (charge):               1.00e-05
 Conv. threshold (energy):               1.00e-06
 Initial guess:                          SAD

 ---------------------------------------------------------------
                  energy        change          grad        time
 ---------------------------------------------------------------
   0      -201.647211209                    6.43e-01        0.02
   1      -202.257612605     -6.10e-01      3.75e-01        0.02
   2      -202.241211039      1.64e-02      5.94e-02        0.02
   3      -202.261122658     -1.99e-02      1.15e-02        0.02
   4      -202.274051699     -1.29e-02      2.19e-03        0.02
   5      -202.274459420     -4.08e-04      6.83e-04        0.02
   6      -202.274483426     -2.40e-05      1.98e-04        0.02
   7      -202.274485580     -2.15e-06      6.96e-05        0.02
   8      -202.274486101     -5.22e-07      2.10e-05        0.02
   9      -202.274486111     -9.84e-09      7.86e-06        0.02
  10      -202.274486112     -3.74e-10      2.47e-06        0.02

 SCF converged in 9 iterations.

 Entropy contribution (-ST):             0.000000000
 Dipole moment (in Debye):               3.812442      -1.842855      -3.995125
 Setting up Delta-SCF
 Ground-Excited state overlap:          -0.000000000
 No correction applied to the TDM.
 Excitation energy:                      0.104058223
 Excitation energy (in eV):              2.831568491
 Transition dipole:                      0.41554      -1.47491      -3.23469
 Saving results in set 'frame_878'

 --------------------------------------------------------------------------------

 End time:                               Mon May 24 16:06:37 2021
 Total wall-clock time:                  0.580 seconds
==================================================================================
