
================================================================================
          _____________ ________ _______________ ________     _________         
         / ___________// ______ \\_____   _____// ______ \   / ________)        
        / /_________  / /      \ \     | |     / /      \ \ | (_______          
       |  __________|| |        | |    | |    | |        | | \________ \        
        \ \_________ | |        | |    | |     \ \______/ /___________) |       
         \__________||_|        |_|    |_|      \________//____________/        
                                                                                
====================================[ Qcore ]===================================

 Git hash:   b27a5f96910dca04bf09adb1496985de0081c8b6
 Git date:   Tue, 11 May 2021 09:58:05 -0400
 Compiler:   AppleClang 10.0.1.10010046
 Build type: Release
 Version:    1.2.0

 Start time: Mon May 24 15:49:45 2021

 Data directory: /Users/of15641/qcore/cmake-build-release/share/entos/1.2.0/data
 Number of threads: 2
 Number of threads was determined by: number of physical cores

 --------------------------------------------------------------------------------
                                  command: bchla                                 
 --------------------------------------------------------------------------------
 XTB basis setup:                        reference basis
 Number of basis functions:            404
 GFN version:                            gfn1
 Integral screening threshold:           1.00e-10
 Total charge:                           0.000000000
 Number of electrons:                  344.000000000
 Electronic temperature (Kelvin):        0.000000000

 D3BJ energy:                           -0.102803461
 Repulsive energy:                       2.526696452

 ------------------------------------------------
  Running self-consistent charge (SCC) algorithm 
 ------------------------------------------------
 Broyden mixing factor:                  0.40
 Max number of iterations:             128
 Conv. threshold (charge):               1.00e-05
 Conv. threshold (energy):               1.00e-06
 Initial guess:                          SAD

 ---------------------------------------------------------------
                  energy        change          grad        time
 ---------------------------------------------------------------
   0      -201.658724680                    6.43e-01        0.03
   1      -202.251095661     -5.92e-01      3.75e-01        0.03
   2      -202.224827334      2.63e-02      5.86e-02        0.03
   3      -202.248212444     -2.34e-02      1.41e-02        0.03
   4      -202.269233856     -2.10e-02      2.36e-03        0.02
   5      -202.269699225     -4.65e-04      6.37e-04        0.02
   6      -202.269713728     -1.45e-05      1.66e-04        0.03
   7      -202.269714479     -7.51e-07      4.91e-05        0.02
   8      -202.269714613     -1.34e-07      2.24e-05        0.03
   9      -202.269714629     -1.66e-08      9.00e-06        0.02
  10      -202.269714630     -6.78e-10      2.93e-06        0.02

 SCF converged in 9 iterations.

 Entropy contribution (-ST):             0.000000000
 Dipole moment (in Debye):              -2.000222       4.152873      -0.531725
 Setting up Delta-SCF
 Ground-Excited state overlap:           0.000000000
 No correction applied to the TDM.
 Excitation energy:                      0.109207182
 Excitation energy (in eV):              2.971678819
 Transition dipole:                     -1.12761       2.94120       1.04514
 Saving results in set 'frame_1510'

 --------------------------------------------------------------------------------

 End time:                               Mon May 24 15:49:46 2021
 Total wall-clock time:                  0.685 seconds
==================================================================================
