
================================================================================
          _____________ ________ _______________ ________     _________         
         / ___________// ______ \\_____   _____// ______ \   / ________)        
        / /_________  / /      \ \     | |     / /      \ \ | (_______          
       |  __________|| |        | |    | |    | |        | | \________ \        
        \ \_________ | |        | |    | |     \ \______/ /___________) |       
         \__________||_|        |_|    |_|      \________//____________/        
                                                                                
====================================[ Qcore ]===================================

 Git hash:   b27a5f96910dca04bf09adb1496985de0081c8b6
 Git date:   Tue, 11 May 2021 09:58:05 -0400
 Compiler:   AppleClang 10.0.1.10010046
 Build type: Release
 Version:    1.2.0

 Start time: Mon May 24 16:07:26 2021

 Data directory: /Users/of15641/qcore/cmake-build-release/share/entos/1.2.0/data
 Number of threads: 2
 Number of threads was determined by: number of physical cores

 --------------------------------------------------------------------------------
                                  command: bchla                                 
 --------------------------------------------------------------------------------
 XTB basis setup:                        reference basis
 Number of basis functions:            404
 GFN version:                            gfn1
 Integral screening threshold:           1.00e-10
 Total charge:                           0.000000000
 Number of electrons:                  344.000000000
 Electronic temperature (Kelvin):        0.000000000

 D3BJ energy:                           -0.097128352
 Repulsive energy:                       2.536134436

 ------------------------------------------------
  Running self-consistent charge (SCC) algorithm 
 ------------------------------------------------
 Broyden mixing factor:                  0.40
 Max number of iterations:             128
 Conv. threshold (charge):               1.00e-05
 Conv. threshold (energy):               1.00e-06
 Initial guess:                          SAD

 ---------------------------------------------------------------
                  energy        change          grad        time
 ---------------------------------------------------------------
   0      -201.703381129                    6.43e-01        0.02
   1      -202.292208394     -5.89e-01      3.75e-01        0.02
   2      -202.275182308      1.70e-02      5.79e-02        0.02
   3      -202.292401561     -1.72e-02      1.20e-02        0.02
   4      -202.307992068     -1.56e-02      2.13e-03        0.02
   5      -202.308393351     -4.01e-04      6.30e-04        0.02
   6      -202.308409468     -1.61e-05      1.35e-04        0.02
   7      -202.308409883     -4.15e-07      3.89e-05        0.02
   8      -202.308409923     -4.04e-08      1.89e-05        0.02
   9      -202.308409932     -9.09e-09      7.19e-06        0.02
  10      -202.308409934     -1.56e-09      2.70e-06        0.02

 SCF converged in 9 iterations.

 Entropy contribution (-ST):             0.000000000
 Dipole moment (in Debye):              -0.024539      -0.341770      -4.542602
 Setting up Delta-SCF
 Ground-Excited state overlap:           0.000000000
 No correction applied to the TDM.
 Excitation energy:                      0.111149510
 Excitation energy (in eV):              3.024532241
 Transition dipole:                     -1.56327       0.05936       3.02919
 Saving results in set 'frame_947'

 --------------------------------------------------------------------------------

 End time:                               Mon May 24 16:07:27 2021
 Total wall-clock time:                  0.569 seconds
==================================================================================
