
================================================================================
          _____________ ________ _______________ ________     _________         
         / ___________// ______ \\_____   _____// ______ \   / ________)        
        / /_________  / /      \ \     | |     / /      \ \ | (_______          
       |  __________|| |        | |    | |    | |        | | \________ \        
        \ \_________ | |        | |    | |     \ \______/ /___________) |       
         \__________||_|        |_|    |_|      \________//____________/        
                                                                                
====================================[ Qcore ]===================================

 Git hash:   b27a5f96910dca04bf09adb1496985de0081c8b6
 Git date:   Tue, 11 May 2021 09:58:05 -0400
 Compiler:   AppleClang 10.0.1.10010046
 Build type: Release
 Version:    1.2.0

 Start time: Mon May 24 16:01:38 2021

 Data directory: /Users/of15641/qcore/cmake-build-release/share/entos/1.2.0/data
 Number of threads: 2
 Number of threads was determined by: number of physical cores

 --------------------------------------------------------------------------------
                                  command: bchla                                 
 --------------------------------------------------------------------------------
 XTB basis setup:                        reference basis
 Number of basis functions:            404
 GFN version:                            gfn1
 Integral screening threshold:           1.00e-10
 Total charge:                           0.000000000
 Number of electrons:                  344.000000000
 Electronic temperature (Kelvin):        0.000000000

 D3BJ energy:                           -0.096508652
 Repulsive energy:                       2.577232675

 ------------------------------------------------
  Running self-consistent charge (SCC) algorithm 
 ------------------------------------------------
 Broyden mixing factor:                  0.40
 Max number of iterations:             128
 Conv. threshold (charge):               1.00e-05
 Conv. threshold (energy):               1.00e-06
 Initial guess:                          SAD

 ---------------------------------------------------------------
                  energy        change          grad        time
 ---------------------------------------------------------------
   0      -201.688759657                    6.44e-01        0.05
   1      -202.282798877     -5.94e-01      3.76e-01        0.05
   2      -202.267019473      1.58e-02      5.74e-02        0.04
   3      -202.283601562     -1.66e-02      1.25e-02        0.05
   4      -202.299076625     -1.55e-02      2.28e-03        0.04
   5      -202.299531143     -4.55e-04      6.26e-04        0.04
   6      -202.299547023     -1.59e-05      1.47e-04        0.04
   7      -202.299547677     -6.54e-07      4.35e-05        0.04
   8      -202.299547813     -1.36e-07      1.98e-05        0.05
   9      -202.299547826     -1.29e-08      7.55e-06        0.06
  10      -202.299547826     -6.13e-10      2.58e-06        0.05

 SCF converged in 9 iterations.

 Entropy contribution (-ST):             0.000000000
 Dipole moment (in Debye):              -5.171727       2.032809      -0.181436
 Setting up Delta-SCF
 Ground-Excited state overlap:          -0.000000000
 No correction applied to the TDM.
 Excitation energy:                      0.111656687
 Excitation energy (in eV):              3.038333224
 Transition dipole:                      2.36565      -1.51166       2.14793
 Saving results in set 'frame_553'

 --------------------------------------------------------------------------------

 End time:                               Mon May 24 16:01:39 2021
 Total wall-clock time:                  1.160 seconds
==================================================================================
