
================================================================================
          _____________ ________ _______________ ________     _________         
         / ___________// ______ \\_____   _____// ______ \   / ________)        
        / /_________  / /      \ \     | |     / /      \ \ | (_______          
       |  __________|| |        | |    | |    | |        | | \________ \        
        \ \_________ | |        | |    | |     \ \______/ /___________) |       
         \__________||_|        |_|    |_|      \________//____________/        
                                                                                
====================================[ Qcore ]===================================

 Git hash:   b27a5f96910dca04bf09adb1496985de0081c8b6
 Git date:   Tue, 11 May 2021 09:58:05 -0400
 Compiler:   AppleClang 10.0.1.10010046
 Build type: Release
 Version:    1.2.0

 Start time: Mon May 24 15:49:40 2021

 Data directory: /Users/of15641/qcore/cmake-build-release/share/entos/1.2.0/data
 Number of threads: 2
 Number of threads was determined by: number of physical cores

 --------------------------------------------------------------------------------
                                  command: bchla                                 
 --------------------------------------------------------------------------------
 XTB basis setup:                        reference basis
 Number of basis functions:            404
 GFN version:                            gfn1
 Integral screening threshold:           1.00e-10
 Total charge:                           0.000000000
 Number of electrons:                  344.000000000
 Electronic temperature (Kelvin):        0.000000000

 D3BJ energy:                           -0.104112235
 Repulsive energy:                       2.552662659

 ------------------------------------------------
  Running self-consistent charge (SCC) algorithm 
 ------------------------------------------------
 Broyden mixing factor:                  0.40
 Max number of iterations:             128
 Conv. threshold (charge):               1.00e-05
 Conv. threshold (energy):               1.00e-06
 Initial guess:                          SAD

 ---------------------------------------------------------------
                  energy        change          grad        time
 ---------------------------------------------------------------
   0      -201.617836530                    6.43e-01        0.04
   1      -202.220121242     -6.02e-01      3.75e-01        0.03
   2      -202.204572622      1.55e-02      5.86e-02        0.03
   3      -202.222591021     -1.80e-02      1.23e-02        0.02
   4      -202.236616832     -1.40e-02      2.22e-03        0.03
   5      -202.237029898     -4.13e-04      6.87e-04        0.02
   6      -202.237052973     -2.31e-05      1.49e-04        0.04
   7      -202.237053714     -7.42e-07      3.95e-05        0.02
   8      -202.237053747     -3.30e-08      1.89e-05        0.02
   9      -202.237053751     -4.10e-09      7.06e-06        0.03
  10      -202.237053752     -9.31e-10      2.87e-06        0.02

 SCF converged in 9 iterations.

 Entropy contribution (-ST):             0.000000000
 Dipole moment (in Debye):              -3.343440       4.870178      -0.563320
 Setting up Delta-SCF
 Ground-Excited state overlap:           0.000000000
 No correction applied to the TDM.
 Excitation energy:                      0.107472389
 Excitation energy (in eV):              2.924472681
 Transition dipole:                     -1.93805       2.68827      -0.99453
 Saving results in set 'frame_1504'

 --------------------------------------------------------------------------------

 End time:                               Mon May 24 15:49:40 2021
 Total wall-clock time:                  0.674 seconds
==================================================================================
