
================================================================================
          _____________ ________ _______________ ________     _________         
         / ___________// ______ \\_____   _____// ______ \   / ________)        
        / /_________  / /      \ \     | |     / /      \ \ | (_______          
       |  __________|| |        | |    | |    | |        | | \________ \        
        \ \_________ | |        | |    | |     \ \______/ /___________) |       
         \__________||_|        |_|    |_|      \________//____________/        
                                                                                
====================================[ Qcore ]===================================

 Git hash:   b27a5f96910dca04bf09adb1496985de0081c8b6
 Git date:   Tue, 11 May 2021 09:58:05 -0400
 Compiler:   AppleClang 10.0.1.10010046
 Build type: Release
 Version:    1.2.0

 Start time: Mon May 24 15:46:39 2021

 Data directory: /Users/of15641/qcore/cmake-build-release/share/entos/1.2.0/data
 Number of threads: 2
 Number of threads was determined by: number of physical cores

 --------------------------------------------------------------------------------
                                  command: bchla                                 
 --------------------------------------------------------------------------------
 XTB basis setup:                        reference basis
 Number of basis functions:            404
 GFN version:                            gfn1
 Integral screening threshold:           1.00e-10
 Total charge:                           0.000000000
 Number of electrons:                  344.000000000
 Electronic temperature (Kelvin):        0.000000000

 D3BJ energy:                           -0.098628100
 Repulsive energy:                       2.423144980

 ------------------------------------------------
  Running self-consistent charge (SCC) algorithm 
 ------------------------------------------------
 Broyden mixing factor:                  0.40
 Max number of iterations:             128
 Conv. threshold (charge):               1.00e-05
 Conv. threshold (energy):               1.00e-06
 Initial guess:                          SAD

 ---------------------------------------------------------------
                  energy        change          grad        time
 ---------------------------------------------------------------
   0      -201.709222836                    6.41e-01        0.02
   1      -202.292468646     -5.83e-01      3.74e-01        0.02
   2      -202.285638103      6.83e-03      5.69e-02        0.02
   3      -202.301178207     -1.55e-02      8.94e-03        0.02
   4      -202.307192325     -6.01e-03      2.28e-03        0.02
   5      -202.307616040     -4.24e-04      7.22e-04        0.02
   6      -202.307644455     -2.84e-05      1.56e-04        0.02
   7      -202.307645238     -7.83e-07      3.67e-05        0.02
   8      -202.307645276     -3.82e-08      1.51e-05        0.02
   9      -202.307645280     -3.74e-09      5.35e-06        0.02
  10      -202.307645281     -9.72e-10      2.54e-06        0.02

 SCF converged in 9 iterations.

 Entropy contribution (-ST):             0.000000000
 Dipole moment (in Debye):               0.260769       5.204144      -0.017064
 Setting up Delta-SCF
 Ground-Excited state overlap:           0.000000000
 No correction applied to the TDM.
 Excitation energy:                      0.110622032
 Excitation energy (in eV):              3.010178840
 Transition dipole:                      2.77700       0.32304       0.14219
 Saving results in set 'frame_1242'

 --------------------------------------------------------------------------------

 End time:                               Mon May 24 15:46:39 2021
 Total wall-clock time:                  0.489 seconds
==================================================================================
