
================================================================================
          _____________ ________ _______________ ________     _________         
         / ___________// ______ \\_____   _____// ______ \   / ________)        
        / /_________  / /      \ \     | |     / /      \ \ | (_______          
       |  __________|| |        | |    | |    | |        | | \________ \        
        \ \_________ | |        | |    | |     \ \______/ /___________) |       
         \__________||_|        |_|    |_|      \________//____________/        
                                                                                
====================================[ Qcore ]===================================

 Git hash:   b27a5f96910dca04bf09adb1496985de0081c8b6
 Git date:   Tue, 11 May 2021 09:58:05 -0400
 Compiler:   AppleClang 10.0.1.10010046
 Build type: Release
 Version:    1.2.0

 Start time: Mon May 24 15:44:37 2021

 Data directory: /Users/of15641/qcore/cmake-build-release/share/entos/1.2.0/data
 Number of threads: 2
 Number of threads was determined by: number of physical cores

 --------------------------------------------------------------------------------
                                  command: bchla                                 
 --------------------------------------------------------------------------------
 XTB basis setup:                        reference basis
 Number of basis functions:            404
 GFN version:                            gfn1
 Integral screening threshold:           1.00e-10
 Total charge:                           0.000000000
 Number of electrons:                  344.000000000
 Electronic temperature (Kelvin):        0.000000000

 D3BJ energy:                           -0.095705567
 Repulsive energy:                       2.517760374

 ------------------------------------------------
  Running self-consistent charge (SCC) algorithm 
 ------------------------------------------------
 Broyden mixing factor:                  0.40
 Max number of iterations:             128
 Conv. threshold (charge):               1.00e-05
 Conv. threshold (energy):               1.00e-06
 Initial guess:                          SAD

 ---------------------------------------------------------------
                  energy        change          grad        time
 ---------------------------------------------------------------
   0      -201.645011610                    6.43e-01        0.02
   1      -202.250216823     -6.05e-01      3.75e-01        0.02
   2      -202.227188422      2.30e-02      5.98e-02        0.02
   3      -202.252021291     -2.48e-02      1.34e-02        0.02
   4      -202.268519786     -1.65e-02      2.29e-03        0.02
   5      -202.268932593     -4.13e-04      6.21e-04        0.02
   6      -202.268946352     -1.38e-05      1.43e-04        0.02
   7      -202.268946935     -5.82e-07      3.83e-05        0.02
   8      -202.268946965     -3.07e-08      1.74e-05        0.02
   9      -202.268946969     -3.46e-09      6.80e-06        0.02
  10      -202.268946970     -1.30e-09      2.56e-06        0.02

 SCF converged in 9 iterations.

 Entropy contribution (-ST):             0.000000000
 Dipole moment (in Debye):              -2.778449      -1.127930      -5.943965
 Setting up Delta-SCF
 Ground-Excited state overlap:           0.000000000
 No correction applied to the TDM.
 Excitation energy:                      0.112250900
 Excitation energy (in eV):              3.054502608
 Transition dipole:                     -1.68908      -1.33535      -2.54891
 Saving results in set 'frame_1067'

 --------------------------------------------------------------------------------

 End time:                               Mon May 24 15:44:37 2021
 Total wall-clock time:                  0.514 seconds
==================================================================================
