
================================================================================
          _____________ ________ _______________ ________     _________         
         / ___________// ______ \\_____   _____// ______ \   / ________)        
        / /_________  / /      \ \     | |     / /      \ \ | (_______          
       |  __________|| |        | |    | |    | |        | | \________ \        
        \ \_________ | |        | |    | |     \ \______/ /___________) |       
         \__________||_|        |_|    |_|      \________//____________/        
                                                                                
====================================[ Qcore ]===================================

 Git hash:   b27a5f96910dca04bf09adb1496985de0081c8b6
 Git date:   Tue, 11 May 2021 09:58:05 -0400
 Compiler:   AppleClang 10.0.1.10010046
 Build type: Release
 Version:    1.2.0

 Start time: Mon May 24 16:07:11 2021

 Data directory: /Users/of15641/qcore/cmake-build-release/share/entos/1.2.0/data
 Number of threads: 2
 Number of threads was determined by: number of physical cores

 --------------------------------------------------------------------------------
                                  command: bchla                                 
 --------------------------------------------------------------------------------
 XTB basis setup:                        reference basis
 Number of basis functions:            404
 GFN version:                            gfn1
 Integral screening threshold:           1.00e-10
 Total charge:                           0.000000000
 Number of electrons:                  344.000000000
 Electronic temperature (Kelvin):        0.000000000

 D3BJ energy:                           -0.094666824
 Repulsive energy:                       2.528702195

 ------------------------------------------------
  Running self-consistent charge (SCC) algorithm 
 ------------------------------------------------
 Broyden mixing factor:                  0.40
 Max number of iterations:             128
 Conv. threshold (charge):               1.00e-05
 Conv. threshold (energy):               1.00e-06
 Initial guess:                          SAD

 ---------------------------------------------------------------
                  energy        change          grad        time
 ---------------------------------------------------------------
   0      -201.648046896                    6.43e-01        0.02
   1      -202.249314837     -6.01e-01      3.75e-01        0.02
   2      -202.233527867      1.58e-02      5.82e-02        0.02
   3      -202.251281926     -1.78e-02      1.22e-02        0.02
   4      -202.265849545     -1.46e-02      2.28e-03        0.02
   5      -202.266273085     -4.24e-04      6.13e-04        0.02
   6      -202.266287181     -1.41e-05      1.39e-04        0.02
   7      -202.266287707     -5.26e-07      3.70e-05        0.02
   8      -202.266287733     -2.53e-08      1.57e-05        0.02
   9      -202.266287734     -1.83e-09      5.29e-06        0.02
  10      -202.266287735     -5.85e-10      2.53e-06        0.02

 SCF converged in 9 iterations.

 Entropy contribution (-ST):             0.000000000
 Dipole moment (in Debye):               1.786308      -0.218877      -5.954670
 Setting up Delta-SCF
 Ground-Excited state overlap:          -0.000000000
 No correction applied to the TDM.
 Excitation energy:                      0.111602611
 Excitation energy (in eV):              3.036861749
 Transition dipole:                     -0.81572       0.71629       3.44433
 Saving results in set 'frame_925'

 --------------------------------------------------------------------------------

 End time:                               Mon May 24 16:07:12 2021
 Total wall-clock time:                  0.562 seconds
==================================================================================
