
================================================================================
          _____________ ________ _______________ ________     _________         
         / ___________// ______ \\_____   _____// ______ \   / ________)        
        / /_________  / /      \ \     | |     / /      \ \ | (_______          
       |  __________|| |        | |    | |    | |        | | \________ \        
        \ \_________ | |        | |    | |     \ \______/ /___________) |       
         \__________||_|        |_|    |_|      \________//____________/        
                                                                                
====================================[ Qcore ]===================================

 Git hash:   b27a5f96910dca04bf09adb1496985de0081c8b6
 Git date:   Tue, 11 May 2021 09:58:05 -0400
 Compiler:   AppleClang 10.0.1.10010046
 Build type: Release
 Version:    1.2.0

 Start time: Mon May 24 16:05:21 2021

 Data directory: /Users/of15641/qcore/cmake-build-release/share/entos/1.2.0/data
 Number of threads: 2
 Number of threads was determined by: number of physical cores

 --------------------------------------------------------------------------------
                                  command: bchla                                 
 --------------------------------------------------------------------------------
 XTB basis setup:                        reference basis
 Number of basis functions:            404
 GFN version:                            gfn1
 Integral screening threshold:           1.00e-10
 Total charge:                           0.000000000
 Number of electrons:                  344.000000000
 Electronic temperature (Kelvin):        0.000000000

 D3BJ energy:                           -0.094379953
 Repulsive energy:                       2.465299016

 ------------------------------------------------
  Running self-consistent charge (SCC) algorithm 
 ------------------------------------------------
 Broyden mixing factor:                  0.40
 Max number of iterations:             128
 Conv. threshold (charge):               1.00e-05
 Conv. threshold (energy):               1.00e-06
 Initial guess:                          SAD

 ---------------------------------------------------------------
                  energy        change          grad        time
 ---------------------------------------------------------------
   0      -201.610127207                    6.42e-01        0.03
   1      -202.217838721     -6.08e-01      3.74e-01        0.02
   2      -202.191536489      2.63e-02      6.07e-02        0.02
   3      -202.212370880     -2.08e-02      1.57e-02        0.02
   4      -202.235554674     -2.32e-02      2.85e-03        0.02
   5      -202.236239565     -6.85e-04      7.34e-04        0.02
   6      -202.236259726     -2.02e-05      2.00e-04        0.02
   7      -202.236261583     -1.86e-06      6.63e-05        0.02
   8      -202.236261944     -3.61e-07      2.71e-05        0.02
   9      -202.236261956     -1.24e-08      1.11e-05        0.02
  10      -202.236261957     -9.86e-10      3.12e-06        0.02
  11      -202.236261958     -1.12e-10      1.02e-06        0.02

 SCF converged in 10 iterations.

 Entropy contribution (-ST):             0.000000000
 Dipole moment (in Debye):               1.180680       2.179172      -1.698054
 Setting up Delta-SCF
 Ground-Excited state overlap:          -0.000000000
 No correction applied to the TDM.
 Excitation energy:                      0.109335861
 Excitation energy (in eV):              2.975180357
 Transition dipole:                     -2.00633      -0.74024       2.59165
 Saving results in set 'frame_788'

 --------------------------------------------------------------------------------

 End time:                               Mon May 24 16:05:22 2021
 Total wall-clock time:                  0.640 seconds
==================================================================================
