
================================================================================
          _____________ ________ _______________ ________     _________         
         / ___________// ______ \\_____   _____// ______ \   / ________)        
        / /_________  / /      \ \     | |     / /      \ \ | (_______          
       |  __________|| |        | |    | |    | |        | | \________ \        
        \ \_________ | |        | |    | |     \ \______/ /___________) |       
         \__________||_|        |_|    |_|      \________//____________/        
                                                                                
====================================[ Qcore ]===================================

 Git hash:   b27a5f96910dca04bf09adb1496985de0081c8b6
 Git date:   Tue, 11 May 2021 09:58:05 -0400
 Compiler:   AppleClang 10.0.1.10010046
 Build type: Release
 Version:    1.2.0

 Start time: Mon May 24 15:49:26 2021

 Data directory: /Users/of15641/qcore/cmake-build-release/share/entos/1.2.0/data
 Number of threads: 2
 Number of threads was determined by: number of physical cores

 --------------------------------------------------------------------------------
                                  command: bchla                                 
 --------------------------------------------------------------------------------
 XTB basis setup:                        reference basis
 Number of basis functions:            404
 GFN version:                            gfn1
 Integral screening threshold:           1.00e-10
 Total charge:                           0.000000000
 Number of electrons:                  344.000000000
 Electronic temperature (Kelvin):        0.000000000

 D3BJ energy:                           -0.104893170
 Repulsive energy:                       2.509230864

 ------------------------------------------------
  Running self-consistent charge (SCC) algorithm 
 ------------------------------------------------
 Broyden mixing factor:                  0.40
 Max number of iterations:             128
 Conv. threshold (charge):               1.00e-05
 Conv. threshold (energy):               1.00e-06
 Initial guess:                          SAD

 ---------------------------------------------------------------
                  energy        change          grad        time
 ---------------------------------------------------------------
   0      -201.718926374                    6.42e-01        0.03
   1      -202.301762408     -5.83e-01      3.75e-01        0.02
   2      -202.292952654      8.81e-03      5.74e-02        0.02
   3      -202.309784903     -1.68e-02      9.05e-03        0.02
   4      -202.316106234     -6.32e-03      2.07e-03        0.02
   5      -202.316458620     -3.52e-04      6.60e-04        0.03
   6      -202.316483411     -2.48e-05      1.59e-04        0.16
   7      -202.316484278     -8.67e-07      4.80e-05        0.04
   8      -202.316484479     -2.01e-07      1.66e-05        0.03
   9      -202.316484489     -1.02e-08      5.79e-06        0.03
  10      -202.316484489     -6.17e-10      2.20e-06        0.04

 SCF converged in 9 iterations.

 Entropy contribution (-ST):             0.000000000
 Dipole moment (in Debye):              -2.182348       3.731408      -0.795418
 Setting up Delta-SCF
 Ground-Excited state overlap:          -0.000000000
 No correction applied to the TDM.
 Excitation energy:                      0.106996508
 Excitation energy (in eV):              2.911523318
 Transition dipole:                     -1.91342       1.43861       2.23451
 Saving results in set 'frame_1489'

 --------------------------------------------------------------------------------

 End time:                               Mon May 24 15:49:27 2021
 Total wall-clock time:                  0.833 seconds
==================================================================================
