
================================================================================
          _____________ ________ _______________ ________     _________         
         / ___________// ______ \\_____   _____// ______ \   / ________)        
        / /_________  / /      \ \     | |     / /      \ \ | (_______          
       |  __________|| |        | |    | |    | |        | | \________ \        
        \ \_________ | |        | |    | |     \ \______/ /___________) |       
         \__________||_|        |_|    |_|      \________//____________/        
                                                                                
====================================[ Qcore ]===================================

 Git hash:   b27a5f96910dca04bf09adb1496985de0081c8b6
 Git date:   Tue, 11 May 2021 09:58:05 -0400
 Compiler:   AppleClang 10.0.1.10010046
 Build type: Release
 Version:    1.2.0

 Start time: Mon May 24 15:55:24 2021

 Data directory: /Users/of15641/qcore/cmake-build-release/share/entos/1.2.0/data
 Number of threads: 2
 Number of threads was determined by: number of physical cores

 --------------------------------------------------------------------------------
                                  command: bchla                                 
 --------------------------------------------------------------------------------
 XTB basis setup:                        reference basis
 Number of basis functions:            404
 GFN version:                            gfn1
 Integral screening threshold:           1.00e-10
 Total charge:                           0.000000000
 Number of electrons:                  344.000000000
 Electronic temperature (Kelvin):        0.000000000

 D3BJ energy:                           -0.095107838
 Repulsive energy:                       2.542762680

 ------------------------------------------------
  Running self-consistent charge (SCC) algorithm 
 ------------------------------------------------
 Broyden mixing factor:                  0.40
 Max number of iterations:             128
 Conv. threshold (charge):               1.00e-05
 Conv. threshold (energy):               1.00e-06
 Initial guess:                          SAD

 ---------------------------------------------------------------
                  energy        change          grad        time
 ---------------------------------------------------------------
   0      -201.653314251                    6.43e-01        0.03
   1      -202.245712741     -5.92e-01      3.75e-01        0.02
   2      -202.233916446      1.18e-02      5.74e-02        0.03
   3      -202.249480877     -1.56e-02      1.12e-02        0.02
   4      -202.261332704     -1.19e-02      2.28e-03        0.03
   5      -202.261733699     -4.01e-04      6.39e-04        0.02
   6      -202.261749121     -1.54e-05      1.47e-04        0.03
   7      -202.261749782     -6.61e-07      4.06e-05        0.02
   8      -202.261749875     -9.32e-08      1.91e-05        0.03
   9      -202.261749885     -1.02e-08      6.94e-06        0.03
  10      -202.261749886     -4.65e-10      2.54e-06        0.02

 SCF converged in 9 iterations.

 Entropy contribution (-ST):             0.000000000
 Dipole moment (in Debye):              -3.921574       3.595267       3.111843
 Setting up Delta-SCF
 Ground-Excited state overlap:          -0.000000000
 No correction applied to the TDM.
 Excitation energy:                      0.116054482
 Excitation energy (in eV):              3.158003322
 Transition dipole:                     -2.00411      -1.94676      -0.36135
 Saving results in set 'frame_1925'

 --------------------------------------------------------------------------------

 End time:                               Mon May 24 15:55:25 2021
 Total wall-clock time:                  0.704 seconds
==================================================================================
