
================================================================================
          _____________ ________ _______________ ________     _________         
         / ___________// ______ \\_____   _____// ______ \   / ________)        
        / /_________  / /      \ \     | |     / /      \ \ | (_______          
       |  __________|| |        | |    | |    | |        | | \________ \        
        \ \_________ | |        | |    | |     \ \______/ /___________) |       
         \__________||_|        |_|    |_|      \________//____________/        
                                                                                
====================================[ Qcore ]===================================

 Git hash:   b27a5f96910dca04bf09adb1496985de0081c8b6
 Git date:   Tue, 11 May 2021 09:58:05 -0400
 Compiler:   AppleClang 10.0.1.10010046
 Build type: Release
 Version:    1.2.0

 Start time: Mon May 24 15:44:48 2021

 Data directory: /Users/of15641/qcore/cmake-build-release/share/entos/1.2.0/data
 Number of threads: 2
 Number of threads was determined by: number of physical cores

 --------------------------------------------------------------------------------
                                  command: bchla                                 
 --------------------------------------------------------------------------------
 XTB basis setup:                        reference basis
 Number of basis functions:            404
 GFN version:                            gfn1
 Integral screening threshold:           1.00e-10
 Total charge:                           0.000000000
 Number of electrons:                  344.000000000
 Electronic temperature (Kelvin):        0.000000000

 D3BJ energy:                           -0.094433514
 Repulsive energy:                       2.506321920

 ------------------------------------------------
  Running self-consistent charge (SCC) algorithm 
 ------------------------------------------------
 Broyden mixing factor:                  0.40
 Max number of iterations:             128
 Conv. threshold (charge):               1.00e-05
 Conv. threshold (energy):               1.00e-06
 Initial guess:                          SAD

 ---------------------------------------------------------------
                  energy        change          grad        time
 ---------------------------------------------------------------
   0      -201.660757041                    6.42e-01        0.02
   1      -202.252529665     -5.92e-01      3.75e-01        0.02
   2      -202.235284281      1.72e-02      5.82e-02        0.02
   3      -202.254425519     -1.91e-02      1.23e-02        0.02
   4      -202.269293195     -1.49e-02      2.33e-03        0.02
   5      -202.269765907     -4.73e-04      6.49e-04        0.02
   6      -202.269784314     -1.84e-05      1.62e-04        0.02
   7      -202.269785353     -1.04e-06      5.90e-05        0.02
   8      -202.269785704     -3.51e-07      2.27e-05        0.02
   9      -202.269785717     -1.25e-08      8.50e-06        0.02
  10      -202.269785717     -4.39e-10      2.67e-06        0.02

 SCF converged in 9 iterations.

 Entropy contribution (-ST):             0.000000000
 Dipole moment (in Debye):               0.592967      -0.156215      -5.574689
 Setting up Delta-SCF
 Ground-Excited state overlap:          -0.000000000
 No correction applied to the TDM.
 Excitation energy:                      0.110995483
 Excitation energy (in eV):              3.020340970
 Transition dipole:                      1.71264       0.10518       3.32813
 Saving results in set 'frame_1085'

 --------------------------------------------------------------------------------

 End time:                               Mon May 24 15:44:48 2021
 Total wall-clock time:                  0.494 seconds
==================================================================================
