
================================================================================
          _____________ ________ _______________ ________     _________         
         / ___________// ______ \\_____   _____// ______ \   / ________)        
        / /_________  / /      \ \     | |     / /      \ \ | (_______          
       |  __________|| |        | |    | |    | |        | | \________ \        
        \ \_________ | |        | |    | |     \ \______/ /___________) |       
         \__________||_|        |_|    |_|      \________//____________/        
                                                                                
====================================[ Qcore ]===================================

 Git hash:   b27a5f96910dca04bf09adb1496985de0081c8b6
 Git date:   Tue, 11 May 2021 09:58:05 -0400
 Compiler:   AppleClang 10.0.1.10010046
 Build type: Release
 Version:    1.2.0

 Start time: Mon May 24 15:58:20 2021

 Data directory: /Users/of15641/qcore/cmake-build-release/share/entos/1.2.0/data
 Number of threads: 2
 Number of threads was determined by: number of physical cores

 --------------------------------------------------------------------------------
                                  command: bchla                                 
 --------------------------------------------------------------------------------
 XTB basis setup:                        reference basis
 Number of basis functions:            404
 GFN version:                            gfn1
 Integral screening threshold:           1.00e-10
 Total charge:                           0.000000000
 Number of electrons:                  344.000000000
 Electronic temperature (Kelvin):        0.000000000

 D3BJ energy:                           -0.095048559
 Repulsive energy:                       2.484747101

 ------------------------------------------------
  Running self-consistent charge (SCC) algorithm 
 ------------------------------------------------
 Broyden mixing factor:                  0.40
 Max number of iterations:             128
 Conv. threshold (charge):               1.00e-05
 Conv. threshold (energy):               1.00e-06
 Initial guess:                          SAD

 ---------------------------------------------------------------
                  energy        change          grad        time
 ---------------------------------------------------------------
   0      -201.650243213                    6.43e-01        0.03
   1      -202.268703576     -6.18e-01      3.75e-01        0.03
   2      -202.248508951      2.02e-02      5.98e-02        0.03
   3      -202.265031141     -1.65e-02      1.47e-02        0.02
   4      -202.285395795     -2.04e-02      2.62e-03        0.02
   5      -202.285945924     -5.50e-04      6.45e-04        0.02
   6      -202.285959035     -1.31e-05      1.66e-04        0.02
   7      -202.285960036     -1.00e-06      4.98e-05        0.02
   8      -202.285960173     -1.37e-07      2.40e-05        0.02
   9      -202.285960191     -1.77e-08      9.52e-06        0.02
  10      -202.285960192     -1.08e-09      2.97e-06        0.02

 SCF converged in 9 iterations.

 Entropy contribution (-ST):             0.000000000
 Dipole moment (in Debye):               3.701152      -0.081918      -0.311868
 Setting up Delta-SCF
 Ground-Excited state overlap:           0.000000000
 No correction applied to the TDM.
 Excitation energy:                      0.109003176
 Excitation energy (in eV):              2.966127535
 Transition dipole:                     -1.91706       1.06789       2.16886
 Saving results in set 'frame_331'

 --------------------------------------------------------------------------------

 End time:                               Mon May 24 15:58:21 2021
 Total wall-clock time:                  0.596 seconds
==================================================================================
