
================================================================================
          _____________ ________ _______________ ________     _________         
         / ___________// ______ \\_____   _____// ______ \   / ________)        
        / /_________  / /      \ \     | |     / /      \ \ | (_______          
       |  __________|| |        | |    | |    | |        | | \________ \        
        \ \_________ | |        | |    | |     \ \______/ /___________) |       
         \__________||_|        |_|    |_|      \________//____________/        
                                                                                
====================================[ Qcore ]===================================

 Git hash:   b27a5f96910dca04bf09adb1496985de0081c8b6
 Git date:   Tue, 11 May 2021 09:58:05 -0400
 Compiler:   AppleClang 10.0.1.10010046
 Build type: Release
 Version:    1.2.0

 Start time: Mon May 24 15:50:48 2021

 Data directory: /Users/of15641/qcore/cmake-build-release/share/entos/1.2.0/data
 Number of threads: 2
 Number of threads was determined by: number of physical cores

 --------------------------------------------------------------------------------
                                  command: bchla                                 
 --------------------------------------------------------------------------------
 XTB basis setup:                        reference basis
 Number of basis functions:            404
 GFN version:                            gfn1
 Integral screening threshold:           1.00e-10
 Total charge:                           0.000000000
 Number of electrons:                  344.000000000
 Electronic temperature (Kelvin):        0.000000000

 D3BJ energy:                           -0.095121793
 Repulsive energy:                       2.453735935

 ------------------------------------------------
  Running self-consistent charge (SCC) algorithm 
 ------------------------------------------------
 Broyden mixing factor:                  0.40
 Max number of iterations:             128
 Conv. threshold (charge):               1.00e-05
 Conv. threshold (energy):               1.00e-06
 Initial guess:                          SAD

 ---------------------------------------------------------------
                  energy        change          grad        time
 ---------------------------------------------------------------
   0      -201.723859070                    6.41e-01        0.03
   1      -202.294003088     -5.70e-01      3.74e-01        0.03
   2      -202.267073223      2.69e-02      5.78e-02        0.03
   3      -202.289998121     -2.29e-02      1.46e-02        0.02
   4      -202.311626485     -2.16e-02      2.13e-03        0.02
   5      -202.311982089     -3.56e-04      6.41e-04        0.02
   6      -202.311998589     -1.65e-05      1.77e-04        0.03
   7      -202.311999976     -1.39e-06      5.68e-05        0.02
   8      -202.312000224     -2.49e-07      2.34e-05        0.03
   9      -202.312000234     -9.70e-09      9.18e-06        0.02
  10      -202.312000235     -4.46e-10      2.67e-06        0.03

 SCF converged in 9 iterations.

 Entropy contribution (-ST):             0.000000000
 Dipole moment (in Debye):              -2.033196       3.990797       1.281577
 Setting up Delta-SCF
 Ground-Excited state overlap:          -0.000000000
 No correction applied to the TDM.
 Excitation energy:                      0.113542155
 Excitation energy (in eV):              3.089639428
 Transition dipole:                     -2.29356      -0.79664      -1.25095
 Saving results in set 'frame_1588'

 --------------------------------------------------------------------------------

 End time:                               Mon May 24 15:50:48 2021
 Total wall-clock time:                  0.634 seconds
==================================================================================
