
================================================================================
          _____________ ________ _______________ ________     _________         
         / ___________// ______ \\_____   _____// ______ \   / ________)        
        / /_________  / /      \ \     | |     / /      \ \ | (_______          
       |  __________|| |        | |    | |    | |        | | \________ \        
        \ \_________ | |        | |    | |     \ \______/ /___________) |       
         \__________||_|        |_|    |_|      \________//____________/        
                                                                                
====================================[ Qcore ]===================================

 Git hash:   b27a5f96910dca04bf09adb1496985de0081c8b6
 Git date:   Tue, 11 May 2021 09:58:05 -0400
 Compiler:   AppleClang 10.0.1.10010046
 Build type: Release
 Version:    1.2.0

 Start time: Mon May 24 15:58:02 2021

 Data directory: /Users/of15641/qcore/cmake-build-release/share/entos/1.2.0/data
 Number of threads: 2
 Number of threads was determined by: number of physical cores

 --------------------------------------------------------------------------------
                                  command: bchla                                 
 --------------------------------------------------------------------------------
 XTB basis setup:                        reference basis
 Number of basis functions:            404
 GFN version:                            gfn1
 Integral screening threshold:           1.00e-10
 Total charge:                           0.000000000
 Number of electrons:                  344.000000000
 Electronic temperature (Kelvin):        0.000000000

 D3BJ energy:                           -0.095928605
 Repulsive energy:                       2.494453357

 ------------------------------------------------
  Running self-consistent charge (SCC) algorithm 
 ------------------------------------------------
 Broyden mixing factor:                  0.40
 Max number of iterations:             128
 Conv. threshold (charge):               1.00e-05
 Conv. threshold (energy):               1.00e-06
 Initial guess:                          SAD

 ---------------------------------------------------------------
                  energy        change          grad        time
 ---------------------------------------------------------------
   0      -201.611395656                    6.43e-01        0.04
   1      -202.222398673     -6.11e-01      3.75e-01        0.02
   2      -202.193867922      2.85e-02      6.05e-02        0.03
   3      -202.219492257     -2.56e-02      1.50e-02        0.03
   4      -202.241954037     -2.25e-02      2.51e-03        0.02
   5      -202.242480582     -5.27e-04      6.96e-04        0.03
   6      -202.242497878     -1.73e-05      1.80e-04        0.03
   7      -202.242498948     -1.07e-06      5.75e-05        0.03
   8      -202.242499176     -2.28e-07      2.43e-05        0.02
   9      -202.242499188     -1.21e-08      9.43e-06        0.03
  10      -202.242499189     -4.56e-10      2.88e-06        0.02

 SCF converged in 9 iterations.

 Entropy contribution (-ST):             0.000000000
 Dipole moment (in Debye):               1.703802      -1.804244      -0.968802
 Setting up Delta-SCF
 Ground-Excited state overlap:           0.000000000
 No correction applied to the TDM.
 Excitation energy:                      0.111577868
 Excitation energy (in eV):              3.036188472
 Transition dipole:                     -3.11812      -0.68116      -1.02563
 Saving results in set 'frame_307'

 --------------------------------------------------------------------------------

 End time:                               Mon May 24 15:58:02 2021
 Total wall-clock time:                  0.757 seconds
==================================================================================
