
================================================================================
          _____________ ________ _______________ ________     _________         
         / ___________// ______ \\_____   _____// ______ \   / ________)        
        / /_________  / /      \ \     | |     / /      \ \ | (_______          
       |  __________|| |        | |    | |    | |        | | \________ \        
        \ \_________ | |        | |    | |     \ \______/ /___________) |       
         \__________||_|        |_|    |_|      \________//____________/        
                                                                                
====================================[ Qcore ]===================================

 Git hash:   b27a5f96910dca04bf09adb1496985de0081c8b6
 Git date:   Tue, 11 May 2021 09:58:05 -0400
 Compiler:   AppleClang 10.0.1.10010046
 Build type: Release
 Version:    1.2.0

 Start time: Mon May 24 15:55:32 2021

 Data directory: /Users/of15641/qcore/cmake-build-release/share/entos/1.2.0/data
 Number of threads: 2
 Number of threads was determined by: number of physical cores

 --------------------------------------------------------------------------------
                                  command: bchla                                 
 --------------------------------------------------------------------------------
 XTB basis setup:                        reference basis
 Number of basis functions:            404
 GFN version:                            gfn1
 Integral screening threshold:           1.00e-10
 Total charge:                           0.000000000
 Number of electrons:                  344.000000000
 Electronic temperature (Kelvin):        0.000000000

 D3BJ energy:                           -0.095756453
 Repulsive energy:                       2.470993376

 ------------------------------------------------
  Running self-consistent charge (SCC) algorithm 
 ------------------------------------------------
 Broyden mixing factor:                  0.40
 Max number of iterations:             128
 Conv. threshold (charge):               1.00e-05
 Conv. threshold (energy):               1.00e-06
 Initial guess:                          SAD

 ---------------------------------------------------------------
                  energy        change          grad        time
 ---------------------------------------------------------------
   0      -201.679116268                    6.42e-01        0.03
   1      -202.267261084     -5.88e-01      3.75e-01        0.02
   2      -202.248561921      1.87e-02      5.82e-02        0.03
   3      -202.265582825     -1.70e-02      1.43e-02        0.02
   4      -202.284291355     -1.87e-02      3.11e-03        0.03
   5      -202.285147247     -8.56e-04      7.08e-04        0.02
   6      -202.285167633     -2.04e-05      2.12e-04        0.03
   7      -202.285169602     -1.97e-06      7.26e-05        0.02
   8      -202.285170091     -4.89e-07      2.78e-05        0.02
   9      -202.285170107     -1.61e-08      1.14e-05        0.03
  10      -202.285170108     -8.96e-10      3.59e-06        0.02
  11      -202.285170108     -2.08e-10      1.04e-06        0.03

 SCF converged in 10 iterations.

 Entropy contribution (-ST):             0.000000000
 Dipole moment (in Debye):              -2.922028       2.786346       1.262938
 Setting up Delta-SCF
 Ground-Excited state overlap:           0.000000000
 No correction applied to the TDM.
 Excitation energy:                      0.107819551
 Excitation energy (in eV):              2.933919441
 Transition dipole:                      1.99078       2.02703       1.57714
 Saving results in set 'frame_1934'

 --------------------------------------------------------------------------------

 End time:                               Mon May 24 15:55:33 2021
 Total wall-clock time:                  0.685 seconds
==================================================================================
