
================================================================================
          _____________ ________ _______________ ________     _________         
         / ___________// ______ \\_____   _____// ______ \   / ________)        
        / /_________  / /      \ \     | |     / /      \ \ | (_______          
       |  __________|| |        | |    | |    | |        | | \________ \        
        \ \_________ | |        | |    | |     \ \______/ /___________) |       
         \__________||_|        |_|    |_|      \________//____________/        
                                                                                
====================================[ Qcore ]===================================

 Git hash:   b27a5f96910dca04bf09adb1496985de0081c8b6
 Git date:   Tue, 11 May 2021 09:58:05 -0400
 Compiler:   AppleClang 10.0.1.10010046
 Build type: Release
 Version:    1.2.0

 Start time: Mon May 24 15:50:59 2021

 Data directory: /Users/of15641/qcore/cmake-build-release/share/entos/1.2.0/data
 Number of threads: 2
 Number of threads was determined by: number of physical cores

 --------------------------------------------------------------------------------
                                  command: bchla                                 
 --------------------------------------------------------------------------------
 XTB basis setup:                        reference basis
 Number of basis functions:            404
 GFN version:                            gfn1
 Integral screening threshold:           1.00e-10
 Total charge:                           0.000000000
 Number of electrons:                  344.000000000
 Electronic temperature (Kelvin):        0.000000000

 D3BJ energy:                           -0.094014006
 Repulsive energy:                       2.449026897

 ------------------------------------------------
  Running self-consistent charge (SCC) algorithm 
 ------------------------------------------------
 Broyden mixing factor:                  0.40
 Max number of iterations:             128
 Conv. threshold (charge):               1.00e-05
 Conv. threshold (energy):               1.00e-06
 Initial guess:                          SAD

 ---------------------------------------------------------------
                  energy        change          grad        time
 ---------------------------------------------------------------
   0      -201.682433594                    6.42e-01        0.04
   1      -202.273007295     -5.91e-01      3.74e-01        0.03
   2      -202.262059918      1.09e-02      5.76e-02        0.03
   3      -202.277824297     -1.58e-02      1.06e-02        0.03
   4      -202.288018057     -1.02e-02      2.47e-03        0.03
   5      -202.288575139     -5.57e-04      7.09e-04        0.03
   6      -202.288599328     -2.42e-05      1.41e-04        0.02
   7      -202.288599902     -5.74e-07      4.18e-05        0.03
   8      -202.288599965     -6.27e-08      1.70e-05        0.02
   9      -202.288599971     -5.99e-09      8.19e-06        0.03
  10      -202.288599973     -2.50e-09      2.46e-06        0.02

 SCF converged in 9 iterations.

 Entropy contribution (-ST):             0.000000000
 Dipole moment (in Debye):              -4.893216       4.976286       1.564080
 Setting up Delta-SCF
 Ground-Excited state overlap:          -0.000000000
 No correction applied to the TDM.
 Excitation energy:                      0.107863772
 Excitation energy (in eV):              2.935122758
 Transition dipole:                     -3.04803       1.95373       0.88416
 Saving results in set 'frame_1600'

 --------------------------------------------------------------------------------

 End time:                               Mon May 24 15:51:00 2021
 Total wall-clock time:                  0.780 seconds
==================================================================================
