
================================================================================
          _____________ ________ _______________ ________     _________         
         / ___________// ______ \\_____   _____// ______ \   / ________)        
        / /_________  / /      \ \     | |     / /      \ \ | (_______          
       |  __________|| |        | |    | |    | |        | | \________ \        
        \ \_________ | |        | |    | |     \ \______/ /___________) |       
         \__________||_|        |_|    |_|      \________//____________/        
                                                                                
====================================[ Qcore ]===================================

 Git hash:   b27a5f96910dca04bf09adb1496985de0081c8b6
 Git date:   Tue, 11 May 2021 09:58:05 -0400
 Compiler:   AppleClang 10.0.1.10010046
 Build type: Release
 Version:    1.2.0

 Start time: Mon May 24 15:47:15 2021

 Data directory: /Users/of15641/qcore/cmake-build-release/share/entos/1.2.0/data
 Number of threads: 2
 Number of threads was determined by: number of physical cores

 --------------------------------------------------------------------------------
                                  command: bchla                                 
 --------------------------------------------------------------------------------
 XTB basis setup:                        reference basis
 Number of basis functions:            404
 GFN version:                            gfn1
 Integral screening threshold:           1.00e-10
 Total charge:                           0.000000000
 Number of electrons:                  344.000000000
 Electronic temperature (Kelvin):        0.000000000

 D3BJ energy:                           -0.094963446
 Repulsive energy:                       2.502390455

 ------------------------------------------------
  Running self-consistent charge (SCC) algorithm 
 ------------------------------------------------
 Broyden mixing factor:                  0.40
 Max number of iterations:             128
 Conv. threshold (charge):               1.00e-05
 Conv. threshold (energy):               1.00e-06
 Initial guess:                          SAD

 ---------------------------------------------------------------
                  energy        change          grad        time
 ---------------------------------------------------------------
   0      -201.634372894                    6.42e-01        0.03
   1      -202.235628976     -6.01e-01      3.74e-01        0.02
   2      -202.218213512      1.74e-02      5.91e-02        0.02
   3      -202.239664460     -2.15e-02      1.18e-02        0.02
   4      -202.253035473     -1.34e-02      2.31e-03        0.02
   5      -202.253490886     -4.55e-04      7.09e-04        0.02
   6      -202.253512649     -2.18e-05      1.87e-04        0.02
   7      -202.253513716     -1.07e-06      5.82e-05        0.02
   8      -202.253514008     -2.92e-07      1.95e-05        0.02
   9      -202.253514019     -1.08e-08      7.93e-06        0.02
  10      -202.253514019     -3.22e-10      2.73e-06        0.02

 SCF converged in 9 iterations.

 Entropy contribution (-ST):             0.000000000
 Dipole moment (in Debye):               1.672550       2.702874      -2.641183
 Setting up Delta-SCF
 Ground-Excited state overlap:           0.000000000
 No correction applied to the TDM.
 Excitation energy:                      0.109515810
 Excitation energy (in eV):              2.980077008
 Transition dipole:                     -2.16464       0.85527       2.30151
 Saving results in set 'frame_130'

 --------------------------------------------------------------------------------

 End time:                               Mon May 24 15:47:16 2021
 Total wall-clock time:                  0.524 seconds
==================================================================================
