
================================================================================
          _____________ ________ _______________ ________     _________         
         / ___________// ______ \\_____   _____// ______ \   / ________)        
        / /_________  / /      \ \     | |     / /      \ \ | (_______          
       |  __________|| |        | |    | |    | |        | | \________ \        
        \ \_________ | |        | |    | |     \ \______/ /___________) |       
         \__________||_|        |_|    |_|      \________//____________/        
                                                                                
====================================[ Qcore ]===================================

 Git hash:   b27a5f96910dca04bf09adb1496985de0081c8b6
 Git date:   Tue, 11 May 2021 09:58:05 -0400
 Compiler:   AppleClang 10.0.1.10010046
 Build type: Release
 Version:    1.2.0

 Start time: Mon May 24 15:47:08 2021

 Data directory: /Users/of15641/qcore/cmake-build-release/share/entos/1.2.0/data
 Number of threads: 2
 Number of threads was determined by: number of physical cores

 --------------------------------------------------------------------------------
                                  command: bchla                                 
 --------------------------------------------------------------------------------
 XTB basis setup:                        reference basis
 Number of basis functions:            404
 GFN version:                            gfn1
 Integral screening threshold:           1.00e-10
 Total charge:                           0.000000000
 Number of electrons:                  344.000000000
 Electronic temperature (Kelvin):        0.000000000

 D3BJ energy:                           -0.095465457
 Repulsive energy:                       2.557910483

 ------------------------------------------------
  Running self-consistent charge (SCC) algorithm 
 ------------------------------------------------
 Broyden mixing factor:                  0.40
 Max number of iterations:             128
 Conv. threshold (charge):               1.00e-05
 Conv. threshold (energy):               1.00e-06
 Initial guess:                          SAD

 ---------------------------------------------------------------
                  energy        change          grad        time
 ---------------------------------------------------------------
   0      -201.636890709                    6.43e-01        0.02
   1      -202.233650248     -5.97e-01      3.75e-01        0.02
   2      -202.207671636      2.60e-02      5.90e-02        0.02
   3      -202.232516828     -2.48e-02      1.38e-02        0.02
   4      -202.252081387     -1.96e-02      2.15e-03        0.02
   5      -202.252439917     -3.59e-04      6.48e-04        0.02
   6      -202.252455693     -1.58e-05      1.92e-04        0.02
   7      -202.252457498     -1.80e-06      6.87e-05        0.02
   8      -202.252457923     -4.25e-07      2.51e-05        0.02
   9      -202.252457937     -1.47e-08      9.83e-06        0.02
  10      -202.252457938     -3.25e-10      2.94e-06        0.02

 SCF converged in 9 iterations.

 Entropy contribution (-ST):             0.000000000
 Dipole moment (in Debye):               3.398321       3.265999      -2.266547
 Setting up Delta-SCF
 Ground-Excited state overlap:          -0.000000000
 No correction applied to the TDM.
 Excitation energy:                      0.110833539
 Excitation energy (in eV):              3.015934248
 Transition dipole:                      2.93908      -0.40405      -2.10632
 Saving results in set 'frame_129'

 --------------------------------------------------------------------------------

 End time:                               Mon May 24 15:47:09 2021
 Total wall-clock time:                  0.487 seconds
==================================================================================
