
================================================================================
          _____________ ________ _______________ ________     _________         
         / ___________// ______ \\_____   _____// ______ \   / ________)        
        / /_________  / /      \ \     | |     / /      \ \ | (_______          
       |  __________|| |        | |    | |    | |        | | \________ \        
        \ \_________ | |        | |    | |     \ \______/ /___________) |       
         \__________||_|        |_|    |_|      \________//____________/        
                                                                                
====================================[ Qcore ]===================================

 Git hash:   b27a5f96910dca04bf09adb1496985de0081c8b6
 Git date:   Tue, 11 May 2021 09:58:05 -0400
 Compiler:   AppleClang 10.0.1.10010046
 Build type: Release
 Version:    1.2.0

 Start time: Mon May 24 16:02:21 2021

 Data directory: /Users/of15641/qcore/cmake-build-release/share/entos/1.2.0/data
 Number of threads: 2
 Number of threads was determined by: number of physical cores

 --------------------------------------------------------------------------------
                                  command: bchla                                 
 --------------------------------------------------------------------------------
 XTB basis setup:                        reference basis
 Number of basis functions:            404
 GFN version:                            gfn1
 Integral screening threshold:           1.00e-10
 Total charge:                           0.000000000
 Number of electrons:                  344.000000000
 Electronic temperature (Kelvin):        0.000000000

 D3BJ energy:                           -0.096107603
 Repulsive energy:                       2.591522148

 ------------------------------------------------
  Running self-consistent charge (SCC) algorithm 
 ------------------------------------------------
 Broyden mixing factor:                  0.40
 Max number of iterations:             128
 Conv. threshold (charge):               1.00e-05
 Conv. threshold (energy):               1.00e-06
 Initial guess:                          SAD

 ---------------------------------------------------------------
                  energy        change          grad        time
 ---------------------------------------------------------------
   0      -201.673880681                    6.43e-01        0.03
   1      -202.272653461     -5.99e-01      3.76e-01        0.02
   2      -202.260490120      1.22e-02      5.85e-02        0.02
   3      -202.282124425     -2.16e-02      9.65e-03        0.02
   4      -202.289722686     -7.60e-03      1.74e-03        0.02
   5      -202.289965587     -2.43e-04      6.13e-04        0.02
   6      -202.289984953     -1.94e-05      1.41e-04        0.02
   7      -202.289985520     -5.66e-07      4.94e-05        0.02
   8      -202.289985731     -2.11e-07      1.67e-05        0.03
   9      -202.289985740     -9.20e-09      5.76e-06        0.02
  10      -202.289985740     -3.66e-10      2.28e-06        0.02

 SCF converged in 9 iterations.

 Entropy contribution (-ST):             0.000000000
 Dipole moment (in Debye):              -1.802805       2.191633      -3.406277
 Setting up Delta-SCF
 Ground-Excited state overlap:          -0.000000000
 No correction applied to the TDM.
 Excitation energy:                      0.111936128
 Excitation energy (in eV):              3.045937209
 Transition dipole:                      0.68234       0.05328       3.19416
 Saving results in set 'frame_597'

 --------------------------------------------------------------------------------

 End time:                               Mon May 24 16:02:22 2021
 Total wall-clock time:                  0.624 seconds
==================================================================================
