
================================================================================
          _____________ ________ _______________ ________     _________         
         / ___________// ______ \\_____   _____// ______ \   / ________)        
        / /_________  / /      \ \     | |     / /      \ \ | (_______          
       |  __________|| |        | |    | |    | |        | | \________ \        
        \ \_________ | |        | |    | |     \ \______/ /___________) |       
         \__________||_|        |_|    |_|      \________//____________/        
                                                                                
====================================[ Qcore ]===================================

 Git hash:   b27a5f96910dca04bf09adb1496985de0081c8b6
 Git date:   Tue, 11 May 2021 09:58:05 -0400
 Compiler:   AppleClang 10.0.1.10010046
 Build type: Release
 Version:    1.2.0

 Start time: Mon May 24 15:57:59 2021

 Data directory: /Users/of15641/qcore/cmake-build-release/share/entos/1.2.0/data
 Number of threads: 2
 Number of threads was determined by: number of physical cores

 --------------------------------------------------------------------------------
                                  command: bchla                                 
 --------------------------------------------------------------------------------
 XTB basis setup:                        reference basis
 Number of basis functions:            404
 GFN version:                            gfn1
 Integral screening threshold:           1.00e-10
 Total charge:                           0.000000000
 Number of electrons:                  344.000000000
 Electronic temperature (Kelvin):        0.000000000

 D3BJ energy:                           -0.097706954
 Repulsive energy:                       2.574357261

 ------------------------------------------------
  Running self-consistent charge (SCC) algorithm 
 ------------------------------------------------
 Broyden mixing factor:                  0.40
 Max number of iterations:             128
 Conv. threshold (charge):               1.00e-05
 Conv. threshold (energy):               1.00e-06
 Initial guess:                          SAD

 ---------------------------------------------------------------
                  energy        change          grad        time
 ---------------------------------------------------------------
   0      -201.662716172                    6.45e-01        0.03
   1      -202.260168311     -5.97e-01      3.76e-01        0.03
   2      -202.245616963      1.46e-02      5.78e-02        0.03
   3      -202.263668667     -1.81e-02      1.14e-02        0.03
   4      -202.276603913     -1.29e-02      2.13e-03        0.03
   5      -202.277012176     -4.08e-04      6.27e-04        0.03
   6      -202.277029673     -1.75e-05      1.45e-04        0.03
   7      -202.277030319     -6.45e-07      3.61e-05        0.02
   8      -202.277030363     -4.39e-08      1.57e-05        0.03
   9      -202.277030368     -4.99e-09      6.57e-06        0.03
  10      -202.277030369     -1.56e-09      2.48e-06        0.04

 SCF converged in 9 iterations.

 Entropy contribution (-ST):             0.000000000
 Dipole moment (in Debye):               2.590036      -1.680938       0.404598
 Setting up Delta-SCF
 Ground-Excited state overlap:           0.000000000
 No correction applied to the TDM.
 Excitation energy:                      0.109339000
 Excitation energy (in eV):              2.975265755
 Transition dipole:                      3.33319      -1.68835      -0.22929
 Saving results in set 'frame_304'

 --------------------------------------------------------------------------------

 End time:                               Mon May 24 15:58:00 2021
 Total wall-clock time:                  0.750 seconds
==================================================================================
