
================================================================================
          _____________ ________ _______________ ________     _________         
         / ___________// ______ \\_____   _____// ______ \   / ________)        
        / /_________  / /      \ \     | |     / /      \ \ | (_______          
       |  __________|| |        | |    | |    | |        | | \________ \        
        \ \_________ | |        | |    | |     \ \______/ /___________) |       
         \__________||_|        |_|    |_|      \________//____________/        
                                                                                
====================================[ Qcore ]===================================

 Git hash:   b27a5f96910dca04bf09adb1496985de0081c8b6
 Git date:   Tue, 11 May 2021 09:58:05 -0400
 Compiler:   AppleClang 10.0.1.10010046
 Build type: Release
 Version:    1.2.0

 Start time: Mon May 24 15:58:15 2021

 Data directory: /Users/of15641/qcore/cmake-build-release/share/entos/1.2.0/data
 Number of threads: 2
 Number of threads was determined by: number of physical cores

 --------------------------------------------------------------------------------
                                  command: bchla                                 
 --------------------------------------------------------------------------------
 XTB basis setup:                        reference basis
 Number of basis functions:            404
 GFN version:                            gfn1
 Integral screening threshold:           1.00e-10
 Total charge:                           0.000000000
 Number of electrons:                  344.000000000
 Electronic temperature (Kelvin):        0.000000000

 D3BJ energy:                           -0.097846602
 Repulsive energy:                       2.487646870

 ------------------------------------------------
  Running self-consistent charge (SCC) algorithm 
 ------------------------------------------------
 Broyden mixing factor:                  0.40
 Max number of iterations:             128
 Conv. threshold (charge):               1.00e-05
 Conv. threshold (energy):               1.00e-06
 Initial guess:                          SAD

 ---------------------------------------------------------------
                  energy        change          grad        time
 ---------------------------------------------------------------
   0      -201.652178007                    6.41e-01        0.02
   1      -202.242577214     -5.90e-01      3.74e-01        0.02
   2      -202.225415086      1.72e-02      5.80e-02        0.02
   3      -202.245655038     -2.02e-02      1.10e-02        0.02
   4      -202.258522712     -1.29e-02      2.24e-03        0.02
   5      -202.259024059     -5.01e-04      7.15e-04        0.02
   6      -202.259055790     -3.17e-05      2.18e-04        0.02
   7      -202.259058062     -2.27e-06      8.91e-05        0.02
   8      -202.259058713     -6.50e-07      2.60e-05        0.02
   9      -202.259058725     -1.23e-08      1.06e-05        0.02
  10      -202.259058725     -4.36e-10      3.37e-06        0.02
  11      -202.259058725     -7.88e-11      8.94e-07        0.02

 SCF converged in 10 iterations.

 Entropy contribution (-ST):             0.000000000
 Dipole moment (in Debye):               1.127368       1.526793       2.583046
 Setting up Delta-SCF
 Ground-Excited state overlap:           0.000000000
 No correction applied to the TDM.
 Excitation energy:                      0.106421752
 Excitation energy (in eV):              2.895883393
 Transition dipole:                      3.56266       1.13198      -1.08258
 Saving results in set 'frame_323'

 --------------------------------------------------------------------------------

 End time:                               Mon May 24 15:58:15 2021
 Total wall-clock time:                  0.561 seconds
==================================================================================
