
================================================================================
          _____________ ________ _______________ ________     _________         
         / ___________// ______ \\_____   _____// ______ \   / ________)        
        / /_________  / /      \ \     | |     / /      \ \ | (_______          
       |  __________|| |        | |    | |    | |        | | \________ \        
        \ \_________ | |        | |    | |     \ \______/ /___________) |       
         \__________||_|        |_|    |_|      \________//____________/        
                                                                                
====================================[ Qcore ]===================================

 Git hash:   b27a5f96910dca04bf09adb1496985de0081c8b6
 Git date:   Tue, 11 May 2021 09:58:05 -0400
 Compiler:   AppleClang 10.0.1.10010046
 Build type: Release
 Version:    1.2.0

 Start time: Mon May 24 16:02:41 2021

 Data directory: /Users/of15641/qcore/cmake-build-release/share/entos/1.2.0/data
 Number of threads: 2
 Number of threads was determined by: number of physical cores

 --------------------------------------------------------------------------------
                                  command: bchla                                 
 --------------------------------------------------------------------------------
 XTB basis setup:                        reference basis
 Number of basis functions:            404
 GFN version:                            gfn1
 Integral screening threshold:           1.00e-10
 Total charge:                           0.000000000
 Number of electrons:                  344.000000000
 Electronic temperature (Kelvin):        0.000000000

 D3BJ energy:                           -0.094048639
 Repulsive energy:                       2.526958103

 ------------------------------------------------
  Running self-consistent charge (SCC) algorithm 
 ------------------------------------------------
 Broyden mixing factor:                  0.40
 Max number of iterations:             128
 Conv. threshold (charge):               1.00e-05
 Conv. threshold (energy):               1.00e-06
 Initial guess:                          SAD

 ---------------------------------------------------------------
                  energy        change          grad        time
 ---------------------------------------------------------------
   0      -201.667883405                    6.43e-01        0.02
   1      -202.261304171     -5.93e-01      3.75e-01        0.03
   2      -202.242695819      1.86e-02      5.80e-02        0.02
   3      -202.258771214     -1.61e-02      1.34e-02        0.03
   4      -202.276567006     -1.78e-02      2.52e-03        0.02
   5      -202.277129216     -5.62e-04      6.36e-04        0.02
   6      -202.277142937     -1.37e-05      1.39e-04        0.02
   7      -202.277143435     -4.97e-07      3.75e-05        0.02
   8      -202.277143451     -1.62e-08      1.80e-05        0.02
   9      -202.277143452     -1.25e-09      6.55e-06        0.02
  10      -202.277143454     -1.23e-09      2.86e-06        0.02

 SCF converged in 9 iterations.

 Entropy contribution (-ST):             0.000000000
 Dipole moment (in Debye):              -0.737744      -0.098700      -4.073842
 Setting up Delta-SCF
 Ground-Excited state overlap:          -0.000000000
 No correction applied to the TDM.
 Excitation energy:                      0.105908128
 Excitation energy (in eV):              2.881906979
 Transition dipole:                      0.07779      -0.66057       3.77113
 Saving results in set 'frame_621'

 --------------------------------------------------------------------------------

 End time:                               Mon May 24 16:02:41 2021
 Total wall-clock time:                  0.605 seconds
==================================================================================
