
================================================================================
          _____________ ________ _______________ ________     _________         
         / ___________// ______ \\_____   _____// ______ \   / ________)        
        / /_________  / /      \ \     | |     / /      \ \ | (_______          
       |  __________|| |        | |    | |    | |        | | \________ \        
        \ \_________ | |        | |    | |     \ \______/ /___________) |       
         \__________||_|        |_|    |_|      \________//____________/        
                                                                                
====================================[ Qcore ]===================================

 Git hash:   b27a5f96910dca04bf09adb1496985de0081c8b6
 Git date:   Tue, 11 May 2021 09:58:05 -0400
 Compiler:   AppleClang 10.0.1.10010046
 Build type: Release
 Version:    1.2.0

 Start time: Mon May 24 16:04:39 2021

 Data directory: /Users/of15641/qcore/cmake-build-release/share/entos/1.2.0/data
 Number of threads: 2
 Number of threads was determined by: number of physical cores

 --------------------------------------------------------------------------------
                                  command: bchla                                 
 --------------------------------------------------------------------------------
 XTB basis setup:                        reference basis
 Number of basis functions:            404
 GFN version:                            gfn1
 Integral screening threshold:           1.00e-10
 Total charge:                           0.000000000
 Number of electrons:                  344.000000000
 Electronic temperature (Kelvin):        0.000000000

 D3BJ energy:                           -0.096105329
 Repulsive energy:                       2.437208202

 ------------------------------------------------
  Running self-consistent charge (SCC) algorithm 
 ------------------------------------------------
 Broyden mixing factor:                  0.40
 Max number of iterations:             128
 Conv. threshold (charge):               1.00e-05
 Conv. threshold (energy):               1.00e-06
 Initial guess:                          SAD

 ---------------------------------------------------------------
                  energy        change          grad        time
 ---------------------------------------------------------------
   0      -201.623326975                    6.41e-01        0.03
   1      -202.199525709     -5.76e-01      3.74e-01        0.03
   2      -202.185269633      1.43e-02      5.69e-02        0.03
   3      -202.197378262     -1.21e-02      1.34e-02        0.03
   4      -202.214463715     -1.71e-02      2.59e-03        0.03
   5      -202.215054328     -5.91e-04      6.54e-04        0.02
   6      -202.215069791     -1.55e-05      1.46e-04        0.02
   7      -202.215070297     -5.06e-07      4.12e-05        0.02
   8      -202.215070368     -7.06e-08      1.81e-05        0.02
   9      -202.215070377     -8.77e-09      8.15e-06        0.02
  10      -202.215070379     -2.25e-09      2.77e-06        0.02

 SCF converged in 9 iterations.

 Entropy contribution (-ST):             0.000000000
 Dipole moment (in Debye):               3.913598       4.593674      -3.044294
 Setting up Delta-SCF
 Ground-Excited state overlap:           0.000000000
 No correction applied to the TDM.
 Excitation energy:                      0.109651738
 Excitation energy (in eV):              2.983775804
 Transition dipole:                     -1.12286       0.80132       3.11616
 Saving results in set 'frame_74'

 --------------------------------------------------------------------------------

 End time:                               Mon May 24 16:04:40 2021
 Total wall-clock time:                  0.821 seconds
==================================================================================
