
================================================================================
          _____________ ________ _______________ ________     _________         
         / ___________// ______ \\_____   _____// ______ \   / ________)        
        / /_________  / /      \ \     | |     / /      \ \ | (_______          
       |  __________|| |        | |    | |    | |        | | \________ \        
        \ \_________ | |        | |    | |     \ \______/ /___________) |       
         \__________||_|        |_|    |_|      \________//____________/        
                                                                                
====================================[ Qcore ]===================================

 Git hash:   b27a5f96910dca04bf09adb1496985de0081c8b6
 Git date:   Tue, 11 May 2021 09:58:05 -0400
 Compiler:   AppleClang 10.0.1.10010046
 Build type: Release
 Version:    1.2.0

 Start time: Mon May 24 15:54:57 2021

 Data directory: /Users/of15641/qcore/cmake-build-release/share/entos/1.2.0/data
 Number of threads: 2
 Number of threads was determined by: number of physical cores

 --------------------------------------------------------------------------------
                                  command: bchla                                 
 --------------------------------------------------------------------------------
 XTB basis setup:                        reference basis
 Number of basis functions:            404
 GFN version:                            gfn1
 Integral screening threshold:           1.00e-10
 Total charge:                           0.000000000
 Number of electrons:                  344.000000000
 Electronic temperature (Kelvin):        0.000000000

 D3BJ energy:                           -0.093462594
 Repulsive energy:                       2.547786098

 ------------------------------------------------
  Running self-consistent charge (SCC) algorithm 
 ------------------------------------------------
 Broyden mixing factor:                  0.40
 Max number of iterations:             128
 Conv. threshold (charge):               1.00e-05
 Conv. threshold (energy):               1.00e-06
 Initial guess:                          SAD

 ---------------------------------------------------------------
                  energy        change          grad        time
 ---------------------------------------------------------------
   0      -201.597173368                    6.44e-01        0.07
   1      -202.232628068     -6.35e-01      3.75e-01        0.06
   2      -202.222487779      1.01e-02      6.09e-02        0.11
   3      -202.241446933     -1.90e-02      9.67e-03        0.04
   4      -202.248649971     -7.20e-03      2.42e-03        0.06
   5      -202.249175422     -5.25e-04      7.04e-04        0.04
   6      -202.249201891     -2.65e-05      1.51e-04        0.06
   7      -202.249202609     -7.17e-07      3.75e-05        0.05
   8      -202.249202668     -5.96e-08      1.71e-05        0.04
   9      -202.249202676     -7.87e-09      6.53e-06        0.05
  10      -202.249202677     -1.02e-09      2.42e-06        0.04

 SCF converged in 9 iterations.

 Entropy contribution (-ST):             0.000000000
 Dipole moment (in Debye):              -0.549689       2.943088       1.868579
 Setting up Delta-SCF
 Ground-Excited state overlap:          -0.000000000
 No correction applied to the TDM.
 Excitation energy:                      0.111261848
 Excitation energy (in eV):              3.027589127
 Transition dipole:                      2.14148       1.26624       2.67539
 Saving results in set 'frame_1891'

 --------------------------------------------------------------------------------

 End time:                               Mon May 24 15:54:58 2021
 Total wall-clock time:                  1.019 seconds
==================================================================================
