
================================================================================
          _____________ ________ _______________ ________     _________         
         / ___________// ______ \\_____   _____// ______ \   / ________)        
        / /_________  / /      \ \     | |     / /      \ \ | (_______          
       |  __________|| |        | |    | |    | |        | | \________ \        
        \ \_________ | |        | |    | |     \ \______/ /___________) |       
         \__________||_|        |_|    |_|      \________//____________/        
                                                                                
====================================[ Qcore ]===================================

 Git hash:   b27a5f96910dca04bf09adb1496985de0081c8b6
 Git date:   Tue, 11 May 2021 09:58:05 -0400
 Compiler:   AppleClang 10.0.1.10010046
 Build type: Release
 Version:    1.2.0

 Start time: Mon May 24 15:59:42 2021

 Data directory: /Users/of15641/qcore/cmake-build-release/share/entos/1.2.0/data
 Number of threads: 2
 Number of threads was determined by: number of physical cores

 --------------------------------------------------------------------------------
                                  command: bchla                                 
 --------------------------------------------------------------------------------
 XTB basis setup:                        reference basis
 Number of basis functions:            404
 GFN version:                            gfn1
 Integral screening threshold:           1.00e-10
 Total charge:                           0.000000000
 Number of electrons:                  344.000000000
 Electronic temperature (Kelvin):        0.000000000

 D3BJ energy:                           -0.099961435
 Repulsive energy:                       2.540882799

 ------------------------------------------------
  Running self-consistent charge (SCC) algorithm 
 ------------------------------------------------
 Broyden mixing factor:                  0.40
 Max number of iterations:             128
 Conv. threshold (charge):               1.00e-05
 Conv. threshold (energy):               1.00e-06
 Initial guess:                          SAD

 ---------------------------------------------------------------
                  energy        change          grad        time
 ---------------------------------------------------------------
   0      -201.710095880                    6.44e-01        0.04
   1      -202.312949905     -6.03e-01      3.76e-01        0.03
   2      -202.302000071      1.09e-02      5.79e-02        0.03
   3      -202.320666443     -1.87e-02      9.96e-03        0.05
   4      -202.329613440     -8.95e-03      2.22e-03        0.05
   5      -202.330082398     -4.69e-04      7.23e-04        0.03
   6      -202.330111036     -2.86e-05      1.61e-04        0.03
   7      -202.330111827     -7.91e-07      5.53e-05        0.03
   8      -202.330112086     -2.59e-07      2.02e-05        0.04
   9      -202.330112097     -1.11e-08      7.40e-06        0.02
  10      -202.330112098     -8.85e-10      2.46e-06        0.04

 SCF converged in 9 iterations.

 Entropy contribution (-ST):             0.000000000
 Dipole moment (in Debye):               0.853469       0.392535       1.590135
 Setting up Delta-SCF
 Ground-Excited state overlap:           0.000000000
 No correction applied to the TDM.
 Excitation energy:                      0.113758709
 Excitation energy (in eV):              3.095532174
 Transition dipole:                     -0.89239      -0.86477      -2.61188
 Saving results in set 'frame_446'

 --------------------------------------------------------------------------------

 End time:                               Mon May 24 15:59:43 2021
 Total wall-clock time:                  0.831 seconds
==================================================================================
