
================================================================================
          _____________ ________ _______________ ________     _________         
         / ___________// ______ \\_____   _____// ______ \   / ________)        
        / /_________  / /      \ \     | |     / /      \ \ | (_______          
       |  __________|| |        | |    | |    | |        | | \________ \        
        \ \_________ | |        | |    | |     \ \______/ /___________) |       
         \__________||_|        |_|    |_|      \________//____________/        
                                                                                
====================================[ Qcore ]===================================

 Git hash:   b27a5f96910dca04bf09adb1496985de0081c8b6
 Git date:   Tue, 11 May 2021 09:58:05 -0400
 Compiler:   AppleClang 10.0.1.10010046
 Build type: Release
 Version:    1.2.0

 Start time: Mon May 24 15:47:45 2021

 Data directory: /Users/of15641/qcore/cmake-build-release/share/entos/1.2.0/data
 Number of threads: 2
 Number of threads was determined by: number of physical cores

 --------------------------------------------------------------------------------
                                  command: bchla                                 
 --------------------------------------------------------------------------------
 XTB basis setup:                        reference basis
 Number of basis functions:            404
 GFN version:                            gfn1
 Integral screening threshold:           1.00e-10
 Total charge:                           0.000000000
 Number of electrons:                  344.000000000
 Electronic temperature (Kelvin):        0.000000000

 D3BJ energy:                           -0.103033069
 Repulsive energy:                       2.524553199

 ------------------------------------------------
  Running self-consistent charge (SCC) algorithm 
 ------------------------------------------------
 Broyden mixing factor:                  0.40
 Max number of iterations:             128
 Conv. threshold (charge):               1.00e-05
 Conv. threshold (energy):               1.00e-06
 Initial guess:                          SAD

 ---------------------------------------------------------------
                  energy        change          grad        time
 ---------------------------------------------------------------
   0      -201.679045251                    6.43e-01        0.02
   1      -202.279725807     -6.01e-01      3.75e-01        0.02
   2      -202.263433030      1.63e-02      5.90e-02        0.02
   3      -202.282317804     -1.89e-02      1.20e-02        0.02
   4      -202.295883865     -1.36e-02      2.57e-03        0.02
   5      -202.296492981     -6.09e-04      6.39e-04        0.02
   6      -202.296509631     -1.66e-05      1.46e-04        0.02
   7      -202.296510297     -6.66e-07      3.90e-05        0.02
   8      -202.296510332     -3.50e-08      1.71e-05        0.02
   9      -202.296510335     -3.16e-09      7.24e-06        0.02
  10      -202.296510337     -2.36e-09      2.72e-06        0.02

 SCF converged in 9 iterations.

 Entropy contribution (-ST):             0.000000000
 Dipole moment (in Debye):              -2.707218       3.616271      -2.893061
 Setting up Delta-SCF
 Ground-Excited state overlap:           0.000000000
 No correction applied to the TDM.
 Excitation energy:                      0.108096452
 Excitation energy (in eV):              2.941454301
 Transition dipole:                      1.62470      -2.27249       2.55564
 Saving results in set 'frame_1346'

 --------------------------------------------------------------------------------

 End time:                               Mon May 24 15:47:46 2021
 Total wall-clock time:                  0.512 seconds
==================================================================================
