
================================================================================
          _____________ ________ _______________ ________     _________         
         / ___________// ______ \\_____   _____// ______ \   / ________)        
        / /_________  / /      \ \     | |     / /      \ \ | (_______          
       |  __________|| |        | |    | |    | |        | | \________ \        
        \ \_________ | |        | |    | |     \ \______/ /___________) |       
         \__________||_|        |_|    |_|      \________//____________/        
                                                                                
====================================[ Qcore ]===================================

 Git hash:   b27a5f96910dca04bf09adb1496985de0081c8b6
 Git date:   Tue, 11 May 2021 09:58:05 -0400
 Compiler:   AppleClang 10.0.1.10010046
 Build type: Release
 Version:    1.2.0

 Start time: Mon May 24 15:53:36 2021

 Data directory: /Users/of15641/qcore/cmake-build-release/share/entos/1.2.0/data
 Number of threads: 2
 Number of threads was determined by: number of physical cores

 --------------------------------------------------------------------------------
                                  command: bchla                                 
 --------------------------------------------------------------------------------
 XTB basis setup:                        reference basis
 Number of basis functions:            404
 GFN version:                            gfn1
 Integral screening threshold:           1.00e-10
 Total charge:                           0.000000000
 Number of electrons:                  344.000000000
 Electronic temperature (Kelvin):        0.000000000

 D3BJ energy:                           -0.102803216
 Repulsive energy:                       2.550598519

 ------------------------------------------------
  Running self-consistent charge (SCC) algorithm 
 ------------------------------------------------
 Broyden mixing factor:                  0.40
 Max number of iterations:             128
 Conv. threshold (charge):               1.00e-05
 Conv. threshold (energy):               1.00e-06
 Initial guess:                          SAD

 ---------------------------------------------------------------
                  energy        change          grad        time
 ---------------------------------------------------------------
   0      -201.705007530                    6.43e-01        0.04
   1      -202.298989997     -5.94e-01      3.75e-01        0.04
   2      -202.290829474      8.16e-03      5.85e-02        0.03
   3      -202.309246726     -1.84e-02      8.62e-03        0.03
   4      -202.314382823     -5.14e-03      2.14e-03        0.03
   5      -202.314773901     -3.91e-04      7.49e-04        0.03
   6      -202.314808904     -3.50e-05      1.53e-04        0.03
   7      -202.314809745     -8.41e-07      3.87e-05        0.03
   8      -202.314809804     -5.84e-08      1.55e-05        0.03
   9      -202.314809807     -3.56e-09      6.56e-06        0.02
  10      -202.314809809     -1.46e-09      2.25e-06        0.03

 SCF converged in 9 iterations.

 Entropy contribution (-ST):             0.000000000
 Dipole moment (in Debye):              -0.986691       5.091645       1.844654
 Setting up Delta-SCF
 Ground-Excited state overlap:          -0.000000000
 No correction applied to the TDM.
 Excitation energy:                      0.108960665
 Excitation energy (in eV):              2.964970728
 Transition dipole:                     -0.55070       2.78033       1.39186
 Saving results in set 'frame_1785'

 --------------------------------------------------------------------------------

 End time:                               Mon May 24 15:53:37 2021
 Total wall-clock time:                  0.727 seconds
==================================================================================
