
================================================================================
          _____________ ________ _______________ ________     _________         
         / ___________// ______ \\_____   _____// ______ \   / ________)        
        / /_________  / /      \ \     | |     / /      \ \ | (_______          
       |  __________|| |        | |    | |    | |        | | \________ \        
        \ \_________ | |        | |    | |     \ \______/ /___________) |       
         \__________||_|        |_|    |_|      \________//____________/        
                                                                                
====================================[ Qcore ]===================================

 Git hash:   b27a5f96910dca04bf09adb1496985de0081c8b6
 Git date:   Tue, 11 May 2021 09:58:05 -0400
 Compiler:   AppleClang 10.0.1.10010046
 Build type: Release
 Version:    1.2.0

 Start time: Mon May 24 15:55:15 2021

 Data directory: /Users/of15641/qcore/cmake-build-release/share/entos/1.2.0/data
 Number of threads: 2
 Number of threads was determined by: number of physical cores

 --------------------------------------------------------------------------------
                                  command: bchla                                 
 --------------------------------------------------------------------------------
 XTB basis setup:                        reference basis
 Number of basis functions:            404
 GFN version:                            gfn1
 Integral screening threshold:           1.00e-10
 Total charge:                           0.000000000
 Number of electrons:                  344.000000000
 Electronic temperature (Kelvin):        0.000000000

 D3BJ energy:                           -0.096199581
 Repulsive energy:                       2.519174940

 ------------------------------------------------
  Running self-consistent charge (SCC) algorithm 
 ------------------------------------------------
 Broyden mixing factor:                  0.40
 Max number of iterations:             128
 Conv. threshold (charge):               1.00e-05
 Conv. threshold (energy):               1.00e-06
 Initial guess:                          SAD

 ---------------------------------------------------------------
                  energy        change          grad        time
 ---------------------------------------------------------------
   0      -201.684908996                    6.42e-01        0.03
   1      -202.280102602     -5.95e-01      3.75e-01        0.02
   2      -202.269782873      1.03e-02      5.79e-02        0.02
   3      -202.286727324     -1.69e-02      9.45e-03        0.02
   4      -202.295174437     -8.45e-03      2.09e-03        0.02
   5      -202.295552253     -3.78e-04      6.03e-04        0.02
   6      -202.295568054     -1.58e-05      1.58e-04        0.02
   7      -202.295569357     -1.30e-06      5.85e-05        0.02
   8      -202.295569701     -3.44e-07      1.89e-05        0.02
   9      -202.295569708     -7.12e-09      6.52e-06        0.02
  10      -202.295569709     -4.54e-10      2.17e-06        0.02

 SCF converged in 9 iterations.

 Entropy contribution (-ST):             0.000000000
 Dipole moment (in Debye):              -2.452906       1.657956       3.496469
 Setting up Delta-SCF
 Ground-Excited state overlap:          -0.000000000
 No correction applied to the TDM.
 Excitation energy:                      0.109522069
 Excitation energy (in eV):              2.980247335
 Transition dipole:                     -1.96397      -1.98427      -2.14225
 Saving results in set 'frame_1912'

 --------------------------------------------------------------------------------

 End time:                               Mon May 24 15:55:15 2021
 Total wall-clock time:                  0.552 seconds
==================================================================================
