
================================================================================
          _____________ ________ _______________ ________     _________         
         / ___________// ______ \\_____   _____// ______ \   / ________)        
        / /_________  / /      \ \     | |     / /      \ \ | (_______          
       |  __________|| |        | |    | |    | |        | | \________ \        
        \ \_________ | |        | |    | |     \ \______/ /___________) |       
         \__________||_|        |_|    |_|      \________//____________/        
                                                                                
====================================[ Qcore ]===================================

 Git hash:   b27a5f96910dca04bf09adb1496985de0081c8b6
 Git date:   Tue, 11 May 2021 09:58:05 -0400
 Compiler:   AppleClang 10.0.1.10010046
 Build type: Release
 Version:    1.2.0

 Start time: Mon May 24 16:04:08 2021

 Data directory: /Users/of15641/qcore/cmake-build-release/share/entos/1.2.0/data
 Number of threads: 2
 Number of threads was determined by: number of physical cores

 --------------------------------------------------------------------------------
                                  command: bchla                                 
 --------------------------------------------------------------------------------
 XTB basis setup:                        reference basis
 Number of basis functions:            404
 GFN version:                            gfn1
 Integral screening threshold:           1.00e-10
 Total charge:                           0.000000000
 Number of electrons:                  344.000000000
 Electronic temperature (Kelvin):        0.000000000

 D3BJ energy:                           -0.094396437
 Repulsive energy:                       2.424618974

 ------------------------------------------------
  Running self-consistent charge (SCC) algorithm 
 ------------------------------------------------
 Broyden mixing factor:                  0.40
 Max number of iterations:             128
 Conv. threshold (charge):               1.00e-05
 Conv. threshold (energy):               1.00e-06
 Initial guess:                          SAD

 ---------------------------------------------------------------
                  energy        change          grad        time
 ---------------------------------------------------------------
   0      -201.625353233                    6.40e-01        0.04
   1      -202.214357146     -5.89e-01      3.74e-01        0.03
   2      -202.203930890      1.04e-02      5.80e-02        0.03
   3      -202.222511698     -1.86e-02      9.22e-03        0.03
   4      -202.229832008     -7.32e-03      2.40e-03        0.03
   5      -202.230377672     -5.46e-04      6.84e-04        0.03
   6      -202.230402562     -2.49e-05      1.55e-04        0.03
   7      -202.230403351     -7.89e-07      4.87e-05        0.03
   8      -202.230403510     -1.59e-07      2.04e-05        0.03
   9      -202.230403524     -1.45e-08      7.91e-06        0.03
  10      -202.230403526     -1.63e-09      2.70e-06        0.03

 SCF converged in 9 iterations.

 Entropy contribution (-ST):             0.000000000
 Dipole moment (in Debye):               0.421333      -0.111507      -3.567151
 Setting up Delta-SCF
 Ground-Excited state overlap:          -0.000000000
 No correction applied to the TDM.
 Excitation energy:                      0.108221535
 Excitation energy (in eV):              2.944857986
 Transition dipole:                     -1.42462      -0.14409       3.33945
 Saving results in set 'frame_712'

 --------------------------------------------------------------------------------

 End time:                               Mon May 24 16:04:09 2021
 Total wall-clock time:                  0.813 seconds
==================================================================================
