
================================================================================
          _____________ ________ _______________ ________     _________         
         / ___________// ______ \\_____   _____// ______ \   / ________)        
        / /_________  / /      \ \     | |     / /      \ \ | (_______          
       |  __________|| |        | |    | |    | |        | | \________ \        
        \ \_________ | |        | |    | |     \ \______/ /___________) |       
         \__________||_|        |_|    |_|      \________//____________/        
                                                                                
====================================[ Qcore ]===================================

 Git hash:   b27a5f96910dca04bf09adb1496985de0081c8b6
 Git date:   Tue, 11 May 2021 09:58:05 -0400
 Compiler:   AppleClang 10.0.1.10010046
 Build type: Release
 Version:    1.2.0

 Start time: Mon May 24 15:55:40 2021

 Data directory: /Users/of15641/qcore/cmake-build-release/share/entos/1.2.0/data
 Number of threads: 2
 Number of threads was determined by: number of physical cores

 --------------------------------------------------------------------------------
                                  command: bchla                                 
 --------------------------------------------------------------------------------
 XTB basis setup:                        reference basis
 Number of basis functions:            404
 GFN version:                            gfn1
 Integral screening threshold:           1.00e-10
 Total charge:                           0.000000000
 Number of electrons:                  344.000000000
 Electronic temperature (Kelvin):        0.000000000

 D3BJ energy:                           -0.095995368
 Repulsive energy:                       2.508664988

 ------------------------------------------------
  Running self-consistent charge (SCC) algorithm 
 ------------------------------------------------
 Broyden mixing factor:                  0.40
 Max number of iterations:             128
 Conv. threshold (charge):               1.00e-05
 Conv. threshold (energy):               1.00e-06
 Initial guess:                          SAD

 ---------------------------------------------------------------
                  energy        change          grad        time
 ---------------------------------------------------------------
   0      -201.748063129                    6.41e-01        0.03
   1      -202.320816003     -5.73e-01      3.74e-01        0.03
   2      -202.303047489      1.78e-02      5.74e-02        0.03
   3      -202.324384498     -2.13e-02      1.20e-02        0.02
   4      -202.338160073     -1.38e-02      2.08e-03        0.03
   5      -202.338534323     -3.74e-04      6.25e-04        0.02
   6      -202.338549684     -1.54e-05      1.41e-04        0.03
   7      -202.338550220     -5.36e-07      3.63e-05        0.02
   8      -202.338550269     -4.94e-08      1.66e-05        0.03
   9      -202.338550277     -7.10e-09      6.64e-06        0.02
  10      -202.338550277     -8.31e-10      2.36e-06        0.03

 SCF converged in 9 iterations.

 Entropy contribution (-ST):             0.000000000
 Dipole moment (in Debye):              -1.747916       3.924323       1.914159
 Setting up Delta-SCF
 Ground-Excited state overlap:           0.000000000
 No correction applied to the TDM.
 Excitation energy:                      0.114592989
 Excitation energy (in eV):              3.118234074
 Transition dipole:                      0.76350      -1.65116      -3.11124
 Saving results in set 'frame_1943'

 --------------------------------------------------------------------------------

 End time:                               Mon May 24 15:55:40 2021
 Total wall-clock time:                  0.666 seconds
==================================================================================
