
================================================================================
          _____________ ________ _______________ ________     _________         
         / ___________// ______ \\_____   _____// ______ \   / ________)        
        / /_________  / /      \ \     | |     / /      \ \ | (_______          
       |  __________|| |        | |    | |    | |        | | \________ \        
        \ \_________ | |        | |    | |     \ \______/ /___________) |       
         \__________||_|        |_|    |_|      \________//____________/        
                                                                                
====================================[ Qcore ]===================================

 Git hash:   b27a5f96910dca04bf09adb1496985de0081c8b6
 Git date:   Tue, 11 May 2021 09:58:05 -0400
 Compiler:   AppleClang 10.0.1.10010046
 Build type: Release
 Version:    1.2.0

 Start time: Mon May 24 16:00:46 2021

 Data directory: /Users/of15641/qcore/cmake-build-release/share/entos/1.2.0/data
 Number of threads: 2
 Number of threads was determined by: number of physical cores

 --------------------------------------------------------------------------------
                                  command: bchla                                 
 --------------------------------------------------------------------------------
 XTB basis setup:                        reference basis
 Number of basis functions:            404
 GFN version:                            gfn1
 Integral screening threshold:           1.00e-10
 Total charge:                           0.000000000
 Number of electrons:                  344.000000000
 Electronic temperature (Kelvin):        0.000000000

 D3BJ energy:                           -0.097388299
 Repulsive energy:                       2.564408793

 ------------------------------------------------
  Running self-consistent charge (SCC) algorithm 
 ------------------------------------------------
 Broyden mixing factor:                  0.40
 Max number of iterations:             128
 Conv. threshold (charge):               1.00e-05
 Conv. threshold (energy):               1.00e-06
 Initial guess:                          SAD

 ---------------------------------------------------------------
                  energy        change          grad        time
 ---------------------------------------------------------------
   0      -201.640844418                    6.43e-01        0.03
   1      -202.237577366     -5.97e-01      3.75e-01        0.02
   2      -202.224314930      1.33e-02      5.81e-02        0.02
   3      -202.243437338     -1.91e-02      1.09e-02        0.02
   4      -202.254648716     -1.12e-02      2.06e-03        0.02
   5      -202.255004885     -3.56e-04      6.24e-04        0.02
   6      -202.255019897     -1.50e-05      1.46e-04        0.02
   7      -202.255020488     -5.91e-07      4.64e-05        0.02
   8      -202.255020627     -1.38e-07      2.04e-05        0.02
   9      -202.255020642     -1.47e-08      7.37e-06        0.02
  10      -202.255020642     -6.35e-10      2.74e-06        0.02

 SCF converged in 9 iterations.

 Entropy contribution (-ST):             0.000000000
 Dipole moment (in Debye):              -2.327831       3.839844      -1.821604
 Setting up Delta-SCF
 Ground-Excited state overlap:           0.000000000
 No correction applied to the TDM.
 Excitation energy:                      0.112491272
 Excitation energy (in eV):              3.061043458
 Transition dipole:                      1.59990       2.59839      -2.36215
 Saving results in set 'frame_510'

 --------------------------------------------------------------------------------

 End time:                               Mon May 24 16:00:47 2021
 Total wall-clock time:                  0.649 seconds
==================================================================================
