
================================================================================
          _____________ ________ _______________ ________     _________         
         / ___________// ______ \\_____   _____// ______ \   / ________)        
        / /_________  / /      \ \     | |     / /      \ \ | (_______          
       |  __________|| |        | |    | |    | |        | | \________ \        
        \ \_________ | |        | |    | |     \ \______/ /___________) |       
         \__________||_|        |_|    |_|      \________//____________/        
                                                                                
====================================[ Qcore ]===================================

 Git hash:   b27a5f96910dca04bf09adb1496985de0081c8b6
 Git date:   Tue, 11 May 2021 09:58:05 -0400
 Compiler:   AppleClang 10.0.1.10010046
 Build type: Release
 Version:    1.2.0

 Start time: Mon May 24 15:50:22 2021

 Data directory: /Users/of15641/qcore/cmake-build-release/share/entos/1.2.0/data
 Number of threads: 2
 Number of threads was determined by: number of physical cores

 --------------------------------------------------------------------------------
                                  command: bchla                                 
 --------------------------------------------------------------------------------
 XTB basis setup:                        reference basis
 Number of basis functions:            404
 GFN version:                            gfn1
 Integral screening threshold:           1.00e-10
 Total charge:                           0.000000000
 Number of electrons:                  344.000000000
 Electronic temperature (Kelvin):        0.000000000

 D3BJ energy:                           -0.097220760
 Repulsive energy:                       2.540260361

 ------------------------------------------------
  Running self-consistent charge (SCC) algorithm 
 ------------------------------------------------
 Broyden mixing factor:                  0.40
 Max number of iterations:             128
 Conv. threshold (charge):               1.00e-05
 Conv. threshold (energy):               1.00e-06
 Initial guess:                          SAD

 ---------------------------------------------------------------
                  energy        change          grad        time
 ---------------------------------------------------------------
   0      -201.684803123                    6.43e-01        0.03
   1      -202.297075963     -6.12e-01      3.75e-01        0.03
   2      -202.286603785      1.05e-02      6.04e-02        0.03
   3      -202.309012898     -2.24e-02      8.66e-03        0.02
   4      -202.314055929     -5.04e-03      1.80e-03        0.02
   5      -202.314339152     -2.83e-04      6.77e-04        0.02
   6      -202.314369694     -3.05e-05      1.44e-04        0.02
   7      -202.314370361     -6.67e-07      4.23e-05        0.02
   8      -202.314370457     -9.63e-08      1.68e-05        0.03
   9      -202.314370465     -7.94e-09      6.82e-06        0.02
  10      -202.314370466     -1.12e-09      2.35e-06        0.02

 SCF converged in 9 iterations.

 Entropy contribution (-ST):             0.000000000
 Dipole moment (in Debye):              -2.748539       2.944022       0.590827
 Setting up Delta-SCF
 Ground-Excited state overlap:          -0.000000000
 No correction applied to the TDM.
 Excitation energy:                      0.113911888
 Excitation energy (in eV):              3.099700393
 Transition dipole:                      2.54957      -2.22905      -0.74304
 Saving results in set 'frame_1555'

 --------------------------------------------------------------------------------

 End time:                               Mon May 24 15:50:22 2021
 Total wall-clock time:                  0.639 seconds
==================================================================================
