
================================================================================
          _____________ ________ _______________ ________     _________         
         / ___________// ______ \\_____   _____// ______ \   / ________)        
        / /_________  / /      \ \     | |     / /      \ \ | (_______          
       |  __________|| |        | |    | |    | |        | | \________ \        
        \ \_________ | |        | |    | |     \ \______/ /___________) |       
         \__________||_|        |_|    |_|      \________//____________/        
                                                                                
====================================[ Qcore ]===================================

 Git hash:   b27a5f96910dca04bf09adb1496985de0081c8b6
 Git date:   Tue, 11 May 2021 09:58:05 -0400
 Compiler:   AppleClang 10.0.1.10010046
 Build type: Release
 Version:    1.2.0

 Start time: Mon May 24 15:56:49 2021

 Data directory: /Users/of15641/qcore/cmake-build-release/share/entos/1.2.0/data
 Number of threads: 2
 Number of threads was determined by: number of physical cores

 --------------------------------------------------------------------------------
                                  command: bchla                                 
 --------------------------------------------------------------------------------
 XTB basis setup:                        reference basis
 Number of basis functions:            404
 GFN version:                            gfn1
 Integral screening threshold:           1.00e-10
 Total charge:                           0.000000000
 Number of electrons:                  344.000000000
 Electronic temperature (Kelvin):        0.000000000

 D3BJ energy:                           -0.096740764
 Repulsive energy:                       2.513203941

 ------------------------------------------------
  Running self-consistent charge (SCC) algorithm 
 ------------------------------------------------
 Broyden mixing factor:                  0.40
 Max number of iterations:             128
 Conv. threshold (charge):               1.00e-05
 Conv. threshold (energy):               1.00e-06
 Initial guess:                          SAD

 ---------------------------------------------------------------
                  energy        change          grad        time
 ---------------------------------------------------------------
   0      -201.676315680                    6.43e-01        0.03
   1      -202.297182935     -6.21e-01      3.75e-01        0.03
   2      -202.275634724      2.15e-02      6.08e-02        0.02
   3      -202.299190990     -2.36e-02      1.25e-02        0.02
   4      -202.314070191     -1.49e-02      2.31e-03        0.02
   5      -202.314544147     -4.74e-04      7.16e-04        0.02
   6      -202.314569558     -2.54e-05      1.77e-04        0.02
   7      -202.314570511     -9.53e-07      6.11e-05        0.03
   8      -202.314570803     -2.92e-07      2.18e-05        0.02
   9      -202.314570815     -1.18e-08      9.06e-06        0.02
  10      -202.314570816     -7.13e-10      2.72e-06        0.02

 SCF converged in 9 iterations.

 Entropy contribution (-ST):             0.000000000
 Dipole moment (in Debye):               1.377246      -1.518958      -1.222607
 Setting up Delta-SCF
 Ground-Excited state overlap:          -0.000000000
 No correction applied to the TDM.
 Excitation energy:                      0.112441842
 Excitation energy (in eV):              3.059698403
 Transition dipole:                     -0.20112      -2.20166      -2.18685
 Saving results in set 'frame_224'

 --------------------------------------------------------------------------------

 End time:                               Mon May 24 15:56:49 2021
 Total wall-clock time:                  0.655 seconds
==================================================================================
