
================================================================================
          _____________ ________ _______________ ________     _________         
         / ___________// ______ \\_____   _____// ______ \   / ________)        
        / /_________  / /      \ \     | |     / /      \ \ | (_______          
       |  __________|| |        | |    | |    | |        | | \________ \        
        \ \_________ | |        | |    | |     \ \______/ /___________) |       
         \__________||_|        |_|    |_|      \________//____________/        
                                                                                
====================================[ Qcore ]===================================

 Git hash:   b27a5f96910dca04bf09adb1496985de0081c8b6
 Git date:   Tue, 11 May 2021 09:58:05 -0400
 Compiler:   AppleClang 10.0.1.10010046
 Build type: Release
 Version:    1.2.0

 Start time: Mon May 24 15:47:31 2021

 Data directory: /Users/of15641/qcore/cmake-build-release/share/entos/1.2.0/data
 Number of threads: 2
 Number of threads was determined by: number of physical cores

 --------------------------------------------------------------------------------
                                  command: bchla                                 
 --------------------------------------------------------------------------------
 XTB basis setup:                        reference basis
 Number of basis functions:            404
 GFN version:                            gfn1
 Integral screening threshold:           1.00e-10
 Total charge:                           0.000000000
 Number of electrons:                  344.000000000
 Electronic temperature (Kelvin):        0.000000000

 D3BJ energy:                           -0.101533269
 Repulsive energy:                       2.566851543

 ------------------------------------------------
  Running self-consistent charge (SCC) algorithm 
 ------------------------------------------------
 Broyden mixing factor:                  0.40
 Max number of iterations:             128
 Conv. threshold (charge):               1.00e-05
 Conv. threshold (energy):               1.00e-06
 Initial guess:                          SAD

 ---------------------------------------------------------------
                  energy        change          grad        time
 ---------------------------------------------------------------
   0      -201.629130537                    6.43e-01        0.02
   1      -202.233949306     -6.05e-01      3.75e-01        0.02
   2      -202.191989844      4.20e-02      6.24e-02        0.02
   3      -202.223154471     -3.12e-02      1.82e-02        0.02
   4      -202.255607817     -3.25e-02      3.12e-03        0.02
   5      -202.256444087     -8.36e-04      7.18e-04        0.02
   6      -202.256460870     -1.68e-05      2.39e-04        0.02
   7      -202.256464526     -3.66e-06      8.53e-05        0.02
   8      -202.256465106     -5.80e-07      3.77e-05        0.02
   9      -202.256465117     -1.05e-08      1.69e-05        0.02
  10      -202.256465121     -4.24e-09      3.68e-06        0.02
  11      -202.256465121     -1.95e-10      1.04e-06        0.02

 SCF converged in 10 iterations.

 Entropy contribution (-ST):             0.000000000
 Dipole moment (in Debye):              -1.652354       3.802663      -4.285509
 Setting up Delta-SCF
 Ground-Excited state overlap:           0.000000000
 No correction applied to the TDM.
 Excitation energy:                      0.108800800
 Excitation energy (in eV):              2.960620600
 Transition dipole:                     -2.93313       0.81355      -1.64397
 Saving results in set 'frame_1324'

 --------------------------------------------------------------------------------

 End time:                               Mon May 24 15:47:31 2021
 Total wall-clock time:                  0.527 seconds
==================================================================================
