
================================================================================
          _____________ ________ _______________ ________     _________         
         / ___________// ______ \\_____   _____// ______ \   / ________)        
        / /_________  / /      \ \     | |     / /      \ \ | (_______          
       |  __________|| |        | |    | |    | |        | | \________ \        
        \ \_________ | |        | |    | |     \ \______/ /___________) |       
         \__________||_|        |_|    |_|      \________//____________/        
                                                                                
====================================[ Qcore ]===================================

 Git hash:   b27a5f96910dca04bf09adb1496985de0081c8b6
 Git date:   Tue, 11 May 2021 09:58:05 -0400
 Compiler:   AppleClang 10.0.1.10010046
 Build type: Release
 Version:    1.2.0

 Start time: Mon May 24 15:44:12 2021

 Data directory: /Users/of15641/qcore/cmake-build-release/share/entos/1.2.0/data
 Number of threads: 2
 Number of threads was determined by: number of physical cores

 --------------------------------------------------------------------------------
                                  command: bchla                                 
 --------------------------------------------------------------------------------
 XTB basis setup:                        reference basis
 Number of basis functions:            404
 GFN version:                            gfn1
 Integral screening threshold:           1.00e-10
 Total charge:                           0.000000000
 Number of electrons:                  344.000000000
 Electronic temperature (Kelvin):        0.000000000

 D3BJ energy:                           -0.095115572
 Repulsive energy:                       2.517921219

 ------------------------------------------------
  Running self-consistent charge (SCC) algorithm 
 ------------------------------------------------
 Broyden mixing factor:                  0.40
 Max number of iterations:             128
 Conv. threshold (charge):               1.00e-05
 Conv. threshold (energy):               1.00e-06
 Initial guess:                          SAD

 ---------------------------------------------------------------
                  energy        change          grad        time
 ---------------------------------------------------------------
   0      -201.644059238                    6.43e-01        0.03
   1      -202.253245221     -6.09e-01      3.75e-01        0.02
   2      -202.245364192      7.88e-03      5.84e-02        0.02
   3      -202.263248795     -1.79e-02      8.65e-03        0.02
   4      -202.269188278     -5.94e-03      2.16e-03        0.02
   5      -202.269614645     -4.26e-04      7.23e-04        0.02
   6      -202.269645243     -3.06e-05      1.54e-04        0.02
   7      -202.269645919     -6.76e-07      4.50e-05        0.02
   8      -202.269646041     -1.23e-07      1.96e-05        0.02
   9      -202.269646055     -1.37e-08      7.34e-06        0.02
  10      -202.269646057     -1.49e-09      2.46e-06        0.02

 SCF converged in 9 iterations.

 Entropy contribution (-ST):             0.000000000
 Dipole moment (in Debye):              -2.260647       0.107911      -1.836257
 Setting up Delta-SCF
 Ground-Excited state overlap:           0.000000000
 No correction applied to the TDM.
 Excitation energy:                      0.110736090
 Excitation energy (in eV):              3.013282518
 Transition dipole:                     -1.50800       0.70938      -3.19261
 Saving results in set 'frame_1027'

 --------------------------------------------------------------------------------

 End time:                               Mon May 24 15:44:13 2021
 Total wall-clock time:                  0.528 seconds
==================================================================================
