
================================================================================
          _____________ ________ _______________ ________     _________         
         / ___________// ______ \\_____   _____// ______ \   / ________)        
        / /_________  / /      \ \     | |     / /      \ \ | (_______          
       |  __________|| |        | |    | |    | |        | | \________ \        
        \ \_________ | |        | |    | |     \ \______/ /___________) |       
         \__________||_|        |_|    |_|      \________//____________/        
                                                                                
====================================[ Qcore ]===================================

 Git hash:   b27a5f96910dca04bf09adb1496985de0081c8b6
 Git date:   Tue, 11 May 2021 09:58:05 -0400
 Compiler:   AppleClang 10.0.1.10010046
 Build type: Release
 Version:    1.2.0

 Start time: Mon May 24 15:58:59 2021

 Data directory: /Users/of15641/qcore/cmake-build-release/share/entos/1.2.0/data
 Number of threads: 2
 Number of threads was determined by: number of physical cores

 --------------------------------------------------------------------------------
                                  command: bchla                                 
 --------------------------------------------------------------------------------
 XTB basis setup:                        reference basis
 Number of basis functions:            404
 GFN version:                            gfn1
 Integral screening threshold:           1.00e-10
 Total charge:                           0.000000000
 Number of electrons:                  344.000000000
 Electronic temperature (Kelvin):        0.000000000

 D3BJ energy:                           -0.097603791
 Repulsive energy:                       2.450803996

 ------------------------------------------------
  Running self-consistent charge (SCC) algorithm 
 ------------------------------------------------
 Broyden mixing factor:                  0.40
 Max number of iterations:             128
 Conv. threshold (charge):               1.00e-05
 Conv. threshold (energy):               1.00e-06
 Initial guess:                          SAD

 ---------------------------------------------------------------
                  energy        change          grad        time
 ---------------------------------------------------------------
   0      -201.652755556                    6.41e-01        0.03
   1      -202.236775132     -5.84e-01      3.74e-01        0.03
   2      -202.221779049      1.50e-02      5.67e-02        0.03
   3      -202.239668316     -1.79e-02      1.12e-02        0.03
   4      -202.252829870     -1.32e-02      2.18e-03        0.02
   5      -202.253269871     -4.40e-04      6.55e-04        0.02
   6      -202.253289968     -2.01e-05      1.65e-04        0.02
   7      -202.253290821     -8.52e-07      5.90e-05        0.02
   8      -202.253291083     -2.62e-07      2.12e-05        0.02
   9      -202.253291092     -9.81e-09      8.53e-06        0.02
  10      -202.253291093     -9.03e-10      2.67e-06        0.02

 SCF converged in 9 iterations.

 Entropy contribution (-ST):             0.000000000
 Dipole moment (in Debye):               3.344730       1.649970       0.476250
 Setting up Delta-SCF
 Ground-Excited state overlap:          -0.000000000
 No correction applied to the TDM.
 Excitation energy:                      0.112934520
 Excitation energy (in eV):              3.073104846
 Transition dipole:                     -0.68482       1.05294       2.49011
 Saving results in set 'frame_388'

 --------------------------------------------------------------------------------

 End time:                               Mon May 24 15:59:00 2021
 Total wall-clock time:                  0.622 seconds
==================================================================================
