
================================================================================
          _____________ ________ _______________ ________     _________         
         / ___________// ______ \\_____   _____// ______ \   / ________)        
        / /_________  / /      \ \     | |     / /      \ \ | (_______          
       |  __________|| |        | |    | |    | |        | | \________ \        
        \ \_________ | |        | |    | |     \ \______/ /___________) |       
         \__________||_|        |_|    |_|      \________//____________/        
                                                                                
====================================[ Qcore ]===================================

 Git hash:   b27a5f96910dca04bf09adb1496985de0081c8b6
 Git date:   Tue, 11 May 2021 09:58:05 -0400
 Compiler:   AppleClang 10.0.1.10010046
 Build type: Release
 Version:    1.2.0

 Start time: Mon May 24 16:00:40 2021

 Data directory: /Users/of15641/qcore/cmake-build-release/share/entos/1.2.0/data
 Number of threads: 2
 Number of threads was determined by: number of physical cores

 --------------------------------------------------------------------------------
                                  command: bchla                                 
 --------------------------------------------------------------------------------
 XTB basis setup:                        reference basis
 Number of basis functions:            404
 GFN version:                            gfn1
 Integral screening threshold:           1.00e-10
 Total charge:                           0.000000000
 Number of electrons:                  344.000000000
 Electronic temperature (Kelvin):        0.000000000

 D3BJ energy:                           -0.097998114
 Repulsive energy:                       2.491326444

 ------------------------------------------------
  Running self-consistent charge (SCC) algorithm 
 ------------------------------------------------
 Broyden mixing factor:                  0.40
 Max number of iterations:             128
 Conv. threshold (charge):               1.00e-05
 Conv. threshold (energy):               1.00e-06
 Initial guess:                          SAD

 ---------------------------------------------------------------
                  energy        change          grad        time
 ---------------------------------------------------------------
   0      -201.693043917                    6.42e-01        0.03
   1      -202.268681676     -5.76e-01      3.75e-01        0.02
   2      -202.258916842      9.76e-03      5.64e-02        0.02
   3      -202.276742391     -1.78e-02      1.03e-02        0.02
   4      -202.285072670     -8.33e-03      2.51e-03        0.02
   5      -202.285622868     -5.50e-04      6.67e-04        0.02
   6      -202.285645066     -2.22e-05      1.65e-04        0.02
   7      -202.285645733     -6.67e-07      4.16e-05        0.02
   8      -202.285645794     -6.16e-08      1.73e-05        0.02
   9      -202.285645802     -8.20e-09      7.08e-06        0.02
  10      -202.285645804     -1.67e-09      3.00e-06        0.02

 SCF converged in 9 iterations.

 Entropy contribution (-ST):             0.000000000
 Dipole moment (in Debye):              -1.127794       4.993564      -0.361682
 Setting up Delta-SCF
 Ground-Excited state overlap:           0.000000000
 No correction applied to the TDM.
 Excitation energy:                      0.112418180
 Excitation energy (in eV):              3.059054508
 Transition dipole:                     -1.67577      -1.47071       2.61920
 Saving results in set 'frame_503'

 --------------------------------------------------------------------------------

 End time:                               Mon May 24 16:00:41 2021
 Total wall-clock time:                  0.628 seconds
==================================================================================
