
================================================================================
          _____________ ________ _______________ ________     _________         
         / ___________// ______ \\_____   _____// ______ \   / ________)        
        / /_________  / /      \ \     | |     / /      \ \ | (_______          
       |  __________|| |        | |    | |    | |        | | \________ \        
        \ \_________ | |        | |    | |     \ \______/ /___________) |       
         \__________||_|        |_|    |_|      \________//____________/        
                                                                                
====================================[ Qcore ]===================================

 Git hash:   b27a5f96910dca04bf09adb1496985de0081c8b6
 Git date:   Tue, 11 May 2021 09:58:05 -0400
 Compiler:   AppleClang 10.0.1.10010046
 Build type: Release
 Version:    1.2.0

 Start time: Mon May 24 15:53:05 2021

 Data directory: /Users/of15641/qcore/cmake-build-release/share/entos/1.2.0/data
 Number of threads: 2
 Number of threads was determined by: number of physical cores

 --------------------------------------------------------------------------------
                                  command: bchla                                 
 --------------------------------------------------------------------------------
 XTB basis setup:                        reference basis
 Number of basis functions:            404
 GFN version:                            gfn1
 Integral screening threshold:           1.00e-10
 Total charge:                           0.000000000
 Number of electrons:                  344.000000000
 Electronic temperature (Kelvin):        0.000000000

 D3BJ energy:                           -0.096679692
 Repulsive energy:                       2.513623859

 ------------------------------------------------
  Running self-consistent charge (SCC) algorithm 
 ------------------------------------------------
 Broyden mixing factor:                  0.40
 Max number of iterations:             128
 Conv. threshold (charge):               1.00e-05
 Conv. threshold (energy):               1.00e-06
 Initial guess:                          SAD

 ---------------------------------------------------------------
                  energy        change          grad        time
 ---------------------------------------------------------------
   0      -201.589908921                    6.42e-01        0.04
   1      -202.185935258     -5.96e-01      3.74e-01        0.03
   2      -202.173514573      1.24e-02      5.82e-02        0.03
   3      -202.189169931     -1.57e-02      1.15e-02        0.03
   4      -202.201758268     -1.26e-02      2.39e-03        0.02
   5      -202.202266680     -5.08e-04      6.56e-04        0.02
   6      -202.202285148     -1.85e-05      1.57e-04        0.02
   7      -202.202285984     -8.36e-07      3.77e-05        0.02
   8      -202.202286014     -3.04e-08      1.64e-05        0.03
   9      -202.202286017     -2.58e-09      5.79e-06        0.02
  10      -202.202286017     -3.62e-10      2.93e-06        0.03

 SCF converged in 9 iterations.

 Entropy contribution (-ST):             0.000000000
 Dipole moment (in Debye):              -3.937947       3.788884      -0.226666
 Setting up Delta-SCF
 Ground-Excited state overlap:           0.000000000
 No correction applied to the TDM.
 Excitation energy:                      0.110502474
 Excitation energy (in eV):              3.006925495
 Transition dipole:                      2.75539      -1.72246      -0.75087
 Saving results in set 'frame_1748'

 --------------------------------------------------------------------------------

 End time:                               Mon May 24 15:53:05 2021
 Total wall-clock time:                  0.679 seconds
==================================================================================
