
================================================================================
          _____________ ________ _______________ ________     _________         
         / ___________// ______ \\_____   _____// ______ \   / ________)        
        / /_________  / /      \ \     | |     / /      \ \ | (_______          
       |  __________|| |        | |    | |    | |        | | \________ \        
        \ \_________ | |        | |    | |     \ \______/ /___________) |       
         \__________||_|        |_|    |_|      \________//____________/        
                                                                                
====================================[ Qcore ]===================================

 Git hash:   b27a5f96910dca04bf09adb1496985de0081c8b6
 Git date:   Tue, 11 May 2021 09:58:05 -0400
 Compiler:   AppleClang 10.0.1.10010046
 Build type: Release
 Version:    1.2.0

 Start time: Mon May 24 15:56:49 2021

 Data directory: /Users/of15641/qcore/cmake-build-release/share/entos/1.2.0/data
 Number of threads: 2
 Number of threads was determined by: number of physical cores

 --------------------------------------------------------------------------------
                                  command: bchla                                 
 --------------------------------------------------------------------------------
 XTB basis setup:                        reference basis
 Number of basis functions:            404
 GFN version:                            gfn1
 Integral screening threshold:           1.00e-10
 Total charge:                           0.000000000
 Number of electrons:                  344.000000000
 Electronic temperature (Kelvin):        0.000000000

 D3BJ energy:                           -0.096833761
 Repulsive energy:                       2.475129730

 ------------------------------------------------
  Running self-consistent charge (SCC) algorithm 
 ------------------------------------------------
 Broyden mixing factor:                  0.40
 Max number of iterations:             128
 Conv. threshold (charge):               1.00e-05
 Conv. threshold (energy):               1.00e-06
 Initial guess:                          SAD

 ---------------------------------------------------------------
                  energy        change          grad        time
 ---------------------------------------------------------------
   0      -201.637547016                    6.42e-01        0.03
   1      -202.254436052     -6.17e-01      3.75e-01        0.03
   2      -202.212676043      4.18e-02      6.21e-02        0.03
   3      -202.240711571     -2.80e-02      1.78e-02        0.03
   4      -202.275145672     -3.44e-02      2.30e-03        0.02
   5      -202.275538554     -3.93e-04      6.27e-04        0.03
   6      -202.275550717     -1.22e-05      1.55e-04        0.03
   7      -202.275551387     -6.70e-07      4.96e-05        0.03
   8      -202.275551412     -2.52e-08      2.40e-05        0.03
   9      -202.275551414     -1.89e-09      7.69e-06        0.02
  10      -202.275551415     -7.43e-10      2.77e-06        0.03

 SCF converged in 9 iterations.

 Entropy contribution (-ST):             0.000000000
 Dipole moment (in Debye):               1.187545      -1.264914      -2.641213
 Setting up Delta-SCF
 Ground-Excited state overlap:          -0.000000000
 No correction applied to the TDM.
 Excitation energy:                      0.107870852
 Excitation energy (in eV):              2.935315431
 Transition dipole:                      2.98670       0.29934      -1.08189
 Saving results in set 'frame_225'

 --------------------------------------------------------------------------------

 End time:                               Mon May 24 15:56:50 2021
 Total wall-clock time:                  0.701 seconds
==================================================================================
