
================================================================================
          _____________ ________ _______________ ________     _________         
         / ___________// ______ \\_____   _____// ______ \   / ________)        
        / /_________  / /      \ \     | |     / /      \ \ | (_______          
       |  __________|| |        | |    | |    | |        | | \________ \        
        \ \_________ | |        | |    | |     \ \______/ /___________) |       
         \__________||_|        |_|    |_|      \________//____________/        
                                                                                
====================================[ Qcore ]===================================

 Git hash:   b27a5f96910dca04bf09adb1496985de0081c8b6
 Git date:   Tue, 11 May 2021 09:58:05 -0400
 Compiler:   AppleClang 10.0.1.10010046
 Build type: Release
 Version:    1.2.0

 Start time: Mon May 24 15:55:21 2021

 Data directory: /Users/of15641/qcore/cmake-build-release/share/entos/1.2.0/data
 Number of threads: 2
 Number of threads was determined by: number of physical cores

 --------------------------------------------------------------------------------
                                  command: bchla                                 
 --------------------------------------------------------------------------------
 XTB basis setup:                        reference basis
 Number of basis functions:            404
 GFN version:                            gfn1
 Integral screening threshold:           1.00e-10
 Total charge:                           0.000000000
 Number of electrons:                  344.000000000
 Electronic temperature (Kelvin):        0.000000000

 D3BJ energy:                           -0.095461667
 Repulsive energy:                       2.527866232

 ------------------------------------------------
  Running self-consistent charge (SCC) algorithm 
 ------------------------------------------------
 Broyden mixing factor:                  0.40
 Max number of iterations:             128
 Conv. threshold (charge):               1.00e-05
 Conv. threshold (energy):               1.00e-06
 Initial guess:                          SAD

 ---------------------------------------------------------------
                  energy        change          grad        time
 ---------------------------------------------------------------
   0      -201.621837183                    6.43e-01        0.03
   1      -202.217070835     -5.95e-01      3.75e-01        0.03
   2      -202.207414539      9.66e-03      5.81e-02        0.03
   3      -202.225797397     -1.84e-02      9.66e-03        0.03
   4      -202.233181313     -7.38e-03      2.24e-03        0.02
   5      -202.233605192     -4.24e-04      7.28e-04        0.03
   6      -202.233632877     -2.77e-05      1.55e-04        0.03
   7      -202.233633496     -6.18e-07      3.91e-05        0.02
   8      -202.233633538     -4.29e-08      1.39e-05        0.03
   9      -202.233633541     -2.27e-09      6.30e-06        0.02
  10      -202.233633542     -1.14e-09      2.25e-06        0.03

 SCF converged in 9 iterations.

 Entropy contribution (-ST):             0.000000000
 Dipole moment (in Debye):              -2.576406       2.378581       5.330618
 Setting up Delta-SCF
 Ground-Excited state overlap:           0.000000000
 No correction applied to the TDM.
 Excitation energy:                      0.109264020
 Excitation energy (in eV):              2.973225459
 Transition dipole:                     -1.40230      -0.65841       2.94955
 Saving results in set 'frame_1921'

 --------------------------------------------------------------------------------

 End time:                               Mon May 24 15:55:22 2021
 Total wall-clock time:                  0.736 seconds
==================================================================================
