
================================================================================
          _____________ ________ _______________ ________     _________         
         / ___________// ______ \\_____   _____// ______ \   / ________)        
        / /_________  / /      \ \     | |     / /      \ \ | (_______          
       |  __________|| |        | |    | |    | |        | | \________ \        
        \ \_________ | |        | |    | |     \ \______/ /___________) |       
         \__________||_|        |_|    |_|      \________//____________/        
                                                                                
====================================[ Qcore ]===================================

 Git hash:   b27a5f96910dca04bf09adb1496985de0081c8b6
 Git date:   Tue, 11 May 2021 09:58:05 -0400
 Compiler:   AppleClang 10.0.1.10010046
 Build type: Release
 Version:    1.2.0

 Start time: Mon May 24 16:05:39 2021

 Data directory: /Users/of15641/qcore/cmake-build-release/share/entos/1.2.0/data
 Number of threads: 2
 Number of threads was determined by: number of physical cores

 --------------------------------------------------------------------------------
                                  command: bchla                                 
 --------------------------------------------------------------------------------
 XTB basis setup:                        reference basis
 Number of basis functions:            404
 GFN version:                            gfn1
 Integral screening threshold:           1.00e-10
 Total charge:                           0.000000000
 Number of electrons:                  344.000000000
 Electronic temperature (Kelvin):        0.000000000

 D3BJ energy:                           -0.098061057
 Repulsive energy:                       2.630272711

 ------------------------------------------------
  Running self-consistent charge (SCC) algorithm 
 ------------------------------------------------
 Broyden mixing factor:                  0.40
 Max number of iterations:             128
 Conv. threshold (charge):               1.00e-05
 Conv. threshold (energy):               1.00e-06
 Initial guess:                          SAD

 ---------------------------------------------------------------
                  energy        change          grad        time
 ---------------------------------------------------------------
   0      -201.746577208                    6.45e-01        0.02
   1      -202.331170308     -5.85e-01      3.76e-01        0.02
   2      -202.308252075      2.29e-02      5.84e-02        0.02
   3      -202.334291028     -2.60e-02      1.26e-02        0.02
   4      -202.350083690     -1.58e-02      2.38e-03        0.02
   5      -202.350626411     -5.43e-04      6.49e-04        0.02
   6      -202.350643941     -1.75e-05      1.56e-04        0.02
   7      -202.350644531     -5.90e-07      4.72e-05        0.02
   8      -202.350644612     -8.13e-08      2.10e-05        0.02
   9      -202.350644625     -1.23e-08      9.03e-06        0.02
  10      -202.350644627     -1.87e-09      2.99e-06        0.02

 SCF converged in 9 iterations.

 Entropy contribution (-ST):             0.000000000
 Dipole moment (in Debye):               1.358804       3.202168      -3.987784
 Setting up Delta-SCF
 Ground-Excited state overlap:           0.000000000
 No correction applied to the TDM.
 Excitation energy:                      0.107774172
 Excitation energy (in eV):              2.932684618
 Transition dipole:                      2.75016       0.11932      -2.43071
 Saving results in set 'frame_81'

 --------------------------------------------------------------------------------

 End time:                               Mon May 24 16:05:39 2021
 Total wall-clock time:                  0.567 seconds
==================================================================================
