
================================================================================
          _____________ ________ _______________ ________     _________         
         / ___________// ______ \\_____   _____// ______ \   / ________)        
        / /_________  / /      \ \     | |     / /      \ \ | (_______          
       |  __________|| |        | |    | |    | |        | | \________ \        
        \ \_________ | |        | |    | |     \ \______/ /___________) |       
         \__________||_|        |_|    |_|      \________//____________/        
                                                                                
====================================[ Qcore ]===================================

 Git hash:   b27a5f96910dca04bf09adb1496985de0081c8b6
 Git date:   Tue, 11 May 2021 09:58:05 -0400
 Compiler:   AppleClang 10.0.1.10010046
 Build type: Release
 Version:    1.2.0

 Start time: Mon May 24 16:03:24 2021

 Data directory: /Users/of15641/qcore/cmake-build-release/share/entos/1.2.0/data
 Number of threads: 2
 Number of threads was determined by: number of physical cores

 --------------------------------------------------------------------------------
                                  command: bchla                                 
 --------------------------------------------------------------------------------
 XTB basis setup:                        reference basis
 Number of basis functions:            404
 GFN version:                            gfn1
 Integral screening threshold:           1.00e-10
 Total charge:                           0.000000000
 Number of electrons:                  344.000000000
 Electronic temperature (Kelvin):        0.000000000

 D3BJ energy:                           -0.094648866
 Repulsive energy:                       2.524959026

 ------------------------------------------------
  Running self-consistent charge (SCC) algorithm 
 ------------------------------------------------
 Broyden mixing factor:                  0.40
 Max number of iterations:             128
 Conv. threshold (charge):               1.00e-05
 Conv. threshold (energy):               1.00e-06
 Initial guess:                          SAD

 ---------------------------------------------------------------
                  energy        change          grad        time
 ---------------------------------------------------------------
   0      -201.650183652                    6.43e-01        0.03
   1      -202.261286797     -6.11e-01      3.75e-01        0.03
   2      -202.248013038      1.33e-02      5.92e-02        0.03
   3      -202.266912531     -1.89e-02      1.11e-02        0.02
   4      -202.277988448     -1.11e-02      2.18e-03        0.02
   5      -202.278381235     -3.93e-04      6.54e-04        0.02
   6      -202.278401611     -2.04e-05      1.77e-04        0.02
   7      -202.278402761     -1.15e-06      5.57e-05        0.02
   8      -202.278403013     -2.52e-07      2.16e-05        0.03
   9      -202.278403025     -1.26e-08      7.52e-06        0.03
  10      -202.278403026     -6.37e-10      2.67e-06        0.03

 SCF converged in 9 iterations.

 Entropy contribution (-ST):             0.000000000
 Dipole moment (in Debye):              -0.625032      -0.428834      -5.154259
 Setting up Delta-SCF
 Ground-Excited state overlap:           0.000000000
 No correction applied to the TDM.
 Excitation energy:                      0.113157679
 Excitation energy (in eV):              3.079177314
 Transition dipole:                     -1.28019       1.41501       2.63867
 Saving results in set 'frame_675'

 --------------------------------------------------------------------------------

 End time:                               Mon May 24 16:03:25 2021
 Total wall-clock time:                  0.711 seconds
==================================================================================
