
================================================================================
          _____________ ________ _______________ ________     _________         
         / ___________// ______ \\_____   _____// ______ \   / ________)        
        / /_________  / /      \ \     | |     / /      \ \ | (_______          
       |  __________|| |        | |    | |    | |        | | \________ \        
        \ \_________ | |        | |    | |     \ \______/ /___________) |       
         \__________||_|        |_|    |_|      \________//____________/        
                                                                                
====================================[ Qcore ]===================================

 Git hash:   b27a5f96910dca04bf09adb1496985de0081c8b6
 Git date:   Tue, 11 May 2021 09:58:05 -0400
 Compiler:   AppleClang 10.0.1.10010046
 Build type: Release
 Version:    1.2.0

 Start time: Mon May 24 16:02:32 2021

 Data directory: /Users/of15641/qcore/cmake-build-release/share/entos/1.2.0/data
 Number of threads: 2
 Number of threads was determined by: number of physical cores

 --------------------------------------------------------------------------------
                                  command: bchla                                 
 --------------------------------------------------------------------------------
 XTB basis setup:                        reference basis
 Number of basis functions:            404
 GFN version:                            gfn1
 Integral screening threshold:           1.00e-10
 Total charge:                           0.000000000
 Number of electrons:                  344.000000000
 Electronic temperature (Kelvin):        0.000000000

 D3BJ energy:                           -0.096315416
 Repulsive energy:                       2.532795481

 ------------------------------------------------
  Running self-consistent charge (SCC) algorithm 
 ------------------------------------------------
 Broyden mixing factor:                  0.40
 Max number of iterations:             128
 Conv. threshold (charge):               1.00e-05
 Conv. threshold (energy):               1.00e-06
 Initial guess:                          SAD

 ---------------------------------------------------------------
                  energy        change          grad        time
 ---------------------------------------------------------------
   0      -201.650426350                    6.43e-01        0.03
   1      -202.253985016     -6.04e-01      3.75e-01        0.02
   2      -202.237875455      1.61e-02      5.87e-02        0.02
   3      -202.258889003     -2.10e-02      1.11e-02        0.02
   4      -202.271018877     -1.21e-02      2.21e-03        0.02
   5      -202.271456059     -4.37e-04      6.47e-04        0.02
   6      -202.271475181     -1.91e-05      1.72e-04        0.02
   7      -202.271476511     -1.33e-06      6.29e-05        0.02
   8      -202.271476896     -3.86e-07      2.00e-05        0.02
   9      -202.271476904     -7.89e-09      7.55e-06        0.02
  10      -202.271476905     -5.39e-10      2.53e-06        0.02

 SCF converged in 9 iterations.

 Entropy contribution (-ST):             0.000000000
 Dipole moment (in Debye):               1.507161       3.852171      -2.934030
 Setting up Delta-SCF
 Ground-Excited state overlap:           0.000000000
 No correction applied to the TDM.
 Excitation energy:                      0.106943524
 Excitation energy (in eV):              2.910081538
 Transition dipole:                      2.14420      -0.98324      -2.54544
 Saving results in set 'frame_61'

 --------------------------------------------------------------------------------

 End time:                               Mon May 24 16:02:32 2021
 Total wall-clock time:                  0.617 seconds
==================================================================================
