
================================================================================
          _____________ ________ _______________ ________     _________         
         / ___________// ______ \\_____   _____// ______ \   / ________)        
        / /_________  / /      \ \     | |     / /      \ \ | (_______          
       |  __________|| |        | |    | |    | |        | | \________ \        
        \ \_________ | |        | |    | |     \ \______/ /___________) |       
         \__________||_|        |_|    |_|      \________//____________/        
                                                                                
====================================[ Qcore ]===================================

 Git hash:   b27a5f96910dca04bf09adb1496985de0081c8b6
 Git date:   Tue, 11 May 2021 09:58:05 -0400
 Compiler:   AppleClang 10.0.1.10010046
 Build type: Release
 Version:    1.2.0

 Start time: Mon May 24 15:43:49 2021

 Data directory: /Users/of15641/qcore/cmake-build-release/share/entos/1.2.0/data
 Number of threads: 2
 Number of threads was determined by: number of physical cores

 --------------------------------------------------------------------------------
                                  command: bchla                                 
 --------------------------------------------------------------------------------
 XTB basis setup:                        reference basis
 Number of basis functions:            404
 GFN version:                            gfn1
 Integral screening threshold:           1.00e-10
 Total charge:                           0.000000000
 Number of electrons:                  344.000000000
 Electronic temperature (Kelvin):        0.000000000

 D3BJ energy:                           -0.094570755
 Repulsive energy:                       2.510580671

 ------------------------------------------------
  Running self-consistent charge (SCC) algorithm 
 ------------------------------------------------
 Broyden mixing factor:                  0.40
 Max number of iterations:             128
 Conv. threshold (charge):               1.00e-05
 Conv. threshold (energy):               1.00e-06
 Initial guess:                          SAD

 ---------------------------------------------------------------
                  energy        change          grad        time
 ---------------------------------------------------------------
   0      -201.658555585                    6.42e-01        0.04
   1      -202.258983570     -6.00e-01      3.74e-01        0.02
   2      -202.246074072      1.29e-02      5.86e-02        0.05
   3      -202.262741493     -1.67e-02      1.12e-02        0.05
   4      -202.274397905     -1.17e-02      2.14e-03        0.05
   5      -202.274788160     -3.90e-04      6.31e-04        0.14
   6      -202.274805266     -1.71e-05      1.35e-04        0.02
   7      -202.274805793     -5.27e-07      3.61e-05        0.05
   8      -202.274805810     -1.78e-08      1.45e-05        0.05
   9      -202.274805812     -2.02e-09      5.06e-06        0.04
  10      -202.274805813     -2.13e-10      2.44e-06        0.04

 SCF converged in 9 iterations.

 Entropy contribution (-ST):             0.000000000
 Dipole moment (in Debye):               2.680345       2.190736      -4.215283
 Setting up Delta-SCF
 Ground-Excited state overlap:           0.000000000
 No correction applied to the TDM.
 Excitation energy:                      0.110851373
 Excitation energy (in eV):              3.016419536
 Transition dipole:                      2.77436       0.38840      -2.36397
 Saving results in set 'frame_0'

 --------------------------------------------------------------------------------

 End time:                               Mon May 24 15:43:50 2021
 Total wall-clock time:                  0.863 seconds
==================================================================================
