
================================================================================
          _____________ ________ _______________ ________     _________         
         / ___________// ______ \\_____   _____// ______ \   / ________)        
        / /_________  / /      \ \     | |     / /      \ \ | (_______          
       |  __________|| |        | |    | |    | |        | | \________ \        
        \ \_________ | |        | |    | |     \ \______/ /___________) |       
         \__________||_|        |_|    |_|      \________//____________/        
                                                                                
====================================[ Qcore ]===================================

 Git hash:   b27a5f96910dca04bf09adb1496985de0081c8b6
 Git date:   Tue, 11 May 2021 09:58:05 -0400
 Compiler:   AppleClang 10.0.1.10010046
 Build type: Release
 Version:    1.2.0

 Start time: Mon May 24 15:46:01 2021

 Data directory: /Users/of15641/qcore/cmake-build-release/share/entos/1.2.0/data
 Number of threads: 2
 Number of threads was determined by: number of physical cores

 --------------------------------------------------------------------------------
                                  command: bchla                                 
 --------------------------------------------------------------------------------
 XTB basis setup:                        reference basis
 Number of basis functions:            404
 GFN version:                            gfn1
 Integral screening threshold:           1.00e-10
 Total charge:                           0.000000000
 Number of electrons:                  344.000000000
 Electronic temperature (Kelvin):        0.000000000

 D3BJ energy:                           -0.095160886
 Repulsive energy:                       2.472275665

 ------------------------------------------------
  Running self-consistent charge (SCC) algorithm 
 ------------------------------------------------
 Broyden mixing factor:                  0.40
 Max number of iterations:             128
 Conv. threshold (charge):               1.00e-05
 Conv. threshold (energy):               1.00e-06
 Initial guess:                          SAD

 ---------------------------------------------------------------
                  energy        change          grad        time
 ---------------------------------------------------------------
   0      -201.678090842                    6.42e-01        0.03
   1      -202.266157871     -5.88e-01      3.75e-01        0.02
   2      -202.247932253      1.82e-02      5.86e-02        0.02
   3      -202.266987832     -1.91e-02      1.29e-02        0.02
   4      -202.282924328     -1.59e-02      2.54e-03        0.02
   5      -202.283529581     -6.05e-04      6.63e-04        0.02
   6      -202.283545930     -1.63e-05      1.39e-04        0.02
   7      -202.283546504     -5.74e-07      3.88e-05        0.02
   8      -202.283546548     -4.45e-08      1.74e-05        0.02
   9      -202.283546553     -4.17e-09      7.10e-06        0.02
  10      -202.283546554     -1.65e-09      2.71e-06        0.02

 SCF converged in 9 iterations.

 Entropy contribution (-ST):             0.000000000
 Dipole moment (in Debye):              -0.551202       2.187231      -3.487214
 Setting up Delta-SCF
 Ground-Excited state overlap:           0.000000000
 No correction applied to the TDM.
 Excitation energy:                      0.109482344
 Excitation energy (in eV):              2.979166359
 Transition dipole:                     -1.41228      -1.40393       2.79646
 Saving results in set 'frame_1189'

 --------------------------------------------------------------------------------

 End time:                               Mon May 24 15:46:02 2021
 Total wall-clock time:                  0.508 seconds
==================================================================================
