
================================================================================
          _____________ ________ _______________ ________     _________         
         / ___________// ______ \\_____   _____// ______ \   / ________)        
        / /_________  / /      \ \     | |     / /      \ \ | (_______          
       |  __________|| |        | |    | |    | |        | | \________ \        
        \ \_________ | |        | |    | |     \ \______/ /___________) |       
         \__________||_|        |_|    |_|      \________//____________/        
                                                                                
====================================[ Qcore ]===================================

 Git hash:   b27a5f96910dca04bf09adb1496985de0081c8b6
 Git date:   Tue, 11 May 2021 09:58:05 -0400
 Compiler:   AppleClang 10.0.1.10010046
 Build type: Release
 Version:    1.2.0

 Start time: Mon May 24 16:01:03 2021

 Data directory: /Users/of15641/qcore/cmake-build-release/share/entos/1.2.0/data
 Number of threads: 2
 Number of threads was determined by: number of physical cores

 --------------------------------------------------------------------------------
                                  command: bchla                                 
 --------------------------------------------------------------------------------
 XTB basis setup:                        reference basis
 Number of basis functions:            404
 GFN version:                            gfn1
 Integral screening threshold:           1.00e-10
 Total charge:                           0.000000000
 Number of electrons:                  344.000000000
 Electronic temperature (Kelvin):        0.000000000

 D3BJ energy:                           -0.096262958
 Repulsive energy:                       2.536219139

 ------------------------------------------------
  Running self-consistent charge (SCC) algorithm 
 ------------------------------------------------
 Broyden mixing factor:                  0.40
 Max number of iterations:             128
 Conv. threshold (charge):               1.00e-05
 Conv. threshold (energy):               1.00e-06
 Initial guess:                          SAD

 ---------------------------------------------------------------
                  energy        change          grad        time
 ---------------------------------------------------------------
   0      -201.700730144                    6.43e-01        0.03
   1      -202.301994295     -6.01e-01      3.75e-01        0.02
   2      -202.294268454      7.73e-03      5.78e-02        0.02
   3      -202.308780670     -1.45e-02      8.80e-03        0.05
   4      -202.315770326     -6.99e-03      2.13e-03        0.07
   5      -202.316178282     -4.08e-04      6.76e-04        0.05
   6      -202.316201513     -2.32e-05      1.35e-04        0.06
   7      -202.316202025     -5.12e-07      3.76e-05        0.06
   8      -202.316202107     -8.18e-08      1.55e-05        0.04
   9      -202.316202114     -6.98e-09      6.17e-06        0.02
  10      -202.316202114     -6.41e-10      2.23e-06        0.02

 SCF converged in 9 iterations.

 Entropy contribution (-ST):             0.000000000
 Dipole moment (in Debye):               4.513877       3.125969      -2.655165
 Setting up Delta-SCF
 Ground-Excited state overlap:          -0.000000000
 No correction applied to the TDM.
 Excitation energy:                      0.114390220
 Excitation energy (in eV):              3.112716451
 Transition dipole:                      0.45016       1.69124       2.17738
 Saving results in set 'frame_53'

 --------------------------------------------------------------------------------

 End time:                               Mon May 24 16:01:04 2021
 Total wall-clock time:                  0.808 seconds
==================================================================================
