
================================================================================
          _____________ ________ _______________ ________     _________         
         / ___________// ______ \\_____   _____// ______ \   / ________)        
        / /_________  / /      \ \     | |     / /      \ \ | (_______          
       |  __________|| |        | |    | |    | |        | | \________ \        
        \ \_________ | |        | |    | |     \ \______/ /___________) |       
         \__________||_|        |_|    |_|      \________//____________/        
                                                                                
====================================[ Qcore ]===================================

 Git hash:   b27a5f96910dca04bf09adb1496985de0081c8b6
 Git date:   Tue, 11 May 2021 09:58:05 -0400
 Compiler:   AppleClang 10.0.1.10010046
 Build type: Release
 Version:    1.2.0

 Start time: Mon May 24 15:53:13 2021

 Data directory: /Users/of15641/qcore/cmake-build-release/share/entos/1.2.0/data
 Number of threads: 2
 Number of threads was determined by: number of physical cores

 --------------------------------------------------------------------------------
                                  command: bchla                                 
 --------------------------------------------------------------------------------
 XTB basis setup:                        reference basis
 Number of basis functions:            404
 GFN version:                            gfn1
 Integral screening threshold:           1.00e-10
 Total charge:                           0.000000000
 Number of electrons:                  344.000000000
 Electronic temperature (Kelvin):        0.000000000

 D3BJ energy:                           -0.097770647
 Repulsive energy:                       2.563092321

 ------------------------------------------------
  Running self-consistent charge (SCC) algorithm 
 ------------------------------------------------
 Broyden mixing factor:                  0.40
 Max number of iterations:             128
 Conv. threshold (charge):               1.00e-05
 Conv. threshold (energy):               1.00e-06
 Initial guess:                          SAD

 ---------------------------------------------------------------
                  energy        change          grad        time
 ---------------------------------------------------------------
   0      -201.660866517                    6.43e-01        0.05
   1      -202.268272048     -6.07e-01      3.75e-01        0.03
   2      -202.260972629      7.30e-03      5.81e-02        0.02
   3      -202.277729223     -1.68e-02      8.26e-03        0.03
   4      -202.283794646     -6.07e-03      1.90e-03        0.03
   5      -202.284132679     -3.38e-04      6.05e-04        0.02
   6      -202.284153775     -2.11e-05      1.35e-04        0.02
   7      -202.284154181     -4.05e-07      4.10e-05        0.02
   8      -202.284154249     -6.85e-08      1.76e-05        0.02
   9      -202.284154259     -1.04e-08      6.98e-06        0.03
  10      -202.284154261     -1.49e-09      2.32e-06        0.02

 SCF converged in 9 iterations.

 Entropy contribution (-ST):             0.000000000
 Dipole moment (in Debye):              -2.892158       1.101623       1.371130
 Setting up Delta-SCF
 Ground-Excited state overlap:           0.000000000
 No correction applied to the TDM.
 Excitation energy:                      0.111836329
 Excitation energy (in eV):              3.043221537
 Transition dipole:                      0.31064       3.31712      -0.09995
 Saving results in set 'frame_1758'

 --------------------------------------------------------------------------------

 End time:                               Mon May 24 15:53:14 2021
 Total wall-clock time:                  0.734 seconds
==================================================================================
