
================================================================================
          _____________ ________ _______________ ________     _________         
         / ___________// ______ \\_____   _____// ______ \   / ________)        
        / /_________  / /      \ \     | |     / /      \ \ | (_______          
       |  __________|| |        | |    | |    | |        | | \________ \        
        \ \_________ | |        | |    | |     \ \______/ /___________) |       
         \__________||_|        |_|    |_|      \________//____________/        
                                                                                
====================================[ Qcore ]===================================

 Git hash:   b27a5f96910dca04bf09adb1496985de0081c8b6
 Git date:   Tue, 11 May 2021 09:58:05 -0400
 Compiler:   AppleClang 10.0.1.10010046
 Build type: Release
 Version:    1.2.0

 Start time: Mon May 24 15:53:14 2021

 Data directory: /Users/of15641/qcore/cmake-build-release/share/entos/1.2.0/data
 Number of threads: 2
 Number of threads was determined by: number of physical cores

 --------------------------------------------------------------------------------
                                  command: bchla                                 
 --------------------------------------------------------------------------------
 XTB basis setup:                        reference basis
 Number of basis functions:            404
 GFN version:                            gfn1
 Integral screening threshold:           1.00e-10
 Total charge:                           0.000000000
 Number of electrons:                  344.000000000
 Electronic temperature (Kelvin):        0.000000000

 D3BJ energy:                           -0.097772292
 Repulsive energy:                       2.480509333

 ------------------------------------------------
  Running self-consistent charge (SCC) algorithm 
 ------------------------------------------------
 Broyden mixing factor:                  0.40
 Max number of iterations:             128
 Conv. threshold (charge):               1.00e-05
 Conv. threshold (energy):               1.00e-06
 Initial guess:                          SAD

 ---------------------------------------------------------------
                  energy        change          grad        time
 ---------------------------------------------------------------
   0      -201.677409042                    6.42e-01        0.02
   1      -202.269381002     -5.92e-01      3.74e-01        0.02
   2      -202.261725889      7.66e-03      5.79e-02        0.02
   3      -202.276489312     -1.48e-02      9.36e-03        0.02
   4      -202.283557782     -7.07e-03      2.50e-03        0.02
   5      -202.284106867     -5.49e-04      7.25e-04        0.02
   6      -202.284136360     -2.95e-05      1.85e-04        0.02
   7      -202.284137817     -1.46e-06      6.21e-05        0.03
   8      -202.284138217     -4.00e-07      1.84e-05        0.02
   9      -202.284138227     -1.02e-08      6.93e-06        0.02
  10      -202.284138227     -6.31e-10      2.46e-06        0.02

 SCF converged in 9 iterations.

 Entropy contribution (-ST):             0.000000000
 Dipole moment (in Debye):              -2.890812       3.323723       1.289282
 Setting up Delta-SCF
 Ground-Excited state overlap:          -0.000000000
 No correction applied to the TDM.
 Excitation energy:                      0.109110079
 Excitation energy (in eV):              2.969036512
 Transition dipole:                      1.08707       3.14502      -0.20624
 Saving results in set 'frame_1759'

 --------------------------------------------------------------------------------

 End time:                               Mon May 24 15:53:14 2021
 Total wall-clock time:                  0.611 seconds
==================================================================================
