
================================================================================
          _____________ ________ _______________ ________     _________         
         / ___________// ______ \\_____   _____// ______ \   / ________)        
        / /_________  / /      \ \     | |     / /      \ \ | (_______          
       |  __________|| |        | |    | |    | |        | | \________ \        
        \ \_________ | |        | |    | |     \ \______/ /___________) |       
         \__________||_|        |_|    |_|      \________//____________/        
                                                                                
====================================[ Qcore ]===================================

 Git hash:   b27a5f96910dca04bf09adb1496985de0081c8b6
 Git date:   Tue, 11 May 2021 09:58:05 -0400
 Compiler:   AppleClang 10.0.1.10010046
 Build type: Release
 Version:    1.2.0

 Start time: Mon May 24 15:49:09 2021

 Data directory: /Users/of15641/qcore/cmake-build-release/share/entos/1.2.0/data
 Number of threads: 2
 Number of threads was determined by: number of physical cores

 --------------------------------------------------------------------------------
                                  command: bchla                                 
 --------------------------------------------------------------------------------
 XTB basis setup:                        reference basis
 Number of basis functions:            404
 GFN version:                            gfn1
 Integral screening threshold:           1.00e-10
 Total charge:                           0.000000000
 Number of electrons:                  344.000000000
 Electronic temperature (Kelvin):        0.000000000

 D3BJ energy:                           -0.101573805
 Repulsive energy:                       2.523386600

 ------------------------------------------------
  Running self-consistent charge (SCC) algorithm 
 ------------------------------------------------
 Broyden mixing factor:                  0.40
 Max number of iterations:             128
 Conv. threshold (charge):               1.00e-05
 Conv. threshold (energy):               1.00e-06
 Initial guess:                          SAD

 ---------------------------------------------------------------
                  energy        change          grad        time
 ---------------------------------------------------------------
   0      -201.627449447                    6.42e-01        0.04
   1      -202.225315920     -5.98e-01      3.74e-01        0.04
   2      -202.214802792      1.05e-02      5.81e-02        0.05
   3      -202.231755191     -1.70e-02      9.78e-03        0.06
   4      -202.240592332     -8.84e-03      2.31e-03        0.02
   5      -202.241049630     -4.57e-04      7.66e-04        0.02
   6      -202.241080668     -3.10e-05      2.30e-04        0.02
   7      -202.241083797     -3.13e-06      7.69e-05        0.02
   8      -202.241084478     -6.82e-07      1.88e-05        0.03
   9      -202.241084489     -1.06e-08      6.81e-06        0.02
  10      -202.241084489     -3.93e-10      2.24e-06        0.02

 SCF converged in 9 iterations.

 Entropy contribution (-ST):             0.000000000
 Dipole moment (in Debye):              -2.616908       3.673099      -0.892845
 Setting up Delta-SCF
 Ground-Excited state overlap:           0.000000000
 No correction applied to the TDM.
 Excitation energy:                      0.103263993
 Excitation energy (in eV):              2.809956398
 Transition dipole:                     -2.46243       1.28178       2.40970
 Saving results in set 'frame_1469'

 --------------------------------------------------------------------------------

 End time:                               Mon May 24 15:49:10 2021
 Total wall-clock time:                  0.809 seconds
==================================================================================
