
================================================================================
          _____________ ________ _______________ ________     _________         
         / ___________// ______ \\_____   _____// ______ \   / ________)        
        / /_________  / /      \ \     | |     / /      \ \ | (_______          
       |  __________|| |        | |    | |    | |        | | \________ \        
        \ \_________ | |        | |    | |     \ \______/ /___________) |       
         \__________||_|        |_|    |_|      \________//____________/        
                                                                                
====================================[ Qcore ]===================================

 Git hash:   b27a5f96910dca04bf09adb1496985de0081c8b6
 Git date:   Tue, 11 May 2021 09:58:05 -0400
 Compiler:   AppleClang 10.0.1.10010046
 Build type: Release
 Version:    1.2.0

 Start time: Mon May 24 15:47:31 2021

 Data directory: /Users/of15641/qcore/cmake-build-release/share/entos/1.2.0/data
 Number of threads: 2
 Number of threads was determined by: number of physical cores

 --------------------------------------------------------------------------------
                                  command: bchla                                 
 --------------------------------------------------------------------------------
 XTB basis setup:                        reference basis
 Number of basis functions:            404
 GFN version:                            gfn1
 Integral screening threshold:           1.00e-10
 Total charge:                           0.000000000
 Number of electrons:                  344.000000000
 Electronic temperature (Kelvin):        0.000000000

 D3BJ energy:                           -0.099046568
 Repulsive energy:                       2.557076478

 ------------------------------------------------
  Running self-consistent charge (SCC) algorithm 
 ------------------------------------------------
 Broyden mixing factor:                  0.40
 Max number of iterations:             128
 Conv. threshold (charge):               1.00e-05
 Conv. threshold (energy):               1.00e-06
 Initial guess:                          SAD

 ---------------------------------------------------------------
                  energy        change          grad        time
 ---------------------------------------------------------------
   0      -201.641565457                    6.43e-01        0.03
   1      -202.235266645     -5.94e-01      3.75e-01        0.02
   2      -202.226419781      8.85e-03      5.69e-02        0.02
   3      -202.242125017     -1.57e-02      9.35e-03        0.02
   4      -202.250245983     -8.12e-03      2.05e-03        0.03
   5      -202.250622155     -3.76e-04      6.63e-04        0.02
   6      -202.250647050     -2.49e-05      1.50e-04        0.02
   7      -202.250647815     -7.65e-07      4.81e-05        0.02
   8      -202.250647964     -1.49e-07      1.76e-05        0.02
   9      -202.250647974     -9.58e-09      7.05e-06        0.02
  10      -202.250647975     -9.59e-10      2.39e-06        0.03

 SCF converged in 9 iterations.

 Entropy contribution (-ST):             0.000000000
 Dipole moment (in Debye):               0.198232       2.124829      -4.809732
 Setting up Delta-SCF
 Ground-Excited state overlap:           0.000000000
 No correction applied to the TDM.
 Excitation energy:                      0.109178068
 Excitation energy (in eV):              2.970886582
 Transition dipole:                     -1.32353       1.35627      -3.31119
 Saving results in set 'frame_1325'

 --------------------------------------------------------------------------------

 End time:                               Mon May 24 15:47:32 2021
 Total wall-clock time:                  0.554 seconds
==================================================================================
