
================================================================================
          _____________ ________ _______________ ________     _________         
         / ___________// ______ \\_____   _____// ______ \   / ________)        
        / /_________  / /      \ \     | |     / /      \ \ | (_______          
       |  __________|| |        | |    | |    | |        | | \________ \        
        \ \_________ | |        | |    | |     \ \______/ /___________) |       
         \__________||_|        |_|    |_|      \________//____________/        
                                                                                
====================================[ Qcore ]===================================

 Git hash:   b27a5f96910dca04bf09adb1496985de0081c8b6
 Git date:   Tue, 11 May 2021 09:58:05 -0400
 Compiler:   AppleClang 10.0.1.10010046
 Build type: Release
 Version:    1.2.0

 Start time: Mon May 24 15:46:24 2021

 Data directory: /Users/of15641/qcore/cmake-build-release/share/entos/1.2.0/data
 Number of threads: 2
 Number of threads was determined by: number of physical cores

 --------------------------------------------------------------------------------
                                  command: bchla                                 
 --------------------------------------------------------------------------------
 XTB basis setup:                        reference basis
 Number of basis functions:            404
 GFN version:                            gfn1
 Integral screening threshold:           1.00e-10
 Total charge:                           0.000000000
 Number of electrons:                  344.000000000
 Electronic temperature (Kelvin):        0.000000000

 D3BJ energy:                           -0.094320780
 Repulsive energy:                       2.651753804

 ------------------------------------------------
  Running self-consistent charge (SCC) algorithm 
 ------------------------------------------------
 Broyden mixing factor:                  0.40
 Max number of iterations:             128
 Conv. threshold (charge):               1.00e-05
 Conv. threshold (energy):               1.00e-06
 Initial guess:                          SAD

 ---------------------------------------------------------------
                  energy        change          grad        time
 ---------------------------------------------------------------
   0      -201.672072812                    6.45e-01        0.03
   1      -202.276316485     -6.04e-01      3.76e-01        0.02
   2      -202.267034441      9.28e-03      5.80e-02        0.02
   3      -202.282454896     -1.54e-02      9.92e-03        0.02
   4      -202.291106332     -8.65e-03      2.28e-03        0.02
   5      -202.291539815     -4.33e-04      6.31e-04        0.02
   6      -202.291555831     -1.60e-05      1.47e-04        0.02
   7      -202.291556419     -5.88e-07      3.28e-05        0.02
   8      -202.291556438     -1.85e-08      1.33e-05        0.02
   9      -202.291556440     -1.70e-09      4.80e-06        0.02
  10      -202.291556440     -3.90e-10      2.30e-06        0.02

 SCF converged in 9 iterations.

 Entropy contribution (-ST):             0.000000000
 Dipole moment (in Debye):               3.649311       4.453081      -1.409460
 Setting up Delta-SCF
 Ground-Excited state overlap:           0.000000000
 No correction applied to the TDM.
 Excitation energy:                      0.108141899
 Excitation energy (in eV):              2.942690988
 Transition dipole:                     -3.06647      -0.16944       2.03209
 Saving results in set 'frame_122'

 --------------------------------------------------------------------------------

 End time:                               Mon May 24 15:46:25 2021
 Total wall-clock time:                  0.490 seconds
==================================================================================
