
================================================================================
          _____________ ________ _______________ ________     _________         
         / ___________// ______ \\_____   _____// ______ \   / ________)        
        / /_________  / /      \ \     | |     / /      \ \ | (_______          
       |  __________|| |        | |    | |    | |        | | \________ \        
        \ \_________ | |        | |    | |     \ \______/ /___________) |       
         \__________||_|        |_|    |_|      \________//____________/        
                                                                                
====================================[ Qcore ]===================================

 Git hash:   b27a5f96910dca04bf09adb1496985de0081c8b6
 Git date:   Tue, 11 May 2021 09:58:05 -0400
 Compiler:   AppleClang 10.0.1.10010046
 Build type: Release
 Version:    1.2.0

 Start time: Mon May 24 15:53:12 2021

 Data directory: /Users/of15641/qcore/cmake-build-release/share/entos/1.2.0/data
 Number of threads: 2
 Number of threads was determined by: number of physical cores

 --------------------------------------------------------------------------------
                                  command: bchla                                 
 --------------------------------------------------------------------------------
 XTB basis setup:                        reference basis
 Number of basis functions:            404
 GFN version:                            gfn1
 Integral screening threshold:           1.00e-10
 Total charge:                           0.000000000
 Number of electrons:                  344.000000000
 Electronic temperature (Kelvin):        0.000000000

 D3BJ energy:                           -0.098519121
 Repulsive energy:                       2.488990307

 ------------------------------------------------
  Running self-consistent charge (SCC) algorithm 
 ------------------------------------------------
 Broyden mixing factor:                  0.40
 Max number of iterations:             128
 Conv. threshold (charge):               1.00e-05
 Conv. threshold (energy):               1.00e-06
 Initial guess:                          SAD

 ---------------------------------------------------------------
                  energy        change          grad        time
 ---------------------------------------------------------------
   0      -201.654740543                    6.42e-01        0.03
   1      -202.244722380     -5.90e-01      3.75e-01        0.02
   2      -202.231732360      1.30e-02      5.82e-02        0.03
   3      -202.249173426     -1.74e-02      1.10e-02        0.02
   4      -202.260395072     -1.12e-02      2.42e-03        0.03
   5      -202.260928058     -5.33e-04      6.71e-04        0.02
   6      -202.260948325     -2.03e-05      1.57e-04        0.03
   7      -202.260949120     -7.94e-07      5.12e-05        0.02
   8      -202.260949364     -2.44e-07      2.26e-05        0.03
   9      -202.260949385     -2.14e-08      8.10e-06        0.02
  10      -202.260949386     -4.85e-10      2.87e-06        0.03

 SCF converged in 9 iterations.

 Entropy contribution (-ST):             0.000000000
 Dipole moment (in Debye):              -3.123956       3.664334       1.004160
 Setting up Delta-SCF
 Ground-Excited state overlap:           0.000000000
 No correction applied to the TDM.
 Excitation energy:                      0.109178182
 Excitation energy (in eV):              2.970889682
 Transition dipole:                     -0.76094       3.70938       0.44116
 Saving results in set 'frame_1757'

 --------------------------------------------------------------------------------

 End time:                               Mon May 24 15:53:13 2021
 Total wall-clock time:                  0.661 seconds
==================================================================================
