
================================================================================
          _____________ ________ _______________ ________     _________         
         / ___________// ______ \\_____   _____// ______ \   / ________)        
        / /_________  / /      \ \     | |     / /      \ \ | (_______          
       |  __________|| |        | |    | |    | |        | | \________ \        
        \ \_________ | |        | |    | |     \ \______/ /___________) |       
         \__________||_|        |_|    |_|      \________//____________/        
                                                                                
====================================[ Qcore ]===================================

 Git hash:   b27a5f96910dca04bf09adb1496985de0081c8b6
 Git date:   Tue, 11 May 2021 09:58:05 -0400
 Compiler:   AppleClang 10.0.1.10010046
 Build type: Release
 Version:    1.2.0

 Start time: Mon May 24 16:02:31 2021

 Data directory: /Users/of15641/qcore/cmake-build-release/share/entos/1.2.0/data
 Number of threads: 2
 Number of threads was determined by: number of physical cores

 --------------------------------------------------------------------------------
                                  command: bchla                                 
 --------------------------------------------------------------------------------
 XTB basis setup:                        reference basis
 Number of basis functions:            404
 GFN version:                            gfn1
 Integral screening threshold:           1.00e-10
 Total charge:                           0.000000000
 Number of electrons:                  344.000000000
 Electronic temperature (Kelvin):        0.000000000

 D3BJ energy:                           -0.094646736
 Repulsive energy:                       2.482413396

 ------------------------------------------------
  Running self-consistent charge (SCC) algorithm 
 ------------------------------------------------
 Broyden mixing factor:                  0.40
 Max number of iterations:             128
 Conv. threshold (charge):               1.00e-05
 Conv. threshold (energy):               1.00e-06
 Initial guess:                          SAD

 ---------------------------------------------------------------
                  energy        change          grad        time
 ---------------------------------------------------------------
   0      -201.569686301                    6.41e-01        0.03
   1      -202.172975939     -6.03e-01      3.74e-01        0.03
   2      -202.149735111      2.32e-02      5.95e-02        0.03
   3      -202.173372205     -2.36e-02      1.37e-02        0.02
   4      -202.191105208     -1.77e-02      2.48e-03        0.02
   5      -202.191619043     -5.14e-04      6.87e-04        0.02
   6      -202.191640285     -2.12e-05      2.02e-04        0.02
   7      -202.191642330     -2.04e-06      6.90e-05        0.02
   8      -202.191642777     -4.47e-07      2.33e-05        0.02
   9      -202.191642784     -6.73e-09      8.34e-06        0.02
  10      -202.191642784     -3.76e-10      2.69e-06        0.02

 SCF converged in 9 iterations.

 Entropy contribution (-ST):             0.000000000
 Dipole moment (in Debye):              -1.111613       1.801011      -5.327576
 Setting up Delta-SCF
 Ground-Excited state overlap:           0.000000000
 No correction applied to the TDM.
 Excitation energy:                      0.110942152
 Excitation energy (in eV):              3.018889752
 Transition dipole:                     -0.40036      -1.28745      -3.16599
 Saving results in set 'frame_609'

 --------------------------------------------------------------------------------

 End time:                               Mon May 24 16:02:32 2021
 Total wall-clock time:                  0.633 seconds
==================================================================================
