
================================================================================
          _____________ ________ _______________ ________     _________         
         / ___________// ______ \\_____   _____// ______ \   / ________)        
        / /_________  / /      \ \     | |     / /      \ \ | (_______          
       |  __________|| |        | |    | |    | |        | | \________ \        
        \ \_________ | |        | |    | |     \ \______/ /___________) |       
         \__________||_|        |_|    |_|      \________//____________/        
                                                                                
====================================[ Qcore ]===================================

 Git hash:   b27a5f96910dca04bf09adb1496985de0081c8b6
 Git date:   Tue, 11 May 2021 09:58:05 -0400
 Compiler:   AppleClang 10.0.1.10010046
 Build type: Release
 Version:    1.2.0

 Start time: Mon May 24 15:53:04 2021

 Data directory: /Users/of15641/qcore/cmake-build-release/share/entos/1.2.0/data
 Number of threads: 2
 Number of threads was determined by: number of physical cores

 --------------------------------------------------------------------------------
                                  command: bchla                                 
 --------------------------------------------------------------------------------
 XTB basis setup:                        reference basis
 Number of basis functions:            404
 GFN version:                            gfn1
 Integral screening threshold:           1.00e-10
 Total charge:                           0.000000000
 Number of electrons:                  344.000000000
 Electronic temperature (Kelvin):        0.000000000

 D3BJ energy:                           -0.096438056
 Repulsive energy:                       2.503453500

 ------------------------------------------------
  Running self-consistent charge (SCC) algorithm 
 ------------------------------------------------
 Broyden mixing factor:                  0.40
 Max number of iterations:             128
 Conv. threshold (charge):               1.00e-05
 Conv. threshold (energy):               1.00e-06
 Initial guess:                          SAD

 ---------------------------------------------------------------
                  energy        change          grad        time
 ---------------------------------------------------------------
   0      -201.616497291                    6.43e-01        0.03
   1      -202.240505899     -6.24e-01      3.75e-01        0.03
   2      -202.223314901      1.72e-02      6.13e-02        0.02
   3      -202.245350030     -2.20e-02      1.15e-02        0.02
   4      -202.257198589     -1.18e-02      2.34e-03        0.02
   5      -202.257719267     -5.21e-04      7.10e-04        0.02
   6      -202.257746347     -2.71e-05      1.51e-04        0.03
   7      -202.257747039     -6.92e-07      5.21e-05        0.02
   8      -202.257747259     -2.20e-07      2.10e-05        0.03
   9      -202.257747270     -1.14e-08      7.97e-06        0.02
  10      -202.257747270     -4.64e-10      2.52e-06        0.02

 SCF converged in 9 iterations.

 Entropy contribution (-ST):             0.000000000
 Dipole moment (in Debye):              -4.378325       3.602295      -0.881630
 Setting up Delta-SCF
 Ground-Excited state overlap:          -0.000000000
 No correction applied to the TDM.
 Excitation energy:                      0.109278907
 Excitation energy (in eV):              2.973630546
 Transition dipole:                      2.59783      -2.44731      -0.58855
 Saving results in set 'frame_1747'

 --------------------------------------------------------------------------------

 End time:                               Mon May 24 15:53:04 2021
 Total wall-clock time:                  0.622 seconds
==================================================================================
