
================================================================================
          _____________ ________ _______________ ________     _________         
         / ___________// ______ \\_____   _____// ______ \   / ________)        
        / /_________  / /      \ \     | |     / /      \ \ | (_______          
       |  __________|| |        | |    | |    | |        | | \________ \        
        \ \_________ | |        | |    | |     \ \______/ /___________) |       
         \__________||_|        |_|    |_|      \________//____________/        
                                                                                
====================================[ Qcore ]===================================

 Git hash:   b27a5f96910dca04bf09adb1496985de0081c8b6
 Git date:   Tue, 11 May 2021 09:58:05 -0400
 Compiler:   AppleClang 10.0.1.10010046
 Build type: Release
 Version:    1.2.0

 Start time: Mon May 24 16:03:45 2021

 Data directory: /Users/of15641/qcore/cmake-build-release/share/entos/1.2.0/data
 Number of threads: 2
 Number of threads was determined by: number of physical cores

 --------------------------------------------------------------------------------
                                  command: bchla                                 
 --------------------------------------------------------------------------------
 XTB basis setup:                        reference basis
 Number of basis functions:            404
 GFN version:                            gfn1
 Integral screening threshold:           1.00e-10
 Total charge:                           0.000000000
 Number of electrons:                  344.000000000
 Electronic temperature (Kelvin):        0.000000000

 D3BJ energy:                           -0.094669705
 Repulsive energy:                       2.483626438

 ------------------------------------------------
  Running self-consistent charge (SCC) algorithm 
 ------------------------------------------------
 Broyden mixing factor:                  0.40
 Max number of iterations:             128
 Conv. threshold (charge):               1.00e-05
 Conv. threshold (energy):               1.00e-06
 Initial guess:                          SAD

 ---------------------------------------------------------------
                  energy        change          grad        time
 ---------------------------------------------------------------
   0      -201.665641037                    6.42e-01        0.04
   1      -202.265344395     -6.00e-01      3.74e-01        0.03
   2      -202.255785546      9.56e-03      5.88e-02        0.04
   3      -202.272826689     -1.70e-02      9.79e-03        0.03
   4      -202.280562919     -7.74e-03      2.43e-03        0.03
   5      -202.281079406     -5.16e-04      6.87e-04        0.03
   6      -202.281103228     -2.38e-05      1.65e-04        0.03
   7      -202.281104250     -1.02e-06      5.00e-05        0.04
   8      -202.281104422     -1.72e-07      1.86e-05        0.03
   9      -202.281104433     -1.13e-08      7.71e-06        0.03
  10      -202.281104435     -1.54e-09      2.48e-06        0.03

 SCF converged in 9 iterations.

 Entropy contribution (-ST):             0.000000000
 Dipole moment (in Debye):               1.402873       1.855541      -4.598348
 Setting up Delta-SCF
 Ground-Excited state overlap:           0.000000000
 No correction applied to the TDM.
 Excitation energy:                      0.107329805
 Excitation energy (in eV):              2.920592793
 Transition dipole:                     -2.66859      -1.76104       2.02515
 Saving results in set 'frame_694'

 --------------------------------------------------------------------------------

 End time:                               Mon May 24 16:03:46 2021
 Total wall-clock time:                  0.846 seconds
==================================================================================
