
================================================================================
          _____________ ________ _______________ ________     _________         
         / ___________// ______ \\_____   _____// ______ \   / ________)        
        / /_________  / /      \ \     | |     / /      \ \ | (_______          
       |  __________|| |        | |    | |    | |        | | \________ \        
        \ \_________ | |        | |    | |     \ \______/ /___________) |       
         \__________||_|        |_|    |_|      \________//____________/        
                                                                                
====================================[ Qcore ]===================================

 Git hash:   b27a5f96910dca04bf09adb1496985de0081c8b6
 Git date:   Tue, 11 May 2021 09:58:05 -0400
 Compiler:   AppleClang 10.0.1.10010046
 Build type: Release
 Version:    1.2.0

 Start time: Mon May 24 15:44:28 2021

 Data directory: /Users/of15641/qcore/cmake-build-release/share/entos/1.2.0/data
 Number of threads: 2
 Number of threads was determined by: number of physical cores

 --------------------------------------------------------------------------------
                                  command: bchla                                 
 --------------------------------------------------------------------------------
 XTB basis setup:                        reference basis
 Number of basis functions:            404
 GFN version:                            gfn1
 Integral screening threshold:           1.00e-10
 Total charge:                           0.000000000
 Number of electrons:                  344.000000000
 Electronic temperature (Kelvin):        0.000000000

 D3BJ energy:                           -0.094748538
 Repulsive energy:                       2.517318431

 ------------------------------------------------
  Running self-consistent charge (SCC) algorithm 
 ------------------------------------------------
 Broyden mixing factor:                  0.40
 Max number of iterations:             128
 Conv. threshold (charge):               1.00e-05
 Conv. threshold (energy):               1.00e-06
 Initial guess:                          SAD

 ---------------------------------------------------------------
                  energy        change          grad        time
 ---------------------------------------------------------------
   0      -201.672701774                    6.44e-01        0.02
   1      -202.290697750     -6.18e-01      3.75e-01        0.02
   2      -202.266567027      2.41e-02      6.03e-02        0.02
   3      -202.291813698     -2.52e-02      1.34e-02        0.02
   4      -202.309264903     -1.75e-02      2.33e-03        0.02
   5      -202.309724584     -4.60e-04      7.04e-04        0.02
   6      -202.309748255     -2.37e-05      1.89e-04        0.02
   7      -202.309749920     -1.67e-06      5.90e-05        0.02
   8      -202.309750213     -2.93e-07      2.20e-05        0.02
   9      -202.309750221     -7.86e-09      9.26e-06        0.02
  10      -202.309750222     -5.89e-10      2.62e-06        0.02

 SCF converged in 9 iterations.

 Entropy contribution (-ST):             0.000000000
 Dipole moment (in Debye):              -1.754719      -1.944148      -3.833790
 Setting up Delta-SCF
 Ground-Excited state overlap:          -0.000000000
 No correction applied to the TDM.
 Excitation energy:                      0.111470180
 Excitation energy (in eV):              3.033258118
 Transition dipole:                      2.82680       0.29452       1.55272
 Saving results in set 'frame_1053'

 --------------------------------------------------------------------------------

 End time:                               Mon May 24 15:44:29 2021
 Total wall-clock time:                  0.477 seconds
==================================================================================
