
================================================================================
          _____________ ________ _______________ ________     _________         
         / ___________// ______ \\_____   _____// ______ \   / ________)        
        / /_________  / /      \ \     | |     / /      \ \ | (_______          
       |  __________|| |        | |    | |    | |        | | \________ \        
        \ \_________ | |        | |    | |     \ \______/ /___________) |       
         \__________||_|        |_|    |_|      \________//____________/        
                                                                                
====================================[ Qcore ]===================================

 Git hash:   b27a5f96910dca04bf09adb1496985de0081c8b6
 Git date:   Tue, 11 May 2021 09:58:05 -0400
 Compiler:   AppleClang 10.0.1.10010046
 Build type: Release
 Version:    1.2.0

 Start time: Mon May 24 15:44:58 2021

 Data directory: /Users/of15641/qcore/cmake-build-release/share/entos/1.2.0/data
 Number of threads: 2
 Number of threads was determined by: number of physical cores

 --------------------------------------------------------------------------------
                                  command: bchla                                 
 --------------------------------------------------------------------------------
 XTB basis setup:                        reference basis
 Number of basis functions:            404
 GFN version:                            gfn1
 Integral screening threshold:           1.00e-10
 Total charge:                           0.000000000
 Number of electrons:                  344.000000000
 Electronic temperature (Kelvin):        0.000000000

 D3BJ energy:                           -0.096505563
 Repulsive energy:                       2.548077892

 ------------------------------------------------
  Running self-consistent charge (SCC) algorithm 
 ------------------------------------------------
 Broyden mixing factor:                  0.40
 Max number of iterations:             128
 Conv. threshold (charge):               1.00e-05
 Conv. threshold (energy):               1.00e-06
 Initial guess:                          SAD

 ---------------------------------------------------------------
                  energy        change          grad        time
 ---------------------------------------------------------------
   0      -201.633380475                    6.43e-01        0.02
   1      -202.249561446     -6.16e-01      3.75e-01        0.02
   2      -202.235554761      1.40e-02      6.00e-02        0.02
   3      -202.253670587     -1.81e-02      1.19e-02        0.02
   4      -202.265308771     -1.16e-02      2.84e-03        0.02
   5      -202.266037326     -7.29e-04      7.59e-04        0.02
   6      -202.266066806     -2.95e-05      1.64e-04        0.02
   7      -202.266067654     -8.48e-07      4.29e-05        0.02
   8      -202.266067698     -4.31e-08      1.84e-05        0.02
   9      -202.266067700     -2.34e-09      7.72e-06        0.02
  10      -202.266067702     -2.43e-09      3.08e-06        0.02

 SCF converged in 9 iterations.

 Entropy contribution (-ST):             0.000000000
 Dipole moment (in Debye):               0.771789       1.549664      -5.868307
 Setting up Delta-SCF
 Ground-Excited state overlap:          -0.000000000
 No correction applied to the TDM.
 Excitation energy:                      0.104981301
 Excitation energy (in eV):              2.856686739
 Transition dipole:                     -1.28955      -0.59863       3.16029
 Saving results in set 'frame_1100'

 --------------------------------------------------------------------------------

 End time:                               Mon May 24 15:44:58 2021
 Total wall-clock time:                  0.507 seconds
==================================================================================
