
================================================================================
          _____________ ________ _______________ ________     _________         
         / ___________// ______ \\_____   _____// ______ \   / ________)        
        / /_________  / /      \ \     | |     / /      \ \ | (_______          
       |  __________|| |        | |    | |    | |        | | \________ \        
        \ \_________ | |        | |    | |     \ \______/ /___________) |       
         \__________||_|        |_|    |_|      \________//____________/        
                                                                                
====================================[ Qcore ]===================================

 Git hash:   b27a5f96910dca04bf09adb1496985de0081c8b6
 Git date:   Tue, 11 May 2021 09:58:05 -0400
 Compiler:   AppleClang 10.0.1.10010046
 Build type: Release
 Version:    1.2.0

 Start time: Mon May 24 15:59:26 2021

 Data directory: /Users/of15641/qcore/cmake-build-release/share/entos/1.2.0/data
 Number of threads: 2
 Number of threads was determined by: number of physical cores

 --------------------------------------------------------------------------------
                                  command: bchla                                 
 --------------------------------------------------------------------------------
 XTB basis setup:                        reference basis
 Number of basis functions:            404
 GFN version:                            gfn1
 Integral screening threshold:           1.00e-10
 Total charge:                           0.000000000
 Number of electrons:                  344.000000000
 Electronic temperature (Kelvin):        0.000000000

 D3BJ energy:                           -0.101122293
 Repulsive energy:                       2.553164688

 ------------------------------------------------
  Running self-consistent charge (SCC) algorithm 
 ------------------------------------------------
 Broyden mixing factor:                  0.40
 Max number of iterations:             128
 Conv. threshold (charge):               1.00e-05
 Conv. threshold (energy):               1.00e-06
 Initial guess:                          SAD

 ---------------------------------------------------------------
                  energy        change          grad        time
 ---------------------------------------------------------------
   0      -201.671711704                    6.43e-01        0.02
   1      -202.266046131     -5.94e-01      3.75e-01        0.02
   2      -202.242615975      2.34e-02      5.88e-02        0.02
   3      -202.262036403     -1.94e-02      1.46e-02        0.02
   4      -202.283258847     -2.12e-02      2.21e-03        0.02
   5      -202.283612777     -3.54e-04      6.58e-04        0.02
   6      -202.283628455     -1.57e-05      1.75e-04        0.02
   7      -202.283629898     -1.44e-06      6.13e-05        0.02
   8      -202.283630194     -2.96e-07      2.60e-05        0.03
   9      -202.283630208     -1.36e-08      9.74e-06        0.02
  10      -202.283630209     -5.23e-10      2.87e-06        0.02

 SCF converged in 9 iterations.

 Entropy contribution (-ST):             0.000000000
 Dipole moment (in Debye):               4.262694       3.286286       0.484757
 Setting up Delta-SCF
 Ground-Excited state overlap:           0.000000000
 No correction applied to the TDM.
 Excitation energy:                      0.112749336
 Excitation energy (in eV):              3.068065724
 Transition dipole:                      1.22103       1.09068       2.47044
 Saving results in set 'frame_424'

 --------------------------------------------------------------------------------

 End time:                               Mon May 24 15:59:26 2021
 Total wall-clock time:                  0.570 seconds
==================================================================================
