
================================================================================
          _____________ ________ _______________ ________     _________         
         / ___________// ______ \\_____   _____// ______ \   / ________)        
        / /_________  / /      \ \     | |     / /      \ \ | (_______          
       |  __________|| |        | |    | |    | |        | | \________ \        
        \ \_________ | |        | |    | |     \ \______/ /___________) |       
         \__________||_|        |_|    |_|      \________//____________/        
                                                                                
====================================[ Qcore ]===================================

 Git hash:   b27a5f96910dca04bf09adb1496985de0081c8b6
 Git date:   Tue, 11 May 2021 09:58:05 -0400
 Compiler:   AppleClang 10.0.1.10010046
 Build type: Release
 Version:    1.2.0

 Start time: Mon May 24 16:04:42 2021

 Data directory: /Users/of15641/qcore/cmake-build-release/share/entos/1.2.0/data
 Number of threads: 2
 Number of threads was determined by: number of physical cores

 --------------------------------------------------------------------------------
                                  command: bchla                                 
 --------------------------------------------------------------------------------
 XTB basis setup:                        reference basis
 Number of basis functions:            404
 GFN version:                            gfn1
 Integral screening threshold:           1.00e-10
 Total charge:                           0.000000000
 Number of electrons:                  344.000000000
 Electronic temperature (Kelvin):        0.000000000

 D3BJ energy:                           -0.096210632
 Repulsive energy:                       2.459491181

 ------------------------------------------------
  Running self-consistent charge (SCC) algorithm 
 ------------------------------------------------
 Broyden mixing factor:                  0.40
 Max number of iterations:             128
 Conv. threshold (charge):               1.00e-05
 Conv. threshold (energy):               1.00e-06
 Initial guess:                          SAD

 ---------------------------------------------------------------
                  energy        change          grad        time
 ---------------------------------------------------------------
   0      -201.650134070                    6.42e-01        0.03
   1      -202.251660389     -6.02e-01      3.75e-01        0.03
   2      -202.237484167      1.42e-02      5.89e-02        0.02
   3      -202.257282479     -1.98e-02      1.11e-02        0.02
   4      -202.267958774     -1.07e-02      2.46e-03        0.02
   5      -202.268527824     -5.69e-04      7.24e-04        0.02
   6      -202.268556191     -2.84e-05      1.86e-04        0.02
   7      -202.268557772     -1.58e-06      6.24e-05        0.02
   8      -202.268558112     -3.41e-07      2.08e-05        0.02
   9      -202.268558124     -1.20e-08      8.65e-06        0.02
  10      -202.268558125     -6.21e-10      2.64e-06        0.02

 SCF converged in 9 iterations.

 Entropy contribution (-ST):             0.000000000
 Dipole moment (in Debye):              -0.408150       0.569270      -3.165992
 Setting up Delta-SCF
 Ground-Excited state overlap:           0.000000000
 No correction applied to the TDM.
 Excitation energy:                      0.109861264
 Excitation energy (in eV):              2.989477290
 Transition dipole:                      0.33249       0.80629      -3.33345
 Saving results in set 'frame_743'

 --------------------------------------------------------------------------------

 End time:                               Mon May 24 16:04:43 2021
 Total wall-clock time:                  0.677 seconds
==================================================================================
