
================================================================================
          _____________ ________ _______________ ________     _________         
         / ___________// ______ \\_____   _____// ______ \   / ________)        
        / /_________  / /      \ \     | |     / /      \ \ | (_______          
       |  __________|| |        | |    | |    | |        | | \________ \        
        \ \_________ | |        | |    | |     \ \______/ /___________) |       
         \__________||_|        |_|    |_|      \________//____________/        
                                                                                
====================================[ Qcore ]===================================

 Git hash:   b27a5f96910dca04bf09adb1496985de0081c8b6
 Git date:   Tue, 11 May 2021 09:58:05 -0400
 Compiler:   AppleClang 10.0.1.10010046
 Build type: Release
 Version:    1.2.0

 Start time: Mon May 24 16:00:27 2021

 Data directory: /Users/of15641/qcore/cmake-build-release/share/entos/1.2.0/data
 Number of threads: 2
 Number of threads was determined by: number of physical cores

 --------------------------------------------------------------------------------
                                  command: bchla                                 
 --------------------------------------------------------------------------------
 XTB basis setup:                        reference basis
 Number of basis functions:            404
 GFN version:                            gfn1
 Integral screening threshold:           1.00e-10
 Total charge:                           0.000000000
 Number of electrons:                  344.000000000
 Electronic temperature (Kelvin):        0.000000000

 D3BJ energy:                           -0.095490803
 Repulsive energy:                       2.477520548

 ------------------------------------------------
  Running self-consistent charge (SCC) algorithm 
 ------------------------------------------------
 Broyden mixing factor:                  0.40
 Max number of iterations:             128
 Conv. threshold (charge):               1.00e-05
 Conv. threshold (energy):               1.00e-06
 Initial guess:                          SAD

 ---------------------------------------------------------------
                  energy        change          grad        time
 ---------------------------------------------------------------
   0      -201.641298285                    6.41e-01        0.03
   1      -202.220351044     -5.79e-01      3.74e-01        0.03
   2      -202.206605195      1.37e-02      5.70e-02        0.03
   3      -202.222987221     -1.64e-02      1.17e-02        0.02
   4      -202.235853763     -1.29e-02      2.50e-03        0.02
   5      -202.236397708     -5.44e-04      6.43e-04        0.02
   6      -202.236413788     -1.61e-05      1.41e-04        0.02
   7      -202.236414427     -6.39e-07      3.66e-05        0.02
   8      -202.236414488     -6.11e-08      1.75e-05        0.02
   9      -202.236414496     -7.74e-09      6.86e-06        0.02
  10      -202.236414497     -7.01e-10      2.50e-06        0.02

 SCF converged in 9 iterations.

 Entropy contribution (-ST):             0.000000000
 Dipole moment (in Debye):               2.536108       2.508264      -3.787458
 Setting up Delta-SCF
 Ground-Excited state overlap:          -0.000000000
 No correction applied to the TDM.
 Excitation energy:                      0.111720138
 Excitation energy (in eV):              3.040059819
 Transition dipole:                     -3.33075      -0.38699       1.03901
 Saving results in set 'frame_49'

 --------------------------------------------------------------------------------

 End time:                               Mon May 24 16:00:28 2021
 Total wall-clock time:                  0.662 seconds
==================================================================================
