
================================================================================
          _____________ ________ _______________ ________     _________         
         / ___________// ______ \\_____   _____// ______ \   / ________)        
        / /_________  / /      \ \     | |     / /      \ \ | (_______          
       |  __________|| |        | |    | |    | |        | | \________ \        
        \ \_________ | |        | |    | |     \ \______/ /___________) |       
         \__________||_|        |_|    |_|      \________//____________/        
                                                                                
====================================[ Qcore ]===================================

 Git hash:   b27a5f96910dca04bf09adb1496985de0081c8b6
 Git date:   Tue, 11 May 2021 09:58:05 -0400
 Compiler:   AppleClang 10.0.1.10010046
 Build type: Release
 Version:    1.2.0

 Start time: Mon May 24 15:53:07 2021

 Data directory: /Users/of15641/qcore/cmake-build-release/share/entos/1.2.0/data
 Number of threads: 2
 Number of threads was determined by: number of physical cores

 --------------------------------------------------------------------------------
                                  command: bchla                                 
 --------------------------------------------------------------------------------
 XTB basis setup:                        reference basis
 Number of basis functions:            404
 GFN version:                            gfn1
 Integral screening threshold:           1.00e-10
 Total charge:                           0.000000000
 Number of electrons:                  344.000000000
 Electronic temperature (Kelvin):        0.000000000

 D3BJ energy:                           -0.096691917
 Repulsive energy:                       2.501741455

 ------------------------------------------------
  Running self-consistent charge (SCC) algorithm 
 ------------------------------------------------
 Broyden mixing factor:                  0.40
 Max number of iterations:             128
 Conv. threshold (charge):               1.00e-05
 Conv. threshold (energy):               1.00e-06
 Initial guess:                          SAD

 ---------------------------------------------------------------
                  energy        change          grad        time
 ---------------------------------------------------------------
   0      -201.669783776                    6.42e-01        0.03
   1      -202.264602359     -5.95e-01      3.75e-01        0.02
   2      -202.246374756      1.82e-02      5.94e-02        0.03
   3      -202.269737344     -2.34e-02      1.19e-02        0.02
   4      -202.282464460     -1.27e-02      2.30e-03        0.03
   5      -202.282899850     -4.35e-04      6.65e-04        0.02
   6      -202.282919341     -1.95e-05      1.49e-04        0.03
   7      -202.282920088     -7.47e-07      4.55e-05        0.02
   8      -202.282920176     -8.80e-08      1.84e-05        0.02
   9      -202.282920185     -9.09e-09      8.83e-06        0.02
  10      -202.282920187     -2.35e-09      2.66e-06        0.02

 SCF converged in 9 iterations.

 Entropy contribution (-ST):             0.000000000
 Dipole moment (in Debye):              -4.606168       4.885805       0.074418
 Setting up Delta-SCF
 Ground-Excited state overlap:          -0.000000000
 No correction applied to the TDM.
 Excitation energy:                      0.109562848
 Excitation energy (in eV):              2.981356975
 Transition dipole:                     -1.83824       3.24231       0.20526
 Saving results in set 'frame_1750'

 --------------------------------------------------------------------------------

 End time:                               Mon May 24 15:53:08 2021
 Total wall-clock time:                  0.712 seconds
==================================================================================
