
================================================================================
          _____________ ________ _______________ ________     _________         
         / ___________// ______ \\_____   _____// ______ \   / ________)        
        / /_________  / /      \ \     | |     / /      \ \ | (_______          
       |  __________|| |        | |    | |    | |        | | \________ \        
        \ \_________ | |        | |    | |     \ \______/ /___________) |       
         \__________||_|        |_|    |_|      \________//____________/        
                                                                                
====================================[ Qcore ]===================================

 Git hash:   b27a5f96910dca04bf09adb1496985de0081c8b6
 Git date:   Tue, 11 May 2021 09:58:05 -0400
 Compiler:   AppleClang 10.0.1.10010046
 Build type: Release
 Version:    1.2.0

 Start time: Mon May 24 15:58:30 2021

 Data directory: /Users/of15641/qcore/cmake-build-release/share/entos/1.2.0/data
 Number of threads: 2
 Number of threads was determined by: number of physical cores

 --------------------------------------------------------------------------------
                                  command: bchla                                 
 --------------------------------------------------------------------------------
 XTB basis setup:                        reference basis
 Number of basis functions:            404
 GFN version:                            gfn1
 Integral screening threshold:           1.00e-10
 Total charge:                           0.000000000
 Number of electrons:                  344.000000000
 Electronic temperature (Kelvin):        0.000000000

 D3BJ energy:                           -0.097178494
 Repulsive energy:                       2.498155720

 ------------------------------------------------
  Running self-consistent charge (SCC) algorithm 
 ------------------------------------------------
 Broyden mixing factor:                  0.40
 Max number of iterations:             128
 Conv. threshold (charge):               1.00e-05
 Conv. threshold (energy):               1.00e-06
 Initial guess:                          SAD

 ---------------------------------------------------------------
                  energy        change          grad        time
 ---------------------------------------------------------------
   0      -201.644463827                    6.42e-01        0.02
   1      -202.259508878     -6.15e-01      3.75e-01        0.02
   2      -202.236713452      2.28e-02      6.16e-02        0.02
   3      -202.265441425     -2.87e-02      1.27e-02        0.02
   4      -202.278665968     -1.32e-02      2.44e-03        0.02
   5      -202.279189721     -5.24e-04      7.07e-04        0.02
   6      -202.279212697     -2.30e-05      1.65e-04        0.02
   7      -202.279213367     -6.70e-07      4.68e-05        0.02
   8      -202.279213446     -7.94e-08      2.06e-05        0.02
   9      -202.279213455     -8.52e-09      8.56e-06        0.02
  10      -202.279213456     -1.30e-09      3.14e-06        0.02

 SCF converged in 9 iterations.

 Entropy contribution (-ST):             0.000000000
 Dipole moment (in Debye):               2.465026       0.847850       0.544183
 Setting up Delta-SCF
 Ground-Excited state overlap:           0.000000000
 No correction applied to the TDM.
 Excitation energy:                      0.110163412
 Excitation energy (in eV):              2.997699150
 Transition dipole:                     -2.33057       0.18474       1.99431
 Saving results in set 'frame_345'

 --------------------------------------------------------------------------------

 End time:                               Mon May 24 15:58:30 2021
 Total wall-clock time:                  0.553 seconds
==================================================================================
