
================================================================================
          _____________ ________ _______________ ________     _________         
         / ___________// ______ \\_____   _____// ______ \   / ________)        
        / /_________  / /      \ \     | |     / /      \ \ | (_______          
       |  __________|| |        | |    | |    | |        | | \________ \        
        \ \_________ | |        | |    | |     \ \______/ /___________) |       
         \__________||_|        |_|    |_|      \________//____________/        
                                                                                
====================================[ Qcore ]===================================

 Git hash:   b27a5f96910dca04bf09adb1496985de0081c8b6
 Git date:   Tue, 11 May 2021 09:58:05 -0400
 Compiler:   AppleClang 10.0.1.10010046
 Build type: Release
 Version:    1.2.0

 Start time: Mon May 24 15:59:36 2021

 Data directory: /Users/of15641/qcore/cmake-build-release/share/entos/1.2.0/data
 Number of threads: 2
 Number of threads was determined by: number of physical cores

 --------------------------------------------------------------------------------
                                  command: bchla                                 
 --------------------------------------------------------------------------------
 XTB basis setup:                        reference basis
 Number of basis functions:            404
 GFN version:                            gfn1
 Integral screening threshold:           1.00e-10
 Total charge:                           0.000000000
 Number of electrons:                  344.000000000
 Electronic temperature (Kelvin):        0.000000000

 D3BJ energy:                           -0.101251906
 Repulsive energy:                       2.516173771

 ------------------------------------------------
  Running self-consistent charge (SCC) algorithm 
 ------------------------------------------------
 Broyden mixing factor:                  0.40
 Max number of iterations:             128
 Conv. threshold (charge):               1.00e-05
 Conv. threshold (energy):               1.00e-06
 Initial guess:                          SAD

 ---------------------------------------------------------------
                  energy        change          grad        time
 ---------------------------------------------------------------
   0      -201.755054992                    6.43e-01        0.03
   1      -202.336511711     -5.81e-01      3.75e-01        0.03
   2      -202.326435981      1.01e-02      5.69e-02        0.02
   3      -202.344857357     -1.84e-02      9.92e-03        0.02
   4      -202.353051331     -8.19e-03      2.16e-03        0.02
   5      -202.353459987     -4.09e-04      6.18e-04        0.02
   6      -202.353479393     -1.94e-05      1.41e-04        0.02
   7      -202.353479948     -5.55e-07      3.56e-05        0.02
   8      -202.353479991     -4.28e-08      1.53e-05        0.02
   9      -202.353479996     -5.47e-09      5.60e-06        0.02
  10      -202.353479997     -1.16e-09      2.52e-06        0.02

 SCF converged in 9 iterations.

 Entropy contribution (-ST):             0.000000000
 Dipole moment (in Debye):               3.180983       1.192490       1.748484
 Setting up Delta-SCF
 Ground-Excited state overlap:           0.000000000
 No correction applied to the TDM.
 Excitation energy:                      0.114953996
 Excitation energy (in eV):              3.128057585
 Transition dipole:                      3.57451      -0.54892      -0.04728
 Saving results in set 'frame_439'

 --------------------------------------------------------------------------------

 End time:                               Mon May 24 15:59:37 2021
 Total wall-clock time:                  0.601 seconds
==================================================================================
