
================================================================================
          _____________ ________ _______________ ________     _________         
         / ___________// ______ \\_____   _____// ______ \   / ________)        
        / /_________  / /      \ \     | |     / /      \ \ | (_______          
       |  __________|| |        | |    | |    | |        | | \________ \        
        \ \_________ | |        | |    | |     \ \______/ /___________) |       
         \__________||_|        |_|    |_|      \________//____________/        
                                                                                
====================================[ Qcore ]===================================

 Git hash:   b27a5f96910dca04bf09adb1496985de0081c8b6
 Git date:   Tue, 11 May 2021 09:58:05 -0400
 Compiler:   AppleClang 10.0.1.10010046
 Build type: Release
 Version:    1.2.0

 Start time: Mon May 24 15:46:23 2021

 Data directory: /Users/of15641/qcore/cmake-build-release/share/entos/1.2.0/data
 Number of threads: 2
 Number of threads was determined by: number of physical cores

 --------------------------------------------------------------------------------
                                  command: bchla                                 
 --------------------------------------------------------------------------------
 XTB basis setup:                        reference basis
 Number of basis functions:            404
 GFN version:                            gfn1
 Integral screening threshold:           1.00e-10
 Total charge:                           0.000000000
 Number of electrons:                  344.000000000
 Electronic temperature (Kelvin):        0.000000000

 D3BJ energy:                           -0.100848573
 Repulsive energy:                       2.501950845

 ------------------------------------------------
  Running self-consistent charge (SCC) algorithm 
 ------------------------------------------------
 Broyden mixing factor:                  0.40
 Max number of iterations:             128
 Conv. threshold (charge):               1.00e-05
 Conv. threshold (energy):               1.00e-06
 Initial guess:                          SAD

 ---------------------------------------------------------------
                  energy        change          grad        time
 ---------------------------------------------------------------
   0      -201.720909346                    6.42e-01        0.02
   1      -202.311886321     -5.91e-01      3.75e-01        0.02
   2      -202.294018374      1.79e-02      5.82e-02        0.02
   3      -202.315362649     -2.13e-02      1.16e-02        0.02
   4      -202.328624242     -1.33e-02      2.47e-03        0.02
   5      -202.329168286     -5.44e-04      7.55e-04        0.02
   6      -202.329195651     -2.74e-05      2.25e-04        0.02
   7      -202.329198874     -3.22e-06      7.53e-05        0.02
   8      -202.329199405     -5.32e-07      2.29e-05        0.02
   9      -202.329199417     -1.14e-08      8.63e-06        0.02
  10      -202.329199417     -3.28e-10      2.91e-06        0.03

 SCF converged in 9 iterations.

 Entropy contribution (-ST):             0.000000000
 Dipole moment (in Debye):               0.444844       3.744273      -1.405850
 Setting up Delta-SCF
 Ground-Excited state overlap:          -0.000000000
 No correction applied to the TDM.
 Excitation energy:                      0.104370498
 Excitation energy (in eV):              2.840065942
 Transition dipole:                     -2.52944       1.57756      -1.34916
 Saving results in set 'frame_1217'

 --------------------------------------------------------------------------------

 End time:                               Mon May 24 15:46:23 2021
 Total wall-clock time:                  0.501 seconds
==================================================================================
