
================================================================================
          _____________ ________ _______________ ________     _________         
         / ___________// ______ \\_____   _____// ______ \   / ________)        
        / /_________  / /      \ \     | |     / /      \ \ | (_______          
       |  __________|| |        | |    | |    | |        | | \________ \        
        \ \_________ | |        | |    | |     \ \______/ /___________) |       
         \__________||_|        |_|    |_|      \________//____________/        
                                                                                
====================================[ Qcore ]===================================

 Git hash:   b27a5f96910dca04bf09adb1496985de0081c8b6
 Git date:   Tue, 11 May 2021 09:58:05 -0400
 Compiler:   AppleClang 10.0.1.10010046
 Build type: Release
 Version:    1.2.0

 Start time: Mon May 24 15:55:05 2021

 Data directory: /Users/of15641/qcore/cmake-build-release/share/entos/1.2.0/data
 Number of threads: 2
 Number of threads was determined by: number of physical cores

 --------------------------------------------------------------------------------
                                  command: bchla                                 
 --------------------------------------------------------------------------------
 XTB basis setup:                        reference basis
 Number of basis functions:            404
 GFN version:                            gfn1
 Integral screening threshold:           1.00e-10
 Total charge:                           0.000000000
 Number of electrons:                  344.000000000
 Electronic temperature (Kelvin):        0.000000000

 D3BJ energy:                           -0.094087937
 Repulsive energy:                       2.456169590

 ------------------------------------------------
  Running self-consistent charge (SCC) algorithm 
 ------------------------------------------------
 Broyden mixing factor:                  0.40
 Max number of iterations:             128
 Conv. threshold (charge):               1.00e-05
 Conv. threshold (energy):               1.00e-06
 Initial guess:                          SAD

 ---------------------------------------------------------------
                  energy        change          grad        time
 ---------------------------------------------------------------
   0      -201.656047050                    6.41e-01        0.02
   1      -202.255035990     -5.99e-01      3.74e-01        0.02
   2      -202.237327200      1.77e-02      5.88e-02        0.03
   3      -202.256594276     -1.93e-02      1.29e-02        0.02
   4      -202.271553755     -1.50e-02      2.33e-03        0.02
   5      -202.271962817     -4.09e-04      6.21e-04        0.02
   6      -202.271975995     -1.32e-05      1.52e-04        0.02
   7      -202.271976992     -9.97e-07      4.72e-05        0.02
   8      -202.271977127     -1.35e-07      2.09e-05        0.02
   9      -202.271977137     -1.02e-08      7.97e-06        0.02
  10      -202.271977138     -9.55e-10      2.87e-06        0.02

 SCF converged in 9 iterations.

 Entropy contribution (-ST):             0.000000000
 Dipole moment (in Debye):               1.609935       2.254814       2.916854
 Setting up Delta-SCF
 Ground-Excited state overlap:          -0.000000000
 No correction applied to the TDM.
 Excitation energy:                      0.109027455
 Excitation energy (in eV):              2.966788178
 Transition dipole:                     -3.14435      -1.24204      -0.26373
 Saving results in set 'frame_1898'

 --------------------------------------------------------------------------------

 End time:                               Mon May 24 15:55:05 2021
 Total wall-clock time:                  0.548 seconds
==================================================================================
