
================================================================================
          _____________ ________ _______________ ________     _________         
         / ___________// ______ \\_____   _____// ______ \   / ________)        
        / /_________  / /      \ \     | |     / /      \ \ | (_______          
       |  __________|| |        | |    | |    | |        | | \________ \        
        \ \_________ | |        | |    | |     \ \______/ /___________) |       
         \__________||_|        |_|    |_|      \________//____________/        
                                                                                
====================================[ Qcore ]===================================

 Git hash:   b27a5f96910dca04bf09adb1496985de0081c8b6
 Git date:   Tue, 11 May 2021 09:58:05 -0400
 Compiler:   AppleClang 10.0.1.10010046
 Build type: Release
 Version:    1.2.0

 Start time: Mon May 24 15:56:53 2021

 Data directory: /Users/of15641/qcore/cmake-build-release/share/entos/1.2.0/data
 Number of threads: 2
 Number of threads was determined by: number of physical cores

 --------------------------------------------------------------------------------
                                  command: bchla                                 
 --------------------------------------------------------------------------------
 XTB basis setup:                        reference basis
 Number of basis functions:            404
 GFN version:                            gfn1
 Integral screening threshold:           1.00e-10
 Total charge:                           0.000000000
 Number of electrons:                  344.000000000
 Electronic temperature (Kelvin):        0.000000000

 D3BJ energy:                           -0.095889393
 Repulsive energy:                       2.487525344

 ------------------------------------------------
  Running self-consistent charge (SCC) algorithm 
 ------------------------------------------------
 Broyden mixing factor:                  0.40
 Max number of iterations:             128
 Conv. threshold (charge):               1.00e-05
 Conv. threshold (energy):               1.00e-06
 Initial guess:                          SAD

 ---------------------------------------------------------------
                  energy        change          grad        time
 ---------------------------------------------------------------
   0      -201.712507277                    6.42e-01        0.03
   1      -202.297497404     -5.85e-01      3.74e-01        0.03
   2      -202.281652673      1.58e-02      5.80e-02        0.03
   3      -202.302839561     -2.12e-02      1.11e-02        0.03
   4      -202.314405192     -1.16e-02      2.19e-03        0.02
   5      -202.314849396     -4.44e-04      6.35e-04        0.03
   6      -202.314869346     -2.00e-05      1.58e-04        0.02
   7      -202.314870166     -8.19e-07      5.46e-05        0.03
   8      -202.314870473     -3.08e-07      1.79e-05        0.02
   9      -202.314870485     -1.18e-08      6.26e-06        0.03
  10      -202.314870485     -2.12e-10      2.44e-06        0.02

 SCF converged in 9 iterations.

 Entropy contribution (-ST):             0.000000000
 Dipole moment (in Debye):               0.540755      -1.219557      -3.765105
 Setting up Delta-SCF
 Ground-Excited state overlap:          -0.000000000
 No correction applied to the TDM.
 Excitation energy:                      0.110987874
 Excitation energy (in eV):              3.020133913
 Transition dipole:                     -1.84447       2.15403       2.32259
 Saving results in set 'frame_229'

 --------------------------------------------------------------------------------

 End time:                               Mon May 24 15:56:53 2021
 Total wall-clock time:                  0.683 seconds
==================================================================================
