
================================================================================
          _____________ ________ _______________ ________     _________         
         / ___________// ______ \\_____   _____// ______ \   / ________)        
        / /_________  / /      \ \     | |     / /      \ \ | (_______          
       |  __________|| |        | |    | |    | |        | | \________ \        
        \ \_________ | |        | |    | |     \ \______/ /___________) |       
         \__________||_|        |_|    |_|      \________//____________/        
                                                                                
====================================[ Qcore ]===================================

 Git hash:   b27a5f96910dca04bf09adb1496985de0081c8b6
 Git date:   Tue, 11 May 2021 09:58:05 -0400
 Compiler:   AppleClang 10.0.1.10010046
 Build type: Release
 Version:    1.2.0

 Start time: Mon May 24 15:45:52 2021

 Data directory: /Users/of15641/qcore/cmake-build-release/share/entos/1.2.0/data
 Number of threads: 2
 Number of threads was determined by: number of physical cores

 --------------------------------------------------------------------------------
                                  command: bchla                                 
 --------------------------------------------------------------------------------
 XTB basis setup:                        reference basis
 Number of basis functions:            404
 GFN version:                            gfn1
 Integral screening threshold:           1.00e-10
 Total charge:                           0.000000000
 Number of electrons:                  344.000000000
 Electronic temperature (Kelvin):        0.000000000

 D3BJ energy:                           -0.097673106
 Repulsive energy:                       2.566137904

 ------------------------------------------------
  Running self-consistent charge (SCC) algorithm 
 ------------------------------------------------
 Broyden mixing factor:                  0.40
 Max number of iterations:             128
 Conv. threshold (charge):               1.00e-05
 Conv. threshold (energy):               1.00e-06
 Initial guess:                          SAD

 ---------------------------------------------------------------
                  energy        change          grad        time
 ---------------------------------------------------------------
   0      -201.712776187                    6.44e-01        0.02
   1      -202.300519374     -5.88e-01      3.76e-01        0.02
   2      -202.289825114      1.07e-02      5.75e-02        0.02
   3      -202.306303545     -1.65e-02      1.05e-02        0.02
   4      -202.316256161     -9.95e-03      2.46e-03        0.03
   5      -202.316799793     -5.44e-04      6.55e-04        0.03
   6      -202.316818735     -1.89e-05      1.67e-04        0.02
   7      -202.316819888     -1.15e-06      4.92e-05        0.03
   8      -202.316820099     -2.11e-07      1.83e-05        0.02
   9      -202.316820111     -1.17e-08      6.35e-06        0.03
  10      -202.316820111     -5.28e-10      2.34e-06        0.02

 SCF converged in 9 iterations.

 Entropy contribution (-ST):             0.000000000
 Dipole moment (in Debye):              -0.599176       1.612933      -4.373844
 Setting up Delta-SCF
 Ground-Excited state overlap:          -0.000000000
 No correction applied to the TDM.
 Excitation energy:                      0.107566600
 Excitation energy (in eV):              2.927036299
 Transition dipole:                     -1.48716       1.73567      -2.53308
 Saving results in set 'frame_1176'

 --------------------------------------------------------------------------------

 End time:                               Mon May 24 15:45:52 2021
 Total wall-clock time:                  0.596 seconds
==================================================================================
