
================================================================================
          _____________ ________ _______________ ________     _________         
         / ___________// ______ \\_____   _____// ______ \   / ________)        
        / /_________  / /      \ \     | |     / /      \ \ | (_______          
       |  __________|| |        | |    | |    | |        | | \________ \        
        \ \_________ | |        | |    | |     \ \______/ /___________) |       
         \__________||_|        |_|    |_|      \________//____________/        
                                                                                
====================================[ Qcore ]===================================

 Git hash:   b27a5f96910dca04bf09adb1496985de0081c8b6
 Git date:   Tue, 11 May 2021 09:58:05 -0400
 Compiler:   AppleClang 10.0.1.10010046
 Build type: Release
 Version:    1.2.0

 Start time: Mon May 24 15:57:10 2021

 Data directory: /Users/of15641/qcore/cmake-build-release/share/entos/1.2.0/data
 Number of threads: 2
 Number of threads was determined by: number of physical cores

 --------------------------------------------------------------------------------
                                  command: bchla                                 
 --------------------------------------------------------------------------------
 XTB basis setup:                        reference basis
 Number of basis functions:            404
 GFN version:                            gfn1
 Integral screening threshold:           1.00e-10
 Total charge:                           0.000000000
 Number of electrons:                  344.000000000
 Electronic temperature (Kelvin):        0.000000000

 D3BJ energy:                           -0.095165962
 Repulsive energy:                       2.603634225

 ------------------------------------------------
  Running self-consistent charge (SCC) algorithm 
 ------------------------------------------------
 Broyden mixing factor:                  0.40
 Max number of iterations:             128
 Conv. threshold (charge):               1.00e-05
 Conv. threshold (energy):               1.00e-06
 Initial guess:                          SAD

 ---------------------------------------------------------------
                  energy        change          grad        time
 ---------------------------------------------------------------
   0      -201.733481091                    6.45e-01        0.03
   1      -202.323455724     -5.90e-01      3.76e-01        0.03
   2      -202.320252599      3.20e-03      5.61e-02        0.02
   3      -202.334143993     -1.39e-02      6.72e-03        0.03
   4      -202.337261694     -3.12e-03      1.63e-03        0.03
   5      -202.337467493     -2.06e-04      6.37e-04        0.02
   6      -202.337495106     -2.76e-05      1.24e-04        0.03
   7      -202.337495611     -5.05e-07      2.87e-05        0.02
   8      -202.337495627     -1.59e-08      1.06e-05        0.03
   9      -202.337495628     -9.73e-10      3.20e-06        0.02
  10      -202.337495628     -5.98e-11      1.49e-06        0.03

 SCF converged in 9 iterations.

 Entropy contribution (-ST):             0.000000000
 Dipole moment (in Debye):               2.186055      -4.187019      -1.961993
 Setting up Delta-SCF
 Ground-Excited state overlap:          -0.000000000
 No correction applied to the TDM.
 Excitation energy:                      0.113333925
 Excitation energy (in eV):              3.083973198
 Transition dipole:                      3.05137      -0.82828       0.64073
 Saving results in set 'frame_249'

 --------------------------------------------------------------------------------

 End time:                               Mon May 24 15:57:11 2021
 Total wall-clock time:                  0.666 seconds
==================================================================================
