
================================================================================
          _____________ ________ _______________ ________     _________         
         / ___________// ______ \\_____   _____// ______ \   / ________)        
        / /_________  / /      \ \     | |     / /      \ \ | (_______          
       |  __________|| |        | |    | |    | |        | | \________ \        
        \ \_________ | |        | |    | |     \ \______/ /___________) |       
         \__________||_|        |_|    |_|      \________//____________/        
                                                                                
====================================[ Qcore ]===================================

 Git hash:   b27a5f96910dca04bf09adb1496985de0081c8b6
 Git date:   Tue, 11 May 2021 09:58:05 -0400
 Compiler:   AppleClang 10.0.1.10010046
 Build type: Release
 Version:    1.2.0

 Start time: Mon May 24 15:44:32 2021

 Data directory: /Users/of15641/qcore/cmake-build-release/share/entos/1.2.0/data
 Number of threads: 2
 Number of threads was determined by: number of physical cores

 --------------------------------------------------------------------------------
                                  command: bchla                                 
 --------------------------------------------------------------------------------
 XTB basis setup:                        reference basis
 Number of basis functions:            404
 GFN version:                            gfn1
 Integral screening threshold:           1.00e-10
 Total charge:                           0.000000000
 Number of electrons:                  344.000000000
 Electronic temperature (Kelvin):        0.000000000

 D3BJ energy:                           -0.095369856
 Repulsive energy:                       2.472337701

 ------------------------------------------------
  Running self-consistent charge (SCC) algorithm 
 ------------------------------------------------
 Broyden mixing factor:                  0.40
 Max number of iterations:             128
 Conv. threshold (charge):               1.00e-05
 Conv. threshold (energy):               1.00e-06
 Initial guess:                          SAD

 ---------------------------------------------------------------
                  energy        change          grad        time
 ---------------------------------------------------------------
   0      -201.702311890                    6.41e-01        0.02
   1      -202.279332664     -5.77e-01      3.74e-01        0.02
   2      -202.264684388      1.46e-02      5.74e-02        0.02
   3      -202.284260340     -1.96e-02      1.08e-02        0.02
   4      -202.295207228     -1.09e-02      2.17e-03        0.02
   5      -202.295660679     -4.53e-04      6.65e-04        0.02
   6      -202.295684388     -2.37e-05      1.42e-04        0.02
   7      -202.295684910     -5.22e-07      3.78e-05        0.02
   8      -202.295684967     -5.62e-08      1.66e-05        0.02
   9      -202.295684975     -8.00e-09      7.21e-06        0.02
  10      -202.295684976     -1.51e-09      2.42e-06        0.02

 SCF converged in 9 iterations.

 Entropy contribution (-ST):             0.000000000
 Dipole moment (in Debye):              -1.716491      -1.772051      -3.949227
 Setting up Delta-SCF
 Ground-Excited state overlap:           0.000000000
 No correction applied to the TDM.
 Excitation energy:                      0.107166660
 Excitation energy (in eV):              2.916153373
 Transition dipole:                     -1.11896      -1.01186      -3.53369
 Saving results in set 'frame_1059'

 --------------------------------------------------------------------------------

 End time:                               Mon May 24 15:44:32 2021
 Total wall-clock time:                  0.484 seconds
==================================================================================
