
================================================================================
          _____________ ________ _______________ ________     _________         
         / ___________// ______ \\_____   _____// ______ \   / ________)        
        / /_________  / /      \ \     | |     / /      \ \ | (_______          
       |  __________|| |        | |    | |    | |        | | \________ \        
        \ \_________ | |        | |    | |     \ \______/ /___________) |       
         \__________||_|        |_|    |_|      \________//____________/        
                                                                                
====================================[ Qcore ]===================================

 Git hash:   b27a5f96910dca04bf09adb1496985de0081c8b6
 Git date:   Tue, 11 May 2021 09:58:05 -0400
 Compiler:   AppleClang 10.0.1.10010046
 Build type: Release
 Version:    1.2.0

 Start time: Mon May 24 15:57:24 2021

 Data directory: /Users/of15641/qcore/cmake-build-release/share/entos/1.2.0/data
 Number of threads: 2
 Number of threads was determined by: number of physical cores

 --------------------------------------------------------------------------------
                                  command: bchla                                 
 --------------------------------------------------------------------------------
 XTB basis setup:                        reference basis
 Number of basis functions:            404
 GFN version:                            gfn1
 Integral screening threshold:           1.00e-10
 Total charge:                           0.000000000
 Number of electrons:                  344.000000000
 Electronic temperature (Kelvin):        0.000000000

 D3BJ energy:                           -0.094807401
 Repulsive energy:                       2.472638727

 ------------------------------------------------
  Running self-consistent charge (SCC) algorithm 
 ------------------------------------------------
 Broyden mixing factor:                  0.40
 Max number of iterations:             128
 Conv. threshold (charge):               1.00e-05
 Conv. threshold (energy):               1.00e-06
 Initial guess:                          SAD

 ---------------------------------------------------------------
                  energy        change          grad        time
 ---------------------------------------------------------------
   0      -201.646199939                    6.42e-01        0.04
   1      -202.249944746     -6.04e-01      3.75e-01        0.03
   2      -202.220048226      2.99e-02      6.12e-02        0.03
   3      -202.242514244     -2.25e-02      1.64e-02        0.03
   4      -202.268513623     -2.60e-02      2.66e-03        0.02
   5      -202.269152198     -6.39e-04      7.01e-04        0.03
   6      -202.269170037     -1.78e-05      1.58e-04        0.03
   7      -202.269170758     -7.21e-07      5.40e-05        0.03
   8      -202.269170789     -3.10e-08      2.24e-05        0.03
   9      -202.269170790     -5.04e-10      1.01e-05        0.02
  10      -202.269170794     -3.97e-09      2.90e-06        0.03
  11      -202.269170794     -3.12e-10      8.34e-07        0.02

 SCF converged in 10 iterations.

 Entropy contribution (-ST):             0.000000000
 Dipole moment (in Debye):               3.003001      -2.725715      -3.525847
 Setting up Delta-SCF
 Ground-Excited state overlap:           0.000000000
 No correction applied to the TDM.
 Excitation energy:                      0.109810193
 Excitation energy (in eV):              2.988087568
 Transition dipole:                     -3.53635       0.45056       0.16834
 Saving results in set 'frame_265'

 --------------------------------------------------------------------------------

 End time:                               Mon May 24 15:57:25 2021
 Total wall-clock time:                  0.754 seconds
==================================================================================
