
================================================================================
          _____________ ________ _______________ ________     _________         
         / ___________// ______ \\_____   _____// ______ \   / ________)        
        / /_________  / /      \ \     | |     / /      \ \ | (_______          
       |  __________|| |        | |    | |    | |        | | \________ \        
        \ \_________ | |        | |    | |     \ \______/ /___________) |       
         \__________||_|        |_|    |_|      \________//____________/        
                                                                                
====================================[ Qcore ]===================================

 Git hash:   b27a5f96910dca04bf09adb1496985de0081c8b6
 Git date:   Tue, 11 May 2021 09:58:05 -0400
 Compiler:   AppleClang 10.0.1.10010046
 Build type: Release
 Version:    1.2.0

 Start time: Mon May 24 16:01:50 2021

 Data directory: /Users/of15641/qcore/cmake-build-release/share/entos/1.2.0/data
 Number of threads: 2
 Number of threads was determined by: number of physical cores

 --------------------------------------------------------------------------------
                                  command: bchla                                 
 --------------------------------------------------------------------------------
 XTB basis setup:                        reference basis
 Number of basis functions:            404
 GFN version:                            gfn1
 Integral screening threshold:           1.00e-10
 Total charge:                           0.000000000
 Number of electrons:                  344.000000000
 Electronic temperature (Kelvin):        0.000000000

 D3BJ energy:                           -0.094964437
 Repulsive energy:                       2.512430304

 ------------------------------------------------
  Running self-consistent charge (SCC) algorithm 
 ------------------------------------------------
 Broyden mixing factor:                  0.40
 Max number of iterations:             128
 Conv. threshold (charge):               1.00e-05
 Conv. threshold (energy):               1.00e-06
 Initial guess:                          SAD

 ---------------------------------------------------------------
                  energy        change          grad        time
 ---------------------------------------------------------------
   0      -201.703221755                    6.42e-01        0.03
   1      -202.283742600     -5.81e-01      3.75e-01        0.02
   2      -202.277776448      5.97e-03      5.71e-02        0.02
   3      -202.294191910     -1.64e-02      8.16e-03        0.02
   4      -202.298694726     -4.50e-03      2.03e-03        0.02
   5      -202.299039003     -3.44e-04      7.19e-04        0.02
   6      -202.299072801     -3.38e-05      1.54e-04        0.02
   7      -202.299073533     -7.33e-07      3.38e-05        0.02
   8      -202.299073559     -2.56e-08      1.26e-05        0.03
   9      -202.299073560     -1.29e-09      4.13e-06        0.02
  10      -202.299073560     -1.38e-10      2.00e-06        0.02

 SCF converged in 9 iterations.

 Entropy contribution (-ST):             0.000000000
 Dipole moment (in Debye):              -4.266199       2.708137      -0.172336
 Setting up Delta-SCF
 Ground-Excited state overlap:           0.000000000
 No correction applied to the TDM.
 Excitation energy:                      0.108187068
 Excitation energy (in eV):              2.943920089
 Transition dipole:                      2.50656      -2.39988       1.40709
 Saving results in set 'frame_562'

 --------------------------------------------------------------------------------

 End time:                               Mon May 24 16:01:50 2021
 Total wall-clock time:                  0.637 seconds
==================================================================================
