
================================================================================
          _____________ ________ _______________ ________     _________         
         / ___________// ______ \\_____   _____// ______ \   / ________)        
        / /_________  / /      \ \     | |     / /      \ \ | (_______          
       |  __________|| |        | |    | |    | |        | | \________ \        
        \ \_________ | |        | |    | |     \ \______/ /___________) |       
         \__________||_|        |_|    |_|      \________//____________/        
                                                                                
====================================[ Qcore ]===================================

 Git hash:   b27a5f96910dca04bf09adb1496985de0081c8b6
 Git date:   Tue, 11 May 2021 09:58:05 -0400
 Compiler:   AppleClang 10.0.1.10010046
 Build type: Release
 Version:    1.2.0

 Start time: Mon May 24 16:01:48 2021

 Data directory: /Users/of15641/qcore/cmake-build-release/share/entos/1.2.0/data
 Number of threads: 2
 Number of threads was determined by: number of physical cores

 --------------------------------------------------------------------------------
                                  command: bchla                                 
 --------------------------------------------------------------------------------
 XTB basis setup:                        reference basis
 Number of basis functions:            404
 GFN version:                            gfn1
 Integral screening threshold:           1.00e-10
 Total charge:                           0.000000000
 Number of electrons:                  344.000000000
 Electronic temperature (Kelvin):        0.000000000

 D3BJ energy:                           -0.094807476
 Repulsive energy:                       2.443263418

 ------------------------------------------------
  Running self-consistent charge (SCC) algorithm 
 ------------------------------------------------
 Broyden mixing factor:                  0.40
 Max number of iterations:             128
 Conv. threshold (charge):               1.00e-05
 Conv. threshold (energy):               1.00e-06
 Initial guess:                          SAD

 ---------------------------------------------------------------
                  energy        change          grad        time
 ---------------------------------------------------------------
   0      -201.592122885                    6.41e-01        0.04
   1      -202.185536923     -5.93e-01      3.74e-01        0.03
   2      -202.175536514      1.00e-02      5.77e-02        0.03
   3      -202.194307366     -1.88e-02      9.41e-03        0.03
   4      -202.201126604     -6.82e-03      1.97e-03        0.02
   5      -202.201444335     -3.18e-04      6.91e-04        0.03
   6      -202.201473267     -2.89e-05      1.73e-04        0.02
   7      -202.201474289     -1.02e-06      5.48e-05        0.03
   8      -202.201474500     -2.11e-07      1.82e-05        0.03
   9      -202.201474515     -1.48e-08      6.60e-06        0.03
  10      -202.201474516     -1.04e-09      2.35e-06        0.03

 SCF converged in 9 iterations.

 Entropy contribution (-ST):             0.000000000
 Dipole moment (in Debye):              -4.383372       0.090632      -1.391495
 Setting up Delta-SCF
 Ground-Excited state overlap:          -0.000000000
 No correction applied to the TDM.
 Excitation energy:                      0.106831139
 Excitation energy (in eV):              2.907023388
 Transition dipole:                      2.52274      -0.58306       2.35021
 Saving results in set 'frame_560'

 --------------------------------------------------------------------------------

 End time:                               Mon May 24 16:01:49 2021
 Total wall-clock time:                  0.746 seconds
==================================================================================
