
================================================================================
          _____________ ________ _______________ ________     _________         
         / ___________// ______ \\_____   _____// ______ \   / ________)        
        / /_________  / /      \ \     | |     / /      \ \ | (_______          
       |  __________|| |        | |    | |    | |        | | \________ \        
        \ \_________ | |        | |    | |     \ \______/ /___________) |       
         \__________||_|        |_|    |_|      \________//____________/        
                                                                                
====================================[ Qcore ]===================================

 Git hash:   b27a5f96910dca04bf09adb1496985de0081c8b6
 Git date:   Tue, 11 May 2021 09:58:05 -0400
 Compiler:   AppleClang 10.0.1.10010046
 Build type: Release
 Version:    1.2.0

 Start time: Mon May 24 15:44:31 2021

 Data directory: /Users/of15641/qcore/cmake-build-release/share/entos/1.2.0/data
 Number of threads: 2
 Number of threads was determined by: number of physical cores

 --------------------------------------------------------------------------------
                                  command: bchla                                 
 --------------------------------------------------------------------------------
 XTB basis setup:                        reference basis
 Number of basis functions:            404
 GFN version:                            gfn1
 Integral screening threshold:           1.00e-10
 Total charge:                           0.000000000
 Number of electrons:                  344.000000000
 Electronic temperature (Kelvin):        0.000000000

 D3BJ energy:                           -0.095822296
 Repulsive energy:                       2.509870616

 ------------------------------------------------
  Running self-consistent charge (SCC) algorithm 
 ------------------------------------------------
 Broyden mixing factor:                  0.40
 Max number of iterations:             128
 Conv. threshold (charge):               1.00e-05
 Conv. threshold (energy):               1.00e-06
 Initial guess:                          SAD

 ---------------------------------------------------------------
                  energy        change          grad        time
 ---------------------------------------------------------------
   0      -201.643783494                    6.42e-01        0.02
   1      -202.231539455     -5.88e-01      3.75e-01        0.02
   2      -202.208026620      2.35e-02      5.98e-02        0.02
   3      -202.228023785     -2.00e-02      1.52e-02        0.02
   4      -202.248770545     -2.07e-02      2.99e-03        0.02
   5      -202.249538897     -7.68e-04      7.06e-04        0.02
   6      -202.249560331     -2.14e-05      2.49e-04        0.02
   7      -202.249564204     -3.87e-06      8.10e-05        0.02
   8      -202.249564806     -6.03e-07      3.09e-05        0.02
   9      -202.249564820     -1.40e-08      1.30e-05        0.02
  10      -202.249564822     -2.14e-09      4.03e-06        0.02
  11      -202.249564823     -2.07e-10      1.01e-06        0.02

 SCF converged in 10 iterations.

 Entropy contribution (-ST):             0.000000000
 Dipole moment (in Debye):              -0.487521      -0.986984      -4.792790
 Setting up Delta-SCF
 Ground-Excited state overlap:           0.000000000
 No correction applied to the TDM.
 Excitation energy:                      0.106950424
 Excitation energy (in eV):              2.910269300
 Transition dipole:                     -2.65525      -0.71459      -2.35494
 Saving results in set 'frame_1057'

 --------------------------------------------------------------------------------

 End time:                               Mon May 24 15:44:31 2021
 Total wall-clock time:                  0.491 seconds
==================================================================================
