
================================================================================
          _____________ ________ _______________ ________     _________         
         / ___________// ______ \\_____   _____// ______ \   / ________)        
        / /_________  / /      \ \     | |     / /      \ \ | (_______          
       |  __________|| |        | |    | |    | |        | | \________ \        
        \ \_________ | |        | |    | |     \ \______/ /___________) |       
         \__________||_|        |_|    |_|      \________//____________/        
                                                                                
====================================[ Qcore ]===================================

 Git hash:   b27a5f96910dca04bf09adb1496985de0081c8b6
 Git date:   Tue, 11 May 2021 09:58:05 -0400
 Compiler:   AppleClang 10.0.1.10010046
 Build type: Release
 Version:    1.2.0

 Start time: Mon May 24 15:58:52 2021

 Data directory: /Users/of15641/qcore/cmake-build-release/share/entos/1.2.0/data
 Number of threads: 2
 Number of threads was determined by: number of physical cores

 --------------------------------------------------------------------------------
                                  command: bchla                                 
 --------------------------------------------------------------------------------
 XTB basis setup:                        reference basis
 Number of basis functions:            404
 GFN version:                            gfn1
 Integral screening threshold:           1.00e-10
 Total charge:                           0.000000000
 Number of electrons:                  344.000000000
 Electronic temperature (Kelvin):        0.000000000

 D3BJ energy:                           -0.097883047
 Repulsive energy:                       2.464033970

 ------------------------------------------------
  Running self-consistent charge (SCC) algorithm 
 ------------------------------------------------
 Broyden mixing factor:                  0.40
 Max number of iterations:             128
 Conv. threshold (charge):               1.00e-05
 Conv. threshold (energy):               1.00e-06
 Initial guess:                          SAD

 ---------------------------------------------------------------
                  energy        change          grad        time
 ---------------------------------------------------------------
   0      -201.672162718                    6.41e-01        0.02
   1      -202.255199811     -5.83e-01      3.74e-01        0.02
   2      -202.240718218      1.45e-02      5.79e-02        0.02
   3      -202.260044512     -1.93e-02      1.10e-02        0.02
   4      -202.271215099     -1.12e-02      2.10e-03        0.02
   5      -202.271628281     -4.13e-04      6.01e-04        0.02
   6      -202.271644422     -1.61e-05      1.22e-04        0.02
   7      -202.271644822     -4.00e-07      3.02e-05        0.02
   8      -202.271644839     -1.73e-08      1.15e-05        0.02
   9      -202.271644841     -1.15e-09      4.31e-06        0.02
  10      -202.271644841     -1.22e-10      1.50e-06        0.02

 SCF converged in 9 iterations.

 Entropy contribution (-ST):             0.000000000
 Dipole moment (in Debye):               2.186639       2.768180       0.372814
 Setting up Delta-SCF
 Ground-Excited state overlap:          -0.000000000
 No correction applied to the TDM.
 Excitation energy:                      0.112924175
 Excitation energy (in eV):              3.072823331
 Transition dipole:                     -2.18046      -2.67656      -0.64165
 Saving results in set 'frame_378'

 --------------------------------------------------------------------------------

 End time:                               Mon May 24 15:58:53 2021
 Total wall-clock time:                  0.560 seconds
==================================================================================
