
================================================================================
          _____________ ________ _______________ ________     _________         
         / ___________// ______ \\_____   _____// ______ \   / ________)        
        / /_________  / /      \ \     | |     / /      \ \ | (_______          
       |  __________|| |        | |    | |    | |        | | \________ \        
        \ \_________ | |        | |    | |     \ \______/ /___________) |       
         \__________||_|        |_|    |_|      \________//____________/        
                                                                                
====================================[ Qcore ]===================================

 Git hash:   b27a5f96910dca04bf09adb1496985de0081c8b6
 Git date:   Tue, 11 May 2021 09:58:05 -0400
 Compiler:   AppleClang 10.0.1.10010046
 Build type: Release
 Version:    1.2.0

 Start time: Mon May 24 15:50:04 2021

 Data directory: /Users/of15641/qcore/cmake-build-release/share/entos/1.2.0/data
 Number of threads: 2
 Number of threads was determined by: number of physical cores

 --------------------------------------------------------------------------------
                                  command: bchla                                 
 --------------------------------------------------------------------------------
 XTB basis setup:                        reference basis
 Number of basis functions:            404
 GFN version:                            gfn1
 Integral screening threshold:           1.00e-10
 Total charge:                           0.000000000
 Number of electrons:                  344.000000000
 Electronic temperature (Kelvin):        0.000000000

 D3BJ energy:                           -0.097829702
 Repulsive energy:                       2.505282812

 ------------------------------------------------
  Running self-consistent charge (SCC) algorithm 
 ------------------------------------------------
 Broyden mixing factor:                  0.40
 Max number of iterations:             128
 Conv. threshold (charge):               1.00e-05
 Conv. threshold (energy):               1.00e-06
 Initial guess:                          SAD

 ---------------------------------------------------------------
                  energy        change          grad        time
 ---------------------------------------------------------------
   0      -201.671819797                    6.42e-01        0.03
   1      -202.271957850     -6.00e-01      3.75e-01        0.03
   2      -202.255234510      1.67e-02      5.93e-02        0.03
   3      -202.275492846     -2.03e-02      1.17e-02        0.02
   4      -202.288518097     -1.30e-02      2.45e-03        0.02
   5      -202.289067501     -5.49e-04      6.86e-04        0.02
   6      -202.289089342     -2.18e-05      1.87e-04        0.03
   7      -202.289090835     -1.49e-06      6.16e-05        0.02
   8      -202.289091223     -3.87e-07      2.00e-05        0.02
   9      -202.289091236     -1.28e-08      7.36e-06        0.02
  10      -202.289091236     -4.65e-10      2.61e-06        0.02

 SCF converged in 9 iterations.

 Entropy contribution (-ST):             0.000000000
 Dipole moment (in Debye):              -2.785165       2.063606      -0.753328
 Setting up Delta-SCF
 Ground-Excited state overlap:           0.000000000
 No correction applied to the TDM.
 Excitation energy:                      0.109103563
 Excitation energy (in eV):              2.968859203
 Transition dipole:                     -2.05284       2.58334       1.28362
 Saving results in set 'frame_1533'

 --------------------------------------------------------------------------------

 End time:                               Mon May 24 15:50:05 2021
 Total wall-clock time:                  0.649 seconds
==================================================================================
