
================================================================================
          _____________ ________ _______________ ________     _________         
         / ___________// ______ \\_____   _____// ______ \   / ________)        
        / /_________  / /      \ \     | |     / /      \ \ | (_______          
       |  __________|| |        | |    | |    | |        | | \________ \        
        \ \_________ | |        | |    | |     \ \______/ /___________) |       
         \__________||_|        |_|    |_|      \________//____________/        
                                                                                
====================================[ Qcore ]===================================

 Git hash:   b27a5f96910dca04bf09adb1496985de0081c8b6
 Git date:   Tue, 11 May 2021 09:58:05 -0400
 Compiler:   AppleClang 10.0.1.10010046
 Build type: Release
 Version:    1.2.0

 Start time: Mon May 24 15:48:49 2021

 Data directory: /Users/of15641/qcore/cmake-build-release/share/entos/1.2.0/data
 Number of threads: 2
 Number of threads was determined by: number of physical cores

 --------------------------------------------------------------------------------
                                  command: bchla                                 
 --------------------------------------------------------------------------------
 XTB basis setup:                        reference basis
 Number of basis functions:            404
 GFN version:                            gfn1
 Integral screening threshold:           1.00e-10
 Total charge:                           0.000000000
 Number of electrons:                  344.000000000
 Electronic temperature (Kelvin):        0.000000000

 D3BJ energy:                           -0.097353521
 Repulsive energy:                       2.476621609

 ------------------------------------------------
  Running self-consistent charge (SCC) algorithm 
 ------------------------------------------------
 Broyden mixing factor:                  0.40
 Max number of iterations:             128
 Conv. threshold (charge):               1.00e-05
 Conv. threshold (energy):               1.00e-06
 Initial guess:                          SAD

 ---------------------------------------------------------------
                  energy        change          grad        time
 ---------------------------------------------------------------
   0      -201.629330060                    6.42e-01        0.06
   1      -202.226044075     -5.97e-01      3.74e-01        0.03
   2      -202.213229999      1.28e-02      5.82e-02        0.04
   3      -202.229562577     -1.63e-02      1.11e-02        0.05
   4      -202.241013378     -1.15e-02      2.34e-03        0.05
   5      -202.241494678     -4.81e-04      6.54e-04        0.07
   6      -202.241512511     -1.78e-05      1.60e-04        0.04
   7      -202.241513224     -7.13e-07      4.62e-05        0.03
   8      -202.241513384     -1.60e-07      1.89e-05        0.04
   9      -202.241513399     -1.52e-08      6.81e-06        0.03
  10      -202.241513399     -4.19e-10      2.62e-06        0.02

 SCF converged in 9 iterations.

 Entropy contribution (-ST):             0.000000000
 Dipole moment (in Debye):               2.292957       1.550030      -1.196252
 Setting up Delta-SCF
 Ground-Excited state overlap:          -0.000000000
 No correction applied to the TDM.
 Excitation energy:                      0.109259707
 Excitation energy (in eV):              2.973108091
 Transition dipole:                     -2.18687       1.52063       1.96082
 Saving results in set 'frame_144'

 --------------------------------------------------------------------------------

 End time:                               Mon May 24 15:48:50 2021
 Total wall-clock time:                  0.975 seconds
==================================================================================
