
================================================================================
          _____________ ________ _______________ ________     _________         
         / ___________// ______ \\_____   _____// ______ \   / ________)        
        / /_________  / /      \ \     | |     / /      \ \ | (_______          
       |  __________|| |        | |    | |    | |        | | \________ \        
        \ \_________ | |        | |    | |     \ \______/ /___________) |       
         \__________||_|        |_|    |_|      \________//____________/        
                                                                                
====================================[ Qcore ]===================================

 Git hash:   b27a5f96910dca04bf09adb1496985de0081c8b6
 Git date:   Tue, 11 May 2021 09:58:05 -0400
 Compiler:   AppleClang 10.0.1.10010046
 Build type: Release
 Version:    1.2.0

 Start time: Mon May 24 15:47:12 2021

 Data directory: /Users/of15641/qcore/cmake-build-release/share/entos/1.2.0/data
 Number of threads: 2
 Number of threads was determined by: number of physical cores

 --------------------------------------------------------------------------------
                                  command: bchla                                 
 --------------------------------------------------------------------------------
 XTB basis setup:                        reference basis
 Number of basis functions:            404
 GFN version:                            gfn1
 Integral screening threshold:           1.00e-10
 Total charge:                           0.000000000
 Number of electrons:                  344.000000000
 Electronic temperature (Kelvin):        0.000000000

 D3BJ energy:                           -0.103851897
 Repulsive energy:                       2.575801506

 ------------------------------------------------
  Running self-consistent charge (SCC) algorithm 
 ------------------------------------------------
 Broyden mixing factor:                  0.40
 Max number of iterations:             128
 Conv. threshold (charge):               1.00e-05
 Conv. threshold (energy):               1.00e-06
 Initial guess:                          SAD

 ---------------------------------------------------------------
                  energy        change          grad        time
 ---------------------------------------------------------------
   0      -201.708072746                    6.44e-01        0.03
   1      -202.297400522     -5.89e-01      3.76e-01        0.02
   2      -202.277524023      1.99e-02      5.80e-02        0.02
   3      -202.299415233     -2.19e-02      1.25e-02        0.02
   4      -202.314890074     -1.55e-02      2.31e-03        0.02
   5      -202.315354649     -4.65e-04      6.55e-04        0.02
   6      -202.315371603     -1.70e-05      1.51e-04        0.02
   7      -202.315372245     -6.42e-07      3.98e-05        0.02
   8      -202.315372321     -7.68e-08      1.80e-05        0.02
   9      -202.315372329     -7.24e-09      7.35e-06        0.02
  10      -202.315372329     -6.54e-10      2.40e-06        0.02

 SCF converged in 9 iterations.

 Entropy contribution (-ST):             0.000000000
 Dipole moment (in Debye):              -2.015987       4.186729      -1.886442
 Setting up Delta-SCF
 Ground-Excited state overlap:           0.000000000
 No correction applied to the TDM.
 Excitation energy:                      0.112771449
 Excitation energy (in eV):              3.068667449
 Transition dipole:                     -1.84862       2.46778      -1.61460
 Saving results in set 'frame_1295'

 --------------------------------------------------------------------------------

 End time:                               Mon May 24 15:47:12 2021
 Total wall-clock time:                  0.527 seconds
==================================================================================
