
================================================================================
          _____________ ________ _______________ ________     _________         
         / ___________// ______ \\_____   _____// ______ \   / ________)        
        / /_________  / /      \ \     | |     / /      \ \ | (_______          
       |  __________|| |        | |    | |    | |        | | \________ \        
        \ \_________ | |        | |    | |     \ \______/ /___________) |       
         \__________||_|        |_|    |_|      \________//____________/        
                                                                                
====================================[ Qcore ]===================================

 Git hash:   b27a5f96910dca04bf09adb1496985de0081c8b6
 Git date:   Tue, 11 May 2021 09:58:05 -0400
 Compiler:   AppleClang 10.0.1.10010046
 Build type: Release
 Version:    1.2.0

 Start time: Mon May 24 15:46:38 2021

 Data directory: /Users/of15641/qcore/cmake-build-release/share/entos/1.2.0/data
 Number of threads: 2
 Number of threads was determined by: number of physical cores

 --------------------------------------------------------------------------------
                                  command: bchla                                 
 --------------------------------------------------------------------------------
 XTB basis setup:                        reference basis
 Number of basis functions:            404
 GFN version:                            gfn1
 Integral screening threshold:           1.00e-10
 Total charge:                           0.000000000
 Number of electrons:                  344.000000000
 Electronic temperature (Kelvin):        0.000000000

 D3BJ energy:                           -0.098966525
 Repulsive energy:                       2.512076747

 ------------------------------------------------
  Running self-consistent charge (SCC) algorithm 
 ------------------------------------------------
 Broyden mixing factor:                  0.40
 Max number of iterations:             128
 Conv. threshold (charge):               1.00e-05
 Conv. threshold (energy):               1.00e-06
 Initial guess:                          SAD

 ---------------------------------------------------------------
                  energy        change          grad        time
 ---------------------------------------------------------------
   0      -201.722166462                    6.43e-01        0.02
   1      -202.309186206     -5.87e-01      3.75e-01        0.02
   2      -202.294553255      1.46e-02      5.76e-02        0.02
   3      -202.311267805     -1.67e-02      1.21e-02        0.02
   4      -202.325239454     -1.40e-02      2.85e-03        0.02
   5      -202.326012502     -7.73e-04      6.85e-04        0.02
   6      -202.326032938     -2.04e-05      1.82e-04        0.02
   7      -202.326034271     -1.33e-06      5.93e-05        0.02
   8      -202.326034582     -3.11e-07      2.09e-05        0.03
   9      -202.326034597     -1.44e-08      8.46e-06        0.02
  10      -202.326034598     -9.43e-10      2.86e-06        0.02

 SCF converged in 9 iterations.

 Entropy contribution (-ST):             0.000000000
 Dipole moment (in Debye):              -0.749307       5.945519      -1.247359
 Setting up Delta-SCF
 Ground-Excited state overlap:           0.000000000
 No correction applied to the TDM.
 Excitation energy:                      0.107879195
 Excitation energy (in eV):              2.935542445
 Transition dipole:                     -2.45592       2.62541      -0.38882
 Saving results in set 'frame_1241'

 --------------------------------------------------------------------------------

 End time:                               Mon May 24 15:46:39 2021
 Total wall-clock time:                  0.518 seconds
==================================================================================
