
================================================================================
          _____________ ________ _______________ ________     _________         
         / ___________// ______ \\_____   _____// ______ \   / ________)        
        / /_________  / /      \ \     | |     / /      \ \ | (_______          
       |  __________|| |        | |    | |    | |        | | \________ \        
        \ \_________ | |        | |    | |     \ \______/ /___________) |       
         \__________||_|        |_|    |_|      \________//____________/        
                                                                                
====================================[ Qcore ]===================================

 Git hash:   b27a5f96910dca04bf09adb1496985de0081c8b6
 Git date:   Tue, 11 May 2021 09:58:05 -0400
 Compiler:   AppleClang 10.0.1.10010046
 Build type: Release
 Version:    1.2.0

 Start time: Mon May 24 15:48:58 2021

 Data directory: /Users/of15641/qcore/cmake-build-release/share/entos/1.2.0/data
 Number of threads: 2
 Number of threads was determined by: number of physical cores

 --------------------------------------------------------------------------------
                                  command: bchla                                 
 --------------------------------------------------------------------------------
 XTB basis setup:                        reference basis
 Number of basis functions:            404
 GFN version:                            gfn1
 Integral screening threshold:           1.00e-10
 Total charge:                           0.000000000
 Number of electrons:                  344.000000000
 Electronic temperature (Kelvin):        0.000000000

 D3BJ energy:                           -0.100342256
 Repulsive energy:                       2.447204289

 ------------------------------------------------
  Running self-consistent charge (SCC) algorithm 
 ------------------------------------------------
 Broyden mixing factor:                  0.40
 Max number of iterations:             128
 Conv. threshold (charge):               1.00e-05
 Conv. threshold (energy):               1.00e-06
 Initial guess:                          SAD

 ---------------------------------------------------------------
                  energy        change          grad        time
 ---------------------------------------------------------------
   0      -201.620270832                    6.42e-01        0.02
   1      -202.221988445     -6.02e-01      3.74e-01        0.03
   2      -202.212351548      9.64e-03      5.82e-02        0.02
   3      -202.228393086     -1.60e-02      9.53e-03        0.02
   4      -202.236933498     -8.54e-03      2.09e-03        0.02
   5      -202.237315151     -3.82e-04      6.26e-04        0.02
   6      -202.237333710     -1.86e-05      1.39e-04        0.02
   7      -202.237334425     -7.15e-07      4.85e-05        0.02
   8      -202.237334623     -1.98e-07      1.79e-05        0.02
   9      -202.237334632     -9.13e-09      6.51e-06        0.02
  10      -202.237334632     -5.76e-10      2.40e-06        0.02

 SCF converged in 9 iterations.

 Entropy contribution (-ST):             0.000000000
 Dipole moment (in Debye):              -4.279751       3.188071       0.571810
 Setting up Delta-SCF
 Ground-Excited state overlap:           0.000000000
 No correction applied to the TDM.
 Excitation energy:                      0.109862878
 Excitation energy (in eV):              2.989521199
 Transition dipole:                      3.15042      -0.31197      -1.73615
 Saving results in set 'frame_1451'

 --------------------------------------------------------------------------------

 End time:                               Mon May 24 15:48:58 2021
 Total wall-clock time:                  0.545 seconds
==================================================================================
