
================================================================================
          _____________ ________ _______________ ________     _________         
         / ___________// ______ \\_____   _____// ______ \   / ________)        
        / /_________  / /      \ \     | |     / /      \ \ | (_______          
       |  __________|| |        | |    | |    | |        | | \________ \        
        \ \_________ | |        | |    | |     \ \______/ /___________) |       
         \__________||_|        |_|    |_|      \________//____________/        
                                                                                
====================================[ Qcore ]===================================

 Git hash:   b27a5f96910dca04bf09adb1496985de0081c8b6
 Git date:   Tue, 11 May 2021 09:58:05 -0400
 Compiler:   AppleClang 10.0.1.10010046
 Build type: Release
 Version:    1.2.0

 Start time: Mon May 24 16:02:30 2021

 Data directory: /Users/of15641/qcore/cmake-build-release/share/entos/1.2.0/data
 Number of threads: 2
 Number of threads was determined by: number of physical cores

 --------------------------------------------------------------------------------
                                  command: bchla                                 
 --------------------------------------------------------------------------------
 XTB basis setup:                        reference basis
 Number of basis functions:            404
 GFN version:                            gfn1
 Integral screening threshold:           1.00e-10
 Total charge:                           0.000000000
 Number of electrons:                  344.000000000
 Electronic temperature (Kelvin):        0.000000000

 D3BJ energy:                           -0.094433999
 Repulsive energy:                       2.550750511

 ------------------------------------------------
  Running self-consistent charge (SCC) algorithm 
 ------------------------------------------------
 Broyden mixing factor:                  0.40
 Max number of iterations:             128
 Conv. threshold (charge):               1.00e-05
 Conv. threshold (energy):               1.00e-06
 Initial guess:                          SAD

 ---------------------------------------------------------------
                  energy        change          grad        time
 ---------------------------------------------------------------
   0      -201.659777400                    6.43e-01        0.03
   1      -202.259813550     -6.00e-01      3.75e-01        0.02
   2      -202.249617121      1.02e-02      5.82e-02        0.02
   3      -202.265987190     -1.64e-02      9.89e-03        0.02
   4      -202.274821236     -8.83e-03      2.38e-03        0.02
   5      -202.275333064     -5.12e-04      7.19e-04        0.02
   6      -202.275359103     -2.60e-05      1.62e-04        0.02
   7      -202.275359910     -8.07e-07      4.96e-05        0.02
   8      -202.275360097     -1.87e-07      1.74e-05        0.02
   9      -202.275360107     -1.08e-08      6.46e-06        0.02
  10      -202.275360108     -8.13e-10      2.47e-06        0.02

 SCF converged in 9 iterations.

 Entropy contribution (-ST):             0.000000000
 Dipole moment (in Debye):              -1.892743       0.727546      -6.078205
 Setting up Delta-SCF
 Ground-Excited state overlap:           0.000000000
 No correction applied to the TDM.
 Excitation energy:                      0.108379118
 Excitation energy (in eV):              2.949146033
 Transition dipole:                      0.11304       2.26416       1.67106
 Saving results in set 'frame_607'

 --------------------------------------------------------------------------------

 End time:                               Mon May 24 16:02:30 2021
 Total wall-clock time:                  0.597 seconds
==================================================================================
