
================================================================================
          _____________ ________ _______________ ________     _________         
         / ___________// ______ \\_____   _____// ______ \   / ________)        
        / /_________  / /      \ \     | |     / /      \ \ | (_______          
       |  __________|| |        | |    | |    | |        | | \________ \        
        \ \_________ | |        | |    | |     \ \______/ /___________) |       
         \__________||_|        |_|    |_|      \________//____________/        
                                                                                
====================================[ Qcore ]===================================

 Git hash:   b27a5f96910dca04bf09adb1496985de0081c8b6
 Git date:   Tue, 11 May 2021 09:58:05 -0400
 Compiler:   AppleClang 10.0.1.10010046
 Build type: Release
 Version:    1.2.0

 Start time: Mon May 24 15:45:34 2021

 Data directory: /Users/of15641/qcore/cmake-build-release/share/entos/1.2.0/data
 Number of threads: 2
 Number of threads was determined by: number of physical cores

 --------------------------------------------------------------------------------
                                  command: bchla                                 
 --------------------------------------------------------------------------------
 XTB basis setup:                        reference basis
 Number of basis functions:            404
 GFN version:                            gfn1
 Integral screening threshold:           1.00e-10
 Total charge:                           0.000000000
 Number of electrons:                  344.000000000
 Electronic temperature (Kelvin):        0.000000000

 D3BJ energy:                           -0.098269644
 Repulsive energy:                       2.570553364

 ------------------------------------------------
  Running self-consistent charge (SCC) algorithm 
 ------------------------------------------------
 Broyden mixing factor:                  0.40
 Max number of iterations:             128
 Conv. threshold (charge):               1.00e-05
 Conv. threshold (energy):               1.00e-06
 Initial guess:                          SAD

 ---------------------------------------------------------------
                  energy        change          grad        time
 ---------------------------------------------------------------
   0      -201.717286722                    6.44e-01        0.02
   1      -202.298469858     -5.81e-01      3.76e-01        0.02
   2      -202.288359328      1.01e-02      5.63e-02        0.02
   3      -202.304781180     -1.64e-02      9.76e-03        0.02
   4      -202.313930248     -9.15e-03      2.06e-03        0.02
   5      -202.314339032     -4.09e-04      5.72e-04        0.02
   6      -202.314355013     -1.60e-05      1.33e-04        0.02
   7      -202.314355699     -6.86e-07      4.86e-05        0.02
   8      -202.314355857     -1.59e-07      1.75e-05        0.02
   9      -202.314355864     -6.33e-09      6.50e-06        0.02
  10      -202.314355864     -6.61e-10      2.35e-06        0.02

 SCF converged in 9 iterations.

 Entropy contribution (-ST):             0.000000000
 Dipole moment (in Debye):              -3.042354       0.625878      -3.452698
 Setting up Delta-SCF
 Ground-Excited state overlap:           0.000000000
 No correction applied to the TDM.
 Excitation energy:                      0.110889473
 Excitation energy (in eV):              3.017456289
 Transition dipole:                     -0.67411       1.20912      -3.44707
 Saving results in set 'frame_1148'

 --------------------------------------------------------------------------------

 End time:                               Mon May 24 15:45:34 2021
 Total wall-clock time:                  0.479 seconds
==================================================================================
