
================================================================================
          _____________ ________ _______________ ________     _________         
         / ___________// ______ \\_____   _____// ______ \   / ________)        
        / /_________  / /      \ \     | |     / /      \ \ | (_______          
       |  __________|| |        | |    | |    | |        | | \________ \        
        \ \_________ | |        | |    | |     \ \______/ /___________) |       
         \__________||_|        |_|    |_|      \________//____________/        
                                                                                
====================================[ Qcore ]===================================

 Git hash:   b27a5f96910dca04bf09adb1496985de0081c8b6
 Git date:   Tue, 11 May 2021 09:58:05 -0400
 Compiler:   AppleClang 10.0.1.10010046
 Build type: Release
 Version:    1.2.0

 Start time: Mon May 24 15:56:22 2021

 Data directory: /Users/of15641/qcore/cmake-build-release/share/entos/1.2.0/data
 Number of threads: 2
 Number of threads was determined by: number of physical cores

 --------------------------------------------------------------------------------
                                  command: bchla                                 
 --------------------------------------------------------------------------------
 XTB basis setup:                        reference basis
 Number of basis functions:            404
 GFN version:                            gfn1
 Integral screening threshold:           1.00e-10
 Total charge:                           0.000000000
 Number of electrons:                  344.000000000
 Electronic temperature (Kelvin):        0.000000000

 D3BJ energy:                           -0.094372546
 Repulsive energy:                       2.621093897

 ------------------------------------------------
  Running self-consistent charge (SCC) algorithm 
 ------------------------------------------------
 Broyden mixing factor:                  0.40
 Max number of iterations:             128
 Conv. threshold (charge):               1.00e-05
 Conv. threshold (energy):               1.00e-06
 Initial guess:                          SAD

 ---------------------------------------------------------------
                  energy        change          grad        time
 ---------------------------------------------------------------
   0      -201.707731132                    6.45e-01        0.03
   1      -202.303931024     -5.96e-01      3.76e-01        0.02
   2      -202.295932961      8.00e-03      5.74e-02        0.03
   3      -202.311273838     -1.53e-02      8.99e-03        0.02
   4      -202.318124990     -6.85e-03      2.31e-03        0.03
   5      -202.318608478     -4.83e-04      6.67e-04        0.03
   6      -202.318630132     -2.17e-05      1.49e-04        0.04
   7      -202.318630766     -6.34e-07      4.20e-05        0.03
   8      -202.318630876     -1.10e-07      1.67e-05        0.02
   9      -202.318630885     -9.50e-09      6.15e-06        0.03
  10      -202.318630886     -9.28e-10      2.29e-06        0.02

 SCF converged in 9 iterations.

 Entropy contribution (-ST):             0.000000000
 Dipole moment (in Debye):              -3.485470       1.543442       4.722349
 Setting up Delta-SCF
 Ground-Excited state overlap:           0.000000000
 No correction applied to the TDM.
 Excitation energy:                      0.110763587
 Excitation energy (in eV):              3.014030749
 Transition dipole:                     -0.30143       1.17246       3.11252
 Saving results in set 'frame_1993'

 --------------------------------------------------------------------------------

 End time:                               Mon May 24 15:56:23 2021
 Total wall-clock time:                  0.700 seconds
==================================================================================
