
================================================================================
          _____________ ________ _______________ ________     _________         
         / ___________// ______ \\_____   _____// ______ \   / ________)        
        / /_________  / /      \ \     | |     / /      \ \ | (_______          
       |  __________|| |        | |    | |    | |        | | \________ \        
        \ \_________ | |        | |    | |     \ \______/ /___________) |       
         \__________||_|        |_|    |_|      \________//____________/        
                                                                                
====================================[ Qcore ]===================================

 Git hash:   b27a5f96910dca04bf09adb1496985de0081c8b6
 Git date:   Tue, 11 May 2021 09:58:05 -0400
 Compiler:   AppleClang 10.0.1.10010046
 Build type: Release
 Version:    1.2.0

 Start time: Mon May 24 15:56:04 2021

 Data directory: /Users/of15641/qcore/cmake-build-release/share/entos/1.2.0/data
 Number of threads: 2
 Number of threads was determined by: number of physical cores

 --------------------------------------------------------------------------------
                                  command: bchla                                 
 --------------------------------------------------------------------------------
 XTB basis setup:                        reference basis
 Number of basis functions:            404
 GFN version:                            gfn1
 Integral screening threshold:           1.00e-10
 Total charge:                           0.000000000
 Number of electrons:                  344.000000000
 Electronic temperature (Kelvin):        0.000000000

 D3BJ energy:                           -0.093768245
 Repulsive energy:                       2.451094054

 ------------------------------------------------
  Running self-consistent charge (SCC) algorithm 
 ------------------------------------------------
 Broyden mixing factor:                  0.40
 Max number of iterations:             128
 Conv. threshold (charge):               1.00e-05
 Conv. threshold (energy):               1.00e-06
 Initial guess:                          SAD

 ---------------------------------------------------------------
                  energy        change          grad        time
 ---------------------------------------------------------------
   0      -201.673635647                    6.41e-01        0.03
   1      -202.257944523     -5.84e-01      3.74e-01        0.03
   2      -202.250304678      7.64e-03      5.73e-02        0.03
   3      -202.265122160     -1.48e-02      9.59e-03        0.02
   4      -202.272391417     -7.27e-03      2.60e-03        0.03
   5      -202.272962445     -5.71e-04      6.92e-04        0.03
   6      -202.272986004     -2.36e-05      1.57e-04        0.02
   7      -202.272986933     -9.29e-07      3.85e-05        0.02
   8      -202.272986990     -5.74e-08      1.65e-05        0.03
   9      -202.272986996     -6.33e-09      6.88e-06        0.02
  10      -202.272986999     -2.40e-09      2.55e-06        0.02

 SCF converged in 9 iterations.

 Entropy contribution (-ST):             0.000000000
 Dipole moment (in Debye):              -2.584697       3.059724       2.442696
 Setting up Delta-SCF
 Ground-Excited state overlap:           0.000000000
 No correction applied to the TDM.
 Excitation energy:                      0.110916910
 Excitation energy (in eV):              3.018202888
 Transition dipole:                      0.97010      -2.64589      -2.10902
 Saving results in set 'frame_1971'

 --------------------------------------------------------------------------------

 End time:                               Mon May 24 15:56:04 2021
 Total wall-clock time:                  0.662 seconds
==================================================================================
