
================================================================================
          _____________ ________ _______________ ________     _________         
         / ___________// ______ \\_____   _____// ______ \   / ________)        
        / /_________  / /      \ \     | |     / /      \ \ | (_______          
       |  __________|| |        | |    | |    | |        | | \________ \        
        \ \_________ | |        | |    | |     \ \______/ /___________) |       
         \__________||_|        |_|    |_|      \________//____________/        
                                                                                
====================================[ Qcore ]===================================

 Git hash:   b27a5f96910dca04bf09adb1496985de0081c8b6
 Git date:   Tue, 11 May 2021 09:58:05 -0400
 Compiler:   AppleClang 10.0.1.10010046
 Build type: Release
 Version:    1.2.0

 Start time: Mon May 24 15:46:24 2021

 Data directory: /Users/of15641/qcore/cmake-build-release/share/entos/1.2.0/data
 Number of threads: 2
 Number of threads was determined by: number of physical cores

 --------------------------------------------------------------------------------
                                  command: bchla                                 
 --------------------------------------------------------------------------------
 XTB basis setup:                        reference basis
 Number of basis functions:            404
 GFN version:                            gfn1
 Integral screening threshold:           1.00e-10
 Total charge:                           0.000000000
 Number of electrons:                  344.000000000
 Electronic temperature (Kelvin):        0.000000000

 D3BJ energy:                           -0.099043241
 Repulsive energy:                       2.593667215

 ------------------------------------------------
  Running self-consistent charge (SCC) algorithm 
 ------------------------------------------------
 Broyden mixing factor:                  0.40
 Max number of iterations:             128
 Conv. threshold (charge):               1.00e-05
 Conv. threshold (energy):               1.00e-06
 Initial guess:                          SAD

 ---------------------------------------------------------------
                  energy        change          grad        time
 ---------------------------------------------------------------
   0      -201.708610310                    6.44e-01        0.02
   1      -202.277425917     -5.69e-01      3.76e-01        0.02
   2      -202.270614175      6.81e-03      5.50e-02        0.02
   3      -202.285135790     -1.45e-02      8.60e-03        0.02
   4      -202.292006260     -6.87e-03      1.95e-03        0.02
   5      -202.292314389     -3.08e-04      6.68e-04        0.02
   6      -202.292337142     -2.28e-05      1.99e-04        0.02
   7      -202.292339663     -2.52e-06      7.25e-05        0.02
   8      -202.292340236     -5.74e-07      1.78e-05        0.02
   9      -202.292340242     -5.56e-09      6.04e-06        0.02
  10      -202.292340242     -5.00e-10      2.09e-06        0.02

 SCF converged in 9 iterations.

 Entropy contribution (-ST):             0.000000000
 Dipole moment (in Debye):               1.510804       3.883149      -1.466413
 Setting up Delta-SCF
 Ground-Excited state overlap:           0.000000000
 No correction applied to the TDM.
 Excitation energy:                      0.104546101
 Excitation energy (in eV):              2.844844343
 Transition dipole:                      1.53921      -2.55002       2.09792
 Saving results in set 'frame_1219'

 --------------------------------------------------------------------------------

 End time:                               Mon May 24 15:46:24 2021
 Total wall-clock time:                  0.491 seconds
==================================================================================
