
================================================================================
          _____________ ________ _______________ ________     _________         
         / ___________// ______ \\_____   _____// ______ \   / ________)        
        / /_________  / /      \ \     | |     / /      \ \ | (_______          
       |  __________|| |        | |    | |    | |        | | \________ \        
        \ \_________ | |        | |    | |     \ \______/ /___________) |       
         \__________||_|        |_|    |_|      \________//____________/        
                                                                                
====================================[ Qcore ]===================================

 Git hash:   b27a5f96910dca04bf09adb1496985de0081c8b6
 Git date:   Tue, 11 May 2021 09:58:05 -0400
 Compiler:   AppleClang 10.0.1.10010046
 Build type: Release
 Version:    1.2.0

 Start time: Mon May 24 16:06:11 2021

 Data directory: /Users/of15641/qcore/cmake-build-release/share/entos/1.2.0/data
 Number of threads: 2
 Number of threads was determined by: number of physical cores

 --------------------------------------------------------------------------------
                                  command: bchla                                 
 --------------------------------------------------------------------------------
 XTB basis setup:                        reference basis
 Number of basis functions:            404
 GFN version:                            gfn1
 Integral screening threshold:           1.00e-10
 Total charge:                           0.000000000
 Number of electrons:                  344.000000000
 Electronic temperature (Kelvin):        0.000000000

 D3BJ energy:                           -0.093851303
 Repulsive energy:                       2.506619983

 ------------------------------------------------
  Running self-consistent charge (SCC) algorithm 
 ------------------------------------------------
 Broyden mixing factor:                  0.40
 Max number of iterations:             128
 Conv. threshold (charge):               1.00e-05
 Conv. threshold (energy):               1.00e-06
 Initial guess:                          SAD

 ---------------------------------------------------------------
                  energy        change          grad        time
 ---------------------------------------------------------------
   0      -201.620566366                    6.43e-01        0.05
   1      -202.234881040     -6.14e-01      3.75e-01        0.03
   2      -202.210832305      2.40e-02      6.04e-02        0.03
   3      -202.235615461     -2.48e-02      1.34e-02        0.03
   4      -202.252911387     -1.73e-02      2.22e-03        0.03
   5      -202.253319838     -4.08e-04      6.46e-04        0.03
   6      -202.253338545     -1.87e-05      1.74e-04        0.03
   7      -202.253340041     -1.50e-06      6.08e-05        0.03
   8      -202.253340367     -3.26e-07      2.49e-05        0.03
   9      -202.253340377     -1.06e-08      8.80e-06        0.03
  10      -202.253340378     -3.40e-10      2.70e-06        0.03

 SCF converged in 9 iterations.

 Entropy contribution (-ST):             0.000000000
 Dipole moment (in Debye):              -1.010165       0.615138      -1.602703
 Setting up Delta-SCF
 Ground-Excited state overlap:           0.000000000
 No correction applied to the TDM.
 Excitation energy:                      0.108799856
 Excitation energy (in eV):              2.960594907
 Transition dipole:                      0.88391       0.06497      -3.37934
 Saving results in set 'frame_847'

 --------------------------------------------------------------------------------

 End time:                               Mon May 24 16:06:13 2021
 Total wall-clock time:                  1.072 seconds
==================================================================================
