
================================================================================
          _____________ ________ _______________ ________     _________         
         / ___________// ______ \\_____   _____// ______ \   / ________)        
        / /_________  / /      \ \     | |     / /      \ \ | (_______          
       |  __________|| |        | |    | |    | |        | | \________ \        
        \ \_________ | |        | |    | |     \ \______/ /___________) |       
         \__________||_|        |_|    |_|      \________//____________/        
                                                                                
====================================[ Qcore ]===================================

 Git hash:   b27a5f96910dca04bf09adb1496985de0081c8b6
 Git date:   Tue, 11 May 2021 09:58:05 -0400
 Compiler:   AppleClang 10.0.1.10010046
 Build type: Release
 Version:    1.2.0

 Start time: Mon May 24 15:58:57 2021

 Data directory: /Users/of15641/qcore/cmake-build-release/share/entos/1.2.0/data
 Number of threads: 2
 Number of threads was determined by: number of physical cores

 --------------------------------------------------------------------------------
                                  command: bchla                                 
 --------------------------------------------------------------------------------
 XTB basis setup:                        reference basis
 Number of basis functions:            404
 GFN version:                            gfn1
 Integral screening threshold:           1.00e-10
 Total charge:                           0.000000000
 Number of electrons:                  344.000000000
 Electronic temperature (Kelvin):        0.000000000

 D3BJ energy:                           -0.097272250
 Repulsive energy:                       2.576408730

 ------------------------------------------------
  Running self-consistent charge (SCC) algorithm 
 ------------------------------------------------
 Broyden mixing factor:                  0.40
 Max number of iterations:             128
 Conv. threshold (charge):               1.00e-05
 Conv. threshold (energy):               1.00e-06
 Initial guess:                          SAD

 ---------------------------------------------------------------
                  energy        change          grad        time
 ---------------------------------------------------------------
   0      -201.658149646                    6.43e-01        0.03
   1      -202.233546084     -5.75e-01      3.75e-01        0.03
   2      -202.220223838      1.33e-02      5.62e-02        0.03
   3      -202.235614062     -1.54e-02      1.17e-02        0.02
   4      -202.249068371     -1.35e-02      2.24e-03        0.02
   5      -202.249467815     -3.99e-04      6.53e-04        0.03
   6      -202.249486568     -1.88e-05      1.88e-04        0.02
   7      -202.249488324     -1.76e-06      6.37e-05        0.02
   8      -202.249488672     -3.48e-07      2.19e-05        0.02
   9      -202.249488681     -8.54e-09      8.10e-06        0.02
  10      -202.249488681     -6.73e-10      2.68e-06        0.02

 SCF converged in 9 iterations.

 Entropy contribution (-ST):             0.000000000
 Dipole moment (in Debye):               1.689070       2.936826       1.359068
 Setting up Delta-SCF
 Ground-Excited state overlap:           0.000000000
 No correction applied to the TDM.
 Excitation energy:                      0.106361645
 Excitation energy (in eV):              2.894247800
 Transition dipole:                     -2.85712      -0.56177       1.47107
 Saving results in set 'frame_385'

 --------------------------------------------------------------------------------

 End time:                               Mon May 24 15:58:58 2021
 Total wall-clock time:                  0.620 seconds
==================================================================================
