
================================================================================
          _____________ ________ _______________ ________     _________         
         / ___________// ______ \\_____   _____// ______ \   / ________)        
        / /_________  / /      \ \     | |     / /      \ \ | (_______          
       |  __________|| |        | |    | |    | |        | | \________ \        
        \ \_________ | |        | |    | |     \ \______/ /___________) |       
         \__________||_|        |_|    |_|      \________//____________/        
                                                                                
====================================[ Qcore ]===================================

 Git hash:   b27a5f96910dca04bf09adb1496985de0081c8b6
 Git date:   Tue, 11 May 2021 09:58:05 -0400
 Compiler:   AppleClang 10.0.1.10010046
 Build type: Release
 Version:    1.2.0

 Start time: Mon May 24 15:45:41 2021

 Data directory: /Users/of15641/qcore/cmake-build-release/share/entos/1.2.0/data
 Number of threads: 2
 Number of threads was determined by: number of physical cores

 --------------------------------------------------------------------------------
                                  command: bchla                                 
 --------------------------------------------------------------------------------
 XTB basis setup:                        reference basis
 Number of basis functions:            404
 GFN version:                            gfn1
 Integral screening threshold:           1.00e-10
 Total charge:                           0.000000000
 Number of electrons:                  344.000000000
 Electronic temperature (Kelvin):        0.000000000

 D3BJ energy:                           -0.094527804
 Repulsive energy:                       2.419852907

 ------------------------------------------------
  Running self-consistent charge (SCC) algorithm 
 ------------------------------------------------
 Broyden mixing factor:                  0.40
 Max number of iterations:             128
 Conv. threshold (charge):               1.00e-05
 Conv. threshold (energy):               1.00e-06
 Initial guess:                          SAD

 ---------------------------------------------------------------
                  energy        change          grad        time
 ---------------------------------------------------------------
   0      -201.665173286                    6.41e-01        0.02
   1      -202.270189222     -6.05e-01      3.74e-01        0.02
   2      -202.254015065      1.62e-02      5.94e-02        0.02
   3      -202.273316276     -1.93e-02      1.22e-02        0.03
   4      -202.286202502     -1.29e-02      2.42e-03        0.02
   5      -202.286699204     -4.97e-04      6.56e-04        0.02
   6      -202.286719356     -2.02e-05      1.80e-04        0.02
   7      -202.286720828     -1.47e-06      6.44e-05        0.02
   8      -202.286721253     -4.25e-07      2.28e-05        0.02
   9      -202.286721266     -1.36e-08      8.57e-06        0.02
  10      -202.286721267     -6.47e-10      3.17e-06        0.02

 SCF converged in 9 iterations.

 Entropy contribution (-ST):             0.000000000
 Dipole moment (in Debye):               2.694391       3.765334      -3.328595
 Setting up Delta-SCF
 Ground-Excited state overlap:           0.000000000
 No correction applied to the TDM.
 Excitation energy:                      0.108536702
 Excitation energy (in eV):              2.953434116
 Transition dipole:                      1.88520      -1.03965      -2.98283
 Saving results in set 'frame_116'

 --------------------------------------------------------------------------------

 End time:                               Mon May 24 15:45:41 2021
 Total wall-clock time:                  0.501 seconds
==================================================================================
