
================================================================================
          _____________ ________ _______________ ________     _________         
         / ___________// ______ \\_____   _____// ______ \   / ________)        
        / /_________  / /      \ \     | |     / /      \ \ | (_______          
       |  __________|| |        | |    | |    | |        | | \________ \        
        \ \_________ | |        | |    | |     \ \______/ /___________) |       
         \__________||_|        |_|    |_|      \________//____________/        
                                                                                
====================================[ Qcore ]===================================

 Git hash:   b27a5f96910dca04bf09adb1496985de0081c8b6
 Git date:   Tue, 11 May 2021 09:58:05 -0400
 Compiler:   AppleClang 10.0.1.10010046
 Build type: Release
 Version:    1.2.0

 Start time: Mon May 24 15:59:39 2021

 Data directory: /Users/of15641/qcore/cmake-build-release/share/entos/1.2.0/data
 Number of threads: 2
 Number of threads was determined by: number of physical cores

 --------------------------------------------------------------------------------
                                  command: bchla                                 
 --------------------------------------------------------------------------------
 XTB basis setup:                        reference basis
 Number of basis functions:            404
 GFN version:                            gfn1
 Integral screening threshold:           1.00e-10
 Total charge:                           0.000000000
 Number of electrons:                  344.000000000
 Electronic temperature (Kelvin):        0.000000000

 D3BJ energy:                           -0.100907897
 Repulsive energy:                       2.537912926

 ------------------------------------------------
  Running self-consistent charge (SCC) algorithm 
 ------------------------------------------------
 Broyden mixing factor:                  0.40
 Max number of iterations:             128
 Conv. threshold (charge):               1.00e-05
 Conv. threshold (energy):               1.00e-06
 Initial guess:                          SAD

 ---------------------------------------------------------------
                  energy        change          grad        time
 ---------------------------------------------------------------
   0      -201.697418715                    6.42e-01        0.02
   1      -202.273798820     -5.76e-01      3.75e-01        0.02
   2      -202.255112318      1.87e-02      5.72e-02        0.02
   3      -202.272540985     -1.74e-02      1.35e-02        0.02
   4      -202.289842953     -1.73e-02      2.10e-03        0.02
   5      -202.290222545     -3.80e-04      6.49e-04        0.02
   6      -202.290241659     -1.91e-05      1.30e-04        0.02
   7      -202.290242130     -4.71e-07      4.73e-05        0.02
   8      -202.290242217     -8.77e-08      2.14e-05        0.02
   9      -202.290242224     -7.01e-09      9.59e-06        0.02
  10      -202.290242228     -3.60e-09      2.80e-06        0.02

 SCF converged in 9 iterations.

 Entropy contribution (-ST):             0.000000000
 Dipole moment (in Debye):               2.268660       0.217057       1.845491
 Setting up Delta-SCF
 Ground-Excited state overlap:           0.000000000
 No correction applied to the TDM.
 Excitation energy:                      0.106683588
 Excitation energy (in eV):              2.903008325
 Transition dipole:                      3.41825       0.80454       0.95976
 Saving results in set 'frame_442'

 --------------------------------------------------------------------------------

 End time:                               Mon May 24 15:59:39 2021
 Total wall-clock time:                  0.588 seconds
==================================================================================
