
================================================================================
          _____________ ________ _______________ ________     _________         
         / ___________// ______ \\_____   _____// ______ \   / ________)        
        / /_________  / /      \ \     | |     / /      \ \ | (_______          
       |  __________|| |        | |    | |    | |        | | \________ \        
        \ \_________ | |        | |    | |     \ \______/ /___________) |       
         \__________||_|        |_|    |_|      \________//____________/        
                                                                                
====================================[ Qcore ]===================================

 Git hash:   b27a5f96910dca04bf09adb1496985de0081c8b6
 Git date:   Tue, 11 May 2021 09:58:05 -0400
 Compiler:   AppleClang 10.0.1.10010046
 Build type: Release
 Version:    1.2.0

 Start time: Mon May 24 15:52:14 2021

 Data directory: /Users/of15641/qcore/cmake-build-release/share/entos/1.2.0/data
 Number of threads: 2
 Number of threads was determined by: number of physical cores

 --------------------------------------------------------------------------------
                                  command: bchla                                 
 --------------------------------------------------------------------------------
 XTB basis setup:                        reference basis
 Number of basis functions:            404
 GFN version:                            gfn1
 Integral screening threshold:           1.00e-10
 Total charge:                           0.000000000
 Number of electrons:                  344.000000000
 Electronic temperature (Kelvin):        0.000000000

 D3BJ energy:                           -0.096854154
 Repulsive energy:                       2.496398893

 ------------------------------------------------
  Running self-consistent charge (SCC) algorithm 
 ------------------------------------------------
 Broyden mixing factor:                  0.40
 Max number of iterations:             128
 Conv. threshold (charge):               1.00e-05
 Conv. threshold (energy):               1.00e-06
 Initial guess:                          SAD

 ---------------------------------------------------------------
                  energy        change          grad        time
 ---------------------------------------------------------------
   0      -201.641339252                    6.42e-01        0.03
   1      -202.257681520     -6.16e-01      3.75e-01        0.03
   2      -202.241541737      1.61e-02      6.02e-02        0.02
   3      -202.261950655     -2.04e-02      1.21e-02        0.02
   4      -202.274858283     -1.29e-02      2.75e-03        0.03
   5      -202.275536515     -6.78e-04      6.68e-04        0.03
   6      -202.275556536     -2.00e-05      1.83e-04        0.02
   7      -202.275558334     -1.80e-06      5.90e-05        0.02
   8      -202.275558674     -3.40e-07      2.09e-05        0.03
   9      -202.275558686     -1.27e-08      7.69e-06        0.03
  10      -202.275558687     -5.19e-10      2.54e-06        0.02

 SCF converged in 9 iterations.

 Entropy contribution (-ST):             0.000000000
 Dipole moment (in Debye):              -2.643001       5.177222       1.940257
 Setting up Delta-SCF
 Ground-Excited state overlap:          -0.000000000
 No correction applied to the TDM.
 Excitation energy:                      0.106972564
 Excitation energy (in eV):              2.910871756
 Transition dipole:                      0.61386      -3.28638      -1.65131
 Saving results in set 'frame_1688'

 --------------------------------------------------------------------------------

 End time:                               Mon May 24 15:52:15 2021
 Total wall-clock time:                  0.697 seconds
==================================================================================
