
================================================================================
          _____________ ________ _______________ ________     _________         
         / ___________// ______ \\_____   _____// ______ \   / ________)        
        / /_________  / /      \ \     | |     / /      \ \ | (_______          
       |  __________|| |        | |    | |    | |        | | \________ \        
        \ \_________ | |        | |    | |     \ \______/ /___________) |       
         \__________||_|        |_|    |_|      \________//____________/        
                                                                                
====================================[ Qcore ]===================================

 Git hash:   b27a5f96910dca04bf09adb1496985de0081c8b6
 Git date:   Tue, 11 May 2021 09:58:05 -0400
 Compiler:   AppleClang 10.0.1.10010046
 Build type: Release
 Version:    1.2.0

 Start time: Mon May 24 15:49:02 2021

 Data directory: /Users/of15641/qcore/cmake-build-release/share/entos/1.2.0/data
 Number of threads: 2
 Number of threads was determined by: number of physical cores

 --------------------------------------------------------------------------------
                                  command: bchla                                 
 --------------------------------------------------------------------------------
 XTB basis setup:                        reference basis
 Number of basis functions:            404
 GFN version:                            gfn1
 Integral screening threshold:           1.00e-10
 Total charge:                           0.000000000
 Number of electrons:                  344.000000000
 Electronic temperature (Kelvin):        0.000000000

 D3BJ energy:                           -0.103405082
 Repulsive energy:                       2.440331396

 ------------------------------------------------
  Running self-consistent charge (SCC) algorithm 
 ------------------------------------------------
 Broyden mixing factor:                  0.40
 Max number of iterations:             128
 Conv. threshold (charge):               1.00e-05
 Conv. threshold (energy):               1.00e-06
 Initial guess:                          SAD

 ---------------------------------------------------------------
                  energy        change          grad        time
 ---------------------------------------------------------------
   0      -201.596831328                    6.42e-01        0.02
   1      -202.218247091     -6.21e-01      3.74e-01        0.02
   2      -202.197032557      2.12e-02      6.14e-02        0.02
   3      -202.222534690     -2.55e-02      1.22e-02        0.02
   4      -202.236871334     -1.43e-02      2.38e-03        0.02
   5      -202.237431274     -5.60e-04      7.11e-04        0.02
   6      -202.237456361     -2.51e-05      1.68e-04        0.02
   7      -202.237457091     -7.30e-07      5.52e-05        0.02
   8      -202.237457227     -1.36e-07      2.44e-05        0.02
   9      -202.237457241     -1.39e-08      1.11e-05        0.02
  10      -202.237457244     -3.59e-09      3.45e-06        0.02
  11      -202.237457245     -2.31e-10      9.74e-07        0.02

 SCF converged in 10 iterations.

 Entropy contribution (-ST):             0.000000000
 Dipole moment (in Debye):              -1.405042       4.191720      -0.977560
 Setting up Delta-SCF
 Ground-Excited state overlap:          -0.000000000
 No correction applied to the TDM.
 Excitation energy:                      0.106508553
 Excitation energy (in eV):              2.898245363
 Transition dipole:                     -3.01236       1.16644       1.64778
 Saving results in set 'frame_1458'

 --------------------------------------------------------------------------------

 End time:                               Mon May 24 15:49:02 2021
 Total wall-clock time:                  0.508 seconds
==================================================================================
