
================================================================================
          _____________ ________ _______________ ________     _________         
         / ___________// ______ \\_____   _____// ______ \   / ________)        
        / /_________  / /      \ \     | |     / /      \ \ | (_______          
       |  __________|| |        | |    | |    | |        | | \________ \        
        \ \_________ | |        | |    | |     \ \______/ /___________) |       
         \__________||_|        |_|    |_|      \________//____________/        
                                                                                
====================================[ Qcore ]===================================

 Git hash:   b27a5f96910dca04bf09adb1496985de0081c8b6
 Git date:   Tue, 11 May 2021 09:58:05 -0400
 Compiler:   AppleClang 10.0.1.10010046
 Build type: Release
 Version:    1.2.0

 Start time: Mon May 24 16:06:10 2021

 Data directory: /Users/of15641/qcore/cmake-build-release/share/entos/1.2.0/data
 Number of threads: 2
 Number of threads was determined by: number of physical cores

 --------------------------------------------------------------------------------
                                  command: bchla                                 
 --------------------------------------------------------------------------------
 XTB basis setup:                        reference basis
 Number of basis functions:            404
 GFN version:                            gfn1
 Integral screening threshold:           1.00e-10
 Total charge:                           0.000000000
 Number of electrons:                  344.000000000
 Electronic temperature (Kelvin):        0.000000000

 D3BJ energy:                           -0.092979411
 Repulsive energy:                       2.433288927

 ------------------------------------------------
  Running self-consistent charge (SCC) algorithm 
 ------------------------------------------------
 Broyden mixing factor:                  0.40
 Max number of iterations:             128
 Conv. threshold (charge):               1.00e-05
 Conv. threshold (energy):               1.00e-06
 Initial guess:                          SAD

 ---------------------------------------------------------------
                  energy        change          grad        time
 ---------------------------------------------------------------
   0      -201.557616100                    6.41e-01        0.04
   1      -202.169782052     -6.12e-01      3.74e-01        0.03
   2      -202.148133322      2.16e-02      6.07e-02        0.04
   3      -202.172360430     -2.42e-02      1.32e-02        0.04
   4      -202.188614566     -1.63e-02      2.65e-03        0.02
   5      -202.189289696     -6.75e-04      6.86e-04        0.03
   6      -202.189311472     -2.18e-05      1.87e-04        0.02
   7      -202.189313008     -1.54e-06      6.40e-05        0.03
   8      -202.189313395     -3.87e-07      2.56e-05        0.02
   9      -202.189313412     -1.69e-08      9.52e-06        0.03
  10      -202.189313413     -7.03e-10      3.05e-06        0.02

 SCF converged in 9 iterations.

 Entropy contribution (-ST):             0.000000000
 Dipole moment (in Debye):              -0.548351       0.529622      -2.487779
 Setting up Delta-SCF
 Ground-Excited state overlap:          -0.000000000
 No correction applied to the TDM.
 Excitation energy:                      0.107002340
 Excitation energy (in eV):              2.911682004
 Transition dipole:                     -1.00107      -0.31653       3.46244
 Saving results in set 'frame_846'

 --------------------------------------------------------------------------------

 End time:                               Mon May 24 16:06:11 2021
 Total wall-clock time:                  0.963 seconds
==================================================================================
