
================================================================================
          _____________ ________ _______________ ________     _________         
         / ___________// ______ \\_____   _____// ______ \   / ________)        
        / /_________  / /      \ \     | |     / /      \ \ | (_______          
       |  __________|| |        | |    | |    | |        | | \________ \        
        \ \_________ | |        | |    | |     \ \______/ /___________) |       
         \__________||_|        |_|    |_|      \________//____________/        
                                                                                
====================================[ Qcore ]===================================

 Git hash:   b27a5f96910dca04bf09adb1496985de0081c8b6
 Git date:   Tue, 11 May 2021 09:58:05 -0400
 Compiler:   AppleClang 10.0.1.10010046
 Build type: Release
 Version:    1.2.0

 Start time: Mon May 24 15:48:45 2021

 Data directory: /Users/of15641/qcore/cmake-build-release/share/entos/1.2.0/data
 Number of threads: 2
 Number of threads was determined by: number of physical cores

 --------------------------------------------------------------------------------
                                  command: bchla                                 
 --------------------------------------------------------------------------------
 XTB basis setup:                        reference basis
 Number of basis functions:            404
 GFN version:                            gfn1
 Integral screening threshold:           1.00e-10
 Total charge:                           0.000000000
 Number of electrons:                  344.000000000
 Electronic temperature (Kelvin):        0.000000000

 D3BJ energy:                           -0.099432501
 Repulsive energy:                       2.515635934

 ------------------------------------------------
  Running self-consistent charge (SCC) algorithm 
 ------------------------------------------------
 Broyden mixing factor:                  0.40
 Max number of iterations:             128
 Conv. threshold (charge):               1.00e-05
 Conv. threshold (energy):               1.00e-06
 Initial guess:                          SAD

 ---------------------------------------------------------------
                  energy        change          grad        time
 ---------------------------------------------------------------
   0      -201.677985636                    6.43e-01        0.06
   1      -202.271934437     -5.94e-01      3.76e-01        0.08
   2      -202.254467221      1.75e-02      5.74e-02        0.03
   3      -202.269879945     -1.54e-02      1.34e-02        0.02
   4      -202.287794927     -1.79e-02      2.31e-03        0.03
   5      -202.288202573     -4.08e-04      6.43e-04        0.03
   6      -202.288219088     -1.65e-05      1.78e-04        0.03
   7      -202.288220731     -1.64e-06      5.97e-05        0.03
   8      -202.288221072     -3.40e-07      2.47e-05        0.03
   9      -202.288221089     -1.68e-08      8.62e-06        0.04
  10      -202.288221089     -4.87e-10      3.06e-06        0.02

 SCF converged in 9 iterations.

 Entropy contribution (-ST):             0.000000000
 Dipole moment (in Debye):              -5.110866       3.766937      -0.390484
 Setting up Delta-SCF
 Ground-Excited state overlap:          -0.000000000
 No correction applied to the TDM.
 Excitation energy:                      0.107243336
 Excitation energy (in eV):              2.918239831
 Transition dipole:                     -2.32884      -0.79934       1.67171
 Saving results in set 'frame_1436'

 --------------------------------------------------------------------------------

 End time:                               Mon May 24 15:48:46 2021
 Total wall-clock time:                  0.835 seconds
==================================================================================
