
================================================================================
          _____________ ________ _______________ ________     _________         
         / ___________// ______ \\_____   _____// ______ \   / ________)        
        / /_________  / /      \ \     | |     / /      \ \ | (_______          
       |  __________|| |        | |    | |    | |        | | \________ \        
        \ \_________ | |        | |    | |     \ \______/ /___________) |       
         \__________||_|        |_|    |_|      \________//____________/        
                                                                                
====================================[ Qcore ]===================================

 Git hash:   b27a5f96910dca04bf09adb1496985de0081c8b6
 Git date:   Tue, 11 May 2021 09:58:05 -0400
 Compiler:   AppleClang 10.0.1.10010046
 Build type: Release
 Version:    1.2.0

 Start time: Mon May 24 16:06:37 2021

 Data directory: /Users/of15641/qcore/cmake-build-release/share/entos/1.2.0/data
 Number of threads: 2
 Number of threads was determined by: number of physical cores

 --------------------------------------------------------------------------------
                                  command: bchla                                 
 --------------------------------------------------------------------------------
 XTB basis setup:                        reference basis
 Number of basis functions:            404
 GFN version:                            gfn1
 Integral screening threshold:           1.00e-10
 Total charge:                           0.000000000
 Number of electrons:                  344.000000000
 Electronic temperature (Kelvin):        0.000000000

 D3BJ energy:                           -0.096034231
 Repulsive energy:                       2.524786943

 ------------------------------------------------
  Running self-consistent charge (SCC) algorithm 
 ------------------------------------------------
 Broyden mixing factor:                  0.40
 Max number of iterations:             128
 Conv. threshold (charge):               1.00e-05
 Conv. threshold (energy):               1.00e-06
 Initial guess:                          SAD

 ---------------------------------------------------------------
                  energy        change          grad        time
 ---------------------------------------------------------------
   0      -201.647234479                    6.43e-01        0.03
   1      -202.250187710     -6.03e-01      3.75e-01        0.02
   2      -202.235716672      1.45e-02      5.84e-02        0.02
   3      -202.253641066     -1.79e-02      1.14e-02        0.02
   4      -202.265929819     -1.23e-02      2.36e-03        0.02
   5      -202.266410770     -4.81e-04      7.00e-04        0.02
   6      -202.266433836     -2.31e-05      1.60e-04        0.02
   7      -202.266434760     -9.24e-07      4.78e-05        0.02
   8      -202.266434921     -1.61e-07      2.05e-05        0.02
   9      -202.266434933     -1.17e-08      8.10e-06        0.02
  10      -202.266434934     -9.08e-10      2.57e-06        0.02

 SCF converged in 9 iterations.

 Entropy contribution (-ST):             0.000000000
 Dipole moment (in Debye):               1.622883      -1.546731      -3.081504
 Setting up Delta-SCF
 Ground-Excited state overlap:          -0.000000000
 No correction applied to the TDM.
 Excitation energy:                      0.110450543
 Excitation energy (in eV):              3.005512378
 Transition dipole:                     -0.21718       1.41971       2.95072
 Saving results in set 'frame_879'

 --------------------------------------------------------------------------------

 End time:                               Mon May 24 16:06:37 2021
 Total wall-clock time:                  0.575 seconds
==================================================================================
