
================================================================================
          _____________ ________ _______________ ________     _________         
         / ___________// ______ \\_____   _____// ______ \   / ________)        
        / /_________  / /      \ \     | |     / /      \ \ | (_______          
       |  __________|| |        | |    | |    | |        | | \________ \        
        \ \_________ | |        | |    | |     \ \______/ /___________) |       
         \__________||_|        |_|    |_|      \________//____________/        
                                                                                
====================================[ Qcore ]===================================

 Git hash:   b27a5f96910dca04bf09adb1496985de0081c8b6
 Git date:   Tue, 11 May 2021 09:58:05 -0400
 Compiler:   AppleClang 10.0.1.10010046
 Build type: Release
 Version:    1.2.0

 Start time: Mon May 24 16:05:32 2021

 Data directory: /Users/of15641/qcore/cmake-build-release/share/entos/1.2.0/data
 Number of threads: 2
 Number of threads was determined by: number of physical cores

 --------------------------------------------------------------------------------
                                  command: bchla                                 
 --------------------------------------------------------------------------------
 XTB basis setup:                        reference basis
 Number of basis functions:            404
 GFN version:                            gfn1
 Integral screening threshold:           1.00e-10
 Total charge:                           0.000000000
 Number of electrons:                  344.000000000
 Electronic temperature (Kelvin):        0.000000000

 D3BJ energy:                           -0.095933682
 Repulsive energy:                       2.527201729

 ------------------------------------------------
  Running self-consistent charge (SCC) algorithm 
 ------------------------------------------------
 Broyden mixing factor:                  0.40
 Max number of iterations:             128
 Conv. threshold (charge):               1.00e-05
 Conv. threshold (energy):               1.00e-06
 Initial guess:                          SAD

 ---------------------------------------------------------------
                  energy        change          grad        time
 ---------------------------------------------------------------
   0      -201.711795202                    6.43e-01        0.02
   1      -202.290348326     -5.79e-01      3.75e-01        0.02
   2      -202.281538393      8.81e-03      5.61e-02        0.02
   3      -202.296016122     -1.45e-02      1.00e-02        0.02
   4      -202.304967571     -8.95e-03      1.89e-03        0.02
   5      -202.305259045     -2.91e-04      5.94e-04        0.02
   6      -202.305273597     -1.46e-05      1.41e-04        0.02
   7      -202.305274164     -5.67e-07      3.11e-05        0.02
   8      -202.305274179     -1.48e-08      1.15e-05        0.02
   9      -202.305274180     -1.36e-09      3.80e-06        0.02
  10      -202.305274180     -5.98e-11      1.45e-06        0.02

 SCF converged in 9 iterations.

 Entropy contribution (-ST):             0.000000000
 Dipole moment (in Debye):               1.726912       3.740127      -4.211079
 Setting up Delta-SCF
 Ground-Excited state overlap:          -0.000000000
 No correction applied to the TDM.
 Excitation energy:                      0.114473139
 Excitation energy (in eV):              3.114972813
 Transition dipole:                     -1.77264       0.49073       2.64688
 Saving results in set 'frame_80'

 --------------------------------------------------------------------------------

 End time:                               Mon May 24 16:05:32 2021
 Total wall-clock time:                  0.580 seconds
==================================================================================
