
================================================================================
          _____________ ________ _______________ ________     _________         
         / ___________// ______ \\_____   _____// ______ \   / ________)        
        / /_________  / /      \ \     | |     / /      \ \ | (_______          
       |  __________|| |        | |    | |    | |        | | \________ \        
        \ \_________ | |        | |    | |     \ \______/ /___________) |       
         \__________||_|        |_|    |_|      \________//____________/        
                                                                                
====================================[ Qcore ]===================================

 Git hash:   b27a5f96910dca04bf09adb1496985de0081c8b6
 Git date:   Tue, 11 May 2021 09:58:05 -0400
 Compiler:   AppleClang 10.0.1.10010046
 Build type: Release
 Version:    1.2.0

 Start time: Mon May 24 15:44:23 2021

 Data directory: /Users/of15641/qcore/cmake-build-release/share/entos/1.2.0/data
 Number of threads: 2
 Number of threads was determined by: number of physical cores

 --------------------------------------------------------------------------------
                                  command: bchla                                 
 --------------------------------------------------------------------------------
 XTB basis setup:                        reference basis
 Number of basis functions:            404
 GFN version:                            gfn1
 Integral screening threshold:           1.00e-10
 Total charge:                           0.000000000
 Number of electrons:                  344.000000000
 Electronic temperature (Kelvin):        0.000000000

 D3BJ energy:                           -0.094472083
 Repulsive energy:                       2.537591750

 ------------------------------------------------
  Running self-consistent charge (SCC) algorithm 
 ------------------------------------------------
 Broyden mixing factor:                  0.40
 Max number of iterations:             128
 Conv. threshold (charge):               1.00e-05
 Conv. threshold (energy):               1.00e-06
 Initial guess:                          SAD

 ---------------------------------------------------------------
                  energy        change          grad        time
 ---------------------------------------------------------------
   0      -201.653030316                    6.43e-01        0.02
   1      -202.262287515     -6.09e-01      3.75e-01        0.02
   2      -202.242880785      1.94e-02      5.91e-02        0.02
   3      -202.266876666     -2.40e-02      1.16e-02        0.02
   4      -202.280400039     -1.35e-02      2.02e-03        0.02
   5      -202.280729225     -3.29e-04      6.80e-04        0.02
   6      -202.280749871     -2.06e-05      1.58e-04        0.02
   7      -202.280750663     -7.92e-07      6.18e-05        0.02
   8      -202.280750906     -2.42e-07      2.46e-05        0.02
   9      -202.280750915     -9.06e-09      1.07e-05        0.02
  10      -202.280750916     -1.84e-09      2.71e-06        0.02
  11      -202.280750917     -1.10e-10      8.42e-07        0.02

 SCF converged in 10 iterations.

 Entropy contribution (-ST):             0.000000000
 Dipole moment (in Debye):               0.492726      -0.092342      -3.321909
 Setting up Delta-SCF
 Ground-Excited state overlap:          -0.000000000
 No correction applied to the TDM.
 Excitation energy:                      0.109112222
 Excitation energy (in eV):              2.969094816
 Transition dipole:                      2.16160       0.45428       2.32946
 Saving results in set 'frame_1044'

 --------------------------------------------------------------------------------

 End time:                               Mon May 24 15:44:23 2021
 Total wall-clock time:                  0.497 seconds
==================================================================================
