
================================================================================
          _____________ ________ _______________ ________     _________         
         / ___________// ______ \\_____   _____// ______ \   / ________)        
        / /_________  / /      \ \     | |     / /      \ \ | (_______          
       |  __________|| |        | |    | |    | |        | | \________ \        
        \ \_________ | |        | |    | |     \ \______/ /___________) |       
         \__________||_|        |_|    |_|      \________//____________/        
                                                                                
====================================[ Qcore ]===================================

 Git hash:   b27a5f96910dca04bf09adb1496985de0081c8b6
 Git date:   Tue, 11 May 2021 09:58:05 -0400
 Compiler:   AppleClang 10.0.1.10010046
 Build type: Release
 Version:    1.2.0

 Start time: Mon May 24 16:02:54 2021

 Data directory: /Users/of15641/qcore/cmake-build-release/share/entos/1.2.0/data
 Number of threads: 2
 Number of threads was determined by: number of physical cores

 --------------------------------------------------------------------------------
                                  command: bchla                                 
 --------------------------------------------------------------------------------
 XTB basis setup:                        reference basis
 Number of basis functions:            404
 GFN version:                            gfn1
 Integral screening threshold:           1.00e-10
 Total charge:                           0.000000000
 Number of electrons:                  344.000000000
 Electronic temperature (Kelvin):        0.000000000

 D3BJ energy:                           -0.096755229
 Repulsive energy:                       2.538307449

 ------------------------------------------------
  Running self-consistent charge (SCC) algorithm 
 ------------------------------------------------
 Broyden mixing factor:                  0.40
 Max number of iterations:             128
 Conv. threshold (charge):               1.00e-05
 Conv. threshold (energy):               1.00e-06
 Initial guess:                          SAD

 ---------------------------------------------------------------
                  energy        change          grad        time
 ---------------------------------------------------------------
   0      -201.675724496                    6.43e-01        0.03
   1      -202.267848042     -5.92e-01      3.75e-01        0.02
   2      -202.257927084      9.92e-03      5.83e-02        0.02
   3      -202.277114916     -1.92e-02      9.93e-03        0.02
   4      -202.284042870     -6.93e-03      2.58e-03        0.02
   5      -202.284621526     -5.79e-04      7.58e-04        0.02
   6      -202.284653977     -3.25e-05      1.77e-04        0.02
   7      -202.284655104     -1.13e-06      5.04e-05        0.02
   8      -202.284655303     -1.99e-07      1.88e-05        0.02
   9      -202.284655316     -1.26e-08      7.02e-06        0.02
  10      -202.284655316     -7.91e-10      2.62e-06        0.02

 SCF converged in 9 iterations.

 Entropy contribution (-ST):             0.000000000
 Dipole moment (in Debye):               2.268406       2.940254      -3.726403
 Setting up Delta-SCF
 Ground-Excited state overlap:          -0.000000000
 No correction applied to the TDM.
 Excitation energy:                      0.109311656
 Excitation energy (in eV):              2.974521687
 Transition dipole:                      1.26151      -1.17274      -2.66256
 Saving results in set 'frame_64'

 --------------------------------------------------------------------------------

 End time:                               Mon May 24 16:02:55 2021
 Total wall-clock time:                  0.611 seconds
==================================================================================
