
================================================================================
          _____________ ________ _______________ ________     _________         
         / ___________// ______ \\_____   _____// ______ \   / ________)        
        / /_________  / /      \ \     | |     / /      \ \ | (_______          
       |  __________|| |        | |    | |    | |        | | \________ \        
        \ \_________ | |        | |    | |     \ \______/ /___________) |       
         \__________||_|        |_|    |_|      \________//____________/        
                                                                                
====================================[ Qcore ]===================================

 Git hash:   b27a5f96910dca04bf09adb1496985de0081c8b6
 Git date:   Tue, 11 May 2021 09:58:05 -0400
 Compiler:   AppleClang 10.0.1.10010046
 Build type: Release
 Version:    1.2.0

 Start time: Mon May 24 15:51:31 2021

 Data directory: /Users/of15641/qcore/cmake-build-release/share/entos/1.2.0/data
 Number of threads: 2
 Number of threads was determined by: number of physical cores

 --------------------------------------------------------------------------------
                                  command: bchla                                 
 --------------------------------------------------------------------------------
 XTB basis setup:                        reference basis
 Number of basis functions:            404
 GFN version:                            gfn1
 Integral screening threshold:           1.00e-10
 Total charge:                           0.000000000
 Number of electrons:                  344.000000000
 Electronic temperature (Kelvin):        0.000000000

 D3BJ energy:                           -0.100107130
 Repulsive energy:                       2.577691543

 ------------------------------------------------
  Running self-consistent charge (SCC) algorithm 
 ------------------------------------------------
 Broyden mixing factor:                  0.40
 Max number of iterations:             128
 Conv. threshold (charge):               1.00e-05
 Conv. threshold (energy):               1.00e-06
 Initial guess:                          SAD

 ---------------------------------------------------------------
                  energy        change          grad        time
 ---------------------------------------------------------------
   0      -201.596418842                    6.43e-01        0.03
   1      -202.214322881     -6.18e-01      3.75e-01        0.03
   2      -202.191097454      2.32e-02      6.11e-02        0.02
   3      -202.213125937     -2.20e-02      1.35e-02        0.02
   4      -202.231674235     -1.85e-02      2.44e-03        0.03
   5      -202.232211470     -5.37e-04      6.79e-04        0.03
   6      -202.232229339     -1.79e-05      1.55e-04        0.02
   7      -202.232230025     -6.86e-07      4.32e-05        0.02
   8      -202.232230076     -5.10e-08      2.04e-05        0.02
   9      -202.232230086     -9.41e-09      8.75e-06        0.02
  10      -202.232230088     -2.09e-09      3.31e-06        0.03

 SCF converged in 9 iterations.

 Entropy contribution (-ST):             0.000000000
 Dipole moment (in Debye):               4.178554       1.389038      -0.062082
 Setting up Delta-SCF
 Ground-Excited state overlap:           0.000000000
 No correction applied to the TDM.
 Excitation energy:                      0.107827297
 Excitation energy (in eV):              2.934130237
 Transition dipole:                     -3.46724       1.31645      -0.14196
 Saving results in set 'frame_164'

 --------------------------------------------------------------------------------

 End time:                               Mon May 24 15:51:32 2021
 Total wall-clock time:                  0.668 seconds
==================================================================================
