
================================================================================
          _____________ ________ _______________ ________     _________         
         / ___________// ______ \\_____   _____// ______ \   / ________)        
        / /_________  / /      \ \     | |     / /      \ \ | (_______          
       |  __________|| |        | |    | |    | |        | | \________ \        
        \ \_________ | |        | |    | |     \ \______/ /___________) |       
         \__________||_|        |_|    |_|      \________//____________/        
                                                                                
====================================[ Qcore ]===================================

 Git hash:   b27a5f96910dca04bf09adb1496985de0081c8b6
 Git date:   Tue, 11 May 2021 09:58:05 -0400
 Compiler:   AppleClang 10.0.1.10010046
 Build type: Release
 Version:    1.2.0

 Start time: Mon May 24 16:07:43 2021

 Data directory: /Users/of15641/qcore/cmake-build-release/share/entos/1.2.0/data
 Number of threads: 2
 Number of threads was determined by: number of physical cores

 --------------------------------------------------------------------------------
                                  command: bchla                                 
 --------------------------------------------------------------------------------
 XTB basis setup:                        reference basis
 Number of basis functions:            404
 GFN version:                            gfn1
 Integral screening threshold:           1.00e-10
 Total charge:                           0.000000000
 Number of electrons:                  344.000000000
 Electronic temperature (Kelvin):        0.000000000

 D3BJ energy:                           -0.098251350
 Repulsive energy:                       2.570791674

 ------------------------------------------------
  Running self-consistent charge (SCC) algorithm 
 ------------------------------------------------
 Broyden mixing factor:                  0.40
 Max number of iterations:             128
 Conv. threshold (charge):               1.00e-05
 Conv. threshold (energy):               1.00e-06
 Initial guess:                          SAD

 ---------------------------------------------------------------
                  energy        change          grad        time
 ---------------------------------------------------------------
   0      -201.729304157                    6.44e-01        0.02
   1      -202.316390884     -5.87e-01      3.76e-01        0.02
   2      -202.294231038      2.22e-02      5.79e-02        0.02
   3      -202.315041091     -2.08e-02      1.41e-02        0.02
   4      -202.334493244     -1.95e-02      2.24e-03        0.02
   5      -202.334897695     -4.04e-04      6.40e-04        0.02
   6      -202.334914237     -1.65e-05      1.64e-04        0.02
   7      -202.334915063     -8.25e-07      5.52e-05        0.02
   8      -202.334915292     -2.29e-07      2.25e-05        0.02
   9      -202.334915305     -1.33e-08      8.64e-06        0.02
  10      -202.334915306     -7.27e-10      2.85e-06        0.02

 SCF converged in 9 iterations.

 Entropy contribution (-ST):             0.000000000
 Dipole moment (in Debye):              -2.577602       0.214835      -4.838951
 Setting up Delta-SCF
 Ground-Excited state overlap:          -0.000000000
 No correction applied to the TDM.
 Excitation energy:                      0.109770743
 Excitation energy (in eV):              2.987014095
 Transition dipole:                     -1.88694      -0.81938       1.69173
 Saving results in set 'frame_970'

 --------------------------------------------------------------------------------

 End time:                               Mon May 24 16:07:44 2021
 Total wall-clock time:                  0.575 seconds
==================================================================================
