
================================================================================
          _____________ ________ _______________ ________     _________         
         / ___________// ______ \\_____   _____// ______ \   / ________)        
        / /_________  / /      \ \     | |     / /      \ \ | (_______          
       |  __________|| |        | |    | |    | |        | | \________ \        
        \ \_________ | |        | |    | |     \ \______/ /___________) |       
         \__________||_|        |_|    |_|      \________//____________/        
                                                                                
====================================[ Qcore ]===================================

 Git hash:   b27a5f96910dca04bf09adb1496985de0081c8b6
 Git date:   Tue, 11 May 2021 09:58:05 -0400
 Compiler:   AppleClang 10.0.1.10010046
 Build type: Release
 Version:    1.2.0

 Start time: Mon May 24 16:02:43 2021

 Data directory: /Users/of15641/qcore/cmake-build-release/share/entos/1.2.0/data
 Number of threads: 2
 Number of threads was determined by: number of physical cores

 --------------------------------------------------------------------------------
                                  command: bchla                                 
 --------------------------------------------------------------------------------
 XTB basis setup:                        reference basis
 Number of basis functions:            404
 GFN version:                            gfn1
 Integral screening threshold:           1.00e-10
 Total charge:                           0.000000000
 Number of electrons:                  344.000000000
 Electronic temperature (Kelvin):        0.000000000

 D3BJ energy:                           -0.092996980
 Repulsive energy:                       2.527615514

 ------------------------------------------------
  Running self-consistent charge (SCC) algorithm 
 ------------------------------------------------
 Broyden mixing factor:                  0.40
 Max number of iterations:             128
 Conv. threshold (charge):               1.00e-05
 Conv. threshold (energy):               1.00e-06
 Initial guess:                          SAD

 ---------------------------------------------------------------
                  energy        change          grad        time
 ---------------------------------------------------------------
   0      -201.650749452                    6.43e-01        0.03
   1      -202.250948244     -6.00e-01      3.75e-01        0.02
   2      -202.231937219      1.90e-02      5.86e-02        0.02
   3      -202.251651068     -1.97e-02      1.26e-02        0.02
   4      -202.268213639     -1.66e-02      2.17e-03        0.02
   5      -202.268617875     -4.04e-04      6.57e-04        0.02
   6      -202.268637172     -1.93e-05      1.48e-04        0.02
   7      -202.268637844     -6.72e-07      4.72e-05        0.02
   8      -202.268637930     -8.63e-08      2.31e-05        0.02
   9      -202.268637941     -1.09e-08      9.13e-06        0.02
  10      -202.268637943     -1.83e-09      2.65e-06        0.03

 SCF converged in 9 iterations.

 Entropy contribution (-ST):             0.000000000
 Dipole moment (in Debye):              -0.714942      -1.360600      -4.455633
 Setting up Delta-SCF
 Ground-Excited state overlap:          -0.000000000
 No correction applied to the TDM.
 Excitation energy:                      0.110588262
 Excitation energy (in eV):              3.009259918
 Transition dipole:                      0.25879       1.04901      -3.42656
 Saving results in set 'frame_625'

 --------------------------------------------------------------------------------

 End time:                               Mon May 24 16:02:44 2021
 Total wall-clock time:                  0.618 seconds
==================================================================================
