
================================================================================
          _____________ ________ _______________ ________     _________         
         / ___________// ______ \\_____   _____// ______ \   / ________)        
        / /_________  / /      \ \     | |     / /      \ \ | (_______          
       |  __________|| |        | |    | |    | |        | | \________ \        
        \ \_________ | |        | |    | |     \ \______/ /___________) |       
         \__________||_|        |_|    |_|      \________//____________/        
                                                                                
====================================[ Qcore ]===================================

 Git hash:   b27a5f96910dca04bf09adb1496985de0081c8b6
 Git date:   Tue, 11 May 2021 09:58:05 -0400
 Compiler:   AppleClang 10.0.1.10010046
 Build type: Release
 Version:    1.2.0

 Start time: Mon May 24 16:07:19 2021

 Data directory: /Users/of15641/qcore/cmake-build-release/share/entos/1.2.0/data
 Number of threads: 2
 Number of threads was determined by: number of physical cores

 --------------------------------------------------------------------------------
                                  command: bchla                                 
 --------------------------------------------------------------------------------
 XTB basis setup:                        reference basis
 Number of basis functions:            404
 GFN version:                            gfn1
 Integral screening threshold:           1.00e-10
 Total charge:                           0.000000000
 Number of electrons:                  344.000000000
 Electronic temperature (Kelvin):        0.000000000

 D3BJ energy:                           -0.097466082
 Repulsive energy:                       2.480319296

 ------------------------------------------------
  Running self-consistent charge (SCC) algorithm 
 ------------------------------------------------
 Broyden mixing factor:                  0.40
 Max number of iterations:             128
 Conv. threshold (charge):               1.00e-05
 Conv. threshold (energy):               1.00e-06
 Initial guess:                          SAD

 ---------------------------------------------------------------
                  energy        change          grad        time
 ---------------------------------------------------------------
   0      -201.676510581                    6.41e-01        0.02
   1      -202.252097398     -5.76e-01      3.74e-01        0.02
   2      -202.239032023      1.31e-02      5.68e-02        0.02
   3      -202.258433443     -1.94e-02      1.05e-02        0.02
   4      -202.268451710     -1.00e-02      2.36e-03        0.02
   5      -202.268942105     -4.90e-04      6.47e-04        0.02
   6      -202.268960623     -1.85e-05      1.52e-04        0.02
   7      -202.268961381     -7.57e-07      4.19e-05        0.02
   8      -202.268961478     -9.79e-08      1.73e-05        0.02
   9      -202.268961489     -1.03e-08      6.73e-06        0.02
  10      -202.268961490     -1.15e-09      2.46e-06        0.02

 SCF converged in 9 iterations.

 Entropy contribution (-ST):             0.000000000
 Dipole moment (in Debye):               0.927113      -0.239627      -5.267677
 Setting up Delta-SCF
 Ground-Excited state overlap:           0.000000000
 No correction applied to the TDM.
 Excitation energy:                      0.111350624
 Excitation energy (in eV):              3.030004838
 Transition dipole:                     -0.44515       0.26857      -3.59033
 Saving results in set 'frame_936'

 --------------------------------------------------------------------------------

 End time:                               Mon May 24 16:07:19 2021
 Total wall-clock time:                  0.576 seconds
==================================================================================
