
================================================================================
          _____________ ________ _______________ ________     _________         
         / ___________// ______ \\_____   _____// ______ \   / ________)        
        / /_________  / /      \ \     | |     / /      \ \ | (_______          
       |  __________|| |        | |    | |    | |        | | \________ \        
        \ \_________ | |        | |    | |     \ \______/ /___________) |       
         \__________||_|        |_|    |_|      \________//____________/        
                                                                                
====================================[ Qcore ]===================================

 Git hash:   b27a5f96910dca04bf09adb1496985de0081c8b6
 Git date:   Tue, 11 May 2021 09:58:05 -0400
 Compiler:   AppleClang 10.0.1.10010046
 Build type: Release
 Version:    1.2.0

 Start time: Mon May 24 15:46:45 2021

 Data directory: /Users/of15641/qcore/cmake-build-release/share/entos/1.2.0/data
 Number of threads: 2
 Number of threads was determined by: number of physical cores

 --------------------------------------------------------------------------------
                                  command: bchla                                 
 --------------------------------------------------------------------------------
 XTB basis setup:                        reference basis
 Number of basis functions:            404
 GFN version:                            gfn1
 Integral screening threshold:           1.00e-10
 Total charge:                           0.000000000
 Number of electrons:                  344.000000000
 Electronic temperature (Kelvin):        0.000000000

 D3BJ energy:                           -0.100926524
 Repulsive energy:                       2.502515513

 ------------------------------------------------
  Running self-consistent charge (SCC) algorithm 
 ------------------------------------------------
 Broyden mixing factor:                  0.40
 Max number of iterations:             128
 Conv. threshold (charge):               1.00e-05
 Conv. threshold (energy):               1.00e-06
 Initial guess:                          SAD

 ---------------------------------------------------------------
                  energy        change          grad        time
 ---------------------------------------------------------------
   0      -201.691555440                    6.43e-01        0.02
   1      -202.291190064     -6.00e-01      3.75e-01        0.02
   2      -202.276702881      1.45e-02      5.80e-02        0.02
   3      -202.296163290     -1.95e-02      1.10e-02        0.02
   4      -202.307828476     -1.17e-02      2.18e-03        0.02
   5      -202.308233313     -4.05e-04      6.63e-04        0.02
   6      -202.308253874     -2.06e-05      1.62e-04        0.02
   7      -202.308255134     -1.26e-06      5.85e-05        0.02
   8      -202.308255502     -3.68e-07      1.85e-05        0.02
   9      -202.308255509     -7.13e-09      6.93e-06        0.02
  10      -202.308255510     -3.05e-10      2.24e-06        0.02

 SCF converged in 9 iterations.

 Entropy contribution (-ST):             0.000000000
 Dipole moment (in Debye):              -0.220814       4.264318      -2.015564
 Setting up Delta-SCF
 Ground-Excited state overlap:          -0.000000000
 No correction applied to the TDM.
 Excitation energy:                      0.109358254
 Excitation energy (in eV):              2.975789687
 Transition dipole:                      2.41681      -2.27839       0.98792
 Saving results in set 'frame_1252'

 --------------------------------------------------------------------------------

 End time:                               Mon May 24 15:46:45 2021
 Total wall-clock time:                  0.486 seconds
==================================================================================
