
================================================================================
          _____________ ________ _______________ ________     _________         
         / ___________// ______ \\_____   _____// ______ \   / ________)        
        / /_________  / /      \ \     | |     / /      \ \ | (_______          
       |  __________|| |        | |    | |    | |        | | \________ \        
        \ \_________ | |        | |    | |     \ \______/ /___________) |       
         \__________||_|        |_|    |_|      \________//____________/        
                                                                                
====================================[ Qcore ]===================================

 Git hash:   b27a5f96910dca04bf09adb1496985de0081c8b6
 Git date:   Tue, 11 May 2021 09:58:05 -0400
 Compiler:   AppleClang 10.0.1.10010046
 Build type: Release
 Version:    1.2.0

 Start time: Mon May 24 16:05:49 2021

 Data directory: /Users/of15641/qcore/cmake-build-release/share/entos/1.2.0/data
 Number of threads: 2
 Number of threads was determined by: number of physical cores

 --------------------------------------------------------------------------------
                                  command: bchla                                 
 --------------------------------------------------------------------------------
 XTB basis setup:                        reference basis
 Number of basis functions:            404
 GFN version:                            gfn1
 Integral screening threshold:           1.00e-10
 Total charge:                           0.000000000
 Number of electrons:                  344.000000000
 Electronic temperature (Kelvin):        0.000000000

 D3BJ energy:                           -0.094740175
 Repulsive energy:                       2.536998339

 ------------------------------------------------
  Running self-consistent charge (SCC) algorithm 
 ------------------------------------------------
 Broyden mixing factor:                  0.40
 Max number of iterations:             128
 Conv. threshold (charge):               1.00e-05
 Conv. threshold (energy):               1.00e-06
 Initial guess:                          SAD

 ---------------------------------------------------------------
                  energy        change          grad        time
 ---------------------------------------------------------------
   0      -201.698943680                    6.43e-01        0.03
   1      -202.311065788     -6.12e-01      3.75e-01        0.02
   2      -202.297422764      1.36e-02      6.00e-02        0.02
   3      -202.319215733     -2.18e-02      1.02e-02        0.02
   4      -202.327865472     -8.65e-03      2.26e-03        0.02
   5      -202.328327392     -4.62e-04      6.96e-04        0.02
   6      -202.328353887     -2.65e-05      1.64e-04        0.02
   7      -202.328354932     -1.05e-06      5.14e-05        0.02
   8      -202.328355095     -1.63e-07      2.10e-05        0.02
   9      -202.328355109     -1.40e-08      8.64e-06        0.02
  10      -202.328355111     -1.75e-09      2.57e-06        0.02

 SCF converged in 9 iterations.

 Entropy contribution (-ST):             0.000000000
 Dipole moment (in Debye):               0.691610       1.392369      -3.377179
 Setting up Delta-SCF
 Ground-Excited state overlap:          -0.000000000
 No correction applied to the TDM.
 Excitation energy:                      0.108232376
 Excitation energy (in eV):              2.945152984
 Transition dipole:                     -1.87410       0.20103       3.15641
 Saving results in set 'frame_823'

 --------------------------------------------------------------------------------

 End time:                               Mon May 24 16:05:50 2021
 Total wall-clock time:                  0.623 seconds
==================================================================================
