
================================================================================
          _____________ ________ _______________ ________     _________         
         / ___________// ______ \\_____   _____// ______ \   / ________)        
        / /_________  / /      \ \     | |     / /      \ \ | (_______          
       |  __________|| |        | |    | |    | |        | | \________ \        
        \ \_________ | |        | |    | |     \ \______/ /___________) |       
         \__________||_|        |_|    |_|      \________//____________/        
                                                                                
====================================[ Qcore ]===================================

 Git hash:   b27a5f96910dca04bf09adb1496985de0081c8b6
 Git date:   Tue, 11 May 2021 09:58:05 -0400
 Compiler:   AppleClang 10.0.1.10010046
 Build type: Release
 Version:    1.2.0

 Start time: Mon May 24 15:49:25 2021

 Data directory: /Users/of15641/qcore/cmake-build-release/share/entos/1.2.0/data
 Number of threads: 2
 Number of threads was determined by: number of physical cores

 --------------------------------------------------------------------------------
                                  command: bchla                                 
 --------------------------------------------------------------------------------
 XTB basis setup:                        reference basis
 Number of basis functions:            404
 GFN version:                            gfn1
 Integral screening threshold:           1.00e-10
 Total charge:                           0.000000000
 Number of electrons:                  344.000000000
 Electronic temperature (Kelvin):        0.000000000

 D3BJ energy:                           -0.103337076
 Repulsive energy:                       2.497663271

 ------------------------------------------------
  Running self-consistent charge (SCC) algorithm 
 ------------------------------------------------
 Broyden mixing factor:                  0.40
 Max number of iterations:             128
 Conv. threshold (charge):               1.00e-05
 Conv. threshold (energy):               1.00e-06
 Initial guess:                          SAD

 ---------------------------------------------------------------
                  energy        change          grad        time
 ---------------------------------------------------------------
   0      -201.720081512                    6.41e-01        0.02
   1      -202.287684448     -5.68e-01      3.74e-01        0.02
   2      -202.263763078      2.39e-02      5.68e-02        0.02
   3      -202.285312225     -2.15e-02      1.40e-02        0.02
   4      -202.305465414     -2.02e-02      2.35e-03        0.02
   5      -202.305913655     -4.48e-04      6.14e-04        0.02
   6      -202.305928936     -1.53e-05      1.85e-04        0.02
   7      -202.305930432     -1.50e-06      6.00e-05        0.02
   8      -202.305930782     -3.50e-07      2.20e-05        0.02
   9      -202.305930797     -1.44e-08      8.71e-06        0.02
  10      -202.305930797     -4.34e-10      2.80e-06        0.02

 SCF converged in 9 iterations.

 Entropy contribution (-ST):             0.000000000
 Dipole moment (in Debye):              -3.443359       3.919151      -0.966358
 Setting up Delta-SCF
 Ground-Excited state overlap:          -0.000000000
 No correction applied to the TDM.
 Excitation energy:                      0.109375386
 Excitation energy (in eV):              2.976255862
 Transition dipole:                      2.36828      -2.52036      -1.03640
 Saving results in set 'frame_1488'

 --------------------------------------------------------------------------------

 End time:                               Mon May 24 15:49:26 2021
 Total wall-clock time:                  0.536 seconds
==================================================================================
