
================================================================================
          _____________ ________ _______________ ________     _________         
         / ___________// ______ \\_____   _____// ______ \   / ________)        
        / /_________  / /      \ \     | |     / /      \ \ | (_______          
       |  __________|| |        | |    | |    | |        | | \________ \        
        \ \_________ | |        | |    | |     \ \______/ /___________) |       
         \__________||_|        |_|    |_|      \________//____________/        
                                                                                
====================================[ Qcore ]===================================

 Git hash:   b27a5f96910dca04bf09adb1496985de0081c8b6
 Git date:   Tue, 11 May 2021 09:58:05 -0400
 Compiler:   AppleClang 10.0.1.10010046
 Build type: Release
 Version:    1.2.0

 Start time: Mon May 24 16:07:50 2021

 Data directory: /Users/of15641/qcore/cmake-build-release/share/entos/1.2.0/data
 Number of threads: 2
 Number of threads was determined by: number of physical cores

 --------------------------------------------------------------------------------
                                  command: bchla                                 
 --------------------------------------------------------------------------------
 XTB basis setup:                        reference basis
 Number of basis functions:            404
 GFN version:                            gfn1
 Integral screening threshold:           1.00e-10
 Total charge:                           0.000000000
 Number of electrons:                  344.000000000
 Electronic temperature (Kelvin):        0.000000000

 D3BJ energy:                           -0.097012237
 Repulsive energy:                       2.418259870

 ------------------------------------------------
  Running self-consistent charge (SCC) algorithm 
 ------------------------------------------------
 Broyden mixing factor:                  0.40
 Max number of iterations:             128
 Conv. threshold (charge):               1.00e-05
 Conv. threshold (energy):               1.00e-06
 Initial guess:                          SAD

 ---------------------------------------------------------------
                  energy        change          grad        time
 ---------------------------------------------------------------
   0      -201.568753155                    6.41e-01        0.02
   1      -202.185217092     -6.16e-01      3.74e-01        0.02
   2      -202.172697941      1.25e-02      6.00e-02        0.02
   3      -202.189610793     -1.69e-02      1.17e-02        0.02
   4      -202.200608600     -1.10e-02      2.86e-03        0.02
   5      -202.201273457     -6.65e-04      7.47e-04        0.02
   6      -202.201298242     -2.48e-05      2.00e-04        0.02
   7      -202.201299571     -1.33e-06      5.63e-05        0.02
   8      -202.201299792     -2.20e-07      2.11e-05        0.02
   9      -202.201299809     -1.71e-08      8.53e-06        0.02
  10      -202.201299810     -9.73e-10      3.08e-06        0.02

 SCF converged in 9 iterations.

 Entropy contribution (-ST):             0.000000000
 Dipole moment (in Debye):              -1.736673      -0.081172      -4.454900
 Setting up Delta-SCF
 Ground-Excited state overlap:           0.000000000
 No correction applied to the TDM.
 Excitation energy:                      0.106251181
 Excitation energy (in eV):              2.891241935
 Transition dipole:                      2.88239       0.86306       1.73569
 Saving results in set 'frame_980'

 --------------------------------------------------------------------------------

 End time:                               Mon May 24 16:07:51 2021
 Total wall-clock time:                  0.549 seconds
==================================================================================
