
================================================================================
          _____________ ________ _______________ ________     _________         
         / ___________// ______ \\_____   _____// ______ \   / ________)        
        / /_________  / /      \ \     | |     / /      \ \ | (_______          
       |  __________|| |        | |    | |    | |        | | \________ \        
        \ \_________ | |        | |    | |     \ \______/ /___________) |       
         \__________||_|        |_|    |_|      \________//____________/        
                                                                                
====================================[ Qcore ]===================================

 Git hash:   b27a5f96910dca04bf09adb1496985de0081c8b6
 Git date:   Tue, 11 May 2021 09:58:05 -0400
 Compiler:   AppleClang 10.0.1.10010046
 Build type: Release
 Version:    1.2.0

 Start time: Mon May 24 15:46:40 2021

 Data directory: /Users/of15641/qcore/cmake-build-release/share/entos/1.2.0/data
 Number of threads: 2
 Number of threads was determined by: number of physical cores

 --------------------------------------------------------------------------------
                                  command: bchla                                 
 --------------------------------------------------------------------------------
 XTB basis setup:                        reference basis
 Number of basis functions:            404
 GFN version:                            gfn1
 Integral screening threshold:           1.00e-10
 Total charge:                           0.000000000
 Number of electrons:                  344.000000000
 Electronic temperature (Kelvin):        0.000000000

 D3BJ energy:                           -0.097537594
 Repulsive energy:                       2.493813624

 ------------------------------------------------
  Running self-consistent charge (SCC) algorithm 
 ------------------------------------------------
 Broyden mixing factor:                  0.40
 Max number of iterations:             128
 Conv. threshold (charge):               1.00e-05
 Conv. threshold (energy):               1.00e-06
 Initial guess:                          SAD

 ---------------------------------------------------------------
                  energy        change          grad        time
 ---------------------------------------------------------------
   0      -201.640108370                    6.42e-01        0.02
   1      -202.251551050     -6.11e-01      3.75e-01        0.02
   2      -202.231124779      2.04e-02      6.06e-02        0.02
   3      -202.256322684     -2.52e-02      1.25e-02        0.02
   4      -202.269867837     -1.35e-02      2.37e-03        0.02
   5      -202.270364573     -4.97e-04      6.56e-04        0.02
   6      -202.270383523     -1.90e-05      1.59e-04        0.02
   7      -202.270384511     -9.88e-07      4.46e-05        0.02
   8      -202.270384649     -1.38e-07      1.96e-05        0.02
   9      -202.270384661     -1.15e-08      7.64e-06        0.02
  10      -202.270384661     -5.07e-10      2.52e-06        0.02

 SCF converged in 9 iterations.

 Entropy contribution (-ST):             0.000000000
 Dipole moment (in Debye):              -1.950665       4.909712      -1.085753
 Setting up Delta-SCF
 Ground-Excited state overlap:          -0.000000000
 No correction applied to the TDM.
 Excitation energy:                      0.111736761
 Excitation energy (in eV):              3.040512156
 Transition dipole:                     -1.97057       2.67103      -0.90378
 Saving results in set 'frame_1244'

 --------------------------------------------------------------------------------

 End time:                               Mon May 24 15:46:40 2021
 Total wall-clock time:                  0.507 seconds
==================================================================================
