
================================================================================
          _____________ ________ _______________ ________     _________         
         / ___________// ______ \\_____   _____// ______ \   / ________)        
        / /_________  / /      \ \     | |     / /      \ \ | (_______          
       |  __________|| |        | |    | |    | |        | | \________ \        
        \ \_________ | |        | |    | |     \ \______/ /___________) |       
         \__________||_|        |_|    |_|      \________//____________/        
                                                                                
====================================[ Qcore ]===================================

 Git hash:   b27a5f96910dca04bf09adb1496985de0081c8b6
 Git date:   Tue, 11 May 2021 09:58:05 -0400
 Compiler:   AppleClang 10.0.1.10010046
 Build type: Release
 Version:    1.2.0

 Start time: Mon May 24 15:51:44 2021

 Data directory: /Users/of15641/qcore/cmake-build-release/share/entos/1.2.0/data
 Number of threads: 2
 Number of threads was determined by: number of physical cores

 --------------------------------------------------------------------------------
                                  command: bchla                                 
 --------------------------------------------------------------------------------
 XTB basis setup:                        reference basis
 Number of basis functions:            404
 GFN version:                            gfn1
 Integral screening threshold:           1.00e-10
 Total charge:                           0.000000000
 Number of electrons:                  344.000000000
 Electronic temperature (Kelvin):        0.000000000

 D3BJ energy:                           -0.098826577
 Repulsive energy:                       2.507252590

 ------------------------------------------------
  Running self-consistent charge (SCC) algorithm 
 ------------------------------------------------
 Broyden mixing factor:                  0.40
 Max number of iterations:             128
 Conv. threshold (charge):               1.00e-05
 Conv. threshold (energy):               1.00e-06
 Initial guess:                          SAD

 ---------------------------------------------------------------
                  energy        change          grad        time
 ---------------------------------------------------------------
   0      -201.683619598                    6.43e-01        0.03
   1      -202.276364537     -5.93e-01      3.75e-01        0.03
   2      -202.239294040      3.71e-02      5.94e-02        0.02
   3      -202.268344553     -2.91e-02      1.64e-02        0.02
   4      -202.297088683     -2.87e-02      2.03e-03        0.03
   5      -202.297356046     -2.67e-04      6.13e-04        0.03
   6      -202.297366573     -1.05e-05      1.51e-04        0.02
   7      -202.297367453     -8.80e-07      5.45e-05        0.02
   8      -202.297367636     -1.83e-07      2.67e-05        0.03
   9      -202.297367652     -1.66e-08      1.03e-05        0.02
  10      -202.297367653     -7.95e-10      2.73e-06        0.03
  11      -202.297367653     -9.52e-11      8.02e-07        0.02

 SCF converged in 10 iterations.

 Entropy contribution (-ST):             0.000000000
 Dipole moment (in Debye):              -1.449230       3.939148       3.778795
 Setting up Delta-SCF
 Ground-Excited state overlap:          -0.000000000
 No correction applied to the TDM.
 Excitation energy:                      0.114899550
 Excitation energy (in eV):              3.126576046
 Transition dipole:                      0.51280      -1.95483      -2.83513
 Saving results in set 'frame_1656'

 --------------------------------------------------------------------------------

 End time:                               Mon May 24 15:51:45 2021
 Total wall-clock time:                  0.675 seconds
==================================================================================
