
================================================================================
          _____________ ________ _______________ ________     _________         
         / ___________// ______ \\_____   _____// ______ \   / ________)        
        / /_________  / /      \ \     | |     / /      \ \ | (_______          
       |  __________|| |        | |    | |    | |        | | \________ \        
        \ \_________ | |        | |    | |     \ \______/ /___________) |       
         \__________||_|        |_|    |_|      \________//____________/        
                                                                                
====================================[ Qcore ]===================================

 Git hash:   b27a5f96910dca04bf09adb1496985de0081c8b6
 Git date:   Tue, 11 May 2021 09:58:05 -0400
 Compiler:   AppleClang 10.0.1.10010046
 Build type: Release
 Version:    1.2.0

 Start time: Mon May 24 16:03:28 2021

 Data directory: /Users/of15641/qcore/cmake-build-release/share/entos/1.2.0/data
 Number of threads: 2
 Number of threads was determined by: number of physical cores

 --------------------------------------------------------------------------------
                                  command: bchla                                 
 --------------------------------------------------------------------------------
 XTB basis setup:                        reference basis
 Number of basis functions:            404
 GFN version:                            gfn1
 Integral screening threshold:           1.00e-10
 Total charge:                           0.000000000
 Number of electrons:                  344.000000000
 Electronic temperature (Kelvin):        0.000000000

 D3BJ energy:                           -0.095532721
 Repulsive energy:                       2.537558122

 ------------------------------------------------
  Running self-consistent charge (SCC) algorithm 
 ------------------------------------------------
 Broyden mixing factor:                  0.40
 Max number of iterations:             128
 Conv. threshold (charge):               1.00e-05
 Conv. threshold (energy):               1.00e-06
 Initial guess:                          SAD

 ---------------------------------------------------------------
                  energy        change          grad        time
 ---------------------------------------------------------------
   0      -201.752770010                    6.43e-01        0.04
   1      -202.317455596     -5.65e-01      3.75e-01        0.03
   2      -202.298316211      1.91e-02      5.60e-02        0.03
   3      -202.316526365     -1.82e-02      1.30e-02        0.04
   4      -202.334447078     -1.79e-02      2.16e-03        0.03
   5      -202.334856989     -4.10e-04      6.15e-04        0.04
   6      -202.334871399     -1.44e-05      1.42e-04        0.04
   7      -202.334871904     -5.05e-07      4.13e-05        0.04
   8      -202.334871974     -6.95e-08      1.98e-05        0.03
   9      -202.334871986     -1.26e-08      7.08e-06        0.03
  10      -202.334871987     -1.23e-09      2.73e-06        0.03

 SCF converged in 9 iterations.

 Entropy contribution (-ST):             0.000000000
 Dipole moment (in Debye):              -0.363672      -1.674866      -3.666638
 Setting up Delta-SCF
 Ground-Excited state overlap:           0.000000000
 No correction applied to the TDM.
 Excitation energy:                      0.111203931
 Excitation energy (in eV):              3.026013119
 Transition dipole:                     -2.50924      -2.22424       1.51447
 Saving results in set 'frame_679'

 --------------------------------------------------------------------------------

 End time:                               Mon May 24 16:03:29 2021
 Total wall-clock time:                  0.881 seconds
==================================================================================
