
================================================================================
          _____________ ________ _______________ ________     _________         
         / ___________// ______ \\_____   _____// ______ \   / ________)        
        / /_________  / /      \ \     | |     / /      \ \ | (_______          
       |  __________|| |        | |    | |    | |        | | \________ \        
        \ \_________ | |        | |    | |     \ \______/ /___________) |       
         \__________||_|        |_|    |_|      \________//____________/        
                                                                                
====================================[ Qcore ]===================================

 Git hash:   b27a5f96910dca04bf09adb1496985de0081c8b6
 Git date:   Tue, 11 May 2021 09:58:05 -0400
 Compiler:   AppleClang 10.0.1.10010046
 Build type: Release
 Version:    1.2.0

 Start time: Mon May 24 15:46:07 2021

 Data directory: /Users/of15641/qcore/cmake-build-release/share/entos/1.2.0/data
 Number of threads: 2
 Number of threads was determined by: number of physical cores

 --------------------------------------------------------------------------------
                                  command: bchla                                 
 --------------------------------------------------------------------------------
 XTB basis setup:                        reference basis
 Number of basis functions:            404
 GFN version:                            gfn1
 Integral screening threshold:           1.00e-10
 Total charge:                           0.000000000
 Number of electrons:                  344.000000000
 Electronic temperature (Kelvin):        0.000000000

 D3BJ energy:                           -0.098445116
 Repulsive energy:                       2.503942343

 ------------------------------------------------
  Running self-consistent charge (SCC) algorithm 
 ------------------------------------------------
 Broyden mixing factor:                  0.40
 Max number of iterations:             128
 Conv. threshold (charge):               1.00e-05
 Conv. threshold (energy):               1.00e-06
 Initial guess:                          SAD

 ---------------------------------------------------------------
                  energy        change          grad        time
 ---------------------------------------------------------------
   0      -201.619016712                    6.43e-01        0.03
   1      -202.238736951     -6.20e-01      3.75e-01        0.02
   2      -202.225889448      1.28e-02      6.04e-02        0.02
   3      -202.246388078     -2.05e-02      1.05e-02        0.02
   4      -202.255281769     -8.89e-03      2.79e-03        0.02
   5      -202.255979143     -6.97e-04      7.40e-04        0.02
   6      -202.256007729     -2.86e-05      1.68e-04        0.02
   7      -202.256008866     -1.14e-06      5.06e-05        0.02
   8      -202.256009065     -1.99e-07      2.21e-05        0.02
   9      -202.256009086     -2.11e-08      8.64e-06        0.02
  10      -202.256009086     -7.91e-10      2.96e-06        0.02

 SCF converged in 9 iterations.

 Entropy contribution (-ST):             0.000000000
 Dipole moment (in Debye):               0.842119       3.242887      -5.961666
 Setting up Delta-SCF
 Ground-Excited state overlap:           0.000000000
 No correction applied to the TDM.
 Excitation energy:                      0.103726838
 Excitation energy (in eV):              2.822551044
 Transition dipole:                     -0.10002       2.61049      -2.77192
 Saving results in set 'frame_1197'

 --------------------------------------------------------------------------------

 End time:                               Mon May 24 15:46:07 2021
 Total wall-clock time:                  0.528 seconds
==================================================================================
