
================================================================================
          _____________ ________ _______________ ________     _________         
         / ___________// ______ \\_____   _____// ______ \   / ________)        
        / /_________  / /      \ \     | |     / /      \ \ | (_______          
       |  __________|| |        | |    | |    | |        | | \________ \        
        \ \_________ | |        | |    | |     \ \______/ /___________) |       
         \__________||_|        |_|    |_|      \________//____________/        
                                                                                
====================================[ Qcore ]===================================

 Git hash:   b27a5f96910dca04bf09adb1496985de0081c8b6
 Git date:   Tue, 11 May 2021 09:58:05 -0400
 Compiler:   AppleClang 10.0.1.10010046
 Build type: Release
 Version:    1.2.0

 Start time: Mon May 24 15:55:29 2021

 Data directory: /Users/of15641/qcore/cmake-build-release/share/entos/1.2.0/data
 Number of threads: 2
 Number of threads was determined by: number of physical cores

 --------------------------------------------------------------------------------
                                  command: bchla                                 
 --------------------------------------------------------------------------------
 XTB basis setup:                        reference basis
 Number of basis functions:            404
 GFN version:                            gfn1
 Integral screening threshold:           1.00e-10
 Total charge:                           0.000000000
 Number of electrons:                  344.000000000
 Electronic temperature (Kelvin):        0.000000000

 D3BJ energy:                           -0.096662332
 Repulsive energy:                       2.603364354

 ------------------------------------------------
  Running self-consistent charge (SCC) algorithm 
 ------------------------------------------------
 Broyden mixing factor:                  0.40
 Max number of iterations:             128
 Conv. threshold (charge):               1.00e-05
 Conv. threshold (energy):               1.00e-06
 Initial guess:                          SAD

 ---------------------------------------------------------------
                  energy        change          grad        time
 ---------------------------------------------------------------
   0      -201.608879427                    6.45e-01        0.03
   1      -202.231749674     -6.23e-01      3.76e-01        0.02
   2      -202.219318476      1.24e-02      6.03e-02        0.03
   3      -202.240182450     -2.09e-02      1.03e-02        0.02
   4      -202.248642125     -8.46e-03      2.37e-03        0.03
   5      -202.249168894     -5.27e-04      7.36e-04        0.02
   6      -202.249201094     -3.22e-05      1.53e-04        0.03
   7      -202.249201806     -7.12e-07      4.26e-05        0.02
   8      -202.249201889     -8.34e-08      1.86e-05        0.03
   9      -202.249201898     -8.83e-09      7.66e-06        0.03
  10      -202.249201900     -1.83e-09      2.69e-06        0.02

 SCF converged in 9 iterations.

 Entropy contribution (-ST):             0.000000000
 Dipole moment (in Debye):              -4.171272       3.513891       2.788181
 Setting up Delta-SCF
 Ground-Excited state overlap:           0.000000000
 No correction applied to the TDM.
 Excitation energy:                      0.107446294
 Excitation energy (in eV):              2.923762601
 Transition dipole:                      0.74812      -1.82218      -3.17563
 Saving results in set 'frame_1931'

 --------------------------------------------------------------------------------

 End time:                               Mon May 24 15:55:30 2021
 Total wall-clock time:                  0.673 seconds
==================================================================================
