
================================================================================
          _____________ ________ _______________ ________     _________         
         / ___________// ______ \\_____   _____// ______ \   / ________)        
        / /_________  / /      \ \     | |     / /      \ \ | (_______          
       |  __________|| |        | |    | |    | |        | | \________ \        
        \ \_________ | |        | |    | |     \ \______/ /___________) |       
         \__________||_|        |_|    |_|      \________//____________/        
                                                                                
====================================[ Qcore ]===================================

 Git hash:   b27a5f96910dca04bf09adb1496985de0081c8b6
 Git date:   Tue, 11 May 2021 09:58:05 -0400
 Compiler:   AppleClang 10.0.1.10010046
 Build type: Release
 Version:    1.2.0

 Start time: Mon May 24 15:44:42 2021

 Data directory: /Users/of15641/qcore/cmake-build-release/share/entos/1.2.0/data
 Number of threads: 2
 Number of threads was determined by: number of physical cores

 --------------------------------------------------------------------------------
                                  command: bchla                                 
 --------------------------------------------------------------------------------
 XTB basis setup:                        reference basis
 Number of basis functions:            404
 GFN version:                            gfn1
 Integral screening threshold:           1.00e-10
 Total charge:                           0.000000000
 Number of electrons:                  344.000000000
 Electronic temperature (Kelvin):        0.000000000

 D3BJ energy:                           -0.094268365
 Repulsive energy:                       2.513387399

 ------------------------------------------------
  Running self-consistent charge (SCC) algorithm 
 ------------------------------------------------
 Broyden mixing factor:                  0.40
 Max number of iterations:             128
 Conv. threshold (charge):               1.00e-05
 Conv. threshold (energy):               1.00e-06
 Initial guess:                          SAD

 ---------------------------------------------------------------
                  energy        change          grad        time
 ---------------------------------------------------------------
   0      -201.683824261                    6.43e-01        0.02
   1      -202.276639088     -5.93e-01      3.75e-01        0.02
   2      -202.251229772      2.54e-02      5.88e-02        0.02
   3      -202.270133590     -1.89e-02      1.54e-02        0.02
   4      -202.293870475     -2.37e-02      2.32e-03        0.02
   5      -202.294292442     -4.22e-04      6.48e-04        0.02
   6      -202.294303607     -1.12e-05      1.48e-04        0.02
   7      -202.294304202     -5.96e-07      4.02e-05        0.02
   8      -202.294304213     -1.10e-08      1.78e-05        0.02
   9      -202.294304215     -1.58e-09      5.74e-06        0.02
  10      -202.294304215     -3.63e-10      1.60e-06        0.02

 SCF converged in 9 iterations.

 Entropy contribution (-ST):             0.000000000
 Dipole moment (in Debye):              -2.560630      -0.764373      -5.112358
 Setting up Delta-SCF
 Ground-Excited state overlap:          -0.000000000
 No correction applied to the TDM.
 Excitation energy:                      0.110971609
 Excitation energy (in eV):              3.019691316
 Transition dipole:                     -2.88674       0.15753      -1.10789
 Saving results in set 'frame_1075'

 --------------------------------------------------------------------------------

 End time:                               Mon May 24 15:44:42 2021
 Total wall-clock time:                  0.504 seconds
==================================================================================
