
================================================================================
          _____________ ________ _______________ ________     _________         
         / ___________// ______ \\_____   _____// ______ \   / ________)        
        / /_________  / /      \ \     | |     / /      \ \ | (_______          
       |  __________|| |        | |    | |    | |        | | \________ \        
        \ \_________ | |        | |    | |     \ \______/ /___________) |       
         \__________||_|        |_|    |_|      \________//____________/        
                                                                                
====================================[ Qcore ]===================================

 Git hash:   b27a5f96910dca04bf09adb1496985de0081c8b6
 Git date:   Tue, 11 May 2021 09:58:05 -0400
 Compiler:   AppleClang 10.0.1.10010046
 Build type: Release
 Version:    1.2.0

 Start time: Mon May 24 15:57:28 2021

 Data directory: /Users/of15641/qcore/cmake-build-release/share/entos/1.2.0/data
 Number of threads: 2
 Number of threads was determined by: number of physical cores

 --------------------------------------------------------------------------------
                                  command: bchla                                 
 --------------------------------------------------------------------------------
 XTB basis setup:                        reference basis
 Number of basis functions:            404
 GFN version:                            gfn1
 Integral screening threshold:           1.00e-10
 Total charge:                           0.000000000
 Number of electrons:                  344.000000000
 Electronic temperature (Kelvin):        0.000000000

 D3BJ energy:                           -0.094306303
 Repulsive energy:                       2.482625720

 ------------------------------------------------
  Running self-consistent charge (SCC) algorithm 
 ------------------------------------------------
 Broyden mixing factor:                  0.40
 Max number of iterations:             128
 Conv. threshold (charge):               1.00e-05
 Conv. threshold (energy):               1.00e-06
 Initial guess:                          SAD

 ---------------------------------------------------------------
                  energy        change          grad        time
 ---------------------------------------------------------------
   0      -201.665428957                    6.42e-01        0.03
   1      -202.256088297     -5.91e-01      3.75e-01        0.03
   2      -202.231465538      2.46e-02      5.89e-02        0.03
   3      -202.251048679     -1.96e-02      1.44e-02        0.03
   4      -202.273434707     -2.24e-02      2.33e-03        0.02
   5      -202.273892081     -4.57e-04      6.41e-04        0.03
   6      -202.273904249     -1.22e-05      1.51e-04        0.02
   7      -202.273904967     -7.18e-07      4.70e-05        0.03
   8      -202.273905113     -1.46e-07      2.30e-05        0.02
   9      -202.273905129     -1.61e-08      8.89e-06        0.03
  10      -202.273905130     -4.91e-10      2.68e-06        0.02

 SCF converged in 9 iterations.

 Entropy contribution (-ST):             0.000000000
 Dipole moment (in Debye):               2.375229      -2.546707      -1.806553
 Setting up Delta-SCF
 Ground-Excited state overlap:           0.000000000
 No correction applied to the TDM.
 Excitation energy:                      0.112572963
 Excitation energy (in eV):              3.063266374
 Transition dipole:                      3.38657       0.36390       0.12035
 Saving results in set 'frame_269'

 --------------------------------------------------------------------------------

 End time:                               Mon May 24 15:57:28 2021
 Total wall-clock time:                  0.681 seconds
==================================================================================
