
================================================================================
          _____________ ________ _______________ ________     _________         
         / ___________// ______ \\_____   _____// ______ \   / ________)        
        / /_________  / /      \ \     | |     / /      \ \ | (_______          
       |  __________|| |        | |    | |    | |        | | \________ \        
        \ \_________ | |        | |    | |     \ \______/ /___________) |       
         \__________||_|        |_|    |_|      \________//____________/        
                                                                                
====================================[ Qcore ]===================================

 Git hash:   b27a5f96910dca04bf09adb1496985de0081c8b6
 Git date:   Tue, 11 May 2021 09:58:05 -0400
 Compiler:   AppleClang 10.0.1.10010046
 Build type: Release
 Version:    1.2.0

 Start time: Mon May 24 15:49:30 2021

 Data directory: /Users/of15641/qcore/cmake-build-release/share/entos/1.2.0/data
 Number of threads: 2
 Number of threads was determined by: number of physical cores

 --------------------------------------------------------------------------------
                                  command: bchla                                 
 --------------------------------------------------------------------------------
 XTB basis setup:                        reference basis
 Number of basis functions:            404
 GFN version:                            gfn1
 Integral screening threshold:           1.00e-10
 Total charge:                           0.000000000
 Number of electrons:                  344.000000000
 Electronic temperature (Kelvin):        0.000000000

 D3BJ energy:                           -0.106889706
 Repulsive energy:                       2.595450296

 ------------------------------------------------
  Running self-consistent charge (SCC) algorithm 
 ------------------------------------------------
 Broyden mixing factor:                  0.40
 Max number of iterations:             128
 Conv. threshold (charge):               1.00e-05
 Conv. threshold (energy):               1.00e-06
 Initial guess:                          SAD

 ---------------------------------------------------------------
                  energy        change          grad        time
 ---------------------------------------------------------------
   0      -201.728566006                    6.44e-01        0.03
   1      -202.316502419     -5.88e-01      3.76e-01        0.03
   2      -202.301276702      1.52e-02      5.71e-02        0.05
   3      -202.318479024     -1.72e-02      1.23e-02        0.03
   4      -202.333063817     -1.46e-02      2.48e-03        0.03
   5      -202.333616458     -5.53e-04      6.24e-04        0.02
   6      -202.333632904     -1.64e-05      1.75e-04        0.03
   7      -202.333634045     -1.14e-06      5.80e-05        0.02
   8      -202.333634336     -2.91e-07      2.27e-05        0.03
   9      -202.333634353     -1.69e-08      8.21e-06        0.02
  10      -202.333634354     -7.64e-10      2.89e-06        0.03

 SCF converged in 9 iterations.

 Entropy contribution (-ST):             0.000000000
 Dipole moment (in Debye):              -4.831752       3.350952      -0.642020
 Setting up Delta-SCF
 Ground-Excited state overlap:          -0.000000000
 No correction applied to the TDM.
 Excitation energy:                      0.111392416
 Excitation energy (in eV):              3.031142056
 Transition dipole:                     -2.93594       2.20469       0.97311
 Saving results in set 'frame_1493'

 --------------------------------------------------------------------------------

 End time:                               Mon May 24 15:49:31 2021
 Total wall-clock time:                  0.753 seconds
==================================================================================
