
================================================================================
          _____________ ________ _______________ ________     _________         
         / ___________// ______ \\_____   _____// ______ \   / ________)        
        / /_________  / /      \ \     | |     / /      \ \ | (_______          
       |  __________|| |        | |    | |    | |        | | \________ \        
        \ \_________ | |        | |    | |     \ \______/ /___________) |       
         \__________||_|        |_|    |_|      \________//____________/        
                                                                                
====================================[ Qcore ]===================================

 Git hash:   b27a5f96910dca04bf09adb1496985de0081c8b6
 Git date:   Tue, 11 May 2021 09:58:05 -0400
 Compiler:   AppleClang 10.0.1.10010046
 Build type: Release
 Version:    1.2.0

 Start time: Mon May 24 15:45:45 2021

 Data directory: /Users/of15641/qcore/cmake-build-release/share/entos/1.2.0/data
 Number of threads: 2
 Number of threads was determined by: number of physical cores

 --------------------------------------------------------------------------------
                                  command: bchla                                 
 --------------------------------------------------------------------------------
 XTB basis setup:                        reference basis
 Number of basis functions:            404
 GFN version:                            gfn1
 Integral screening threshold:           1.00e-10
 Total charge:                           0.000000000
 Number of electrons:                  344.000000000
 Electronic temperature (Kelvin):        0.000000000

 D3BJ energy:                           -0.095375489
 Repulsive energy:                       2.582001766

 ------------------------------------------------
  Running self-consistent charge (SCC) algorithm 
 ------------------------------------------------
 Broyden mixing factor:                  0.40
 Max number of iterations:             128
 Conv. threshold (charge):               1.00e-05
 Conv. threshold (energy):               1.00e-06
 Initial guess:                          SAD

 ---------------------------------------------------------------
                  energy        change          grad        time
 ---------------------------------------------------------------
   0      -201.683922653                    6.43e-01        0.03
   1      -202.270141012     -5.86e-01      3.75e-01        0.03
   2      -202.252393741      1.77e-02      5.77e-02        0.03
   3      -202.274074200     -2.17e-02      1.15e-02        0.03
   4      -202.287296340     -1.32e-02      2.12e-03        0.03
   5      -202.287700573     -4.04e-04      6.46e-04        0.02
   6      -202.287720203     -1.96e-05      1.59e-04        0.03
   7      -202.287721049     -8.46e-07      5.68e-05        0.02
   8      -202.287721373     -3.24e-07      2.07e-05        0.03
   9      -202.287721385     -1.22e-08      7.66e-06        0.02
  10      -202.287721386     -4.33e-10      2.44e-06        0.03

 SCF converged in 9 iterations.

 Entropy contribution (-ST):             0.000000000
 Dipole moment (in Debye):               0.145746       0.184776      -3.529423
 Setting up Delta-SCF
 Ground-Excited state overlap:           0.000000000
 No correction applied to the TDM.
 Excitation energy:                      0.109167593
 Excitation energy (in eV):              2.970601547
 Transition dipole:                     -1.72387       1.67724      -2.81240
 Saving results in set 'frame_1166'

 --------------------------------------------------------------------------------

 End time:                               Mon May 24 15:45:45 2021
 Total wall-clock time:                  0.626 seconds
==================================================================================
