
================================================================================
          _____________ ________ _______________ ________     _________         
         / ___________// ______ \\_____   _____// ______ \   / ________)        
        / /_________  / /      \ \     | |     / /      \ \ | (_______          
       |  __________|| |        | |    | |    | |        | | \________ \        
        \ \_________ | |        | |    | |     \ \______/ /___________) |       
         \__________||_|        |_|    |_|      \________//____________/        
                                                                                
====================================[ Qcore ]===================================

 Git hash:   b27a5f96910dca04bf09adb1496985de0081c8b6
 Git date:   Tue, 11 May 2021 09:58:05 -0400
 Compiler:   AppleClang 10.0.1.10010046
 Build type: Release
 Version:    1.2.0

 Start time: Mon May 24 15:44:55 2021

 Data directory: /Users/of15641/qcore/cmake-build-release/share/entos/1.2.0/data
 Number of threads: 2
 Number of threads was determined by: number of physical cores

 --------------------------------------------------------------------------------
                                  command: bchla                                 
 --------------------------------------------------------------------------------
 XTB basis setup:                        reference basis
 Number of basis functions:            404
 GFN version:                            gfn1
 Integral screening threshold:           1.00e-10
 Total charge:                           0.000000000
 Number of electrons:                  344.000000000
 Electronic temperature (Kelvin):        0.000000000

 D3BJ energy:                           -0.096603648
 Repulsive energy:                       2.620195015

 ------------------------------------------------
  Running self-consistent charge (SCC) algorithm 
 ------------------------------------------------
 Broyden mixing factor:                  0.40
 Max number of iterations:             128
 Conv. threshold (charge):               1.00e-05
 Conv. threshold (energy):               1.00e-06
 Initial guess:                          SAD

 ---------------------------------------------------------------
                  energy        change          grad        time
 ---------------------------------------------------------------
   0      -201.675049320                    6.44e-01        0.03
   1      -202.272088848     -5.97e-01      3.76e-01        0.03
   2      -202.256771371      1.53e-02      5.81e-02        0.02
   3      -202.273582454     -1.68e-02      1.25e-02        0.02
   4      -202.288901000     -1.53e-02      2.35e-03        0.02
   5      -202.289349457     -4.48e-04      6.56e-04        0.02
   6      -202.289365086     -1.56e-05      1.59e-04        0.02
   7      -202.289366066     -9.80e-07      5.64e-05        0.02
   8      -202.289366340     -2.74e-07      2.18e-05        0.03
   9      -202.289366349     -9.02e-09      8.08e-06        0.02
  10      -202.289366350     -7.19e-10      2.66e-06        0.03

 SCF converged in 9 iterations.

 Entropy contribution (-ST):             0.000000000
 Dipole moment (in Debye):              -0.823617       1.092339      -6.638635
 Setting up Delta-SCF
 Ground-Excited state overlap:          -0.000000000
 No correction applied to the TDM.
 Excitation energy:                      0.110894227
 Excitation energy (in eV):              3.017585649
 Transition dipole:                      2.03354      -0.63007       2.72910
 Saving results in set 'frame_1097'

 --------------------------------------------------------------------------------

 End time:                               Mon May 24 15:44:55 2021
 Total wall-clock time:                  0.565 seconds
==================================================================================
