
================================================================================
          _____________ ________ _______________ ________     _________         
         / ___________// ______ \\_____   _____// ______ \   / ________)        
        / /_________  / /      \ \     | |     / /      \ \ | (_______          
       |  __________|| |        | |    | |    | |        | | \________ \        
        \ \_________ | |        | |    | |     \ \______/ /___________) |       
         \__________||_|        |_|    |_|      \________//____________/        
                                                                                
====================================[ Qcore ]===================================

 Git hash:   b27a5f96910dca04bf09adb1496985de0081c8b6
 Git date:   Tue, 11 May 2021 09:58:05 -0400
 Compiler:   AppleClang 10.0.1.10010046
 Build type: Release
 Version:    1.2.0

 Start time: Mon May 24 15:58:37 2021

 Data directory: /Users/of15641/qcore/cmake-build-release/share/entos/1.2.0/data
 Number of threads: 2
 Number of threads was determined by: number of physical cores

 --------------------------------------------------------------------------------
                                  command: bchla                                 
 --------------------------------------------------------------------------------
 XTB basis setup:                        reference basis
 Number of basis functions:            404
 GFN version:                            gfn1
 Integral screening threshold:           1.00e-10
 Total charge:                           0.000000000
 Number of electrons:                  344.000000000
 Electronic temperature (Kelvin):        0.000000000

 D3BJ energy:                           -0.095767782
 Repulsive energy:                       2.466225468

 ------------------------------------------------
  Running self-consistent charge (SCC) algorithm 
 ------------------------------------------------
 Broyden mixing factor:                  0.40
 Max number of iterations:             128
 Conv. threshold (charge):               1.00e-05
 Conv. threshold (energy):               1.00e-06
 Initial guess:                          SAD

 ---------------------------------------------------------------
                  energy        change          grad        time
 ---------------------------------------------------------------
   0      -201.642985570                    6.42e-01        0.02
   1      -202.238427501     -5.95e-01      3.75e-01        0.02
   2      -202.220112841      1.83e-02      5.83e-02        0.02
   3      -202.240753688     -2.06e-02      1.28e-02        0.02
   4      -202.255910075     -1.52e-02      2.63e-03        0.02
   5      -202.256473429     -5.63e-04      7.18e-04        0.02
   6      -202.256496465     -2.30e-05      2.17e-04        0.02
   7      -202.256499394     -2.93e-06      6.91e-05        0.02
   8      -202.256499892     -4.98e-07      2.26e-05        0.02
   9      -202.256499902     -1.03e-08      8.76e-06        0.02
  10      -202.256499903     -3.49e-10      2.94e-06        0.02

 SCF converged in 9 iterations.

 Entropy contribution (-ST):             0.000000000
 Dipole moment (in Debye):               1.327902       1.126828       1.213268
 Setting up Delta-SCF
 Ground-Excited state overlap:           0.000000000
 No correction applied to the TDM.
 Excitation energy:                      0.105458813
 Excitation energy (in eV):              2.869680492
 Transition dipole:                      2.76637       0.56152      -1.97613
 Saving results in set 'frame_355'

 --------------------------------------------------------------------------------

 End time:                               Mon May 24 15:58:37 2021
 Total wall-clock time:                  0.541 seconds
==================================================================================
