
================================================================================
          _____________ ________ _______________ ________     _________         
         / ___________// ______ \\_____   _____// ______ \   / ________)        
        / /_________  / /      \ \     | |     / /      \ \ | (_______          
       |  __________|| |        | |    | |    | |        | | \________ \        
        \ \_________ | |        | |    | |     \ \______/ /___________) |       
         \__________||_|        |_|    |_|      \________//____________/        
                                                                                
====================================[ Qcore ]===================================

 Git hash:   b27a5f96910dca04bf09adb1496985de0081c8b6
 Git date:   Tue, 11 May 2021 09:58:05 -0400
 Compiler:   AppleClang 10.0.1.10010046
 Build type: Release
 Version:    1.2.0

 Start time: Mon May 24 15:44:20 2021

 Data directory: /Users/of15641/qcore/cmake-build-release/share/entos/1.2.0/data
 Number of threads: 2
 Number of threads was determined by: number of physical cores

 --------------------------------------------------------------------------------
                                  command: bchla                                 
 --------------------------------------------------------------------------------
 XTB basis setup:                        reference basis
 Number of basis functions:            404
 GFN version:                            gfn1
 Integral screening threshold:           1.00e-10
 Total charge:                           0.000000000
 Number of electrons:                  344.000000000
 Electronic temperature (Kelvin):        0.000000000

 D3BJ energy:                           -0.093751370
 Repulsive energy:                       2.512669127

 ------------------------------------------------
  Running self-consistent charge (SCC) algorithm 
 ------------------------------------------------
 Broyden mixing factor:                  0.40
 Max number of iterations:             128
 Conv. threshold (charge):               1.00e-05
 Conv. threshold (energy):               1.00e-06
 Initial guess:                          SAD

 ---------------------------------------------------------------
                  energy        change          grad        time
 ---------------------------------------------------------------
   0      -201.655106526                    6.43e-01        0.02
   1      -202.269250257     -6.14e-01      3.75e-01        0.02
   2      -202.259442642      9.81e-03      5.88e-02        0.02
   3      -202.277925828     -1.85e-02      8.93e-03        0.02
   4      -202.285278611     -7.35e-03      2.03e-03        0.02
   5      -202.285659080     -3.80e-04      6.72e-04        0.02
   6      -202.285689124     -3.00e-05      1.79e-04        0.02
   7      -202.285690324     -1.20e-06      7.10e-05        0.02
   8      -202.285690732     -4.08e-07      2.35e-05        0.02
   9      -202.285690742     -9.93e-09      8.41e-06        0.02
  10      -202.285690742     -5.00e-10      2.82e-06        0.02

 SCF converged in 9 iterations.

 Entropy contribution (-ST):             0.000000000
 Dipole moment (in Debye):              -2.148955       1.638267      -2.048136
 Setting up Delta-SCF
 Ground-Excited state overlap:           0.000000000
 No correction applied to the TDM.
 Excitation energy:                      0.106710404
 Excitation energy (in eV):              2.903738012
 Transition dipole:                      1.77682       0.21612       3.08049
 Saving results in set 'frame_1039'

 --------------------------------------------------------------------------------

 End time:                               Mon May 24 15:44:20 2021
 Total wall-clock time:                  0.489 seconds
==================================================================================
