
================================================================================
          _____________ ________ _______________ ________     _________         
         / ___________// ______ \\_____   _____// ______ \   / ________)        
        / /_________  / /      \ \     | |     / /      \ \ | (_______          
       |  __________|| |        | |    | |    | |        | | \________ \        
        \ \_________ | |        | |    | |     \ \______/ /___________) |       
         \__________||_|        |_|    |_|      \________//____________/        
                                                                                
====================================[ Qcore ]===================================

 Git hash:   b27a5f96910dca04bf09adb1496985de0081c8b6
 Git date:   Tue, 11 May 2021 09:58:05 -0400
 Compiler:   AppleClang 10.0.1.10010046
 Build type: Release
 Version:    1.2.0

 Start time: Mon May 24 15:45:45 2021

 Data directory: /Users/of15641/qcore/cmake-build-release/share/entos/1.2.0/data
 Number of threads: 2
 Number of threads was determined by: number of physical cores

 --------------------------------------------------------------------------------
                                  command: bchla                                 
 --------------------------------------------------------------------------------
 XTB basis setup:                        reference basis
 Number of basis functions:            404
 GFN version:                            gfn1
 Integral screening threshold:           1.00e-10
 Total charge:                           0.000000000
 Number of electrons:                  344.000000000
 Electronic temperature (Kelvin):        0.000000000

 D3BJ energy:                           -0.095901666
 Repulsive energy:                       2.455502617

 ------------------------------------------------
  Running self-consistent charge (SCC) algorithm 
 ------------------------------------------------
 Broyden mixing factor:                  0.40
 Max number of iterations:             128
 Conv. threshold (charge):               1.00e-05
 Conv. threshold (energy):               1.00e-06
 Initial guess:                          SAD

 ---------------------------------------------------------------
                  energy        change          grad        time
 ---------------------------------------------------------------
   0      -201.642176615                    6.42e-01        0.02
   1      -202.260071607     -6.18e-01      3.74e-01        0.02
   2      -202.242501239      1.76e-02      6.06e-02        0.02
   3      -202.265554219     -2.31e-02      1.14e-02        0.02
   4      -202.277505554     -1.20e-02      2.20e-03        0.02
   5      -202.277931647     -4.26e-04      6.72e-04        0.02
   6      -202.277953671     -2.20e-05      1.53e-04        0.02
   7      -202.277954360     -6.89e-07      5.22e-05        0.02
   8      -202.277954552     -1.92e-07      2.16e-05        0.02
   9      -202.277954570     -1.79e-08      7.51e-06        0.02
  10      -202.277954571     -1.07e-09      2.77e-06        0.02

 SCF converged in 9 iterations.

 Entropy contribution (-ST):             0.000000000
 Dipole moment (in Debye):              -0.612167       0.485351      -3.616406
 Setting up Delta-SCF
 Ground-Excited state overlap:          -0.000000000
 No correction applied to the TDM.
 Excitation energy:                      0.108041524
 Excitation energy (in eV):              2.939959636
 Transition dipole:                     -1.71321       1.89926      -2.82986
 Saving results in set 'frame_1167'

 --------------------------------------------------------------------------------

 End time:                               Mon May 24 15:45:46 2021
 Total wall-clock time:                  0.546 seconds
==================================================================================
