
================================================================================
          _____________ ________ _______________ ________     _________         
         / ___________// ______ \\_____   _____// ______ \   / ________)        
        / /_________  / /      \ \     | |     / /      \ \ | (_______          
       |  __________|| |        | |    | |    | |        | | \________ \        
        \ \_________ | |        | |    | |     \ \______/ /___________) |       
         \__________||_|        |_|    |_|      \________//____________/        
                                                                                
====================================[ Qcore ]===================================

 Git hash:   b27a5f96910dca04bf09adb1496985de0081c8b6
 Git date:   Tue, 11 May 2021 09:58:05 -0400
 Compiler:   AppleClang 10.0.1.10010046
 Build type: Release
 Version:    1.2.0

 Start time: Mon May 24 16:02:56 2021

 Data directory: /Users/of15641/qcore/cmake-build-release/share/entos/1.2.0/data
 Number of threads: 2
 Number of threads was determined by: number of physical cores

 --------------------------------------------------------------------------------
                                  command: bchla                                 
 --------------------------------------------------------------------------------
 XTB basis setup:                        reference basis
 Number of basis functions:            404
 GFN version:                            gfn1
 Integral screening threshold:           1.00e-10
 Total charge:                           0.000000000
 Number of electrons:                  344.000000000
 Electronic temperature (Kelvin):        0.000000000

 D3BJ energy:                           -0.093223294
 Repulsive energy:                       2.496858796

 ------------------------------------------------
  Running self-consistent charge (SCC) algorithm 
 ------------------------------------------------
 Broyden mixing factor:                  0.40
 Max number of iterations:             128
 Conv. threshold (charge):               1.00e-05
 Conv. threshold (energy):               1.00e-06
 Initial guess:                          SAD

 ---------------------------------------------------------------
                  energy        change          grad        time
 ---------------------------------------------------------------
   0      -201.650103423                    6.42e-01        0.03
   1      -202.229180989     -5.79e-01      3.75e-01        0.02
   2      -202.217501843      1.17e-02      5.67e-02        0.02
   3      -202.234178586     -1.67e-02      1.08e-02        0.02
   4      -202.244854412     -1.07e-02      2.56e-03        0.02
   5      -202.245413319     -5.59e-04      6.98e-04        0.02
   6      -202.245435069     -2.18e-05      1.69e-04        0.02
   7      -202.245436022     -9.53e-07      5.36e-05        0.02
   8      -202.245436260     -2.38e-07      2.15e-05        0.02
   9      -202.245436273     -1.35e-08      7.60e-06        0.02
  10      -202.245436274     -9.45e-10      2.72e-06        0.02

 SCF converged in 9 iterations.

 Entropy contribution (-ST):             0.000000000
 Dipole moment (in Debye):              -0.972165      -0.711822      -2.615953
 Setting up Delta-SCF
 Ground-Excited state overlap:          -0.000000000
 No correction applied to the TDM.
 Excitation energy:                      0.111403963
 Excitation energy (in eV):              3.031456254
 Transition dipole:                      0.38918       2.20497       1.92810
 Saving results in set 'frame_641'

 --------------------------------------------------------------------------------

 End time:                               Mon May 24 16:02:56 2021
 Total wall-clock time:                  0.611 seconds
==================================================================================
