
================================================================================
          _____________ ________ _______________ ________     _________         
         / ___________// ______ \\_____   _____// ______ \   / ________)        
        / /_________  / /      \ \     | |     / /      \ \ | (_______          
       |  __________|| |        | |    | |    | |        | | \________ \        
        \ \_________ | |        | |    | |     \ \______/ /___________) |       
         \__________||_|        |_|    |_|      \________//____________/        
                                                                                
====================================[ Qcore ]===================================

 Git hash:   b27a5f96910dca04bf09adb1496985de0081c8b6
 Git date:   Tue, 11 May 2021 09:58:05 -0400
 Compiler:   AppleClang 10.0.1.10010046
 Build type: Release
 Version:    1.2.0

 Start time: Mon May 24 16:07:49 2021

 Data directory: /Users/of15641/qcore/cmake-build-release/share/entos/1.2.0/data
 Number of threads: 2
 Number of threads was determined by: number of physical cores

 --------------------------------------------------------------------------------
                                  command: bchla                                 
 --------------------------------------------------------------------------------
 XTB basis setup:                        reference basis
 Number of basis functions:            404
 GFN version:                            gfn1
 Integral screening threshold:           1.00e-10
 Total charge:                           0.000000000
 Number of electrons:                  344.000000000
 Electronic temperature (Kelvin):        0.000000000

 D3BJ energy:                           -0.096111652
 Repulsive energy:                       2.518470572

 ------------------------------------------------
  Running self-consistent charge (SCC) algorithm 
 ------------------------------------------------
 Broyden mixing factor:                  0.40
 Max number of iterations:             128
 Conv. threshold (charge):               1.00e-05
 Conv. threshold (energy):               1.00e-06
 Initial guess:                          SAD

 ---------------------------------------------------------------
                  energy        change          grad        time
 ---------------------------------------------------------------
   0      -201.645474703                    6.42e-01        0.02
   1      -202.230209307     -5.85e-01      3.75e-01        0.02
   2      -202.217363335      1.28e-02      5.75e-02        0.02
   3      -202.235402051     -1.80e-02      1.10e-02        0.02
   4      -202.246238069     -1.08e-02      2.56e-03        0.02
   5      -202.246835560     -5.97e-04      6.87e-04        0.02
   6      -202.246856582     -2.10e-05      1.87e-04        0.02
   7      -202.246857596     -1.01e-06      6.36e-05        0.02
   8      -202.246858008     -4.12e-07      2.32e-05        0.02
   9      -202.246858026     -1.84e-08      8.49e-06        0.02
  10      -202.246858026     -4.52e-10      3.08e-06        0.02

 SCF converged in 9 iterations.

 Entropy contribution (-ST):             0.000000000
 Dipole moment (in Debye):               2.168274       4.113793      -0.886970
 Setting up Delta-SCF
 Ground-Excited state overlap:          -0.000000000
 No correction applied to the TDM.
 Excitation energy:                      0.108462439
 Excitation energy (in eV):              2.951413309
 Transition dipole:                      2.90857       0.62719      -2.09513
 Saving results in set 'frame_98'

 --------------------------------------------------------------------------------

 End time:                               Mon May 24 16:07:50 2021
 Total wall-clock time:                  0.559 seconds
==================================================================================
