
================================================================================
          _____________ ________ _______________ ________     _________         
         / ___________// ______ \\_____   _____// ______ \   / ________)        
        / /_________  / /      \ \     | |     / /      \ \ | (_______          
       |  __________|| |        | |    | |    | |        | | \________ \        
        \ \_________ | |        | |    | |     \ \______/ /___________) |       
         \__________||_|        |_|    |_|      \________//____________/        
                                                                                
====================================[ Qcore ]===================================

 Git hash:   b27a5f96910dca04bf09adb1496985de0081c8b6
 Git date:   Tue, 11 May 2021 09:58:05 -0400
 Compiler:   AppleClang 10.0.1.10010046
 Build type: Release
 Version:    1.2.0

 Start time: Mon May 24 15:45:35 2021

 Data directory: /Users/of15641/qcore/cmake-build-release/share/entos/1.2.0/data
 Number of threads: 2
 Number of threads was determined by: number of physical cores

 --------------------------------------------------------------------------------
                                  command: bchla                                 
 --------------------------------------------------------------------------------
 XTB basis setup:                        reference basis
 Number of basis functions:            404
 GFN version:                            gfn1
 Integral screening threshold:           1.00e-10
 Total charge:                           0.000000000
 Number of electrons:                  344.000000000
 Electronic temperature (Kelvin):        0.000000000

 D3BJ energy:                           -0.095332208
 Repulsive energy:                       2.538922444

 ------------------------------------------------
  Running self-consistent charge (SCC) algorithm 
 ------------------------------------------------
 Broyden mixing factor:                  0.40
 Max number of iterations:             128
 Conv. threshold (charge):               1.00e-05
 Conv. threshold (energy):               1.00e-06
 Initial guess:                          SAD

 ---------------------------------------------------------------
                  energy        change          grad        time
 ---------------------------------------------------------------
   0      -201.660954356                    6.43e-01        0.03
   1      -202.269516465     -6.09e-01      3.75e-01        0.02
   2      -202.258134840      1.14e-02      5.90e-02        0.02
   3      -202.277589084     -1.95e-02      9.58e-03        0.02
   4      -202.285303748     -7.71e-03      2.00e-03        0.02
   5      -202.285614418     -3.11e-04      7.36e-04        0.02
   6      -202.285643878     -2.95e-05      2.24e-04        0.02
   7      -202.285646667     -2.79e-06      8.27e-05        0.02
   8      -202.285647321     -6.54e-07      2.23e-05        0.02
   9      -202.285647332     -1.09e-08      8.48e-06        0.02
  10      -202.285647333     -5.85e-10      3.05e-06        0.02

 SCF converged in 9 iterations.

 Entropy contribution (-ST):             0.000000000
 Dipole moment (in Debye):               1.681676       3.660950      -2.117514
 Setting up Delta-SCF
 Ground-Excited state overlap:          -0.000000000
 No correction applied to the TDM.
 Excitation energy:                      0.103342561
 Excitation energy (in eV):              2.812094354
 Transition dipole:                     -1.53440       0.45289       3.05785
 Saving results in set 'frame_115'

 --------------------------------------------------------------------------------

 End time:                               Mon May 24 15:45:35 2021
 Total wall-clock time:                  0.504 seconds
==================================================================================
