
================================================================================
          _____________ ________ _______________ ________     _________         
         / ___________// ______ \\_____   _____// ______ \   / ________)        
        / /_________  / /      \ \     | |     / /      \ \ | (_______          
       |  __________|| |        | |    | |    | |        | | \________ \        
        \ \_________ | |        | |    | |     \ \______/ /___________) |       
         \__________||_|        |_|    |_|      \________//____________/        
                                                                                
====================================[ Qcore ]===================================

 Git hash:   b27a5f96910dca04bf09adb1496985de0081c8b6
 Git date:   Tue, 11 May 2021 09:58:05 -0400
 Compiler:   AppleClang 10.0.1.10010046
 Build type: Release
 Version:    1.2.0

 Start time: Mon May 24 15:45:57 2021

 Data directory: /Users/of15641/qcore/cmake-build-release/share/entos/1.2.0/data
 Number of threads: 2
 Number of threads was determined by: number of physical cores

 --------------------------------------------------------------------------------
                                  command: bchla                                 
 --------------------------------------------------------------------------------
 XTB basis setup:                        reference basis
 Number of basis functions:            404
 GFN version:                            gfn1
 Integral screening threshold:           1.00e-10
 Total charge:                           0.000000000
 Number of electrons:                  344.000000000
 Electronic temperature (Kelvin):        0.000000000

 D3BJ energy:                           -0.096196989
 Repulsive energy:                       2.437368430

 ------------------------------------------------
  Running self-consistent charge (SCC) algorithm 
 ------------------------------------------------
 Broyden mixing factor:                  0.40
 Max number of iterations:             128
 Conv. threshold (charge):               1.00e-05
 Conv. threshold (energy):               1.00e-06
 Initial guess:                          SAD

 ---------------------------------------------------------------
                  energy        change          grad        time
 ---------------------------------------------------------------
   0      -201.644082488                    6.42e-01        0.02
   1      -202.250708980     -6.07e-01      3.74e-01        0.02
   2      -202.236528580      1.42e-02      5.85e-02        0.02
   3      -202.254107903     -1.76e-02      1.16e-02        0.02
   4      -202.267013332     -1.29e-02      2.43e-03        0.01
   5      -202.267538263     -5.25e-04      6.53e-04        0.02
   6      -202.267555725     -1.75e-05      1.49e-04        0.02
   7      -202.267556471     -7.46e-07      4.99e-05        0.01
   8      -202.267556699     -2.28e-07      1.92e-05        0.02
   9      -202.267556710     -1.15e-08      7.23e-06        0.02
  10      -202.267556711     -2.67e-10      2.57e-06        0.02

 SCF converged in 9 iterations.

 Entropy contribution (-ST):             0.000000000
 Dipole moment (in Debye):              -0.811179       3.200041      -4.289742
 Setting up Delta-SCF
 Ground-Excited state overlap:           0.000000000
 No correction applied to the TDM.
 Excitation energy:                      0.111742698
 Excitation energy (in eV):              3.040673713
 Transition dipole:                     -1.64580       1.96804      -2.46535
 Saving results in set 'frame_1182'

 --------------------------------------------------------------------------------

 End time:                               Mon May 24 15:45:57 2021
 Total wall-clock time:                  0.514 seconds
==================================================================================
