
================================================================================
          _____________ ________ _______________ ________     _________         
         / ___________// ______ \\_____   _____// ______ \   / ________)        
        / /_________  / /      \ \     | |     / /      \ \ | (_______          
       |  __________|| |        | |    | |    | |        | | \________ \        
        \ \_________ | |        | |    | |     \ \______/ /___________) |       
         \__________||_|        |_|    |_|      \________//____________/        
                                                                                
====================================[ Qcore ]===================================

 Git hash:   b27a5f96910dca04bf09adb1496985de0081c8b6
 Git date:   Tue, 11 May 2021 09:58:05 -0400
 Compiler:   AppleClang 10.0.1.10010046
 Build type: Release
 Version:    1.2.0

 Start time: Mon May 24 15:59:18 2021

 Data directory: /Users/of15641/qcore/cmake-build-release/share/entos/1.2.0/data
 Number of threads: 2
 Number of threads was determined by: number of physical cores

 --------------------------------------------------------------------------------
                                  command: bchla                                 
 --------------------------------------------------------------------------------
 XTB basis setup:                        reference basis
 Number of basis functions:            404
 GFN version:                            gfn1
 Integral screening threshold:           1.00e-10
 Total charge:                           0.000000000
 Number of electrons:                  344.000000000
 Electronic temperature (Kelvin):        0.000000000

 D3BJ energy:                           -0.098577752
 Repulsive energy:                       2.543921972

 ------------------------------------------------
  Running self-consistent charge (SCC) algorithm 
 ------------------------------------------------
 Broyden mixing factor:                  0.40
 Max number of iterations:             128
 Conv. threshold (charge):               1.00e-05
 Conv. threshold (energy):               1.00e-06
 Initial guess:                          SAD

 ---------------------------------------------------------------
                  energy        change          grad        time
 ---------------------------------------------------------------
   0      -201.587363450                    6.43e-01        0.02
   1      -202.204348423     -6.17e-01      3.75e-01        0.02
   2      -202.175790419      2.86e-02      6.02e-02        0.02
   3      -202.199156466     -2.34e-02      1.57e-02        0.02
   4      -202.223785730     -2.46e-02      2.41e-03        0.02
   5      -202.224197886     -4.12e-04      6.87e-04        0.02
   6      -202.224214314     -1.64e-05      1.68e-04        0.02
   7      -202.224215067     -7.53e-07      4.46e-05        0.02
   8      -202.224215093     -2.56e-08      1.97e-05        0.02
   9      -202.224215094     -1.50e-09      6.79e-06        0.02
  10      -202.224215095     -1.97e-10      2.13e-06        0.02

 SCF converged in 9 iterations.

 Entropy contribution (-ST):             0.000000000
 Dipole moment (in Debye):               3.501241       3.590957      -1.028636
 Setting up Delta-SCF
 Ground-Excited state overlap:          -0.000000000
 No correction applied to the TDM.
 Excitation energy:                      0.113765378
 Excitation energy (in eV):              3.095713655
 Transition dipole:                     -3.01279      -0.97026      -1.01694
 Saving results in set 'frame_413'

 --------------------------------------------------------------------------------

 End time:                               Mon May 24 15:59:19 2021
 Total wall-clock time:                  0.556 seconds
==================================================================================
