
================================================================================
          _____________ ________ _______________ ________     _________         
         / ___________// ______ \\_____   _____// ______ \   / ________)        
        / /_________  / /      \ \     | |     / /      \ \ | (_______          
       |  __________|| |        | |    | |    | |        | | \________ \        
        \ \_________ | |        | |    | |     \ \______/ /___________) |       
         \__________||_|        |_|    |_|      \________//____________/        
                                                                                
====================================[ Qcore ]===================================

 Git hash:   b27a5f96910dca04bf09adb1496985de0081c8b6
 Git date:   Tue, 11 May 2021 09:58:05 -0400
 Compiler:   AppleClang 10.0.1.10010046
 Build type: Release
 Version:    1.2.0

 Start time: Mon May 24 15:59:30 2021

 Data directory: /Users/of15641/qcore/cmake-build-release/share/entos/1.2.0/data
 Number of threads: 2
 Number of threads was determined by: number of physical cores

 --------------------------------------------------------------------------------
                                  command: bchla                                 
 --------------------------------------------------------------------------------
 XTB basis setup:                        reference basis
 Number of basis functions:            404
 GFN version:                            gfn1
 Integral screening threshold:           1.00e-10
 Total charge:                           0.000000000
 Number of electrons:                  344.000000000
 Electronic temperature (Kelvin):        0.000000000

 D3BJ energy:                           -0.097177773
 Repulsive energy:                       2.568670844

 ------------------------------------------------
  Running self-consistent charge (SCC) algorithm 
 ------------------------------------------------
 Broyden mixing factor:                  0.40
 Max number of iterations:             128
 Conv. threshold (charge):               1.00e-05
 Conv. threshold (energy):               1.00e-06
 Initial guess:                          SAD

 ---------------------------------------------------------------
                  energy        change          grad        time
 ---------------------------------------------------------------
   0      -201.662064936                    6.43e-01        0.02
   1      -202.264014802     -6.02e-01      3.75e-01        0.02
   2      -202.254987144      9.03e-03      5.84e-02        0.02
   3      -202.272844508     -1.79e-02      9.17e-03        0.02
   4      -202.279504131     -6.66e-03      2.23e-03        0.02
   5      -202.279925390     -4.21e-04      6.44e-04        0.02
   6      -202.279945924     -2.05e-05      1.54e-04        0.02
   7      -202.279946651     -7.27e-07      4.23e-05        0.02
   8      -202.279946760     -1.09e-07      1.79e-05        0.02
   9      -202.279946772     -1.16e-08      6.11e-06        0.02
  10      -202.279946773     -6.61e-10      2.45e-06        0.02

 SCF converged in 9 iterations.

 Entropy contribution (-ST):             0.000000000
 Dipole moment (in Debye):               1.562209       2.630393      -3.850483
 Setting up Delta-SCF
 Ground-Excited state overlap:           0.000000000
 No correction applied to the TDM.
 Excitation energy:                      0.112330785
 Excitation energy (in eV):              3.056676389
 Transition dipole:                      0.79201      -1.33568      -2.78472
 Saving results in set 'frame_43'

 --------------------------------------------------------------------------------

 End time:                               Mon May 24 15:59:30 2021
 Total wall-clock time:                  0.573 seconds
==================================================================================
