
================================================================================
          _____________ ________ _______________ ________     _________         
         / ___________// ______ \\_____   _____// ______ \   / ________)        
        / /_________  / /      \ \     | |     / /      \ \ | (_______          
       |  __________|| |        | |    | |    | |        | | \________ \        
        \ \_________ | |        | |    | |     \ \______/ /___________) |       
         \__________||_|        |_|    |_|      \________//____________/        
                                                                                
====================================[ Qcore ]===================================

 Git hash:   b27a5f96910dca04bf09adb1496985de0081c8b6
 Git date:   Tue, 11 May 2021 09:58:05 -0400
 Compiler:   AppleClang 10.0.1.10010046
 Build type: Release
 Version:    1.2.0

 Start time: Mon May 24 15:51:36 2021

 Data directory: /Users/of15641/qcore/cmake-build-release/share/entos/1.2.0/data
 Number of threads: 2
 Number of threads was determined by: number of physical cores

 --------------------------------------------------------------------------------
                                  command: bchla                                 
 --------------------------------------------------------------------------------
 XTB basis setup:                        reference basis
 Number of basis functions:            404
 GFN version:                            gfn1
 Integral screening threshold:           1.00e-10
 Total charge:                           0.000000000
 Number of electrons:                  344.000000000
 Electronic temperature (Kelvin):        0.000000000

 D3BJ energy:                           -0.100180579
 Repulsive energy:                       2.567714286

 ------------------------------------------------
  Running self-consistent charge (SCC) algorithm 
 ------------------------------------------------
 Broyden mixing factor:                  0.40
 Max number of iterations:             128
 Conv. threshold (charge):               1.00e-05
 Conv. threshold (energy):               1.00e-06
 Initial guess:                          SAD

 ---------------------------------------------------------------
                  energy        change          grad        time
 ---------------------------------------------------------------
   0      -201.631976370                    6.44e-01        0.03
   1      -202.225932734     -5.94e-01      3.75e-01        0.03
   2      -202.210983441      1.49e-02      5.81e-02        0.03
   3      -202.231715956     -2.07e-02      1.09e-02        0.02
   4      -202.243221449     -1.15e-02      2.15e-03        0.02
   5      -202.243634129     -4.13e-04      6.52e-04        0.02
   6      -202.243655338     -2.12e-05      1.47e-04        0.02
   7      -202.243655898     -5.60e-07      4.10e-05        0.02
   8      -202.243655936     -3.77e-08      2.01e-05        0.02
   9      -202.243655943     -7.10e-09      7.67e-06        0.02
  10      -202.243655945     -1.96e-09      2.78e-06        0.02

 SCF converged in 9 iterations.

 Entropy contribution (-ST):             0.000000000
 Dipole moment (in Debye):              -1.223421       3.121784      -0.285156
 Setting up Delta-SCF
 Ground-Excited state overlap:          -0.000000000
 No correction applied to the TDM.
 Excitation energy:                      0.111455298
 Excitation energy (in eV):              3.032853155
 Transition dipole:                     -1.70071       2.72835       1.90484
 Saving results in set 'frame_1646'

 --------------------------------------------------------------------------------

 End time:                               Mon May 24 15:51:37 2021
 Total wall-clock time:                  0.622 seconds
==================================================================================
