
================================================================================
          _____________ ________ _______________ ________     _________         
         / ___________// ______ \\_____   _____// ______ \   / ________)        
        / /_________  / /      \ \     | |     / /      \ \ | (_______          
       |  __________|| |        | |    | |    | |        | | \________ \        
        \ \_________ | |        | |    | |     \ \______/ /___________) |       
         \__________||_|        |_|    |_|      \________//____________/        
                                                                                
====================================[ Qcore ]===================================

 Git hash:   b27a5f96910dca04bf09adb1496985de0081c8b6
 Git date:   Tue, 11 May 2021 09:58:05 -0400
 Compiler:   AppleClang 10.0.1.10010046
 Build type: Release
 Version:    1.2.0

 Start time: Mon May 24 15:59:39 2021

 Data directory: /Users/of15641/qcore/cmake-build-release/share/entos/1.2.0/data
 Number of threads: 2
 Number of threads was determined by: number of physical cores

 --------------------------------------------------------------------------------
                                  command: bchla                                 
 --------------------------------------------------------------------------------
 XTB basis setup:                        reference basis
 Number of basis functions:            404
 GFN version:                            gfn1
 Integral screening threshold:           1.00e-10
 Total charge:                           0.000000000
 Number of electrons:                  344.000000000
 Electronic temperature (Kelvin):        0.000000000

 D3BJ energy:                           -0.101427618
 Repulsive energy:                       2.515345343

 ------------------------------------------------
  Running self-consistent charge (SCC) algorithm 
 ------------------------------------------------
 Broyden mixing factor:                  0.40
 Max number of iterations:             128
 Conv. threshold (charge):               1.00e-05
 Conv. threshold (energy):               1.00e-06
 Initial guess:                          SAD

 ---------------------------------------------------------------
                  energy        change          grad        time
 ---------------------------------------------------------------
   0      -201.663558392                    6.43e-01        0.04
   1      -202.281633397     -6.18e-01      3.75e-01        0.03
   2      -202.265791795      1.58e-02      6.01e-02        0.03
   3      -202.284484350     -1.87e-02      1.22e-02        0.03
   4      -202.297845077     -1.34e-02      2.62e-03        0.03
   5      -202.298448412     -6.03e-04      6.63e-04        0.03
   6      -202.298466354     -1.79e-05      1.68e-04        0.03
   7      -202.298467176     -8.22e-07      4.29e-05        0.02
   8      -202.298467296     -1.20e-07      1.87e-05        0.03
   9      -202.298467308     -1.19e-08      7.16e-06        0.03
  10      -202.298467309     -6.68e-10      2.86e-06        0.03

 SCF converged in 9 iterations.

 Entropy contribution (-ST):             0.000000000
 Dipole moment (in Debye):               2.016083       0.327445       0.112982
 Setting up Delta-SCF
 Ground-Excited state overlap:           0.000000000
 No correction applied to the TDM.
 Excitation energy:                      0.114538453
 Excitation energy (in eV):              3.116750071
 Transition dipole:                      2.43779      -0.58476      -2.01037
 Saving results in set 'frame_443'

 --------------------------------------------------------------------------------

 End time:                               Mon May 24 15:59:40 2021
 Total wall-clock time:                  0.750 seconds
==================================================================================
