
================================================================================
          _____________ ________ _______________ ________     _________         
         / ___________// ______ \\_____   _____// ______ \   / ________)        
        / /_________  / /      \ \     | |     / /      \ \ | (_______          
       |  __________|| |        | |    | |    | |        | | \________ \        
        \ \_________ | |        | |    | |     \ \______/ /___________) |       
         \__________||_|        |_|    |_|      \________//____________/        
                                                                                
====================================[ Qcore ]===================================

 Git hash:   b27a5f96910dca04bf09adb1496985de0081c8b6
 Git date:   Tue, 11 May 2021 09:58:05 -0400
 Compiler:   AppleClang 10.0.1.10010046
 Build type: Release
 Version:    1.2.0

 Start time: Mon May 24 16:08:02 2021

 Data directory: /Users/of15641/qcore/cmake-build-release/share/entos/1.2.0/data
 Number of threads: 2
 Number of threads was determined by: number of physical cores

 --------------------------------------------------------------------------------
                                  command: bchla                                 
 --------------------------------------------------------------------------------
 XTB basis setup:                        reference basis
 Number of basis functions:            404
 GFN version:                            gfn1
 Integral screening threshold:           1.00e-10
 Total charge:                           0.000000000
 Number of electrons:                  344.000000000
 Electronic temperature (Kelvin):        0.000000000

 D3BJ energy:                           -0.095322985
 Repulsive energy:                       2.550454543

 ------------------------------------------------
  Running self-consistent charge (SCC) algorithm 
 ------------------------------------------------
 Broyden mixing factor:                  0.40
 Max number of iterations:             128
 Conv. threshold (charge):               1.00e-05
 Conv. threshold (energy):               1.00e-06
 Initial guess:                          SAD

 ---------------------------------------------------------------
                  energy        change          grad        time
 ---------------------------------------------------------------
   0      -201.640464781                    6.43e-01        0.02
   1      -202.236831488     -5.96e-01      3.75e-01        0.02
   2      -202.224156073      1.27e-02      5.85e-02        0.02
   3      -202.242722711     -1.86e-02      1.08e-02        0.02
   4      -202.253252047     -1.05e-02      2.16e-03        0.02
   5      -202.253667196     -4.15e-04      6.74e-04        0.02
   6      -202.253689644     -2.24e-05      1.41e-04        0.02
   7      -202.253690271     -6.27e-07      3.58e-05        0.02
   8      -202.253690300     -2.91e-08      1.55e-05        0.02
   9      -202.253690301     -1.83e-09      6.01e-06        0.02
  10      -202.253690303     -1.37e-09      2.46e-06        0.02

 SCF converged in 9 iterations.

 Entropy contribution (-ST):             0.000000000
 Dipole moment (in Debye):              -1.031447       0.964646      -5.851505
 Setting up Delta-SCF
 Ground-Excited state overlap:           0.000000000
 No correction applied to the TDM.
 Excitation energy:                      0.112004010
 Excitation energy (in eV):              3.047784385
 Transition dipole:                     -1.46356      -0.63731       2.61257
 Saving results in set 'frame_997'

 --------------------------------------------------------------------------------

 End time:                               Mon May 24 16:08:03 2021
 Total wall-clock time:                  0.561 seconds
==================================================================================
