
================================================================================
          _____________ ________ _______________ ________     _________         
         / ___________// ______ \\_____   _____// ______ \   / ________)        
        / /_________  / /      \ \     | |     / /      \ \ | (_______          
       |  __________|| |        | |    | |    | |        | | \________ \        
        \ \_________ | |        | |    | |     \ \______/ /___________) |       
         \__________||_|        |_|    |_|      \________//____________/        
                                                                                
====================================[ Qcore ]===================================

 Git hash:   b27a5f96910dca04bf09adb1496985de0081c8b6
 Git date:   Tue, 11 May 2021 09:58:05 -0400
 Compiler:   AppleClang 10.0.1.10010046
 Build type: Release
 Version:    1.2.0

 Start time: Mon May 24 15:49:42 2021

 Data directory: /Users/of15641/qcore/cmake-build-release/share/entos/1.2.0/data
 Number of threads: 2
 Number of threads was determined by: number of physical cores

 --------------------------------------------------------------------------------
                                  command: bchla                                 
 --------------------------------------------------------------------------------
 XTB basis setup:                        reference basis
 Number of basis functions:            404
 GFN version:                            gfn1
 Integral screening threshold:           1.00e-10
 Total charge:                           0.000000000
 Number of electrons:                  344.000000000
 Electronic temperature (Kelvin):        0.000000000

 D3BJ energy:                           -0.103201003
 Repulsive energy:                       2.425702527

 ------------------------------------------------
  Running self-consistent charge (SCC) algorithm 
 ------------------------------------------------
 Broyden mixing factor:                  0.40
 Max number of iterations:             128
 Conv. threshold (charge):               1.00e-05
 Conv. threshold (energy):               1.00e-06
 Initial guess:                          SAD

 ---------------------------------------------------------------
                  energy        change          grad        time
 ---------------------------------------------------------------
   0      -201.617339890                    6.42e-01        0.04
   1      -202.215551027     -5.98e-01      3.74e-01        0.03
   2      -202.195469296      2.01e-02      5.99e-02        0.03
   3      -202.216976183     -2.15e-02      1.32e-02        0.03
   4      -202.232936012     -1.60e-02      2.53e-03        0.03
   5      -202.233546425     -6.10e-04      6.51e-04        0.03
   6      -202.233565994     -1.96e-05      1.40e-04        0.04
   7      -202.233566500     -5.06e-07      3.93e-05        0.03
   8      -202.233566552     -5.20e-08      1.84e-05        0.03
   9      -202.233566559     -7.85e-09      7.37e-06        0.02
  10      -202.233566561     -1.45e-09      2.39e-06        0.03

 SCF converged in 9 iterations.

 Entropy contribution (-ST):             0.000000000
 Dipole moment (in Debye):              -3.221669       4.293266      -0.762114
 Setting up Delta-SCF
 Ground-Excited state overlap:          -0.000000000
 No correction applied to the TDM.
 Excitation energy:                      0.114084745
 Excitation energy (in eV):              3.104404053
 Transition dipole:                      0.78538      -1.65669      -2.48222
 Saving results in set 'frame_1507'

 --------------------------------------------------------------------------------

 End time:                               Mon May 24 15:49:43 2021
 Total wall-clock time:                  0.795 seconds
==================================================================================
