
================================================================================
          _____________ ________ _______________ ________     _________         
         / ___________// ______ \\_____   _____// ______ \   / ________)        
        / /_________  / /      \ \     | |     / /      \ \ | (_______          
       |  __________|| |        | |    | |    | |        | | \________ \        
        \ \_________ | |        | |    | |     \ \______/ /___________) |       
         \__________||_|        |_|    |_|      \________//____________/        
                                                                                
====================================[ Qcore ]===================================

 Git hash:   b27a5f96910dca04bf09adb1496985de0081c8b6
 Git date:   Tue, 11 May 2021 09:58:05 -0400
 Compiler:   AppleClang 10.0.1.10010046
 Build type: Release
 Version:    1.2.0

 Start time: Mon May 24 15:47:44 2021

 Data directory: /Users/of15641/qcore/cmake-build-release/share/entos/1.2.0/data
 Number of threads: 2
 Number of threads was determined by: number of physical cores

 --------------------------------------------------------------------------------
                                  command: bchla                                 
 --------------------------------------------------------------------------------
 XTB basis setup:                        reference basis
 Number of basis functions:            404
 GFN version:                            gfn1
 Integral screening threshold:           1.00e-10
 Total charge:                           0.000000000
 Number of electrons:                  344.000000000
 Electronic temperature (Kelvin):        0.000000000

 D3BJ energy:                           -0.098708863
 Repulsive energy:                       2.499740641

 ------------------------------------------------
  Running self-consistent charge (SCC) algorithm 
 ------------------------------------------------
 Broyden mixing factor:                  0.40
 Max number of iterations:             128
 Conv. threshold (charge):               1.00e-05
 Conv. threshold (energy):               1.00e-06
 Initial guess:                          SAD

 ---------------------------------------------------------------
                  energy        change          grad        time
 ---------------------------------------------------------------
   0      -201.657054302                    6.42e-01        0.02
   1      -202.265080743     -6.08e-01      3.75e-01        0.02
   2      -202.258775790      6.30e-03      5.83e-02        0.02
   3      -202.275448386     -1.67e-02      8.12e-03        0.02
   4      -202.280299368     -4.85e-03      2.07e-03        0.02
   5      -202.280669806     -3.70e-04      7.27e-04        0.02
   6      -202.280704742     -3.49e-05      1.53e-04        0.02
   7      -202.280705634     -8.92e-07      4.96e-05        0.02
   8      -202.280705818     -1.84e-07      1.81e-05        0.02
   9      -202.280705829     -1.03e-08      6.40e-06        0.02
  10      -202.280705829     -7.61e-10      2.26e-06        0.02

 SCF converged in 9 iterations.

 Entropy contribution (-ST):             0.000000000
 Dipole moment (in Debye):              -0.411296       4.014340      -3.389586
 Setting up Delta-SCF
 Ground-Excited state overlap:           0.000000000
 No correction applied to the TDM.
 Excitation energy:                      0.107762517
 Excitation energy (in eV):              2.932367479
 Transition dipole:                     -2.38523       1.29689      -2.57985
 Saving results in set 'frame_1344'

 --------------------------------------------------------------------------------

 End time:                               Mon May 24 15:47:45 2021
 Total wall-clock time:                  0.501 seconds
==================================================================================
