
================================================================================
          _____________ ________ _______________ ________     _________         
         / ___________// ______ \\_____   _____// ______ \   / ________)        
        / /_________  / /      \ \     | |     / /      \ \ | (_______          
       |  __________|| |        | |    | |    | |        | | \________ \        
        \ \_________ | |        | |    | |     \ \______/ /___________) |       
         \__________||_|        |_|    |_|      \________//____________/        
                                                                                
====================================[ Qcore ]===================================

 Git hash:   b27a5f96910dca04bf09adb1496985de0081c8b6
 Git date:   Tue, 11 May 2021 09:58:05 -0400
 Compiler:   AppleClang 10.0.1.10010046
 Build type: Release
 Version:    1.2.0

 Start time: Mon May 24 16:06:27 2021

 Data directory: /Users/of15641/qcore/cmake-build-release/share/entos/1.2.0/data
 Number of threads: 2
 Number of threads was determined by: number of physical cores

 --------------------------------------------------------------------------------
                                  command: bchla                                 
 --------------------------------------------------------------------------------
 XTB basis setup:                        reference basis
 Number of basis functions:            404
 GFN version:                            gfn1
 Integral screening threshold:           1.00e-10
 Total charge:                           0.000000000
 Number of electrons:                  344.000000000
 Electronic temperature (Kelvin):        0.000000000

 D3BJ energy:                           -0.095970922
 Repulsive energy:                       2.566946695

 ------------------------------------------------
  Running self-consistent charge (SCC) algorithm 
 ------------------------------------------------
 Broyden mixing factor:                  0.40
 Max number of iterations:             128
 Conv. threshold (charge):               1.00e-05
 Conv. threshold (energy):               1.00e-06
 Initial guess:                          SAD

 ---------------------------------------------------------------
                  energy        change          grad        time
 ---------------------------------------------------------------
   0      -201.680931906                    6.44e-01        0.03
   1      -202.275623593     -5.95e-01      3.76e-01        0.02
   2      -202.249969044      2.57e-02      5.89e-02        0.02
   3      -202.270563497     -2.06e-02      1.46e-02        0.02
   4      -202.293207351     -2.26e-02      2.37e-03        0.02
   5      -202.293685214     -4.78e-04      6.19e-04        0.02
   6      -202.293698435     -1.32e-05      1.58e-04        0.02
   7      -202.293699600     -1.16e-06      5.39e-05        0.02
   8      -202.293699848     -2.48e-07      2.14e-05        0.02
   9      -202.293699859     -1.07e-08      8.11e-06        0.02
  10      -202.293699859     -4.86e-10      2.74e-06        0.02

 SCF converged in 9 iterations.

 Entropy contribution (-ST):             0.000000000
 Dipole moment (in Debye):               1.836025      -2.138450      -4.061979
 Setting up Delta-SCF
 Ground-Excited state overlap:           0.000000000
 No correction applied to the TDM.
 Excitation energy:                      0.111750184
 Excitation energy (in eV):              3.040877430
 Transition dipole:                      0.05333      -0.15991      -3.50705
 Saving results in set 'frame_866'

 --------------------------------------------------------------------------------

 End time:                               Mon May 24 16:06:28 2021
 Total wall-clock time:                  0.577 seconds
==================================================================================
