
================================================================================
          _____________ ________ _______________ ________     _________         
         / ___________// ______ \\_____   _____// ______ \   / ________)        
        / /_________  / /      \ \     | |     / /      \ \ | (_______          
       |  __________|| |        | |    | |    | |        | | \________ \        
        \ \_________ | |        | |    | |     \ \______/ /___________) |       
         \__________||_|        |_|    |_|      \________//____________/        
                                                                                
====================================[ Qcore ]===================================

 Git hash:   b27a5f96910dca04bf09adb1496985de0081c8b6
 Git date:   Tue, 11 May 2021 09:58:05 -0400
 Compiler:   AppleClang 10.0.1.10010046
 Build type: Release
 Version:    1.2.0

 Start time: Mon May 24 16:04:42 2021

 Data directory: /Users/of15641/qcore/cmake-build-release/share/entos/1.2.0/data
 Number of threads: 2
 Number of threads was determined by: number of physical cores

 --------------------------------------------------------------------------------
                                  command: bchla                                 
 --------------------------------------------------------------------------------
 XTB basis setup:                        reference basis
 Number of basis functions:            404
 GFN version:                            gfn1
 Integral screening threshold:           1.00e-10
 Total charge:                           0.000000000
 Number of electrons:                  344.000000000
 Electronic temperature (Kelvin):        0.000000000

 D3BJ energy:                           -0.096109085
 Repulsive energy:                       2.450745715

 ------------------------------------------------
  Running self-consistent charge (SCC) algorithm 
 ------------------------------------------------
 Broyden mixing factor:                  0.40
 Max number of iterations:             128
 Conv. threshold (charge):               1.00e-05
 Conv. threshold (energy):               1.00e-06
 Initial guess:                          SAD

 ---------------------------------------------------------------
                  energy        change          grad        time
 ---------------------------------------------------------------
   0      -201.640277919                    6.42e-01        0.03
   1      -202.248177186     -6.08e-01      3.74e-01        0.02
   2      -202.231971140      1.62e-02      5.97e-02        0.03
   3      -202.252084378     -2.01e-02      1.12e-02        0.02
   4      -202.264309754     -1.22e-02      2.29e-03        0.03
   5      -202.264794749     -4.85e-04      6.45e-04        0.02
   6      -202.264813746     -1.90e-05      1.45e-04        0.02
   7      -202.264814241     -4.96e-07      3.77e-05        0.02
   8      -202.264814312     -7.10e-08      1.72e-05        0.03
   9      -202.264814321     -8.06e-09      6.64e-06        0.02
  10      -202.264814322     -1.10e-09      2.54e-06        0.02

 SCF converged in 9 iterations.

 Entropy contribution (-ST):             0.000000000
 Dipole moment (in Debye):              -1.499600       0.323573      -4.226148
 Setting up Delta-SCF
 Ground-Excited state overlap:          -0.000000000
 No correction applied to the TDM.
 Excitation energy:                      0.112377607
 Excitation energy (in eV):              3.057950464
 Transition dipole:                      0.04630       0.67908      -3.31052
 Saving results in set 'frame_742'

 --------------------------------------------------------------------------------

 End time:                               Mon May 24 16:04:42 2021
 Total wall-clock time:                  0.699 seconds
==================================================================================
