
================================================================================
          _____________ ________ _______________ ________     _________         
         / ___________// ______ \\_____   _____// ______ \   / ________)        
        / /_________  / /      \ \     | |     / /      \ \ | (_______          
       |  __________|| |        | |    | |    | |        | | \________ \        
        \ \_________ | |        | |    | |     \ \______/ /___________) |       
         \__________||_|        |_|    |_|      \________//____________/        
                                                                                
====================================[ Qcore ]===================================

 Git hash:   b27a5f96910dca04bf09adb1496985de0081c8b6
 Git date:   Tue, 11 May 2021 09:58:05 -0400
 Compiler:   AppleClang 10.0.1.10010046
 Build type: Release
 Version:    1.2.0

 Start time: Mon May 24 15:56:05 2021

 Data directory: /Users/of15641/qcore/cmake-build-release/share/entos/1.2.0/data
 Number of threads: 2
 Number of threads was determined by: number of physical cores

 --------------------------------------------------------------------------------
                                  command: bchla                                 
 --------------------------------------------------------------------------------
 XTB basis setup:                        reference basis
 Number of basis functions:            404
 GFN version:                            gfn1
 Integral screening threshold:           1.00e-10
 Total charge:                           0.000000000
 Number of electrons:                  344.000000000
 Electronic temperature (Kelvin):        0.000000000

 D3BJ energy:                           -0.095022090
 Repulsive energy:                       2.534698683

 ------------------------------------------------
  Running self-consistent charge (SCC) algorithm 
 ------------------------------------------------
 Broyden mixing factor:                  0.40
 Max number of iterations:             128
 Conv. threshold (charge):               1.00e-05
 Conv. threshold (energy):               1.00e-06
 Initial guess:                          SAD

 ---------------------------------------------------------------
                  energy        change          grad        time
 ---------------------------------------------------------------
   0      -201.634917453                    6.42e-01        0.03
   1      -202.221453742     -5.87e-01      3.75e-01        0.03
   2      -202.208192733      1.33e-02      5.74e-02        0.03
   3      -202.228292151     -2.01e-02      9.92e-03        0.02
   4      -202.237793007     -9.50e-03      2.11e-03        0.03
   5      -202.238230168     -4.37e-04      6.33e-04        0.02
   6      -202.238249245     -1.91e-05      1.39e-04        0.03
   7      -202.238249777     -5.32e-07      3.39e-05        0.02
   8      -202.238249803     -2.60e-08      1.57e-05        0.03
   9      -202.238249808     -4.38e-09      7.54e-06        0.02
  10      -202.238249810     -1.99e-09      2.35e-06        0.03

 SCF converged in 9 iterations.

 Entropy contribution (-ST):             0.000000000
 Dipole moment (in Debye):              -0.553636       2.173203       2.180245
 Setting up Delta-SCF
 Ground-Excited state overlap:           0.000000000
 No correction applied to the TDM.
 Excitation energy:                      0.108348945
 Excitation energy (in eV):              2.948324992
 Transition dipole:                      0.50982      -2.57070      -2.39862
 Saving results in set 'frame_1973'

 --------------------------------------------------------------------------------

 End time:                               Mon May 24 15:56:06 2021
 Total wall-clock time:                  0.639 seconds
==================================================================================
