
================================================================================
          _____________ ________ _______________ ________     _________         
         / ___________// ______ \\_____   _____// ______ \   / ________)        
        / /_________  / /      \ \     | |     / /      \ \ | (_______          
       |  __________|| |        | |    | |    | |        | | \________ \        
        \ \_________ | |        | |    | |     \ \______/ /___________) |       
         \__________||_|        |_|    |_|      \________//____________/        
                                                                                
====================================[ Qcore ]===================================

 Git hash:   b27a5f96910dca04bf09adb1496985de0081c8b6
 Git date:   Tue, 11 May 2021 09:58:05 -0400
 Compiler:   AppleClang 10.0.1.10010046
 Build type: Release
 Version:    1.2.0

 Start time: Mon May 24 15:58:38 2021

 Data directory: /Users/of15641/qcore/cmake-build-release/share/entos/1.2.0/data
 Number of threads: 2
 Number of threads was determined by: number of physical cores

 --------------------------------------------------------------------------------
                                  command: bchla                                 
 --------------------------------------------------------------------------------
 XTB basis setup:                        reference basis
 Number of basis functions:            404
 GFN version:                            gfn1
 Integral screening threshold:           1.00e-10
 Total charge:                           0.000000000
 Number of electrons:                  344.000000000
 Electronic temperature (Kelvin):        0.000000000

 D3BJ energy:                           -0.095849461
 Repulsive energy:                       2.497476625

 ------------------------------------------------
  Running self-consistent charge (SCC) algorithm 
 ------------------------------------------------
 Broyden mixing factor:                  0.40
 Max number of iterations:             128
 Conv. threshold (charge):               1.00e-05
 Conv. threshold (energy):               1.00e-06
 Initial guess:                          SAD

 ---------------------------------------------------------------
                  energy        change          grad        time
 ---------------------------------------------------------------
   0      -201.637654970                    6.42e-01        0.02
   1      -202.237864311     -6.00e-01      3.75e-01        0.02
   2      -202.208062510      2.98e-02      6.00e-02        0.02
   3      -202.236257160     -2.82e-02      1.43e-02        0.02
   4      -202.257699445     -2.14e-02      2.27e-03        0.02
   5      -202.258147532     -4.48e-04      6.05e-04        0.02
   6      -202.258161485     -1.40e-05      1.48e-04        0.02
   7      -202.258162217     -7.33e-07      5.09e-05        0.02
   8      -202.258162451     -2.34e-07      1.91e-05        0.02
   9      -202.258162462     -1.05e-08      7.26e-06        0.02
  10      -202.258162462     -3.75e-10      2.40e-06        0.02

 SCF converged in 9 iterations.

 Entropy contribution (-ST):             0.000000000
 Dipole moment (in Debye):               2.469144      -0.000473      -0.905753
 Setting up Delta-SCF
 Ground-Excited state overlap:          -0.000000000
 No correction applied to the TDM.
 Excitation energy:                      0.112328509
 Excitation energy (in eV):              3.056614454
 Transition dipole:                     -3.29126      -1.10411       0.81031
 Saving results in set 'frame_357'

 --------------------------------------------------------------------------------

 End time:                               Mon May 24 15:58:38 2021
 Total wall-clock time:                  0.535 seconds
==================================================================================
