
================================================================================
          _____________ ________ _______________ ________     _________         
         / ___________// ______ \\_____   _____// ______ \   / ________)        
        / /_________  / /      \ \     | |     / /      \ \ | (_______          
       |  __________|| |        | |    | |    | |        | | \________ \        
        \ \_________ | |        | |    | |     \ \______/ /___________) |       
         \__________||_|        |_|    |_|      \________//____________/        
                                                                                
====================================[ Qcore ]===================================

 Git hash:   b27a5f96910dca04bf09adb1496985de0081c8b6
 Git date:   Tue, 11 May 2021 09:58:05 -0400
 Compiler:   AppleClang 10.0.1.10010046
 Build type: Release
 Version:    1.2.0

 Start time: Mon May 24 15:47:03 2021

 Data directory: /Users/of15641/qcore/cmake-build-release/share/entos/1.2.0/data
 Number of threads: 2
 Number of threads was determined by: number of physical cores

 --------------------------------------------------------------------------------
                                  command: bchla                                 
 --------------------------------------------------------------------------------
 XTB basis setup:                        reference basis
 Number of basis functions:            404
 GFN version:                            gfn1
 Integral screening threshold:           1.00e-10
 Total charge:                           0.000000000
 Number of electrons:                  344.000000000
 Electronic temperature (Kelvin):        0.000000000

 D3BJ energy:                           -0.097892779
 Repulsive energy:                       2.532379304

 ------------------------------------------------
  Running self-consistent charge (SCC) algorithm 
 ------------------------------------------------
 Broyden mixing factor:                  0.40
 Max number of iterations:             128
 Conv. threshold (charge):               1.00e-05
 Conv. threshold (energy):               1.00e-06
 Initial guess:                          SAD

 ---------------------------------------------------------------
                  energy        change          grad        time
 ---------------------------------------------------------------
   0      -201.661200806                    6.43e-01        0.02
   1      -202.293930893     -6.33e-01      3.75e-01        0.02
   2      -202.284058732      9.87e-03      6.09e-02        0.02
   3      -202.300884640     -1.68e-02      1.01e-02        0.02
   4      -202.308984078     -8.10e-03      2.60e-03        0.02
   5      -202.309608553     -6.24e-04      7.80e-04        0.02
   6      -202.309641736     -3.32e-05      1.58e-04        0.02
   7      -202.309642607     -8.72e-07      4.27e-05        0.02
   8      -202.309642708     -1.01e-07      1.94e-05        0.02
   9      -202.309642719     -1.12e-08      7.55e-06        0.02
  10      -202.309642720     -1.05e-09      2.51e-06        0.02

 SCF converged in 9 iterations.

 Entropy contribution (-ST):             0.000000000
 Dipole moment (in Debye):              -0.926109       5.014947      -1.925066
 Setting up Delta-SCF
 Ground-Excited state overlap:          -0.000000000
 No correction applied to the TDM.
 Excitation energy:                      0.109042582
 Excitation energy (in eV):              2.967199828
 Transition dipole:                     -1.49198      -2.76294       0.78084
 Saving results in set 'frame_1281'

 --------------------------------------------------------------------------------

 End time:                               Mon May 24 15:47:04 2021
 Total wall-clock time:                  0.490 seconds
==================================================================================
