
================================================================================
          _____________ ________ _______________ ________     _________         
         / ___________// ______ \\_____   _____// ______ \   / ________)        
        / /_________  / /      \ \     | |     / /      \ \ | (_______          
       |  __________|| |        | |    | |    | |        | | \________ \        
        \ \_________ | |        | |    | |     \ \______/ /___________) |       
         \__________||_|        |_|    |_|      \________//____________/        
                                                                                
====================================[ Qcore ]===================================

 Git hash:   b27a5f96910dca04bf09adb1496985de0081c8b6
 Git date:   Tue, 11 May 2021 09:58:05 -0400
 Compiler:   AppleClang 10.0.1.10010046
 Build type: Release
 Version:    1.2.0

 Start time: Mon May 24 16:02:54 2021

 Data directory: /Users/of15641/qcore/cmake-build-release/share/entos/1.2.0/data
 Number of threads: 2
 Number of threads was determined by: number of physical cores

 --------------------------------------------------------------------------------
                                  command: bchla                                 
 --------------------------------------------------------------------------------
 XTB basis setup:                        reference basis
 Number of basis functions:            404
 GFN version:                            gfn1
 Integral screening threshold:           1.00e-10
 Total charge:                           0.000000000
 Number of electrons:                  344.000000000
 Electronic temperature (Kelvin):        0.000000000

 D3BJ energy:                           -0.094570752
 Repulsive energy:                       2.442305622

 ------------------------------------------------
  Running self-consistent charge (SCC) algorithm 
 ------------------------------------------------
 Broyden mixing factor:                  0.40
 Max number of iterations:             128
 Conv. threshold (charge):               1.00e-05
 Conv. threshold (energy):               1.00e-06
 Initial guess:                          SAD

 ---------------------------------------------------------------
                  energy        change          grad        time
 ---------------------------------------------------------------
   0      -201.613955354                    6.42e-01        0.03
   1      -202.216596095     -6.03e-01      3.74e-01        0.02
   2      -202.195429388      2.12e-02      5.99e-02        0.02
   3      -202.219244523     -2.38e-02      1.25e-02        0.02
   4      -202.234444482     -1.52e-02      2.45e-03        0.02
   5      -202.234989752     -5.45e-04      6.66e-04        0.02
   6      -202.235010887     -2.11e-05      1.88e-04        0.02
   7      -202.235012545     -1.66e-06      6.43e-05        0.02
   8      -202.235012918     -3.73e-07      2.11e-05        0.02
   9      -202.235012925     -7.51e-09      8.39e-06        0.02
  10      -202.235012925     -4.05e-10      2.50e-06        0.02

 SCF converged in 9 iterations.

 Entropy contribution (-ST):             0.000000000
 Dipole moment (in Debye):              -0.302852      -1.502656      -4.801181
 Setting up Delta-SCF
 Ground-Excited state overlap:           0.000000000
 No correction applied to the TDM.
 Excitation energy:                      0.107072181
 Excitation energy (in eV):              2.913582482
 Transition dipole:                      0.13563      -1.47043      -3.30897
 Saving results in set 'frame_639'

 --------------------------------------------------------------------------------

 End time:                               Mon May 24 16:02:54 2021
 Total wall-clock time:                  0.600 seconds
==================================================================================
