
================================================================================
          _____________ ________ _______________ ________     _________         
         / ___________// ______ \\_____   _____// ______ \   / ________)        
        / /_________  / /      \ \     | |     / /      \ \ | (_______          
       |  __________|| |        | |    | |    | |        | | \________ \        
        \ \_________ | |        | |    | |     \ \______/ /___________) |       
         \__________||_|        |_|    |_|      \________//____________/        
                                                                                
====================================[ Qcore ]===================================

 Git hash:   b27a5f96910dca04bf09adb1496985de0081c8b6
 Git date:   Tue, 11 May 2021 09:58:05 -0400
 Compiler:   AppleClang 10.0.1.10010046
 Build type: Release
 Version:    1.2.0

 Start time: Mon May 24 15:54:46 2021

 Data directory: /Users/of15641/qcore/cmake-build-release/share/entos/1.2.0/data
 Number of threads: 2
 Number of threads was determined by: number of physical cores

 --------------------------------------------------------------------------------
                                  command: bchla                                 
 --------------------------------------------------------------------------------
 XTB basis setup:                        reference basis
 Number of basis functions:            404
 GFN version:                            gfn1
 Integral screening threshold:           1.00e-10
 Total charge:                           0.000000000
 Number of electrons:                  344.000000000
 Electronic temperature (Kelvin):        0.000000000

 D3BJ energy:                           -0.095496882
 Repulsive energy:                       2.498176174

 ------------------------------------------------
  Running self-consistent charge (SCC) algorithm 
 ------------------------------------------------
 Broyden mixing factor:                  0.40
 Max number of iterations:             128
 Conv. threshold (charge):               1.00e-05
 Conv. threshold (energy):               1.00e-06
 Initial guess:                          SAD

 ---------------------------------------------------------------
                  energy        change          grad        time
 ---------------------------------------------------------------
   0      -201.616563563                    6.43e-01        0.02
   1      -202.232652767     -6.16e-01      3.75e-01        0.02
   2      -202.223908063      8.74e-03      5.89e-02        0.02
   3      -202.240937570     -1.70e-02      9.10e-03        0.02
   4      -202.247952854     -7.02e-03      2.41e-03        0.02
   5      -202.248501893     -5.49e-04      7.57e-04        0.02
   6      -202.248534828     -3.29e-05      1.73e-04        0.02
   7      -202.248535944     -1.12e-06      6.23e-05        0.02
   8      -202.248536297     -3.53e-07      2.01e-05        0.02
   9      -202.248536309     -1.24e-08      7.90e-06        0.02
  10      -202.248536311     -1.05e-09      2.51e-06        0.02

 SCF converged in 9 iterations.

 Entropy contribution (-ST):             0.000000000
 Dipole moment (in Debye):              -1.150548       1.772436       3.516913
 Setting up Delta-SCF
 Ground-Excited state overlap:          -0.000000000
 No correction applied to the TDM.
 Excitation energy:                      0.110692855
 Excitation energy (in eV):              3.012106021
 Transition dipole:                      2.59588       1.29827      -0.46366
 Saving results in set 'frame_1875'

 --------------------------------------------------------------------------------

 End time:                               Mon May 24 15:54:46 2021
 Total wall-clock time:                  0.494 seconds
==================================================================================
