
================================================================================
          _____________ ________ _______________ ________     _________         
         / ___________// ______ \\_____   _____// ______ \   / ________)        
        / /_________  / /      \ \     | |     / /      \ \ | (_______          
       |  __________|| |        | |    | |    | |        | | \________ \        
        \ \_________ | |        | |    | |     \ \______/ /___________) |       
         \__________||_|        |_|    |_|      \________//____________/        
                                                                                
====================================[ Qcore ]===================================

 Git hash:   b27a5f96910dca04bf09adb1496985de0081c8b6
 Git date:   Tue, 11 May 2021 09:58:05 -0400
 Compiler:   AppleClang 10.0.1.10010046
 Build type: Release
 Version:    1.2.0

 Start time: Mon May 24 15:47:18 2021

 Data directory: /Users/of15641/qcore/cmake-build-release/share/entos/1.2.0/data
 Number of threads: 2
 Number of threads was determined by: number of physical cores

 --------------------------------------------------------------------------------
                                  command: bchla                                 
 --------------------------------------------------------------------------------
 XTB basis setup:                        reference basis
 Number of basis functions:            404
 GFN version:                            gfn1
 Integral screening threshold:           1.00e-10
 Total charge:                           0.000000000
 Number of electrons:                  344.000000000
 Electronic temperature (Kelvin):        0.000000000

 D3BJ energy:                           -0.101547708
 Repulsive energy:                       2.569084601

 ------------------------------------------------
  Running self-consistent charge (SCC) algorithm 
 ------------------------------------------------
 Broyden mixing factor:                  0.40
 Max number of iterations:             128
 Conv. threshold (charge):               1.00e-05
 Conv. threshold (energy):               1.00e-06
 Initial guess:                          SAD

 ---------------------------------------------------------------
                  energy        change          grad        time
 ---------------------------------------------------------------
   0      -201.652900445                    6.43e-01        0.02
   1      -202.248155155     -5.95e-01      3.75e-01        0.02
   2      -202.238589720      9.57e-03      5.73e-02        0.02
   3      -202.254316229     -1.57e-02      1.01e-02        0.02
   4      -202.263817453     -9.50e-03      2.22e-03        0.02
   5      -202.264227418     -4.10e-04      6.87e-04        0.02
   6      -202.264247859     -2.04e-05      1.61e-04        0.02
   7      -202.264248969     -1.11e-06      5.07e-05        0.02
   8      -202.264249191     -2.23e-07      1.75e-05        0.02
   9      -202.264249200     -8.76e-09      6.26e-06        0.02
  10      -202.264249201     -6.39e-10      2.27e-06        0.02

 SCF converged in 9 iterations.

 Entropy contribution (-ST):             0.000000000
 Dipole moment (in Debye):              -0.636358       4.864329      -3.502164
 Setting up Delta-SCF
 Ground-Excited state overlap:          -0.000000000
 No correction applied to the TDM.
 Excitation energy:                      0.111165557
 Excitation energy (in eV):              3.024968904
 Transition dipole:                     -2.75084       1.11191      -1.60928
 Saving results in set 'frame_1304'

 --------------------------------------------------------------------------------

 End time:                               Mon May 24 15:47:19 2021
 Total wall-clock time:                  0.503 seconds
==================================================================================
