
================================================================================
          _____________ ________ _______________ ________     _________         
         / ___________// ______ \\_____   _____// ______ \   / ________)        
        / /_________  / /      \ \     | |     / /      \ \ | (_______          
       |  __________|| |        | |    | |    | |        | | \________ \        
        \ \_________ | |        | |    | |     \ \______/ /___________) |       
         \__________||_|        |_|    |_|      \________//____________/        
                                                                                
====================================[ Qcore ]===================================

 Git hash:   b27a5f96910dca04bf09adb1496985de0081c8b6
 Git date:   Tue, 11 May 2021 09:58:05 -0400
 Compiler:   AppleClang 10.0.1.10010046
 Build type: Release
 Version:    1.2.0

 Start time: Mon May 24 15:48:05 2021

 Data directory: /Users/of15641/qcore/cmake-build-release/share/entos/1.2.0/data
 Number of threads: 2
 Number of threads was determined by: number of physical cores

 --------------------------------------------------------------------------------
                                  command: bchla                                 
 --------------------------------------------------------------------------------
 XTB basis setup:                        reference basis
 Number of basis functions:            404
 GFN version:                            gfn1
 Integral screening threshold:           1.00e-10
 Total charge:                           0.000000000
 Number of electrons:                  344.000000000
 Electronic temperature (Kelvin):        0.000000000

 D3BJ energy:                           -0.102559072
 Repulsive energy:                       2.452654075

 ------------------------------------------------
  Running self-consistent charge (SCC) algorithm 
 ------------------------------------------------
 Broyden mixing factor:                  0.40
 Max number of iterations:             128
 Conv. threshold (charge):               1.00e-05
 Conv. threshold (energy):               1.00e-06
 Initial guess:                          SAD

 ---------------------------------------------------------------
                  energy        change          grad        time
 ---------------------------------------------------------------
   0      -201.678198423                    6.42e-01        0.03
   1      -202.266472716     -5.88e-01      3.74e-01        0.02
   2      -202.253702440      1.28e-02      5.78e-02        0.02
   3      -202.271370090     -1.77e-02      1.09e-02        0.02
   4      -202.281737863     -1.04e-02      2.51e-03        0.02
   5      -202.282300122     -5.62e-04      6.76e-04        0.02
   6      -202.282322006     -2.19e-05      1.60e-04        0.02
   7      -202.282322846     -8.39e-07      4.92e-05        0.02
   8      -202.282323064     -2.18e-07      2.07e-05        0.02
   9      -202.282323081     -1.70e-08      7.32e-06        0.02
  10      -202.282323082     -8.70e-10      2.83e-06        0.02

 SCF converged in 9 iterations.

 Entropy contribution (-ST):             0.000000000
 Dipole moment (in Debye):              -2.036293       2.368165      -0.909777
 Setting up Delta-SCF
 Ground-Excited state overlap:          -0.000000000
 No correction applied to the TDM.
 Excitation energy:                      0.107256143
 Excitation energy (in eV):              2.918588324
 Transition dipole:                      3.14036      -1.68398      -0.55091
 Saving results in set 'frame_1375'

 --------------------------------------------------------------------------------

 End time:                               Mon May 24 15:48:05 2021
 Total wall-clock time:                  0.528 seconds
==================================================================================
