
================================================================================
          _____________ ________ _______________ ________     _________         
         / ___________// ______ \\_____   _____// ______ \   / ________)        
        / /_________  / /      \ \     | |     / /      \ \ | (_______          
       |  __________|| |        | |    | |    | |        | | \________ \        
        \ \_________ | |        | |    | |     \ \______/ /___________) |       
         \__________||_|        |_|    |_|      \________//____________/        
                                                                                
====================================[ Qcore ]===================================

 Git hash:   b27a5f96910dca04bf09adb1496985de0081c8b6
 Git date:   Tue, 11 May 2021 09:58:05 -0400
 Compiler:   AppleClang 10.0.1.10010046
 Build type: Release
 Version:    1.2.0

 Start time: Mon May 24 16:02:36 2021

 Data directory: /Users/of15641/qcore/cmake-build-release/share/entos/1.2.0/data
 Number of threads: 2
 Number of threads was determined by: number of physical cores

 --------------------------------------------------------------------------------
                                  command: bchla                                 
 --------------------------------------------------------------------------------
 XTB basis setup:                        reference basis
 Number of basis functions:            404
 GFN version:                            gfn1
 Integral screening threshold:           1.00e-10
 Total charge:                           0.000000000
 Number of electrons:                  344.000000000
 Electronic temperature (Kelvin):        0.000000000

 D3BJ energy:                           -0.094876895
 Repulsive energy:                       2.509054581

 ------------------------------------------------
  Running self-consistent charge (SCC) algorithm 
 ------------------------------------------------
 Broyden mixing factor:                  0.40
 Max number of iterations:             128
 Conv. threshold (charge):               1.00e-05
 Conv. threshold (energy):               1.00e-06
 Initial guess:                          SAD

 ---------------------------------------------------------------
                  energy        change          grad        time
 ---------------------------------------------------------------
   0      -201.604496634                    6.42e-01        0.03
   1      -202.200885446     -5.96e-01      3.75e-01        0.03
   2      -202.173858417      2.70e-02      5.97e-02        0.03
   3      -202.195649628     -2.18e-02      1.50e-02        0.02
   4      -202.218660018     -2.30e-02      2.35e-03        0.02
   5      -202.219105820     -4.46e-04      6.44e-04        0.02
   6      -202.219119453     -1.36e-05      1.72e-04        0.02
   7      -202.219120581     -1.13e-06      5.97e-05        0.02
   8      -202.219120880     -2.99e-07      2.62e-05        0.02
   9      -202.219120896     -1.54e-08      9.10e-06        0.02
  10      -202.219120896     -3.62e-10      3.00e-06        0.02

 SCF converged in 9 iterations.

 Entropy contribution (-ST):             0.000000000
 Dipole moment (in Debye):              -0.491762      -1.019367      -3.518069
 Setting up Delta-SCF
 Ground-Excited state overlap:           0.000000000
 No correction applied to the TDM.
 Excitation energy:                      0.111610154
 Excitation energy (in eV):              3.037067012
 Transition dipole:                     -0.52645      -1.94448       2.57446
 Saving results in set 'frame_615'

 --------------------------------------------------------------------------------

 End time:                               Mon May 24 16:02:37 2021
 Total wall-clock time:                  0.662 seconds
==================================================================================
