
================================================================================
          _____________ ________ _______________ ________     _________         
         / ___________// ______ \\_____   _____// ______ \   / ________)        
        / /_________  / /      \ \     | |     / /      \ \ | (_______          
       |  __________|| |        | |    | |    | |        | | \________ \        
        \ \_________ | |        | |    | |     \ \______/ /___________) |       
         \__________||_|        |_|    |_|      \________//____________/        
                                                                                
====================================[ Qcore ]===================================

 Git hash:   b27a5f96910dca04bf09adb1496985de0081c8b6
 Git date:   Tue, 11 May 2021 09:58:05 -0400
 Compiler:   AppleClang 10.0.1.10010046
 Build type: Release
 Version:    1.2.0

 Start time: Mon May 24 15:45:44 2021

 Data directory: /Users/of15641/qcore/cmake-build-release/share/entos/1.2.0/data
 Number of threads: 2
 Number of threads was determined by: number of physical cores

 --------------------------------------------------------------------------------
                                  command: bchla                                 
 --------------------------------------------------------------------------------
 XTB basis setup:                        reference basis
 Number of basis functions:            404
 GFN version:                            gfn1
 Integral screening threshold:           1.00e-10
 Total charge:                           0.000000000
 Number of electrons:                  344.000000000
 Electronic temperature (Kelvin):        0.000000000

 D3BJ energy:                           -0.095082810
 Repulsive energy:                       2.470122094

 ------------------------------------------------
  Running self-consistent charge (SCC) algorithm 
 ------------------------------------------------
 Broyden mixing factor:                  0.40
 Max number of iterations:             128
 Conv. threshold (charge):               1.00e-05
 Conv. threshold (energy):               1.00e-06
 Initial guess:                          SAD

 ---------------------------------------------------------------
                  energy        change          grad        time
 ---------------------------------------------------------------
   0      -201.667908644                    6.41e-01        0.04
   1      -202.245218071     -5.77e-01      3.74e-01        0.04
   2      -202.222434808      2.28e-02      5.77e-02        0.02
   3      -202.242717894     -2.03e-02      1.39e-02        0.03
   4      -202.262977690     -2.03e-02      2.63e-03        0.03
   5      -202.263582248     -6.05e-04      7.38e-04        0.02
   6      -202.263610078     -2.78e-05      2.67e-04        0.02
   7      -202.263615552     -5.47e-06      7.36e-05        0.03
   8      -202.263616025     -4.73e-07      2.40e-05        0.02
   9      -202.263616035     -9.60e-09      9.54e-06        0.03
  10      -202.263616035     -5.06e-10      3.04e-06        0.03

 SCF converged in 9 iterations.

 Entropy contribution (-ST):             0.000000000
 Dipole moment (in Debye):              -1.016152      -0.085546      -4.298239
 Setting up Delta-SCF
 Ground-Excited state overlap:          -0.000000000
 No correction applied to the TDM.
 Excitation energy:                      0.104725404
 Excitation energy (in eV):              2.849723412
 Transition dipole:                      2.08460      -1.35425       2.45935
 Saving results in set 'frame_1165'

 --------------------------------------------------------------------------------

 End time:                               Mon May 24 15:45:45 2021
 Total wall-clock time:                  0.646 seconds
==================================================================================
