
================================================================================
          _____________ ________ _______________ ________     _________         
         / ___________// ______ \\_____   _____// ______ \   / ________)        
        / /_________  / /      \ \     | |     / /      \ \ | (_______          
       |  __________|| |        | |    | |    | |        | | \________ \        
        \ \_________ | |        | |    | |     \ \______/ /___________) |       
         \__________||_|        |_|    |_|      \________//____________/        
                                                                                
====================================[ Qcore ]===================================

 Git hash:   b27a5f96910dca04bf09adb1496985de0081c8b6
 Git date:   Tue, 11 May 2021 09:58:05 -0400
 Compiler:   AppleClang 10.0.1.10010046
 Build type: Release
 Version:    1.2.0

 Start time: Mon May 24 15:47:05 2021

 Data directory: /Users/of15641/qcore/cmake-build-release/share/entos/1.2.0/data
 Number of threads: 2
 Number of threads was determined by: number of physical cores

 --------------------------------------------------------------------------------
                                  command: bchla                                 
 --------------------------------------------------------------------------------
 XTB basis setup:                        reference basis
 Number of basis functions:            404
 GFN version:                            gfn1
 Integral screening threshold:           1.00e-10
 Total charge:                           0.000000000
 Number of electrons:                  344.000000000
 Electronic temperature (Kelvin):        0.000000000

 D3BJ energy:                           -0.098525443
 Repulsive energy:                       2.465854323

 ------------------------------------------------
  Running self-consistent charge (SCC) algorithm 
 ------------------------------------------------
 Broyden mixing factor:                  0.40
 Max number of iterations:             128
 Conv. threshold (charge):               1.00e-05
 Conv. threshold (energy):               1.00e-06
 Initial guess:                          SAD

 ---------------------------------------------------------------
                  energy        change          grad        time
 ---------------------------------------------------------------
   0      -201.659617347                    6.42e-01        0.03
   1      -202.275509204     -6.16e-01      3.74e-01        0.02
   2      -202.266708493      8.80e-03      6.04e-02        0.02
   3      -202.286225843     -1.95e-02      9.12e-03        0.02
   4      -202.291511351     -5.29e-03      2.36e-03        0.03
   5      -202.291950830     -4.39e-04      7.46e-04        0.02
   6      -202.291983408     -3.26e-05      1.62e-04        0.02
   7      -202.291984261     -8.53e-07      3.96e-05        0.02
   8      -202.291984318     -5.63e-08      1.65e-05        0.02
   9      -202.291984324     -5.76e-09      6.44e-06        0.03
  10      -202.291984325     -1.34e-09      2.51e-06        0.02

 SCF converged in 9 iterations.

 Entropy contribution (-ST):             0.000000000
 Dipole moment (in Debye):              -0.798793       6.068873      -2.628998
 Setting up Delta-SCF
 Ground-Excited state overlap:           0.000000000
 No correction applied to the TDM.
 Excitation energy:                      0.110628731
 Excitation energy (in eV):              3.010361130
 Transition dipole:                     -2.32519       1.81555      -1.45356
 Saving results in set 'frame_1285'

 --------------------------------------------------------------------------------

 End time:                               Mon May 24 15:47:06 2021
 Total wall-clock time:                  0.556 seconds
==================================================================================
