
================================================================================
          _____________ ________ _______________ ________     _________         
         / ___________// ______ \\_____   _____// ______ \   / ________)        
        / /_________  / /      \ \     | |     / /      \ \ | (_______          
       |  __________|| |        | |    | |    | |        | | \________ \        
        \ \_________ | |        | |    | |     \ \______/ /___________) |       
         \__________||_|        |_|    |_|      \________//____________/        
                                                                                
====================================[ Qcore ]===================================

 Git hash:   b27a5f96910dca04bf09adb1496985de0081c8b6
 Git date:   Tue, 11 May 2021 09:58:05 -0400
 Compiler:   AppleClang 10.0.1.10010046
 Build type: Release
 Version:    1.2.0

 Start time: Mon May 24 15:55:14 2021

 Data directory: /Users/of15641/qcore/cmake-build-release/share/entos/1.2.0/data
 Number of threads: 2
 Number of threads was determined by: number of physical cores

 --------------------------------------------------------------------------------
                                  command: bchla                                 
 --------------------------------------------------------------------------------
 XTB basis setup:                        reference basis
 Number of basis functions:            404
 GFN version:                            gfn1
 Integral screening threshold:           1.00e-10
 Total charge:                           0.000000000
 Number of electrons:                  344.000000000
 Electronic temperature (Kelvin):        0.000000000

 D3BJ energy:                           -0.094983198
 Repulsive energy:                       2.556977057

 ------------------------------------------------
  Running self-consistent charge (SCC) algorithm 
 ------------------------------------------------
 Broyden mixing factor:                  0.40
 Max number of iterations:             128
 Conv. threshold (charge):               1.00e-05
 Conv. threshold (energy):               1.00e-06
 Initial guess:                          SAD

 ---------------------------------------------------------------
                  energy        change          grad        time
 ---------------------------------------------------------------
   0      -201.672534745                    6.42e-01        0.02
   1      -202.248282512     -5.76e-01      3.75e-01        0.02
   2      -202.237769949      1.05e-02      5.67e-02        0.02
   3      -202.256328923     -1.86e-02      9.27e-03        0.02
   4      -202.264281993     -7.95e-03      1.95e-03        0.02
   5      -202.264632054     -3.50e-04      6.52e-04        0.02
   6      -202.264654938     -2.29e-05      1.43e-04        0.02
   7      -202.264655614     -6.76e-07      4.97e-05        0.02
   8      -202.264655810     -1.96e-07      1.76e-05        0.02
   9      -202.264655817     -7.17e-09      7.09e-06        0.02
  10      -202.264655818     -7.70e-10      2.20e-06        0.02

 SCF converged in 9 iterations.

 Entropy contribution (-ST):             0.000000000
 Dipole moment (in Debye):              -1.957324       1.215652       3.375100
 Setting up Delta-SCF
 Ground-Excited state overlap:           0.000000000
 No correction applied to the TDM.
 Excitation energy:                      0.110791024
 Excitation energy (in eV):              3.014777351
 Transition dipole:                      1.76844       2.10611       1.73105
 Saving results in set 'frame_1910'

 --------------------------------------------------------------------------------

 End time:                               Mon May 24 15:55:14 2021
 Total wall-clock time:                  0.506 seconds
==================================================================================
