
================================================================================
          _____________ ________ _______________ ________     _________         
         / ___________// ______ \\_____   _____// ______ \   / ________)        
        / /_________  / /      \ \     | |     / /      \ \ | (_______          
       |  __________|| |        | |    | |    | |        | | \________ \        
        \ \_________ | |        | |    | |     \ \______/ /___________) |       
         \__________||_|        |_|    |_|      \________//____________/        
                                                                                
====================================[ Qcore ]===================================

 Git hash:   b27a5f96910dca04bf09adb1496985de0081c8b6
 Git date:   Tue, 11 May 2021 09:58:05 -0400
 Compiler:   AppleClang 10.0.1.10010046
 Build type: Release
 Version:    1.2.0

 Start time: Mon May 24 15:55:46 2021

 Data directory: /Users/of15641/qcore/cmake-build-release/share/entos/1.2.0/data
 Number of threads: 2
 Number of threads was determined by: number of physical cores

 --------------------------------------------------------------------------------
                                  command: bchla                                 
 --------------------------------------------------------------------------------
 XTB basis setup:                        reference basis
 Number of basis functions:            404
 GFN version:                            gfn1
 Integral screening threshold:           1.00e-10
 Total charge:                           0.000000000
 Number of electrons:                  344.000000000
 Electronic temperature (Kelvin):        0.000000000

 D3BJ energy:                           -0.097729486
 Repulsive energy:                       2.491338900

 ------------------------------------------------
  Running self-consistent charge (SCC) algorithm 
 ------------------------------------------------
 Broyden mixing factor:                  0.40
 Max number of iterations:             128
 Conv. threshold (charge):               1.00e-05
 Conv. threshold (energy):               1.00e-06
 Initial guess:                          SAD

 ---------------------------------------------------------------
                  energy        change          grad        time
 ---------------------------------------------------------------
   0      -201.652120147                    6.42e-01        0.04
   1      -202.253475403     -6.01e-01      3.75e-01        0.03
   2      -202.238549805      1.49e-02      5.90e-02        0.03
   3      -202.256310369     -1.78e-02      1.20e-02        0.02
   4      -202.268961443     -1.27e-02      2.63e-03        0.03
   5      -202.269567060     -6.06e-04      6.76e-04        0.03
   6      -202.269588618     -2.16e-05      1.88e-04        0.02
   7      -202.269590386     -1.77e-06      6.22e-05        0.03
   8      -202.269590735     -3.49e-07      2.20e-05        0.02
   9      -202.269590747     -1.17e-08      8.56e-06        0.03
  10      -202.269590747     -6.05e-10      2.99e-06        0.02

 SCF converged in 9 iterations.

 Entropy contribution (-ST):             0.000000000
 Dipole moment (in Debye):              -4.310679       4.461154       1.960009
 Setting up Delta-SCF
 Ground-Excited state overlap:           0.000000000
 No correction applied to the TDM.
 Excitation energy:                      0.108247719
 Excitation energy (in eV):              2.945570495
 Transition dipole:                     -0.73007      -2.95371      -1.81601
 Saving results in set 'frame_1950'

 --------------------------------------------------------------------------------

 End time:                               Mon May 24 15:55:46 2021
 Total wall-clock time:                  0.704 seconds
==================================================================================
