
================================================================================
          _____________ ________ _______________ ________     _________         
         / ___________// ______ \\_____   _____// ______ \   / ________)        
        / /_________  / /      \ \     | |     / /      \ \ | (_______          
       |  __________|| |        | |    | |    | |        | | \________ \        
        \ \_________ | |        | |    | |     \ \______/ /___________) |       
         \__________||_|        |_|    |_|      \________//____________/        
                                                                                
====================================[ Qcore ]===================================

 Git hash:   b27a5f96910dca04bf09adb1496985de0081c8b6
 Git date:   Tue, 11 May 2021 09:58:05 -0400
 Compiler:   AppleClang 10.0.1.10010046
 Build type: Release
 Version:    1.2.0

 Start time: Mon May 24 15:58:30 2021

 Data directory: /Users/of15641/qcore/cmake-build-release/share/entos/1.2.0/data
 Number of threads: 2
 Number of threads was determined by: number of physical cores

 --------------------------------------------------------------------------------
                                  command: bchla                                 
 --------------------------------------------------------------------------------
 XTB basis setup:                        reference basis
 Number of basis functions:            404
 GFN version:                            gfn1
 Integral screening threshold:           1.00e-10
 Total charge:                           0.000000000
 Number of electrons:                  344.000000000
 Electronic temperature (Kelvin):        0.000000000

 D3BJ energy:                           -0.096782809
 Repulsive energy:                       2.537538839

 ------------------------------------------------
  Running self-consistent charge (SCC) algorithm 
 ------------------------------------------------
 Broyden mixing factor:                  0.40
 Max number of iterations:             128
 Conv. threshold (charge):               1.00e-05
 Conv. threshold (energy):               1.00e-06
 Initial guess:                          SAD

 ---------------------------------------------------------------
                  energy        change          grad        time
 ---------------------------------------------------------------
   0      -201.669521081                    6.44e-01        0.02
   1      -202.298830573     -6.29e-01      3.76e-01        0.02
   2      -202.281898950      1.69e-02      5.99e-02        0.02
   3      -202.302846973     -2.09e-02      1.20e-02        0.02
   4      -202.316943568     -1.41e-02      2.32e-03        0.02
   5      -202.317441434     -4.98e-04      6.80e-04        0.02
   6      -202.317462464     -2.10e-05      1.38e-04        0.02
   7      -202.317462958     -4.93e-07      4.26e-05        0.02
   8      -202.317463018     -6.06e-08      1.97e-05        0.02
   9      -202.317463025     -6.76e-09      7.69e-06        0.02
  10      -202.317463027     -1.60e-09      2.74e-06        0.02

 SCF converged in 9 iterations.

 Entropy contribution (-ST):             0.000000000
 Dipole moment (in Debye):               1.483706       1.265841      -0.611493
 Setting up Delta-SCF
 Ground-Excited state overlap:          -0.000000000
 No correction applied to the TDM.
 Excitation energy:                      0.113726422
 Excitation energy (in eV):              3.094653597
 Transition dipole:                     -2.76114      -0.07350       1.69246
 Saving results in set 'frame_346'

 --------------------------------------------------------------------------------

 End time:                               Mon May 24 15:58:31 2021
 Total wall-clock time:                  0.568 seconds
==================================================================================
