
================================================================================
          _____________ ________ _______________ ________     _________         
         / ___________// ______ \\_____   _____// ______ \   / ________)        
        / /_________  / /      \ \     | |     / /      \ \ | (_______          
       |  __________|| |        | |    | |    | |        | | \________ \        
        \ \_________ | |        | |    | |     \ \______/ /___________) |       
         \__________||_|        |_|    |_|      \________//____________/        
                                                                                
====================================[ Qcore ]===================================

 Git hash:   b27a5f96910dca04bf09adb1496985de0081c8b6
 Git date:   Tue, 11 May 2021 09:58:05 -0400
 Compiler:   AppleClang 10.0.1.10010046
 Build type: Release
 Version:    1.2.0

 Start time: Mon May 24 15:47:19 2021

 Data directory: /Users/of15641/qcore/cmake-build-release/share/entos/1.2.0/data
 Number of threads: 2
 Number of threads was determined by: number of physical cores

 --------------------------------------------------------------------------------
                                  command: bchla                                 
 --------------------------------------------------------------------------------
 XTB basis setup:                        reference basis
 Number of basis functions:            404
 GFN version:                            gfn1
 Integral screening threshold:           1.00e-10
 Total charge:                           0.000000000
 Number of electrons:                  344.000000000
 Electronic temperature (Kelvin):        0.000000000

 D3BJ energy:                           -0.100100536
 Repulsive energy:                       2.495404064

 ------------------------------------------------
  Running self-consistent charge (SCC) algorithm 
 ------------------------------------------------
 Broyden mixing factor:                  0.40
 Max number of iterations:             128
 Conv. threshold (charge):               1.00e-05
 Conv. threshold (energy):               1.00e-06
 Initial guess:                          SAD

 ---------------------------------------------------------------
                  energy        change          grad        time
 ---------------------------------------------------------------
   0      -201.681278865                    6.42e-01        0.03
   1      -202.261281090     -5.80e-01      3.75e-01        0.02
   2      -202.246679840      1.46e-02      5.71e-02        0.02
   3      -202.263950650     -1.73e-02      1.11e-02        0.02
   4      -202.276463618     -1.25e-02      2.04e-03        0.02
   5      -202.276845706     -3.82e-04      6.28e-04        0.02
   6      -202.276863400     -1.77e-05      1.48e-04        0.02
   7      -202.276864049     -6.49e-07      4.74e-05        0.02
   8      -202.276864249     -1.99e-07      1.76e-05        0.02
   9      -202.276864259     -1.03e-08      6.66e-06        0.02
  10      -202.276864260     -4.45e-10      2.41e-06        0.02

 SCF converged in 9 iterations.

 Entropy contribution (-ST):             0.000000000
 Dipole moment (in Debye):               0.024443       4.339560      -3.512833
 Setting up Delta-SCF
 Ground-Excited state overlap:          -0.000000000
 No correction applied to the TDM.
 Excitation energy:                      0.112004089
 Excitation energy (in eV):              3.047786538
 Transition dipole:                     -2.45371       1.03342      -2.07424
 Saving results in set 'frame_1306'

 --------------------------------------------------------------------------------

 End time:                               Mon May 24 15:47:20 2021
 Total wall-clock time:                  0.518 seconds
==================================================================================
