
================================================================================
          _____________ ________ _______________ ________     _________         
         / ___________// ______ \\_____   _____// ______ \   / ________)        
        / /_________  / /      \ \     | |     / /      \ \ | (_______          
       |  __________|| |        | |    | |    | |        | | \________ \        
        \ \_________ | |        | |    | |     \ \______/ /___________) |       
         \__________||_|        |_|    |_|      \________//____________/        
                                                                                
====================================[ Qcore ]===================================

 Git hash:   b27a5f96910dca04bf09adb1496985de0081c8b6
 Git date:   Tue, 11 May 2021 09:58:05 -0400
 Compiler:   AppleClang 10.0.1.10010046
 Build type: Release
 Version:    1.2.0

 Start time: Mon May 24 15:48:10 2021

 Data directory: /Users/of15641/qcore/cmake-build-release/share/entos/1.2.0/data
 Number of threads: 2
 Number of threads was determined by: number of physical cores

 --------------------------------------------------------------------------------
                                  command: bchla                                 
 --------------------------------------------------------------------------------
 XTB basis setup:                        reference basis
 Number of basis functions:            404
 GFN version:                            gfn1
 Integral screening threshold:           1.00e-10
 Total charge:                           0.000000000
 Number of electrons:                  344.000000000
 Electronic temperature (Kelvin):        0.000000000

 D3BJ energy:                           -0.104975596
 Repulsive energy:                       2.567857623

 ------------------------------------------------
  Running self-consistent charge (SCC) algorithm 
 ------------------------------------------------
 Broyden mixing factor:                  0.40
 Max number of iterations:             128
 Conv. threshold (charge):               1.00e-05
 Conv. threshold (energy):               1.00e-06
 Initial guess:                          SAD

 ---------------------------------------------------------------
                  energy        change          grad        time
 ---------------------------------------------------------------
   0      -201.628922759                    6.44e-01        0.02
   1      -202.245243860     -6.16e-01      3.75e-01        0.02
   2      -202.222215831      2.30e-02      6.09e-02        0.02
   3      -202.244052225     -2.18e-02      1.49e-02        0.02
   4      -202.263672363     -1.96e-02      3.06e-03        0.02
   5      -202.264428472     -7.56e-04      7.29e-04        0.02
   6      -202.264449184     -2.07e-05      2.20e-04        0.02
   7      -202.264451752     -2.57e-06      6.72e-05        0.02
   8      -202.264452145     -3.93e-07      2.70e-05        0.02
   9      -202.264452157     -1.23e-08      1.17e-05        0.02
  10      -202.264452158     -1.01e-09      3.21e-06        0.02
  11      -202.264452159     -1.21e-10      9.27e-07        0.02

 SCF converged in 10 iterations.

 Entropy contribution (-ST):             0.000000000
 Dipole moment (in Debye):              -2.963130       3.769819       1.494321
 Setting up Delta-SCF
 Ground-Excited state overlap:           0.000000000
 No correction applied to the TDM.
 Excitation energy:                      0.108446460
 Excitation energy (in eV):              2.950978515
 Transition dipole:                     -3.16401       0.53576       1.03591
 Saving results in set 'frame_1382'

 --------------------------------------------------------------------------------

 End time:                               Mon May 24 15:48:11 2021
 Total wall-clock time:                  0.529 seconds
==================================================================================
