
================================================================================
          _____________ ________ _______________ ________     _________         
         / ___________// ______ \\_____   _____// ______ \   / ________)        
        / /_________  / /      \ \     | |     / /      \ \ | (_______          
       |  __________|| |        | |    | |    | |        | | \________ \        
        \ \_________ | |        | |    | |     \ \______/ /___________) |       
         \__________||_|        |_|    |_|      \________//____________/        
                                                                                
====================================[ Qcore ]===================================

 Git hash:   b27a5f96910dca04bf09adb1496985de0081c8b6
 Git date:   Tue, 11 May 2021 09:58:05 -0400
 Compiler:   AppleClang 10.0.1.10010046
 Build type: Release
 Version:    1.2.0

 Start time: Mon May 24 15:50:57 2021

 Data directory: /Users/of15641/qcore/cmake-build-release/share/entos/1.2.0/data
 Number of threads: 2
 Number of threads was determined by: number of physical cores

 --------------------------------------------------------------------------------
                                  command: bchla                                 
 --------------------------------------------------------------------------------
 XTB basis setup:                        reference basis
 Number of basis functions:            404
 GFN version:                            gfn1
 Integral screening threshold:           1.00e-10
 Total charge:                           0.000000000
 Number of electrons:                  344.000000000
 Electronic temperature (Kelvin):        0.000000000

 D3BJ energy:                           -0.095333064
 Repulsive energy:                       2.480648085

 ------------------------------------------------
  Running self-consistent charge (SCC) algorithm 
 ------------------------------------------------
 Broyden mixing factor:                  0.40
 Max number of iterations:             128
 Conv. threshold (charge):               1.00e-05
 Conv. threshold (energy):               1.00e-06
 Initial guess:                          SAD

 ---------------------------------------------------------------
                  energy        change          grad        time
 ---------------------------------------------------------------
   0      -201.645995555                    6.42e-01        0.03
   1      -202.263884641     -6.18e-01      3.75e-01        0.02
   2      -202.253211912      1.07e-02      5.95e-02        0.03
   3      -202.272565194     -1.94e-02      9.66e-03        0.03
   4      -202.280012082     -7.45e-03      2.47e-03        0.03
   5      -202.280593924     -5.82e-04      7.07e-04        0.03
   6      -202.280620141     -2.62e-05      1.57e-04        0.03
   7      -202.280620935     -7.95e-07      4.86e-05        0.03
   8      -202.280621130     -1.94e-07      1.94e-05        0.02
   9      -202.280621144     -1.38e-08      7.11e-06        0.03
  10      -202.280621144     -6.66e-10      2.51e-06        0.02

 SCF converged in 9 iterations.

 Entropy contribution (-ST):             0.000000000
 Dipole moment (in Debye):              -2.914578       3.222373       0.807487
 Setting up Delta-SCF
 Ground-Excited state overlap:           0.000000000
 No correction applied to the TDM.
 Excitation energy:                      0.109883827
 Excitation energy (in eV):              2.990091247
 Transition dipole:                     -2.00105       2.52885       1.83419
 Saving results in set 'frame_1599'

 --------------------------------------------------------------------------------

 End time:                               Mon May 24 15:50:58 2021
 Total wall-clock time:                  0.702 seconds
==================================================================================
