
================================================================================
          _____________ ________ _______________ ________     _________         
         / ___________// ______ \\_____   _____// ______ \   / ________)        
        / /_________  / /      \ \     | |     / /      \ \ | (_______          
       |  __________|| |        | |    | |    | |        | | \________ \        
        \ \_________ | |        | |    | |     \ \______/ /___________) |       
         \__________||_|        |_|    |_|      \________//____________/        
                                                                                
====================================[ Qcore ]===================================

 Git hash:   b27a5f96910dca04bf09adb1496985de0081c8b6
 Git date:   Tue, 11 May 2021 09:58:05 -0400
 Compiler:   AppleClang 10.0.1.10010046
 Build type: Release
 Version:    1.2.0

 Start time: Mon May 24 15:53:17 2021

 Data directory: /Users/of15641/qcore/cmake-build-release/share/entos/1.2.0/data
 Number of threads: 2
 Number of threads was determined by: number of physical cores

 --------------------------------------------------------------------------------
                                  command: bchla                                 
 --------------------------------------------------------------------------------
 XTB basis setup:                        reference basis
 Number of basis functions:            404
 GFN version:                            gfn1
 Integral screening threshold:           1.00e-10
 Total charge:                           0.000000000
 Number of electrons:                  344.000000000
 Electronic temperature (Kelvin):        0.000000000

 D3BJ energy:                           -0.098597414
 Repulsive energy:                       2.447220481

 ------------------------------------------------
  Running self-consistent charge (SCC) algorithm 
 ------------------------------------------------
 Broyden mixing factor:                  0.40
 Max number of iterations:             128
 Conv. threshold (charge):               1.00e-05
 Conv. threshold (energy):               1.00e-06
 Initial guess:                          SAD

 ---------------------------------------------------------------
                  energy        change          grad        time
 ---------------------------------------------------------------
   0      -201.589575598                    6.41e-01        0.04
   1      -202.203632403     -6.14e-01      3.74e-01        0.03
   2      -202.182814850      2.08e-02      6.01e-02        0.03
   3      -202.203740123     -2.09e-02      1.28e-02        0.03
   4      -202.220480860     -1.67e-02      2.32e-03        0.02
   5      -202.220951162     -4.70e-04      7.06e-04        0.02
   6      -202.220974366     -2.32e-05      1.88e-04        0.03
   7      -202.220976039     -1.67e-06      6.69e-05        0.02
   8      -202.220976476     -4.37e-07      2.04e-05        0.02
   9      -202.220976486     -1.08e-08      7.99e-06        0.02
  10      -202.220976487     -5.92e-10      2.69e-06        0.02

 SCF converged in 9 iterations.

 Entropy contribution (-ST):             0.000000000
 Dipole moment (in Debye):              -2.086729       4.193902       1.756722
 Setting up Delta-SCF
 Ground-Excited state overlap:          -0.000000000
 No correction applied to the TDM.
 Excitation energy:                      0.108599124
 Excitation energy (in eV):              2.955132706
 Transition dipole:                     -0.09238       3.40834       0.15243
 Saving results in set 'frame_1762'

 --------------------------------------------------------------------------------

 End time:                               Mon May 24 15:53:17 2021
 Total wall-clock time:                  0.687 seconds
==================================================================================
