
================================================================================
          _____________ ________ _______________ ________     _________         
         / ___________// ______ \\_____   _____// ______ \   / ________)        
        / /_________  / /      \ \     | |     / /      \ \ | (_______          
       |  __________|| |        | |    | |    | |        | | \________ \        
        \ \_________ | |        | |    | |     \ \______/ /___________) |       
         \__________||_|        |_|    |_|      \________//____________/        
                                                                                
====================================[ Qcore ]===================================

 Git hash:   b27a5f96910dca04bf09adb1496985de0081c8b6
 Git date:   Tue, 11 May 2021 09:58:05 -0400
 Compiler:   AppleClang 10.0.1.10010046
 Build type: Release
 Version:    1.2.0

 Start time: Mon May 24 16:06:41 2021

 Data directory: /Users/of15641/qcore/cmake-build-release/share/entos/1.2.0/data
 Number of threads: 2
 Number of threads was determined by: number of physical cores

 --------------------------------------------------------------------------------
                                  command: bchla                                 
 --------------------------------------------------------------------------------
 XTB basis setup:                        reference basis
 Number of basis functions:            404
 GFN version:                            gfn1
 Integral screening threshold:           1.00e-10
 Total charge:                           0.000000000
 Number of electrons:                  344.000000000
 Electronic temperature (Kelvin):        0.000000000

 D3BJ energy:                           -0.094389956
 Repulsive energy:                       2.532458698

 ------------------------------------------------
  Running self-consistent charge (SCC) algorithm 
 ------------------------------------------------
 Broyden mixing factor:                  0.40
 Max number of iterations:             128
 Conv. threshold (charge):               1.00e-05
 Conv. threshold (energy):               1.00e-06
 Initial guess:                          SAD

 ---------------------------------------------------------------
                  energy        change          grad        time
 ---------------------------------------------------------------
   0      -201.754720682                    6.43e-01        0.02
   1      -202.311025212     -5.56e-01      3.75e-01        0.02
   2      -202.298381541      1.26e-02      5.52e-02        0.02
   3      -202.312527098     -1.41e-02      1.17e-02        0.03
   4      -202.325729439     -1.32e-02      2.90e-03        0.02
   5      -202.326503487     -7.74e-04      7.75e-04        0.02
   6      -202.326535786     -3.23e-05      2.52e-04        0.02
   7      -202.326539764     -3.98e-06      7.42e-05        0.02
   8      -202.326540312     -5.48e-07      1.98e-05        0.02
   9      -202.326540319     -6.60e-09      8.33e-06        0.02
  10      -202.326540319     -5.28e-10      2.75e-06        0.02

 SCF converged in 9 iterations.

 Entropy contribution (-ST):             0.000000000
 Dipole moment (in Debye):               1.283132      -1.696993      -3.305178
 Setting up Delta-SCF
 Ground-Excited state overlap:          -0.000000000
 No correction applied to the TDM.
 Excitation energy:                      0.105522601
 Excitation energy (in eV):              2.871416248
 Transition dipole:                      0.13605       1.43898       3.44101
 Saving results in set 'frame_885'

 --------------------------------------------------------------------------------

 End time:                               Mon May 24 16:06:42 2021
 Total wall-clock time:                  0.615 seconds
==================================================================================
