
================================================================================
          _____________ ________ _______________ ________     _________         
         / ___________// ______ \\_____   _____// ______ \   / ________)        
        / /_________  / /      \ \     | |     / /      \ \ | (_______          
       |  __________|| |        | |    | |    | |        | | \________ \        
        \ \_________ | |        | |    | |     \ \______/ /___________) |       
         \__________||_|        |_|    |_|      \________//____________/        
                                                                                
====================================[ Qcore ]===================================

 Git hash:   b27a5f96910dca04bf09adb1496985de0081c8b6
 Git date:   Tue, 11 May 2021 09:58:05 -0400
 Compiler:   AppleClang 10.0.1.10010046
 Build type: Release
 Version:    1.2.0

 Start time: Mon May 24 16:05:58 2021

 Data directory: /Users/of15641/qcore/cmake-build-release/share/entos/1.2.0/data
 Number of threads: 2
 Number of threads was determined by: number of physical cores

 --------------------------------------------------------------------------------
                                  command: bchla                                 
 --------------------------------------------------------------------------------
 XTB basis setup:                        reference basis
 Number of basis functions:            404
 GFN version:                            gfn1
 Integral screening threshold:           1.00e-10
 Total charge:                           0.000000000
 Number of electrons:                  344.000000000
 Electronic temperature (Kelvin):        0.000000000

 D3BJ energy:                           -0.092981521
 Repulsive energy:                       2.507616440

 ------------------------------------------------
  Running self-consistent charge (SCC) algorithm 
 ------------------------------------------------
 Broyden mixing factor:                  0.40
 Max number of iterations:             128
 Conv. threshold (charge):               1.00e-05
 Conv. threshold (energy):               1.00e-06
 Initial guess:                          SAD

 ---------------------------------------------------------------
                  energy        change          grad        time
 ---------------------------------------------------------------
   0      -201.706626700                    6.43e-01        0.03
   1      -202.302807706     -5.96e-01      3.75e-01        0.02
   2      -202.297149101      5.66e-03      5.78e-02        0.03
   3      -202.313892919     -1.67e-02      7.48e-03        0.02
   4      -202.317609784     -3.72e-03      1.79e-03        0.03
   5      -202.317878370     -2.69e-04      7.44e-04        0.02
   6      -202.317920950     -4.26e-05      1.56e-04        0.03
   7      -202.317921796     -8.46e-07      4.36e-05        0.02
   8      -202.317921909     -1.13e-07      1.73e-05        0.03
   9      -202.317921920     -1.03e-08      6.75e-06        0.02
  10      -202.317921921     -1.50e-09      2.09e-06        0.03

 SCF converged in 9 iterations.

 Entropy contribution (-ST):             0.000000000
 Dipole moment (in Debye):               0.232882      -0.004797      -3.885788
 Setting up Delta-SCF
 Ground-Excited state overlap:           0.000000000
 No correction applied to the TDM.
 Excitation energy:                      0.112102414
 Excitation energy (in eV):              3.050462090
 Transition dipole:                     -0.00456       1.29701       2.87897
 Saving results in set 'frame_834'

 --------------------------------------------------------------------------------

 End time:                               Mon May 24 16:05:58 2021
 Total wall-clock time:                  0.658 seconds
==================================================================================
