
================================================================================
          _____________ ________ _______________ ________     _________         
         / ___________// ______ \\_____   _____// ______ \   / ________)        
        / /_________  / /      \ \     | |     / /      \ \ | (_______          
       |  __________|| |        | |    | |    | |        | | \________ \        
        \ \_________ | |        | |    | |     \ \______/ /___________) |       
         \__________||_|        |_|    |_|      \________//____________/        
                                                                                
====================================[ Qcore ]===================================

 Git hash:   b27a5f96910dca04bf09adb1496985de0081c8b6
 Git date:   Tue, 11 May 2021 09:58:05 -0400
 Compiler:   AppleClang 10.0.1.10010046
 Build type: Release
 Version:    1.2.0

 Start time: Mon May 24 15:57:48 2021

 Data directory: /Users/of15641/qcore/cmake-build-release/share/entos/1.2.0/data
 Number of threads: 2
 Number of threads was determined by: number of physical cores

 --------------------------------------------------------------------------------
                                  command: bchla                                 
 --------------------------------------------------------------------------------
 XTB basis setup:                        reference basis
 Number of basis functions:            404
 GFN version:                            gfn1
 Integral screening threshold:           1.00e-10
 Total charge:                           0.000000000
 Number of electrons:                  344.000000000
 Electronic temperature (Kelvin):        0.000000000

 D3BJ energy:                           -0.096537813
 Repulsive energy:                       2.493372138

 ------------------------------------------------
  Running self-consistent charge (SCC) algorithm 
 ------------------------------------------------
 Broyden mixing factor:                  0.40
 Max number of iterations:             128
 Conv. threshold (charge):               1.00e-05
 Conv. threshold (energy):               1.00e-06
 Initial guess:                          SAD

 ---------------------------------------------------------------
                  energy        change          grad        time
 ---------------------------------------------------------------
   0      -201.646328144                    6.42e-01        0.03
   1      -202.242072873     -5.96e-01      3.75e-01        0.03
   2      -202.231179605      1.09e-02      5.76e-02        0.03
   3      -202.248487217     -1.73e-02      9.88e-03        0.03
   4      -202.257499748     -9.01e-03      2.39e-03        0.02
   5      -202.258046733     -5.47e-04      7.13e-04        0.03
   6      -202.258073893     -2.72e-05      1.84e-04        0.02
   7      -202.258075194     -1.30e-06      7.74e-05        0.03
   8      -202.258075820     -6.26e-07      2.21e-05        0.02
   9      -202.258075833     -1.35e-08      8.14e-06        0.03
  10      -202.258075834     -5.66e-10      2.87e-06        0.02

 SCF converged in 9 iterations.

 Entropy contribution (-ST):             0.000000000
 Dipole moment (in Debye):               1.787852      -1.190850       2.051943
 Setting up Delta-SCF
 Ground-Excited state overlap:          -0.000000000
 No correction applied to the TDM.
 Excitation energy:                      0.105579755
 Excitation energy (in eV):              2.872971491
 Transition dipole:                      1.49080      -3.25923      -0.13932
 Saving results in set 'frame_292'

 --------------------------------------------------------------------------------

 End time:                               Mon May 24 15:57:49 2021
 Total wall-clock time:                  0.686 seconds
==================================================================================
