
================================================================================
          _____________ ________ _______________ ________     _________         
         / ___________// ______ \\_____   _____// ______ \   / ________)        
        / /_________  / /      \ \     | |     / /      \ \ | (_______          
       |  __________|| |        | |    | |    | |        | | \________ \        
        \ \_________ | |        | |    | |     \ \______/ /___________) |       
         \__________||_|        |_|    |_|      \________//____________/        
                                                                                
====================================[ Qcore ]===================================

 Git hash:   b27a5f96910dca04bf09adb1496985de0081c8b6
 Git date:   Tue, 11 May 2021 09:58:05 -0400
 Compiler:   AppleClang 10.0.1.10010046
 Build type: Release
 Version:    1.2.0

 Start time: Mon May 24 15:44:20 2021

 Data directory: /Users/of15641/qcore/cmake-build-release/share/entos/1.2.0/data
 Number of threads: 2
 Number of threads was determined by: number of physical cores

 --------------------------------------------------------------------------------
                                  command: bchla                                 
 --------------------------------------------------------------------------------
 XTB basis setup:                        reference basis
 Number of basis functions:            404
 GFN version:                            gfn1
 Integral screening threshold:           1.00e-10
 Total charge:                           0.000000000
 Number of electrons:                  344.000000000
 Electronic temperature (Kelvin):        0.000000000

 D3BJ energy:                           -0.096756707
 Repulsive energy:                       2.504714578

 ------------------------------------------------
  Running self-consistent charge (SCC) algorithm 
 ------------------------------------------------
 Broyden mixing factor:                  0.40
 Max number of iterations:             128
 Conv. threshold (charge):               1.00e-05
 Conv. threshold (energy):               1.00e-06
 Initial guess:                          SAD

 ---------------------------------------------------------------
                  energy        change          grad        time
 ---------------------------------------------------------------
   0      -201.661625649                    6.41e-01        0.02
   1      -202.260822986     -5.99e-01      3.74e-01        0.02
   2      -202.244820919      1.60e-02      5.93e-02        0.02
   3      -202.263955337     -1.91e-02      1.22e-02        0.02
   4      -202.276956386     -1.30e-02      2.53e-03        0.02
   5      -202.277532139     -5.76e-04      6.79e-04        0.02
   6      -202.277554325     -2.22e-05      1.77e-04        0.02
   7      -202.277555902     -1.58e-06      6.12e-05        0.02
   8      -202.277556275     -3.72e-07      2.26e-05        0.02
   9      -202.277556286     -1.09e-08      8.17e-06        0.02
  10      -202.277556286     -5.14e-10      2.91e-06        0.02

 SCF converged in 9 iterations.

 Entropy contribution (-ST):             0.000000000
 Dipole moment (in Debye):               2.855258       4.831298      -1.276163
 Setting up Delta-SCF
 Ground-Excited state overlap:          -0.000000000
 No correction applied to the TDM.
 Excitation energy:                      0.106385178
 Excitation energy (in eV):              2.894888171
 Transition dipole:                     -1.81693      -0.35134       2.66454
 Saving results in set 'frame_104'

 --------------------------------------------------------------------------------

 End time:                               Mon May 24 15:44:21 2021
 Total wall-clock time:                  0.474 seconds
==================================================================================
