
================================================================================
          _____________ ________ _______________ ________     _________         
         / ___________// ______ \\_____   _____// ______ \   / ________)        
        / /_________  / /      \ \     | |     / /      \ \ | (_______          
       |  __________|| |        | |    | |    | |        | | \________ \        
        \ \_________ | |        | |    | |     \ \______/ /___________) |       
         \__________||_|        |_|    |_|      \________//____________/        
                                                                                
====================================[ Qcore ]===================================

 Git hash:   b27a5f96910dca04bf09adb1496985de0081c8b6
 Git date:   Tue, 11 May 2021 09:58:05 -0400
 Compiler:   AppleClang 10.0.1.10010046
 Build type: Release
 Version:    1.2.0

 Start time: Mon May 24 15:50:28 2021

 Data directory: /Users/of15641/qcore/cmake-build-release/share/entos/1.2.0/data
 Number of threads: 2
 Number of threads was determined by: number of physical cores

 --------------------------------------------------------------------------------
                                  command: bchla                                 
 --------------------------------------------------------------------------------
 XTB basis setup:                        reference basis
 Number of basis functions:            404
 GFN version:                            gfn1
 Integral screening threshold:           1.00e-10
 Total charge:                           0.000000000
 Number of electrons:                  344.000000000
 Electronic temperature (Kelvin):        0.000000000

 D3BJ energy:                           -0.097086191
 Repulsive energy:                       2.503777946

 ------------------------------------------------
  Running self-consistent charge (SCC) algorithm 
 ------------------------------------------------
 Broyden mixing factor:                  0.40
 Max number of iterations:             128
 Conv. threshold (charge):               1.00e-05
 Conv. threshold (energy):               1.00e-06
 Initial guess:                          SAD

 ---------------------------------------------------------------
                  energy        change          grad        time
 ---------------------------------------------------------------
   0      -201.675741560                    6.43e-01        0.03
   1      -202.273601739     -5.98e-01      3.75e-01        0.03
   2      -202.252684361      2.09e-02      5.82e-02        0.02
   3      -202.272248992     -1.96e-02      1.35e-02        0.02
   4      -202.291000650     -1.88e-02      2.31e-03        0.02
   5      -202.291461960     -4.61e-04      6.60e-04        0.02
   6      -202.291478707     -1.67e-05      1.61e-04        0.02
   7      -202.291479390     -6.83e-07      5.15e-05        0.02
   8      -202.291479536     -1.46e-07      2.19e-05        0.02
   9      -202.291479548     -1.17e-08      8.37e-06        0.02
  10      -202.291479548     -7.36e-10      2.88e-06        0.02

 SCF converged in 9 iterations.

 Entropy contribution (-ST):             0.000000000
 Dipole moment (in Debye):              -2.420775       3.627007       0.716139
 Setting up Delta-SCF
 Ground-Excited state overlap:          -0.000000000
 No correction applied to the TDM.
 Excitation energy:                      0.113678776
 Excitation energy (in eV):              3.093357088
 Transition dipole:                      0.03659      -2.57217      -1.45091
 Saving results in set 'frame_1563'

 --------------------------------------------------------------------------------

 End time:                               Mon May 24 15:50:29 2021
 Total wall-clock time:                  0.616 seconds
==================================================================================
