
================================================================================
          _____________ ________ _______________ ________     _________         
         / ___________// ______ \\_____   _____// ______ \   / ________)        
        / /_________  / /      \ \     | |     / /      \ \ | (_______          
       |  __________|| |        | |    | |    | |        | | \________ \        
        \ \_________ | |        | |    | |     \ \______/ /___________) |       
         \__________||_|        |_|    |_|      \________//____________/        
                                                                                
====================================[ Qcore ]===================================

 Git hash:   b27a5f96910dca04bf09adb1496985de0081c8b6
 Git date:   Tue, 11 May 2021 09:58:05 -0400
 Compiler:   AppleClang 10.0.1.10010046
 Build type: Release
 Version:    1.2.0

 Start time: Mon May 24 15:44:46 2021

 Data directory: /Users/of15641/qcore/cmake-build-release/share/entos/1.2.0/data
 Number of threads: 2
 Number of threads was determined by: number of physical cores

 --------------------------------------------------------------------------------
                                  command: bchla                                 
 --------------------------------------------------------------------------------
 XTB basis setup:                        reference basis
 Number of basis functions:            404
 GFN version:                            gfn1
 Integral screening threshold:           1.00e-10
 Total charge:                           0.000000000
 Number of electrons:                  344.000000000
 Electronic temperature (Kelvin):        0.000000000

 D3BJ energy:                           -0.095104083
 Repulsive energy:                       2.480036070

 ------------------------------------------------
  Running self-consistent charge (SCC) algorithm 
 ------------------------------------------------
 Broyden mixing factor:                  0.40
 Max number of iterations:             128
 Conv. threshold (charge):               1.00e-05
 Conv. threshold (energy):               1.00e-06
 Initial guess:                          SAD

 ---------------------------------------------------------------
                  energy        change          grad        time
 ---------------------------------------------------------------
   0      -201.640977579                    6.43e-01        0.02
   1      -202.257509169     -6.17e-01      3.75e-01        0.02
   2      -202.244883447      1.26e-02      5.97e-02        0.02
   3      -202.264596129     -1.97e-02      1.03e-02        0.02
   4      -202.274309554     -9.71e-03      2.44e-03        0.02
   5      -202.274861361     -5.52e-04      6.61e-04        0.02
   6      -202.274879726     -1.84e-05      1.51e-04        0.02
   7      -202.274880476     -7.50e-07      4.58e-05        0.02
   8      -202.274880637     -1.61e-07      1.85e-05        0.02
   9      -202.274880648     -1.03e-08      7.22e-06        0.02
  10      -202.274880648     -6.43e-10      2.38e-06        0.02

 SCF converged in 9 iterations.

 Entropy contribution (-ST):             0.000000000
 Dipole moment (in Debye):              -1.333257      -0.620916      -4.563748
 Setting up Delta-SCF
 Ground-Excited state overlap:           0.000000000
 No correction applied to the TDM.
 Excitation energy:                      0.110634499
 Excitation energy (in eV):              3.010518082
 Transition dipole:                      1.90051       0.15453       2.93473
 Saving results in set 'frame_1082'

 --------------------------------------------------------------------------------

 End time:                               Mon May 24 15:44:47 2021
 Total wall-clock time:                  0.493 seconds
==================================================================================
