
================================================================================
          _____________ ________ _______________ ________     _________         
         / ___________// ______ \\_____   _____// ______ \   / ________)        
        / /_________  / /      \ \     | |     / /      \ \ | (_______          
       |  __________|| |        | |    | |    | |        | | \________ \        
        \ \_________ | |        | |    | |     \ \______/ /___________) |       
         \__________||_|        |_|    |_|      \________//____________/        
                                                                                
====================================[ Qcore ]===================================

 Git hash:   b27a5f96910dca04bf09adb1496985de0081c8b6
 Git date:   Tue, 11 May 2021 09:58:05 -0400
 Compiler:   AppleClang 10.0.1.10010046
 Build type: Release
 Version:    1.2.0

 Start time: Mon May 24 15:50:37 2021

 Data directory: /Users/of15641/qcore/cmake-build-release/share/entos/1.2.0/data
 Number of threads: 2
 Number of threads was determined by: number of physical cores

 --------------------------------------------------------------------------------
                                  command: bchla                                 
 --------------------------------------------------------------------------------
 XTB basis setup:                        reference basis
 Number of basis functions:            404
 GFN version:                            gfn1
 Integral screening threshold:           1.00e-10
 Total charge:                           0.000000000
 Number of electrons:                  344.000000000
 Electronic temperature (Kelvin):        0.000000000

 D3BJ energy:                           -0.098556070
 Repulsive energy:                       2.523932531

 ------------------------------------------------
  Running self-consistent charge (SCC) algorithm 
 ------------------------------------------------
 Broyden mixing factor:                  0.40
 Max number of iterations:             128
 Conv. threshold (charge):               1.00e-05
 Conv. threshold (energy):               1.00e-06
 Initial guess:                          SAD

 ---------------------------------------------------------------
                  energy        change          grad        time
 ---------------------------------------------------------------
   0      -201.667351022                    6.42e-01        0.03
   1      -202.246955244     -5.80e-01      3.75e-01        0.03
   2      -202.231778687      1.52e-02      5.75e-02        0.02
   3      -202.251440180     -1.97e-02      1.11e-02        0.02
   4      -202.263425279     -1.20e-02      2.27e-03        0.02
   5      -202.263896943     -4.72e-04      6.34e-04        0.02
   6      -202.263914425     -1.75e-05      1.60e-04        0.02
   7      -202.263915394     -9.70e-07      5.76e-05        0.02
   8      -202.263915719     -3.24e-07      2.06e-05        0.02
   9      -202.263915732     -1.29e-08      7.32e-06        0.03
  10      -202.263915732     -5.77e-10      2.65e-06        0.02

 SCF converged in 9 iterations.

 Entropy contribution (-ST):             0.000000000
 Dipole moment (in Debye):              -3.608459       3.815694       0.085966
 Setting up Delta-SCF
 Ground-Excited state overlap:           0.000000000
 No correction applied to the TDM.
 Excitation energy:                      0.108457465
 Excitation energy (in eV):              2.951277984
 Transition dipole:                     -2.37835       2.58365       1.03992
 Saving results in set 'frame_1574'

 --------------------------------------------------------------------------------

 End time:                               Mon May 24 15:50:38 2021
 Total wall-clock time:                  0.634 seconds
==================================================================================
