
================================================================================
          _____________ ________ _______________ ________     _________         
         / ___________// ______ \\_____   _____// ______ \   / ________)        
        / /_________  / /      \ \     | |     / /      \ \ | (_______          
       |  __________|| |        | |    | |    | |        | | \________ \        
        \ \_________ | |        | |    | |     \ \______/ /___________) |       
         \__________||_|        |_|    |_|      \________//____________/        
                                                                                
====================================[ Qcore ]===================================

 Git hash:   b27a5f96910dca04bf09adb1496985de0081c8b6
 Git date:   Tue, 11 May 2021 09:58:05 -0400
 Compiler:   AppleClang 10.0.1.10010046
 Build type: Release
 Version:    1.2.0

 Start time: Mon May 24 15:55:33 2021

 Data directory: /Users/of15641/qcore/cmake-build-release/share/entos/1.2.0/data
 Number of threads: 2
 Number of threads was determined by: number of physical cores

 --------------------------------------------------------------------------------
                                  command: bchla                                 
 --------------------------------------------------------------------------------
 XTB basis setup:                        reference basis
 Number of basis functions:            404
 GFN version:                            gfn1
 Integral screening threshold:           1.00e-10
 Total charge:                           0.000000000
 Number of electrons:                  344.000000000
 Electronic temperature (Kelvin):        0.000000000

 D3BJ energy:                           -0.096216881
 Repulsive energy:                       2.571191250

 ------------------------------------------------
  Running self-consistent charge (SCC) algorithm 
 ------------------------------------------------
 Broyden mixing factor:                  0.40
 Max number of iterations:             128
 Conv. threshold (charge):               1.00e-05
 Conv. threshold (energy):               1.00e-06
 Initial guess:                          SAD

 ---------------------------------------------------------------
                  energy        change          grad        time
 ---------------------------------------------------------------
   0      -201.741953782                    6.44e-01        0.04
   1      -202.321460866     -5.80e-01      3.76e-01        0.03
   2      -202.313990892      7.47e-03      5.61e-02        0.02
   3      -202.330007708     -1.60e-02      8.96e-03        0.03
   4      -202.336792279     -6.78e-03      2.06e-03        0.02
   5      -202.337148088     -3.56e-04      6.31e-04        0.03
   6      -202.337168437     -2.03e-05      1.32e-04        0.02
   7      -202.337168932     -4.96e-07      3.20e-05        0.03
   8      -202.337168960     -2.76e-08      1.23e-05        0.02
   9      -202.337168963     -3.47e-09      5.31e-06        0.03
  10      -202.337168964     -1.06e-09      1.95e-06        0.02

 SCF converged in 9 iterations.

 Entropy contribution (-ST):             0.000000000
 Dipole moment (in Debye):              -3.768258       3.326116       2.161604
 Setting up Delta-SCF
 Ground-Excited state overlap:          -0.000000000
 No correction applied to the TDM.
 Excitation energy:                      0.108758178
 Excitation energy (in eV):              2.959460787
 Transition dipole:                     -1.54754       1.33813       3.07517
 Saving results in set 'frame_1936'

 --------------------------------------------------------------------------------

 End time:                               Mon May 24 15:55:34 2021
 Total wall-clock time:                  0.678 seconds
==================================================================================
