
================================================================================
          _____________ ________ _______________ ________     _________         
         / ___________// ______ \\_____   _____// ______ \   / ________)        
        / /_________  / /      \ \     | |     / /      \ \ | (_______          
       |  __________|| |        | |    | |    | |        | | \________ \        
        \ \_________ | |        | |    | |     \ \______/ /___________) |       
         \__________||_|        |_|    |_|      \________//____________/        
                                                                                
====================================[ Qcore ]===================================

 Git hash:   b27a5f96910dca04bf09adb1496985de0081c8b6
 Git date:   Tue, 11 May 2021 09:58:05 -0400
 Compiler:   AppleClang 10.0.1.10010046
 Build type: Release
 Version:    1.2.0

 Start time: Mon May 24 16:00:01 2021

 Data directory: /Users/of15641/qcore/cmake-build-release/share/entos/1.2.0/data
 Number of threads: 2
 Number of threads was determined by: number of physical cores

 --------------------------------------------------------------------------------
                                  command: bchla                                 
 --------------------------------------------------------------------------------
 XTB basis setup:                        reference basis
 Number of basis functions:            404
 GFN version:                            gfn1
 Integral screening threshold:           1.00e-10
 Total charge:                           0.000000000
 Number of electrons:                  344.000000000
 Electronic temperature (Kelvin):        0.000000000

 D3BJ energy:                           -0.098321196
 Repulsive energy:                       2.484437795

 ------------------------------------------------
  Running self-consistent charge (SCC) algorithm 
 ------------------------------------------------
 Broyden mixing factor:                  0.40
 Max number of iterations:             128
 Conv. threshold (charge):               1.00e-05
 Conv. threshold (energy):               1.00e-06
 Initial guess:                          SAD

 ---------------------------------------------------------------
                  energy        change          grad        time
 ---------------------------------------------------------------
   0      -201.681784705                    6.42e-01        0.04
   1      -202.265981427     -5.84e-01      3.75e-01        0.03
   2      -202.242895904      2.31e-02      5.82e-02        0.02
   3      -202.265167339     -2.23e-02      1.38e-02        0.04
   4      -202.283838447     -1.87e-02      2.45e-03        0.02
   5      -202.284345571     -5.07e-04      6.47e-04        0.02
   6      -202.284360834     -1.53e-05      1.57e-04        0.04
   7      -202.284361658     -8.24e-07      4.93e-05        0.02
   8      -202.284361822     -1.64e-07      2.19e-05        0.03
   9      -202.284361834     -1.14e-08      8.59e-06        0.04
  10      -202.284361834     -5.04e-10      2.88e-06        0.02

 SCF converged in 9 iterations.

 Entropy contribution (-ST):             0.000000000
 Dipole moment (in Debye):               3.198098       2.336154      -3.981225
 Setting up Delta-SCF
 Ground-Excited state overlap:           0.000000000
 No correction applied to the TDM.
 Excitation energy:                      0.112571884
 Excitation energy (in eV):              3.063237022
 Transition dipole:                      1.58463      -1.77811      -2.31297
 Saving results in set 'frame_47'

 --------------------------------------------------------------------------------

 End time:                               Mon May 24 16:00:02 2021
 Total wall-clock time:                  0.795 seconds
==================================================================================
