
================================================================================
          _____________ ________ _______________ ________     _________         
         / ___________// ______ \\_____   _____// ______ \   / ________)        
        / /_________  / /      \ \     | |     / /      \ \ | (_______          
       |  __________|| |        | |    | |    | |        | | \________ \        
        \ \_________ | |        | |    | |     \ \______/ /___________) |       
         \__________||_|        |_|    |_|      \________//____________/        
                                                                                
====================================[ Qcore ]===================================

 Git hash:   b27a5f96910dca04bf09adb1496985de0081c8b6
 Git date:   Tue, 11 May 2021 09:58:05 -0400
 Compiler:   AppleClang 10.0.1.10010046
 Build type: Release
 Version:    1.2.0

 Start time: Mon May 24 15:58:16 2021

 Data directory: /Users/of15641/qcore/cmake-build-release/share/entos/1.2.0/data
 Number of threads: 2
 Number of threads was determined by: number of physical cores

 --------------------------------------------------------------------------------
                                  command: bchla                                 
 --------------------------------------------------------------------------------
 XTB basis setup:                        reference basis
 Number of basis functions:            404
 GFN version:                            gfn1
 Integral screening threshold:           1.00e-10
 Total charge:                           0.000000000
 Number of electrons:                  344.000000000
 Electronic temperature (Kelvin):        0.000000000

 D3BJ energy:                           -0.095904146
 Repulsive energy:                       2.567006143

 ------------------------------------------------
  Running self-consistent charge (SCC) algorithm 
 ------------------------------------------------
 Broyden mixing factor:                  0.40
 Max number of iterations:             128
 Conv. threshold (charge):               1.00e-05
 Conv. threshold (energy):               1.00e-06
 Initial guess:                          SAD

 ---------------------------------------------------------------
                  energy        change          grad        time
 ---------------------------------------------------------------
   0      -201.636876735                    6.42e-01        0.02
   1      -202.246168069     -6.09e-01      3.75e-01        0.02
   2      -202.228555055      1.76e-02      6.04e-02        0.02
   3      -202.251600840     -2.30e-02      1.20e-02        0.02
   4      -202.263746431     -1.21e-02      2.67e-03        0.02
   5      -202.264424975     -6.79e-04      6.80e-04        0.02
   6      -202.264447688     -2.27e-05      1.49e-04        0.02
   7      -202.264448338     -6.50e-07      5.43e-05        0.02
   8      -202.264448470     -1.32e-07      2.18e-05        0.02
   9      -202.264448479     -8.92e-09      9.34e-06        0.02
  10      -202.264448481     -2.48e-09      2.97e-06        0.02

 SCF converged in 9 iterations.

 Entropy contribution (-ST):             0.000000000
 Dipole moment (in Debye):               0.682569       2.046581       0.700691
 Setting up Delta-SCF
 Ground-Excited state overlap:          -0.000000000
 No correction applied to the TDM.
 Excitation energy:                      0.109619626
 Excitation energy (in eV):              2.982901992
 Transition dipole:                     -2.57294      -2.43847      -0.26438
 Saving results in set 'frame_325'

 --------------------------------------------------------------------------------

 End time:                               Mon May 24 15:58:16 2021
 Total wall-clock time:                  0.540 seconds
==================================================================================
