
================================================================================
          _____________ ________ _______________ ________     _________         
         / ___________// ______ \\_____   _____// ______ \   / ________)        
        / /_________  / /      \ \     | |     / /      \ \ | (_______          
       |  __________|| |        | |    | |    | |        | | \________ \        
        \ \_________ | |        | |    | |     \ \______/ /___________) |       
         \__________||_|        |_|    |_|      \________//____________/        
                                                                                
====================================[ Qcore ]===================================

 Git hash:   b27a5f96910dca04bf09adb1496985de0081c8b6
 Git date:   Tue, 11 May 2021 09:58:05 -0400
 Compiler:   AppleClang 10.0.1.10010046
 Build type: Release
 Version:    1.2.0

 Start time: Mon May 24 15:50:07 2021

 Data directory: /Users/of15641/qcore/cmake-build-release/share/entos/1.2.0/data
 Number of threads: 2
 Number of threads was determined by: number of physical cores

 --------------------------------------------------------------------------------
                                  command: bchla                                 
 --------------------------------------------------------------------------------
 XTB basis setup:                        reference basis
 Number of basis functions:            404
 GFN version:                            gfn1
 Integral screening threshold:           1.00e-10
 Total charge:                           0.000000000
 Number of electrons:                  344.000000000
 Electronic temperature (Kelvin):        0.000000000

 D3BJ energy:                           -0.096961716
 Repulsive energy:                       2.519086429

 ------------------------------------------------
  Running self-consistent charge (SCC) algorithm 
 ------------------------------------------------
 Broyden mixing factor:                  0.40
 Max number of iterations:             128
 Conv. threshold (charge):               1.00e-05
 Conv. threshold (energy):               1.00e-06
 Initial guess:                          SAD

 ---------------------------------------------------------------
                  energy        change          grad        time
 ---------------------------------------------------------------
   0      -201.695368212                    6.43e-01        0.03
   1      -202.313931177     -6.19e-01      3.75e-01        0.02
   2      -202.293237533      2.07e-02      6.15e-02        0.03
   3      -202.319007456     -2.58e-02      1.24e-02        0.02
   4      -202.332599848     -1.36e-02      2.52e-03        0.03
   5      -202.333214113     -6.14e-04      6.88e-04        0.02
   6      -202.333236838     -2.27e-05      1.61e-04        0.02
   7      -202.333237800     -9.63e-07      5.58e-05        0.03
   8      -202.333238066     -2.66e-07      2.13e-05        0.02
   9      -202.333238076     -9.41e-09      8.20e-06        0.02
  10      -202.333238076     -4.49e-10      2.66e-06        0.02

 SCF converged in 9 iterations.

 Entropy contribution (-ST):             0.000000000
 Dipole moment (in Debye):              -4.176409       3.231964      -0.758699
 Setting up Delta-SCF
 Ground-Excited state overlap:           0.000000000
 No correction applied to the TDM.
 Excitation energy:                      0.109861835
 Excitation energy (in eV):              2.989492829
 Transition dipole:                     -2.58936       2.35026       0.32862
 Saving results in set 'frame_1537'

 --------------------------------------------------------------------------------

 End time:                               Mon May 24 15:50:08 2021
 Total wall-clock time:                  0.622 seconds
==================================================================================
