
================================================================================
          _____________ ________ _______________ ________     _________         
         / ___________// ______ \\_____   _____// ______ \   / ________)        
        / /_________  / /      \ \     | |     / /      \ \ | (_______          
       |  __________|| |        | |    | |    | |        | | \________ \        
        \ \_________ | |        | |    | |     \ \______/ /___________) |       
         \__________||_|        |_|    |_|      \________//____________/        
                                                                                
====================================[ Qcore ]===================================

 Git hash:   b27a5f96910dca04bf09adb1496985de0081c8b6
 Git date:   Tue, 11 May 2021 09:58:05 -0400
 Compiler:   AppleClang 10.0.1.10010046
 Build type: Release
 Version:    1.2.0

 Start time: Mon May 24 15:46:43 2021

 Data directory: /Users/of15641/qcore/cmake-build-release/share/entos/1.2.0/data
 Number of threads: 2
 Number of threads was determined by: number of physical cores

 --------------------------------------------------------------------------------
                                  command: bchla                                 
 --------------------------------------------------------------------------------
 XTB basis setup:                        reference basis
 Number of basis functions:            404
 GFN version:                            gfn1
 Integral screening threshold:           1.00e-10
 Total charge:                           0.000000000
 Number of electrons:                  344.000000000
 Electronic temperature (Kelvin):        0.000000000

 D3BJ energy:                           -0.100606876
 Repulsive energy:                       2.543660787

 ------------------------------------------------
  Running self-consistent charge (SCC) algorithm 
 ------------------------------------------------
 Broyden mixing factor:                  0.40
 Max number of iterations:             128
 Conv. threshold (charge):               1.00e-05
 Conv. threshold (energy):               1.00e-06
 Initial guess:                          SAD

 ---------------------------------------------------------------
                  energy        change          grad        time
 ---------------------------------------------------------------
   0      -201.694321646                    6.43e-01        0.02
   1      -202.297756865     -6.03e-01      3.75e-01        0.02
   2      -202.278526179      1.92e-02      5.88e-02        0.02
   3      -202.300233930     -2.17e-02      1.20e-02        0.02
   4      -202.314582758     -1.43e-02      2.21e-03        0.02
   5      -202.315028285     -4.46e-04      6.64e-04        0.02
   6      -202.315049826     -2.15e-05      1.52e-04        0.02
   7      -202.315050443     -6.16e-07      4.69e-05        0.02
   8      -202.315050597     -1.55e-07      1.92e-05        0.02
   9      -202.315050612     -1.46e-08      7.45e-06        0.02
  10      -202.315050613     -1.20e-09      2.51e-06        0.02

 SCF converged in 9 iterations.

 Entropy contribution (-ST):             0.000000000
 Dipole moment (in Debye):              -1.579746       3.949816      -1.473977
 Setting up Delta-SCF
 Ground-Excited state overlap:          -0.000000000
 No correction applied to the TDM.
 Excitation energy:                      0.109607519
 Excitation energy (in eV):              2.982572529
 Transition dipole:                     -2.09410       2.68010      -0.93224
 Saving results in set 'frame_1249'

 --------------------------------------------------------------------------------

 End time:                               Mon May 24 15:46:43 2021
 Total wall-clock time:                  0.474 seconds
==================================================================================
