
================================================================================
          _____________ ________ _______________ ________     _________         
         / ___________// ______ \\_____   _____// ______ \   / ________)        
        / /_________  / /      \ \     | |     / /      \ \ | (_______          
       |  __________|| |        | |    | |    | |        | | \________ \        
        \ \_________ | |        | |    | |     \ \______/ /___________) |       
         \__________||_|        |_|    |_|      \________//____________/        
                                                                                
====================================[ Qcore ]===================================

 Git hash:   b27a5f96910dca04bf09adb1496985de0081c8b6
 Git date:   Tue, 11 May 2021 09:58:05 -0400
 Compiler:   AppleClang 10.0.1.10010046
 Build type: Release
 Version:    1.2.0

 Start time: Mon May 24 15:45:26 2021

 Data directory: /Users/of15641/qcore/cmake-build-release/share/entos/1.2.0/data
 Number of threads: 2
 Number of threads was determined by: number of physical cores

 --------------------------------------------------------------------------------
                                  command: bchla                                 
 --------------------------------------------------------------------------------
 XTB basis setup:                        reference basis
 Number of basis functions:            404
 GFN version:                            gfn1
 Integral screening threshold:           1.00e-10
 Total charge:                           0.000000000
 Number of electrons:                  344.000000000
 Electronic temperature (Kelvin):        0.000000000

 D3BJ energy:                           -0.095246372
 Repulsive energy:                       2.526948431

 ------------------------------------------------
  Running self-consistent charge (SCC) algorithm 
 ------------------------------------------------
 Broyden mixing factor:                  0.40
 Max number of iterations:             128
 Conv. threshold (charge):               1.00e-05
 Conv. threshold (energy):               1.00e-06
 Initial guess:                          SAD

 ---------------------------------------------------------------
                  energy        change          grad        time
 ---------------------------------------------------------------
   0      -201.668936296                    6.43e-01        0.03
   1      -202.252852435     -5.84e-01      3.75e-01        0.02
   2      -202.240372732      1.25e-02      5.76e-02        0.02
   3      -202.257932267     -1.76e-02      1.08e-02        0.02
   4      -202.268416372     -1.05e-02      2.12e-03        0.14
   5      -202.268775307     -3.59e-04      6.18e-04        0.02
   6      -202.268790839     -1.55e-05      1.43e-04        0.02
   7      -202.268791442     -6.02e-07      3.82e-05        0.02
   8      -202.268791472     -3.02e-08      1.53e-05        0.02
   9      -202.268791475     -3.03e-09      6.29e-06        0.02
  10      -202.268791476     -9.80e-10      2.21e-06        0.02

 SCF converged in 9 iterations.

 Entropy contribution (-ST):             0.000000000
 Dipole moment (in Debye):              -3.173804       2.889447      -3.665465
 Setting up Delta-SCF
 Ground-Excited state overlap:          -0.000000000
 No correction applied to the TDM.
 Excitation energy:                      0.114830354
 Excitation energy (in eV):              3.124693115
 Transition dipole:                      2.85387       0.09428      -0.17233
 Saving results in set 'frame_1136'

 --------------------------------------------------------------------------------

 End time:                               Mon May 24 15:45:27 2021
 Total wall-clock time:                  0.633 seconds
==================================================================================
