
================================================================================
          _____________ ________ _______________ ________     _________         
         / ___________// ______ \\_____   _____// ______ \   / ________)        
        / /_________  / /      \ \     | |     / /      \ \ | (_______          
       |  __________|| |        | |    | |    | |        | | \________ \        
        \ \_________ | |        | |    | |     \ \______/ /___________) |       
         \__________||_|        |_|    |_|      \________//____________/        
                                                                                
====================================[ Qcore ]===================================

 Git hash:   b27a5f96910dca04bf09adb1496985de0081c8b6
 Git date:   Tue, 11 May 2021 09:58:05 -0400
 Compiler:   AppleClang 10.0.1.10010046
 Build type: Release
 Version:    1.2.0

 Start time: Mon May 24 16:08:01 2021

 Data directory: /Users/of15641/qcore/cmake-build-release/share/entos/1.2.0/data
 Number of threads: 2
 Number of threads was determined by: number of physical cores

 --------------------------------------------------------------------------------
                                  command: bchla                                 
 --------------------------------------------------------------------------------
 XTB basis setup:                        reference basis
 Number of basis functions:            404
 GFN version:                            gfn1
 Integral screening threshold:           1.00e-10
 Total charge:                           0.000000000
 Number of electrons:                  344.000000000
 Electronic temperature (Kelvin):        0.000000000

 D3BJ energy:                           -0.096080342
 Repulsive energy:                       2.526758923

 ------------------------------------------------
  Running self-consistent charge (SCC) algorithm 
 ------------------------------------------------
 Broyden mixing factor:                  0.40
 Max number of iterations:             128
 Conv. threshold (charge):               1.00e-05
 Conv. threshold (energy):               1.00e-06
 Initial guess:                          SAD

 ---------------------------------------------------------------
                  energy        change          grad        time
 ---------------------------------------------------------------
   0      -201.694436774                    6.43e-01        0.02
   1      -202.295688213     -6.01e-01      3.75e-01        0.02
   2      -202.263704001      3.20e-02      6.00e-02        0.02
   3      -202.290089890     -2.64e-02      1.57e-02        0.02
   4      -202.315418600     -2.53e-02      2.39e-03        0.02
   5      -202.315898916     -4.80e-04      6.27e-04        0.02
   6      -202.315911609     -1.27e-05      1.55e-04        0.02
   7      -202.315912516     -9.07e-07      5.54e-05        0.02
   8      -202.315912746     -2.30e-07      2.42e-05        0.02
   9      -202.315912757     -1.08e-08      9.60e-06        0.02
  10      -202.315912758     -6.81e-10      2.60e-06        0.02

 SCF converged in 9 iterations.

 Entropy contribution (-ST):             0.000000000
 Dipole moment (in Debye):              -3.307968      -0.311154      -5.036373
 Setting up Delta-SCF
 Ground-Excited state overlap:          -0.000000000
 No correction applied to the TDM.
 Excitation energy:                      0.114805142
 Excitation energy (in eV):              3.124007069
 Transition dipole:                      2.70568      -0.11709       1.85876
 Saving results in set 'frame_996'

 --------------------------------------------------------------------------------

 End time:                               Mon May 24 16:08:02 2021
 Total wall-clock time:                  0.560 seconds
==================================================================================
