
================================================================================
          _____________ ________ _______________ ________     _________         
         / ___________// ______ \\_____   _____// ______ \   / ________)        
        / /_________  / /      \ \     | |     / /      \ \ | (_______          
       |  __________|| |        | |    | |    | |        | | \________ \        
        \ \_________ | |        | |    | |     \ \______/ /___________) |       
         \__________||_|        |_|    |_|      \________//____________/        
                                                                                
====================================[ Qcore ]===================================

 Git hash:   b27a5f96910dca04bf09adb1496985de0081c8b6
 Git date:   Tue, 11 May 2021 09:58:05 -0400
 Compiler:   AppleClang 10.0.1.10010046
 Build type: Release
 Version:    1.2.0

 Start time: Mon May 24 16:00:11 2021

 Data directory: /Users/of15641/qcore/cmake-build-release/share/entos/1.2.0/data
 Number of threads: 2
 Number of threads was determined by: number of physical cores

 --------------------------------------------------------------------------------
                                  command: bchla                                 
 --------------------------------------------------------------------------------
 XTB basis setup:                        reference basis
 Number of basis functions:            404
 GFN version:                            gfn1
 Integral screening threshold:           1.00e-10
 Total charge:                           0.000000000
 Number of electrons:                  344.000000000
 Electronic temperature (Kelvin):        0.000000000

 D3BJ energy:                           -0.098655978
 Repulsive energy:                       2.545500485

 ------------------------------------------------
  Running self-consistent charge (SCC) algorithm 
 ------------------------------------------------
 Broyden mixing factor:                  0.40
 Max number of iterations:             128
 Conv. threshold (charge):               1.00e-05
 Conv. threshold (energy):               1.00e-06
 Initial guess:                          SAD

 ---------------------------------------------------------------
                  energy        change          grad        time
 ---------------------------------------------------------------
   0      -201.641501064                    6.44e-01        0.17
   1      -202.243640769     -6.02e-01      3.76e-01        0.20
   2      -202.226792019      1.68e-02      5.86e-02        0.20
   3      -202.246423525     -1.96e-02      1.16e-02        0.14
   4      -202.259675115     -1.33e-02      2.23e-03        0.13
   5      -202.260119599     -4.44e-04      6.21e-04        0.05
   6      -202.260134831     -1.52e-05      1.54e-04        0.05
   7      -202.260135514     -6.83e-07      4.77e-05        0.05
   8      -202.260135675     -1.61e-07      1.94e-05        0.05
   9      -202.260135689     -1.47e-08      6.75e-06        0.06
  10      -202.260135690     -6.35e-10      2.60e-06        0.04

 SCF converged in 9 iterations.

 Entropy contribution (-ST):             0.000000000
 Dipole moment (in Debye):              -0.155385       2.158043      -0.190569
 Setting up Delta-SCF
 Ground-Excited state overlap:           0.000000000
 No correction applied to the TDM.
 Excitation energy:                      0.110597347
 Excitation energy (in eV):              3.009507138
 Transition dipole:                     -2.25395      -2.57841       0.25915
 Saving results in set 'frame_479'

 --------------------------------------------------------------------------------

 End time:                               Mon May 24 16:00:14 2021
 Total wall-clock time:                  2.957 seconds
==================================================================================
