
================================================================================
          _____________ ________ _______________ ________     _________         
         / ___________// ______ \\_____   _____// ______ \   / ________)        
        / /_________  / /      \ \     | |     / /      \ \ | (_______          
       |  __________|| |        | |    | |    | |        | | \________ \        
        \ \_________ | |        | |    | |     \ \______/ /___________) |       
         \__________||_|        |_|    |_|      \________//____________/        
                                                                                
====================================[ Qcore ]===================================

 Git hash:   b27a5f96910dca04bf09adb1496985de0081c8b6
 Git date:   Tue, 11 May 2021 09:58:05 -0400
 Compiler:   AppleClang 10.0.1.10010046
 Build type: Release
 Version:    1.2.0

 Start time: Mon May 24 15:55:27 2021

 Data directory: /Users/of15641/qcore/cmake-build-release/share/entos/1.2.0/data
 Number of threads: 2
 Number of threads was determined by: number of physical cores

 --------------------------------------------------------------------------------
                                  command: bchla                                 
 --------------------------------------------------------------------------------
 XTB basis setup:                        reference basis
 Number of basis functions:            404
 GFN version:                            gfn1
 Integral screening threshold:           1.00e-10
 Total charge:                           0.000000000
 Number of electrons:                  344.000000000
 Electronic temperature (Kelvin):        0.000000000

 D3BJ energy:                           -0.094307646
 Repulsive energy:                       2.507887439

 ------------------------------------------------
  Running self-consistent charge (SCC) algorithm 
 ------------------------------------------------
 Broyden mixing factor:                  0.40
 Max number of iterations:             128
 Conv. threshold (charge):               1.00e-05
 Conv. threshold (energy):               1.00e-06
 Initial guess:                          SAD

 ---------------------------------------------------------------
                  energy        change          grad        time
 ---------------------------------------------------------------
   0      -201.660175907                    6.43e-01        0.03
   1      -202.255339685     -5.95e-01      3.75e-01        0.03
   2      -202.244224197      1.11e-02      5.74e-02        0.02
   3      -202.260810343     -1.66e-02      1.04e-02        0.02
   4      -202.270388410     -9.58e-03      2.31e-03        0.02
   5      -202.270818053     -4.30e-04      6.98e-04        0.02
   6      -202.270841906     -2.39e-05      1.91e-04        0.03
   7      -202.270843852     -1.95e-06      6.52e-05        0.02
   8      -202.270844272     -4.20e-07      1.95e-05        0.02
   9      -202.270844279     -7.51e-09      7.31e-06        0.03
  10      -202.270844280     -4.20e-10      2.53e-06        0.02

 SCF converged in 9 iterations.

 Entropy contribution (-ST):             0.000000000
 Dipole moment (in Debye):              -2.715467       2.691153       4.938500
 Setting up Delta-SCF
 Ground-Excited state overlap:           0.000000000
 No correction applied to the TDM.
 Excitation energy:                      0.108333433
 Excitation energy (in eV):              2.947902898
 Transition dipole:                      1.32290       2.05748       2.64040
 Saving results in set 'frame_1929'

 --------------------------------------------------------------------------------

 End time:                               Mon May 24 15:55:28 2021
 Total wall-clock time:                  0.624 seconds
==================================================================================
