
================================================================================
          _____________ ________ _______________ ________     _________         
         / ___________// ______ \\_____   _____// ______ \   / ________)        
        / /_________  / /      \ \     | |     / /      \ \ | (_______          
       |  __________|| |        | |    | |    | |        | | \________ \        
        \ \_________ | |        | |    | |     \ \______/ /___________) |       
         \__________||_|        |_|    |_|      \________//____________/        
                                                                                
====================================[ Qcore ]===================================

 Git hash:   b27a5f96910dca04bf09adb1496985de0081c8b6
 Git date:   Tue, 11 May 2021 09:58:05 -0400
 Compiler:   AppleClang 10.0.1.10010046
 Build type: Release
 Version:    1.2.0

 Start time: Mon May 24 15:50:39 2021

 Data directory: /Users/of15641/qcore/cmake-build-release/share/entos/1.2.0/data
 Number of threads: 2
 Number of threads was determined by: number of physical cores

 --------------------------------------------------------------------------------
                                  command: bchla                                 
 --------------------------------------------------------------------------------
 XTB basis setup:                        reference basis
 Number of basis functions:            404
 GFN version:                            gfn1
 Integral screening threshold:           1.00e-10
 Total charge:                           0.000000000
 Number of electrons:                  344.000000000
 Electronic temperature (Kelvin):        0.000000000

 D3BJ energy:                           -0.094776693
 Repulsive energy:                       2.588292025

 ------------------------------------------------
  Running self-consistent charge (SCC) algorithm 
 ------------------------------------------------
 Broyden mixing factor:                  0.40
 Max number of iterations:             128
 Conv. threshold (charge):               1.00e-05
 Conv. threshold (energy):               1.00e-06
 Initial guess:                          SAD

 ---------------------------------------------------------------
                  energy        change          grad        time
 ---------------------------------------------------------------
   0      -201.565177477                    6.45e-01        0.02
   1      -202.198236585     -6.33e-01      3.76e-01        0.02
   2      -202.184549619      1.37e-02      6.01e-02        0.02
   3      -202.202107832     -1.76e-02      1.16e-02        0.02
   4      -202.214388052     -1.23e-02      2.45e-03        0.02
   5      -202.214904831     -5.17e-04      6.86e-04        0.02
   6      -202.214924916     -2.01e-05      1.57e-04        0.02
   7      -202.214925684     -7.68e-07      4.51e-05        0.02
   8      -202.214925800     -1.16e-07      1.88e-05        0.02
   9      -202.214925809     -9.27e-09      7.91e-06        0.02
  10      -202.214925811     -1.38e-09      2.90e-06        0.02

 SCF converged in 9 iterations.

 Entropy contribution (-ST):             0.000000000
 Dipole moment (in Debye):              -4.362086       4.696444       1.837967
 Setting up Delta-SCF
 Ground-Excited state overlap:           0.000000000
 No correction applied to the TDM.
 Excitation energy:                      0.109070456
 Excitation energy (in eV):              2.967958311
 Transition dipole:                      0.93640      -2.85942      -0.97653
 Saving results in set 'frame_1577'

 --------------------------------------------------------------------------------

 End time:                               Mon May 24 15:50:40 2021
 Total wall-clock time:                  0.603 seconds
==================================================================================
