
================================================================================
          _____________ ________ _______________ ________     _________         
         / ___________// ______ \\_____   _____// ______ \   / ________)        
        / /_________  / /      \ \     | |     / /      \ \ | (_______          
       |  __________|| |        | |    | |    | |        | | \________ \        
        \ \_________ | |        | |    | |     \ \______/ /___________) |       
         \__________||_|        |_|    |_|      \________//____________/        
                                                                                
====================================[ Qcore ]===================================

 Git hash:   b27a5f96910dca04bf09adb1496985de0081c8b6
 Git date:   Tue, 11 May 2021 09:58:05 -0400
 Compiler:   AppleClang 10.0.1.10010046
 Build type: Release
 Version:    1.2.0

 Start time: Mon May 24 15:48:37 2021

 Data directory: /Users/of15641/qcore/cmake-build-release/share/entos/1.2.0/data
 Number of threads: 2
 Number of threads was determined by: number of physical cores

 --------------------------------------------------------------------------------
                                  command: bchla                                 
 --------------------------------------------------------------------------------
 XTB basis setup:                        reference basis
 Number of basis functions:            404
 GFN version:                            gfn1
 Integral screening threshold:           1.00e-10
 Total charge:                           0.000000000
 Number of electrons:                  344.000000000
 Electronic temperature (Kelvin):        0.000000000

 D3BJ energy:                           -0.095816354
 Repulsive energy:                       2.539447007

 ------------------------------------------------
  Running self-consistent charge (SCC) algorithm 
 ------------------------------------------------
 Broyden mixing factor:                  0.40
 Max number of iterations:             128
 Conv. threshold (charge):               1.00e-05
 Conv. threshold (energy):               1.00e-06
 Initial guess:                          SAD

 ---------------------------------------------------------------
                  energy        change          grad        time
 ---------------------------------------------------------------
   0      -201.666770756                    6.43e-01        0.02
   1      -202.239283499     -5.73e-01      3.75e-01        0.02
   2      -202.231356665      7.93e-03      5.56e-02        0.02
   3      -202.246241461     -1.49e-02      9.04e-03        0.02
   4      -202.254061330     -7.82e-03      2.05e-03        0.02
   5      -202.254448227     -3.87e-04      6.85e-04        0.02
   6      -202.254472815     -2.46e-05      1.75e-04        0.02
   7      -202.254473858     -1.04e-06      7.26e-05        0.02
   8      -202.254474373     -5.16e-07      2.01e-05        0.02
   9      -202.254474382     -8.47e-09      8.03e-06        0.02
  10      -202.254474383     -7.89e-10      2.51e-06        0.02

 SCF converged in 9 iterations.

 Entropy contribution (-ST):             0.000000000
 Dipole moment (in Debye):              -1.405483       4.980853      -0.883918
 Setting up Delta-SCF
 Ground-Excited state overlap:           0.000000000
 No correction applied to the TDM.
 Excitation energy:                      0.109751777
 Excitation energy (in eV):              2.986497982
 Transition dipole:                     -3.35564       0.28826       0.16969
 Saving results in set 'frame_1423'

 --------------------------------------------------------------------------------

 End time:                               Mon May 24 15:48:38 2021
 Total wall-clock time:                  0.509 seconds
==================================================================================
