
================================================================================
          _____________ ________ _______________ ________     _________         
         / ___________// ______ \\_____   _____// ______ \   / ________)        
        / /_________  / /      \ \     | |     / /      \ \ | (_______          
       |  __________|| |        | |    | |    | |        | | \________ \        
        \ \_________ | |        | |    | |     \ \______/ /___________) |       
         \__________||_|        |_|    |_|      \________//____________/        
                                                                                
====================================[ Qcore ]===================================

 Git hash:   b27a5f96910dca04bf09adb1496985de0081c8b6
 Git date:   Tue, 11 May 2021 09:58:05 -0400
 Compiler:   AppleClang 10.0.1.10010046
 Build type: Release
 Version:    1.2.0

 Start time: Mon May 24 16:03:05 2021

 Data directory: /Users/of15641/qcore/cmake-build-release/share/entos/1.2.0/data
 Number of threads: 2
 Number of threads was determined by: number of physical cores

 --------------------------------------------------------------------------------
                                  command: bchla                                 
 --------------------------------------------------------------------------------
 XTB basis setup:                        reference basis
 Number of basis functions:            404
 GFN version:                            gfn1
 Integral screening threshold:           1.00e-10
 Total charge:                           0.000000000
 Number of electrons:                  344.000000000
 Electronic temperature (Kelvin):        0.000000000

 D3BJ energy:                           -0.095426097
 Repulsive energy:                       2.558657248

 ------------------------------------------------
  Running self-consistent charge (SCC) algorithm 
 ------------------------------------------------
 Broyden mixing factor:                  0.40
 Max number of iterations:             128
 Conv. threshold (charge):               1.00e-05
 Conv. threshold (energy):               1.00e-06
 Initial guess:                          SAD

 ---------------------------------------------------------------
                  energy        change          grad        time
 ---------------------------------------------------------------
   0      -201.701069852                    6.44e-01        0.04
   1      -202.283651418     -5.83e-01      3.75e-01        0.03
   2      -202.274920653      8.73e-03      5.68e-02        0.03
   3      -202.290723417     -1.58e-02      9.38e-03        0.03
   4      -202.298692275     -7.97e-03      2.23e-03        0.03
   5      -202.299158866     -4.67e-04      6.68e-04        0.03
   6      -202.299181652     -2.28e-05      1.34e-04        0.03
   7      -202.299182192     -5.40e-07      3.87e-05        0.04
   8      -202.299182249     -5.66e-08      1.57e-05        0.04
   9      -202.299182253     -4.98e-09      6.52e-06        0.03
  10      -202.299182255     -1.60e-09      2.20e-06        0.03

 SCF converged in 9 iterations.

 Entropy contribution (-ST):             0.000000000
 Dipole moment (in Debye):               0.536074      -1.022065      -5.730040
 Setting up Delta-SCF
 Ground-Excited state overlap:          -0.000000000
 No correction applied to the TDM.
 Excitation energy:                      0.113241036
 Excitation energy (in eV):              3.081445579
 Transition dipole:                     -1.47166      -2.46799       1.51616
 Saving results in set 'frame_653'

 --------------------------------------------------------------------------------

 End time:                               Mon May 24 16:03:06 2021
 Total wall-clock time:                  0.850 seconds
==================================================================================
