
================================================================================
          _____________ ________ _______________ ________     _________         
         / ___________// ______ \\_____   _____// ______ \   / ________)        
        / /_________  / /      \ \     | |     / /      \ \ | (_______          
       |  __________|| |        | |    | |    | |        | | \________ \        
        \ \_________ | |        | |    | |     \ \______/ /___________) |       
         \__________||_|        |_|    |_|      \________//____________/        
                                                                                
====================================[ Qcore ]===================================

 Git hash:   b27a5f96910dca04bf09adb1496985de0081c8b6
 Git date:   Tue, 11 May 2021 09:58:05 -0400
 Compiler:   AppleClang 10.0.1.10010046
 Build type: Release
 Version:    1.2.0

 Start time: Mon May 24 16:02:39 2021

 Data directory: /Users/of15641/qcore/cmake-build-release/share/entos/1.2.0/data
 Number of threads: 2
 Number of threads was determined by: number of physical cores

 --------------------------------------------------------------------------------
                                  command: bchla                                 
 --------------------------------------------------------------------------------
 XTB basis setup:                        reference basis
 Number of basis functions:            404
 GFN version:                            gfn1
 Integral screening threshold:           1.00e-10
 Total charge:                           0.000000000
 Number of electrons:                  344.000000000
 Electronic temperature (Kelvin):        0.000000000

 D3BJ energy:                           -0.097975054
 Repulsive energy:                       2.474085109

 ------------------------------------------------
  Running self-consistent charge (SCC) algorithm 
 ------------------------------------------------
 Broyden mixing factor:                  0.40
 Max number of iterations:             128
 Conv. threshold (charge):               1.00e-05
 Conv. threshold (energy):               1.00e-06
 Initial guess:                          SAD

 ---------------------------------------------------------------
                  energy        change          grad        time
 ---------------------------------------------------------------
   0      -201.681113345                    6.42e-01        0.02
   1      -202.270730271     -5.90e-01      3.74e-01        0.02
   2      -202.253042357      1.77e-02      5.78e-02        0.02
   3      -202.269311300     -1.63e-02      1.31e-02        0.02
   4      -202.286185721     -1.69e-02      2.28e-03        0.02
   5      -202.286624198     -4.38e-04      6.82e-04        0.02
   6      -202.286645175     -2.10e-05      1.76e-04        0.02
   7      -202.286646270     -1.09e-06      5.55e-05        0.02
   8      -202.286646557     -2.87e-07      2.11e-05        0.02
   9      -202.286646570     -1.32e-08      8.06e-06        0.02
  10      -202.286646571     -4.41e-10      2.97e-06        0.02

 SCF converged in 9 iterations.

 Entropy contribution (-ST):             0.000000000
 Dipole moment (in Debye):               2.113288       2.664206      -3.369966
 Setting up Delta-SCF
 Ground-Excited state overlap:          -0.000000000
 No correction applied to the TDM.
 Excitation energy:                      0.114333157
 Excitation energy (in eV):              3.111163689
 Transition dipole:                      2.16618       2.10193       0.98107
 Saving results in set 'frame_62'

 --------------------------------------------------------------------------------

 End time:                               Mon May 24 16:02:40 2021
 Total wall-clock time:                  0.604 seconds
==================================================================================
