
================================================================================
          _____________ ________ _______________ ________     _________         
         / ___________// ______ \\_____   _____// ______ \   / ________)        
        / /_________  / /      \ \     | |     / /      \ \ | (_______          
       |  __________|| |        | |    | |    | |        | | \________ \        
        \ \_________ | |        | |    | |     \ \______/ /___________) |       
         \__________||_|        |_|    |_|      \________//____________/        
                                                                                
====================================[ Qcore ]===================================

 Git hash:   b27a5f96910dca04bf09adb1496985de0081c8b6
 Git date:   Tue, 11 May 2021 09:58:05 -0400
 Compiler:   AppleClang 10.0.1.10010046
 Build type: Release
 Version:    1.2.0

 Start time: Mon May 24 16:07:07 2021

 Data directory: /Users/of15641/qcore/cmake-build-release/share/entos/1.2.0/data
 Number of threads: 2
 Number of threads was determined by: number of physical cores

 --------------------------------------------------------------------------------
                                  command: bchla                                 
 --------------------------------------------------------------------------------
 XTB basis setup:                        reference basis
 Number of basis functions:            404
 GFN version:                            gfn1
 Integral screening threshold:           1.00e-10
 Total charge:                           0.000000000
 Number of electrons:                  344.000000000
 Electronic temperature (Kelvin):        0.000000000

 D3BJ energy:                           -0.097574987
 Repulsive energy:                       2.509489407

 ------------------------------------------------
  Running self-consistent charge (SCC) algorithm 
 ------------------------------------------------
 Broyden mixing factor:                  0.40
 Max number of iterations:             128
 Conv. threshold (charge):               1.00e-05
 Conv. threshold (energy):               1.00e-06
 Initial guess:                          SAD

 ---------------------------------------------------------------
                  energy        change          grad        time
 ---------------------------------------------------------------
   0      -201.709972921                    6.42e-01        0.02
   1      -202.300332243     -5.90e-01      3.75e-01        0.02
   2      -202.281036432      1.93e-02      5.80e-02        0.02
   3      -202.304436246     -2.34e-02      1.18e-02        0.02
   4      -202.318260237     -1.38e-02      2.05e-03        0.02
   5      -202.318616301     -3.56e-04      6.61e-04        0.02
   6      -202.318636608     -2.03e-05      1.60e-04        0.02
   7      -202.318637456     -8.48e-07      5.60e-05        0.02
   8      -202.318637720     -2.63e-07      1.92e-05        0.02
   9      -202.318637730     -1.01e-08      7.74e-06        0.02
  10      -202.318637730     -6.86e-10      2.44e-06        0.02

 SCF converged in 9 iterations.

 Entropy contribution (-ST):             0.000000000
 Dipole moment (in Debye):               2.124347       4.560044      -3.239732
 Setting up Delta-SCF
 Ground-Excited state overlap:          -0.000000000
 No correction applied to the TDM.
 Excitation energy:                      0.109797199
 Excitation energy (in eV):              2.987733984
 Transition dipole:                     -2.29012       0.27725       2.38019
 Saving results in set 'frame_92'

 --------------------------------------------------------------------------------

 End time:                               Mon May 24 16:07:08 2021
 Total wall-clock time:                  0.580 seconds
==================================================================================
