
================================================================================
          _____________ ________ _______________ ________     _________         
         / ___________// ______ \\_____   _____// ______ \   / ________)        
        / /_________  / /      \ \     | |     / /      \ \ | (_______          
       |  __________|| |        | |    | |    | |        | | \________ \        
        \ \_________ | |        | |    | |     \ \______/ /___________) |       
         \__________||_|        |_|    |_|      \________//____________/        
                                                                                
====================================[ Qcore ]===================================

 Git hash:   b27a5f96910dca04bf09adb1496985de0081c8b6
 Git date:   Tue, 11 May 2021 09:58:05 -0400
 Compiler:   AppleClang 10.0.1.10010046
 Build type: Release
 Version:    1.2.0

 Start time: Mon May 24 15:48:23 2021

 Data directory: /Users/of15641/qcore/cmake-build-release/share/entos/1.2.0/data
 Number of threads: 2
 Number of threads was determined by: number of physical cores

 --------------------------------------------------------------------------------
                                  command: bchla                                 
 --------------------------------------------------------------------------------
 XTB basis setup:                        reference basis
 Number of basis functions:            404
 GFN version:                            gfn1
 Integral screening threshold:           1.00e-10
 Total charge:                           0.000000000
 Number of electrons:                  344.000000000
 Electronic temperature (Kelvin):        0.000000000

 D3BJ energy:                           -0.100170754
 Repulsive energy:                       2.530418160

 ------------------------------------------------
  Running self-consistent charge (SCC) algorithm 
 ------------------------------------------------
 Broyden mixing factor:                  0.40
 Max number of iterations:             128
 Conv. threshold (charge):               1.00e-05
 Conv. threshold (energy):               1.00e-06
 Initial guess:                          SAD

 ---------------------------------------------------------------
                  energy        change          grad        time
 ---------------------------------------------------------------
   0      -201.751476175                    6.43e-01        0.03
   1      -202.324364036     -5.73e-01      3.75e-01        0.02
   2      -202.312847272      1.15e-02      5.65e-02        0.02
   3      -202.331425920     -1.86e-02      1.04e-02        0.02
   4      -202.340807824     -9.38e-03      2.33e-03        0.02
   5      -202.341283260     -4.75e-04      6.57e-04        0.02
   6      -202.341304671     -2.14e-05      1.64e-04        0.02
   7      -202.341305797     -1.13e-06      5.08e-05        0.02
   8      -202.341306049     -2.52e-07      1.79e-05        0.02
   9      -202.341306060     -1.04e-08      6.68e-06        0.02
  10      -202.341306060     -5.10e-10      2.19e-06        0.02

 SCF converged in 9 iterations.

 Entropy contribution (-ST):             0.000000000
 Dipole moment (in Debye):              -1.292662       5.116507       1.114683
 Setting up Delta-SCF
 Ground-Excited state overlap:           0.000000000
 No correction applied to the TDM.
 Excitation energy:                      0.109413457
 Excitation energy (in eV):              2.977291833
 Transition dipole:                     -2.23510       2.38951       1.69262
 Saving results in set 'frame_1400'

 --------------------------------------------------------------------------------

 End time:                               Mon May 24 15:48:23 2021
 Total wall-clock time:                  0.503 seconds
==================================================================================
