
================================================================================
          _____________ ________ _______________ ________     _________         
         / ___________// ______ \\_____   _____// ______ \   / ________)        
        / /_________  / /      \ \     | |     / /      \ \ | (_______          
       |  __________|| |        | |    | |    | |        | | \________ \        
        \ \_________ | |        | |    | |     \ \______/ /___________) |       
         \__________||_|        |_|    |_|      \________//____________/        
                                                                                
====================================[ Qcore ]===================================

 Git hash:   b27a5f96910dca04bf09adb1496985de0081c8b6
 Git date:   Tue, 11 May 2021 09:58:05 -0400
 Compiler:   AppleClang 10.0.1.10010046
 Build type: Release
 Version:    1.2.0

 Start time: Mon May 24 15:52:22 2021

 Data directory: /Users/of15641/qcore/cmake-build-release/share/entos/1.2.0/data
 Number of threads: 2
 Number of threads was determined by: number of physical cores

 --------------------------------------------------------------------------------
                                  command: bchla                                 
 --------------------------------------------------------------------------------
 XTB basis setup:                        reference basis
 Number of basis functions:            404
 GFN version:                            gfn1
 Integral screening threshold:           1.00e-10
 Total charge:                           0.000000000
 Number of electrons:                  344.000000000
 Electronic temperature (Kelvin):        0.000000000

 D3BJ energy:                           -0.094843362
 Repulsive energy:                       2.593418417

 ------------------------------------------------
  Running self-consistent charge (SCC) algorithm 
 ------------------------------------------------
 Broyden mixing factor:                  0.40
 Max number of iterations:             128
 Conv. threshold (charge):               1.00e-05
 Conv. threshold (energy):               1.00e-06
 Initial guess:                          SAD

 ---------------------------------------------------------------
                  energy        change          grad        time
 ---------------------------------------------------------------
   0      -201.780264593                    6.45e-01        0.03
   1      -202.362534630     -5.82e-01      3.77e-01        0.02
   2      -202.348314663      1.42e-02      5.66e-02        0.03
   3      -202.365908005     -1.76e-02      1.15e-02        0.02
   4      -202.378690214     -1.28e-02      2.12e-03        0.03
   5      -202.379056460     -3.66e-04      6.00e-04        0.02
   6      -202.379070788     -1.43e-05      1.39e-04        0.03
   7      -202.379071376     -5.88e-07      3.91e-05        0.02
   8      -202.379071451     -7.46e-08      1.80e-05        0.02
   9      -202.379071460     -9.06e-09      6.91e-06        0.03
  10      -202.379071461     -7.82e-10      2.35e-06        0.02

 SCF converged in 9 iterations.

 Entropy contribution (-ST):             0.000000000
 Dipole moment (in Debye):              -3.353020       5.564396       1.632267
 Setting up Delta-SCF
 Ground-Excited state overlap:           0.000000000
 No correction applied to the TDM.
 Excitation energy:                      0.111966436
 Excitation energy (in eV):              3.046761945
 Transition dipole:                      1.37908      -3.28483      -1.06778
 Saving results in set 'frame_1697'

 --------------------------------------------------------------------------------

 End time:                               Mon May 24 15:52:22 2021
 Total wall-clock time:                  0.658 seconds
==================================================================================
