
================================================================================
          _____________ ________ _______________ ________     _________         
         / ___________// ______ \\_____   _____// ______ \   / ________)        
        / /_________  / /      \ \     | |     / /      \ \ | (_______          
       |  __________|| |        | |    | |    | |        | | \________ \        
        \ \_________ | |        | |    | |     \ \______/ /___________) |       
         \__________||_|        |_|    |_|      \________//____________/        
                                                                                
====================================[ Qcore ]===================================

 Git hash:   b27a5f96910dca04bf09adb1496985de0081c8b6
 Git date:   Tue, 11 May 2021 09:58:05 -0400
 Compiler:   AppleClang 10.0.1.10010046
 Build type: Release
 Version:    1.2.0

 Start time: Mon May 24 15:52:10 2021

 Data directory: /Users/of15641/qcore/cmake-build-release/share/entos/1.2.0/data
 Number of threads: 2
 Number of threads was determined by: number of physical cores

 --------------------------------------------------------------------------------
                                  command: bchla                                 
 --------------------------------------------------------------------------------
 XTB basis setup:                        reference basis
 Number of basis functions:            404
 GFN version:                            gfn1
 Integral screening threshold:           1.00e-10
 Total charge:                           0.000000000
 Number of electrons:                  344.000000000
 Electronic temperature (Kelvin):        0.000000000

 D3BJ energy:                           -0.094929362
 Repulsive energy:                       2.582140189

 ------------------------------------------------
  Running self-consistent charge (SCC) algorithm 
 ------------------------------------------------
 Broyden mixing factor:                  0.40
 Max number of iterations:             128
 Conv. threshold (charge):               1.00e-05
 Conv. threshold (energy):               1.00e-06
 Initial guess:                          SAD

 ---------------------------------------------------------------
                  energy        change          grad        time
 ---------------------------------------------------------------
   0      -201.724298748                    6.44e-01        0.03
   1      -202.307347149     -5.83e-01      3.76e-01        0.03
   2      -202.295763458      1.16e-02      5.69e-02        0.03
   3      -202.314801906     -1.90e-02      1.02e-02        0.02
   4      -202.324042966     -9.24e-03      2.34e-03        0.03
   5      -202.324551910     -5.09e-04      6.71e-04        0.02
   6      -202.324576730     -2.48e-05      1.67e-04        0.02
   7      -202.324577692     -9.62e-07      5.34e-05        0.03
   8      -202.324577982     -2.90e-07      1.95e-05        0.02
   9      -202.324577997     -1.51e-08      7.09e-06        0.03
  10      -202.324577997     -4.84e-10      2.31e-06        0.02

 SCF converged in 9 iterations.

 Entropy contribution (-ST):             0.000000000
 Dipole moment (in Debye):              -1.662442       3.427665       0.778856
 Setting up Delta-SCF
 Ground-Excited state overlap:          -0.000000000
 No correction applied to the TDM.
 Excitation energy:                      0.108082195
 Excitation energy (in eV):              2.941066361
 Transition dipole:                      0.47065       3.18403       1.67112
 Saving results in set 'frame_1682'

 --------------------------------------------------------------------------------

 End time:                               Mon May 24 15:52:10 2021
 Total wall-clock time:                  0.663 seconds
==================================================================================
