
================================================================================
          _____________ ________ _______________ ________     _________         
         / ___________// ______ \\_____   _____// ______ \   / ________)        
        / /_________  / /      \ \     | |     / /      \ \ | (_______          
       |  __________|| |        | |    | |    | |        | | \________ \        
        \ \_________ | |        | |    | |     \ \______/ /___________) |       
         \__________||_|        |_|    |_|      \________//____________/        
                                                                                
====================================[ Qcore ]===================================

 Git hash:   b27a5f96910dca04bf09adb1496985de0081c8b6
 Git date:   Tue, 11 May 2021 09:58:05 -0400
 Compiler:   AppleClang 10.0.1.10010046
 Build type: Release
 Version:    1.2.0

 Start time: Mon May 24 15:45:27 2021

 Data directory: /Users/of15641/qcore/cmake-build-release/share/entos/1.2.0/data
 Number of threads: 2
 Number of threads was determined by: number of physical cores

 --------------------------------------------------------------------------------
                                  command: bchla                                 
 --------------------------------------------------------------------------------
 XTB basis setup:                        reference basis
 Number of basis functions:            404
 GFN version:                            gfn1
 Integral screening threshold:           1.00e-10
 Total charge:                           0.000000000
 Number of electrons:                  344.000000000
 Electronic temperature (Kelvin):        0.000000000

 D3BJ energy:                           -0.094343214
 Repulsive energy:                       2.366228350

 ------------------------------------------------
  Running self-consistent charge (SCC) algorithm 
 ------------------------------------------------
 Broyden mixing factor:                  0.40
 Max number of iterations:             128
 Conv. threshold (charge):               1.00e-05
 Conv. threshold (energy):               1.00e-06
 Initial guess:                          SAD

 ---------------------------------------------------------------
                  energy        change          grad        time
 ---------------------------------------------------------------
   0      -201.638684031                    6.39e-01        0.02
   1      -202.235293156     -5.97e-01      3.73e-01        0.02
   2      -202.230447396      4.85e-03      5.84e-02        0.02
   3      -202.245378634     -1.49e-02      7.30e-03        0.02
   4      -202.249001826     -3.62e-03      1.88e-03        0.02
   5      -202.249286434     -2.85e-04      6.86e-04        0.02
   6      -202.249315497     -2.91e-05      1.53e-04        0.02
   7      -202.249316372     -8.75e-07      4.20e-05        0.11
   8      -202.249316488     -1.16e-07      1.82e-05        0.02
   9      -202.249316503     -1.53e-08      6.60e-06        0.02
  10      -202.249316505     -1.48e-09      2.46e-06        0.02

 SCF converged in 9 iterations.

 Entropy contribution (-ST):             0.000000000
 Dipole moment (in Debye):              -1.262013       3.095219      -4.096716
 Setting up Delta-SCF
 Ground-Excited state overlap:           0.000000000
 No correction applied to the TDM.
 Excitation energy:                      0.105677807
 Excitation energy (in eV):              2.875639617
 Transition dipole:                      3.03957      -1.32442       1.88414
 Saving results in set 'frame_1137'

 --------------------------------------------------------------------------------

 End time:                               Mon May 24 15:45:27 2021
 Total wall-clock time:                  0.586 seconds
==================================================================================
