
================================================================================
          _____________ ________ _______________ ________     _________         
         / ___________// ______ \\_____   _____// ______ \   / ________)        
        / /_________  / /      \ \     | |     / /      \ \ | (_______          
       |  __________|| |        | |    | |    | |        | | \________ \        
        \ \_________ | |        | |    | |     \ \______/ /___________) |       
         \__________||_|        |_|    |_|      \________//____________/        
                                                                                
====================================[ Qcore ]===================================

 Git hash:   b27a5f96910dca04bf09adb1496985de0081c8b6
 Git date:   Tue, 11 May 2021 09:58:05 -0400
 Compiler:   AppleClang 10.0.1.10010046
 Build type: Release
 Version:    1.2.0

 Start time: Mon May 24 16:04:28 2021

 Data directory: /Users/of15641/qcore/cmake-build-release/share/entos/1.2.0/data
 Number of threads: 2
 Number of threads was determined by: number of physical cores

 --------------------------------------------------------------------------------
                                  command: bchla                                 
 --------------------------------------------------------------------------------
 XTB basis setup:                        reference basis
 Number of basis functions:            404
 GFN version:                            gfn1
 Integral screening threshold:           1.00e-10
 Total charge:                           0.000000000
 Number of electrons:                  344.000000000
 Electronic temperature (Kelvin):        0.000000000

 D3BJ energy:                           -0.095763956
 Repulsive energy:                       2.544538547

 ------------------------------------------------
  Running self-consistent charge (SCC) algorithm 
 ------------------------------------------------
 Broyden mixing factor:                  0.40
 Max number of iterations:             128
 Conv. threshold (charge):               1.00e-05
 Conv. threshold (energy):               1.00e-06
 Initial guess:                          SAD

 ---------------------------------------------------------------
                  energy        change          grad        time
 ---------------------------------------------------------------
   0      -201.642414790                    6.43e-01        0.05
   1      -202.247773624     -6.05e-01      3.75e-01        0.05
   2      -202.232677094      1.51e-02      5.91e-02        0.04
   3      -202.251556927     -1.89e-02      1.18e-02        0.04
   4      -202.264160696     -1.26e-02      2.32e-03        0.03
   5      -202.264640049     -4.79e-04      7.00e-04        0.04
   6      -202.264662011     -2.20e-05      1.54e-04        0.04
   7      -202.264662655     -6.44e-07      4.68e-05        0.03
   8      -202.264662804     -1.49e-07      1.94e-05        0.03
   9      -202.264662813     -9.46e-09      7.16e-06        0.03
  10      -202.264662814     -5.51e-10      2.46e-06        0.04

 SCF converged in 9 iterations.

 Entropy contribution (-ST):             0.000000000
 Dipole moment (in Debye):               1.149959       3.671365      -2.423845
 Setting up Delta-SCF
 Ground-Excited state overlap:          -0.000000000
 No correction applied to the TDM.
 Excitation energy:                      0.112416146
 Excitation energy (in eV):              3.058999159
 Transition dipole:                     -2.66758      -1.79587       0.20756
 Saving results in set 'frame_73'

 --------------------------------------------------------------------------------

 End time:                               Mon May 24 16:04:29 2021
 Total wall-clock time:                  0.977 seconds
==================================================================================
