
================================================================================
          _____________ ________ _______________ ________     _________         
         / ___________// ______ \\_____   _____// ______ \   / ________)        
        / /_________  / /      \ \     | |     / /      \ \ | (_______          
       |  __________|| |        | |    | |    | |        | | \________ \        
        \ \_________ | |        | |    | |     \ \______/ /___________) |       
         \__________||_|        |_|    |_|      \________//____________/        
                                                                                
====================================[ Qcore ]===================================

 Git hash:   b27a5f96910dca04bf09adb1496985de0081c8b6
 Git date:   Tue, 11 May 2021 09:58:05 -0400
 Compiler:   AppleClang 10.0.1.10010046
 Build type: Release
 Version:    1.2.0

 Start time: Mon May 24 15:47:05 2021

 Data directory: /Users/of15641/qcore/cmake-build-release/share/entos/1.2.0/data
 Number of threads: 2
 Number of threads was determined by: number of physical cores

 --------------------------------------------------------------------------------
                                  command: bchla                                 
 --------------------------------------------------------------------------------
 XTB basis setup:                        reference basis
 Number of basis functions:            404
 GFN version:                            gfn1
 Integral screening threshold:           1.00e-10
 Total charge:                           0.000000000
 Number of electrons:                  344.000000000
 Electronic temperature (Kelvin):        0.000000000

 D3BJ energy:                           -0.097145213
 Repulsive energy:                       2.538418856

 ------------------------------------------------
  Running self-consistent charge (SCC) algorithm 
 ------------------------------------------------
 Broyden mixing factor:                  0.40
 Max number of iterations:             128
 Conv. threshold (charge):               1.00e-05
 Conv. threshold (energy):               1.00e-06
 Initial guess:                          SAD

 ---------------------------------------------------------------
                  energy        change          grad        time
 ---------------------------------------------------------------
   0      -201.671158842                    6.43e-01        0.02
   1      -202.265222872     -5.94e-01      3.75e-01        0.02
   2      -202.256876384      8.35e-03      5.78e-02        0.02
   3      -202.275112884     -1.82e-02      8.89e-03        0.02
   4      -202.281283519     -6.17e-03      1.98e-03        0.02
   5      -202.281627491     -3.44e-04      7.04e-04        0.02
   6      -202.281657442     -3.00e-05      1.56e-04        0.02
   7      -202.281658331     -8.89e-07      5.35e-05        0.02
   8      -202.281658589     -2.58e-07      1.77e-05        0.02
   9      -202.281658597     -8.53e-09      6.40e-06        0.02
  10      -202.281658598     -6.37e-10      2.11e-06        0.02

 SCF converged in 9 iterations.

 Entropy contribution (-ST):             0.000000000
 Dipole moment (in Debye):               0.056192       4.556619      -1.243853
 Setting up Delta-SCF
 Ground-Excited state overlap:          -0.000000000
 No correction applied to the TDM.
 Excitation energy:                      0.106796302
 Excitation energy (in eV):              2.906075413
 Transition dipole:                     -2.77699       0.89807      -0.95648
 Saving results in set 'frame_1284'

 --------------------------------------------------------------------------------

 End time:                               Mon May 24 15:47:05 2021
 Total wall-clock time:                  0.517 seconds
==================================================================================
