
================================================================================
          _____________ ________ _______________ ________     _________         
         / ___________// ______ \\_____   _____// ______ \   / ________)        
        / /_________  / /      \ \     | |     / /      \ \ | (_______          
       |  __________|| |        | |    | |    | |        | | \________ \        
        \ \_________ | |        | |    | |     \ \______/ /___________) |       
         \__________||_|        |_|    |_|      \________//____________/        
                                                                                
====================================[ Qcore ]===================================

 Git hash:   b27a5f96910dca04bf09adb1496985de0081c8b6
 Git date:   Tue, 11 May 2021 09:58:05 -0400
 Compiler:   AppleClang 10.0.1.10010046
 Build type: Release
 Version:    1.2.0

 Start time: Mon May 24 15:54:16 2021

 Data directory: /Users/of15641/qcore/cmake-build-release/share/entos/1.2.0/data
 Number of threads: 2
 Number of threads was determined by: number of physical cores

 --------------------------------------------------------------------------------
                                  command: bchla                                 
 --------------------------------------------------------------------------------
 XTB basis setup:                        reference basis
 Number of basis functions:            404
 GFN version:                            gfn1
 Integral screening threshold:           1.00e-10
 Total charge:                           0.000000000
 Number of electrons:                  344.000000000
 Electronic temperature (Kelvin):        0.000000000

 D3BJ energy:                           -0.096740803
 Repulsive energy:                       2.486684354

 ------------------------------------------------
  Running self-consistent charge (SCC) algorithm 
 ------------------------------------------------
 Broyden mixing factor:                  0.40
 Max number of iterations:             128
 Conv. threshold (charge):               1.00e-05
 Conv. threshold (energy):               1.00e-06
 Initial guess:                          SAD

 ---------------------------------------------------------------
                  energy        change          grad        time
 ---------------------------------------------------------------
   0      -201.638575679                    6.42e-01        0.03
   1      -202.238744119     -6.00e-01      3.75e-01        0.02
   2      -202.224665076      1.41e-02      5.85e-02        0.02
   3      -202.243924937     -1.93e-02      1.09e-02        0.02
   4      -202.255021468     -1.11e-02      2.27e-03        0.02
   5      -202.255454850     -4.33e-04      6.81e-04        0.02
   6      -202.255476287     -2.14e-05      1.52e-04        0.02
   7      -202.255477172     -8.85e-07      4.87e-05        0.02
   8      -202.255477355     -1.82e-07      1.97e-05        0.02
   9      -202.255477364     -9.84e-09      7.42e-06        0.02
  10      -202.255477365     -6.47e-10      2.49e-06        0.02

 SCF converged in 9 iterations.

 Entropy contribution (-ST):             0.000000000
 Dipole moment (in Debye):               0.383424       4.088006       4.258231
 Setting up Delta-SCF
 Ground-Excited state overlap:          -0.000000000
 No correction applied to the TDM.
 Excitation energy:                      0.109021287
 Excitation energy (in eV):              2.966620354
 Transition dipole:                      2.39329       2.13371       1.07250
 Saving results in set 'frame_1829'

 --------------------------------------------------------------------------------

 End time:                               Mon May 24 15:54:16 2021
 Total wall-clock time:                  0.533 seconds
==================================================================================
