
================================================================================
          _____________ ________ _______________ ________     _________         
         / ___________// ______ \\_____   _____// ______ \   / ________)        
        / /_________  / /      \ \     | |     / /      \ \ | (_______          
       |  __________|| |        | |    | |    | |        | | \________ \        
        \ \_________ | |        | |    | |     \ \______/ /___________) |       
         \__________||_|        |_|    |_|      \________//____________/        
                                                                                
====================================[ Qcore ]===================================

 Git hash:   b27a5f96910dca04bf09adb1496985de0081c8b6
 Git date:   Tue, 11 May 2021 09:58:05 -0400
 Compiler:   AppleClang 10.0.1.10010046
 Build type: Release
 Version:    1.2.0

 Start time: Mon May 24 16:07:28 2021

 Data directory: /Users/of15641/qcore/cmake-build-release/share/entos/1.2.0/data
 Number of threads: 2
 Number of threads was determined by: number of physical cores

 --------------------------------------------------------------------------------
                                  command: bchla                                 
 --------------------------------------------------------------------------------
 XTB basis setup:                        reference basis
 Number of basis functions:            404
 GFN version:                            gfn1
 Integral screening threshold:           1.00e-10
 Total charge:                           0.000000000
 Number of electrons:                  344.000000000
 Electronic temperature (Kelvin):        0.000000000

 D3BJ energy:                           -0.097652409
 Repulsive energy:                       2.472575486

 ------------------------------------------------
  Running self-consistent charge (SCC) algorithm 
 ------------------------------------------------
 Broyden mixing factor:                  0.40
 Max number of iterations:             128
 Conv. threshold (charge):               1.00e-05
 Conv. threshold (energy):               1.00e-06
 Initial guess:                          SAD

 ---------------------------------------------------------------
                  energy        change          grad        time
 ---------------------------------------------------------------
   0      -201.641784598                    6.41e-01        0.02
   1      -202.230495795     -5.89e-01      3.74e-01        0.02
   2      -202.217025669      1.35e-02      5.76e-02        0.02
   3      -202.233266050     -1.62e-02      1.17e-02        0.02
   4      -202.246087287     -1.28e-02      2.36e-03        0.02
   5      -202.246544867     -4.58e-04      6.70e-04        0.02
   6      -202.246563165     -1.83e-05      1.56e-04        0.02
   7      -202.246563904     -7.39e-07      4.90e-05        0.02
   8      -202.246564060     -1.57e-07      2.15e-05        0.02
   9      -202.246564076     -1.56e-08      8.44e-06        0.02
  10      -202.246564077     -9.42e-10      2.82e-06        0.02

 SCF converged in 9 iterations.

 Entropy contribution (-ST):             0.000000000
 Dipole moment (in Debye):              -0.885905      -0.662516      -4.593281
 Setting up Delta-SCF
 Ground-Excited state overlap:           0.000000000
 No correction applied to the TDM.
 Excitation energy:                      0.109406485
 Excitation energy (in eV):              2.977102126
 Transition dipole:                      0.78281       0.56810      -3.59220
 Saving results in set 'frame_949'

 --------------------------------------------------------------------------------

 End time:                               Mon May 24 16:07:28 2021
 Total wall-clock time:                  0.582 seconds
==================================================================================
