
================================================================================
          _____________ ________ _______________ ________     _________         
         / ___________// ______ \\_____   _____// ______ \   / ________)        
        / /_________  / /      \ \     | |     / /      \ \ | (_______          
       |  __________|| |        | |    | |    | |        | | \________ \        
        \ \_________ | |        | |    | |     \ \______/ /___________) |       
         \__________||_|        |_|    |_|      \________//____________/        
                                                                                
====================================[ Qcore ]===================================

 Git hash:   b27a5f96910dca04bf09adb1496985de0081c8b6
 Git date:   Tue, 11 May 2021 09:58:05 -0400
 Compiler:   AppleClang 10.0.1.10010046
 Build type: Release
 Version:    1.2.0

 Start time: Mon May 24 15:52:33 2021

 Data directory: /Users/of15641/qcore/cmake-build-release/share/entos/1.2.0/data
 Number of threads: 2
 Number of threads was determined by: number of physical cores

 --------------------------------------------------------------------------------
                                  command: bchla                                 
 --------------------------------------------------------------------------------
 XTB basis setup:                        reference basis
 Number of basis functions:            404
 GFN version:                            gfn1
 Integral screening threshold:           1.00e-10
 Total charge:                           0.000000000
 Number of electrons:                  344.000000000
 Electronic temperature (Kelvin):        0.000000000

 D3BJ energy:                           -0.098066824
 Repulsive energy:                       2.519097021

 ------------------------------------------------
  Running self-consistent charge (SCC) algorithm 
 ------------------------------------------------
 Broyden mixing factor:                  0.40
 Max number of iterations:             128
 Conv. threshold (charge):               1.00e-05
 Conv. threshold (energy):               1.00e-06
 Initial guess:                          SAD

 ---------------------------------------------------------------
                  energy        change          grad        time
 ---------------------------------------------------------------
   0      -201.744465053                    6.43e-01        0.03
   1      -202.335560016     -5.91e-01      3.75e-01        0.03
   2      -202.318658655      1.69e-02      5.85e-02        0.02
   3      -202.341761223     -2.31e-02      1.13e-02        0.02
   4      -202.352675682     -1.09e-02      2.25e-03        0.02
   5      -202.353120559     -4.45e-04      6.14e-04        0.02
   6      -202.353137117     -1.66e-05      1.33e-04        0.03
   7      -202.353137600     -4.83e-07      3.77e-05        0.02
   8      -202.353137661     -6.08e-08      1.58e-05        0.03
   9      -202.353137666     -4.90e-09      6.39e-06        0.02
  10      -202.353137667     -8.51e-10      2.28e-06        0.02

 SCF converged in 9 iterations.

 Entropy contribution (-ST):             0.000000000
 Dipole moment (in Debye):               2.754277      -1.489804       0.453854
 Setting up Delta-SCF
 Ground-Excited state overlap:           0.000000000
 No correction applied to the TDM.
 Excitation energy:                      0.112436692
 Excitation energy (in eV):              3.059558262
 Transition dipole:                     -3.00212       1.96005       0.70835
 Saving results in set 'frame_171'

 --------------------------------------------------------------------------------

 End time:                               Mon May 24 15:52:33 2021
 Total wall-clock time:                  0.618 seconds
==================================================================================
