
================================================================================
          _____________ ________ _______________ ________     _________         
         / ___________// ______ \\_____   _____// ______ \   / ________)        
        / /_________  / /      \ \     | |     / /      \ \ | (_______          
       |  __________|| |        | |    | |    | |        | | \________ \        
        \ \_________ | |        | |    | |     \ \______/ /___________) |       
         \__________||_|        |_|    |_|      \________//____________/        
                                                                                
====================================[ Qcore ]===================================

 Git hash:   b27a5f96910dca04bf09adb1496985de0081c8b6
 Git date:   Tue, 11 May 2021 09:58:05 -0400
 Compiler:   AppleClang 10.0.1.10010046
 Build type: Release
 Version:    1.2.0

 Start time: Mon May 24 16:06:01 2021

 Data directory: /Users/of15641/qcore/cmake-build-release/share/entos/1.2.0/data
 Number of threads: 2
 Number of threads was determined by: number of physical cores

 --------------------------------------------------------------------------------
                                  command: bchla                                 
 --------------------------------------------------------------------------------
 XTB basis setup:                        reference basis
 Number of basis functions:            404
 GFN version:                            gfn1
 Integral screening threshold:           1.00e-10
 Total charge:                           0.000000000
 Number of electrons:                  344.000000000
 Electronic temperature (Kelvin):        0.000000000

 D3BJ energy:                           -0.095087105
 Repulsive energy:                       2.597127405

 ------------------------------------------------
  Running self-consistent charge (SCC) algorithm 
 ------------------------------------------------
 Broyden mixing factor:                  0.40
 Max number of iterations:             128
 Conv. threshold (charge):               1.00e-05
 Conv. threshold (energy):               1.00e-06
 Initial guess:                          SAD

 ---------------------------------------------------------------
                  energy        change          grad        time
 ---------------------------------------------------------------
   0      -201.781187198                    6.44e-01        0.03
   1      -202.334582519     -5.53e-01      3.76e-01        0.03
   2      -202.327073124      7.51e-03      5.46e-02        0.02
   3      -202.341105201     -1.40e-02      9.35e-03        0.03
   4      -202.348979158     -7.87e-03      2.27e-03        0.02
   5      -202.349455968     -4.77e-04      6.47e-04        0.03
   6      -202.349476717     -2.07e-05      1.59e-04        0.02
   7      -202.349477881     -1.16e-06      5.61e-05        0.03
   8      -202.349478199     -3.18e-07      1.63e-05        0.04
   9      -202.349478203     -4.11e-09      6.07e-06        0.02
  10      -202.349478204     -4.10e-10      2.00e-06        0.03

 SCF converged in 9 iterations.

 Entropy contribution (-ST):             0.000000000
 Dipole moment (in Debye):              -0.516756       0.561577      -3.299722
 Setting up Delta-SCF
 Ground-Excited state overlap:           0.000000000
 No correction applied to the TDM.
 Excitation energy:                      0.107237594
 Excitation energy (in eV):              2.918083588
 Transition dipole:                     -3.21885      -0.28851       1.40125
 Saving results in set 'frame_838'

 --------------------------------------------------------------------------------

 End time:                               Mon May 24 16:06:02 2021
 Total wall-clock time:                  0.686 seconds
==================================================================================
