
================================================================================
          _____________ ________ _______________ ________     _________         
         / ___________// ______ \\_____   _____// ______ \   / ________)        
        / /_________  / /      \ \     | |     / /      \ \ | (_______          
       |  __________|| |        | |    | |    | |        | | \________ \        
        \ \_________ | |        | |    | |     \ \______/ /___________) |       
         \__________||_|        |_|    |_|      \________//____________/        
                                                                                
====================================[ Qcore ]===================================

 Git hash:   b27a5f96910dca04bf09adb1496985de0081c8b6
 Git date:   Tue, 11 May 2021 09:58:05 -0400
 Compiler:   AppleClang 10.0.1.10010046
 Build type: Release
 Version:    1.2.0

 Start time: Mon May 24 15:44:57 2021

 Data directory: /Users/of15641/qcore/cmake-build-release/share/entos/1.2.0/data
 Number of threads: 2
 Number of threads was determined by: number of physical cores

 --------------------------------------------------------------------------------
                                  command: bchla                                 
 --------------------------------------------------------------------------------
 XTB basis setup:                        reference basis
 Number of basis functions:            404
 GFN version:                            gfn1
 Integral screening threshold:           1.00e-10
 Total charge:                           0.000000000
 Number of electrons:                  344.000000000
 Electronic temperature (Kelvin):        0.000000000

 D3BJ energy:                           -0.096355344
 Repulsive energy:                       2.544753077

 ------------------------------------------------
  Running self-consistent charge (SCC) algorithm 
 ------------------------------------------------
 Broyden mixing factor:                  0.40
 Max number of iterations:             128
 Conv. threshold (charge):               1.00e-05
 Conv. threshold (energy):               1.00e-06
 Initial guess:                          SAD

 ---------------------------------------------------------------
                  energy        change          grad        time
 ---------------------------------------------------------------
   0      -201.646108338                    6.43e-01        0.03
   1      -202.236997124     -5.91e-01      3.75e-01        0.02
   2      -202.218426264      1.86e-02      5.78e-02        0.02
   3      -202.237705041     -1.93e-02      1.23e-02        0.02
   4      -202.253510792     -1.58e-02      1.98e-03        0.02
   5      -202.253816507     -3.06e-04      6.21e-04        0.02
   6      -202.253833659     -1.72e-05      1.39e-04        0.02
   7      -202.253834307     -6.48e-07      4.49e-05        0.02
   8      -202.253834369     -6.27e-08      2.06e-05        0.02
   9      -202.253834381     -1.18e-08      8.71e-06        0.02
  10      -202.253834382     -1.46e-09      2.78e-06        0.02

 SCF converged in 9 iterations.

 Entropy contribution (-ST):             0.000000000
 Dipole moment (in Debye):               3.292431       4.562627      -1.239665
 Setting up Delta-SCF
 Ground-Excited state overlap:          -0.000000000
 No correction applied to the TDM.
 Excitation energy:                      0.108775637
 Excitation energy (in eV):              2.959935864
 Transition dipole:                     -3.63635      -0.89422       0.09332
 Saving results in set 'frame_110'

 --------------------------------------------------------------------------------

 End time:                               Mon May 24 15:44:58 2021
 Total wall-clock time:                  0.513 seconds
==================================================================================
