
================================================================================
          _____________ ________ _______________ ________     _________         
         / ___________// ______ \\_____   _____// ______ \   / ________)        
        / /_________  / /      \ \     | |     / /      \ \ | (_______          
       |  __________|| |        | |    | |    | |        | | \________ \        
        \ \_________ | |        | |    | |     \ \______/ /___________) |       
         \__________||_|        |_|    |_|      \________//____________/        
                                                                                
====================================[ Qcore ]===================================

 Git hash:   b27a5f96910dca04bf09adb1496985de0081c8b6
 Git date:   Tue, 11 May 2021 09:58:05 -0400
 Compiler:   AppleClang 10.0.1.10010046
 Build type: Release
 Version:    1.2.0

 Start time: Mon May 24 15:47:46 2021

 Data directory: /Users/of15641/qcore/cmake-build-release/share/entos/1.2.0/data
 Number of threads: 2
 Number of threads was determined by: number of physical cores

 --------------------------------------------------------------------------------
                                  command: bchla                                 
 --------------------------------------------------------------------------------
 XTB basis setup:                        reference basis
 Number of basis functions:            404
 GFN version:                            gfn1
 Integral screening threshold:           1.00e-10
 Total charge:                           0.000000000
 Number of electrons:                  344.000000000
 Electronic temperature (Kelvin):        0.000000000

 D3BJ energy:                           -0.103609839
 Repulsive energy:                       2.474958886

 ------------------------------------------------
  Running self-consistent charge (SCC) algorithm 
 ------------------------------------------------
 Broyden mixing factor:                  0.40
 Max number of iterations:             128
 Conv. threshold (charge):               1.00e-05
 Conv. threshold (energy):               1.00e-06
 Initial guess:                          SAD

 ---------------------------------------------------------------
                  energy        change          grad        time
 ---------------------------------------------------------------
   0      -201.656283088                    6.43e-01        0.03
   1      -202.255257628     -5.99e-01      3.75e-01        0.02
   2      -202.238163102      1.71e-02      5.89e-02        0.02
   3      -202.260071198     -2.19e-02      1.15e-02        0.02
   4      -202.272643853     -1.26e-02      2.05e-03        0.02
   5      -202.273003485     -3.60e-04      6.05e-04        0.02
   6      -202.273017766     -1.43e-05      1.36e-04        0.02
   7      -202.273018512     -7.46e-07      4.60e-05        0.02
   8      -202.273018624     -1.12e-07      1.82e-05        0.02
   9      -202.273018633     -9.01e-09      8.38e-06        0.02
  10      -202.273018634     -1.67e-09      2.49e-06        0.02

 SCF converged in 9 iterations.

 Entropy contribution (-ST):             0.000000000
 Dipole moment (in Debye):              -1.882799       3.140382      -3.107614
 Setting up Delta-SCF
 Ground-Excited state overlap:          -0.000000000
 No correction applied to the TDM.
 Excitation energy:                      0.112016551
 Excitation energy (in eV):              3.048125628
 Transition dipole:                     -1.32735       2.67082      -2.12016
 Saving results in set 'frame_1348'

 --------------------------------------------------------------------------------

 End time:                               Mon May 24 15:47:47 2021
 Total wall-clock time:                  0.537 seconds
==================================================================================
