
================================================================================
          _____________ ________ _______________ ________     _________         
         / ___________// ______ \\_____   _____// ______ \   / ________)        
        / /_________  / /      \ \     | |     / /      \ \ | (_______          
       |  __________|| |        | |    | |    | |        | | \________ \        
        \ \_________ | |        | |    | |     \ \______/ /___________) |       
         \__________||_|        |_|    |_|      \________//____________/        
                                                                                
====================================[ Qcore ]===================================

 Git hash:   b27a5f96910dca04bf09adb1496985de0081c8b6
 Git date:   Tue, 11 May 2021 09:58:05 -0400
 Compiler:   AppleClang 10.0.1.10010046
 Build type: Release
 Version:    1.2.0

 Start time: Mon May 24 15:47:06 2021

 Data directory: /Users/of15641/qcore/cmake-build-release/share/entos/1.2.0/data
 Number of threads: 2
 Number of threads was determined by: number of physical cores

 --------------------------------------------------------------------------------
                                  command: bchla                                 
 --------------------------------------------------------------------------------
 XTB basis setup:                        reference basis
 Number of basis functions:            404
 GFN version:                            gfn1
 Integral screening threshold:           1.00e-10
 Total charge:                           0.000000000
 Number of electrons:                  344.000000000
 Electronic temperature (Kelvin):        0.000000000

 D3BJ energy:                           -0.097608620
 Repulsive energy:                       2.479940772

 ------------------------------------------------
  Running self-consistent charge (SCC) algorithm 
 ------------------------------------------------
 Broyden mixing factor:                  0.40
 Max number of iterations:             128
 Conv. threshold (charge):               1.00e-05
 Conv. threshold (energy):               1.00e-06
 Initial guess:                          SAD

 ---------------------------------------------------------------
                  energy        change          grad        time
 ---------------------------------------------------------------
   0      -201.685291486                    6.42e-01        0.02
   1      -202.266314820     -5.81e-01      3.75e-01        0.02
   2      -202.253533904      1.28e-02      5.74e-02        0.02
   3      -202.269916728     -1.64e-02      1.13e-02        0.02
   4      -202.281382648     -1.15e-02      2.51e-03        0.02
   5      -202.281982367     -6.00e-04      6.56e-04        0.02
   6      -202.282005346     -2.30e-05      1.57e-04        0.02
   7      -202.282006213     -8.68e-07      5.20e-05        0.02
   8      -202.282006432     -2.19e-07      2.10e-05        0.02
   9      -202.282006449     -1.66e-08      7.19e-06        0.02
  10      -202.282006450     -1.04e-09      2.63e-06        0.02

 SCF converged in 9 iterations.

 Entropy contribution (-ST):             0.000000000
 Dipole moment (in Debye):               0.737894       4.248567      -1.071359
 Setting up Delta-SCF
 Ground-Excited state overlap:          -0.000000000
 No correction applied to the TDM.
 Excitation energy:                      0.108307417
 Excitation energy (in eV):              2.947194959
 Transition dipole:                     -1.62888       2.94708      -1.55708
 Saving results in set 'frame_1286'

 --------------------------------------------------------------------------------

 End time:                               Mon May 24 15:47:07 2021
 Total wall-clock time:                  0.503 seconds
==================================================================================
