
================================================================================
          _____________ ________ _______________ ________     _________         
         / ___________// ______ \\_____   _____// ______ \   / ________)        
        / /_________  / /      \ \     | |     / /      \ \ | (_______          
       |  __________|| |        | |    | |    | |        | | \________ \        
        \ \_________ | |        | |    | |     \ \______/ /___________) |       
         \__________||_|        |_|    |_|      \________//____________/        
                                                                                
====================================[ Qcore ]===================================

 Git hash:   b27a5f96910dca04bf09adb1496985de0081c8b6
 Git date:   Tue, 11 May 2021 09:58:05 -0400
 Compiler:   AppleClang 10.0.1.10010046
 Build type: Release
 Version:    1.2.0

 Start time: Mon May 24 16:06:06 2021

 Data directory: /Users/of15641/qcore/cmake-build-release/share/entos/1.2.0/data
 Number of threads: 2
 Number of threads was determined by: number of physical cores

 --------------------------------------------------------------------------------
                                  command: bchla                                 
 --------------------------------------------------------------------------------
 XTB basis setup:                        reference basis
 Number of basis functions:            404
 GFN version:                            gfn1
 Integral screening threshold:           1.00e-10
 Total charge:                           0.000000000
 Number of electrons:                  344.000000000
 Electronic temperature (Kelvin):        0.000000000

 D3BJ energy:                           -0.093936860
 Repulsive energy:                       2.525114582

 ------------------------------------------------
  Running self-consistent charge (SCC) algorithm 
 ------------------------------------------------
 Broyden mixing factor:                  0.40
 Max number of iterations:             128
 Conv. threshold (charge):               1.00e-05
 Conv. threshold (energy):               1.00e-06
 Initial guess:                          SAD

 ---------------------------------------------------------------
                  energy        change          grad        time
 ---------------------------------------------------------------
   0      -201.698368162                    6.43e-01        0.43
   1      -202.278863057     -5.80e-01      3.75e-01        0.04
   2      -202.264843271      1.40e-02      5.72e-02        0.09
   3      -202.284322312     -1.95e-02      1.07e-02        0.09
   4      -202.295171606     -1.08e-02      2.19e-03        0.12
   5      -202.295630785     -4.59e-04      6.76e-04        0.45
   6      -202.295654864     -2.41e-05      1.50e-04        0.18
   7      -202.295655484     -6.20e-07      4.97e-05        0.12
   8      -202.295655661     -1.77e-07      2.00e-05        0.09
   9      -202.295655672     -1.09e-08      7.68e-06        0.30
  10      -202.295655673     -8.63e-10      2.45e-06        0.20

 SCF converged in 9 iterations.

 Entropy contribution (-ST):             0.000000000
 Dipole moment (in Debye):               0.768917       0.484470      -1.589687
 Setting up Delta-SCF
 Ground-Excited state overlap:           0.000000000
 No correction applied to the TDM.
 Excitation energy:                      0.110466542
 Excitation energy (in eV):              3.005947732
 Transition dipole:                     -2.16505       0.24085       3.02221
 Saving results in set 'frame_843'

 --------------------------------------------------------------------------------

 End time:                               Mon May 24 16:06:09 2021
 Total wall-clock time:                  2.816 seconds
==================================================================================
