
================================================================================
          _____________ ________ _______________ ________     _________         
         / ___________// ______ \\_____   _____// ______ \   / ________)        
        / /_________  / /      \ \     | |     / /      \ \ | (_______          
       |  __________|| |        | |    | |    | |        | | \________ \        
        \ \_________ | |        | |    | |     \ \______/ /___________) |       
         \__________||_|        |_|    |_|      \________//____________/        
                                                                                
====================================[ Qcore ]===================================

 Git hash:   b27a5f96910dca04bf09adb1496985de0081c8b6
 Git date:   Tue, 11 May 2021 09:58:05 -0400
 Compiler:   AppleClang 10.0.1.10010046
 Build type: Release
 Version:    1.2.0

 Start time: Mon May 24 15:48:02 2021

 Data directory: /Users/of15641/qcore/cmake-build-release/share/entos/1.2.0/data
 Number of threads: 2
 Number of threads was determined by: number of physical cores

 --------------------------------------------------------------------------------
                                  command: bchla                                 
 --------------------------------------------------------------------------------
 XTB basis setup:                        reference basis
 Number of basis functions:            404
 GFN version:                            gfn1
 Integral screening threshold:           1.00e-10
 Total charge:                           0.000000000
 Number of electrons:                  344.000000000
 Electronic temperature (Kelvin):        0.000000000

 D3BJ energy:                           -0.103199450
 Repulsive energy:                       2.503113824

 ------------------------------------------------
  Running self-consistent charge (SCC) algorithm 
 ------------------------------------------------
 Broyden mixing factor:                  0.40
 Max number of iterations:             128
 Conv. threshold (charge):               1.00e-05
 Conv. threshold (energy):               1.00e-06
 Initial guess:                          SAD

 ---------------------------------------------------------------
                  energy        change          grad        time
 ---------------------------------------------------------------
   0      -201.648591592                    6.43e-01        0.02
   1      -202.251998866     -6.03e-01      3.75e-01        0.02
   2      -202.242152366      9.85e-03      5.76e-02        0.02
   3      -202.260410228     -1.83e-02      8.88e-03        0.02
   4      -202.267719095     -7.31e-03      1.96e-03        0.02
   5      -202.268080748     -3.62e-04      6.33e-04        0.02
   6      -202.268106718     -2.60e-05      1.54e-04        0.02
   7      -202.268107518     -8.01e-07      5.79e-05        0.02
   8      -202.268107786     -2.68e-07      2.14e-05        0.03
   9      -202.268107799     -1.25e-08      8.16e-06        0.03
  10      -202.268107799     -5.84e-10      2.61e-06        0.03

 SCF converged in 9 iterations.

 Entropy contribution (-ST):             0.000000000
 Dipole moment (in Debye):              -0.421669       2.730474      -1.459292
 Setting up Delta-SCF
 Ground-Excited state overlap:          -0.000000000
 No correction applied to the TDM.
 Excitation energy:                      0.104484083
 Excitation energy (in eV):              2.843156733
 Transition dipole:                     -3.16044       1.41408      -0.05342
 Saving results in set 'frame_1371'

 --------------------------------------------------------------------------------

 End time:                               Mon May 24 15:48:03 2021
 Total wall-clock time:                  0.553 seconds
==================================================================================
