
================================================================================
          _____________ ________ _______________ ________     _________         
         / ___________// ______ \\_____   _____// ______ \   / ________)        
        / /_________  / /      \ \     | |     / /      \ \ | (_______          
       |  __________|| |        | |    | |    | |        | | \________ \        
        \ \_________ | |        | |    | |     \ \______/ /___________) |       
         \__________||_|        |_|    |_|      \________//____________/        
                                                                                
====================================[ Qcore ]===================================

 Git hash:   b27a5f96910dca04bf09adb1496985de0081c8b6
 Git date:   Tue, 11 May 2021 09:58:05 -0400
 Compiler:   AppleClang 10.0.1.10010046
 Build type: Release
 Version:    1.2.0

 Start time: Mon May 24 15:58:39 2021

 Data directory: /Users/of15641/qcore/cmake-build-release/share/entos/1.2.0/data
 Number of threads: 2
 Number of threads was determined by: number of physical cores

 --------------------------------------------------------------------------------
                                  command: bchla                                 
 --------------------------------------------------------------------------------
 XTB basis setup:                        reference basis
 Number of basis functions:            404
 GFN version:                            gfn1
 Integral screening threshold:           1.00e-10
 Total charge:                           0.000000000
 Number of electrons:                  344.000000000
 Electronic temperature (Kelvin):        0.000000000

 D3BJ energy:                           -0.099143643
 Repulsive energy:                       2.603416732

 ------------------------------------------------
  Running self-consistent charge (SCC) algorithm 
 ------------------------------------------------
 Broyden mixing factor:                  0.40
 Max number of iterations:             128
 Conv. threshold (charge):               1.00e-05
 Conv. threshold (energy):               1.00e-06
 Initial guess:                          SAD

 ---------------------------------------------------------------
                  energy        change          grad        time
 ---------------------------------------------------------------
   0      -201.749028670                    6.44e-01        0.02
   1      -202.333978545     -5.85e-01      3.76e-01        0.02
   2      -202.324716013      9.26e-03      5.75e-02        0.02
   3      -202.342238581     -1.75e-02      9.60e-03        0.02
   4      -202.349619650     -7.38e-03      2.49e-03        0.02
   5      -202.350165481     -5.46e-04      6.57e-04        0.02
   6      -202.350187057     -2.16e-05      1.67e-04        0.02
   7      -202.350188165     -1.11e-06      4.97e-05        0.02
   8      -202.350188390     -2.25e-07      1.76e-05        0.02
   9      -202.350188401     -1.10e-08      6.77e-06        0.02
  10      -202.350188402     -5.00e-10      2.43e-06        0.02

 SCF converged in 9 iterations.

 Entropy contribution (-ST):             0.000000000
 Dipole moment (in Debye):               4.161287       2.854608       0.496762
 Setting up Delta-SCF
 Ground-Excited state overlap:          -0.000000000
 No correction applied to the TDM.
 Excitation energy:                      0.113111379
 Excitation energy (in eV):              3.077917419
 Transition dipole:                     -2.44671      -1.43409       2.07402
 Saving results in set 'frame_359'

 --------------------------------------------------------------------------------

 End time:                               Mon May 24 15:58:40 2021
 Total wall-clock time:                  0.532 seconds
==================================================================================
