
================================================================================
          _____________ ________ _______________ ________     _________         
         / ___________// ______ \\_____   _____// ______ \   / ________)        
        / /_________  / /      \ \     | |     / /      \ \ | (_______          
       |  __________|| |        | |    | |    | |        | | \________ \        
        \ \_________ | |        | |    | |     \ \______/ /___________) |       
         \__________||_|        |_|    |_|      \________//____________/        
                                                                                
====================================[ Qcore ]===================================

 Git hash:   b27a5f96910dca04bf09adb1496985de0081c8b6
 Git date:   Tue, 11 May 2021 09:58:05 -0400
 Compiler:   AppleClang 10.0.1.10010046
 Build type: Release
 Version:    1.2.0

 Start time: Mon May 24 15:56:01 2021

 Data directory: /Users/of15641/qcore/cmake-build-release/share/entos/1.2.0/data
 Number of threads: 2
 Number of threads was determined by: number of physical cores

 --------------------------------------------------------------------------------
                                  command: bchla                                 
 --------------------------------------------------------------------------------
 XTB basis setup:                        reference basis
 Number of basis functions:            404
 GFN version:                            gfn1
 Integral screening threshold:           1.00e-10
 Total charge:                           0.000000000
 Number of electrons:                  344.000000000
 Electronic temperature (Kelvin):        0.000000000

 D3BJ energy:                           -0.094579482
 Repulsive energy:                       2.487816231

 ------------------------------------------------
  Running self-consistent charge (SCC) algorithm 
 ------------------------------------------------
 Broyden mixing factor:                  0.40
 Max number of iterations:             128
 Conv. threshold (charge):               1.00e-05
 Conv. threshold (energy):               1.00e-06
 Initial guess:                          SAD

 ---------------------------------------------------------------
                  energy        change          grad        time
 ---------------------------------------------------------------
   0      -201.645177489                    6.41e-01        0.04
   1      -202.238148807     -5.93e-01      3.74e-01        0.03
   2      -202.226027780      1.21e-02      5.82e-02        0.03
   3      -202.244399543     -1.84e-02      1.10e-02        0.03
   4      -202.254211646     -9.81e-03      2.77e-03        0.03
   5      -202.254910499     -6.99e-04      6.78e-04        0.03
   6      -202.254933319     -2.28e-05      1.80e-04        0.03
   7      -202.254934514     -1.20e-06      5.85e-05        0.03
   8      -202.254934795     -2.80e-07      2.39e-05        0.02
   9      -202.254934814     -1.94e-08      9.97e-06        0.03
  10      -202.254934816     -1.56e-09      3.29e-06        0.02

 SCF converged in 9 iterations.

 Entropy contribution (-ST):             0.000000000
 Dipole moment (in Debye):              -3.370551       3.210641       3.746558
 Setting up Delta-SCF
 Ground-Excited state overlap:          -0.000000000
 No correction applied to the TDM.
 Excitation energy:                      0.106817536
 Excitation energy (in eV):              2.906653233
 Transition dipole:                      1.32763      -2.73945      -2.31740
 Saving results in set 'frame_1969'

 --------------------------------------------------------------------------------

 End time:                               Mon May 24 15:56:02 2021
 Total wall-clock time:                  0.732 seconds
==================================================================================
