
================================================================================
          _____________ ________ _______________ ________     _________         
         / ___________// ______ \\_____   _____// ______ \   / ________)        
        / /_________  / /      \ \     | |     / /      \ \ | (_______          
       |  __________|| |        | |    | |    | |        | | \________ \        
        \ \_________ | |        | |    | |     \ \______/ /___________) |       
         \__________||_|        |_|    |_|      \________//____________/        
                                                                                
====================================[ Qcore ]===================================

 Git hash:   b27a5f96910dca04bf09adb1496985de0081c8b6
 Git date:   Tue, 11 May 2021 09:58:05 -0400
 Compiler:   AppleClang 10.0.1.10010046
 Build type: Release
 Version:    1.2.0

 Start time: Mon May 24 15:57:02 2021

 Data directory: /Users/of15641/qcore/cmake-build-release/share/entos/1.2.0/data
 Number of threads: 2
 Number of threads was determined by: number of physical cores

 --------------------------------------------------------------------------------
                                  command: bchla                                 
 --------------------------------------------------------------------------------
 XTB basis setup:                        reference basis
 Number of basis functions:            404
 GFN version:                            gfn1
 Integral screening threshold:           1.00e-10
 Total charge:                           0.000000000
 Number of electrons:                  344.000000000
 Electronic temperature (Kelvin):        0.000000000

 D3BJ energy:                           -0.095469075
 Repulsive energy:                       2.519829459

 ------------------------------------------------
  Running self-consistent charge (SCC) algorithm 
 ------------------------------------------------
 Broyden mixing factor:                  0.40
 Max number of iterations:             128
 Conv. threshold (charge):               1.00e-05
 Conv. threshold (energy):               1.00e-06
 Initial guess:                          SAD

 ---------------------------------------------------------------
                  energy        change          grad        time
 ---------------------------------------------------------------
   0      -201.593170763                    6.43e-01        0.03
   1      -202.194159420     -6.01e-01      3.75e-01        0.03
   2      -202.178792524      1.54e-02      5.86e-02        0.03
   3      -202.199460186     -2.07e-02      1.15e-02        0.03
   4      -202.211270708     -1.18e-02      2.23e-03        0.03
   5      -202.211688462     -4.18e-04      6.77e-04        0.03
   6      -202.211709251     -2.08e-05      1.61e-04        0.03
   7      -202.211709936     -6.85e-07      5.02e-05        0.03
   8      -202.211710121     -1.86e-07      2.05e-05        0.03
   9      -202.211710136     -1.47e-08      7.70e-06        0.03
  10      -202.211710137     -7.03e-10      2.82e-06        0.02

 SCF converged in 9 iterations.

 Entropy contribution (-ST):             0.000000000
 Dipole moment (in Debye):               2.318313      -4.983407      -3.126910
 Setting up Delta-SCF
 Ground-Excited state overlap:          -0.000000000
 No correction applied to the TDM.
 Excitation energy:                      0.110066188
 Excitation energy (in eV):              2.995053568
 Transition dipole:                     -0.01054       3.04475       1.51122
 Saving results in set 'frame_239'

 --------------------------------------------------------------------------------

 End time:                               Mon May 24 15:57:02 2021
 Total wall-clock time:                  0.716 seconds
==================================================================================
