
================================================================================
          _____________ ________ _______________ ________     _________         
         / ___________// ______ \\_____   _____// ______ \   / ________)        
        / /_________  / /      \ \     | |     / /      \ \ | (_______          
       |  __________|| |        | |    | |    | |        | | \________ \        
        \ \_________ | |        | |    | |     \ \______/ /___________) |       
         \__________||_|        |_|    |_|      \________//____________/        
                                                                                
====================================[ Qcore ]===================================

 Git hash:   b27a5f96910dca04bf09adb1496985de0081c8b6
 Git date:   Tue, 11 May 2021 09:58:05 -0400
 Compiler:   AppleClang 10.0.1.10010046
 Build type: Release
 Version:    1.2.0

 Start time: Mon May 24 16:00:59 2021

 Data directory: /Users/of15641/qcore/cmake-build-release/share/entos/1.2.0/data
 Number of threads: 2
 Number of threads was determined by: number of physical cores

 --------------------------------------------------------------------------------
                                  command: bchla                                 
 --------------------------------------------------------------------------------
 XTB basis setup:                        reference basis
 Number of basis functions:            404
 GFN version:                            gfn1
 Integral screening threshold:           1.00e-10
 Total charge:                           0.000000000
 Number of electrons:                  344.000000000
 Electronic temperature (Kelvin):        0.000000000

 D3BJ energy:                           -0.096860143
 Repulsive energy:                       2.535020474

 ------------------------------------------------
  Running self-consistent charge (SCC) algorithm 
 ------------------------------------------------
 Broyden mixing factor:                  0.40
 Max number of iterations:             128
 Conv. threshold (charge):               1.00e-05
 Conv. threshold (energy):               1.00e-06
 Initial guess:                          SAD

 ---------------------------------------------------------------
                  energy        change          grad        time
 ---------------------------------------------------------------
   0      -201.606984033                    6.42e-01        0.03
   1      -202.206939619     -6.00e-01      3.75e-01        0.03
   2      -202.188072210      1.89e-02      5.90e-02        0.03
   3      -202.209373536     -2.13e-02      1.24e-02        0.03
   4      -202.224215573     -1.48e-02      2.40e-03        0.03
   5      -202.224736856     -5.21e-04      6.63e-04        0.03
   6      -202.224756569     -1.97e-05      1.89e-04        0.03
   7      -202.224757647     -1.08e-06      6.55e-05        0.03
   8      -202.224758024     -3.78e-07      2.53e-05        0.02
   9      -202.224758046     -2.20e-08      8.43e-06        0.02
  10      -202.224758047     -4.71e-10      3.24e-06        0.03

 SCF converged in 9 iterations.

 Entropy contribution (-ST):             0.000000000
 Dipole moment (in Debye):              -2.065847       2.039030      -2.988390
 Setting up Delta-SCF
 Ground-Excited state overlap:          -0.000000000
 No correction applied to the TDM.
 Excitation energy:                      0.108404991
 Excitation energy (in eV):              2.949850074
 Transition dipole:                     -1.34600      -1.88453       2.70557
 Saving results in set 'frame_525'

 --------------------------------------------------------------------------------

 End time:                               Mon May 24 16:01:00 2021
 Total wall-clock time:                  0.733 seconds
==================================================================================
