
================================================================================
          _____________ ________ _______________ ________     _________         
         / ___________// ______ \\_____   _____// ______ \   / ________)        
        / /_________  / /      \ \     | |     / /      \ \ | (_______          
       |  __________|| |        | |    | |    | |        | | \________ \        
        \ \_________ | |        | |    | |     \ \______/ /___________) |       
         \__________||_|        |_|    |_|      \________//____________/        
                                                                                
====================================[ Qcore ]===================================

 Git hash:   b27a5f96910dca04bf09adb1496985de0081c8b6
 Git date:   Tue, 11 May 2021 09:58:05 -0400
 Compiler:   AppleClang 10.0.1.10010046
 Build type: Release
 Version:    1.2.0

 Start time: Mon May 24 16:07:08 2021

 Data directory: /Users/of15641/qcore/cmake-build-release/share/entos/1.2.0/data
 Number of threads: 2
 Number of threads was determined by: number of physical cores

 --------------------------------------------------------------------------------
                                  command: bchla                                 
 --------------------------------------------------------------------------------
 XTB basis setup:                        reference basis
 Number of basis functions:            404
 GFN version:                            gfn1
 Integral screening threshold:           1.00e-10
 Total charge:                           0.000000000
 Number of electrons:                  344.000000000
 Electronic temperature (Kelvin):        0.000000000

 D3BJ energy:                           -0.096694262
 Repulsive energy:                       2.557845175

 ------------------------------------------------
  Running self-consistent charge (SCC) algorithm 
 ------------------------------------------------
 Broyden mixing factor:                  0.40
 Max number of iterations:             128
 Conv. threshold (charge):               1.00e-05
 Conv. threshold (energy):               1.00e-06
 Initial guess:                          SAD

 ---------------------------------------------------------------
                  energy        change          grad        time
 ---------------------------------------------------------------
   0      -201.674371370                    6.44e-01        0.03
   1      -202.287300431     -6.13e-01      3.76e-01        0.03
   2      -202.270073074      1.72e-02      5.99e-02        0.03
   3      -202.293937986     -2.39e-02      1.14e-02        0.02
   4      -202.305398432     -1.15e-02      2.21e-03        0.02
   5      -202.305820676     -4.22e-04      6.82e-04        0.02
   6      -202.305845158     -2.45e-05      1.51e-04        0.02
   7      -202.305845791     -6.33e-07      5.18e-05        0.02
   8      -202.305845922     -1.30e-07      2.08e-05        0.02
   9      -202.305845931     -9.84e-09      8.73e-06        0.02
  10      -202.305845933     -1.75e-09      2.76e-06        0.02

 SCF converged in 9 iterations.

 Entropy contribution (-ST):             0.000000000
 Dipole moment (in Debye):               2.830136       0.161494      -4.357532
 Setting up Delta-SCF
 Ground-Excited state overlap:          -0.000000000
 No correction applied to the TDM.
 Excitation energy:                      0.110212409
 Excitation energy (in eV):              2.999032417
 Transition dipole:                     -0.43830       0.99547       3.32820
 Saving results in set 'frame_921'

 --------------------------------------------------------------------------------

 End time:                               Mon May 24 16:07:09 2021
 Total wall-clock time:                  0.611 seconds
==================================================================================
