
================================================================================
          _____________ ________ _______________ ________     _________         
         / ___________// ______ \\_____   _____// ______ \   / ________)        
        / /_________  / /      \ \     | |     / /      \ \ | (_______          
       |  __________|| |        | |    | |    | |        | | \________ \        
        \ \_________ | |        | |    | |     \ \______/ /___________) |       
         \__________||_|        |_|    |_|      \________//____________/        
                                                                                
====================================[ Qcore ]===================================

 Git hash:   b27a5f96910dca04bf09adb1496985de0081c8b6
 Git date:   Tue, 11 May 2021 09:58:05 -0400
 Compiler:   AppleClang 10.0.1.10010046
 Build type: Release
 Version:    1.2.0

 Start time: Mon May 24 15:50:18 2021

 Data directory: /Users/of15641/qcore/cmake-build-release/share/entos/1.2.0/data
 Number of threads: 2
 Number of threads was determined by: number of physical cores

 --------------------------------------------------------------------------------
                                  command: bchla                                 
 --------------------------------------------------------------------------------
 XTB basis setup:                        reference basis
 Number of basis functions:            404
 GFN version:                            gfn1
 Integral screening threshold:           1.00e-10
 Total charge:                           0.000000000
 Number of electrons:                  344.000000000
 Electronic temperature (Kelvin):        0.000000000

 D3BJ energy:                           -0.097452144
 Repulsive energy:                       2.512534725

 ------------------------------------------------
  Running self-consistent charge (SCC) algorithm 
 ------------------------------------------------
 Broyden mixing factor:                  0.40
 Max number of iterations:             128
 Conv. threshold (charge):               1.00e-05
 Conv. threshold (energy):               1.00e-06
 Initial guess:                          SAD

 ---------------------------------------------------------------
                  energy        change          grad        time
 ---------------------------------------------------------------
   0      -201.738599214                    6.42e-01        0.02
   1      -202.290602167     -5.52e-01      3.75e-01        0.03
   2      -202.274692346      1.59e-02      5.50e-02        0.02
   3      -202.291623158     -1.69e-02      1.18e-02        0.03
   4      -202.306353148     -1.47e-02      2.04e-03        0.02
   5      -202.306711120     -3.58e-04      6.05e-04        0.03
   6      -202.306725618     -1.45e-05      1.34e-04        0.02
   7      -202.306726132     -5.14e-07      3.55e-05        0.02
   8      -202.306726192     -6.02e-08      1.59e-05        0.02
   9      -202.306726199     -7.40e-09      6.41e-06        0.02
  10      -202.306726200     -8.04e-10      2.06e-06        0.02

 SCF converged in 9 iterations.

 Entropy contribution (-ST):             0.000000000
 Dipole moment (in Debye):              -4.222135       2.310673      -1.282918
 Setting up Delta-SCF
 Ground-Excited state overlap:          -0.000000000
 No correction applied to the TDM.
 Excitation energy:                      0.113091890
 Excitation energy (in eV):              3.077387091
 Transition dipole:                      2.28338      -2.44938      -0.16742
 Saving results in set 'frame_1550'

 --------------------------------------------------------------------------------

 End time:                               Mon May 24 15:50:19 2021
 Total wall-clock time:                  0.650 seconds
==================================================================================
