
================================================================================
          _____________ ________ _______________ ________     _________         
         / ___________// ______ \\_____   _____// ______ \   / ________)        
        / /_________  / /      \ \     | |     / /      \ \ | (_______          
       |  __________|| |        | |    | |    | |        | | \________ \        
        \ \_________ | |        | |    | |     \ \______/ /___________) |       
         \__________||_|        |_|    |_|      \________//____________/        
                                                                                
====================================[ Qcore ]===================================

 Git hash:   b27a5f96910dca04bf09adb1496985de0081c8b6
 Git date:   Tue, 11 May 2021 09:58:05 -0400
 Compiler:   AppleClang 10.0.1.10010046
 Build type: Release
 Version:    1.2.0

 Start time: Mon May 24 15:51:32 2021

 Data directory: /Users/of15641/qcore/cmake-build-release/share/entos/1.2.0/data
 Number of threads: 2
 Number of threads was determined by: number of physical cores

 --------------------------------------------------------------------------------
                                  command: bchla                                 
 --------------------------------------------------------------------------------
 XTB basis setup:                        reference basis
 Number of basis functions:            404
 GFN version:                            gfn1
 Integral screening threshold:           1.00e-10
 Total charge:                           0.000000000
 Number of electrons:                  344.000000000
 Electronic temperature (Kelvin):        0.000000000

 D3BJ energy:                           -0.097357979
 Repulsive energy:                       2.552313973

 ------------------------------------------------
  Running self-consistent charge (SCC) algorithm 
 ------------------------------------------------
 Broyden mixing factor:                  0.40
 Max number of iterations:             128
 Conv. threshold (charge):               1.00e-05
 Conv. threshold (energy):               1.00e-06
 Initial guess:                          SAD

 ---------------------------------------------------------------
                  energy        change          grad        time
 ---------------------------------------------------------------
   0      -201.693079947                    6.43e-01        0.03
   1      -202.268722524     -5.76e-01      3.75e-01        0.02
   2      -202.259818733      8.90e-03      5.62e-02        0.02
   3      -202.277071720     -1.73e-02      8.87e-03        0.02
   4      -202.284062663     -6.99e-03      2.29e-03        0.02
   5      -202.284586009     -5.23e-04      7.00e-04        0.03
   6      -202.284614986     -2.90e-05      1.55e-04        0.02
   7      -202.284615677     -6.91e-07      5.00e-05        0.02
   8      -202.284615891     -2.14e-07      1.74e-05        0.02
   9      -202.284615903     -1.12e-08      7.05e-06        0.02
  10      -202.284615903     -7.84e-10      2.13e-06        0.03

 SCF converged in 9 iterations.

 Entropy contribution (-ST):             0.000000000
 Dipole moment (in Debye):              -3.245953       4.813673      -0.094969
 Setting up Delta-SCF
 Ground-Excited state overlap:           0.000000000
 No correction applied to the TDM.
 Excitation energy:                      0.109005740
 Excitation energy (in eV):              2.966197301
 Transition dipole:                     -0.79004       2.62509       2.07071
 Saving results in set 'frame_1640'

 --------------------------------------------------------------------------------

 End time:                               Mon May 24 15:51:33 2021
 Total wall-clock time:                  0.631 seconds
==================================================================================
