
================================================================================
          _____________ ________ _______________ ________     _________         
         / ___________// ______ \\_____   _____// ______ \   / ________)        
        / /_________  / /      \ \     | |     / /      \ \ | (_______          
       |  __________|| |        | |    | |    | |        | | \________ \        
        \ \_________ | |        | |    | |     \ \______/ /___________) |       
         \__________||_|        |_|    |_|      \________//____________/        
                                                                                
====================================[ Qcore ]===================================

 Git hash:   b27a5f96910dca04bf09adb1496985de0081c8b6
 Git date:   Tue, 11 May 2021 09:58:05 -0400
 Compiler:   AppleClang 10.0.1.10010046
 Build type: Release
 Version:    1.2.0

 Start time: Mon May 24 15:57:10 2021

 Data directory: /Users/of15641/qcore/cmake-build-release/share/entos/1.2.0/data
 Number of threads: 2
 Number of threads was determined by: number of physical cores

 --------------------------------------------------------------------------------
                                  command: bchla                                 
 --------------------------------------------------------------------------------
 XTB basis setup:                        reference basis
 Number of basis functions:            404
 GFN version:                            gfn1
 Integral screening threshold:           1.00e-10
 Total charge:                           0.000000000
 Number of electrons:                  344.000000000
 Electronic temperature (Kelvin):        0.000000000

 D3BJ energy:                           -0.095367069
 Repulsive energy:                       2.630898146

 ------------------------------------------------
  Running self-consistent charge (SCC) algorithm 
 ------------------------------------------------
 Broyden mixing factor:                  0.40
 Max number of iterations:             128
 Conv. threshold (charge):               1.00e-05
 Conv. threshold (energy):               1.00e-06
 Initial guess:                          SAD

 ---------------------------------------------------------------
                  energy        change          grad        time
 ---------------------------------------------------------------
   0      -201.728427006                    6.45e-01        0.03
   1      -202.303334152     -5.75e-01      3.77e-01        0.03
   2      -202.286428254      1.69e-02      5.68e-02        0.02
   3      -202.305515862     -1.91e-02      1.17e-02        0.03
   4      -202.319553881     -1.40e-02      2.24e-03        0.02
   5      -202.320016718     -4.63e-04      6.30e-04        0.03
   6      -202.320036153     -1.94e-05      1.94e-04        0.02
   7      -202.320038169     -2.02e-06      6.68e-05        0.02
   8      -202.320038640     -4.71e-07      1.94e-05        0.02
   9      -202.320038647     -7.32e-09      7.12e-06        0.03
  10      -202.320038648     -5.35e-10      2.46e-06        0.02

 SCF converged in 9 iterations.

 Entropy contribution (-ST):             0.000000000
 Dipole moment (in Debye):               1.317367      -4.355057      -2.488795
 Setting up Delta-SCF
 Ground-Excited state overlap:           0.000000000
 No correction applied to the TDM.
 Excitation energy:                      0.109624738
 Excitation energy (in eV):              2.983041091
 Transition dipole:                     -0.96779       3.34673       1.12460
 Saving results in set 'frame_248'

 --------------------------------------------------------------------------------

 End time:                               Mon May 24 15:57:10 2021
 Total wall-clock time:                  0.653 seconds
==================================================================================
