
================================================================================
          _____________ ________ _______________ ________     _________         
         / ___________// ______ \\_____   _____// ______ \   / ________)        
        / /_________  / /      \ \     | |     / /      \ \ | (_______          
       |  __________|| |        | |    | |    | |        | | \________ \        
        \ \_________ | |        | |    | |     \ \______/ /___________) |       
         \__________||_|        |_|    |_|      \________//____________/        
                                                                                
====================================[ Qcore ]===================================

 Git hash:   b27a5f96910dca04bf09adb1496985de0081c8b6
 Git date:   Tue, 11 May 2021 09:58:05 -0400
 Compiler:   AppleClang 10.0.1.10010046
 Build type: Release
 Version:    1.2.0

 Start time: Mon May 24 16:05:34 2021

 Data directory: /Users/of15641/qcore/cmake-build-release/share/entos/1.2.0/data
 Number of threads: 2
 Number of threads was determined by: number of physical cores

 --------------------------------------------------------------------------------
                                  command: bchla                                 
 --------------------------------------------------------------------------------
 XTB basis setup:                        reference basis
 Number of basis functions:            404
 GFN version:                            gfn1
 Integral screening threshold:           1.00e-10
 Total charge:                           0.000000000
 Number of electrons:                  344.000000000
 Electronic temperature (Kelvin):        0.000000000

 D3BJ energy:                           -0.094513678
 Repulsive energy:                       2.505003281

 ------------------------------------------------
  Running self-consistent charge (SCC) algorithm 
 ------------------------------------------------
 Broyden mixing factor:                  0.40
 Max number of iterations:             128
 Conv. threshold (charge):               1.00e-05
 Conv. threshold (energy):               1.00e-06
 Initial guess:                          SAD

 ---------------------------------------------------------------
                  energy        change          grad        time
 ---------------------------------------------------------------
   0      -201.696645933                    6.42e-01        0.02
   1      -202.262935321     -5.66e-01      3.75e-01        0.02
   2      -202.257815873      5.12e-03      5.48e-02        0.02
   3      -202.271937865     -1.41e-02      7.73e-03        0.02
   4      -202.277147422     -5.21e-03      1.91e-03        0.02
   5      -202.277460175     -3.13e-04      6.40e-04        0.02
   6      -202.277482153     -2.20e-05      1.72e-04        0.02
   7      -202.277483746     -1.59e-06      6.31e-05        0.02
   8      -202.277484201     -4.55e-07      1.67e-05        0.02
   9      -202.277484208     -7.31e-09      6.00e-06        0.02
  10      -202.277484209     -3.93e-10      1.83e-06        0.02

 SCF converged in 9 iterations.

 Entropy contribution (-ST):             0.000000000
 Dipole moment (in Debye):               0.280484       2.053510      -1.394381
 Setting up Delta-SCF
 Ground-Excited state overlap:          -0.000000000
 No correction applied to the TDM.
 Excitation energy:                      0.107855113
 Excitation energy (in eV):              2.934887152
 Transition dipole:                     -2.35224      -1.39885       2.54092
 Saving results in set 'frame_803'

 --------------------------------------------------------------------------------

 End time:                               Mon May 24 16:05:35 2021
 Total wall-clock time:                  0.584 seconds
==================================================================================
