
================================================================================
          _____________ ________ _______________ ________     _________         
         / ___________// ______ \\_____   _____// ______ \   / ________)        
        / /_________  / /      \ \     | |     / /      \ \ | (_______          
       |  __________|| |        | |    | |    | |        | | \________ \        
        \ \_________ | |        | |    | |     \ \______/ /___________) |       
         \__________||_|        |_|    |_|      \________//____________/        
                                                                                
====================================[ Qcore ]===================================

 Git hash:   b27a5f96910dca04bf09adb1496985de0081c8b6
 Git date:   Tue, 11 May 2021 09:58:05 -0400
 Compiler:   AppleClang 10.0.1.10010046
 Build type: Release
 Version:    1.2.0

 Start time: Mon May 24 15:46:54 2021

 Data directory: /Users/of15641/qcore/cmake-build-release/share/entos/1.2.0/data
 Number of threads: 2
 Number of threads was determined by: number of physical cores

 --------------------------------------------------------------------------------
                                  command: bchla                                 
 --------------------------------------------------------------------------------
 XTB basis setup:                        reference basis
 Number of basis functions:            404
 GFN version:                            gfn1
 Integral screening threshold:           1.00e-10
 Total charge:                           0.000000000
 Number of electrons:                  344.000000000
 Electronic temperature (Kelvin):        0.000000000

 D3BJ energy:                           -0.098883243
 Repulsive energy:                       2.564282888

 ------------------------------------------------
  Running self-consistent charge (SCC) algorithm 
 ------------------------------------------------
 Broyden mixing factor:                  0.40
 Max number of iterations:             128
 Conv. threshold (charge):               1.00e-05
 Conv. threshold (energy):               1.00e-06
 Initial guess:                          SAD

 ---------------------------------------------------------------
                  energy        change          grad        time
 ---------------------------------------------------------------
   0      -201.636597720                    6.43e-01        0.03
   1      -202.221345978     -5.85e-01      3.75e-01        0.02
   2      -202.200792795      2.06e-02      5.88e-02        0.02
   3      -202.221132389     -2.03e-02      1.40e-02        0.02
   4      -202.238779763     -1.76e-02      2.61e-03        0.02
   5      -202.239396567     -6.17e-04      6.78e-04        0.02
   6      -202.239416714     -2.01e-05      1.60e-04        0.02
   7      -202.239417599     -8.85e-07      5.59e-05        0.02
   8      -202.239417832     -2.33e-07      2.57e-05        0.02
   9      -202.239417848     -1.60e-08      1.02e-05        0.02
  10      -202.239417849     -1.26e-09      3.12e-06        0.02
  11      -202.239417849     -1.66e-10      9.01e-07        0.02

 SCF converged in 10 iterations.

 Entropy contribution (-ST):             0.000000000
 Dipole moment (in Debye):               0.798352       5.785193      -0.688822
 Setting up Delta-SCF
 Ground-Excited state overlap:           0.000000000
 No correction applied to the TDM.
 Excitation energy:                      0.107955579
 Excitation energy (in eV):              2.937620952
 Transition dipole:                      1.36408      -1.95655       2.89257
 Saving results in set 'frame_1267'

 --------------------------------------------------------------------------------

 End time:                               Mon May 24 15:46:55 2021
 Total wall-clock time:                  0.538 seconds
==================================================================================
