
================================================================================
          _____________ ________ _______________ ________     _________         
         / ___________// ______ \\_____   _____// ______ \   / ________)        
        / /_________  / /      \ \     | |     / /      \ \ | (_______          
       |  __________|| |        | |    | |    | |        | | \________ \        
        \ \_________ | |        | |    | |     \ \______/ /___________) |       
         \__________||_|        |_|    |_|      \________//____________/        
                                                                                
====================================[ Qcore ]===================================

 Git hash:   b27a5f96910dca04bf09adb1496985de0081c8b6
 Git date:   Tue, 11 May 2021 09:58:05 -0400
 Compiler:   AppleClang 10.0.1.10010046
 Build type: Release
 Version:    1.2.0

 Start time: Mon May 24 16:06:50 2021

 Data directory: /Users/of15641/qcore/cmake-build-release/share/entos/1.2.0/data
 Number of threads: 2
 Number of threads was determined by: number of physical cores

 --------------------------------------------------------------------------------
                                  command: bchla                                 
 --------------------------------------------------------------------------------
 XTB basis setup:                        reference basis
 Number of basis functions:            404
 GFN version:                            gfn1
 Integral screening threshold:           1.00e-10
 Total charge:                           0.000000000
 Number of electrons:                  344.000000000
 Electronic temperature (Kelvin):        0.000000000

 D3BJ energy:                           -0.096347540
 Repulsive energy:                       2.497768380

 ------------------------------------------------
  Running self-consistent charge (SCC) algorithm 
 ------------------------------------------------
 Broyden mixing factor:                  0.40
 Max number of iterations:             128
 Conv. threshold (charge):               1.00e-05
 Conv. threshold (energy):               1.00e-06
 Initial guess:                          SAD

 ---------------------------------------------------------------
                  energy        change          grad        time
 ---------------------------------------------------------------
   0      -201.638351359                    6.42e-01        0.02
   1      -202.248362221     -6.10e-01      3.75e-01        0.02
   2      -202.235108155      1.33e-02      5.91e-02        0.02
   3      -202.254562087     -1.95e-02      1.09e-02        0.02
   4      -202.265192473     -1.06e-02      2.26e-03        0.02
   5      -202.265599465     -4.07e-04      7.32e-04        0.02
   6      -202.265626064     -2.66e-05      1.94e-04        0.02
   7      -202.265627939     -1.87e-06      6.41e-05        0.02
   8      -202.265628330     -3.91e-07      1.95e-05        0.02
   9      -202.265628340     -9.85e-09      6.93e-06        0.02
  10      -202.265628340     -4.39e-10      2.43e-06        0.02

 SCF converged in 9 iterations.

 Entropy contribution (-ST):             0.000000000
 Dipole moment (in Debye):               0.724832      -1.380574      -4.275090
 Setting up Delta-SCF
 Ground-Excited state overlap:          -0.000000000
 No correction applied to the TDM.
 Excitation energy:                      0.109885963
 Excitation energy (in eV):              2.990149374
 Transition dipole:                      0.52847       0.99416       3.25789
 Saving results in set 'frame_898'

 --------------------------------------------------------------------------------

 End time:                               Mon May 24 16:06:51 2021
 Total wall-clock time:                  0.569 seconds
==================================================================================
