
================================================================================
          _____________ ________ _______________ ________     _________         
         / ___________// ______ \\_____   _____// ______ \   / ________)        
        / /_________  / /      \ \     | |     / /      \ \ | (_______          
       |  __________|| |        | |    | |    | |        | | \________ \        
        \ \_________ | |        | |    | |     \ \______/ /___________) |       
         \__________||_|        |_|    |_|      \________//____________/        
                                                                                
====================================[ Qcore ]===================================

 Git hash:   b27a5f96910dca04bf09adb1496985de0081c8b6
 Git date:   Tue, 11 May 2021 09:58:05 -0400
 Compiler:   AppleClang 10.0.1.10010046
 Build type: Release
 Version:    1.2.0

 Start time: Mon May 24 16:04:04 2021

 Data directory: /Users/of15641/qcore/cmake-build-release/share/entos/1.2.0/data
 Number of threads: 2
 Number of threads was determined by: number of physical cores

 --------------------------------------------------------------------------------
                                  command: bchla                                 
 --------------------------------------------------------------------------------
 XTB basis setup:                        reference basis
 Number of basis functions:            404
 GFN version:                            gfn1
 Integral screening threshold:           1.00e-10
 Total charge:                           0.000000000
 Number of electrons:                  344.000000000
 Electronic temperature (Kelvin):        0.000000000

 D3BJ energy:                           -0.094824166
 Repulsive energy:                       2.474670041

 ------------------------------------------------
  Running self-consistent charge (SCC) algorithm 
 ------------------------------------------------
 Broyden mixing factor:                  0.40
 Max number of iterations:             128
 Conv. threshold (charge):               1.00e-05
 Conv. threshold (energy):               1.00e-06
 Initial guess:                          SAD

 ---------------------------------------------------------------
                  energy        change          grad        time
 ---------------------------------------------------------------
   0      -201.662664914                    6.42e-01        0.05
   1      -202.264852868     -6.02e-01      3.74e-01        0.05
   2      -202.258055231      6.80e-03      5.79e-02        0.05
   3      -202.274282861     -1.62e-02      8.35e-03        0.05
   4      -202.279671705     -5.39e-03      2.09e-03        0.04
   5      -202.280054188     -3.82e-04      6.88e-04        0.04
   6      -202.280081631     -2.74e-05      1.59e-04        0.04
   7      -202.280082529     -8.97e-07      5.27e-05        0.04
   8      -202.280082793     -2.65e-07      1.85e-05        0.04
   9      -202.280082804     -1.07e-08      6.72e-06        0.04
  10      -202.280082805     -7.74e-10      2.39e-06        0.04

 SCF converged in 9 iterations.

 Entropy contribution (-ST):             0.000000000
 Dipole moment (in Debye):              -0.218205       0.506103      -2.474253
 Setting up Delta-SCF
 Ground-Excited state overlap:           0.000000000
 No correction applied to the TDM.
 Excitation energy:                      0.107785718
 Excitation energy (in eV):              2.932998810
 Transition dipole:                     -0.96277       0.79923       3.25729
 Saving results in set 'frame_709'

 --------------------------------------------------------------------------------

 End time:                               Mon May 24 16:04:05 2021
 Total wall-clock time:                  1.028 seconds
==================================================================================
