
================================================================================
          _____________ ________ _______________ ________     _________         
         / ___________// ______ \\_____   _____// ______ \   / ________)        
        / /_________  / /      \ \     | |     / /      \ \ | (_______          
       |  __________|| |        | |    | |    | |        | | \________ \        
        \ \_________ | |        | |    | |     \ \______/ /___________) |       
         \__________||_|        |_|    |_|      \________//____________/        
                                                                                
====================================[ Qcore ]===================================

 Git hash:   b27a5f96910dca04bf09adb1496985de0081c8b6
 Git date:   Tue, 11 May 2021 09:58:05 -0400
 Compiler:   AppleClang 10.0.1.10010046
 Build type: Release
 Version:    1.2.0

 Start time: Mon May 24 16:01:59 2021

 Data directory: /Users/of15641/qcore/cmake-build-release/share/entos/1.2.0/data
 Number of threads: 2
 Number of threads was determined by: number of physical cores

 --------------------------------------------------------------------------------
                                  command: bchla                                 
 --------------------------------------------------------------------------------
 XTB basis setup:                        reference basis
 Number of basis functions:            404
 GFN version:                            gfn1
 Integral screening threshold:           1.00e-10
 Total charge:                           0.000000000
 Number of electrons:                  344.000000000
 Electronic temperature (Kelvin):        0.000000000

 D3BJ energy:                           -0.095363664
 Repulsive energy:                       2.489327140

 ------------------------------------------------
  Running self-consistent charge (SCC) algorithm 
 ------------------------------------------------
 Broyden mixing factor:                  0.40
 Max number of iterations:             128
 Conv. threshold (charge):               1.00e-05
 Conv. threshold (energy):               1.00e-06
 Initial guess:                          SAD

 ---------------------------------------------------------------
                  energy        change          grad        time
 ---------------------------------------------------------------
   0      -201.624971441                    6.42e-01        0.03
   1      -202.249561326     -6.25e-01      3.75e-01        0.03
   2      -202.241153233      8.41e-03      6.08e-02        0.02
   3      -202.260183055     -1.90e-02      9.17e-03        0.03
   4      -202.265701216     -5.52e-03      2.51e-03        0.03
   5      -202.266224940     -5.24e-04      7.72e-04        0.03
   6      -202.266262369     -3.74e-05      1.81e-04        0.03
   7      -202.266263781     -1.41e-06      5.75e-05        0.04
   8      -202.266264068     -2.87e-07      2.14e-05        0.10
   9      -202.266264083     -1.55e-08      7.29e-06        0.03
  10      -202.266264084     -8.53e-10      2.57e-06        0.03

 SCF converged in 9 iterations.

 Entropy contribution (-ST):             0.000000000
 Dipole moment (in Debye):              -5.072992       1.231327      -2.335266
 Setting up Delta-SCF
 Ground-Excited state overlap:          -0.000000000
 No correction applied to the TDM.
 Excitation energy:                      0.106818721
 Excitation energy (in eV):              2.906685473
 Transition dipole:                      1.90712      -0.10544       2.95185
 Saving results in set 'frame_572'

 --------------------------------------------------------------------------------

 End time:                               Mon May 24 16:02:00 2021
 Total wall-clock time:                  0.801 seconds
==================================================================================
