
================================================================================
          _____________ ________ _______________ ________     _________         
         / ___________// ______ \\_____   _____// ______ \   / ________)        
        / /_________  / /      \ \     | |     / /      \ \ | (_______          
       |  __________|| |        | |    | |    | |        | | \________ \        
        \ \_________ | |        | |    | |     \ \______/ /___________) |       
         \__________||_|        |_|    |_|      \________//____________/        
                                                                                
====================================[ Qcore ]===================================

 Git hash:   b27a5f96910dca04bf09adb1496985de0081c8b6
 Git date:   Tue, 11 May 2021 09:58:05 -0400
 Compiler:   AppleClang 10.0.1.10010046
 Build type: Release
 Version:    1.2.0

 Start time: Mon May 24 16:04:11 2021

 Data directory: /Users/of15641/qcore/cmake-build-release/share/entos/1.2.0/data
 Number of threads: 2
 Number of threads was determined by: number of physical cores

 --------------------------------------------------------------------------------
                                  command: bchla                                 
 --------------------------------------------------------------------------------
 XTB basis setup:                        reference basis
 Number of basis functions:            404
 GFN version:                            gfn1
 Integral screening threshold:           1.00e-10
 Total charge:                           0.000000000
 Number of electrons:                  344.000000000
 Electronic temperature (Kelvin):        0.000000000

 D3BJ energy:                           -0.095754736
 Repulsive energy:                       2.554820427

 ------------------------------------------------
  Running self-consistent charge (SCC) algorithm 
 ------------------------------------------------
 Broyden mixing factor:                  0.40
 Max number of iterations:             128
 Conv. threshold (charge):               1.00e-05
 Conv. threshold (energy):               1.00e-06
 Initial guess:                          SAD

 ---------------------------------------------------------------
                  energy        change          grad        time
 ---------------------------------------------------------------
   0      -201.688097012                    6.43e-01        0.04
   1      -202.282510103     -5.94e-01      3.75e-01        0.03
   2      -202.266385426      1.61e-02      5.82e-02        0.03
   3      -202.284877664     -1.85e-02      1.18e-02        0.03
   4      -202.298320932     -1.34e-02      2.22e-03        0.03
   5      -202.298721582     -4.01e-04      6.92e-04        0.06
   6      -202.298746386     -2.48e-05      2.15e-04        0.06
   7      -202.298749419     -3.03e-06      6.68e-05        0.03
   8      -202.298749857     -4.38e-07      2.12e-05        0.03
   9      -202.298749866     -8.66e-09      8.73e-06        0.02
  10      -202.298749866     -4.94e-10      2.58e-06        0.02

 SCF converged in 9 iterations.

 Entropy contribution (-ST):             0.000000000
 Dipole moment (in Debye):               2.663722       0.277345      -4.149084
 Setting up Delta-SCF
 Ground-Excited state overlap:          -0.000000000
 No correction applied to the TDM.
 Excitation energy:                      0.106393172
 Excitation energy (in eV):              2.895105686
 Transition dipole:                     -1.68154       0.42743       3.35932
 Saving results in set 'frame_715'

 --------------------------------------------------------------------------------

 End time:                               Mon May 24 16:04:12 2021
 Total wall-clock time:                  0.808 seconds
==================================================================================
