
================================================================================
          _____________ ________ _______________ ________     _________         
         / ___________// ______ \\_____   _____// ______ \   / ________)        
        / /_________  / /      \ \     | |     / /      \ \ | (_______          
       |  __________|| |        | |    | |    | |        | | \________ \        
        \ \_________ | |        | |    | |     \ \______/ /___________) |       
         \__________||_|        |_|    |_|      \________//____________/        
                                                                                
====================================[ Qcore ]===================================

 Git hash:   b27a5f96910dca04bf09adb1496985de0081c8b6
 Git date:   Tue, 11 May 2021 09:58:05 -0400
 Compiler:   AppleClang 10.0.1.10010046
 Build type: Release
 Version:    1.2.0

 Start time: Mon May 24 15:47:27 2021

 Data directory: /Users/of15641/qcore/cmake-build-release/share/entos/1.2.0/data
 Number of threads: 2
 Number of threads was determined by: number of physical cores

 --------------------------------------------------------------------------------
                                  command: bchla                                 
 --------------------------------------------------------------------------------
 XTB basis setup:                        reference basis
 Number of basis functions:            404
 GFN version:                            gfn1
 Integral screening threshold:           1.00e-10
 Total charge:                           0.000000000
 Number of electrons:                  344.000000000
 Electronic temperature (Kelvin):        0.000000000

 D3BJ energy:                           -0.103148962
 Repulsive energy:                       2.422946917

 ------------------------------------------------
  Running self-consistent charge (SCC) algorithm 
 ------------------------------------------------
 Broyden mixing factor:                  0.40
 Max number of iterations:             128
 Conv. threshold (charge):               1.00e-05
 Conv. threshold (energy):               1.00e-06
 Initial guess:                          SAD

 ---------------------------------------------------------------
                  energy        change          grad        time
 ---------------------------------------------------------------
   0      -201.684553221                    6.41e-01        0.02
   1      -202.280645906     -5.96e-01      3.74e-01        0.02
   2      -202.262607440      1.80e-02      5.90e-02        0.02
   3      -202.284373856     -2.18e-02      1.19e-02        0.02
   4      -202.297607555     -1.32e-02      2.27e-03        0.02
   5      -202.298103277     -4.96e-04      6.46e-04        0.02
   6      -202.298124298     -2.10e-05      1.43e-04        0.02
   7      -202.298124924     -6.26e-07      4.37e-05        0.02
   8      -202.298125051     -1.27e-07      2.02e-05        0.02
   9      -202.298125062     -1.17e-08      7.84e-06        0.02
  10      -202.298125063     -7.40e-10      2.46e-06        0.02

 SCF converged in 9 iterations.

 Entropy contribution (-ST):             0.000000000
 Dipole moment (in Debye):              -0.529378       3.904022      -2.145403
 Setting up Delta-SCF
 Ground-Excited state overlap:          -0.000000000
 No correction applied to the TDM.
 Excitation energy:                      0.109542298
 Excitation energy (in eV):              2.980797794
 Transition dipole:                      1.27599      -2.15548       2.73048
 Saving results in set 'frame_1319'

 --------------------------------------------------------------------------------

 End time:                               Mon May 24 15:47:28 2021
 Total wall-clock time:                  0.529 seconds
==================================================================================
