
================================================================================
          _____________ ________ _______________ ________     _________         
         / ___________// ______ \\_____   _____// ______ \   / ________)        
        / /_________  / /      \ \     | |     / /      \ \ | (_______          
       |  __________|| |        | |    | |    | |        | | \________ \        
        \ \_________ | |        | |    | |     \ \______/ /___________) |       
         \__________||_|        |_|    |_|      \________//____________/        
                                                                                
====================================[ Qcore ]===================================

 Git hash:   b27a5f96910dca04bf09adb1496985de0081c8b6
 Git date:   Tue, 11 May 2021 09:58:05 -0400
 Compiler:   AppleClang 10.0.1.10010046
 Build type: Release
 Version:    1.2.0

 Start time: Mon May 24 16:00:36 2021

 Data directory: /Users/of15641/qcore/cmake-build-release/share/entos/1.2.0/data
 Number of threads: 2
 Number of threads was determined by: number of physical cores

 --------------------------------------------------------------------------------
                                  command: bchla                                 
 --------------------------------------------------------------------------------
 XTB basis setup:                        reference basis
 Number of basis functions:            404
 GFN version:                            gfn1
 Integral screening threshold:           1.00e-10
 Total charge:                           0.000000000
 Number of electrons:                  344.000000000
 Electronic temperature (Kelvin):        0.000000000

 D3BJ energy:                           -0.094798748
 Repulsive energy:                       2.458026958

 ------------------------------------------------
  Running self-consistent charge (SCC) algorithm 
 ------------------------------------------------
 Broyden mixing factor:                  0.40
 Max number of iterations:             128
 Conv. threshold (charge):               1.00e-05
 Conv. threshold (energy):               1.00e-06
 Initial guess:                          SAD

 ---------------------------------------------------------------
                  energy        change          grad        time
 ---------------------------------------------------------------
   0      -201.633838869                    6.41e-01        0.05
   1      -202.215146476     -5.81e-01      3.74e-01        0.05
   2      -202.204184437      1.10e-02      5.76e-02        0.06
   3      -202.221427708     -1.72e-02      1.07e-02        0.04
   4      -202.230710790     -9.28e-03      2.65e-03        0.03
   5      -202.231312550     -6.02e-04      6.87e-04        0.02
   6      -202.231333793     -2.12e-05      1.70e-04        0.02
   7      -202.231334624     -8.30e-07      4.26e-05        0.02
   8      -202.231334673     -4.89e-08      1.53e-05        0.02
   9      -202.231334674     -1.53e-09      5.09e-06        0.02
  10      -202.231334675     -2.96e-10      2.23e-06        0.02

 SCF converged in 9 iterations.

 Entropy contribution (-ST):             0.000000000
 Dipole moment (in Debye):               2.109190       2.772748      -4.800531
 Setting up Delta-SCF
 Ground-Excited state overlap:           0.000000000
 No correction applied to the TDM.
 Excitation energy:                      0.108320636
 Excitation energy (in eV):              2.947554678
 Transition dipole:                      1.18994      -0.79902      -3.34980
 Saving results in set 'frame_5'

 --------------------------------------------------------------------------------

 End time:                               Mon May 24 16:00:37 2021
 Total wall-clock time:                  0.935 seconds
==================================================================================
