
================================================================================
          _____________ ________ _______________ ________     _________         
         / ___________// ______ \\_____   _____// ______ \   / ________)        
        / /_________  / /      \ \     | |     / /      \ \ | (_______          
       |  __________|| |        | |    | |    | |        | | \________ \        
        \ \_________ | |        | |    | |     \ \______/ /___________) |       
         \__________||_|        |_|    |_|      \________//____________/        
                                                                                
====================================[ Qcore ]===================================

 Git hash:   b27a5f96910dca04bf09adb1496985de0081c8b6
 Git date:   Tue, 11 May 2021 09:58:05 -0400
 Compiler:   AppleClang 10.0.1.10010046
 Build type: Release
 Version:    1.2.0

 Start time: Mon May 24 15:46:07 2021

 Data directory: /Users/of15641/qcore/cmake-build-release/share/entos/1.2.0/data
 Number of threads: 2
 Number of threads was determined by: number of physical cores

 --------------------------------------------------------------------------------
                                  command: bchla                                 
 --------------------------------------------------------------------------------
 XTB basis setup:                        reference basis
 Number of basis functions:            404
 GFN version:                            gfn1
 Integral screening threshold:           1.00e-10
 Total charge:                           0.000000000
 Number of electrons:                  344.000000000
 Electronic temperature (Kelvin):        0.000000000

 D3BJ energy:                           -0.097888000
 Repulsive energy:                       2.526379431

 ------------------------------------------------
  Running self-consistent charge (SCC) algorithm 
 ------------------------------------------------
 Broyden mixing factor:                  0.40
 Max number of iterations:             128
 Conv. threshold (charge):               1.00e-05
 Conv. threshold (energy):               1.00e-06
 Initial guess:                          SAD

 ---------------------------------------------------------------
                  energy        change          grad        time
 ---------------------------------------------------------------
   0      -201.699175911                    6.43e-01        0.03
   1      -202.289648301     -5.90e-01      3.75e-01        0.03
   2      -202.267940976      2.17e-02      5.88e-02        0.03
   3      -202.294464042     -2.65e-02      1.24e-02        0.03
   4      -202.308831146     -1.44e-02      2.27e-03        0.02
   5      -202.309301278     -4.70e-04      6.50e-04        0.03
   6      -202.309321050     -1.98e-05      1.56e-04        0.03
   7      -202.309321720     -6.69e-07      5.01e-05        0.02
   8      -202.309321855     -1.35e-07      2.31e-05        0.02
   9      -202.309321871     -1.61e-08      9.16e-06        0.02
  10      -202.309321872     -1.09e-09      3.02e-06        0.02

 SCF converged in 9 iterations.

 Entropy contribution (-ST):             0.000000000
 Dipole moment (in Debye):               0.624717       2.896935      -3.298017
 Setting up Delta-SCF
 Ground-Excited state overlap:          -0.000000000
 No correction applied to the TDM.
 Excitation energy:                      0.110338115
 Excitation energy (in eV):              3.002453059
 Transition dipole:                      0.55985      -2.43797       2.67900
 Saving results in set 'frame_1198'

 --------------------------------------------------------------------------------

 End time:                               Mon May 24 15:46:08 2021
 Total wall-clock time:                  0.609 seconds
==================================================================================
