
================================================================================
          _____________ ________ _______________ ________     _________         
         / ___________// ______ \\_____   _____// ______ \   / ________)        
        / /_________  / /      \ \     | |     / /      \ \ | (_______          
       |  __________|| |        | |    | |    | |        | | \________ \        
        \ \_________ | |        | |    | |     \ \______/ /___________) |       
         \__________||_|        |_|    |_|      \________//____________/        
                                                                                
====================================[ Qcore ]===================================

 Git hash:   b27a5f96910dca04bf09adb1496985de0081c8b6
 Git date:   Tue, 11 May 2021 09:58:05 -0400
 Compiler:   AppleClang 10.0.1.10010046
 Build type: Release
 Version:    1.2.0

 Start time: Mon May 24 15:52:34 2021

 Data directory: /Users/of15641/qcore/cmake-build-release/share/entos/1.2.0/data
 Number of threads: 2
 Number of threads was determined by: number of physical cores

 --------------------------------------------------------------------------------
                                  command: bchla                                 
 --------------------------------------------------------------------------------
 XTB basis setup:                        reference basis
 Number of basis functions:            404
 GFN version:                            gfn1
 Integral screening threshold:           1.00e-10
 Total charge:                           0.000000000
 Number of electrons:                  344.000000000
 Electronic temperature (Kelvin):        0.000000000

 D3BJ energy:                           -0.098206450
 Repulsive energy:                       2.459184459

 ------------------------------------------------
  Running self-consistent charge (SCC) algorithm 
 ------------------------------------------------
 Broyden mixing factor:                  0.40
 Max number of iterations:             128
 Conv. threshold (charge):               1.00e-05
 Conv. threshold (energy):               1.00e-06
 Initial guess:                          SAD

 ---------------------------------------------------------------
                  energy        change          grad        time
 ---------------------------------------------------------------
   0      -201.603480216                    6.42e-01        0.03
   1      -202.230219303     -6.27e-01      3.74e-01        0.03
   2      -202.210810942      1.94e-02      6.15e-02        0.03
   3      -202.233557637     -2.27e-02      1.27e-02        0.03
   4      -202.247578431     -1.40e-02      2.49e-03        0.02
   5      -202.248112725     -5.34e-04      6.81e-04        0.02
   6      -202.248132793     -2.01e-05      1.62e-04        0.03
   7      -202.248133567     -7.74e-07      4.57e-05        0.02
   8      -202.248133674     -1.07e-07      2.22e-05        0.03
   9      -202.248133689     -1.57e-08      8.73e-06        0.02
  10      -202.248133690     -8.07e-10      3.12e-06        0.02

 SCF converged in 9 iterations.

 Entropy contribution (-ST):             0.000000000
 Dipole moment (in Debye):              -3.389365       3.054406      -0.285301
 Setting up Delta-SCF
 Ground-Excited state overlap:           0.000000000
 No correction applied to the TDM.
 Excitation energy:                      0.110971286
 Excitation energy (in eV):              3.019682528
 Transition dipole:                      0.72870       2.91877       1.07238
 Saving results in set 'frame_1710'

 --------------------------------------------------------------------------------

 End time:                               Mon May 24 15:52:34 2021
 Total wall-clock time:                  0.666 seconds
==================================================================================
