
================================================================================
          _____________ ________ _______________ ________     _________         
         / ___________// ______ \\_____   _____// ______ \   / ________)        
        / /_________  / /      \ \     | |     / /      \ \ | (_______          
       |  __________|| |        | |    | |    | |        | | \________ \        
        \ \_________ | |        | |    | |     \ \______/ /___________) |       
         \__________||_|        |_|    |_|      \________//____________/        
                                                                                
====================================[ Qcore ]===================================

 Git hash:   b27a5f96910dca04bf09adb1496985de0081c8b6
 Git date:   Tue, 11 May 2021 09:58:05 -0400
 Compiler:   AppleClang 10.0.1.10010046
 Build type: Release
 Version:    1.2.0

 Start time: Mon May 24 16:05:11 2021

 Data directory: /Users/of15641/qcore/cmake-build-release/share/entos/1.2.0/data
 Number of threads: 2
 Number of threads was determined by: number of physical cores

 --------------------------------------------------------------------------------
                                  command: bchla                                 
 --------------------------------------------------------------------------------
 XTB basis setup:                        reference basis
 Number of basis functions:            404
 GFN version:                            gfn1
 Integral screening threshold:           1.00e-10
 Total charge:                           0.000000000
 Number of electrons:                  344.000000000
 Electronic temperature (Kelvin):        0.000000000

 D3BJ energy:                           -0.094704102
 Repulsive energy:                       2.445067372

 ------------------------------------------------
  Running self-consistent charge (SCC) algorithm 
 ------------------------------------------------
 Broyden mixing factor:                  0.40
 Max number of iterations:             128
 Conv. threshold (charge):               1.00e-05
 Conv. threshold (energy):               1.00e-06
 Initial guess:                          SAD

 ---------------------------------------------------------------
                  energy        change          grad        time
 ---------------------------------------------------------------
   0      -201.586281421                    6.41e-01        0.03
   1      -202.186657238     -6.00e-01      3.74e-01        0.02
   2      -202.174303934      1.24e-02      5.84e-02        0.02
   3      -202.192056326     -1.78e-02      1.03e-02        0.02
   4      -202.202263664     -1.02e-02      2.27e-03        0.02
   5      -202.202726763     -4.63e-04      7.25e-04        0.02
   6      -202.202753044     -2.63e-05      1.64e-04        0.02
   7      -202.202753874     -8.30e-07      5.72e-05        0.02
   8      -202.202754128     -2.54e-07      2.26e-05        0.02
   9      -202.202754143     -1.52e-08      7.86e-06        0.02
  10      -202.202754144     -9.00e-10      2.79e-06        0.02

 SCF converged in 9 iterations.

 Entropy contribution (-ST):             0.000000000
 Dipole moment (in Debye):              -0.208479       2.588692      -2.657825
 Setting up Delta-SCF
 Ground-Excited state overlap:          -0.000000000
 No correction applied to the TDM.
 Excitation energy:                      0.110590961
 Excitation energy (in eV):              3.009333342
 Transition dipole:                      2.63800       0.75367      -2.33508
 Saving results in set 'frame_777'

 --------------------------------------------------------------------------------

 End time:                               Mon May 24 16:05:11 2021
 Total wall-clock time:                  0.607 seconds
==================================================================================
