
================================================================================
          _____________ ________ _______________ ________     _________         
         / ___________// ______ \\_____   _____// ______ \   / ________)        
        / /_________  / /      \ \     | |     / /      \ \ | (_______          
       |  __________|| |        | |    | |    | |        | | \________ \        
        \ \_________ | |        | |    | |     \ \______/ /___________) |       
         \__________||_|        |_|    |_|      \________//____________/        
                                                                                
====================================[ Qcore ]===================================

 Git hash:   b27a5f96910dca04bf09adb1496985de0081c8b6
 Git date:   Tue, 11 May 2021 09:58:05 -0400
 Compiler:   AppleClang 10.0.1.10010046
 Build type: Release
 Version:    1.2.0

 Start time: Mon May 24 15:57:38 2021

 Data directory: /Users/of15641/qcore/cmake-build-release/share/entos/1.2.0/data
 Number of threads: 2
 Number of threads was determined by: number of physical cores

 --------------------------------------------------------------------------------
                                  command: bchla                                 
 --------------------------------------------------------------------------------
 XTB basis setup:                        reference basis
 Number of basis functions:            404
 GFN version:                            gfn1
 Integral screening threshold:           1.00e-10
 Total charge:                           0.000000000
 Number of electrons:                  344.000000000
 Electronic temperature (Kelvin):        0.000000000

 D3BJ energy:                           -0.096677400
 Repulsive energy:                       2.584038429

 ------------------------------------------------
  Running self-consistent charge (SCC) algorithm 
 ------------------------------------------------
 Broyden mixing factor:                  0.40
 Max number of iterations:             128
 Conv. threshold (charge):               1.00e-05
 Conv. threshold (energy):               1.00e-06
 Initial guess:                          SAD

 ---------------------------------------------------------------
                  energy        change          grad        time
 ---------------------------------------------------------------
   0      -201.749832910                    6.45e-01        0.04
   1      -202.344776993     -5.95e-01      3.76e-01        0.03
   2      -202.330287344      1.45e-02      5.85e-02        0.02
   3      -202.351919466     -2.16e-02      1.07e-02        0.03
   4      -202.361786338     -9.87e-03      2.28e-03        0.03
   5      -202.362262263     -4.76e-04      6.33e-04        0.02
   6      -202.362281967     -1.97e-05      1.46e-04        0.03
   7      -202.362282495     -5.28e-07      3.90e-05        0.02
   8      -202.362282561     -6.65e-08      1.87e-05        0.03
   9      -202.362282574     -1.25e-08      6.62e-06        0.02
  10      -202.362282574     -9.26e-10      2.84e-06        0.03

 SCF converged in 9 iterations.

 Entropy contribution (-ST):             0.000000000
 Dipole moment (in Debye):               2.429701      -0.699996       0.176539
 Setting up Delta-SCF
 Ground-Excited state overlap:           0.000000000
 No correction applied to the TDM.
 Excitation energy:                      0.107187287
 Excitation energy (in eV):              2.916714663
 Transition dipole:                     -3.03938       2.19270      -0.18577
 Saving results in set 'frame_281'

 --------------------------------------------------------------------------------

 End time:                               Mon May 24 15:57:39 2021
 Total wall-clock time:                  0.696 seconds
==================================================================================
