
================================================================================
          _____________ ________ _______________ ________     _________         
         / ___________// ______ \\_____   _____// ______ \   / ________)        
        / /_________  / /      \ \     | |     / /      \ \ | (_______          
       |  __________|| |        | |    | |    | |        | | \________ \        
        \ \_________ | |        | |    | |     \ \______/ /___________) |       
         \__________||_|        |_|    |_|      \________//____________/        
                                                                                
====================================[ Qcore ]===================================

 Git hash:   b27a5f96910dca04bf09adb1496985de0081c8b6
 Git date:   Tue, 11 May 2021 09:58:05 -0400
 Compiler:   AppleClang 10.0.1.10010046
 Build type: Release
 Version:    1.2.0

 Start time: Mon May 24 15:55:18 2021

 Data directory: /Users/of15641/qcore/cmake-build-release/share/entos/1.2.0/data
 Number of threads: 2
 Number of threads was determined by: number of physical cores

 --------------------------------------------------------------------------------
                                  command: bchla                                 
 --------------------------------------------------------------------------------
 XTB basis setup:                        reference basis
 Number of basis functions:            404
 GFN version:                            gfn1
 Integral screening threshold:           1.00e-10
 Total charge:                           0.000000000
 Number of electrons:                  344.000000000
 Electronic temperature (Kelvin):        0.000000000

 D3BJ energy:                           -0.093922362
 Repulsive energy:                       2.490178511

 ------------------------------------------------
  Running self-consistent charge (SCC) algorithm 
 ------------------------------------------------
 Broyden mixing factor:                  0.40
 Max number of iterations:             128
 Conv. threshold (charge):               1.00e-05
 Conv. threshold (energy):               1.00e-06
 Initial guess:                          SAD

 ---------------------------------------------------------------
                  energy        change          grad        time
 ---------------------------------------------------------------
   0      -201.589839851                    6.42e-01        0.02
   1      -202.182512478     -5.93e-01      3.75e-01        0.02
   2      -202.166278975      1.62e-02      5.90e-02        0.02
   3      -202.187456589     -2.12e-02      1.16e-02        0.02
   4      -202.199224781     -1.18e-02      2.39e-03        0.02
   5      -202.199772852     -5.48e-04      7.20e-04        0.02
   6      -202.199801576     -2.87e-05      1.67e-04        0.02
   7      -202.199802211     -6.35e-07      4.75e-05        0.02
   8      -202.199802279     -6.83e-08      2.29e-05        0.02
   9      -202.199802288     -9.01e-09      8.59e-06        0.02
  10      -202.199802290     -1.74e-09      3.05e-06        0.02

 SCF converged in 9 iterations.

 Entropy contribution (-ST):             0.000000000
 Dipole moment (in Debye):              -1.773223       2.061870       3.302195
 Setting up Delta-SCF
 Ground-Excited state overlap:           0.000000000
 No correction applied to the TDM.
 Excitation energy:                      0.108885092
 Excitation energy (in eV):              2.962914282
 Transition dipole:                      0.82349      -0.03358      -3.33461
 Saving results in set 'frame_1918'

 --------------------------------------------------------------------------------

 End time:                               Mon May 24 15:55:19 2021
 Total wall-clock time:                  0.499 seconds
==================================================================================
