
================================================================================
          _____________ ________ _______________ ________     _________         
         / ___________// ______ \\_____   _____// ______ \   / ________)        
        / /_________  / /      \ \     | |     / /      \ \ | (_______          
       |  __________|| |        | |    | |    | |        | | \________ \        
        \ \_________ | |        | |    | |     \ \______/ /___________) |       
         \__________||_|        |_|    |_|      \________//____________/        
                                                                                
====================================[ Qcore ]===================================

 Git hash:   b27a5f96910dca04bf09adb1496985de0081c8b6
 Git date:   Tue, 11 May 2021 09:58:05 -0400
 Compiler:   AppleClang 10.0.1.10010046
 Build type: Release
 Version:    1.2.0

 Start time: Mon May 24 15:59:05 2021

 Data directory: /Users/of15641/qcore/cmake-build-release/share/entos/1.2.0/data
 Number of threads: 2
 Number of threads was determined by: number of physical cores

 --------------------------------------------------------------------------------
                                  command: bchla                                 
 --------------------------------------------------------------------------------
 XTB basis setup:                        reference basis
 Number of basis functions:            404
 GFN version:                            gfn1
 Integral screening threshold:           1.00e-10
 Total charge:                           0.000000000
 Number of electrons:                  344.000000000
 Electronic temperature (Kelvin):        0.000000000

 D3BJ energy:                           -0.097899117
 Repulsive energy:                       2.459596607

 ------------------------------------------------
  Running self-consistent charge (SCC) algorithm 
 ------------------------------------------------
 Broyden mixing factor:                  0.40
 Max number of iterations:             128
 Conv. threshold (charge):               1.00e-05
 Conv. threshold (energy):               1.00e-06
 Initial guess:                          SAD

 ---------------------------------------------------------------
                  energy        change          grad        time
 ---------------------------------------------------------------
   0      -201.627684243                    6.42e-01        0.02
   1      -202.252925075     -6.25e-01      3.74e-01        0.02
   2      -202.237748695      1.52e-02      6.14e-02        0.02
   3      -202.258121323     -2.04e-02      1.16e-02        0.02
   4      -202.269091761     -1.10e-02      2.46e-03        0.02
   5      -202.269603231     -5.11e-04      6.60e-04        0.02
   6      -202.269624856     -2.16e-05      1.69e-04        0.02
   7      -202.269625956     -1.10e-06      5.52e-05        0.02
   8      -202.269626220     -2.65e-07      2.07e-05        0.02
   9      -202.269626231     -1.04e-08      7.53e-06        0.02
  10      -202.269626231     -5.62e-10      2.69e-06        0.02

 SCF converged in 9 iterations.

 Entropy contribution (-ST):             0.000000000
 Dipole moment (in Debye):               1.987853       1.855719       0.984761
 Setting up Delta-SCF
 Ground-Excited state overlap:          -0.000000000
 No correction applied to the TDM.
 Excitation energy:                      0.107835371
 Excitation energy (in eV):              2.934349932
 Transition dipole:                      2.39061       0.87881      -2.25721
 Saving results in set 'frame_396'

 --------------------------------------------------------------------------------

 End time:                               Mon May 24 15:59:06 2021
 Total wall-clock time:                  0.558 seconds
==================================================================================
