
================================================================================
          _____________ ________ _______________ ________     _________         
         / ___________// ______ \\_____   _____// ______ \   / ________)        
        / /_________  / /      \ \     | |     / /      \ \ | (_______          
       |  __________|| |        | |    | |    | |        | | \________ \        
        \ \_________ | |        | |    | |     \ \______/ /___________) |       
         \__________||_|        |_|    |_|      \________//____________/        
                                                                                
====================================[ Qcore ]===================================

 Git hash:   b27a5f96910dca04bf09adb1496985de0081c8b6
 Git date:   Tue, 11 May 2021 09:58:05 -0400
 Compiler:   AppleClang 10.0.1.10010046
 Build type: Release
 Version:    1.2.0

 Start time: Mon May 24 16:07:00 2021

 Data directory: /Users/of15641/qcore/cmake-build-release/share/entos/1.2.0/data
 Number of threads: 2
 Number of threads was determined by: number of physical cores

 --------------------------------------------------------------------------------
                                  command: bchla                                 
 --------------------------------------------------------------------------------
 XTB basis setup:                        reference basis
 Number of basis functions:            404
 GFN version:                            gfn1
 Integral screening threshold:           1.00e-10
 Total charge:                           0.000000000
 Number of electrons:                  344.000000000
 Electronic temperature (Kelvin):        0.000000000

 D3BJ energy:                           -0.097212369
 Repulsive energy:                       2.542579945

 ------------------------------------------------
  Running self-consistent charge (SCC) algorithm 
 ------------------------------------------------
 Broyden mixing factor:                  0.40
 Max number of iterations:             128
 Conv. threshold (charge):               1.00e-05
 Conv. threshold (energy):               1.00e-06
 Initial guess:                          SAD

 ---------------------------------------------------------------
                  energy        change          grad        time
 ---------------------------------------------------------------
   0      -201.677173133                    6.43e-01        0.03
   1      -202.277473695     -6.00e-01      3.75e-01        0.02
   2      -202.259991768      1.75e-02      5.93e-02        0.02
   3      -202.281273888     -2.13e-02      1.18e-02        0.02
   4      -202.294259987     -1.30e-02      2.44e-03        0.02
   5      -202.294792780     -5.33e-04      6.53e-04        0.02
   6      -202.294811432     -1.87e-05      1.60e-04        0.02
   7      -202.294812396     -9.64e-07      5.23e-05        0.03
   8      -202.294812672     -2.75e-07      1.99e-05        0.02
   9      -202.294812682     -9.87e-09      7.88e-06        0.02
  10      -202.294812682     -3.15e-10      2.41e-06        0.02

 SCF converged in 9 iterations.

 Entropy contribution (-ST):             0.000000000
 Dipole moment (in Debye):               2.369858       3.292517      -2.491528
 Setting up Delta-SCF
 Ground-Excited state overlap:          -0.000000000
 No correction applied to the TDM.
 Excitation energy:                      0.113386136
 Excitation energy (in eV):              3.085393944
 Transition dipole:                     -2.51273       0.11075       2.22672
 Saving results in set 'frame_91'

 --------------------------------------------------------------------------------

 End time:                               Mon May 24 16:07:00 2021
 Total wall-clock time:                  0.620 seconds
==================================================================================
