
================================================================================
          _____________ ________ _______________ ________     _________         
         / ___________// ______ \\_____   _____// ______ \   / ________)        
        / /_________  / /      \ \     | |     / /      \ \ | (_______          
       |  __________|| |        | |    | |    | |        | | \________ \        
        \ \_________ | |        | |    | |     \ \______/ /___________) |       
         \__________||_|        |_|    |_|      \________//____________/        
                                                                                
====================================[ Qcore ]===================================

 Git hash:   b27a5f96910dca04bf09adb1496985de0081c8b6
 Git date:   Tue, 11 May 2021 09:58:05 -0400
 Compiler:   AppleClang 10.0.1.10010046
 Build type: Release
 Version:    1.2.0

 Start time: Mon May 24 16:06:40 2021

 Data directory: /Users/of15641/qcore/cmake-build-release/share/entos/1.2.0/data
 Number of threads: 2
 Number of threads was determined by: number of physical cores

 --------------------------------------------------------------------------------
                                  command: bchla                                 
 --------------------------------------------------------------------------------
 XTB basis setup:                        reference basis
 Number of basis functions:            404
 GFN version:                            gfn1
 Integral screening threshold:           1.00e-10
 Total charge:                           0.000000000
 Number of electrons:                  344.000000000
 Electronic temperature (Kelvin):        0.000000000

 D3BJ energy:                           -0.094889406
 Repulsive energy:                       2.482146320

 ------------------------------------------------
  Running self-consistent charge (SCC) algorithm 
 ------------------------------------------------
 Broyden mixing factor:                  0.40
 Max number of iterations:             128
 Conv. threshold (charge):               1.00e-05
 Conv. threshold (energy):               1.00e-06
 Initial guess:                          SAD

 ---------------------------------------------------------------
                  energy        change          grad        time
 ---------------------------------------------------------------
   0      -201.680732910                    6.42e-01        0.03
   1      -202.280500149     -6.00e-01      3.75e-01        0.03
   2      -202.274041350      6.46e-03      5.76e-02        0.03
   3      -202.288778355     -1.47e-02      8.25e-03        0.02
   4      -202.294349063     -5.57e-03      2.16e-03        0.02
   5      -202.294773778     -4.25e-04      6.59e-04        0.02
   6      -202.294795838     -2.21e-05      1.38e-04        0.02
   7      -202.294796394     -5.56e-07      3.51e-05        0.02
   8      -202.294796451     -5.75e-08      1.55e-05        0.02
   9      -202.294796461     -9.37e-09      5.57e-06        0.02
  10      -202.294796462     -1.09e-09      2.28e-06        0.02

 SCF converged in 9 iterations.

 Entropy contribution (-ST):             0.000000000
 Dipole moment (in Debye):               2.099174      -2.319273      -4.871673
 Setting up Delta-SCF
 Ground-Excited state overlap:          -0.000000000
 No correction applied to the TDM.
 Excitation energy:                      0.109632425
 Excitation energy (in eV):              2.983250264
 Transition dipole:                      1.13367      -1.51756      -3.32420
 Saving results in set 'frame_883'

 --------------------------------------------------------------------------------

 End time:                               Mon May 24 16:06:41 2021
 Total wall-clock time:                  0.608 seconds
==================================================================================
