
================================================================================
          _____________ ________ _______________ ________     _________         
         / ___________// ______ \\_____   _____// ______ \   / ________)        
        / /_________  / /      \ \     | |     / /      \ \ | (_______          
       |  __________|| |        | |    | |    | |        | | \________ \        
        \ \_________ | |        | |    | |     \ \______/ /___________) |       
         \__________||_|        |_|    |_|      \________//____________/        
                                                                                
====================================[ Qcore ]===================================

 Git hash:   b27a5f96910dca04bf09adb1496985de0081c8b6
 Git date:   Tue, 11 May 2021 09:58:05 -0400
 Compiler:   AppleClang 10.0.1.10010046
 Build type: Release
 Version:    1.2.0

 Start time: Mon May 24 15:53:08 2021

 Data directory: /Users/of15641/qcore/cmake-build-release/share/entos/1.2.0/data
 Number of threads: 2
 Number of threads was determined by: number of physical cores

 --------------------------------------------------------------------------------
                                  command: bchla                                 
 --------------------------------------------------------------------------------
 XTB basis setup:                        reference basis
 Number of basis functions:            404
 GFN version:                            gfn1
 Integral screening threshold:           1.00e-10
 Total charge:                           0.000000000
 Number of electrons:                  344.000000000
 Electronic temperature (Kelvin):        0.000000000

 D3BJ energy:                           -0.095695246
 Repulsive energy:                       2.475360619

 ------------------------------------------------
  Running self-consistent charge (SCC) algorithm 
 ------------------------------------------------
 Broyden mixing factor:                  0.40
 Max number of iterations:             128
 Conv. threshold (charge):               1.00e-05
 Conv. threshold (energy):               1.00e-06
 Initial guess:                          SAD

 ---------------------------------------------------------------
                  energy        change          grad        time
 ---------------------------------------------------------------
   0      -201.612693770                    6.42e-01        0.03
   1      -202.243421015     -6.31e-01      3.75e-01        0.03
   2      -202.238416999      5.00e-03      6.02e-02        0.02
   3      -202.253808558     -1.54e-02      7.32e-03        0.03
   4      -202.257438656     -3.63e-03      1.86e-03        0.02
   5      -202.257698783     -2.60e-04      6.65e-04        0.03
   6      -202.257723891     -2.51e-05      1.65e-04        0.02
   7      -202.257724997     -1.11e-06      5.11e-05        0.02
   8      -202.257725206     -2.09e-07      1.63e-05        0.02
   9      -202.257725214     -8.31e-09      6.18e-06        0.02
  10      -202.257725215     -7.65e-10      2.15e-06        0.02

 SCF converged in 9 iterations.

 Entropy contribution (-ST):             0.000000000
 Dipole moment (in Debye):              -3.458143       3.814356       0.335009
 Setting up Delta-SCF
 Ground-Excited state overlap:          -0.000000000
 No correction applied to the TDM.
 Excitation energy:                      0.108916665
 Excitation energy (in eV):              2.963773451
 Transition dipole:                      0.63488       3.05292      -0.43928
 Saving results in set 'frame_1751'

 --------------------------------------------------------------------------------

 End time:                               Mon May 24 15:53:08 2021
 Total wall-clock time:                  0.658 seconds
==================================================================================
