
================================================================================
          _____________ ________ _______________ ________     _________         
         / ___________// ______ \\_____   _____// ______ \   / ________)        
        / /_________  / /      \ \     | |     / /      \ \ | (_______          
       |  __________|| |        | |    | |    | |        | | \________ \        
        \ \_________ | |        | |    | |     \ \______/ /___________) |       
         \__________||_|        |_|    |_|      \________//____________/        
                                                                                
====================================[ Qcore ]===================================

 Git hash:   b27a5f96910dca04bf09adb1496985de0081c8b6
 Git date:   Tue, 11 May 2021 09:58:05 -0400
 Compiler:   AppleClang 10.0.1.10010046
 Build type: Release
 Version:    1.2.0

 Start time: Mon May 24 15:59:56 2021

 Data directory: /Users/of15641/qcore/cmake-build-release/share/entos/1.2.0/data
 Number of threads: 2
 Number of threads was determined by: number of physical cores

 --------------------------------------------------------------------------------
                                  command: bchla                                 
 --------------------------------------------------------------------------------
 XTB basis setup:                        reference basis
 Number of basis functions:            404
 GFN version:                            gfn1
 Integral screening threshold:           1.00e-10
 Total charge:                           0.000000000
 Number of electrons:                  344.000000000
 Electronic temperature (Kelvin):        0.000000000

 D3BJ energy:                           -0.099684029
 Repulsive energy:                       2.569758258

 ------------------------------------------------
  Running self-consistent charge (SCC) algorithm 
 ------------------------------------------------
 Broyden mixing factor:                  0.40
 Max number of iterations:             128
 Conv. threshold (charge):               1.00e-05
 Conv. threshold (energy):               1.00e-06
 Initial guess:                          SAD

 ---------------------------------------------------------------
                  energy        change          grad        time
 ---------------------------------------------------------------
   0      -201.690129807                    6.43e-01        0.03
   1      -202.275592434     -5.85e-01      3.75e-01        0.02
   2      -202.261347500      1.42e-02      5.80e-02        0.02
   3      -202.282664602     -2.13e-02      1.09e-02        0.02
   4      -202.292822867     -1.02e-02      2.28e-03        0.02
   5      -202.293303479     -4.81e-04      6.23e-04        0.02
   6      -202.293321150     -1.77e-05      1.35e-04        0.02
   7      -202.293321647     -4.97e-07      3.62e-05        0.02
   8      -202.293321672     -2.54e-08      1.44e-05        0.02
   9      -202.293321675     -2.34e-09      6.62e-06        0.02
  10      -202.293321676     -1.95e-09      2.31e-06        0.02

 SCF converged in 9 iterations.

 Entropy contribution (-ST):             0.000000000
 Dipole moment (in Debye):               2.575643       1.435778       1.060431
 Setting up Delta-SCF
 Ground-Excited state overlap:           0.000000000
 No correction applied to the TDM.
 Excitation energy:                      0.112984911
 Excitation energy (in eV):              3.074476053
 Transition dipole:                      3.26110       1.60604      -0.21328
 Saving results in set 'frame_465'

 --------------------------------------------------------------------------------

 End time:                               Mon May 24 15:59:57 2021
 Total wall-clock time:                  0.610 seconds
==================================================================================
