
================================================================================
          _____________ ________ _______________ ________     _________         
         / ___________// ______ \\_____   _____// ______ \   / ________)        
        / /_________  / /      \ \     | |     / /      \ \ | (_______          
       |  __________|| |        | |    | |    | |        | | \________ \        
        \ \_________ | |        | |    | |     \ \______/ /___________) |       
         \__________||_|        |_|    |_|      \________//____________/        
                                                                                
====================================[ Qcore ]===================================

 Git hash:   b27a5f96910dca04bf09adb1496985de0081c8b6
 Git date:   Tue, 11 May 2021 09:58:05 -0400
 Compiler:   AppleClang 10.0.1.10010046
 Build type: Release
 Version:    1.2.0

 Start time: Mon May 24 15:55:28 2021

 Data directory: /Users/of15641/qcore/cmake-build-release/share/entos/1.2.0/data
 Number of threads: 2
 Number of threads was determined by: number of physical cores

 --------------------------------------------------------------------------------
                                  command: bchla                                 
 --------------------------------------------------------------------------------
 XTB basis setup:                        reference basis
 Number of basis functions:            404
 GFN version:                            gfn1
 Integral screening threshold:           1.00e-10
 Total charge:                           0.000000000
 Number of electrons:                  344.000000000
 Electronic temperature (Kelvin):        0.000000000

 D3BJ energy:                           -0.097088925
 Repulsive energy:                       2.528867594

 ------------------------------------------------
  Running self-consistent charge (SCC) algorithm 
 ------------------------------------------------
 Broyden mixing factor:                  0.40
 Max number of iterations:             128
 Conv. threshold (charge):               1.00e-05
 Conv. threshold (energy):               1.00e-06
 Initial guess:                          SAD

 ---------------------------------------------------------------
                  energy        change          grad        time
 ---------------------------------------------------------------
   0      -201.707726988                    6.44e-01        0.03
   1      -202.320489314     -6.13e-01      3.76e-01        0.03
   2      -202.304443807      1.60e-02      5.94e-02        0.02
   3      -202.327183070     -2.27e-02      1.11e-02        0.02
   4      -202.338340584     -1.12e-02      2.24e-03        0.02
   5      -202.338810281     -4.70e-04      7.00e-04        0.03
   6      -202.338836570     -2.63e-05      1.75e-04        0.02
   7      -202.338837862     -1.29e-06      6.45e-05        0.02
   8      -202.338838269     -4.07e-07      1.77e-05        0.03
   9      -202.338838275     -5.30e-09      6.49e-06        0.02
  10      -202.338838275     -2.53e-10      2.14e-06        0.03

 SCF converged in 9 iterations.

 Entropy contribution (-ST):             0.000000000
 Dipole moment (in Debye):               1.263850      -1.209125      -0.778244
 Setting up Delta-SCF
 Ground-Excited state overlap:          -0.000000000
 No correction applied to the TDM.
 Excitation energy:                      0.107765887
 Excitation energy (in eV):              2.932459188
 Transition dipole:                     -0.94201       2.67168       1.97735
 Saving results in set 'frame_193'

 --------------------------------------------------------------------------------

 End time:                               Mon May 24 15:55:29 2021
 Total wall-clock time:                  0.627 seconds
==================================================================================
