
================================================================================
          _____________ ________ _______________ ________     _________         
         / ___________// ______ \\_____   _____// ______ \   / ________)        
        / /_________  / /      \ \     | |     / /      \ \ | (_______          
       |  __________|| |        | |    | |    | |        | | \________ \        
        \ \_________ | |        | |    | |     \ \______/ /___________) |       
         \__________||_|        |_|    |_|      \________//____________/        
                                                                                
====================================[ Qcore ]===================================

 Git hash:   b27a5f96910dca04bf09adb1496985de0081c8b6
 Git date:   Tue, 11 May 2021 09:58:05 -0400
 Compiler:   AppleClang 10.0.1.10010046
 Build type: Release
 Version:    1.2.0

 Start time: Mon May 24 16:02:49 2021

 Data directory: /Users/of15641/qcore/cmake-build-release/share/entos/1.2.0/data
 Number of threads: 2
 Number of threads was determined by: number of physical cores

 --------------------------------------------------------------------------------
                                  command: bchla                                 
 --------------------------------------------------------------------------------
 XTB basis setup:                        reference basis
 Number of basis functions:            404
 GFN version:                            gfn1
 Integral screening threshold:           1.00e-10
 Total charge:                           0.000000000
 Number of electrons:                  344.000000000
 Electronic temperature (Kelvin):        0.000000000

 D3BJ energy:                           -0.093827867
 Repulsive energy:                       2.502219719

 ------------------------------------------------
  Running self-consistent charge (SCC) algorithm 
 ------------------------------------------------
 Broyden mixing factor:                  0.40
 Max number of iterations:             128
 Conv. threshold (charge):               1.00e-05
 Conv. threshold (energy):               1.00e-06
 Initial guess:                          SAD

 ---------------------------------------------------------------
                  energy        change          grad        time
 ---------------------------------------------------------------
   0      -201.611024865                    6.43e-01        0.03
   1      -202.234319878     -6.23e-01      3.75e-01        0.02
   2      -202.218734445      1.56e-02      6.01e-02        0.02
   3      -202.239451055     -2.07e-02      1.15e-02        0.02
   4      -202.251499931     -1.20e-02      2.28e-03        0.02
   5      -202.251930679     -4.31e-04      7.57e-04        0.02
   6      -202.251959559     -2.89e-05      1.86e-04        0.02
   7      -202.251961255     -1.70e-06      6.17e-05        0.02
   8      -202.251961595     -3.40e-07      2.06e-05        0.02
   9      -202.251961602     -7.01e-09      8.01e-06        0.02
  10      -202.251961603     -7.82e-10      2.56e-06        0.02

 SCF converged in 9 iterations.

 Entropy contribution (-ST):             0.000000000
 Dipole moment (in Debye):              -0.152589      -1.524708      -3.677284
 Setting up Delta-SCF
 Ground-Excited state overlap:          -0.000000000
 No correction applied to the TDM.
 Excitation energy:                      0.111172151
 Excitation energy (in eV):              3.025148353
 Transition dipole:                      0.40134       2.20995       2.22141
 Saving results in set 'frame_632'

 --------------------------------------------------------------------------------

 End time:                               Mon May 24 16:02:50 2021
 Total wall-clock time:                  0.610 seconds
==================================================================================
