
================================================================================
          _____________ ________ _______________ ________     _________         
         / ___________// ______ \\_____   _____// ______ \   / ________)        
        / /_________  / /      \ \     | |     / /      \ \ | (_______          
       |  __________|| |        | |    | |    | |        | | \________ \        
        \ \_________ | |        | |    | |     \ \______/ /___________) |       
         \__________||_|        |_|    |_|      \________//____________/        
                                                                                
====================================[ Qcore ]===================================

 Git hash:   b27a5f96910dca04bf09adb1496985de0081c8b6
 Git date:   Tue, 11 May 2021 09:58:05 -0400
 Compiler:   AppleClang 10.0.1.10010046
 Build type: Release
 Version:    1.2.0

 Start time: Mon May 24 15:55:11 2021

 Data directory: /Users/of15641/qcore/cmake-build-release/share/entos/1.2.0/data
 Number of threads: 2
 Number of threads was determined by: number of physical cores

 --------------------------------------------------------------------------------
                                  command: bchla                                 
 --------------------------------------------------------------------------------
 XTB basis setup:                        reference basis
 Number of basis functions:            404
 GFN version:                            gfn1
 Integral screening threshold:           1.00e-10
 Total charge:                           0.000000000
 Number of electrons:                  344.000000000
 Electronic temperature (Kelvin):        0.000000000

 D3BJ energy:                           -0.094414650
 Repulsive energy:                       2.557056344

 ------------------------------------------------
  Running self-consistent charge (SCC) algorithm 
 ------------------------------------------------
 Broyden mixing factor:                  0.40
 Max number of iterations:             128
 Conv. threshold (charge):               1.00e-05
 Conv. threshold (energy):               1.00e-06
 Initial guess:                          SAD

 ---------------------------------------------------------------
                  energy        change          grad        time
 ---------------------------------------------------------------
   0      -201.664986252                    6.43e-01        0.03
   1      -202.258295616     -5.93e-01      3.75e-01        0.02
   2      -202.239584372      1.87e-02      5.81e-02        0.02
   3      -202.258480775     -1.89e-02      1.26e-02        0.02
   4      -202.274794114     -1.63e-02      2.15e-03        0.02
   5      -202.275185463     -3.91e-04      6.08e-04        0.02
   6      -202.275198723     -1.33e-05      1.39e-04        0.02
   7      -202.275199348     -6.25e-07      4.39e-05        0.02
   8      -202.275199505     -1.57e-07      1.89e-05        0.02
   9      -202.275199517     -1.19e-08      7.01e-06        0.02
  10      -202.275199518     -4.74e-10      2.32e-06        0.02

 SCF converged in 9 iterations.

 Entropy contribution (-ST):             0.000000000
 Dipole moment (in Debye):              -1.097865       3.730696       3.925501
 Setting up Delta-SCF
 Ground-Excited state overlap:           0.000000000
 No correction applied to the TDM.
 Excitation energy:                      0.111775881
 Excitation energy (in eV):              3.041576664
 Transition dipole:                      1.38177       1.19264       3.28871
 Saving results in set 'frame_1907'

 --------------------------------------------------------------------------------

 End time:                               Mon May 24 15:55:12 2021
 Total wall-clock time:                  0.519 seconds
==================================================================================
