
================================================================================
          _____________ ________ _______________ ________     _________         
         / ___________// ______ \\_____   _____// ______ \   / ________)        
        / /_________  / /      \ \     | |     / /      \ \ | (_______          
       |  __________|| |        | |    | |    | |        | | \________ \        
        \ \_________ | |        | |    | |     \ \______/ /___________) |       
         \__________||_|        |_|    |_|      \________//____________/        
                                                                                
====================================[ Qcore ]===================================

 Git hash:   b27a5f96910dca04bf09adb1496985de0081c8b6
 Git date:   Tue, 11 May 2021 09:58:05 -0400
 Compiler:   AppleClang 10.0.1.10010046
 Build type: Release
 Version:    1.2.0

 Start time: Mon May 24 15:43:55 2021

 Data directory: /Users/of15641/qcore/cmake-build-release/share/entos/1.2.0/data
 Number of threads: 2
 Number of threads was determined by: number of physical cores

 --------------------------------------------------------------------------------
                                  command: bchla                                 
 --------------------------------------------------------------------------------
 XTB basis setup:                        reference basis
 Number of basis functions:            404
 GFN version:                            gfn1
 Integral screening threshold:           1.00e-10
 Total charge:                           0.000000000
 Number of electrons:                  344.000000000
 Electronic temperature (Kelvin):        0.000000000

 D3BJ energy:                           -0.099503580
 Repulsive energy:                       2.567120511

 ------------------------------------------------
  Running self-consistent charge (SCC) algorithm 
 ------------------------------------------------
 Broyden mixing factor:                  0.40
 Max number of iterations:             128
 Conv. threshold (charge):               1.00e-05
 Conv. threshold (energy):               1.00e-06
 Initial guess:                          SAD

 ---------------------------------------------------------------
                  energy        change          grad        time
 ---------------------------------------------------------------
   0      -201.694684099                    6.43e-01        0.03
   1      -202.264204234     -5.70e-01      3.75e-01        0.02
   2      -202.241802424      2.24e-02      5.65e-02        0.03
   3      -202.262456061     -2.07e-02      1.37e-02        0.02
   4      -202.282513296     -2.01e-02      2.23e-03        0.02
   5      -202.282900417     -3.87e-04      6.42e-04        0.02
   6      -202.282914622     -1.42e-05      1.69e-04        0.02
   7      -202.282915433     -8.11e-07      5.04e-05        0.02
   8      -202.282915612     -1.80e-07      2.33e-05        0.02
   9      -202.282915632     -1.95e-08      8.89e-06        0.02
  10      -202.282915632     -4.30e-10      2.90e-06        0.02

 SCF converged in 9 iterations.

 Entropy contribution (-ST):             0.000000000
 Dipole moment (in Debye):              -0.732275       0.893189      -2.446794
 Setting up Delta-SCF
 Ground-Excited state overlap:           0.000000000
 No correction applied to the TDM.
 Excitation energy:                      0.109617481
 Excitation energy (in eV):              2.982843624
 Transition dipole:                     -0.83330       0.48437      -3.57224
 Saving results in set 'frame_1003'

 --------------------------------------------------------------------------------

 End time:                               Mon May 24 15:43:56 2021
 Total wall-clock time:                  0.557 seconds
==================================================================================
