
================================================================================
          _____________ ________ _______________ ________     _________         
         / ___________// ______ \\_____   _____// ______ \   / ________)        
        / /_________  / /      \ \     | |     / /      \ \ | (_______          
       |  __________|| |        | |    | |    | |        | | \________ \        
        \ \_________ | |        | |    | |     \ \______/ /___________) |       
         \__________||_|        |_|    |_|      \________//____________/        
                                                                                
====================================[ Qcore ]===================================

 Git hash:   b27a5f96910dca04bf09adb1496985de0081c8b6
 Git date:   Tue, 11 May 2021 09:58:05 -0400
 Compiler:   AppleClang 10.0.1.10010046
 Build type: Release
 Version:    1.2.0

 Start time: Mon May 24 15:46:45 2021

 Data directory: /Users/of15641/qcore/cmake-build-release/share/entos/1.2.0/data
 Number of threads: 2
 Number of threads was determined by: number of physical cores

 --------------------------------------------------------------------------------
                                  command: bchla                                 
 --------------------------------------------------------------------------------
 XTB basis setup:                        reference basis
 Number of basis functions:            404
 GFN version:                            gfn1
 Integral screening threshold:           1.00e-10
 Total charge:                           0.000000000
 Number of electrons:                  344.000000000
 Electronic temperature (Kelvin):        0.000000000

 D3BJ energy:                           -0.102893443
 Repulsive energy:                       2.463229878

 ------------------------------------------------
  Running self-consistent charge (SCC) algorithm 
 ------------------------------------------------
 Broyden mixing factor:                  0.40
 Max number of iterations:             128
 Conv. threshold (charge):               1.00e-05
 Conv. threshold (energy):               1.00e-06
 Initial guess:                          SAD

 ---------------------------------------------------------------
                  energy        change          grad        time
 ---------------------------------------------------------------
   0      -201.616095808                    6.41e-01        0.03
   1      -202.229501971     -6.13e-01      3.74e-01        0.02
   2      -202.205987295      2.35e-02      6.05e-02        0.02
   3      -202.231701680     -2.57e-02      1.28e-02        0.02
   4      -202.248103232     -1.64e-02      2.31e-03        0.02
   5      -202.248611061     -5.08e-04      6.61e-04        0.02
   6      -202.248631045     -2.00e-05      1.53e-04        0.02
   7      -202.248631540     -4.96e-07      4.40e-05        0.02
   8      -202.248631619     -7.87e-08      2.17e-05        0.02
   9      -202.248631632     -1.31e-08      8.45e-06        0.02
  10      -202.248631634     -1.54e-09      2.94e-06        0.02

 SCF converged in 9 iterations.

 Entropy contribution (-ST):             0.000000000
 Dipole moment (in Debye):               0.061797       3.266185      -0.521883
 Setting up Delta-SCF
 Ground-Excited state overlap:           0.000000000
 No correction applied to the TDM.
 Excitation energy:                      0.109170553
 Excitation energy (in eV):              2.970682096
 Transition dipole:                     -0.85449       3.21271      -1.51164
 Saving results in set 'frame_1253'

 --------------------------------------------------------------------------------

 End time:                               Mon May 24 15:46:46 2021
 Total wall-clock time:                  0.525 seconds
==================================================================================
