
================================================================================
          _____________ ________ _______________ ________     _________         
         / ___________// ______ \\_____   _____// ______ \   / ________)        
        / /_________  / /      \ \     | |     / /      \ \ | (_______          
       |  __________|| |        | |    | |    | |        | | \________ \        
        \ \_________ | |        | |    | |     \ \______/ /___________) |       
         \__________||_|        |_|    |_|      \________//____________/        
                                                                                
====================================[ Qcore ]===================================

 Git hash:   b27a5f96910dca04bf09adb1496985de0081c8b6
 Git date:   Tue, 11 May 2021 09:58:05 -0400
 Compiler:   AppleClang 10.0.1.10010046
 Build type: Release
 Version:    1.2.0

 Start time: Mon May 24 15:45:29 2021

 Data directory: /Users/of15641/qcore/cmake-build-release/share/entos/1.2.0/data
 Number of threads: 2
 Number of threads was determined by: number of physical cores

 --------------------------------------------------------------------------------
                                  command: bchla                                 
 --------------------------------------------------------------------------------
 XTB basis setup:                        reference basis
 Number of basis functions:            404
 GFN version:                            gfn1
 Integral screening threshold:           1.00e-10
 Total charge:                           0.000000000
 Number of electrons:                  344.000000000
 Electronic temperature (Kelvin):        0.000000000

 D3BJ energy:                           -0.096645041
 Repulsive energy:                       2.508565530

 ------------------------------------------------
  Running self-consistent charge (SCC) algorithm 
 ------------------------------------------------
 Broyden mixing factor:                  0.40
 Max number of iterations:             128
 Conv. threshold (charge):               1.00e-05
 Conv. threshold (energy):               1.00e-06
 Initial guess:                          SAD

 ---------------------------------------------------------------
                  energy        change          grad        time
 ---------------------------------------------------------------
   0      -201.653675214                    6.42e-01        0.02
   1      -202.244044250     -5.90e-01      3.75e-01        0.02
   2      -202.234243567      9.80e-03      5.77e-02        0.02
   3      -202.250463886     -1.62e-02      1.03e-02        0.02
   4      -202.259309288     -8.85e-03      2.66e-03        0.02
   5      -202.259882405     -5.73e-04      7.00e-04        0.02
   6      -202.259901907     -1.95e-05      1.67e-04        0.02
   7      -202.259902909     -1.00e-06      3.74e-05        0.02
   8      -202.259902948     -3.85e-08      1.38e-05        0.02
   9      -202.259902949     -1.40e-09      5.16e-06        0.02
  10      -202.259902950     -2.76e-10      1.71e-06        0.02

 SCF converged in 9 iterations.

 Entropy contribution (-ST):             0.000000000
 Dipole moment (in Debye):               2.522774       3.878418      -2.392811
 Setting up Delta-SCF
 Ground-Excited state overlap:           0.000000000
 No correction applied to the TDM.
 Excitation energy:                      0.108505775
 Excitation energy (in eV):              2.952592557
 Transition dipole:                     -2.79765      -0.43256       2.36113
 Saving results in set 'frame_114'

 --------------------------------------------------------------------------------

 End time:                               Mon May 24 15:45:29 2021
 Total wall-clock time:                  0.480 seconds
==================================================================================
