
================================================================================
          _____________ ________ _______________ ________     _________         
         / ___________// ______ \\_____   _____// ______ \   / ________)        
        / /_________  / /      \ \     | |     / /      \ \ | (_______          
       |  __________|| |        | |    | |    | |        | | \________ \        
        \ \_________ | |        | |    | |     \ \______/ /___________) |       
         \__________||_|        |_|    |_|      \________//____________/        
                                                                                
====================================[ Qcore ]===================================

 Git hash:   b27a5f96910dca04bf09adb1496985de0081c8b6
 Git date:   Tue, 11 May 2021 09:58:05 -0400
 Compiler:   AppleClang 10.0.1.10010046
 Build type: Release
 Version:    1.2.0

 Start time: Mon May 24 15:54:41 2021

 Data directory: /Users/of15641/qcore/cmake-build-release/share/entos/1.2.0/data
 Number of threads: 2
 Number of threads was determined by: number of physical cores

 --------------------------------------------------------------------------------
                                  command: bchla                                 
 --------------------------------------------------------------------------------
 XTB basis setup:                        reference basis
 Number of basis functions:            404
 GFN version:                            gfn1
 Integral screening threshold:           1.00e-10
 Total charge:                           0.000000000
 Number of electrons:                  344.000000000
 Electronic temperature (Kelvin):        0.000000000

 D3BJ energy:                           -0.095071352
 Repulsive energy:                       2.601869381

 ------------------------------------------------
  Running self-consistent charge (SCC) algorithm 
 ------------------------------------------------
 Broyden mixing factor:                  0.40
 Max number of iterations:             128
 Conv. threshold (charge):               1.00e-05
 Conv. threshold (energy):               1.00e-06
 Initial guess:                          SAD

 ---------------------------------------------------------------
                  energy        change          grad        time
 ---------------------------------------------------------------
   0      -201.711951401                    6.44e-01        0.02
   1      -202.293132419     -5.81e-01      3.76e-01        0.02
   2      -202.283798011      9.33e-03      5.70e-02        0.02
   3      -202.299694743     -1.59e-02      9.53e-03        0.02
   4      -202.307815050     -8.12e-03      2.64e-03        0.02
   5      -202.308455713     -6.41e-04      7.50e-04        0.02
   6      -202.308485817     -3.01e-05      2.17e-04        0.02
   7      -202.308488512     -2.69e-06      7.03e-05        0.02
   8      -202.308489099     -5.88e-07      2.07e-05        0.02
   9      -202.308489117     -1.74e-08      7.59e-06        0.02
  10      -202.308489117     -4.12e-10      2.56e-06        0.02

 SCF converged in 9 iterations.

 Entropy contribution (-ST):             0.000000000
 Dipole moment (in Debye):              -0.449428       2.591197       3.505484
 Setting up Delta-SCF
 Ground-Excited state overlap:          -0.000000000
 No correction applied to the TDM.
 Excitation energy:                      0.101722534
 Excitation energy (in eV):              2.768011158
 Transition dipole:                      2.67677       2.15372       1.09187
 Saving results in set 'frame_1868'

 --------------------------------------------------------------------------------

 End time:                               Mon May 24 15:54:42 2021
 Total wall-clock time:                  0.494 seconds
==================================================================================
