
================================================================================
          _____________ ________ _______________ ________     _________         
         / ___________// ______ \\_____   _____// ______ \   / ________)        
        / /_________  / /      \ \     | |     / /      \ \ | (_______          
       |  __________|| |        | |    | |    | |        | | \________ \        
        \ \_________ | |        | |    | |     \ \______/ /___________) |       
         \__________||_|        |_|    |_|      \________//____________/        
                                                                                
====================================[ Qcore ]===================================

 Git hash:   b27a5f96910dca04bf09adb1496985de0081c8b6
 Git date:   Tue, 11 May 2021 09:58:05 -0400
 Compiler:   AppleClang 10.0.1.10010046
 Build type: Release
 Version:    1.2.0

 Start time: Mon May 24 16:06:48 2021

 Data directory: /Users/of15641/qcore/cmake-build-release/share/entos/1.2.0/data
 Number of threads: 2
 Number of threads was determined by: number of physical cores

 --------------------------------------------------------------------------------
                                  command: bchla                                 
 --------------------------------------------------------------------------------
 XTB basis setup:                        reference basis
 Number of basis functions:            404
 GFN version:                            gfn1
 Integral screening threshold:           1.00e-10
 Total charge:                           0.000000000
 Number of electrons:                  344.000000000
 Electronic temperature (Kelvin):        0.000000000

 D3BJ energy:                           -0.096337705
 Repulsive energy:                       2.555049135

 ------------------------------------------------
  Running self-consistent charge (SCC) algorithm 
 ------------------------------------------------
 Broyden mixing factor:                  0.40
 Max number of iterations:             128
 Conv. threshold (charge):               1.00e-05
 Conv. threshold (energy):               1.00e-06
 Initial guess:                          SAD

 ---------------------------------------------------------------
                  energy        change          grad        time
 ---------------------------------------------------------------
   0      -201.803572347                    6.43e-01        0.03
   1      -202.374567272     -5.71e-01      3.76e-01        0.03
   2      -202.367673597      6.89e-03      5.54e-02        0.03
   3      -202.383802199     -1.61e-02      8.90e-03        0.02
   4      -202.389531663     -5.73e-03      2.25e-03        0.02
   5      -202.389947960     -4.16e-04      6.65e-04        0.02
   6      -202.389973744     -2.58e-05      1.51e-04        0.02
   7      -202.389974435     -6.91e-07      3.57e-05        0.02
   8      -202.389974496     -6.06e-08      1.35e-05        0.02
   9      -202.389974501     -5.21e-09      5.61e-06        0.02
  10      -202.389974502     -1.26e-09      2.12e-06        0.02

 SCF converged in 9 iterations.

 Entropy contribution (-ST):             0.000000000
 Dipole moment (in Debye):               1.279133      -1.416547      -3.460002
 Setting up Delta-SCF
 Ground-Excited state overlap:          -0.000000000
 No correction applied to the TDM.
 Excitation energy:                      0.112108920
 Excitation energy (in eV):              3.050639116
 Transition dipole:                      0.14389       0.53451       3.42252
 Saving results in set 'frame_895'

 --------------------------------------------------------------------------------

 End time:                               Mon May 24 16:06:49 2021
 Total wall-clock time:                  0.621 seconds
==================================================================================
