
================================================================================
          _____________ ________ _______________ ________     _________         
         / ___________// ______ \\_____   _____// ______ \   / ________)        
        / /_________  / /      \ \     | |     / /      \ \ | (_______          
       |  __________|| |        | |    | |    | |        | | \________ \        
        \ \_________ | |        | |    | |     \ \______/ /___________) |       
         \__________||_|        |_|    |_|      \________//____________/        
                                                                                
====================================[ Qcore ]===================================

 Git hash:   b27a5f96910dca04bf09adb1496985de0081c8b6
 Git date:   Tue, 11 May 2021 09:58:05 -0400
 Compiler:   AppleClang 10.0.1.10010046
 Build type: Release
 Version:    1.2.0

 Start time: Mon May 24 15:57:16 2021

 Data directory: /Users/of15641/qcore/cmake-build-release/share/entos/1.2.0/data
 Number of threads: 2
 Number of threads was determined by: number of physical cores

 --------------------------------------------------------------------------------
                                  command: bchla                                 
 --------------------------------------------------------------------------------
 XTB basis setup:                        reference basis
 Number of basis functions:            404
 GFN version:                            gfn1
 Integral screening threshold:           1.00e-10
 Total charge:                           0.000000000
 Number of electrons:                  344.000000000
 Electronic temperature (Kelvin):        0.000000000

 D3BJ energy:                           -0.093788237
 Repulsive energy:                       2.497347968

 ------------------------------------------------
  Running self-consistent charge (SCC) algorithm 
 ------------------------------------------------
 Broyden mixing factor:                  0.40
 Max number of iterations:             128
 Conv. threshold (charge):               1.00e-05
 Conv. threshold (energy):               1.00e-06
 Initial guess:                          SAD

 ---------------------------------------------------------------
                  energy        change          grad        time
 ---------------------------------------------------------------
   0      -201.693323651                    6.43e-01        0.04
   1      -202.291794864     -5.98e-01      3.75e-01        0.03
   2      -202.281635238      1.02e-02      5.74e-02        0.03
   3      -202.297439568     -1.58e-02      1.01e-02        0.02
   4      -202.307008048     -9.57e-03      2.19e-03        0.03
   5      -202.307429091     -4.21e-04      6.90e-04        0.03
   6      -202.307453227     -2.41e-05      1.49e-04        0.03
   7      -202.307453972     -7.45e-07      4.71e-05        0.03
   8      -202.307454154     -1.82e-07      1.70e-05        0.03
   9      -202.307454162     -7.32e-09      6.70e-06        0.03
  10      -202.307454162     -5.14e-10      2.23e-06        0.03

 SCF converged in 9 iterations.

 Entropy contribution (-ST):             0.000000000
 Dipole moment (in Debye):               2.082806      -3.791124      -1.643637
 Setting up Delta-SCF
 Ground-Excited state overlap:           0.000000000
 No correction applied to the TDM.
 Excitation energy:                      0.111864798
 Excitation energy (in eV):              3.043996224
 Transition dipole:                     -1.59655      -2.10800      -0.83743
 Saving results in set 'frame_256'

 --------------------------------------------------------------------------------

 End time:                               Mon May 24 15:57:17 2021
 Total wall-clock time:                  0.725 seconds
==================================================================================
