
================================================================================
          _____________ ________ _______________ ________     _________         
         / ___________// ______ \\_____   _____// ______ \   / ________)        
        / /_________  / /      \ \     | |     / /      \ \ | (_______          
       |  __________|| |        | |    | |    | |        | | \________ \        
        \ \_________ | |        | |    | |     \ \______/ /___________) |       
         \__________||_|        |_|    |_|      \________//____________/        
                                                                                
====================================[ Qcore ]===================================

 Git hash:   b27a5f96910dca04bf09adb1496985de0081c8b6
 Git date:   Tue, 11 May 2021 09:58:05 -0400
 Compiler:   AppleClang 10.0.1.10010046
 Build type: Release
 Version:    1.2.0

 Start time: Mon May 24 16:02:14 2021

 Data directory: /Users/of15641/qcore/cmake-build-release/share/entos/1.2.0/data
 Number of threads: 2
 Number of threads was determined by: number of physical cores

 --------------------------------------------------------------------------------
                                  command: bchla                                 
 --------------------------------------------------------------------------------
 XTB basis setup:                        reference basis
 Number of basis functions:            404
 GFN version:                            gfn1
 Integral screening threshold:           1.00e-10
 Total charge:                           0.000000000
 Number of electrons:                  344.000000000
 Electronic temperature (Kelvin):        0.000000000

 D3BJ energy:                           -0.094233537
 Repulsive energy:                       2.490249570

 ------------------------------------------------
  Running self-consistent charge (SCC) algorithm 
 ------------------------------------------------
 Broyden mixing factor:                  0.40
 Max number of iterations:             128
 Conv. threshold (charge):               1.00e-05
 Conv. threshold (energy):               1.00e-06
 Initial guess:                          SAD

 ---------------------------------------------------------------
                  energy        change          grad        time
 ---------------------------------------------------------------
   0      -201.574838813                    6.42e-01        0.04
   1      -202.202734086     -6.28e-01      3.74e-01        0.03
   2      -202.183381914      1.94e-02      6.20e-02        0.03
   3      -202.207114330     -2.37e-02      1.24e-02        0.03
   4      -202.220256579     -1.31e-02      2.59e-03        0.03
   5      -202.220882631     -6.26e-04      6.94e-04        0.03
   6      -202.220905956     -2.33e-05      1.67e-04        0.03
   7      -202.220906797     -8.41e-07      5.19e-05        0.03
   8      -202.220906984     -1.87e-07      2.33e-05        0.03
   9      -202.220907002     -1.75e-08      8.97e-06        0.02
  10      -202.220907003     -7.35e-10      3.06e-06        0.03

 SCF converged in 9 iterations.

 Entropy contribution (-ST):             0.000000000
 Dipole moment (in Debye):              -3.639354       2.381087      -3.143984
 Setting up Delta-SCF
 Ground-Excited state overlap:          -0.000000000
 No correction applied to the TDM.
 Excitation energy:                      0.109332456
 Excitation energy (in eV):              2.975087691
 Transition dipole:                      0.13466      -1.37725       3.35997
 Saving results in set 'frame_588'

 --------------------------------------------------------------------------------

 End time:                               Mon May 24 16:02:15 2021
 Total wall-clock time:                  0.775 seconds
==================================================================================
