
================================================================================
          _____________ ________ _______________ ________     _________         
         / ___________// ______ \\_____   _____// ______ \   / ________)        
        / /_________  / /      \ \     | |     / /      \ \ | (_______          
       |  __________|| |        | |    | |    | |        | | \________ \        
        \ \_________ | |        | |    | |     \ \______/ /___________) |       
         \__________||_|        |_|    |_|      \________//____________/        
                                                                                
====================================[ Qcore ]===================================

 Git hash:   b27a5f96910dca04bf09adb1496985de0081c8b6
 Git date:   Tue, 11 May 2021 09:58:05 -0400
 Compiler:   AppleClang 10.0.1.10010046
 Build type: Release
 Version:    1.2.0

 Start time: Mon May 24 15:54:36 2021

 Data directory: /Users/of15641/qcore/cmake-build-release/share/entos/1.2.0/data
 Number of threads: 2
 Number of threads was determined by: number of physical cores

 --------------------------------------------------------------------------------
                                  command: bchla                                 
 --------------------------------------------------------------------------------
 XTB basis setup:                        reference basis
 Number of basis functions:            404
 GFN version:                            gfn1
 Integral screening threshold:           1.00e-10
 Total charge:                           0.000000000
 Number of electrons:                  344.000000000
 Electronic temperature (Kelvin):        0.000000000

 D3BJ energy:                           -0.093334018
 Repulsive energy:                       2.516511128

 ------------------------------------------------
  Running self-consistent charge (SCC) algorithm 
 ------------------------------------------------
 Broyden mixing factor:                  0.40
 Max number of iterations:             128
 Conv. threshold (charge):               1.00e-05
 Conv. threshold (energy):               1.00e-06
 Initial guess:                          SAD

 ---------------------------------------------------------------
                  energy        change          grad        time
 ---------------------------------------------------------------
   0      -201.701760504                    6.42e-01        0.03
   1      -202.292549844     -5.91e-01      3.75e-01        0.02
   2      -202.275052972      1.75e-02      5.79e-02        0.02
   3      -202.295006343     -2.00e-02      1.15e-02        0.02
   4      -202.308867843     -1.39e-02      2.19e-03        0.02
   5      -202.309305750     -4.38e-04      6.98e-04        0.02
   6      -202.309328984     -2.32e-05      1.72e-04        0.02
   7      -202.309329919     -9.34e-07      6.81e-05        0.02
   8      -202.309330344     -4.25e-07      2.35e-05        0.02
   9      -202.309330356     -1.20e-08      9.34e-06        0.02
  10      -202.309330357     -8.44e-10      2.83e-06        0.02

 SCF converged in 9 iterations.

 Entropy contribution (-ST):             0.000000000
 Dipole moment (in Debye):              -1.752177       2.378915       1.372661
 Setting up Delta-SCF
 Ground-Excited state overlap:           0.000000000
 No correction applied to the TDM.
 Excitation energy:                      0.110061995
 Excitation energy (in eV):              2.994939452
 Transition dipole:                      2.78420       1.53100       1.79349
 Saving results in set 'frame_1860'

 --------------------------------------------------------------------------------

 End time:                               Mon May 24 15:54:37 2021
 Total wall-clock time:                  0.528 seconds
==================================================================================
