
================================================================================
          _____________ ________ _______________ ________     _________         
         / ___________// ______ \\_____   _____// ______ \   / ________)        
        / /_________  / /      \ \     | |     / /      \ \ | (_______          
       |  __________|| |        | |    | |    | |        | | \________ \        
        \ \_________ | |        | |    | |     \ \______/ /___________) |       
         \__________||_|        |_|    |_|      \________//____________/        
                                                                                
====================================[ Qcore ]===================================

 Git hash:   b27a5f96910dca04bf09adb1496985de0081c8b6
 Git date:   Tue, 11 May 2021 09:58:05 -0400
 Compiler:   AppleClang 10.0.1.10010046
 Build type: Release
 Version:    1.2.0

 Start time: Mon May 24 15:58:35 2021

 Data directory: /Users/of15641/qcore/cmake-build-release/share/entos/1.2.0/data
 Number of threads: 2
 Number of threads was determined by: number of physical cores

 --------------------------------------------------------------------------------
                                  command: bchla                                 
 --------------------------------------------------------------------------------
 XTB basis setup:                        reference basis
 Number of basis functions:            404
 GFN version:                            gfn1
 Integral screening threshold:           1.00e-10
 Total charge:                           0.000000000
 Number of electrons:                  344.000000000
 Electronic temperature (Kelvin):        0.000000000

 D3BJ energy:                           -0.094944236
 Repulsive energy:                       2.517431727

 ------------------------------------------------
  Running self-consistent charge (SCC) algorithm 
 ------------------------------------------------
 Broyden mixing factor:                  0.40
 Max number of iterations:             128
 Conv. threshold (charge):               1.00e-05
 Conv. threshold (energy):               1.00e-06
 Initial guess:                          SAD

 ---------------------------------------------------------------
                  energy        change          grad        time
 ---------------------------------------------------------------
   0      -201.628926290                    6.42e-01        0.03
   1      -202.236937946     -6.08e-01      3.75e-01        0.02
   2      -202.218276164      1.87e-02      5.93e-02        0.02
   3      -202.239648017     -2.14e-02      1.21e-02        0.02
   4      -202.254462827     -1.48e-02      2.22e-03        0.02
   5      -202.254888124     -4.25e-04      6.53e-04        0.02
   6      -202.254904736     -1.66e-05      1.47e-04        0.02
   7      -202.254905438     -7.02e-07      4.79e-05        0.02
   8      -202.254905612     -1.73e-07      1.90e-05        0.02
   9      -202.254905624     -1.26e-08      6.84e-06        0.02
  10      -202.254905625     -5.52e-10      2.45e-06        0.02

 SCF converged in 9 iterations.

 Entropy contribution (-ST):             0.000000000
 Dipole moment (in Debye):               3.086487       1.085351       0.681777
 Setting up Delta-SCF
 Ground-Excited state overlap:          -0.000000000
 No correction applied to the TDM.
 Excitation energy:                      0.112045976
 Excitation energy (in eV):              3.048926326
 Transition dipole:                     -3.23020      -1.13398       0.95773
 Saving results in set 'frame_352'

 --------------------------------------------------------------------------------

 End time:                               Mon May 24 15:58:35 2021
 Total wall-clock time:                  0.579 seconds
==================================================================================
