
================================================================================
          _____________ ________ _______________ ________     _________         
         / ___________// ______ \\_____   _____// ______ \   / ________)        
        / /_________  / /      \ \     | |     / /      \ \ | (_______          
       |  __________|| |        | |    | |    | |        | | \________ \        
        \ \_________ | |        | |    | |     \ \______/ /___________) |       
         \__________||_|        |_|    |_|      \________//____________/        
                                                                                
====================================[ Qcore ]===================================

 Git hash:   b27a5f96910dca04bf09adb1496985de0081c8b6
 Git date:   Tue, 11 May 2021 09:58:05 -0400
 Compiler:   AppleClang 10.0.1.10010046
 Build type: Release
 Version:    1.2.0

 Start time: Mon May 24 15:52:27 2021

 Data directory: /Users/of15641/qcore/cmake-build-release/share/entos/1.2.0/data
 Number of threads: 2
 Number of threads was determined by: number of physical cores

 --------------------------------------------------------------------------------
                                  command: bchla                                 
 --------------------------------------------------------------------------------
 XTB basis setup:                        reference basis
 Number of basis functions:            404
 GFN version:                            gfn1
 Integral screening threshold:           1.00e-10
 Total charge:                           0.000000000
 Number of electrons:                  344.000000000
 Electronic temperature (Kelvin):        0.000000000

 D3BJ energy:                           -0.096869525
 Repulsive energy:                       2.463062671

 ------------------------------------------------
  Running self-consistent charge (SCC) algorithm 
 ------------------------------------------------
 Broyden mixing factor:                  0.40
 Max number of iterations:             128
 Conv. threshold (charge):               1.00e-05
 Conv. threshold (energy):               1.00e-06
 Initial guess:                          SAD

 ---------------------------------------------------------------
                  energy        change          grad        time
 ---------------------------------------------------------------
   0      -201.604713840                    6.41e-01        0.03
   1      -202.201761304     -5.97e-01      3.74e-01        0.02
   2      -202.184116231      1.76e-02      5.82e-02        0.02
   3      -202.202701115     -1.86e-02      1.22e-02        0.03
   4      -202.217982485     -1.53e-02      2.14e-03        0.02
   5      -202.218357352     -3.75e-04      5.93e-04        0.02
   6      -202.218370784     -1.34e-05      1.60e-04        0.03
   7      -202.218371814     -1.03e-06      5.22e-05        0.02
   8      -202.218372073     -2.59e-07      1.98e-05        0.03
   9      -202.218372083     -9.18e-09      7.31e-06        0.02
  10      -202.218372083     -3.16e-10      2.40e-06        0.02

 SCF converged in 9 iterations.

 Entropy contribution (-ST):             0.000000000
 Dipole moment (in Debye):              -2.163354       3.788888       0.813982
 Setting up Delta-SCF
 Ground-Excited state overlap:          -0.000000000
 No correction applied to the TDM.
 Excitation energy:                      0.112387821
 Excitation energy (in eV):              3.058228398
 Transition dipole:                     -0.75864      -2.93086      -1.68885
 Saving results in set 'frame_1702'

 --------------------------------------------------------------------------------

 End time:                               Mon May 24 15:52:27 2021
 Total wall-clock time:                  0.647 seconds
==================================================================================
