
================================================================================
          _____________ ________ _______________ ________     _________         
         / ___________// ______ \\_____   _____// ______ \   / ________)        
        / /_________  / /      \ \     | |     / /      \ \ | (_______          
       |  __________|| |        | |    | |    | |        | | \________ \        
        \ \_________ | |        | |    | |     \ \______/ /___________) |       
         \__________||_|        |_|    |_|      \________//____________/        
                                                                                
====================================[ Qcore ]===================================

 Git hash:   b27a5f96910dca04bf09adb1496985de0081c8b6
 Git date:   Tue, 11 May 2021 09:58:05 -0400
 Compiler:   AppleClang 10.0.1.10010046
 Build type: Release
 Version:    1.2.0

 Start time: Mon May 24 15:53:33 2021

 Data directory: /Users/of15641/qcore/cmake-build-release/share/entos/1.2.0/data
 Number of threads: 2
 Number of threads was determined by: number of physical cores

 --------------------------------------------------------------------------------
                                  command: bchla                                 
 --------------------------------------------------------------------------------
 XTB basis setup:                        reference basis
 Number of basis functions:            404
 GFN version:                            gfn1
 Integral screening threshold:           1.00e-10
 Total charge:                           0.000000000
 Number of electrons:                  344.000000000
 Electronic temperature (Kelvin):        0.000000000

 D3BJ energy:                           -0.098477803
 Repulsive energy:                       2.513745983

 ------------------------------------------------
  Running self-consistent charge (SCC) algorithm 
 ------------------------------------------------
 Broyden mixing factor:                  0.40
 Max number of iterations:             128
 Conv. threshold (charge):               1.00e-05
 Conv. threshold (energy):               1.00e-06
 Initial guess:                          SAD

 ---------------------------------------------------------------
                  energy        change          grad        time
 ---------------------------------------------------------------
   0      -201.632734926                    6.43e-01        0.03
   1      -202.230492967     -5.98e-01      3.75e-01        0.03
   2      -202.221840931      8.65e-03      5.78e-02        0.03
   3      -202.239458811     -1.76e-02      9.14e-03        0.03
   4      -202.246402854     -6.94e-03      2.10e-03        0.02
   5      -202.246792108     -3.89e-04      7.03e-04        0.03
   6      -202.246820970     -2.89e-05      1.46e-04        0.02
   7      -202.246821640     -6.70e-07      3.98e-05        0.03
   8      -202.246821678     -3.86e-08      1.50e-05        0.02
   9      -202.246821681     -2.66e-09      6.65e-06        0.03
  10      -202.246821683     -1.98e-09      2.46e-06        0.02

 SCF converged in 9 iterations.

 Entropy contribution (-ST):             0.000000000
 Dipole moment (in Debye):              -2.603496       5.188146       1.920267
 Setting up Delta-SCF
 Ground-Excited state overlap:           0.000000000
 No correction applied to the TDM.
 Excitation energy:                      0.110720673
 Excitation energy (in eV):              3.012862988
 Transition dipole:                     -0.07068      -3.77497      -0.80766
 Saving results in set 'frame_1782'

 --------------------------------------------------------------------------------

 End time:                               Mon May 24 15:53:34 2021
 Total wall-clock time:                  0.681 seconds
==================================================================================
