
================================================================================
          _____________ ________ _______________ ________     _________         
         / ___________// ______ \\_____   _____// ______ \   / ________)        
        / /_________  / /      \ \     | |     / /      \ \ | (_______          
       |  __________|| |        | |    | |    | |        | | \________ \        
        \ \_________ | |        | |    | |     \ \______/ /___________) |       
         \__________||_|        |_|    |_|      \________//____________/        
                                                                                
====================================[ Qcore ]===================================

 Git hash:   b27a5f96910dca04bf09adb1496985de0081c8b6
 Git date:   Tue, 11 May 2021 09:58:05 -0400
 Compiler:   AppleClang 10.0.1.10010046
 Build type: Release
 Version:    1.2.0

 Start time: Mon May 24 15:55:51 2021

 Data directory: /Users/of15641/qcore/cmake-build-release/share/entos/1.2.0/data
 Number of threads: 2
 Number of threads was determined by: number of physical cores

 --------------------------------------------------------------------------------
                                  command: bchla                                 
 --------------------------------------------------------------------------------
 XTB basis setup:                        reference basis
 Number of basis functions:            404
 GFN version:                            gfn1
 Integral screening threshold:           1.00e-10
 Total charge:                           0.000000000
 Number of electrons:                  344.000000000
 Electronic temperature (Kelvin):        0.000000000

 D3BJ energy:                           -0.095481897
 Repulsive energy:                       2.554355809

 ------------------------------------------------
  Running self-consistent charge (SCC) algorithm 
 ------------------------------------------------
 Broyden mixing factor:                  0.40
 Max number of iterations:             128
 Conv. threshold (charge):               1.00e-05
 Conv. threshold (energy):               1.00e-06
 Initial guess:                          SAD

 ---------------------------------------------------------------
                  energy        change          grad        time
 ---------------------------------------------------------------
   0      -201.674188692                    6.44e-01        0.03
   1      -202.275724113     -6.02e-01      3.76e-01        0.03
   2      -202.265049741      1.07e-02      5.78e-02        0.02
   3      -202.279185927     -1.41e-02      1.15e-02        0.03
   4      -202.290972765     -1.18e-02      2.75e-03        0.03
   5      -202.291626117     -6.53e-04      6.86e-04        0.02
   6      -202.291647327     -2.12e-05      1.86e-04        0.03
   7      -202.291648956     -1.63e-06      5.76e-05        0.02
   8      -202.291649249     -2.93e-07      2.21e-05        0.03
   9      -202.291649264     -1.52e-08      8.41e-06        0.02
  10      -202.291649265     -9.43e-10      2.91e-06        0.03

 SCF converged in 9 iterations.

 Entropy contribution (-ST):             0.000000000
 Dipole moment (in Debye):              -2.488137       3.920675       2.858523
 Setting up Delta-SCF
 Ground-Excited state overlap:          -0.000000000
 No correction applied to the TDM.
 Excitation energy:                      0.109421863
 Excitation energy (in eV):              2.977520572
 Transition dipole:                      1.77625       2.28175       1.33909
 Saving results in set 'frame_1957'

 --------------------------------------------------------------------------------

 End time:                               Mon May 24 15:55:52 2021
 Total wall-clock time:                  0.671 seconds
==================================================================================
