
================================================================================
          _____________ ________ _______________ ________     _________         
         / ___________// ______ \\_____   _____// ______ \   / ________)        
        / /_________  / /      \ \     | |     / /      \ \ | (_______          
       |  __________|| |        | |    | |    | |        | | \________ \        
        \ \_________ | |        | |    | |     \ \______/ /___________) |       
         \__________||_|        |_|    |_|      \________//____________/        
                                                                                
====================================[ Qcore ]===================================

 Git hash:   b27a5f96910dca04bf09adb1496985de0081c8b6
 Git date:   Tue, 11 May 2021 09:58:05 -0400
 Compiler:   AppleClang 10.0.1.10010046
 Build type: Release
 Version:    1.2.0

 Start time: Mon May 24 15:49:08 2021

 Data directory: /Users/of15641/qcore/cmake-build-release/share/entos/1.2.0/data
 Number of threads: 2
 Number of threads was determined by: number of physical cores

 --------------------------------------------------------------------------------
                                  command: bchla                                 
 --------------------------------------------------------------------------------
 XTB basis setup:                        reference basis
 Number of basis functions:            404
 GFN version:                            gfn1
 Integral screening threshold:           1.00e-10
 Total charge:                           0.000000000
 Number of electrons:                  344.000000000
 Electronic temperature (Kelvin):        0.000000000

 D3BJ energy:                           -0.103651728
 Repulsive energy:                       2.463073525

 ------------------------------------------------
  Running self-consistent charge (SCC) algorithm 
 ------------------------------------------------
 Broyden mixing factor:                  0.40
 Max number of iterations:             128
 Conv. threshold (charge):               1.00e-05
 Conv. threshold (energy):               1.00e-06
 Initial guess:                          SAD

 ---------------------------------------------------------------
                  energy        change          grad        time
 ---------------------------------------------------------------
   0      -201.603818291                    6.41e-01        0.02
   1      -202.210297511     -6.06e-01      3.74e-01        0.02
   2      -202.172321009      3.80e-02      6.10e-02        0.02
   3      -202.203708099     -3.14e-02      1.61e-02        0.02
   4      -202.231366041     -2.77e-02      2.22e-03        0.02
   5      -202.231784656     -4.19e-04      6.44e-04        0.02
   6      -202.231799807     -1.52e-05      1.65e-04        0.02
   7      -202.231800542     -7.35e-07      4.79e-05        0.02
   8      -202.231800598     -5.59e-08      2.31e-05        0.02
   9      -202.231800604     -5.75e-09      9.87e-06        0.02
  10      -202.231800607     -2.54e-09      3.17e-06        0.02

 SCF converged in 9 iterations.

 Entropy contribution (-ST):             0.000000000
 Dipole moment (in Debye):              -2.320332       3.101799       0.716549
 Setting up Delta-SCF
 Ground-Excited state overlap:          -0.000000000
 No correction applied to the TDM.
 Excitation energy:                      0.113041888
 Excitation energy (in eV):              3.076026477
 Transition dipole:                      2.23653      -2.47978       0.74484
 Saving results in set 'frame_1467'

 --------------------------------------------------------------------------------

 End time:                               Mon May 24 15:49:09 2021
 Total wall-clock time:                  0.516 seconds
==================================================================================
