
================================================================================
          _____________ ________ _______________ ________     _________         
         / ___________// ______ \\_____   _____// ______ \   / ________)        
        / /_________  / /      \ \     | |     / /      \ \ | (_______          
       |  __________|| |        | |    | |    | |        | | \________ \        
        \ \_________ | |        | |    | |     \ \______/ /___________) |       
         \__________||_|        |_|    |_|      \________//____________/        
                                                                                
====================================[ Qcore ]===================================

 Git hash:   b27a5f96910dca04bf09adb1496985de0081c8b6
 Git date:   Tue, 11 May 2021 09:58:05 -0400
 Compiler:   AppleClang 10.0.1.10010046
 Build type: Release
 Version:    1.2.0

 Start time: Mon May 24 16:07:54 2021

 Data directory: /Users/of15641/qcore/cmake-build-release/share/entos/1.2.0/data
 Number of threads: 2
 Number of threads was determined by: number of physical cores

 --------------------------------------------------------------------------------
                                  command: bchla                                 
 --------------------------------------------------------------------------------
 XTB basis setup:                        reference basis
 Number of basis functions:            404
 GFN version:                            gfn1
 Integral screening threshold:           1.00e-10
 Total charge:                           0.000000000
 Number of electrons:                  344.000000000
 Electronic temperature (Kelvin):        0.000000000

 D3BJ energy:                           -0.097046813
 Repulsive energy:                       2.407749405

 ------------------------------------------------
  Running self-consistent charge (SCC) algorithm 
 ------------------------------------------------
 Broyden mixing factor:                  0.40
 Max number of iterations:             128
 Conv. threshold (charge):               1.00e-05
 Conv. threshold (energy):               1.00e-06
 Initial guess:                          SAD

 ---------------------------------------------------------------
                  energy        change          grad        time
 ---------------------------------------------------------------
   0      -201.644016238                    6.41e-01        0.04
   1      -202.233009522     -5.89e-01      3.74e-01        0.02
   2      -202.211672298      2.13e-02      5.84e-02        0.02
   3      -202.232769843     -2.11e-02      1.32e-02        0.02
   4      -202.250456750     -1.77e-02      2.30e-03        0.02
   5      -202.250910641     -4.54e-04      7.01e-04        0.02
   6      -202.250934799     -2.42e-05      2.05e-04        0.02
   7      -202.250937526     -2.73e-06      6.14e-05        0.02
   8      -202.250937880     -3.54e-07      2.00e-05        0.02
   9      -202.250937885     -4.84e-09      8.27e-06        0.02
  10      -202.250937885     -3.79e-10      2.53e-06        0.02

 SCF converged in 9 iterations.

 Entropy contribution (-ST):             0.000000000
 Dipole moment (in Debye):              -2.730352       0.193079      -4.692758
 Setting up Delta-SCF
 Ground-Excited state overlap:           0.000000000
 No correction applied to the TDM.
 Excitation energy:                      0.108870484
 Excitation energy (in eV):              2.962516791
 Transition dipole:                      3.06222      -0.18421       1.33143
 Saving results in set 'frame_986'

 --------------------------------------------------------------------------------

 End time:                               Mon May 24 16:07:54 2021
 Total wall-clock time:                  0.574 seconds
==================================================================================
