
================================================================================
          _____________ ________ _______________ ________     _________         
         / ___________// ______ \\_____   _____// ______ \   / ________)        
        / /_________  / /      \ \     | |     / /      \ \ | (_______          
       |  __________|| |        | |    | |    | |        | | \________ \        
        \ \_________ | |        | |    | |     \ \______/ /___________) |       
         \__________||_|        |_|    |_|      \________//____________/        
                                                                                
====================================[ Qcore ]===================================

 Git hash:   b27a5f96910dca04bf09adb1496985de0081c8b6
 Git date:   Tue, 11 May 2021 09:58:05 -0400
 Compiler:   AppleClang 10.0.1.10010046
 Build type: Release
 Version:    1.2.0

 Start time: Mon May 24 16:05:49 2021

 Data directory: /Users/of15641/qcore/cmake-build-release/share/entos/1.2.0/data
 Number of threads: 2
 Number of threads was determined by: number of physical cores

 --------------------------------------------------------------------------------
                                  command: bchla                                 
 --------------------------------------------------------------------------------
 XTB basis setup:                        reference basis
 Number of basis functions:            404
 GFN version:                            gfn1
 Integral screening threshold:           1.00e-10
 Total charge:                           0.000000000
 Number of electrons:                  344.000000000
 Electronic temperature (Kelvin):        0.000000000

 D3BJ energy:                           -0.095983313
 Repulsive energy:                       2.481418870

 ------------------------------------------------
  Running self-consistent charge (SCC) algorithm 
 ------------------------------------------------
 Broyden mixing factor:                  0.40
 Max number of iterations:             128
 Conv. threshold (charge):               1.00e-05
 Conv. threshold (energy):               1.00e-06
 Initial guess:                          SAD

 ---------------------------------------------------------------
                  energy        change          grad        time
 ---------------------------------------------------------------
   0      -201.628490500                    6.42e-01        0.03
   1      -202.225609296     -5.97e-01      3.74e-01        0.02
   2      -202.211986593      1.36e-02      5.82e-02        0.02
   3      -202.229236778     -1.73e-02      1.09e-02        0.02
   4      -202.241139450     -1.19e-02      2.29e-03        0.02
   5      -202.241629961     -4.91e-04      7.03e-04        0.02
   6      -202.241653213     -2.33e-05      1.71e-04        0.02
   7      -202.241654130     -9.17e-07      6.67e-05        0.02
   8      -202.241654560     -4.30e-07      2.13e-05        0.02
   9      -202.241654571     -1.09e-08      8.68e-06        0.02
  10      -202.241654572     -1.23e-09      2.68e-06        0.02

 SCF converged in 9 iterations.

 Entropy contribution (-ST):             0.000000000
 Dipole moment (in Debye):               1.030612       2.797046      -2.856318
 Setting up Delta-SCF
 Ground-Excited state overlap:          -0.000000000
 No correction applied to the TDM.
 Excitation energy:                      0.105190639
 Excitation energy (in eV):              2.862383103
 Transition dipole:                     -2.93084      -0.41348       2.39588
 Saving results in set 'frame_822'

 --------------------------------------------------------------------------------

 End time:                               Mon May 24 16:05:49 2021
 Total wall-clock time:                  0.628 seconds
==================================================================================
