
================================================================================
          _____________ ________ _______________ ________     _________         
         / ___________// ______ \\_____   _____// ______ \   / ________)        
        / /_________  / /      \ \     | |     / /      \ \ | (_______          
       |  __________|| |        | |    | |    | |        | | \________ \        
        \ \_________ | |        | |    | |     \ \______/ /___________) |       
         \__________||_|        |_|    |_|      \________//____________/        
                                                                                
====================================[ Qcore ]===================================

 Git hash:   b27a5f96910dca04bf09adb1496985de0081c8b6
 Git date:   Tue, 11 May 2021 09:58:05 -0400
 Compiler:   AppleClang 10.0.1.10010046
 Build type: Release
 Version:    1.2.0

 Start time: Mon May 24 15:46:02 2021

 Data directory: /Users/of15641/qcore/cmake-build-release/share/entos/1.2.0/data
 Number of threads: 2
 Number of threads was determined by: number of physical cores

 --------------------------------------------------------------------------------
                                  command: bchla                                 
 --------------------------------------------------------------------------------
 XTB basis setup:                        reference basis
 Number of basis functions:            404
 GFN version:                            gfn1
 Integral screening threshold:           1.00e-10
 Total charge:                           0.000000000
 Number of electrons:                  344.000000000
 Electronic temperature (Kelvin):        0.000000000

 D3BJ energy:                           -0.095281912
 Repulsive energy:                       2.528424275

 ------------------------------------------------
  Running self-consistent charge (SCC) algorithm 
 ------------------------------------------------
 Broyden mixing factor:                  0.40
 Max number of iterations:             128
 Conv. threshold (charge):               1.00e-05
 Conv. threshold (energy):               1.00e-06
 Initial guess:                          SAD

 ---------------------------------------------------------------
                  energy        change          grad        time
 ---------------------------------------------------------------
   0      -201.696921038                    6.42e-01        0.03
   1      -202.270592999     -5.74e-01      3.75e-01        0.02
   2      -202.257215325      1.34e-02      5.60e-02        0.02
   3      -202.275607879     -1.84e-02      1.03e-02        0.02
   4      -202.286592311     -1.10e-02      2.05e-03        0.02
   5      -202.286979376     -3.87e-04      6.45e-04        0.02
   6      -202.286999052     -1.97e-05      1.49e-04        0.03
   7      -202.286999710     -6.57e-07      5.34e-05        0.03
   8      -202.286999908     -1.98e-07      2.15e-05        0.02
   9      -202.286999919     -1.05e-08      8.64e-06        0.02
  10      -202.286999920     -1.23e-09      2.69e-06        0.02

 SCF converged in 9 iterations.

 Entropy contribution (-ST):             0.000000000
 Dipole moment (in Debye):               0.773809       1.685740      -3.346951
 Setting up Delta-SCF
 Ground-Excited state overlap:          -0.000000000
 No correction applied to the TDM.
 Excitation energy:                      0.111787898
 Excitation energy (in eV):              3.041903680
 Transition dipole:                     -1.29390       1.66782      -2.65667
 Saving results in set 'frame_1190'

 --------------------------------------------------------------------------------

 End time:                               Mon May 24 15:46:03 2021
 Total wall-clock time:                  0.657 seconds
==================================================================================
