
================================================================================
          _____________ ________ _______________ ________     _________         
         / ___________// ______ \\_____   _____// ______ \   / ________)        
        / /_________  / /      \ \     | |     / /      \ \ | (_______          
       |  __________|| |        | |    | |    | |        | | \________ \        
        \ \_________ | |        | |    | |     \ \______/ /___________) |       
         \__________||_|        |_|    |_|      \________//____________/        
                                                                                
====================================[ Qcore ]===================================

 Git hash:   b27a5f96910dca04bf09adb1496985de0081c8b6
 Git date:   Tue, 11 May 2021 09:58:05 -0400
 Compiler:   AppleClang 10.0.1.10010046
 Build type: Release
 Version:    1.2.0

 Start time: Mon May 24 16:07:46 2021

 Data directory: /Users/of15641/qcore/cmake-build-release/share/entos/1.2.0/data
 Number of threads: 2
 Number of threads was determined by: number of physical cores

 --------------------------------------------------------------------------------
                                  command: bchla                                 
 --------------------------------------------------------------------------------
 XTB basis setup:                        reference basis
 Number of basis functions:            404
 GFN version:                            gfn1
 Integral screening threshold:           1.00e-10
 Total charge:                           0.000000000
 Number of electrons:                  344.000000000
 Electronic temperature (Kelvin):        0.000000000

 D3BJ energy:                           -0.098599813
 Repulsive energy:                       2.501158381

 ------------------------------------------------
  Running self-consistent charge (SCC) algorithm 
 ------------------------------------------------
 Broyden mixing factor:                  0.40
 Max number of iterations:             128
 Conv. threshold (charge):               1.00e-05
 Conv. threshold (energy):               1.00e-06
 Initial guess:                          SAD

 ---------------------------------------------------------------
                  energy        change          grad        time
 ---------------------------------------------------------------
   0      -201.525077085                    6.42e-01        0.02
   1      -202.179137360     -6.54e-01      3.74e-01        0.02
   2      -202.159031735      2.01e-02      6.42e-02        0.02
   3      -202.183116065     -2.41e-02      1.29e-02        0.02
   4      -202.196839637     -1.37e-02      2.63e-03        0.02
   5      -202.197399042     -5.59e-04      6.97e-04        0.02
   6      -202.197418955     -1.99e-05      1.62e-04        0.02
   7      -202.197419843     -8.88e-07      4.38e-05        0.02
   8      -202.197419874     -3.07e-08      2.09e-05        0.02
   9      -202.197419875     -1.70e-09      7.38e-06        0.02
  10      -202.197419877     -1.69e-09      3.15e-06        0.02

 SCF converged in 9 iterations.

 Entropy contribution (-ST):             0.000000000
 Dipole moment (in Debye):              -2.981687       0.550037      -6.200125
 Setting up Delta-SCF
 Ground-Excited state overlap:           0.000000000
 No correction applied to the TDM.
 Excitation energy:                      0.108035590
 Excitation energy (in eV):              2.939798168
 Transition dipole:                     -2.35522      -0.82283      -2.36360
 Saving results in set 'frame_974'

 --------------------------------------------------------------------------------

 End time:                               Mon May 24 16:07:46 2021
 Total wall-clock time:                  0.563 seconds
==================================================================================
