
================================================================================
          _____________ ________ _______________ ________     _________         
         / ___________// ______ \\_____   _____// ______ \   / ________)        
        / /_________  / /      \ \     | |     / /      \ \ | (_______          
       |  __________|| |        | |    | |    | |        | | \________ \        
        \ \_________ | |        | |    | |     \ \______/ /___________) |       
         \__________||_|        |_|    |_|      \________//____________/        
                                                                                
====================================[ Qcore ]===================================

 Git hash:   b27a5f96910dca04bf09adb1496985de0081c8b6
 Git date:   Tue, 11 May 2021 09:58:05 -0400
 Compiler:   AppleClang 10.0.1.10010046
 Build type: Release
 Version:    1.2.0

 Start time: Mon May 24 15:58:25 2021

 Data directory: /Users/of15641/qcore/cmake-build-release/share/entos/1.2.0/data
 Number of threads: 2
 Number of threads was determined by: number of physical cores

 --------------------------------------------------------------------------------
                                  command: bchla                                 
 --------------------------------------------------------------------------------
 XTB basis setup:                        reference basis
 Number of basis functions:            404
 GFN version:                            gfn1
 Integral screening threshold:           1.00e-10
 Total charge:                           0.000000000
 Number of electrons:                  344.000000000
 Electronic temperature (Kelvin):        0.000000000

 D3BJ energy:                           -0.097284060
 Repulsive energy:                       2.507139343

 ------------------------------------------------
  Running self-consistent charge (SCC) algorithm 
 ------------------------------------------------
 Broyden mixing factor:                  0.40
 Max number of iterations:             128
 Conv. threshold (charge):               1.00e-05
 Conv. threshold (energy):               1.00e-06
 Initial guess:                          SAD

 ---------------------------------------------------------------
                  energy        change          grad        time
 ---------------------------------------------------------------
   0      -201.678903734                    6.43e-01        0.03
   1      -202.263821616     -5.85e-01      3.75e-01        0.03
   2      -202.250938739      1.29e-02      5.69e-02        0.03
   3      -202.269221364     -1.83e-02      1.12e-02        0.02
   4      -202.280659006     -1.14e-02      2.44e-03        0.02
   5      -202.281195314     -5.36e-04      6.90e-04        0.02
   6      -202.281218604     -2.33e-05      1.75e-04        0.02
   7      -202.281219786     -1.18e-06      5.71e-05        0.02
   8      -202.281220101     -3.15e-07      1.91e-05        0.02
   9      -202.281220110     -8.64e-09      7.29e-06        0.02
  10      -202.281220110     -3.78e-10      2.46e-06        0.02

 SCF converged in 9 iterations.

 Entropy contribution (-ST):             0.000000000
 Dipole moment (in Debye):               1.143917       1.014714       1.043764
 Setting up Delta-SCF
 Ground-Excited state overlap:           0.000000000
 No correction applied to the TDM.
 Excitation energy:                      0.107484011
 Excitation energy (in eV):              2.924788934
 Transition dipole:                     -2.61818      -0.28878       1.82994
 Saving results in set 'frame_338'

 --------------------------------------------------------------------------------

 End time:                               Mon May 24 15:58:25 2021
 Total wall-clock time:                  0.572 seconds
==================================================================================
