
================================================================================
          _____________ ________ _______________ ________     _________         
         / ___________// ______ \\_____   _____// ______ \   / ________)        
        / /_________  / /      \ \     | |     / /      \ \ | (_______          
       |  __________|| |        | |    | |    | |        | | \________ \        
        \ \_________ | |        | |    | |     \ \______/ /___________) |       
         \__________||_|        |_|    |_|      \________//____________/        
                                                                                
====================================[ Qcore ]===================================

 Git hash:   b27a5f96910dca04bf09adb1496985de0081c8b6
 Git date:   Tue, 11 May 2021 09:58:05 -0400
 Compiler:   AppleClang 10.0.1.10010046
 Build type: Release
 Version:    1.2.0

 Start time: Mon May 24 15:49:12 2021

 Data directory: /Users/of15641/qcore/cmake-build-release/share/entos/1.2.0/data
 Number of threads: 2
 Number of threads was determined by: number of physical cores

 --------------------------------------------------------------------------------
                                  command: bchla                                 
 --------------------------------------------------------------------------------
 XTB basis setup:                        reference basis
 Number of basis functions:            404
 GFN version:                            gfn1
 Integral screening threshold:           1.00e-10
 Total charge:                           0.000000000
 Number of electrons:                  344.000000000
 Electronic temperature (Kelvin):        0.000000000

 D3BJ energy:                           -0.106874033
 Repulsive energy:                       2.545529141

 ------------------------------------------------
  Running self-consistent charge (SCC) algorithm 
 ------------------------------------------------
 Broyden mixing factor:                  0.40
 Max number of iterations:             128
 Conv. threshold (charge):               1.00e-05
 Conv. threshold (energy):               1.00e-06
 Initial guess:                          SAD

 ---------------------------------------------------------------
                  energy        change          grad        time
 ---------------------------------------------------------------
   0      -201.575684146                    6.43e-01        0.02
   1      -202.204522524     -6.29e-01      3.75e-01        0.02
   2      -202.193803053      1.07e-02      6.07e-02        0.02
   3      -202.214144199     -2.03e-02      9.45e-03        0.02
   4      -202.221173475     -7.03e-03      2.13e-03        0.02
   5      -202.221569341     -3.96e-04      7.34e-04        0.02
   6      -202.221600603     -3.13e-05      1.84e-04        0.02
   7      -202.221601930     -1.33e-06      6.07e-05        0.02
   8      -202.221602229     -2.99e-07      2.20e-05        0.02
   9      -202.221602247     -1.80e-08      7.60e-06        0.02
  10      -202.221602248     -6.64e-10      2.56e-06        0.02

 SCF converged in 9 iterations.

 Entropy contribution (-ST):             0.000000000
 Dipole moment (in Debye):              -3.402991       1.928571      -0.965168
 Setting up Delta-SCF
 Ground-Excited state overlap:          -0.000000000
 No correction applied to the TDM.
 Excitation energy:                      0.103144844
 Excitation energy (in eV):              2.806714188
 Transition dipole:                      2.13037      -1.07004      -2.53121
 Saving results in set 'frame_1472'

 --------------------------------------------------------------------------------

 End time:                               Mon May 24 15:49:13 2021
 Total wall-clock time:                  0.504 seconds
==================================================================================
