
================================================================================
          _____________ ________ _______________ ________     _________         
         / ___________// ______ \\_____   _____// ______ \   / ________)        
        / /_________  / /      \ \     | |     / /      \ \ | (_______          
       |  __________|| |        | |    | |    | |        | | \________ \        
        \ \_________ | |        | |    | |     \ \______/ /___________) |       
         \__________||_|        |_|    |_|      \________//____________/        
                                                                                
====================================[ Qcore ]===================================

 Git hash:   b27a5f96910dca04bf09adb1496985de0081c8b6
 Git date:   Tue, 11 May 2021 09:58:05 -0400
 Compiler:   AppleClang 10.0.1.10010046
 Build type: Release
 Version:    1.2.0

 Start time: Mon May 24 15:58:44 2021

 Data directory: /Users/of15641/qcore/cmake-build-release/share/entos/1.2.0/data
 Number of threads: 2
 Number of threads was determined by: number of physical cores

 --------------------------------------------------------------------------------
                                  command: bchla                                 
 --------------------------------------------------------------------------------
 XTB basis setup:                        reference basis
 Number of basis functions:            404
 GFN version:                            gfn1
 Integral screening threshold:           1.00e-10
 Total charge:                           0.000000000
 Number of electrons:                  344.000000000
 Electronic temperature (Kelvin):        0.000000000

 D3BJ energy:                           -0.098436999
 Repulsive energy:                       2.532745950

 ------------------------------------------------
  Running self-consistent charge (SCC) algorithm 
 ------------------------------------------------
 Broyden mixing factor:                  0.40
 Max number of iterations:             128
 Conv. threshold (charge):               1.00e-05
 Conv. threshold (energy):               1.00e-06
 Initial guess:                          SAD

 ---------------------------------------------------------------
                  energy        change          grad        time
 ---------------------------------------------------------------
   0      -201.674399587                    6.42e-01        0.03
   1      -202.276012663     -6.02e-01      3.75e-01        0.03
   2      -202.265084392      1.09e-02      5.88e-02        0.03
   3      -202.283445684     -1.84e-02      9.84e-03        0.02
   4      -202.291518877     -8.07e-03      2.09e-03        0.02
   5      -202.291914107     -3.95e-04      6.84e-04        0.02
   6      -202.291939579     -2.55e-05      1.43e-04        0.02
   7      -202.291940116     -5.36e-07      4.32e-05        0.02
   8      -202.291940243     -1.28e-07      1.69e-05        0.02
   9      -202.291940251     -7.78e-09      6.13e-06        0.02
  10      -202.291940252     -5.67e-10      2.31e-06        0.02

 SCF converged in 9 iterations.

 Entropy contribution (-ST):             0.000000000
 Dipole moment (in Debye):               3.865736       0.616985       0.787149
 Setting up Delta-SCF
 Ground-Excited state overlap:           0.000000000
 No correction applied to the TDM.
 Excitation energy:                      0.114547873
 Excitation energy (in eV):              3.117006422
 Transition dipole:                      1.89535      -0.23775      -2.41969
 Saving results in set 'frame_366'

 --------------------------------------------------------------------------------

 End time:                               Mon May 24 15:58:45 2021
 Total wall-clock time:                  0.584 seconds
==================================================================================
