
================================================================================
          _____________ ________ _______________ ________     _________         
         / ___________// ______ \\_____   _____// ______ \   / ________)        
        / /_________  / /      \ \     | |     / /      \ \ | (_______          
       |  __________|| |        | |    | |    | |        | | \________ \        
        \ \_________ | |        | |    | |     \ \______/ /___________) |       
         \__________||_|        |_|    |_|      \________//____________/        
                                                                                
====================================[ Qcore ]===================================

 Git hash:   b27a5f96910dca04bf09adb1496985de0081c8b6
 Git date:   Tue, 11 May 2021 09:58:05 -0400
 Compiler:   AppleClang 10.0.1.10010046
 Build type: Release
 Version:    1.2.0

 Start time: Mon May 24 15:50:20 2021

 Data directory: /Users/of15641/qcore/cmake-build-release/share/entos/1.2.0/data
 Number of threads: 2
 Number of threads was determined by: number of physical cores

 --------------------------------------------------------------------------------
                                  command: bchla                                 
 --------------------------------------------------------------------------------
 XTB basis setup:                        reference basis
 Number of basis functions:            404
 GFN version:                            gfn1
 Integral screening threshold:           1.00e-10
 Total charge:                           0.000000000
 Number of electrons:                  344.000000000
 Electronic temperature (Kelvin):        0.000000000

 D3BJ energy:                           -0.097648583
 Repulsive energy:                       2.545522335

 ------------------------------------------------
  Running self-consistent charge (SCC) algorithm 
 ------------------------------------------------
 Broyden mixing factor:                  0.40
 Max number of iterations:             128
 Conv. threshold (charge):               1.00e-05
 Conv. threshold (energy):               1.00e-06
 Initial guess:                          SAD

 ---------------------------------------------------------------
                  energy        change          grad        time
 ---------------------------------------------------------------
   0      -201.626594344                    6.43e-01        0.03
   1      -202.254072494     -6.27e-01      3.75e-01        0.03
   2      -202.243378619      1.07e-02      6.09e-02        0.03
   3      -202.263135764     -1.98e-02      9.59e-03        0.03
   4      -202.270071349     -6.94e-03      2.21e-03        0.02
   5      -202.270466504     -3.95e-04      7.26e-04        0.02
   6      -202.270496599     -3.01e-05      1.90e-04        0.03
   7      -202.270498406     -1.81e-06      6.37e-05        0.02
   8      -202.270498819     -4.13e-07      1.98e-05        0.03
   9      -202.270498827     -7.56e-09      6.46e-06        0.02
  10      -202.270498827     -3.65e-10      2.41e-06        0.03

 SCF converged in 9 iterations.

 Entropy contribution (-ST):             0.000000000
 Dipole moment (in Debye):              -0.719677       1.287625       1.162674
 Setting up Delta-SCF
 Ground-Excited state overlap:           0.000000000
 No correction applied to the TDM.
 Excitation energy:                      0.108665914
 Excitation energy (in eV):              2.956950168
 Transition dipole:                     -2.10725       2.45351       0.84780
 Saving results in set 'frame_1553'

 --------------------------------------------------------------------------------

 End time:                               Mon May 24 15:50:21 2021
 Total wall-clock time:                  0.687 seconds
==================================================================================
