
================================================================================
          _____________ ________ _______________ ________     _________         
         / ___________// ______ \\_____   _____// ______ \   / ________)        
        / /_________  / /      \ \     | |     / /      \ \ | (_______          
       |  __________|| |        | |    | |    | |        | | \________ \        
        \ \_________ | |        | |    | |     \ \______/ /___________) |       
         \__________||_|        |_|    |_|      \________//____________/        
                                                                                
====================================[ Qcore ]===================================

 Git hash:   b27a5f96910dca04bf09adb1496985de0081c8b6
 Git date:   Tue, 11 May 2021 09:58:05 -0400
 Compiler:   AppleClang 10.0.1.10010046
 Build type: Release
 Version:    1.2.0

 Start time: Mon May 24 16:01:47 2021

 Data directory: /Users/of15641/qcore/cmake-build-release/share/entos/1.2.0/data
 Number of threads: 2
 Number of threads was determined by: number of physical cores

 --------------------------------------------------------------------------------
                                  command: bchla                                 
 --------------------------------------------------------------------------------
 XTB basis setup:                        reference basis
 Number of basis functions:            404
 GFN version:                            gfn1
 Integral screening threshold:           1.00e-10
 Total charge:                           0.000000000
 Number of electrons:                  344.000000000
 Electronic temperature (Kelvin):        0.000000000

 D3BJ energy:                           -0.094240180
 Repulsive energy:                       2.481508542

 ------------------------------------------------
  Running self-consistent charge (SCC) algorithm 
 ------------------------------------------------
 Broyden mixing factor:                  0.40
 Max number of iterations:             128
 Conv. threshold (charge):               1.00e-05
 Conv. threshold (energy):               1.00e-06
 Initial guess:                          SAD

 ---------------------------------------------------------------
                  energy        change          grad        time
 ---------------------------------------------------------------
   0      -201.655816482                    6.41e-01        0.03
   1      -202.246601736     -5.91e-01      3.74e-01        0.02
   2      -202.223481219      2.31e-02      5.82e-02        0.02
   3      -202.241845021     -1.84e-02      1.40e-02        0.02
   4      -202.263225491     -2.14e-02      2.16e-03        0.02
   5      -202.263595762     -3.70e-04      6.17e-04        0.02
   6      -202.263608898     -1.31e-05      1.42e-04        0.02
   7      -202.263609403     -5.05e-07      4.07e-05        0.02
   8      -202.263609426     -2.21e-08      1.74e-05        0.02
   9      -202.263609428     -2.70e-09      7.38e-06        0.02
  10      -202.263609430     -1.51e-09      2.75e-06        0.02

 SCF converged in 9 iterations.

 Entropy contribution (-ST):             0.000000000
 Dipole moment (in Debye):               2.657174       2.986410      -3.871165
 Setting up Delta-SCF
 Ground-Excited state overlap:           0.000000000
 No correction applied to the TDM.
 Excitation energy:                      0.112111859
 Excitation energy (in eV):              3.050719088
 Transition dipole:                     -3.34283      -0.47689       1.43910
 Saving results in set 'frame_56'

 --------------------------------------------------------------------------------

 End time:                               Mon May 24 16:01:48 2021
 Total wall-clock time:                  0.639 seconds
==================================================================================
