
================================================================================
          _____________ ________ _______________ ________     _________         
         / ___________// ______ \\_____   _____// ______ \   / ________)        
        / /_________  / /      \ \     | |     / /      \ \ | (_______          
       |  __________|| |        | |    | |    | |        | | \________ \        
        \ \_________ | |        | |    | |     \ \______/ /___________) |       
         \__________||_|        |_|    |_|      \________//____________/        
                                                                                
====================================[ Qcore ]===================================

 Git hash:   b27a5f96910dca04bf09adb1496985de0081c8b6
 Git date:   Tue, 11 May 2021 09:58:05 -0400
 Compiler:   AppleClang 10.0.1.10010046
 Build type: Release
 Version:    1.2.0

 Start time: Mon May 24 15:59:35 2021

 Data directory: /Users/of15641/qcore/cmake-build-release/share/entos/1.2.0/data
 Number of threads: 2
 Number of threads was determined by: number of physical cores

 --------------------------------------------------------------------------------
                                  command: bchla                                 
 --------------------------------------------------------------------------------
 XTB basis setup:                        reference basis
 Number of basis functions:            404
 GFN version:                            gfn1
 Integral screening threshold:           1.00e-10
 Total charge:                           0.000000000
 Number of electrons:                  344.000000000
 Electronic temperature (Kelvin):        0.000000000

 D3BJ energy:                           -0.101373887
 Repulsive energy:                       2.454510545

 ------------------------------------------------
  Running self-consistent charge (SCC) algorithm 
 ------------------------------------------------
 Broyden mixing factor:                  0.40
 Max number of iterations:             128
 Conv. threshold (charge):               1.00e-05
 Conv. threshold (energy):               1.00e-06
 Initial guess:                          SAD

 ---------------------------------------------------------------
                  energy        change          grad        time
 ---------------------------------------------------------------
   0      -201.761963982                    6.41e-01        0.02
   1      -202.327305500     -5.65e-01      3.75e-01        0.02
   2      -202.315872132      1.14e-02      5.61e-02        0.02
   3      -202.334475221     -1.86e-02      1.01e-02        0.02
   4      -202.343226963     -8.75e-03      2.47e-03        0.03
   5      -202.343800274     -5.73e-04      6.38e-04        0.03
   6      -202.343820997     -2.07e-05      1.44e-04        0.03
   7      -202.343821532     -5.35e-07      3.19e-05        0.03
   8      -202.343821558     -2.66e-08      1.12e-05        0.03
   9      -202.343821559     -8.19e-10      3.99e-06        0.03
  10      -202.343821559     -1.53e-10      1.41e-06        0.02

 SCF converged in 9 iterations.

 Entropy contribution (-ST):             0.000000000
 Dipole moment (in Debye):               4.298855       0.515065       1.921612
 Setting up Delta-SCF
 Ground-Excited state overlap:          -0.000000000
 No correction applied to the TDM.
 Excitation energy:                      0.106677089
 Excitation energy (in eV):              2.902831479
 Transition dipole:                     -3.66200       0.53954       0.29520
 Saving results in set 'frame_438'

 --------------------------------------------------------------------------------

 End time:                               Mon May 24 15:59:36 2021
 Total wall-clock time:                  0.604 seconds
==================================================================================
