
================================================================================
          _____________ ________ _______________ ________     _________         
         / ___________// ______ \\_____   _____// ______ \   / ________)        
        / /_________  / /      \ \     | |     / /      \ \ | (_______          
       |  __________|| |        | |    | |    | |        | | \________ \        
        \ \_________ | |        | |    | |     \ \______/ /___________) |       
         \__________||_|        |_|    |_|      \________//____________/        
                                                                                
====================================[ Qcore ]===================================

 Git hash:   b27a5f96910dca04bf09adb1496985de0081c8b6
 Git date:   Tue, 11 May 2021 09:58:05 -0400
 Compiler:   AppleClang 10.0.1.10010046
 Build type: Release
 Version:    1.2.0

 Start time: Mon May 24 15:49:13 2021

 Data directory: /Users/of15641/qcore/cmake-build-release/share/entos/1.2.0/data
 Number of threads: 2
 Number of threads was determined by: number of physical cores

 --------------------------------------------------------------------------------
                                  command: bchla                                 
 --------------------------------------------------------------------------------
 XTB basis setup:                        reference basis
 Number of basis functions:            404
 GFN version:                            gfn1
 Integral screening threshold:           1.00e-10
 Total charge:                           0.000000000
 Number of electrons:                  344.000000000
 Electronic temperature (Kelvin):        0.000000000

 D3BJ energy:                           -0.102907021
 Repulsive energy:                       2.465338825

 ------------------------------------------------
  Running self-consistent charge (SCC) algorithm 
 ------------------------------------------------
 Broyden mixing factor:                  0.40
 Max number of iterations:             128
 Conv. threshold (charge):               1.00e-05
 Conv. threshold (energy):               1.00e-06
 Initial guess:                          SAD

 ---------------------------------------------------------------
                  energy        change          grad        time
 ---------------------------------------------------------------
   0      -201.638574976                    6.42e-01        0.02
   1      -202.236950637     -5.98e-01      3.74e-01        0.02
   2      -202.216321763      2.06e-02      5.92e-02        0.02
   3      -202.233613394     -1.73e-02      1.39e-02        0.02
   4      -202.252677703     -1.91e-02      2.52e-03        0.02
   5      -202.253203147     -5.25e-04      6.31e-04        0.02
   6      -202.253215708     -1.26e-05      1.63e-04        0.02
   7      -202.253216849     -1.14e-06      5.19e-05        0.02
   8      -202.253216977     -1.28e-07      2.20e-05        0.02
   9      -202.253216988     -1.14e-08      1.12e-05        0.02
  10      -202.253216992     -3.46e-09      2.85e-06        0.02
  11      -202.253216992     -1.45e-10      9.76e-07        0.02

 SCF converged in 10 iterations.

 Entropy contribution (-ST):             0.000000000
 Dipole moment (in Debye):              -4.281235       3.545865       0.398879
 Setting up Delta-SCF
 Ground-Excited state overlap:           0.000000000
 No correction applied to the TDM.
 Excitation energy:                      0.108130367
 Excitation energy (in eV):              2.942377183
 Transition dipole:                     -2.83010       2.09150      -0.81730
 Saving results in set 'frame_1473'

 --------------------------------------------------------------------------------

 End time:                               Mon May 24 15:49:13 2021
 Total wall-clock time:                  0.521 seconds
==================================================================================
