
================================================================================
          _____________ ________ _______________ ________     _________         
         / ___________// ______ \\_____   _____// ______ \   / ________)        
        / /_________  / /      \ \     | |     / /      \ \ | (_______          
       |  __________|| |        | |    | |    | |        | | \________ \        
        \ \_________ | |        | |    | |     \ \______/ /___________) |       
         \__________||_|        |_|    |_|      \________//____________/        
                                                                                
====================================[ Qcore ]===================================

 Git hash:   b27a5f96910dca04bf09adb1496985de0081c8b6
 Git date:   Tue, 11 May 2021 09:58:05 -0400
 Compiler:   AppleClang 10.0.1.10010046
 Build type: Release
 Version:    1.2.0

 Start time: Mon May 24 15:56:43 2021

 Data directory: /Users/of15641/qcore/cmake-build-release/share/entos/1.2.0/data
 Number of threads: 2
 Number of threads was determined by: number of physical cores

 --------------------------------------------------------------------------------
                                  command: bchla                                 
 --------------------------------------------------------------------------------
 XTB basis setup:                        reference basis
 Number of basis functions:            404
 GFN version:                            gfn1
 Integral screening threshold:           1.00e-10
 Total charge:                           0.000000000
 Number of electrons:                  344.000000000
 Electronic temperature (Kelvin):        0.000000000

 D3BJ energy:                           -0.100738250
 Repulsive energy:                       2.468506546

 ------------------------------------------------
  Running self-consistent charge (SCC) algorithm 
 ------------------------------------------------
 Broyden mixing factor:                  0.40
 Max number of iterations:             128
 Conv. threshold (charge):               1.00e-05
 Conv. threshold (energy):               1.00e-06
 Initial guess:                          SAD

 ---------------------------------------------------------------
                  energy        change          grad        time
 ---------------------------------------------------------------
   0      -201.621402499                    6.41e-01        0.03
   1      -202.227410559     -6.06e-01      3.74e-01        0.02
   2      -202.217531385      9.88e-03      5.87e-02        0.03
   3      -202.233311206     -1.58e-02      9.94e-03        0.02
   4      -202.242093380     -8.78e-03      2.20e-03        0.02
   5      -202.242518343     -4.25e-04      6.16e-04        0.03
   6      -202.242536481     -1.81e-05      1.42e-04        0.02
   7      -202.242537359     -8.78e-07      4.72e-05        0.02
   8      -202.242537483     -1.24e-07      1.71e-05        0.02
   9      -202.242537488     -5.87e-09      7.23e-06        0.03
  10      -202.242537490     -1.14e-09      2.61e-06        0.02

 SCF converged in 9 iterations.

 Entropy contribution (-ST):             0.000000000
 Dipole moment (in Debye):               4.404042      -2.799074      -0.292741
 Setting up Delta-SCF
 Ground-Excited state overlap:           0.000000000
 No correction applied to the TDM.
 Excitation energy:                      0.106612454
 Excitation energy (in eV):              2.901072659
 Transition dipole:                     -3.13307       1.40227       0.44632
 Saving results in set 'frame_217'

 --------------------------------------------------------------------------------

 End time:                               Mon May 24 15:56:43 2021
 Total wall-clock time:                  0.677 seconds
==================================================================================
