
================================================================================
          _____________ ________ _______________ ________     _________         
         / ___________// ______ \\_____   _____// ______ \   / ________)        
        / /_________  / /      \ \     | |     / /      \ \ | (_______          
       |  __________|| |        | |    | |    | |        | | \________ \        
        \ \_________ | |        | |    | |     \ \______/ /___________) |       
         \__________||_|        |_|    |_|      \________//____________/        
                                                                                
====================================[ Qcore ]===================================

 Git hash:   b27a5f96910dca04bf09adb1496985de0081c8b6
 Git date:   Tue, 11 May 2021 09:58:05 -0400
 Compiler:   AppleClang 10.0.1.10010046
 Build type: Release
 Version:    1.2.0

 Start time: Mon May 24 15:48:59 2021

 Data directory: /Users/of15641/qcore/cmake-build-release/share/entos/1.2.0/data
 Number of threads: 2
 Number of threads was determined by: number of physical cores

 --------------------------------------------------------------------------------
                                  command: bchla                                 
 --------------------------------------------------------------------------------
 XTB basis setup:                        reference basis
 Number of basis functions:            404
 GFN version:                            gfn1
 Integral screening threshold:           1.00e-10
 Total charge:                           0.000000000
 Number of electrons:                  344.000000000
 Electronic temperature (Kelvin):        0.000000000

 D3BJ energy:                           -0.101976824
 Repulsive energy:                       2.550898917

 ------------------------------------------------
  Running self-consistent charge (SCC) algorithm 
 ------------------------------------------------
 Broyden mixing factor:                  0.40
 Max number of iterations:             128
 Conv. threshold (charge):               1.00e-05
 Conv. threshold (energy):               1.00e-06
 Initial guess:                          SAD

 ---------------------------------------------------------------
                  energy        change          grad        time
 ---------------------------------------------------------------
   0      -201.704070086                    6.43e-01        0.02
   1      -202.299172253     -5.95e-01      3.75e-01        0.02
   2      -202.290757565      8.41e-03      5.76e-02        0.02
   3      -202.306247778     -1.55e-02      9.42e-03        0.03
   4      -202.313691164     -7.44e-03      2.43e-03        0.03
   5      -202.314242401     -5.51e-04      6.73e-04        0.02
   6      -202.314267194     -2.48e-05      1.51e-04        0.02
   7      -202.314267984     -7.91e-07      3.61e-05        0.02
   8      -202.314268038     -5.43e-08      1.68e-05        0.02
   9      -202.314268050     -1.11e-08      6.80e-06        0.02
  10      -202.314268052     -2.33e-09      2.53e-06        0.02

 SCF converged in 9 iterations.

 Entropy contribution (-ST):             0.000000000
 Dipole moment (in Debye):              -2.946261       4.160038       0.209816
 Setting up Delta-SCF
 Ground-Excited state overlap:           0.000000000
 No correction applied to the TDM.
 Excitation energy:                      0.101276050
 Excitation energy (in eV):              2.755861710
 Transition dipole:                      3.37111      -2.00411      -0.66729
 Saving results in set 'frame_1453'

 --------------------------------------------------------------------------------

 End time:                               Mon May 24 15:48:59 2021
 Total wall-clock time:                  0.598 seconds
==================================================================================
