
================================================================================
          _____________ ________ _______________ ________     _________         
         / ___________// ______ \\_____   _____// ______ \   / ________)        
        / /_________  / /      \ \     | |     / /      \ \ | (_______          
       |  __________|| |        | |    | |    | |        | | \________ \        
        \ \_________ | |        | |    | |     \ \______/ /___________) |       
         \__________||_|        |_|    |_|      \________//____________/        
                                                                                
====================================[ Qcore ]===================================

 Git hash:   b27a5f96910dca04bf09adb1496985de0081c8b6
 Git date:   Tue, 11 May 2021 09:58:05 -0400
 Compiler:   AppleClang 10.0.1.10010046
 Build type: Release
 Version:    1.2.0

 Start time: Mon May 24 16:04:55 2021

 Data directory: /Users/of15641/qcore/cmake-build-release/share/entos/1.2.0/data
 Number of threads: 2
 Number of threads was determined by: number of physical cores

 --------------------------------------------------------------------------------
                                  command: bchla                                 
 --------------------------------------------------------------------------------
 XTB basis setup:                        reference basis
 Number of basis functions:            404
 GFN version:                            gfn1
 Integral screening threshold:           1.00e-10
 Total charge:                           0.000000000
 Number of electrons:                  344.000000000
 Electronic temperature (Kelvin):        0.000000000

 D3BJ energy:                           -0.096920676
 Repulsive energy:                       2.436039232

 ------------------------------------------------
  Running self-consistent charge (SCC) algorithm 
 ------------------------------------------------
 Broyden mixing factor:                  0.40
 Max number of iterations:             128
 Conv. threshold (charge):               1.00e-05
 Conv. threshold (energy):               1.00e-06
 Initial guess:                          SAD

 ---------------------------------------------------------------
                  energy        change          grad        time
 ---------------------------------------------------------------
   0      -201.680330878                    6.41e-01        0.04
   1      -202.267890960     -5.88e-01      3.75e-01        0.03
   2      -202.258332539      9.56e-03      5.67e-02        0.03
   3      -202.273386672     -1.51e-02      9.94e-03        0.03
   4      -202.282503019     -9.12e-03      2.51e-03        0.03
   5      -202.283084394     -5.81e-04      6.62e-04        0.03
   6      -202.283105378     -2.10e-05      1.70e-04        0.04
   7      -202.283106441     -1.06e-06      5.59e-05        0.04
   8      -202.283106741     -3.00e-07      1.96e-05        0.03
   9      -202.283106755     -1.38e-08      6.95e-06        0.03
  10      -202.283106756     -7.62e-10      2.57e-06        0.03

 SCF converged in 9 iterations.

 Entropy contribution (-ST):             0.000000000
 Dipole moment (in Debye):               1.781653       5.109511      -2.096174
 Setting up Delta-SCF
 Ground-Excited state overlap:          -0.000000000
 No correction applied to the TDM.
 Excitation energy:                      0.108223574
 Excitation energy (in eV):              2.944913476
 Transition dipole:                     -2.56598      -0.57347       2.41472
 Saving results in set 'frame_76'

 --------------------------------------------------------------------------------

 End time:                               Mon May 24 16:04:56 2021
 Total wall-clock time:                  0.793 seconds
==================================================================================
