
================================================================================
          _____________ ________ _______________ ________     _________         
         / ___________// ______ \\_____   _____// ______ \   / ________)        
        / /_________  / /      \ \     | |     / /      \ \ | (_______          
       |  __________|| |        | |    | |    | |        | | \________ \        
        \ \_________ | |        | |    | |     \ \______/ /___________) |       
         \__________||_|        |_|    |_|      \________//____________/        
                                                                                
====================================[ Qcore ]===================================

 Git hash:   b27a5f96910dca04bf09adb1496985de0081c8b6
 Git date:   Tue, 11 May 2021 09:58:05 -0400
 Compiler:   AppleClang 10.0.1.10010046
 Build type: Release
 Version:    1.2.0

 Start time: Mon May 24 15:48:36 2021

 Data directory: /Users/of15641/qcore/cmake-build-release/share/entos/1.2.0/data
 Number of threads: 2
 Number of threads was determined by: number of physical cores

 --------------------------------------------------------------------------------
                                  command: bchla                                 
 --------------------------------------------------------------------------------
 XTB basis setup:                        reference basis
 Number of basis functions:            404
 GFN version:                            gfn1
 Integral screening threshold:           1.00e-10
 Total charge:                           0.000000000
 Number of electrons:                  344.000000000
 Electronic temperature (Kelvin):        0.000000000

 D3BJ energy:                           -0.102081221
 Repulsive energy:                       2.509029743

 ------------------------------------------------
  Running self-consistent charge (SCC) algorithm 
 ------------------------------------------------
 Broyden mixing factor:                  0.40
 Max number of iterations:             128
 Conv. threshold (charge):               1.00e-05
 Conv. threshold (energy):               1.00e-06
 Initial guess:                          SAD

 ---------------------------------------------------------------
                  energy        change          grad        time
 ---------------------------------------------------------------
   0      -201.657156205                    6.43e-01        0.02
   1      -202.266718502     -6.10e-01      3.75e-01        0.02
   2      -202.251261158      1.55e-02      5.94e-02        0.02
   3      -202.272880027     -2.16e-02      1.14e-02        0.02
   4      -202.284260070     -1.14e-02      2.41e-03        0.02
   5      -202.284763196     -5.03e-04      6.45e-04        0.02
   6      -202.284782105     -1.89e-05      1.38e-04        0.02
   7      -202.284782650     -5.44e-07      3.73e-05        0.02
   8      -202.284782687     -3.76e-08      1.74e-05        0.02
   9      -202.284782693     -5.83e-09      6.61e-06        0.02
  10      -202.284782694     -1.20e-09      2.61e-06        0.02

 SCF converged in 9 iterations.

 Entropy contribution (-ST):             0.000000000
 Dipole moment (in Debye):              -2.484599       4.081630      -1.322997
 Setting up Delta-SCF
 Ground-Excited state overlap:           0.000000000
 No correction applied to the TDM.
 Excitation energy:                      0.111048364
 Excitation energy (in eV):              3.021779929
 Transition dipole:                     -2.83881       1.98741      -0.17211
 Saving results in set 'frame_1421'

 --------------------------------------------------------------------------------

 End time:                               Mon May 24 15:48:36 2021
 Total wall-clock time:                  0.496 seconds
==================================================================================
