
================================================================================
          _____________ ________ _______________ ________     _________         
         / ___________// ______ \\_____   _____// ______ \   / ________)        
        / /_________  / /      \ \     | |     / /      \ \ | (_______          
       |  __________|| |        | |    | |    | |        | | \________ \        
        \ \_________ | |        | |    | |     \ \______/ /___________) |       
         \__________||_|        |_|    |_|      \________//____________/        
                                                                                
====================================[ Qcore ]===================================

 Git hash:   b27a5f96910dca04bf09adb1496985de0081c8b6
 Git date:   Tue, 11 May 2021 09:58:05 -0400
 Compiler:   AppleClang 10.0.1.10010046
 Build type: Release
 Version:    1.2.0

 Start time: Mon May 24 15:52:11 2021

 Data directory: /Users/of15641/qcore/cmake-build-release/share/entos/1.2.0/data
 Number of threads: 2
 Number of threads was determined by: number of physical cores

 --------------------------------------------------------------------------------
                                  command: bchla                                 
 --------------------------------------------------------------------------------
 XTB basis setup:                        reference basis
 Number of basis functions:            404
 GFN version:                            gfn1
 Integral screening threshold:           1.00e-10
 Total charge:                           0.000000000
 Number of electrons:                  344.000000000
 Electronic temperature (Kelvin):        0.000000000

 D3BJ energy:                           -0.094424132
 Repulsive energy:                       2.531957492

 ------------------------------------------------
  Running self-consistent charge (SCC) algorithm 
 ------------------------------------------------
 Broyden mixing factor:                  0.40
 Max number of iterations:             128
 Conv. threshold (charge):               1.00e-05
 Conv. threshold (energy):               1.00e-06
 Initial guess:                          SAD

 ---------------------------------------------------------------
                  energy        change          grad        time
 ---------------------------------------------------------------
   0      -201.644393071                    6.43e-01        0.03
   1      -202.257114198     -6.13e-01      3.75e-01        0.02
   2      -202.243663533      1.35e-02      5.90e-02        0.03
   3      -202.261434866     -1.78e-02      1.11e-02        0.02
   4      -202.272715702     -1.13e-02      2.67e-03        0.03
   5      -202.273393350     -6.78e-04      7.37e-04        0.02
   6      -202.273422661     -2.93e-05      2.11e-04        0.03
   7      -202.273425161     -2.50e-06      7.23e-05        0.02
   8      -202.273425748     -5.87e-07      2.14e-05        0.02
   9      -202.273425756     -8.07e-09      8.20e-06        0.03
  10      -202.273425756     -5.32e-10      2.72e-06        0.02

 SCF converged in 9 iterations.

 Entropy contribution (-ST):             0.000000000
 Dipole moment (in Debye):              -2.240631       4.378788       1.375721
 Setting up Delta-SCF
 Ground-Excited state overlap:          -0.000000000
 No correction applied to the TDM.
 Excitation energy:                      0.108090798
 Excitation energy (in eV):              2.941300444
 Transition dipole:                      1.81599       2.23810       1.69611
 Saving results in set 'frame_1684'

 --------------------------------------------------------------------------------

 End time:                               Mon May 24 15:52:12 2021
 Total wall-clock time:                  0.671 seconds
==================================================================================
