
================================================================================
          _____________ ________ _______________ ________     _________         
         / ___________// ______ \\_____   _____// ______ \   / ________)        
        / /_________  / /      \ \     | |     / /      \ \ | (_______          
       |  __________|| |        | |    | |    | |        | | \________ \        
        \ \_________ | |        | |    | |     \ \______/ /___________) |       
         \__________||_|        |_|    |_|      \________//____________/        
                                                                                
====================================[ Qcore ]===================================

 Git hash:   b27a5f96910dca04bf09adb1496985de0081c8b6
 Git date:   Tue, 11 May 2021 09:58:05 -0400
 Compiler:   AppleClang 10.0.1.10010046
 Build type: Release
 Version:    1.2.0

 Start time: Mon May 24 16:00:26 2021

 Data directory: /Users/of15641/qcore/cmake-build-release/share/entos/1.2.0/data
 Number of threads: 2
 Number of threads was determined by: number of physical cores

 --------------------------------------------------------------------------------
                                  command: bchla                                 
 --------------------------------------------------------------------------------
 XTB basis setup:                        reference basis
 Number of basis functions:            404
 GFN version:                            gfn1
 Integral screening threshold:           1.00e-10
 Total charge:                           0.000000000
 Number of electrons:                  344.000000000
 Electronic temperature (Kelvin):        0.000000000

 D3BJ energy:                           -0.099744233
 Repulsive energy:                       2.520928164

 ------------------------------------------------
  Running self-consistent charge (SCC) algorithm 
 ------------------------------------------------
 Broyden mixing factor:                  0.40
 Max number of iterations:             128
 Conv. threshold (charge):               1.00e-05
 Conv. threshold (energy):               1.00e-06
 Initial guess:                          SAD

 ---------------------------------------------------------------
                  energy        change          grad        time
 ---------------------------------------------------------------
   0      -201.714747926                    6.43e-01        0.03
   1      -202.304976488     -5.90e-01      3.75e-01        0.03
   2      -202.280420360      2.46e-02      5.91e-02        0.02
   3      -202.302741326     -2.23e-02      1.40e-02        0.03
   4      -202.322550600     -1.98e-02      2.44e-03        0.02
   5      -202.323099854     -5.49e-04      6.04e-04        0.02
   6      -202.323112093     -1.22e-05      1.37e-04        0.02
   7      -202.323112642     -5.50e-07      4.62e-05        0.03
   8      -202.323112687     -4.42e-08      2.00e-05        0.02
   9      -202.323112691     -4.00e-09      9.96e-06        0.02
  10      -202.323112694     -3.89e-09      2.71e-06        0.02

 SCF converged in 9 iterations.

 Entropy contribution (-ST):             0.000000000
 Dipole moment (in Debye):              -0.006429       3.668379       0.105956
 Setting up Delta-SCF
 Ground-Excited state overlap:          -0.000000000
 No correction applied to the TDM.
 Excitation energy:                      0.108528703
 Excitation energy (in eV):              2.953216459
 Transition dipole:                     -2.13672      -3.06232       0.50179
 Saving results in set 'frame_489'

 --------------------------------------------------------------------------------

 End time:                               Mon May 24 16:00:27 2021
 Total wall-clock time:                  0.667 seconds
==================================================================================
