
================================================================================
          _____________ ________ _______________ ________     _________         
         / ___________// ______ \\_____   _____// ______ \   / ________)        
        / /_________  / /      \ \     | |     / /      \ \ | (_______          
       |  __________|| |        | |    | |    | |        | | \________ \        
        \ \_________ | |        | |    | |     \ \______/ /___________) |       
         \__________||_|        |_|    |_|      \________//____________/        
                                                                                
====================================[ Qcore ]===================================

 Git hash:   b27a5f96910dca04bf09adb1496985de0081c8b6
 Git date:   Tue, 11 May 2021 09:58:05 -0400
 Compiler:   AppleClang 10.0.1.10010046
 Build type: Release
 Version:    1.2.0

 Start time: Mon May 24 15:48:40 2021

 Data directory: /Users/of15641/qcore/cmake-build-release/share/entos/1.2.0/data
 Number of threads: 2
 Number of threads was determined by: number of physical cores

 --------------------------------------------------------------------------------
                                  command: bchla                                 
 --------------------------------------------------------------------------------
 XTB basis setup:                        reference basis
 Number of basis functions:            404
 GFN version:                            gfn1
 Integral screening threshold:           1.00e-10
 Total charge:                           0.000000000
 Number of electrons:                  344.000000000
 Electronic temperature (Kelvin):        0.000000000

 D3BJ energy:                           -0.097964939
 Repulsive energy:                       2.570947367

 ------------------------------------------------
  Running self-consistent charge (SCC) algorithm 
 ------------------------------------------------
 Broyden mixing factor:                  0.40
 Max number of iterations:             128
 Conv. threshold (charge):               1.00e-05
 Conv. threshold (energy):               1.00e-06
 Initial guess:                          SAD

 ---------------------------------------------------------------
                  energy        change          grad        time
 ---------------------------------------------------------------
   0      -201.754444024                    6.45e-01        0.02
   1      -202.364326802     -6.10e-01      3.76e-01        0.02
   2      -202.337365221      2.70e-02      6.05e-02        0.02
   3      -202.366517446     -2.92e-02      1.34e-02        0.02
   4      -202.383502320     -1.70e-02      2.20e-03        0.02
   5      -202.383899141     -3.97e-04      6.25e-04        0.02
   6      -202.383915637     -1.65e-05      1.75e-04        0.02
   7      -202.383916837     -1.20e-06      6.03e-05        0.02
   8      -202.383917174     -3.38e-07      2.12e-05        0.02
   9      -202.383917185     -1.06e-08      7.97e-06        0.02
  10      -202.383917185     -3.48e-10      2.57e-06        0.02

 SCF converged in 9 iterations.

 Entropy contribution (-ST):             0.000000000
 Dipole moment (in Debye):              -2.664041       2.000234      -1.146006
 Setting up Delta-SCF
 Ground-Excited state overlap:          -0.000000000
 No correction applied to the TDM.
 Excitation energy:                      0.110957483
 Excitation energy (in eV):              3.019306935
 Transition dipole:                     -3.26972       1.30376      -0.03922
 Saving results in set 'frame_1428'

 --------------------------------------------------------------------------------

 End time:                               Mon May 24 15:48:40 2021
 Total wall-clock time:                  0.511 seconds
==================================================================================
