
================================================================================
          _____________ ________ _______________ ________     _________         
         / ___________// ______ \\_____   _____// ______ \   / ________)        
        / /_________  / /      \ \     | |     / /      \ \ | (_______          
       |  __________|| |        | |    | |    | |        | | \________ \        
        \ \_________ | |        | |    | |     \ \______/ /___________) |       
         \__________||_|        |_|    |_|      \________//____________/        
                                                                                
====================================[ Qcore ]===================================

 Git hash:   b27a5f96910dca04bf09adb1496985de0081c8b6
 Git date:   Tue, 11 May 2021 09:58:05 -0400
 Compiler:   AppleClang 10.0.1.10010046
 Build type: Release
 Version:    1.2.0

 Start time: Mon May 24 15:51:05 2021

 Data directory: /Users/of15641/qcore/cmake-build-release/share/entos/1.2.0/data
 Number of threads: 2
 Number of threads was determined by: number of physical cores

 --------------------------------------------------------------------------------
                                  command: bchla                                 
 --------------------------------------------------------------------------------
 XTB basis setup:                        reference basis
 Number of basis functions:            404
 GFN version:                            gfn1
 Integral screening threshold:           1.00e-10
 Total charge:                           0.000000000
 Number of electrons:                  344.000000000
 Electronic temperature (Kelvin):        0.000000000

 D3BJ energy:                           -0.094486565
 Repulsive energy:                       2.549136470

 ------------------------------------------------
  Running self-consistent charge (SCC) algorithm 
 ------------------------------------------------
 Broyden mixing factor:                  0.40
 Max number of iterations:             128
 Conv. threshold (charge):               1.00e-05
 Conv. threshold (energy):               1.00e-06
 Initial guess:                          SAD

 ---------------------------------------------------------------
                  energy        change          grad        time
 ---------------------------------------------------------------
   0      -201.643487072                    6.44e-01        0.03
   1      -202.250811200     -6.07e-01      3.75e-01        0.03
   2      -202.234798326      1.60e-02      6.01e-02        0.03
   3      -202.259245332     -2.44e-02      1.10e-02        0.02
   4      -202.268692488     -9.45e-03      2.29e-03        0.02
   5      -202.269168654     -4.76e-04      6.92e-04        0.03
   6      -202.269195338     -2.67e-05      1.59e-04        0.02
   7      -202.269196193     -8.55e-07      4.79e-05        0.03
   8      -202.269196362     -1.69e-07      1.85e-05        0.02
   9      -202.269196373     -1.10e-08      7.51e-06        0.03
  10      -202.269196374     -5.05e-10      2.45e-06        0.02

 SCF converged in 9 iterations.

 Entropy contribution (-ST):             0.000000000
 Dipole moment (in Debye):              -3.735952       3.395405       0.847654
 Setting up Delta-SCF
 Ground-Excited state overlap:          -0.000000000
 No correction applied to the TDM.
 Excitation energy:                      0.109012773
 Excitation energy (in eV):              2.966388685
 Transition dipole:                     -1.17446       2.41948       2.20931
 Saving results in set 'frame_1607'

 --------------------------------------------------------------------------------

 End time:                               Mon May 24 15:51:05 2021
 Total wall-clock time:                  0.651 seconds
==================================================================================
