
================================================================================
          _____________ ________ _______________ ________     _________         
         / ___________// ______ \\_____   _____// ______ \   / ________)        
        / /_________  / /      \ \     | |     / /      \ \ | (_______          
       |  __________|| |        | |    | |    | |        | | \________ \        
        \ \_________ | |        | |    | |     \ \______/ /___________) |       
         \__________||_|        |_|    |_|      \________//____________/        
                                                                                
====================================[ Qcore ]===================================

 Git hash:   b27a5f96910dca04bf09adb1496985de0081c8b6
 Git date:   Tue, 11 May 2021 09:58:05 -0400
 Compiler:   AppleClang 10.0.1.10010046
 Build type: Release
 Version:    1.2.0

 Start time: Mon May 24 16:01:43 2021

 Data directory: /Users/of15641/qcore/cmake-build-release/share/entos/1.2.0/data
 Number of threads: 2
 Number of threads was determined by: number of physical cores

 --------------------------------------------------------------------------------
                                  command: bchla                                 
 --------------------------------------------------------------------------------
 XTB basis setup:                        reference basis
 Number of basis functions:            404
 GFN version:                            gfn1
 Integral screening threshold:           1.00e-10
 Total charge:                           0.000000000
 Number of electrons:                  344.000000000
 Electronic temperature (Kelvin):        0.000000000

 D3BJ energy:                           -0.095929692
 Repulsive energy:                       2.479887777

 ------------------------------------------------
  Running self-consistent charge (SCC) algorithm 
 ------------------------------------------------
 Broyden mixing factor:                  0.40
 Max number of iterations:             128
 Conv. threshold (charge):               1.00e-05
 Conv. threshold (energy):               1.00e-06
 Initial guess:                          SAD

 ---------------------------------------------------------------
                  energy        change          grad        time
 ---------------------------------------------------------------
   0      -201.648342573                    6.43e-01        0.03
   1      -202.250663974     -6.02e-01      3.75e-01        0.04
   2      -202.234768121      1.59e-02      5.87e-02        0.03
   3      -202.252518156     -1.78e-02      1.26e-02        0.03
   4      -202.267187819     -1.47e-02      2.44e-03        0.03
   5      -202.267673897     -4.86e-04      6.85e-04        0.04
   6      -202.267692328     -1.84e-05      1.68e-04        0.03
   7      -202.267693544     -1.22e-06      5.31e-05        0.03
   8      -202.267693764     -2.20e-07      2.16e-05        0.04
   9      -202.267693773     -9.31e-09      8.22e-06        0.03
  10      -202.267693773     -5.99e-10      2.70e-06        0.03

 SCF converged in 9 iterations.

 Entropy contribution (-ST):             0.000000000
 Dipole moment (in Debye):              -5.630253       1.966091      -0.784789
 Setting up Delta-SCF
 Ground-Excited state overlap:          -0.000000000
 No correction applied to the TDM.
 Excitation energy:                      0.108148580
 Excitation energy (in eV):              2.942872772
 Transition dipole:                      1.94963       0.82900       2.20027
 Saving results in set 'frame_556'

 --------------------------------------------------------------------------------

 End time:                               Mon May 24 16:01:44 2021
 Total wall-clock time:                  0.903 seconds
==================================================================================
