
================================================================================
          _____________ ________ _______________ ________     _________         
         / ___________// ______ \\_____   _____// ______ \   / ________)        
        / /_________  / /      \ \     | |     / /      \ \ | (_______          
       |  __________|| |        | |    | |    | |        | | \________ \        
        \ \_________ | |        | |    | |     \ \______/ /___________) |       
         \__________||_|        |_|    |_|      \________//____________/        
                                                                                
====================================[ Qcore ]===================================

 Git hash:   b27a5f96910dca04bf09adb1496985de0081c8b6
 Git date:   Tue, 11 May 2021 09:58:05 -0400
 Compiler:   AppleClang 10.0.1.10010046
 Build type: Release
 Version:    1.2.0

 Start time: Mon May 24 16:01:50 2021

 Data directory: /Users/of15641/qcore/cmake-build-release/share/entos/1.2.0/data
 Number of threads: 2
 Number of threads was determined by: number of physical cores

 --------------------------------------------------------------------------------
                                  command: bchla                                 
 --------------------------------------------------------------------------------
 XTB basis setup:                        reference basis
 Number of basis functions:            404
 GFN version:                            gfn1
 Integral screening threshold:           1.00e-10
 Total charge:                           0.000000000
 Number of electrons:                  344.000000000
 Electronic temperature (Kelvin):        0.000000000

 D3BJ energy:                           -0.094507342
 Repulsive energy:                       2.566053205

 ------------------------------------------------
  Running self-consistent charge (SCC) algorithm 
 ------------------------------------------------
 Broyden mixing factor:                  0.40
 Max number of iterations:             128
 Conv. threshold (charge):               1.00e-05
 Conv. threshold (energy):               1.00e-06
 Initial guess:                          SAD

 ---------------------------------------------------------------
                  energy        change          grad        time
 ---------------------------------------------------------------
   0      -201.671204604                    6.44e-01        0.03
   1      -202.260871971     -5.90e-01      3.76e-01        0.05
   2      -202.251580455      9.29e-03      5.71e-02        0.02
   3      -202.269405225     -1.78e-02      8.97e-03        0.02
   4      -202.276320468     -6.92e-03      1.93e-03        0.03
   5      -202.276643378     -3.23e-04      6.40e-04        0.02
   6      -202.276665732     -2.24e-05      1.50e-04        0.02
   7      -202.276666443     -7.10e-07      4.88e-05        0.02
   8      -202.276666646     -2.03e-07      1.75e-05        0.02
   9      -202.276666655     -8.95e-09      6.38e-06        0.02
  10      -202.276666655     -5.02e-10      2.19e-06        0.02

 SCF converged in 9 iterations.

 Entropy contribution (-ST):             0.000000000
 Dipole moment (in Debye):              -4.006191       1.872069      -0.706622
 Setting up Delta-SCF
 Ground-Excited state overlap:           0.000000000
 No correction applied to the TDM.
 Excitation energy:                      0.110635827
 Excitation energy (in eV):              3.010554234
 Transition dipole:                     -2.44599       0.39138      -2.42237
 Saving results in set 'frame_563'

 --------------------------------------------------------------------------------

 End time:                               Mon May 24 16:01:51 2021
 Total wall-clock time:                  0.679 seconds
==================================================================================
