
================================================================================
          _____________ ________ _______________ ________     _________         
         / ___________// ______ \\_____   _____// ______ \   / ________)        
        / /_________  / /      \ \     | |     / /      \ \ | (_______          
       |  __________|| |        | |    | |    | |        | | \________ \        
        \ \_________ | |        | |    | |     \ \______/ /___________) |       
         \__________||_|        |_|    |_|      \________//____________/        
                                                                                
====================================[ Qcore ]===================================

 Git hash:   b27a5f96910dca04bf09adb1496985de0081c8b6
 Git date:   Tue, 11 May 2021 09:58:05 -0400
 Compiler:   AppleClang 10.0.1.10010046
 Build type: Release
 Version:    1.2.0

 Start time: Mon May 24 15:47:50 2021

 Data directory: /Users/of15641/qcore/cmake-build-release/share/entos/1.2.0/data
 Number of threads: 2
 Number of threads was determined by: number of physical cores

 --------------------------------------------------------------------------------
                                  command: bchla                                 
 --------------------------------------------------------------------------------
 XTB basis setup:                        reference basis
 Number of basis functions:            404
 GFN version:                            gfn1
 Integral screening threshold:           1.00e-10
 Total charge:                           0.000000000
 Number of electrons:                  344.000000000
 Electronic temperature (Kelvin):        0.000000000

 D3BJ energy:                           -0.102854701
 Repulsive energy:                       2.531692008

 ------------------------------------------------
  Running self-consistent charge (SCC) algorithm 
 ------------------------------------------------
 Broyden mixing factor:                  0.40
 Max number of iterations:             128
 Conv. threshold (charge):               1.00e-05
 Conv. threshold (energy):               1.00e-06
 Initial guess:                          SAD

 ---------------------------------------------------------------
                  energy        change          grad        time
 ---------------------------------------------------------------
   0      -201.659292632                    6.44e-01        0.02
   1      -202.269776038     -6.10e-01      3.75e-01        0.02
   2      -202.244895710      2.49e-02      5.99e-02        0.02
   3      -202.269022862     -2.41e-02      1.42e-02        0.02
   4      -202.289482873     -2.05e-02      2.59e-03        0.02
   5      -202.290078154     -5.95e-04      7.26e-04        0.02
   6      -202.290098661     -2.05e-05      1.74e-04        0.02
   7      -202.290099553     -8.93e-07      5.36e-05        0.02
   8      -202.290099684     -1.30e-07      2.67e-05        0.02
   9      -202.290099707     -2.37e-08      1.04e-05        0.02
  10      -202.290099708     -9.02e-10      3.44e-06        0.02
  11      -202.290099709     -2.69e-10      1.01e-06        0.02

 SCF converged in 10 iterations.

 Entropy contribution (-ST):             0.000000000
 Dipole moment (in Debye):              -1.541336       3.347109      -1.645964
 Setting up Delta-SCF
 Ground-Excited state overlap:          -0.000000000
 No correction applied to the TDM.
 Excitation energy:                      0.109373718
 Excitation energy (in eV):              2.976210495
 Transition dipole:                      0.11577       2.74855      -2.03902
 Saving results in set 'frame_1353'

 --------------------------------------------------------------------------------

 End time:                               Mon May 24 15:47:50 2021
 Total wall-clock time:                  0.533 seconds
==================================================================================
