
================================================================================
          _____________ ________ _______________ ________     _________         
         / ___________// ______ \\_____   _____// ______ \   / ________)        
        / /_________  / /      \ \     | |     / /      \ \ | (_______          
       |  __________|| |        | |    | |    | |        | | \________ \        
        \ \_________ | |        | |    | |     \ \______/ /___________) |       
         \__________||_|        |_|    |_|      \________//____________/        
                                                                                
====================================[ Qcore ]===================================

 Git hash:   b27a5f96910dca04bf09adb1496985de0081c8b6
 Git date:   Tue, 11 May 2021 09:58:05 -0400
 Compiler:   AppleClang 10.0.1.10010046
 Build type: Release
 Version:    1.2.0

 Start time: Mon May 24 16:04:37 2021

 Data directory: /Users/of15641/qcore/cmake-build-release/share/entos/1.2.0/data
 Number of threads: 2
 Number of threads was determined by: number of physical cores

 --------------------------------------------------------------------------------
                                  command: bchla                                 
 --------------------------------------------------------------------------------
 XTB basis setup:                        reference basis
 Number of basis functions:            404
 GFN version:                            gfn1
 Integral screening threshold:           1.00e-10
 Total charge:                           0.000000000
 Number of electrons:                  344.000000000
 Electronic temperature (Kelvin):        0.000000000

 D3BJ energy:                           -0.094962608
 Repulsive energy:                       2.583816217

 ------------------------------------------------
  Running self-consistent charge (SCC) algorithm 
 ------------------------------------------------
 Broyden mixing factor:                  0.40
 Max number of iterations:             128
 Conv. threshold (charge):               1.00e-05
 Conv. threshold (energy):               1.00e-06
 Initial guess:                          SAD

 ---------------------------------------------------------------
                  energy        change          grad        time
 ---------------------------------------------------------------
   0      -201.737112667                    6.45e-01        0.05
   1      -202.336827655     -6.00e-01      3.76e-01        0.04
   2      -202.327376698      9.45e-03      5.77e-02        0.03
   3      -202.345815524     -1.84e-02      9.54e-03        0.04
   4      -202.352745638     -6.93e-03      2.43e-03        0.04
   5      -202.353262003     -5.16e-04      7.22e-04        0.04
   6      -202.353290456     -2.85e-05      1.63e-04        0.03
   7      -202.353291364     -9.08e-07      4.72e-05        0.03
   8      -202.353291537     -1.73e-07      1.84e-05        0.03
   9      -202.353291546     -9.01e-09      6.71e-06        0.03
  10      -202.353291547     -9.81e-10      2.28e-06        0.03

 SCF converged in 9 iterations.

 Entropy contribution (-ST):             0.000000000
 Dipole moment (in Debye):               0.814643       1.820285      -3.357582
 Setting up Delta-SCF
 Ground-Excited state overlap:          -0.000000000
 No correction applied to the TDM.
 Excitation energy:                      0.110298762
 Excitation energy (in eV):              3.001382229
 Transition dipole:                     -0.66726      -2.73922      -0.55290
 Saving results in set 'frame_738'

 --------------------------------------------------------------------------------

 End time:                               Mon May 24 16:04:38 2021
 Total wall-clock time:                  0.913 seconds
==================================================================================
