
================================================================================
          _____________ ________ _______________ ________     _________         
         / ___________// ______ \\_____   _____// ______ \   / ________)        
        / /_________  / /      \ \     | |     / /      \ \ | (_______          
       |  __________|| |        | |    | |    | |        | | \________ \        
        \ \_________ | |        | |    | |     \ \______/ /___________) |       
         \__________||_|        |_|    |_|      \________//____________/        
                                                                                
====================================[ Qcore ]===================================

 Git hash:   b27a5f96910dca04bf09adb1496985de0081c8b6
 Git date:   Tue, 11 May 2021 09:58:05 -0400
 Compiler:   AppleClang 10.0.1.10010046
 Build type: Release
 Version:    1.2.0

 Start time: Mon May 24 15:51:05 2021

 Data directory: /Users/of15641/qcore/cmake-build-release/share/entos/1.2.0/data
 Number of threads: 2
 Number of threads was determined by: number of physical cores

 --------------------------------------------------------------------------------
                                  command: bchla                                 
 --------------------------------------------------------------------------------
 XTB basis setup:                        reference basis
 Number of basis functions:            404
 GFN version:                            gfn1
 Integral screening threshold:           1.00e-10
 Total charge:                           0.000000000
 Number of electrons:                  344.000000000
 Electronic temperature (Kelvin):        0.000000000

 D3BJ energy:                           -0.094522439
 Repulsive energy:                       2.516320703

 ------------------------------------------------
  Running self-consistent charge (SCC) algorithm 
 ------------------------------------------------
 Broyden mixing factor:                  0.40
 Max number of iterations:             128
 Conv. threshold (charge):               1.00e-05
 Conv. threshold (energy):               1.00e-06
 Initial guess:                          SAD

 ---------------------------------------------------------------
                  energy        change          grad        time
 ---------------------------------------------------------------
   0      -201.648735865                    6.42e-01        0.03
   1      -202.257852915     -6.09e-01      3.75e-01        0.02
   2      -202.239492759      1.84e-02      5.97e-02        0.03
   3      -202.260201309     -2.07e-02      1.28e-02        0.02
   4      -202.275340608     -1.51e-02      2.64e-03        0.03
   5      -202.275935421     -5.95e-04      7.04e-04        0.02
   6      -202.275957608     -2.22e-05      1.79e-04        0.03
   7      -202.275958848     -1.24e-06      6.08e-05        0.03
   8      -202.275959172     -3.24e-07      2.55e-05        0.03
   9      -202.275959190     -1.79e-08      9.43e-06        0.04
  10      -202.275959191     -7.91e-10      3.08e-06        0.04

 SCF converged in 9 iterations.

 Entropy contribution (-ST):             0.000000000
 Dipole moment (in Debye):              -3.320203       3.639696       1.131308
 Setting up Delta-SCF
 Ground-Excited state overlap:          -0.000000000
 No correction applied to the TDM.
 Excitation energy:                      0.110581991
 Excitation energy (in eV):              3.009089268
 Transition dipole:                      1.30430      -2.53571      -2.21706
 Saving results in set 'frame_1608'

 --------------------------------------------------------------------------------

 End time:                               Mon May 24 15:51:06 2021
 Total wall-clock time:                  0.739 seconds
==================================================================================
