
================================================================================
          _____________ ________ _______________ ________     _________         
         / ___________// ______ \\_____   _____// ______ \   / ________)        
        / /_________  / /      \ \     | |     / /      \ \ | (_______          
       |  __________|| |        | |    | |    | |        | | \________ \        
        \ \_________ | |        | |    | |     \ \______/ /___________) |       
         \__________||_|        |_|    |_|      \________//____________/        
                                                                                
====================================[ Qcore ]===================================

 Git hash:   b27a5f96910dca04bf09adb1496985de0081c8b6
 Git date:   Tue, 11 May 2021 09:58:05 -0400
 Compiler:   AppleClang 10.0.1.10010046
 Build type: Release
 Version:    1.2.0

 Start time: Mon May 24 15:58:12 2021

 Data directory: /Users/of15641/qcore/cmake-build-release/share/entos/1.2.0/data
 Number of threads: 2
 Number of threads was determined by: number of physical cores

 --------------------------------------------------------------------------------
                                  command: bchla                                 
 --------------------------------------------------------------------------------
 XTB basis setup:                        reference basis
 Number of basis functions:            404
 GFN version:                            gfn1
 Integral screening threshold:           1.00e-10
 Total charge:                           0.000000000
 Number of electrons:                  344.000000000
 Electronic temperature (Kelvin):        0.000000000

 D3BJ energy:                           -0.096366409
 Repulsive energy:                       2.583587002

 ------------------------------------------------
  Running self-consistent charge (SCC) algorithm 
 ------------------------------------------------
 Broyden mixing factor:                  0.40
 Max number of iterations:             128
 Conv. threshold (charge):               1.00e-05
 Conv. threshold (energy):               1.00e-06
 Initial guess:                          SAD

 ---------------------------------------------------------------
                  energy        change          grad        time
 ---------------------------------------------------------------
   0      -201.755875608                    6.44e-01        0.03
   1      -202.357684023     -6.02e-01      3.76e-01        0.04
   2      -202.340003423      1.77e-02      5.89e-02        0.03
   3      -202.360034521     -2.00e-02      1.21e-02        0.02
   4      -202.374140092     -1.41e-02      2.28e-03        0.02
   5      -202.374586740     -4.47e-04      6.65e-04        0.02
   6      -202.374606412     -1.97e-05      1.96e-04        0.02
   7      -202.374608328     -1.92e-06      6.70e-05        0.02
   8      -202.374608803     -4.74e-07      2.13e-05        0.02
   9      -202.374608814     -1.16e-08      8.45e-06        0.02
  10      -202.374608815     -3.98e-10      2.76e-06        0.02

 SCF converged in 9 iterations.

 Entropy contribution (-ST):             0.000000000
 Dipole moment (in Debye):               2.030195       3.836711      -2.320217
 Setting up Delta-SCF
 Ground-Excited state overlap:          -0.000000000
 No correction applied to the TDM.
 Excitation energy:                      0.110133209
 Excitation energy (in eV):              2.996877284
 Transition dipole:                      3.16402      -0.01044      -1.87460
 Saving results in set 'frame_32'

 --------------------------------------------------------------------------------

 End time:                               Mon May 24 15:58:13 2021
 Total wall-clock time:                  0.611 seconds
==================================================================================
