
================================================================================
          _____________ ________ _______________ ________     _________         
         / ___________// ______ \\_____   _____// ______ \   / ________)        
        / /_________  / /      \ \     | |     / /      \ \ | (_______          
       |  __________|| |        | |    | |    | |        | | \________ \        
        \ \_________ | |        | |    | |     \ \______/ /___________) |       
         \__________||_|        |_|    |_|      \________//____________/        
                                                                                
====================================[ Qcore ]===================================

 Git hash:   b27a5f96910dca04bf09adb1496985de0081c8b6
 Git date:   Tue, 11 May 2021 09:58:05 -0400
 Compiler:   AppleClang 10.0.1.10010046
 Build type: Release
 Version:    1.2.0

 Start time: Mon May 24 15:54:00 2021

 Data directory: /Users/of15641/qcore/cmake-build-release/share/entos/1.2.0/data
 Number of threads: 2
 Number of threads was determined by: number of physical cores

 --------------------------------------------------------------------------------
                                  command: bchla                                 
 --------------------------------------------------------------------------------
 XTB basis setup:                        reference basis
 Number of basis functions:            404
 GFN version:                            gfn1
 Integral screening threshold:           1.00e-10
 Total charge:                           0.000000000
 Number of electrons:                  344.000000000
 Electronic temperature (Kelvin):        0.000000000

 D3BJ energy:                           -0.095315713
 Repulsive energy:                       2.547173884

 ------------------------------------------------
  Running self-consistent charge (SCC) algorithm 
 ------------------------------------------------
 Broyden mixing factor:                  0.40
 Max number of iterations:             128
 Conv. threshold (charge):               1.00e-05
 Conv. threshold (energy):               1.00e-06
 Initial guess:                          SAD

 ---------------------------------------------------------------
                  energy        change          grad        time
 ---------------------------------------------------------------
   0      -201.653136391                    6.43e-01        0.02
   1      -202.237022890     -5.84e-01      3.75e-01        0.02
   2      -202.221687194      1.53e-02      5.77e-02        0.02
   3      -202.238299983     -1.66e-02      1.24e-02        0.02
   4      -202.253217550     -1.49e-02      2.38e-03        0.02
   5      -202.253696552     -4.79e-04      6.70e-04        0.02
   6      -202.253716136     -1.96e-05      2.01e-04        0.02
   7      -202.253718468     -2.33e-06      6.55e-05        0.02
   8      -202.253718896     -4.28e-07      2.22e-05        0.02
   9      -202.253718904     -8.08e-09      8.29e-06        0.02
  10      -202.253718905     -7.67e-10      2.92e-06        0.02

 SCF converged in 9 iterations.

 Entropy contribution (-ST):             0.000000000
 Dipole moment (in Debye):               0.603928       6.219511       2.077946
 Setting up Delta-SCF
 Ground-Excited state overlap:           0.000000000
 No correction applied to the TDM.
 Excitation energy:                      0.110041173
 Excitation energy (in eV):              2.994372858
 Transition dipole:                     -2.43570      -2.61283       0.20201
 Saving results in set 'frame_1810'

 --------------------------------------------------------------------------------

 End time:                               Mon May 24 15:54:00 2021
 Total wall-clock time:                  0.588 seconds
==================================================================================
