
================================================================================
          _____________ ________ _______________ ________     _________         
         / ___________// ______ \\_____   _____// ______ \   / ________)        
        / /_________  / /      \ \     | |     / /      \ \ | (_______          
       |  __________|| |        | |    | |    | |        | | \________ \        
        \ \_________ | |        | |    | |     \ \______/ /___________) |       
         \__________||_|        |_|    |_|      \________//____________/        
                                                                                
====================================[ Qcore ]===================================

 Git hash:   b27a5f96910dca04bf09adb1496985de0081c8b6
 Git date:   Tue, 11 May 2021 09:58:05 -0400
 Compiler:   AppleClang 10.0.1.10010046
 Build type: Release
 Version:    1.2.0

 Start time: Mon May 24 15:58:47 2021

 Data directory: /Users/of15641/qcore/cmake-build-release/share/entos/1.2.0/data
 Number of threads: 2
 Number of threads was determined by: number of physical cores

 --------------------------------------------------------------------------------
                                  command: bchla                                 
 --------------------------------------------------------------------------------
 XTB basis setup:                        reference basis
 Number of basis functions:            404
 GFN version:                            gfn1
 Integral screening threshold:           1.00e-10
 Total charge:                           0.000000000
 Number of electrons:                  344.000000000
 Electronic temperature (Kelvin):        0.000000000

 D3BJ energy:                           -0.095412051
 Repulsive energy:                       2.533946551

 ------------------------------------------------
  Running self-consistent charge (SCC) algorithm 
 ------------------------------------------------
 Broyden mixing factor:                  0.40
 Max number of iterations:             128
 Conv. threshold (charge):               1.00e-05
 Conv. threshold (energy):               1.00e-06
 Initial guess:                          SAD

 ---------------------------------------------------------------
                  energy        change          grad        time
 ---------------------------------------------------------------
   0      -201.775842116                    6.43e-01        0.02
   1      -202.344482084     -5.69e-01      3.76e-01        0.02
   2      -202.332239575      1.22e-02      5.66e-02        0.02
   3      -202.352197863     -2.00e-02      1.05e-02        0.02
   4      -202.361416098     -9.22e-03      2.40e-03        0.02
   5      -202.361956167     -5.40e-04      6.71e-04        0.02
   6      -202.361978369     -2.22e-05      1.66e-04        0.02
   7      -202.361979414     -1.04e-06      5.24e-05        0.02
   8      -202.361979631     -2.17e-07      1.98e-05        0.02
   9      -202.361979643     -1.20e-08      7.32e-06        0.02
  10      -202.361979643     -7.34e-10      2.55e-06        0.02

 SCF converged in 9 iterations.

 Entropy contribution (-ST):             0.000000000
 Dipole moment (in Debye):               0.819508       3.439332      -2.571521
 Setting up Delta-SCF
 Ground-Excited state overlap:          -0.000000000
 No correction applied to the TDM.
 Excitation energy:                      0.114180498
 Excitation energy (in eV):              3.107009623
 Transition dipole:                     -0.09225       1.19221       2.54319
 Saving results in set 'frame_37'

 --------------------------------------------------------------------------------

 End time:                               Mon May 24 15:58:47 2021
 Total wall-clock time:                  0.545 seconds
==================================================================================
