
================================================================================
          _____________ ________ _______________ ________     _________         
         / ___________// ______ \\_____   _____// ______ \   / ________)        
        / /_________  / /      \ \     | |     / /      \ \ | (_______          
       |  __________|| |        | |    | |    | |        | | \________ \        
        \ \_________ | |        | |    | |     \ \______/ /___________) |       
         \__________||_|        |_|    |_|      \________//____________/        
                                                                                
====================================[ Qcore ]===================================

 Git hash:   b27a5f96910dca04bf09adb1496985de0081c8b6
 Git date:   Tue, 11 May 2021 09:58:05 -0400
 Compiler:   AppleClang 10.0.1.10010046
 Build type: Release
 Version:    1.2.0

 Start time: Mon May 24 15:53:28 2021

 Data directory: /Users/of15641/qcore/cmake-build-release/share/entos/1.2.0/data
 Number of threads: 2
 Number of threads was determined by: number of physical cores

 --------------------------------------------------------------------------------
                                  command: bchla                                 
 --------------------------------------------------------------------------------
 XTB basis setup:                        reference basis
 Number of basis functions:            404
 GFN version:                            gfn1
 Integral screening threshold:           1.00e-10
 Total charge:                           0.000000000
 Number of electrons:                  344.000000000
 Electronic temperature (Kelvin):        0.000000000

 D3BJ energy:                           -0.100567560
 Repulsive energy:                       2.485364697

 ------------------------------------------------
  Running self-consistent charge (SCC) algorithm 
 ------------------------------------------------
 Broyden mixing factor:                  0.40
 Max number of iterations:             128
 Conv. threshold (charge):               1.00e-05
 Conv. threshold (energy):               1.00e-06
 Initial guess:                          SAD

 ---------------------------------------------------------------
                  energy        change          grad        time
 ---------------------------------------------------------------
   0      -201.684399340                    6.42e-01        0.03
   1      -202.278609561     -5.94e-01      3.75e-01        0.03
   2      -202.260015345      1.86e-02      5.88e-02        0.02
   3      -202.282213427     -2.22e-02      1.22e-02        0.02
   4      -202.295980939     -1.38e-02      2.30e-03        0.02
   5      -202.296440414     -4.59e-04      6.26e-04        0.02
   6      -202.296456816     -1.64e-05      1.53e-04        0.03
   7      -202.296457580     -7.64e-07      4.57e-05        0.02
   8      -202.296457726     -1.46e-07      2.16e-05        0.02
   9      -202.296457741     -1.53e-08      8.45e-06        0.02
  10      -202.296457742     -5.36e-10      2.85e-06        0.02

 SCF converged in 9 iterations.

 Entropy contribution (-ST):             0.000000000
 Dipole moment (in Debye):              -3.153801       4.881411       1.036051
 Setting up Delta-SCF
 Ground-Excited state overlap:          -0.000000000
 No correction applied to the TDM.
 Excitation energy:                      0.112055051
 Excitation energy (in eV):              3.049173271
 Transition dipole:                      0.15042      -3.62498       0.11022
 Saving results in set 'frame_1776'

 --------------------------------------------------------------------------------

 End time:                               Mon May 24 15:53:29 2021
 Total wall-clock time:                  0.654 seconds
==================================================================================
