
================================================================================
          _____________ ________ _______________ ________     _________         
         / ___________// ______ \\_____   _____// ______ \   / ________)        
        / /_________  / /      \ \     | |     / /      \ \ | (_______          
       |  __________|| |        | |    | |    | |        | | \________ \        
        \ \_________ | |        | |    | |     \ \______/ /___________) |       
         \__________||_|        |_|    |_|      \________//____________/        
                                                                                
====================================[ Qcore ]===================================

 Git hash:   b27a5f96910dca04bf09adb1496985de0081c8b6
 Git date:   Tue, 11 May 2021 09:58:05 -0400
 Compiler:   AppleClang 10.0.1.10010046
 Build type: Release
 Version:    1.2.0

 Start time: Mon May 24 15:53:59 2021

 Data directory: /Users/of15641/qcore/cmake-build-release/share/entos/1.2.0/data
 Number of threads: 2
 Number of threads was determined by: number of physical cores

 --------------------------------------------------------------------------------
                                  command: bchla                                 
 --------------------------------------------------------------------------------
 XTB basis setup:                        reference basis
 Number of basis functions:            404
 GFN version:                            gfn1
 Integral screening threshold:           1.00e-10
 Total charge:                           0.000000000
 Number of electrons:                  344.000000000
 Electronic temperature (Kelvin):        0.000000000

 D3BJ energy:                           -0.100341606
 Repulsive energy:                       2.519651835

 ------------------------------------------------
  Running self-consistent charge (SCC) algorithm 
 ------------------------------------------------
 Broyden mixing factor:                  0.40
 Max number of iterations:             128
 Conv. threshold (charge):               1.00e-05
 Conv. threshold (energy):               1.00e-06
 Initial guess:                          SAD

 ---------------------------------------------------------------
                  energy        change          grad        time
 ---------------------------------------------------------------
   0      -201.659310178                    6.43e-01        0.04
   1      -202.248854457     -5.90e-01      3.75e-01        0.03
   2      -202.238317083      1.05e-02      5.70e-02        0.02
   3      -202.255649278     -1.73e-02      9.66e-03        0.02
   4      -202.264217836     -8.57e-03      2.20e-03        0.03
   5      -202.264626022     -4.08e-04      6.96e-04        0.02
   6      -202.264650780     -2.48e-05      1.79e-04        0.02
   7      -202.264652254     -1.47e-06      5.72e-05        0.02
   8      -202.264652602     -3.48e-07      1.72e-05        0.03
   9      -202.264652609     -6.59e-09      6.86e-06        0.02
  10      -202.264652609     -2.23e-10      2.13e-06        0.02

 SCF converged in 9 iterations.

 Entropy contribution (-ST):             0.000000000
 Dipole moment (in Debye):               3.267896      -0.907066       0.653444
 Setting up Delta-SCF
 Ground-Excited state overlap:           0.000000000
 No correction applied to the TDM.
 Excitation energy:                      0.106317376
 Excitation energy (in eV):              2.893043184
 Transition dipole:                     -0.90840       3.01400       1.34784
 Saving results in set 'frame_181'

 --------------------------------------------------------------------------------

 End time:                               Mon May 24 15:54:00 2021
 Total wall-clock time:                  0.618 seconds
==================================================================================
