
================================================================================
          _____________ ________ _______________ ________     _________         
         / ___________// ______ \\_____   _____// ______ \   / ________)        
        / /_________  / /      \ \     | |     / /      \ \ | (_______          
       |  __________|| |        | |    | |    | |        | | \________ \        
        \ \_________ | |        | |    | |     \ \______/ /___________) |       
         \__________||_|        |_|    |_|      \________//____________/        
                                                                                
====================================[ Qcore ]===================================

 Git hash:   b27a5f96910dca04bf09adb1496985de0081c8b6
 Git date:   Tue, 11 May 2021 09:58:05 -0400
 Compiler:   AppleClang 10.0.1.10010046
 Build type: Release
 Version:    1.2.0

 Start time: Mon May 24 15:59:12 2021

 Data directory: /Users/of15641/qcore/cmake-build-release/share/entos/1.2.0/data
 Number of threads: 2
 Number of threads was determined by: number of physical cores

 --------------------------------------------------------------------------------
                                  command: bchla                                 
 --------------------------------------------------------------------------------
 XTB basis setup:                        reference basis
 Number of basis functions:            404
 GFN version:                            gfn1
 Integral screening threshold:           1.00e-10
 Total charge:                           0.000000000
 Number of electrons:                  344.000000000
 Electronic temperature (Kelvin):        0.000000000

 D3BJ energy:                           -0.098013718
 Repulsive energy:                       2.533136225

 ------------------------------------------------
  Running self-consistent charge (SCC) algorithm 
 ------------------------------------------------
 Broyden mixing factor:                  0.40
 Max number of iterations:             128
 Conv. threshold (charge):               1.00e-05
 Conv. threshold (energy):               1.00e-06
 Initial guess:                          SAD

 ---------------------------------------------------------------
                  energy        change          grad        time
 ---------------------------------------------------------------
   0      -201.674313509                    6.43e-01        0.02
   1      -202.260820327     -5.87e-01      3.75e-01        0.02
   2      -202.251874244      8.95e-03      5.67e-02        0.02
   3      -202.267162490     -1.53e-02      1.01e-02        0.02
   4      -202.276093403     -8.93e-03      2.37e-03        0.02
   5      -202.276543676     -4.50e-04      6.87e-04        0.02
   6      -202.276563901     -2.02e-05      1.53e-04        0.02
   7      -202.276564606     -7.05e-07      4.66e-05        0.02
   8      -202.276564772     -1.66e-07      1.88e-05        0.02
   9      -202.276564783     -1.11e-08      7.04e-06        0.02
  10      -202.276564784     -4.77e-10      2.43e-06        0.02

 SCF converged in 9 iterations.

 Entropy contribution (-ST):             0.000000000
 Dipole moment (in Debye):               3.252892       3.108231       2.157785
 Setting up Delta-SCF
 Ground-Excited state overlap:           0.000000000
 No correction applied to the TDM.
 Excitation energy:                      0.108103904
 Excitation energy (in eV):              2.941657085
 Transition dipole:                      3.07709      -0.08625      -1.60328
 Saving results in set 'frame_404'

 --------------------------------------------------------------------------------

 End time:                               Mon May 24 15:59:12 2021
 Total wall-clock time:                  0.561 seconds
==================================================================================
