
================================================================================
          _____________ ________ _______________ ________     _________         
         / ___________// ______ \\_____   _____// ______ \   / ________)        
        / /_________  / /      \ \     | |     / /      \ \ | (_______          
       |  __________|| |        | |    | |    | |        | | \________ \        
        \ \_________ | |        | |    | |     \ \______/ /___________) |       
         \__________||_|        |_|    |_|      \________//____________/        
                                                                                
====================================[ Qcore ]===================================

 Git hash:   b27a5f96910dca04bf09adb1496985de0081c8b6
 Git date:   Tue, 11 May 2021 09:58:05 -0400
 Compiler:   AppleClang 10.0.1.10010046
 Build type: Release
 Version:    1.2.0

 Start time: Mon May 24 16:05:05 2021

 Data directory: /Users/of15641/qcore/cmake-build-release/share/entos/1.2.0/data
 Number of threads: 2
 Number of threads was determined by: number of physical cores

 --------------------------------------------------------------------------------
                                  command: bchla                                 
 --------------------------------------------------------------------------------
 XTB basis setup:                        reference basis
 Number of basis functions:            404
 GFN version:                            gfn1
 Integral screening threshold:           1.00e-10
 Total charge:                           0.000000000
 Number of electrons:                  344.000000000
 Electronic temperature (Kelvin):        0.000000000

 D3BJ energy:                           -0.096693369
 Repulsive energy:                       2.464332968

 ------------------------------------------------
  Running self-consistent charge (SCC) algorithm 
 ------------------------------------------------
 Broyden mixing factor:                  0.40
 Max number of iterations:             128
 Conv. threshold (charge):               1.00e-05
 Conv. threshold (energy):               1.00e-06
 Initial guess:                          SAD

 ---------------------------------------------------------------
                  energy        change          grad        time
 ---------------------------------------------------------------
   0      -201.585471390                    6.42e-01        0.03
   1      -202.197204586     -6.12e-01      3.74e-01        0.02
   2      -202.186726906      1.05e-02      5.93e-02        0.02
   3      -202.205770440     -1.90e-02      9.89e-03        0.02
   4      -202.213741610     -7.97e-03      2.48e-03        0.02
   5      -202.214283936     -5.42e-04      7.49e-04        0.02
   6      -202.214314954     -3.10e-05      1.84e-04        0.02
   7      -202.214316373     -1.42e-06      5.84e-05        0.02
   8      -202.214316677     -3.05e-07      2.12e-05        0.02
   9      -202.214316696     -1.86e-08      7.73e-06        0.02
  10      -202.214316697     -7.00e-10      2.77e-06        0.02

 SCF converged in 9 iterations.

 Entropy contribution (-ST):             0.000000000
 Dipole moment (in Debye):               2.388405       5.103256      -1.197904
 Setting up Delta-SCF
 Ground-Excited state overlap:          -0.000000000
 No correction applied to the TDM.
 Excitation energy:                      0.106750108
 Excitation energy (in eV):              2.904818418
 Transition dipole:                     -2.84800      -0.38719       2.12995
 Saving results in set 'frame_77'

 --------------------------------------------------------------------------------

 End time:                               Mon May 24 16:05:05 2021
 Total wall-clock time:                  0.693 seconds
==================================================================================
