
================================================================================
          _____________ ________ _______________ ________     _________         
         / ___________// ______ \\_____   _____// ______ \   / ________)        
        / /_________  / /      \ \     | |     / /      \ \ | (_______          
       |  __________|| |        | |    | |    | |        | | \________ \        
        \ \_________ | |        | |    | |     \ \______/ /___________) |       
         \__________||_|        |_|    |_|      \________//____________/        
                                                                                
====================================[ Qcore ]===================================

 Git hash:   b27a5f96910dca04bf09adb1496985de0081c8b6
 Git date:   Tue, 11 May 2021 09:58:05 -0400
 Compiler:   AppleClang 10.0.1.10010046
 Build type: Release
 Version:    1.2.0

 Start time: Mon May 24 16:07:37 2021

 Data directory: /Users/of15641/qcore/cmake-build-release/share/entos/1.2.0/data
 Number of threads: 2
 Number of threads was determined by: number of physical cores

 --------------------------------------------------------------------------------
                                  command: bchla                                 
 --------------------------------------------------------------------------------
 XTB basis setup:                        reference basis
 Number of basis functions:            404
 GFN version:                            gfn1
 Integral screening threshold:           1.00e-10
 Total charge:                           0.000000000
 Number of electrons:                  344.000000000
 Electronic temperature (Kelvin):        0.000000000

 D3BJ energy:                           -0.098055240
 Repulsive energy:                       2.500953870

 ------------------------------------------------
  Running self-consistent charge (SCC) algorithm 
 ------------------------------------------------
 Broyden mixing factor:                  0.40
 Max number of iterations:             128
 Conv. threshold (charge):               1.00e-05
 Conv. threshold (energy):               1.00e-06
 Initial guess:                          SAD

 ---------------------------------------------------------------
                  energy        change          grad        time
 ---------------------------------------------------------------
   0      -201.620676585                    6.42e-01        0.02
   1      -202.221958189     -6.01e-01      3.75e-01        0.02
   2      -202.204006557      1.80e-02      5.89e-02        0.02
   3      -202.226265203     -2.23e-02      1.15e-02        0.02
   4      -202.239332981     -1.31e-02      1.96e-03        0.02
   5      -202.239673140     -3.40e-04      6.26e-04        0.02
   6      -202.239692832     -1.97e-05      1.54e-04        0.02
   7      -202.239693661     -8.29e-07      6.15e-05        0.02
   8      -202.239693978     -3.17e-07      2.06e-05        0.02
   9      -202.239693988     -9.63e-09      8.77e-06        0.02
  10      -202.239693989     -1.03e-09      2.69e-06        0.02

 SCF converged in 9 iterations.

 Entropy contribution (-ST):             0.000000000
 Dipole moment (in Debye):              -1.097506       0.434773      -5.016142
 Setting up Delta-SCF
 Ground-Excited state overlap:          -0.000000000
 No correction applied to the TDM.
 Excitation energy:                      0.110316628
 Excitation energy (in eV):              3.001868381
 Transition dipole:                      2.54731       0.66504       2.30453
 Saving results in set 'frame_961'

 --------------------------------------------------------------------------------

 End time:                               Mon May 24 16:07:37 2021
 Total wall-clock time:                  0.563 seconds
==================================================================================
