
================================================================================
          _____________ ________ _______________ ________     _________         
         / ___________// ______ \\_____   _____// ______ \   / ________)        
        / /_________  / /      \ \     | |     / /      \ \ | (_______          
       |  __________|| |        | |    | |    | |        | | \________ \        
        \ \_________ | |        | |    | |     \ \______/ /___________) |       
         \__________||_|        |_|    |_|      \________//____________/        
                                                                                
====================================[ Qcore ]===================================

 Git hash:   b27a5f96910dca04bf09adb1496985de0081c8b6
 Git date:   Tue, 11 May 2021 09:58:05 -0400
 Compiler:   AppleClang 10.0.1.10010046
 Build type: Release
 Version:    1.2.0

 Start time: Mon May 24 15:52:38 2021

 Data directory: /Users/of15641/qcore/cmake-build-release/share/entos/1.2.0/data
 Number of threads: 2
 Number of threads was determined by: number of physical cores

 --------------------------------------------------------------------------------
                                  command: bchla                                 
 --------------------------------------------------------------------------------
 XTB basis setup:                        reference basis
 Number of basis functions:            404
 GFN version:                            gfn1
 Integral screening threshold:           1.00e-10
 Total charge:                           0.000000000
 Number of electrons:                  344.000000000
 Electronic temperature (Kelvin):        0.000000000

 D3BJ energy:                           -0.095059514
 Repulsive energy:                       2.606910838

 ------------------------------------------------
  Running self-consistent charge (SCC) algorithm 
 ------------------------------------------------
 Broyden mixing factor:                  0.40
 Max number of iterations:             128
 Conv. threshold (charge):               1.00e-05
 Conv. threshold (energy):               1.00e-06
 Initial guess:                          SAD

 ---------------------------------------------------------------
                  energy        change          grad        time
 ---------------------------------------------------------------
   0      -201.731033605                    6.43e-01        0.03
   1      -202.292313410     -5.61e-01      3.76e-01        0.02
   2      -202.276885458      1.54e-02      5.49e-02        0.02
   3      -202.294366744     -1.75e-02      1.16e-02        0.03
   4      -202.308526035     -1.42e-02      2.02e-03        0.02
   5      -202.308872887     -3.47e-04      6.04e-04        0.03
   6      -202.308888618     -1.57e-05      1.46e-04        0.02
   7      -202.308889376     -7.58e-07      4.65e-05        0.02
   8      -202.308889554     -1.78e-07      1.85e-05        0.02
   9      -202.308889563     -9.55e-09      6.87e-06        0.02
  10      -202.308889564     -6.01e-10      2.23e-06        0.03

 SCF converged in 9 iterations.

 Entropy contribution (-ST):             0.000000000
 Dipole moment (in Debye):              -3.517642       3.213509       1.525742
 Setting up Delta-SCF
 Ground-Excited state overlap:           0.000000000
 No correction applied to the TDM.
 Excitation energy:                      0.115343203
 Excitation energy (in eV):              3.138648456
 Transition dipole:                      0.44307      -2.93006      -2.13361
 Saving results in set 'frame_1716'

 --------------------------------------------------------------------------------

 End time:                               Mon May 24 15:52:39 2021
 Total wall-clock time:                  0.640 seconds
==================================================================================
