
================================================================================
          _____________ ________ _______________ ________     _________         
         / ___________// ______ \\_____   _____// ______ \   / ________)        
        / /_________  / /      \ \     | |     / /      \ \ | (_______          
       |  __________|| |        | |    | |    | |        | | \________ \        
        \ \_________ | |        | |    | |     \ \______/ /___________) |       
         \__________||_|        |_|    |_|      \________//____________/        
                                                                                
====================================[ Qcore ]===================================

 Git hash:   b27a5f96910dca04bf09adb1496985de0081c8b6
 Git date:   Tue, 11 May 2021 09:58:05 -0400
 Compiler:   AppleClang 10.0.1.10010046
 Build type: Release
 Version:    1.2.0

 Start time: Mon May 24 15:46:58 2021

 Data directory: /Users/of15641/qcore/cmake-build-release/share/entos/1.2.0/data
 Number of threads: 2
 Number of threads was determined by: number of physical cores

 --------------------------------------------------------------------------------
                                  command: bchla                                 
 --------------------------------------------------------------------------------
 XTB basis setup:                        reference basis
 Number of basis functions:            404
 GFN version:                            gfn1
 Integral screening threshold:           1.00e-10
 Total charge:                           0.000000000
 Number of electrons:                  344.000000000
 Electronic temperature (Kelvin):        0.000000000

 D3BJ energy:                           -0.101079608
 Repulsive energy:                       2.485088314

 ------------------------------------------------
  Running self-consistent charge (SCC) algorithm 
 ------------------------------------------------
 Broyden mixing factor:                  0.40
 Max number of iterations:             128
 Conv. threshold (charge):               1.00e-05
 Conv. threshold (energy):               1.00e-06
 Initial guess:                          SAD

 ---------------------------------------------------------------
                  energy        change          grad        time
 ---------------------------------------------------------------
   0      -201.705938384                    6.42e-01        0.02
   1      -202.296440330     -5.91e-01      3.75e-01        0.02
   2      -202.279406298      1.70e-02      5.93e-02        0.02
   3      -202.299586077     -2.02e-02      1.23e-02        0.02
   4      -202.313407573     -1.38e-02      2.75e-03        0.02
   5      -202.314108834     -7.01e-04      6.49e-04        0.02
   6      -202.314126648     -1.78e-05      1.67e-04        0.02
   7      -202.314127839     -1.19e-06      4.90e-05        0.02
   8      -202.314128056     -2.17e-07      2.05e-05        0.02
   9      -202.314128068     -1.19e-08      8.10e-06        0.02
  10      -202.314128068     -6.07e-10      2.45e-06        0.02

 SCF converged in 9 iterations.

 Entropy contribution (-ST):             0.000000000
 Dipole moment (in Debye):              -0.244626       5.568753      -0.314803
 Setting up Delta-SCF
 Ground-Excited state overlap:          -0.000000000
 No correction applied to the TDM.
 Excitation energy:                      0.108663854
 Excitation energy (in eV):              2.956894103
 Transition dipole:                      1.57374      -2.01314       2.26842
 Saving results in set 'frame_1272'

 --------------------------------------------------------------------------------

 End time:                               Mon May 24 15:46:58 2021
 Total wall-clock time:                  0.517 seconds
==================================================================================
