
================================================================================
          _____________ ________ _______________ ________     _________         
         / ___________// ______ \\_____   _____// ______ \   / ________)        
        / /_________  / /      \ \     | |     / /      \ \ | (_______          
       |  __________|| |        | |    | |    | |        | | \________ \        
        \ \_________ | |        | |    | |     \ \______/ /___________) |       
         \__________||_|        |_|    |_|      \________//____________/        
                                                                                
====================================[ Qcore ]===================================

 Git hash:   b27a5f96910dca04bf09adb1496985de0081c8b6
 Git date:   Tue, 11 May 2021 09:58:05 -0400
 Compiler:   AppleClang 10.0.1.10010046
 Build type: Release
 Version:    1.2.0

 Start time: Mon May 24 16:07:15 2021

 Data directory: /Users/of15641/qcore/cmake-build-release/share/entos/1.2.0/data
 Number of threads: 2
 Number of threads was determined by: number of physical cores

 --------------------------------------------------------------------------------
                                  command: bchla                                 
 --------------------------------------------------------------------------------
 XTB basis setup:                        reference basis
 Number of basis functions:            404
 GFN version:                            gfn1
 Integral screening threshold:           1.00e-10
 Total charge:                           0.000000000
 Number of electrons:                  344.000000000
 Electronic temperature (Kelvin):        0.000000000

 D3BJ energy:                           -0.096764396
 Repulsive energy:                       2.600982061

 ------------------------------------------------
  Running self-consistent charge (SCC) algorithm 
 ------------------------------------------------
 Broyden mixing factor:                  0.40
 Max number of iterations:             128
 Conv. threshold (charge):               1.00e-05
 Conv. threshold (energy):               1.00e-06
 Initial guess:                          SAD

 ---------------------------------------------------------------
                  energy        change          grad        time
 ---------------------------------------------------------------
   0      -201.695807887                    6.45e-01        0.02
   1      -202.299646516     -6.04e-01      3.76e-01        0.02
   2      -202.286109893      1.35e-02      5.85e-02        0.02
   3      -202.307157789     -2.10e-02      9.96e-03        0.02
   4      -202.316227515     -9.07e-03      1.99e-03        0.02
   5      -202.316610406     -3.83e-04      6.37e-04        0.02
   6      -202.316634327     -2.39e-05      1.33e-04        0.02
   7      -202.316634869     -5.42e-07      3.45e-05        0.02
   8      -202.316634904     -3.58e-08      1.60e-05        0.02
   9      -202.316634908     -3.12e-09      7.28e-06        0.02
  10      -202.316634910     -2.26e-09      2.64e-06        0.02

 SCF converged in 9 iterations.

 Entropy contribution (-ST):             0.000000000
 Dipole moment (in Debye):               0.944653       0.318325      -4.004003
 Setting up Delta-SCF
 Ground-Excited state overlap:          -0.000000000
 No correction applied to the TDM.
 Excitation energy:                      0.108042998
 Excitation energy (in eV):              2.939999749
 Transition dipole:                     -0.19502       0.20187      -3.60778
 Saving results in set 'frame_931'

 --------------------------------------------------------------------------------

 End time:                               Mon May 24 16:07:16 2021
 Total wall-clock time:                  0.557 seconds
==================================================================================
