
================================================================================
          _____________ ________ _______________ ________     _________         
         / ___________// ______ \\_____   _____// ______ \   / ________)        
        / /_________  / /      \ \     | |     / /      \ \ | (_______          
       |  __________|| |        | |    | |    | |        | | \________ \        
        \ \_________ | |        | |    | |     \ \______/ /___________) |       
         \__________||_|        |_|    |_|      \________//____________/        
                                                                                
====================================[ Qcore ]===================================

 Git hash:   b27a5f96910dca04bf09adb1496985de0081c8b6
 Git date:   Tue, 11 May 2021 09:58:05 -0400
 Compiler:   AppleClang 10.0.1.10010046
 Build type: Release
 Version:    1.2.0

 Start time: Mon May 24 15:55:07 2021

 Data directory: /Users/of15641/qcore/cmake-build-release/share/entos/1.2.0/data
 Number of threads: 2
 Number of threads was determined by: number of physical cores

 --------------------------------------------------------------------------------
                                  command: bchla                                 
 --------------------------------------------------------------------------------
 XTB basis setup:                        reference basis
 Number of basis functions:            404
 GFN version:                            gfn1
 Integral screening threshold:           1.00e-10
 Total charge:                           0.000000000
 Number of electrons:                  344.000000000
 Electronic temperature (Kelvin):        0.000000000

 D3BJ energy:                           -0.097056823
 Repulsive energy:                       2.548750993

 ------------------------------------------------
  Running self-consistent charge (SCC) algorithm 
 ------------------------------------------------
 Broyden mixing factor:                  0.40
 Max number of iterations:             128
 Conv. threshold (charge):               1.00e-05
 Conv. threshold (energy):               1.00e-06
 Initial guess:                          SAD

 ---------------------------------------------------------------
                  energy        change          grad        time
 ---------------------------------------------------------------
   0      -201.646889603                    6.43e-01        0.02
   1      -202.245917910     -5.99e-01      3.75e-01        0.02
   2      -202.231766980      1.42e-02      5.84e-02        0.02
   3      -202.253266893     -2.15e-02      1.08e-02        0.02
   4      -202.263245070     -9.98e-03      2.26e-03        0.02
   5      -202.263703031     -4.58e-04      6.75e-04        0.02
   6      -202.263725698     -2.27e-05      1.60e-04        0.02
   7      -202.263726504     -8.05e-07      4.29e-05        0.02
   8      -202.263726545     -4.09e-08      1.83e-05        0.02
   9      -202.263726546     -1.87e-09      7.17e-06        0.02
  10      -202.263726548     -1.48e-09      2.79e-06        0.02

 SCF converged in 9 iterations.

 Entropy contribution (-ST):             0.000000000
 Dipole moment (in Debye):               1.230142      -1.278786       0.183702
 Setting up Delta-SCF
 Ground-Excited state overlap:           0.000000000
 No correction applied to the TDM.
 Excitation energy:                      0.109801818
 Excitation energy (in eV):              2.987859676
 Transition dipole:                      2.79499      -2.10625      -0.94824
 Saving results in set 'frame_190'

 --------------------------------------------------------------------------------

 End time:                               Mon May 24 15:55:07 2021
 Total wall-clock time:                  0.518 seconds
==================================================================================
