
================================================================================
          _____________ ________ _______________ ________     _________         
         / ___________// ______ \\_____   _____// ______ \   / ________)        
        / /_________  / /      \ \     | |     / /      \ \ | (_______          
       |  __________|| |        | |    | |    | |        | | \________ \        
        \ \_________ | |        | |    | |     \ \______/ /___________) |       
         \__________||_|        |_|    |_|      \________//____________/        
                                                                                
====================================[ Qcore ]===================================

 Git hash:   b27a5f96910dca04bf09adb1496985de0081c8b6
 Git date:   Tue, 11 May 2021 09:58:05 -0400
 Compiler:   AppleClang 10.0.1.10010046
 Build type: Release
 Version:    1.2.0

 Start time: Mon May 24 15:52:19 2021

 Data directory: /Users/of15641/qcore/cmake-build-release/share/entos/1.2.0/data
 Number of threads: 2
 Number of threads was determined by: number of physical cores

 --------------------------------------------------------------------------------
                                  command: bchla                                 
 --------------------------------------------------------------------------------
 XTB basis setup:                        reference basis
 Number of basis functions:            404
 GFN version:                            gfn1
 Integral screening threshold:           1.00e-10
 Total charge:                           0.000000000
 Number of electrons:                  344.000000000
 Electronic temperature (Kelvin):        0.000000000

 D3BJ energy:                           -0.095442512
 Repulsive energy:                       2.570754285

 ------------------------------------------------
  Running self-consistent charge (SCC) algorithm 
 ------------------------------------------------
 Broyden mixing factor:                  0.40
 Max number of iterations:             128
 Conv. threshold (charge):               1.00e-05
 Conv. threshold (energy):               1.00e-06
 Initial guess:                          SAD

 ---------------------------------------------------------------
                  energy        change          grad        time
 ---------------------------------------------------------------
   0      -201.620596921                    6.43e-01        0.03
   1      -202.217342118     -5.97e-01      3.75e-01        0.02
   2      -202.208730308      8.61e-03      5.86e-02        0.02
   3      -202.228308679     -1.96e-02      8.83e-03        0.03
   4      -202.233752451     -5.44e-03      2.30e-03        0.02
   5      -202.234197873     -4.45e-04      7.58e-04        0.03
   6      -202.234232835     -3.50e-05      1.88e-04        0.03
   7      -202.234234189     -1.35e-06      5.29e-05        0.03
   8      -202.234234405     -2.17e-07      1.94e-05        0.02
   9      -202.234234420     -1.42e-08      7.04e-06        0.03
  10      -202.234234421     -1.02e-09      2.23e-06        0.02

 SCF converged in 9 iterations.

 Entropy contribution (-ST):             0.000000000
 Dipole moment (in Debye):              -2.287894       4.241027       1.231423
 Setting up Delta-SCF
 Ground-Excited state overlap:          -0.000000000
 No correction applied to the TDM.
 Excitation energy:                      0.107905924
 Excitation energy (in eV):              2.936269777
 Transition dipole:                     -1.54814      -2.15810      -1.64718
 Saving results in set 'frame_1694'

 --------------------------------------------------------------------------------

 End time:                               Mon May 24 15:52:20 2021
 Total wall-clock time:                  0.655 seconds
==================================================================================
