
================================================================================
          _____________ ________ _______________ ________     _________         
         / ___________// ______ \\_____   _____// ______ \   / ________)        
        / /_________  / /      \ \     | |     / /      \ \ | (_______          
       |  __________|| |        | |    | |    | |        | | \________ \        
        \ \_________ | |        | |    | |     \ \______/ /___________) |       
         \__________||_|        |_|    |_|      \________//____________/        
                                                                                
====================================[ Qcore ]===================================

 Git hash:   b27a5f96910dca04bf09adb1496985de0081c8b6
 Git date:   Tue, 11 May 2021 09:58:05 -0400
 Compiler:   AppleClang 10.0.1.10010046
 Build type: Release
 Version:    1.2.0

 Start time: Mon May 24 15:47:01 2021

 Data directory: /Users/of15641/qcore/cmake-build-release/share/entos/1.2.0/data
 Number of threads: 2
 Number of threads was determined by: number of physical cores

 --------------------------------------------------------------------------------
                                  command: bchla                                 
 --------------------------------------------------------------------------------
 XTB basis setup:                        reference basis
 Number of basis functions:            404
 GFN version:                            gfn1
 Integral screening threshold:           1.00e-10
 Total charge:                           0.000000000
 Number of electrons:                  344.000000000
 Electronic temperature (Kelvin):        0.000000000

 D3BJ energy:                           -0.098933156
 Repulsive energy:                       2.507090528

 ------------------------------------------------
  Running self-consistent charge (SCC) algorithm 
 ------------------------------------------------
 Broyden mixing factor:                  0.40
 Max number of iterations:             128
 Conv. threshold (charge):               1.00e-05
 Conv. threshold (energy):               1.00e-06
 Initial guess:                          SAD

 ---------------------------------------------------------------
                  energy        change          grad        time
 ---------------------------------------------------------------
   0      -201.642763710                    6.43e-01        0.02
   1      -202.247852960     -6.05e-01      3.75e-01        0.02
   2      -202.233696832      1.42e-02      5.82e-02        0.02
   3      -202.251252079     -1.76e-02      1.13e-02        0.02
   4      -202.263451776     -1.22e-02      2.11e-03        0.02
   5      -202.263831082     -3.79e-04      5.89e-04        0.02
   6      -202.263846633     -1.56e-05      1.30e-04        0.02
   7      -202.263847180     -5.47e-07      3.31e-05        0.02
   8      -202.263847208     -2.73e-08      1.62e-05        0.02
   9      -202.263847211     -3.40e-09      6.17e-06        0.02
  10      -202.263847212     -1.05e-09      2.48e-06        0.02

 SCF converged in 9 iterations.

 Entropy contribution (-ST):             0.000000000
 Dipole moment (in Debye):               0.457198       5.922157      -0.252103
 Setting up Delta-SCF
 Ground-Excited state overlap:           0.000000000
 No correction applied to the TDM.
 Excitation energy:                      0.112769249
 Excitation energy (in eV):              3.068607602
 Transition dipole:                      0.14438       3.57174      -0.86375
 Saving results in set 'frame_1278'

 --------------------------------------------------------------------------------

 End time:                               Mon May 24 15:47:02 2021
 Total wall-clock time:                  0.492 seconds
==================================================================================
