
================================================================================
          _____________ ________ _______________ ________     _________         
         / ___________// ______ \\_____   _____// ______ \   / ________)        
        / /_________  / /      \ \     | |     / /      \ \ | (_______          
       |  __________|| |        | |    | |    | |        | | \________ \        
        \ \_________ | |        | |    | |     \ \______/ /___________) |       
         \__________||_|        |_|    |_|      \________//____________/        
                                                                                
====================================[ Qcore ]===================================

 Git hash:   b27a5f96910dca04bf09adb1496985de0081c8b6
 Git date:   Tue, 11 May 2021 09:58:05 -0400
 Compiler:   AppleClang 10.0.1.10010046
 Build type: Release
 Version:    1.2.0

 Start time: Mon May 24 15:45:12 2021

 Data directory: /Users/of15641/qcore/cmake-build-release/share/entos/1.2.0/data
 Number of threads: 2
 Number of threads was determined by: number of physical cores

 --------------------------------------------------------------------------------
                                  command: bchla                                 
 --------------------------------------------------------------------------------
 XTB basis setup:                        reference basis
 Number of basis functions:            404
 GFN version:                            gfn1
 Integral screening threshold:           1.00e-10
 Total charge:                           0.000000000
 Number of electrons:                  344.000000000
 Electronic temperature (Kelvin):        0.000000000

 D3BJ energy:                           -0.096341509
 Repulsive energy:                       2.522617521

 ------------------------------------------------
  Running self-consistent charge (SCC) algorithm 
 ------------------------------------------------
 Broyden mixing factor:                  0.40
 Max number of iterations:             128
 Conv. threshold (charge):               1.00e-05
 Conv. threshold (energy):               1.00e-06
 Initial guess:                          SAD

 ---------------------------------------------------------------
                  energy        change          grad        time
 ---------------------------------------------------------------
   0      -201.706184473                    6.43e-01        0.02
   1      -202.304732745     -5.99e-01      3.75e-01        0.02
   2      -202.285541231      1.92e-02      5.94e-02        0.02
   3      -202.307948932     -2.24e-02      1.21e-02        0.02
   4      -202.322043303     -1.41e-02      2.34e-03        0.02
   5      -202.322527246     -4.84e-04      6.34e-04        0.02
   6      -202.322543667     -1.64e-05      1.83e-04        0.02
   7      -202.322545387     -1.72e-06      6.34e-05        0.02
   8      -202.322545781     -3.94e-07      1.92e-05        0.02
   9      -202.322545785     -4.24e-09      7.46e-06        0.02
  10      -202.322545785     -3.05e-10      2.30e-06        0.02

 SCF converged in 9 iterations.

 Entropy contribution (-ST):             0.000000000
 Dipole moment (in Debye):               3.315579       3.555001      -0.005838
 Setting up Delta-SCF
 Ground-Excited state overlap:          -0.000000000
 No correction applied to the TDM.
 Excitation energy:                      0.110514458
 Excitation energy (in eV):              3.007251616
 Transition dipole:                     -2.31787       0.07964       2.40475
 Saving results in set 'frame_112'

 --------------------------------------------------------------------------------

 End time:                               Mon May 24 15:45:13 2021
 Total wall-clock time:                  0.541 seconds
==================================================================================
