
================================================================================
          _____________ ________ _______________ ________     _________         
         / ___________// ______ \\_____   _____// ______ \   / ________)        
        / /_________  / /      \ \     | |     / /      \ \ | (_______          
       |  __________|| |        | |    | |    | |        | | \________ \        
        \ \_________ | |        | |    | |     \ \______/ /___________) |       
         \__________||_|        |_|    |_|      \________//____________/        
                                                                                
====================================[ Qcore ]===================================

 Git hash:   b27a5f96910dca04bf09adb1496985de0081c8b6
 Git date:   Tue, 11 May 2021 09:58:05 -0400
 Compiler:   AppleClang 10.0.1.10010046
 Build type: Release
 Version:    1.2.0

 Start time: Mon May 24 16:02:53 2021

 Data directory: /Users/of15641/qcore/cmake-build-release/share/entos/1.2.0/data
 Number of threads: 2
 Number of threads was determined by: number of physical cores

 --------------------------------------------------------------------------------
                                  command: bchla                                 
 --------------------------------------------------------------------------------
 XTB basis setup:                        reference basis
 Number of basis functions:            404
 GFN version:                            gfn1
 Integral screening threshold:           1.00e-10
 Total charge:                           0.000000000
 Number of electrons:                  344.000000000
 Electronic temperature (Kelvin):        0.000000000

 D3BJ energy:                           -0.094137314
 Repulsive energy:                       2.521612880

 ------------------------------------------------
  Running self-consistent charge (SCC) algorithm 
 ------------------------------------------------
 Broyden mixing factor:                  0.40
 Max number of iterations:             128
 Conv. threshold (charge):               1.00e-05
 Conv. threshold (energy):               1.00e-06
 Initial guess:                          SAD

 ---------------------------------------------------------------
                  energy        change          grad        time
 ---------------------------------------------------------------
   0      -201.642500857                    6.43e-01        0.02
   1      -202.240401098     -5.98e-01      3.75e-01        0.02
   2      -202.225703584      1.47e-02      5.86e-02        0.02
   3      -202.242350756     -1.66e-02      1.14e-02        0.02
   4      -202.255173543     -1.28e-02      2.34e-03        0.02
   5      -202.255652224     -4.79e-04      6.00e-04        0.02
   6      -202.255665429     -1.32e-05      1.37e-04        0.02
   7      -202.255666003     -5.75e-07      3.42e-05        0.02
   8      -202.255666021     -1.75e-08      1.54e-05        0.02
   9      -202.255666022     -1.23e-09      4.68e-06        0.02
  10      -202.255666022     -1.59e-10      1.71e-06        0.02

 SCF converged in 9 iterations.

 Entropy contribution (-ST):             0.000000000
 Dipole moment (in Debye):              -0.275385      -0.159704      -5.460246
 Setting up Delta-SCF
 Ground-Excited state overlap:           0.000000000
 No correction applied to the TDM.
 Excitation energy:                      0.112117038
 Excitation energy (in eV):              3.050860033
 Transition dipole:                      0.04976       0.97221       3.29656
 Saving results in set 'frame_638'

 --------------------------------------------------------------------------------

 End time:                               Mon May 24 16:02:54 2021
 Total wall-clock time:                  0.600 seconds
==================================================================================
