
================================================================================
          _____________ ________ _______________ ________     _________         
         / ___________// ______ \\_____   _____// ______ \   / ________)        
        / /_________  / /      \ \     | |     / /      \ \ | (_______          
       |  __________|| |        | |    | |    | |        | | \________ \        
        \ \_________ | |        | |    | |     \ \______/ /___________) |       
         \__________||_|        |_|    |_|      \________//____________/        
                                                                                
====================================[ Qcore ]===================================

 Git hash:   b27a5f96910dca04bf09adb1496985de0081c8b6
 Git date:   Tue, 11 May 2021 09:58:05 -0400
 Compiler:   AppleClang 10.0.1.10010046
 Build type: Release
 Version:    1.2.0

 Start time: Mon May 24 15:45:42 2021

 Data directory: /Users/of15641/qcore/cmake-build-release/share/entos/1.2.0/data
 Number of threads: 2
 Number of threads was determined by: number of physical cores

 --------------------------------------------------------------------------------
                                  command: bchla                                 
 --------------------------------------------------------------------------------
 XTB basis setup:                        reference basis
 Number of basis functions:            404
 GFN version:                            gfn1
 Integral screening threshold:           1.00e-10
 Total charge:                           0.000000000
 Number of electrons:                  344.000000000
 Electronic temperature (Kelvin):        0.000000000

 D3BJ energy:                           -0.097611104
 Repulsive energy:                       2.496682283

 ------------------------------------------------
  Running self-consistent charge (SCC) algorithm 
 ------------------------------------------------
 Broyden mixing factor:                  0.40
 Max number of iterations:             128
 Conv. threshold (charge):               1.00e-05
 Conv. threshold (energy):               1.00e-06
 Initial guess:                          SAD

 ---------------------------------------------------------------
                  energy        change          grad        time
 ---------------------------------------------------------------
   0      -201.648080260                    6.43e-01        0.02
   1      -202.264618948     -6.17e-01      3.75e-01        0.02
   2      -202.248187998      1.64e-02      5.97e-02        0.02
   3      -202.268066802     -1.99e-02      1.22e-02        0.02
   4      -202.281042217     -1.30e-02      2.55e-03        0.02
   5      -202.281587194     -5.45e-04      6.89e-04        0.02
   6      -202.281607308     -2.01e-05      1.78e-04        0.02
   7      -202.281608410     -1.10e-06      5.65e-05        0.02
   8      -202.281608672     -2.63e-07      2.27e-05        0.02
   9      -202.281608685     -1.26e-08      8.21e-06        0.02
  10      -202.281608685     -3.77e-10      2.80e-06        0.02

 SCF converged in 9 iterations.

 Entropy contribution (-ST):             0.000000000
 Dipole moment (in Debye):              -2.430844       0.856937      -2.838515
 Setting up Delta-SCF
 Ground-Excited state overlap:           0.000000000
 No correction applied to the TDM.
 Excitation energy:                      0.110193403
 Excitation energy (in eV):              2.998515246
 Transition dipole:                      2.56094      -1.67445       1.24526
 Saving results in set 'frame_1162'

 --------------------------------------------------------------------------------

 End time:                               Mon May 24 15:45:43 2021
 Total wall-clock time:                  0.475 seconds
==================================================================================
