
================================================================================
          _____________ ________ _______________ ________     _________         
         / ___________// ______ \\_____   _____// ______ \   / ________)        
        / /_________  / /      \ \     | |     / /      \ \ | (_______          
       |  __________|| |        | |    | |    | |        | | \________ \        
        \ \_________ | |        | |    | |     \ \______/ /___________) |       
         \__________||_|        |_|    |_|      \________//____________/        
                                                                                
====================================[ Qcore ]===================================

 Git hash:   b27a5f96910dca04bf09adb1496985de0081c8b6
 Git date:   Tue, 11 May 2021 09:58:05 -0400
 Compiler:   AppleClang 10.0.1.10010046
 Build type: Release
 Version:    1.2.0

 Start time: Mon May 24 16:07:44 2021

 Data directory: /Users/of15641/qcore/cmake-build-release/share/entos/1.2.0/data
 Number of threads: 2
 Number of threads was determined by: number of physical cores

 --------------------------------------------------------------------------------
                                  command: bchla                                 
 --------------------------------------------------------------------------------
 XTB basis setup:                        reference basis
 Number of basis functions:            404
 GFN version:                            gfn1
 Integral screening threshold:           1.00e-10
 Total charge:                           0.000000000
 Number of electrons:                  344.000000000
 Electronic temperature (Kelvin):        0.000000000

 D3BJ energy:                           -0.098811617
 Repulsive energy:                       2.480318945

 ------------------------------------------------
  Running self-consistent charge (SCC) algorithm 
 ------------------------------------------------
 Broyden mixing factor:                  0.40
 Max number of iterations:             128
 Conv. threshold (charge):               1.00e-05
 Conv. threshold (energy):               1.00e-06
 Initial guess:                          SAD

 ---------------------------------------------------------------
                  energy        change          grad        time
 ---------------------------------------------------------------
   0      -201.711499004                    6.42e-01        0.02
   1      -202.295930510     -5.84e-01      3.75e-01        0.02
   2      -202.278010922      1.79e-02      5.77e-02        0.02
   3      -202.297702622     -1.97e-02      1.21e-02        0.02
   4      -202.312471376     -1.48e-02      2.10e-03        0.02
   5      -202.312843090     -3.72e-04      6.21e-04        0.02
   6      -202.312859561     -1.65e-05      1.52e-04        0.02
   7      -202.312860474     -9.13e-07      5.58e-05        0.02
   8      -202.312860778     -3.04e-07      1.95e-05        0.02
   9      -202.312860786     -8.30e-09      6.85e-06        0.02
  10      -202.312860787     -4.21e-10      2.56e-06        0.02

 SCF converged in 9 iterations.

 Entropy contribution (-ST):             0.000000000
 Dipole moment (in Debye):              -1.224714      -0.538503      -5.032336
 Setting up Delta-SCF
 Ground-Excited state overlap:           0.000000000
 No correction applied to the TDM.
 Excitation energy:                      0.110137219
 Excitation energy (in eV):              2.996986415
 Transition dipole:                     -2.85787      -1.11262      -1.87817
 Saving results in set 'frame_972'

 --------------------------------------------------------------------------------

 End time:                               Mon May 24 16:07:45 2021
 Total wall-clock time:                  0.555 seconds
==================================================================================
