
================================================================================
          _____________ ________ _______________ ________     _________         
         / ___________// ______ \\_____   _____// ______ \   / ________)        
        / /_________  / /      \ \     | |     / /      \ \ | (_______          
       |  __________|| |        | |    | |    | |        | | \________ \        
        \ \_________ | |        | |    | |     \ \______/ /___________) |       
         \__________||_|        |_|    |_|      \________//____________/        
                                                                                
====================================[ Qcore ]===================================

 Git hash:   b27a5f96910dca04bf09adb1496985de0081c8b6
 Git date:   Tue, 11 May 2021 09:58:05 -0400
 Compiler:   AppleClang 10.0.1.10010046
 Build type: Release
 Version:    1.2.0

 Start time: Mon May 24 16:07:24 2021

 Data directory: /Users/of15641/qcore/cmake-build-release/share/entos/1.2.0/data
 Number of threads: 2
 Number of threads was determined by: number of physical cores

 --------------------------------------------------------------------------------
                                  command: bchla                                 
 --------------------------------------------------------------------------------
 XTB basis setup:                        reference basis
 Number of basis functions:            404
 GFN version:                            gfn1
 Integral screening threshold:           1.00e-10
 Total charge:                           0.000000000
 Number of electrons:                  344.000000000
 Electronic temperature (Kelvin):        0.000000000

 D3BJ energy:                           -0.098165543
 Repulsive energy:                       2.506385498

 ------------------------------------------------
  Running self-consistent charge (SCC) algorithm 
 ------------------------------------------------
 Broyden mixing factor:                  0.40
 Max number of iterations:             128
 Conv. threshold (charge):               1.00e-05
 Conv. threshold (energy):               1.00e-06
 Initial guess:                          SAD

 ---------------------------------------------------------------
                  energy        change          grad        time
 ---------------------------------------------------------------
   0      -201.626637515                    6.42e-01        0.02
   1      -202.236624952     -6.10e-01      3.74e-01        0.02
   2      -202.219033577      1.76e-02      6.01e-02        0.02
   3      -202.238988204     -2.00e-02      1.21e-02        0.02
   4      -202.253314799     -1.43e-02      2.44e-03        0.02
   5      -202.253905705     -5.91e-04      6.76e-04        0.02
   6      -202.253927608     -2.19e-05      1.46e-04        0.02
   7      -202.253928258     -6.50e-07      4.16e-05        0.02
   8      -202.253928283     -2.43e-08      1.80e-05        0.02
   9      -202.253928284     -1.38e-09      6.27e-06        0.02
  10      -202.253928284     -4.70e-10      2.44e-06        0.02

 SCF converged in 9 iterations.

 Entropy contribution (-ST):             0.000000000
 Dipole moment (in Debye):               1.789044      -0.430503      -5.222462
 Setting up Delta-SCF
 Ground-Excited state overlap:          -0.000000000
 No correction applied to the TDM.
 Excitation energy:                      0.106722076
 Excitation energy (in eV):              2.904055629
 Transition dipole:                     -2.12059      -0.37060       2.76566
 Saving results in set 'frame_944'

 --------------------------------------------------------------------------------

 End time:                               Mon May 24 16:07:25 2021
 Total wall-clock time:                  0.560 seconds
==================================================================================
