
================================================================================
          _____________ ________ _______________ ________     _________         
         / ___________// ______ \\_____   _____// ______ \   / ________)        
        / /_________  / /      \ \     | |     / /      \ \ | (_______          
       |  __________|| |        | |    | |    | |        | | \________ \        
        \ \_________ | |        | |    | |     \ \______/ /___________) |       
         \__________||_|        |_|    |_|      \________//____________/        
                                                                                
====================================[ Qcore ]===================================

 Git hash:   b27a5f96910dca04bf09adb1496985de0081c8b6
 Git date:   Tue, 11 May 2021 09:58:05 -0400
 Compiler:   AppleClang 10.0.1.10010046
 Build type: Release
 Version:    1.2.0

 Start time: Mon May 24 16:04:12 2021

 Data directory: /Users/of15641/qcore/cmake-build-release/share/entos/1.2.0/data
 Number of threads: 2
 Number of threads was determined by: number of physical cores

 --------------------------------------------------------------------------------
                                  command: bchla                                 
 --------------------------------------------------------------------------------
 XTB basis setup:                        reference basis
 Number of basis functions:            404
 GFN version:                            gfn1
 Integral screening threshold:           1.00e-10
 Total charge:                           0.000000000
 Number of electrons:                  344.000000000
 Electronic temperature (Kelvin):        0.000000000

 D3BJ energy:                           -0.095173995
 Repulsive energy:                       2.552759744

 ------------------------------------------------
  Running self-consistent charge (SCC) algorithm 
 ------------------------------------------------
 Broyden mixing factor:                  0.40
 Max number of iterations:             128
 Conv. threshold (charge):               1.00e-05
 Conv. threshold (energy):               1.00e-06
 Initial guess:                          SAD

 ---------------------------------------------------------------
                  energy        change          grad        time
 ---------------------------------------------------------------
   0      -201.714405793                    6.44e-01        0.04
   1      -202.313123509     -5.99e-01      3.76e-01        0.03
   2      -202.304945820      8.18e-03      5.75e-02        0.03
   3      -202.321650374     -1.67e-02      9.35e-03        0.03
   4      -202.328609806     -6.96e-03      2.17e-03        0.03
   5      -202.328992166     -3.82e-04      6.84e-04        0.03
   6      -202.329019096     -2.69e-05      1.43e-04        0.03
   7      -202.329019752     -6.56e-07      3.81e-05        0.03
   8      -202.329019806     -5.40e-08      1.60e-05        0.03
   9      -202.329019811     -4.64e-09      6.35e-06        0.02
  10      -202.329019812     -1.54e-09      2.33e-06        0.02

 SCF converged in 9 iterations.

 Entropy contribution (-ST):             0.000000000
 Dipole moment (in Debye):               2.254627       0.579518      -4.497704
 Setting up Delta-SCF
 Ground-Excited state overlap:           0.000000000
 No correction applied to the TDM.
 Excitation energy:                      0.111373767
 Excitation energy (in eV):              3.030634584
 Transition dipole:                     -1.09930       1.35727       2.88253
 Saving results in set 'frame_716'

 --------------------------------------------------------------------------------

 End time:                               Mon May 24 16:04:13 2021
 Total wall-clock time:                  0.802 seconds
==================================================================================
