
================================================================================
          _____________ ________ _______________ ________     _________         
         / ___________// ______ \\_____   _____// ______ \   / ________)        
        / /_________  / /      \ \     | |     / /      \ \ | (_______          
       |  __________|| |        | |    | |    | |        | | \________ \        
        \ \_________ | |        | |    | |     \ \______/ /___________) |       
         \__________||_|        |_|    |_|      \________//____________/        
                                                                                
====================================[ Qcore ]===================================

 Git hash:   b27a5f96910dca04bf09adb1496985de0081c8b6
 Git date:   Tue, 11 May 2021 09:58:05 -0400
 Compiler:   AppleClang 10.0.1.10010046
 Build type: Release
 Version:    1.2.0

 Start time: Mon May 24 15:44:19 2021

 Data directory: /Users/of15641/qcore/cmake-build-release/share/entos/1.2.0/data
 Number of threads: 2
 Number of threads was determined by: number of physical cores

 --------------------------------------------------------------------------------
                                  command: bchla                                 
 --------------------------------------------------------------------------------
 XTB basis setup:                        reference basis
 Number of basis functions:            404
 GFN version:                            gfn1
 Integral screening threshold:           1.00e-10
 Total charge:                           0.000000000
 Number of electrons:                  344.000000000
 Electronic temperature (Kelvin):        0.000000000

 D3BJ energy:                           -0.092934070
 Repulsive energy:                       2.475690269

 ------------------------------------------------
  Running self-consistent charge (SCC) algorithm 
 ------------------------------------------------
 Broyden mixing factor:                  0.40
 Max number of iterations:             128
 Conv. threshold (charge):               1.00e-05
 Conv. threshold (energy):               1.00e-06
 Initial guess:                          SAD

 ---------------------------------------------------------------
                  energy        change          grad        time
 ---------------------------------------------------------------
   0      -201.560894116                    6.42e-01        0.02
   1      -202.189629309     -6.29e-01      3.75e-01        0.02
   2      -202.181239757      8.39e-03      6.06e-02        0.02
   3      -202.199302130     -1.81e-02      9.31e-03        0.02
   4      -202.205600941     -6.30e-03      2.40e-03        0.02
   5      -202.206053208     -4.52e-04      7.24e-04        0.02
   6      -202.206079684     -2.65e-05      1.63e-04        0.02
   7      -202.206080610     -9.26e-07      3.88e-05        0.02
   8      -202.206080637     -2.68e-08      1.59e-05        0.02
   9      -202.206080638     -1.60e-09      5.29e-06        0.02
  10      -202.206080639     -2.53e-10      2.00e-06        0.02

 SCF converged in 9 iterations.

 Entropy contribution (-ST):             0.000000000
 Dipole moment (in Debye):              -1.276133       2.618831      -4.394195
 Setting up Delta-SCF
 Ground-Excited state overlap:           0.000000000
 No correction applied to the TDM.
 Excitation energy:                      0.108751450
 Excitation energy (in eV):              2.959277720
 Transition dipole:                      2.06484       0.34343       2.38198
 Saving results in set 'frame_1038'

 --------------------------------------------------------------------------------

 End time:                               Mon May 24 15:44:20 2021
 Total wall-clock time:                  0.491 seconds
==================================================================================
