
================================================================================
          _____________ ________ _______________ ________     _________         
         / ___________// ______ \\_____   _____// ______ \   / ________)        
        / /_________  / /      \ \     | |     / /      \ \ | (_______          
       |  __________|| |        | |    | |    | |        | | \________ \        
        \ \_________ | |        | |    | |     \ \______/ /___________) |       
         \__________||_|        |_|    |_|      \________//____________/        
                                                                                
====================================[ Qcore ]===================================

 Git hash:   b27a5f96910dca04bf09adb1496985de0081c8b6
 Git date:   Tue, 11 May 2021 09:58:05 -0400
 Compiler:   AppleClang 10.0.1.10010046
 Build type: Release
 Version:    1.2.0

 Start time: Mon May 24 16:03:55 2021

 Data directory: /Users/of15641/qcore/cmake-build-release/share/entos/1.2.0/data
 Number of threads: 2
 Number of threads was determined by: number of physical cores

 --------------------------------------------------------------------------------
                                  command: bchla                                 
 --------------------------------------------------------------------------------
 XTB basis setup:                        reference basis
 Number of basis functions:            404
 GFN version:                            gfn1
 Integral screening threshold:           1.00e-10
 Total charge:                           0.000000000
 Number of electrons:                  344.000000000
 Electronic temperature (Kelvin):        0.000000000

 D3BJ energy:                           -0.095321396
 Repulsive energy:                       2.488520755

 ------------------------------------------------
  Running self-consistent charge (SCC) algorithm 
 ------------------------------------------------
 Broyden mixing factor:                  0.40
 Max number of iterations:             128
 Conv. threshold (charge):               1.00e-05
 Conv. threshold (energy):               1.00e-06
 Initial guess:                          SAD

 ---------------------------------------------------------------
                  energy        change          grad        time
 ---------------------------------------------------------------
   0      -201.581277912                    6.42e-01        0.03
   1      -202.194415044     -6.13e-01      3.74e-01        0.03
   2      -202.183140941      1.13e-02      6.05e-02        0.02
   3      -202.205229533     -2.21e-02      9.65e-03        0.03
   4      -202.212099616     -6.87e-03      2.02e-03        0.02
   5      -202.212441011     -3.41e-04      7.32e-04        0.03
   6      -202.212472254     -3.12e-05      1.96e-04        0.03
   7      -202.212473919     -1.67e-06      7.24e-05        0.04
   8      -202.212474391     -4.72e-07      2.14e-05        0.04
   9      -202.212474403     -1.15e-08      8.61e-06        0.05
  10      -202.212474404     -1.02e-09      2.90e-06        0.04

 SCF converged in 9 iterations.

 Entropy contribution (-ST):             0.000000000
 Dipole moment (in Debye):              -1.486958       0.101507      -3.327566
 Setting up Delta-SCF
 Ground-Excited state overlap:           0.000000000
 No correction applied to the TDM.
 Excitation energy:                      0.108427353
 Excitation energy (in eV):              2.950458586
 Transition dipole:                      1.04865      -1.22857      -2.76169
 Saving results in set 'frame_702'

 --------------------------------------------------------------------------------

 End time:                               Mon May 24 16:03:55 2021
 Total wall-clock time:                  0.834 seconds
==================================================================================
