
================================================================================
          _____________ ________ _______________ ________     _________         
         / ___________// ______ \\_____   _____// ______ \   / ________)        
        / /_________  / /      \ \     | |     / /      \ \ | (_______          
       |  __________|| |        | |    | |    | |        | | \________ \        
        \ \_________ | |        | |    | |     \ \______/ /___________) |       
         \__________||_|        |_|    |_|      \________//____________/        
                                                                                
====================================[ Qcore ]===================================

 Git hash:   b27a5f96910dca04bf09adb1496985de0081c8b6
 Git date:   Tue, 11 May 2021 09:58:05 -0400
 Compiler:   AppleClang 10.0.1.10010046
 Build type: Release
 Version:    1.2.0

 Start time: Mon May 24 15:56:45 2021

 Data directory: /Users/of15641/qcore/cmake-build-release/share/entos/1.2.0/data
 Number of threads: 2
 Number of threads was determined by: number of physical cores

 --------------------------------------------------------------------------------
                                  command: bchla                                 
 --------------------------------------------------------------------------------
 XTB basis setup:                        reference basis
 Number of basis functions:            404
 GFN version:                            gfn1
 Integral screening threshold:           1.00e-10
 Total charge:                           0.000000000
 Number of electrons:                  344.000000000
 Electronic temperature (Kelvin):        0.000000000

 D3BJ energy:                           -0.096022304
 Repulsive energy:                       2.524728974

 ------------------------------------------------
  Running self-consistent charge (SCC) algorithm 
 ------------------------------------------------
 Broyden mixing factor:                  0.40
 Max number of iterations:             128
 Conv. threshold (charge):               1.00e-05
 Conv. threshold (energy):               1.00e-06
 Initial guess:                          SAD

 ---------------------------------------------------------------
                  energy        change          grad        time
 ---------------------------------------------------------------
   0      -201.663249892                    6.43e-01        0.03
   1      -202.272223973     -6.09e-01      3.76e-01        0.03
   2      -202.260855606      1.14e-02      5.80e-02        0.03
   3      -202.277537704     -1.67e-02      1.05e-02        0.02
   4      -202.288059361     -1.05e-02      2.32e-03        0.03
   5      -202.288534864     -4.76e-04      6.89e-04        0.02
   6      -202.288556417     -2.16e-05      1.87e-04        0.03
   7      -202.288557782     -1.37e-06      6.29e-05        0.02
   8      -202.288558195     -4.12e-07      1.91e-05        0.03
   9      -202.288558205     -1.02e-08      7.00e-06        0.02
  10      -202.288558205     -4.22e-10      2.77e-06        0.03

 SCF converged in 9 iterations.

 Entropy contribution (-ST):             0.000000000
 Dipole moment (in Debye):               1.962174       0.980779      -4.598861
 Setting up Delta-SCF
 Ground-Excited state overlap:          -0.000000000
 No correction applied to the TDM.
 Excitation energy:                      0.111735259
 Excitation energy (in eV):              3.040471281
 Transition dipole:                     -0.96604       1.51378       2.83452
 Saving results in set 'frame_22'

 --------------------------------------------------------------------------------

 End time:                               Mon May 24 15:56:46 2021
 Total wall-clock time:                  0.663 seconds
==================================================================================
