
================================================================================
          _____________ ________ _______________ ________     _________         
         / ___________// ______ \\_____   _____// ______ \   / ________)        
        / /_________  / /      \ \     | |     / /      \ \ | (_______          
       |  __________|| |        | |    | |    | |        | | \________ \        
        \ \_________ | |        | |    | |     \ \______/ /___________) |       
         \__________||_|        |_|    |_|      \________//____________/        
                                                                                
====================================[ Qcore ]===================================

 Git hash:   b27a5f96910dca04bf09adb1496985de0081c8b6
 Git date:   Tue, 11 May 2021 09:58:05 -0400
 Compiler:   AppleClang 10.0.1.10010046
 Build type: Release
 Version:    1.2.0

 Start time: Mon May 24 16:03:26 2021

 Data directory: /Users/of15641/qcore/cmake-build-release/share/entos/1.2.0/data
 Number of threads: 2
 Number of threads was determined by: number of physical cores

 --------------------------------------------------------------------------------
                                  command: bchla                                 
 --------------------------------------------------------------------------------
 XTB basis setup:                        reference basis
 Number of basis functions:            404
 GFN version:                            gfn1
 Integral screening threshold:           1.00e-10
 Total charge:                           0.000000000
 Number of electrons:                  344.000000000
 Electronic temperature (Kelvin):        0.000000000

 D3BJ energy:                           -0.094691365
 Repulsive energy:                       2.461820003

 ------------------------------------------------
  Running self-consistent charge (SCC) algorithm 
 ------------------------------------------------
 Broyden mixing factor:                  0.40
 Max number of iterations:             128
 Conv. threshold (charge):               1.00e-05
 Conv. threshold (energy):               1.00e-06
 Initial guess:                          SAD

 ---------------------------------------------------------------
                  energy        change          grad        time
 ---------------------------------------------------------------
   0      -201.599326314                    6.41e-01        0.04
   1      -202.185114225     -5.86e-01      3.74e-01        0.04
   2      -202.167187211      1.79e-02      5.83e-02        0.05
   3      -202.181658956     -1.45e-02      1.44e-02        0.04
   4      -202.200890785     -1.92e-02      3.00e-03        0.04
   5      -202.201684580     -7.94e-04      7.42e-04        0.05
   6      -202.201710973     -2.64e-05      2.48e-04        0.05
   7      -202.201714786     -3.81e-06      7.70e-05        0.04
   8      -202.201715304     -5.18e-07      2.90e-05        0.03
   9      -202.201715321     -1.63e-08      1.17e-05        0.04
  10      -202.201715322     -1.23e-09      3.75e-06        0.04
  11      -202.201715322     -1.71e-10      1.12e-06        0.04

 SCF converged in 10 iterations.

 Entropy contribution (-ST):             0.000000000
 Dipole moment (in Debye):               0.868891      -0.244835      -4.291473
 Setting up Delta-SCF
 Ground-Excited state overlap:           0.000000000
 No correction applied to the TDM.
 Excitation energy:                      0.104651417
 Excitation energy (in eV):              2.847710125
 Transition dipole:                      1.92533      -1.24329      -2.62070
 Saving results in set 'frame_677'

 --------------------------------------------------------------------------------

 End time:                               Mon May 24 16:03:27 2021
 Total wall-clock time:                  0.951 seconds
==================================================================================
