
================================================================================
          _____________ ________ _______________ ________     _________         
         / ___________// ______ \\_____   _____// ______ \   / ________)        
        / /_________  / /      \ \     | |     / /      \ \ | (_______          
       |  __________|| |        | |    | |    | |        | | \________ \        
        \ \_________ | |        | |    | |     \ \______/ /___________) |       
         \__________||_|        |_|    |_|      \________//____________/        
                                                                                
====================================[ Qcore ]===================================

 Git hash:   b27a5f96910dca04bf09adb1496985de0081c8b6
 Git date:   Tue, 11 May 2021 09:58:05 -0400
 Compiler:   AppleClang 10.0.1.10010046
 Build type: Release
 Version:    1.2.0

 Start time: Mon May 24 15:59:26 2021

 Data directory: /Users/of15641/qcore/cmake-build-release/share/entos/1.2.0/data
 Number of threads: 2
 Number of threads was determined by: number of physical cores

 --------------------------------------------------------------------------------
                                  command: bchla                                 
 --------------------------------------------------------------------------------
 XTB basis setup:                        reference basis
 Number of basis functions:            404
 GFN version:                            gfn1
 Integral screening threshold:           1.00e-10
 Total charge:                           0.000000000
 Number of electrons:                  344.000000000
 Electronic temperature (Kelvin):        0.000000000

 D3BJ energy:                           -0.102335444
 Repulsive energy:                       2.538011133

 ------------------------------------------------
  Running self-consistent charge (SCC) algorithm 
 ------------------------------------------------
 Broyden mixing factor:                  0.40
 Max number of iterations:             128
 Conv. threshold (charge):               1.00e-05
 Conv. threshold (energy):               1.00e-06
 Initial guess:                          SAD

 ---------------------------------------------------------------
                  energy        change          grad        time
 ---------------------------------------------------------------
   0      -201.651984232                    6.42e-01        0.02
   1      -202.235838462     -5.84e-01      3.75e-01        0.02
   2      -202.220583520      1.53e-02      5.77e-02        0.02
   3      -202.237308979     -1.67e-02      1.24e-02        0.02
   4      -202.251651596     -1.43e-02      2.60e-03        0.02
   5      -202.252272600     -6.21e-04      6.71e-04        0.02
   6      -202.252291025     -1.84e-05      1.64e-04        0.02
   7      -202.252291840     -8.14e-07      4.36e-05        0.02
   8      -202.252291930     -9.03e-08      1.95e-05        0.02
   9      -202.252291945     -1.55e-08      7.89e-06        0.02
  10      -202.252291947     -1.33e-09      3.16e-06        0.02

 SCF converged in 9 iterations.

 Entropy contribution (-ST):             0.000000000
 Dipole moment (in Debye):               2.764786       4.220379       0.240367
 Setting up Delta-SCF
 Ground-Excited state overlap:          -0.000000000
 No correction applied to the TDM.
 Excitation energy:                      0.109424677
 Excitation energy (in eV):              2.977597154
 Transition dipole:                     -2.68826      -0.32104       2.06003
 Saving results in set 'frame_425'

 --------------------------------------------------------------------------------

 End time:                               Mon May 24 15:59:27 2021
 Total wall-clock time:                  0.564 seconds
==================================================================================
