
================================================================================
          _____________ ________ _______________ ________     _________         
         / ___________// ______ \\_____   _____// ______ \   / ________)        
        / /_________  / /      \ \     | |     / /      \ \ | (_______          
       |  __________|| |        | |    | |    | |        | | \________ \        
        \ \_________ | |        | |    | |     \ \______/ /___________) |       
         \__________||_|        |_|    |_|      \________//____________/        
                                                                                
====================================[ Qcore ]===================================

 Git hash:   b27a5f96910dca04bf09adb1496985de0081c8b6
 Git date:   Tue, 11 May 2021 09:58:05 -0400
 Compiler:   AppleClang 10.0.1.10010046
 Build type: Release
 Version:    1.2.0

 Start time: Mon May 24 15:52:46 2021

 Data directory: /Users/of15641/qcore/cmake-build-release/share/entos/1.2.0/data
 Number of threads: 2
 Number of threads was determined by: number of physical cores

 --------------------------------------------------------------------------------
                                  command: bchla                                 
 --------------------------------------------------------------------------------
 XTB basis setup:                        reference basis
 Number of basis functions:            404
 GFN version:                            gfn1
 Integral screening threshold:           1.00e-10
 Total charge:                           0.000000000
 Number of electrons:                  344.000000000
 Electronic temperature (Kelvin):        0.000000000

 D3BJ energy:                           -0.093894109
 Repulsive energy:                       2.484556366

 ------------------------------------------------
  Running self-consistent charge (SCC) algorithm 
 ------------------------------------------------
 Broyden mixing factor:                  0.40
 Max number of iterations:             128
 Conv. threshold (charge):               1.00e-05
 Conv. threshold (energy):               1.00e-06
 Initial guess:                          SAD

 ---------------------------------------------------------------
                  energy        change          grad        time
 ---------------------------------------------------------------
   0      -201.655166380                    6.42e-01        0.03
   1      -202.260087983     -6.05e-01      3.75e-01        0.03
   2      -202.250691244      9.40e-03      5.84e-02        0.03
   3      -202.268998935     -1.83e-02      9.17e-03        0.03
   4      -202.276438553     -7.44e-03      1.93e-03        0.02
   5      -202.276764501     -3.26e-04      6.42e-04        0.03
   6      -202.276784608     -2.01e-05      1.31e-04        0.02
   7      -202.276785057     -4.49e-07      3.78e-05        0.02
   8      -202.276785133     -7.62e-08      1.57e-05        0.02
   9      -202.276785139     -6.20e-09      5.66e-06        0.02
  10      -202.276785140     -4.62e-10      2.01e-06        0.03

 SCF converged in 9 iterations.

 Entropy contribution (-ST):             0.000000000
 Dipole moment (in Debye):              -2.576681       4.596049       1.655775
 Setting up Delta-SCF
 Ground-Excited state overlap:          -0.000000000
 No correction applied to the TDM.
 Excitation energy:                      0.113044461
 Excitation energy (in eV):              3.076096493
 Transition dipole:                      0.80988      -2.74165      -1.80582
 Saving results in set 'frame_1726'

 --------------------------------------------------------------------------------

 End time:                               Mon May 24 15:52:47 2021
 Total wall-clock time:                  0.679 seconds
==================================================================================
