
================================================================================
          _____________ ________ _______________ ________     _________         
         / ___________// ______ \\_____   _____// ______ \   / ________)        
        / /_________  / /      \ \     | |     / /      \ \ | (_______          
       |  __________|| |        | |    | |    | |        | | \________ \        
        \ \_________ | |        | |    | |     \ \______/ /___________) |       
         \__________||_|        |_|    |_|      \________//____________/        
                                                                                
====================================[ Qcore ]===================================

 Git hash:   b27a5f96910dca04bf09adb1496985de0081c8b6
 Git date:   Tue, 11 May 2021 09:58:05 -0400
 Compiler:   AppleClang 10.0.1.10010046
 Build type: Release
 Version:    1.2.0

 Start time: Mon May 24 15:54:25 2021

 Data directory: /Users/of15641/qcore/cmake-build-release/share/entos/1.2.0/data
 Number of threads: 2
 Number of threads was determined by: number of physical cores

 --------------------------------------------------------------------------------
                                  command: bchla                                 
 --------------------------------------------------------------------------------
 XTB basis setup:                        reference basis
 Number of basis functions:            404
 GFN version:                            gfn1
 Integral screening threshold:           1.00e-10
 Total charge:                           0.000000000
 Number of electrons:                  344.000000000
 Electronic temperature (Kelvin):        0.000000000

 D3BJ energy:                           -0.095934151
 Repulsive energy:                       2.505179615

 ------------------------------------------------
  Running self-consistent charge (SCC) algorithm 
 ------------------------------------------------
 Broyden mixing factor:                  0.40
 Max number of iterations:             128
 Conv. threshold (charge):               1.00e-05
 Conv. threshold (energy):               1.00e-06
 Initial guess:                          SAD

 ---------------------------------------------------------------
                  energy        change          grad        time
 ---------------------------------------------------------------
   0      -201.651851198                    6.42e-01        0.02
   1      -202.254965824     -6.03e-01      3.74e-01        0.02
   2      -202.230753630      2.42e-02      6.15e-02        0.02
   3      -202.256073559     -2.53e-02      1.37e-02        0.02
   4      -202.272672757     -1.66e-02      2.86e-03        0.02
   5      -202.273440203     -7.67e-04      6.79e-04        0.02
   6      -202.273459785     -1.96e-05      1.59e-04        0.02
   7      -202.273460467     -6.82e-07      4.68e-05        0.02
   8      -202.273460509     -4.23e-08      1.96e-05        0.02
   9      -202.273460510     -9.82e-10      8.11e-06        0.02
  10      -202.273460513     -2.24e-09      3.21e-06        0.02

 SCF converged in 9 iterations.

 Entropy contribution (-ST):             0.000000000
 Dipole moment (in Debye):               1.046880       2.574575       5.186549
 Setting up Delta-SCF
 Ground-Excited state overlap:           0.000000000
 No correction applied to the TDM.
 Excitation energy:                      0.106648990
 Excitation energy (in eV):              2.902066850
 Transition dipole:                     -1.75442      -0.28197      -3.22405
 Saving results in set 'frame_1843'

 --------------------------------------------------------------------------------

 End time:                               Mon May 24 15:54:26 2021
 Total wall-clock time:                  0.511 seconds
==================================================================================
