
================================================================================
          _____________ ________ _______________ ________     _________         
         / ___________// ______ \\_____   _____// ______ \   / ________)        
        / /_________  / /      \ \     | |     / /      \ \ | (_______          
       |  __________|| |        | |    | |    | |        | | \________ \        
        \ \_________ | |        | |    | |     \ \______/ /___________) |       
         \__________||_|        |_|    |_|      \________//____________/        
                                                                                
====================================[ Qcore ]===================================

 Git hash:   b27a5f96910dca04bf09adb1496985de0081c8b6
 Git date:   Tue, 11 May 2021 09:58:05 -0400
 Compiler:   AppleClang 10.0.1.10010046
 Build type: Release
 Version:    1.2.0

 Start time: Mon May 24 15:51:58 2021

 Data directory: /Users/of15641/qcore/cmake-build-release/share/entos/1.2.0/data
 Number of threads: 2
 Number of threads was determined by: number of physical cores

 --------------------------------------------------------------------------------
                                  command: bchla                                 
 --------------------------------------------------------------------------------
 XTB basis setup:                        reference basis
 Number of basis functions:            404
 GFN version:                            gfn1
 Integral screening threshold:           1.00e-10
 Total charge:                           0.000000000
 Number of electrons:                  344.000000000
 Electronic temperature (Kelvin):        0.000000000

 D3BJ energy:                           -0.098472726
 Repulsive energy:                       2.496640569

 ------------------------------------------------
  Running self-consistent charge (SCC) algorithm 
 ------------------------------------------------
 Broyden mixing factor:                  0.40
 Max number of iterations:             128
 Conv. threshold (charge):               1.00e-05
 Conv. threshold (energy):               1.00e-06
 Initial guess:                          SAD

 ---------------------------------------------------------------
                  energy        change          grad        time
 ---------------------------------------------------------------
   0      -201.694236324                    6.42e-01        0.03
   1      -202.285896183     -5.92e-01      3.75e-01        0.03
   2      -202.275398957      1.05e-02      5.70e-02        0.03
   3      -202.292413286     -1.70e-02      9.37e-03        0.03
   4      -202.300942783     -8.53e-03      2.08e-03        0.03
   5      -202.301345818     -4.03e-04      6.56e-04        0.03
   6      -202.301367322     -2.15e-05      1.44e-04        0.03
   7      -202.301367906     -5.84e-07      4.90e-05        0.03
   8      -202.301368114     -2.08e-07      1.72e-05        0.03
   9      -202.301368123     -9.44e-09      6.51e-06        0.03
  10      -202.301368124     -6.76e-10      2.26e-06        0.03

 SCF converged in 9 iterations.

 Entropy contribution (-ST):             0.000000000
 Dipole moment (in Debye):              -1.115312       4.042652       2.787044
 Setting up Delta-SCF
 Ground-Excited state overlap:          -0.000000000
 No correction applied to the TDM.
 Excitation energy:                      0.109178776
 Excitation energy (in eV):              2.970905851
 Transition dipole:                     -1.49601      -2.61348      -1.88878
 Saving results in set 'frame_1669'

 --------------------------------------------------------------------------------

 End time:                               Mon May 24 15:51:59 2021
 Total wall-clock time:                  0.684 seconds
==================================================================================
