
================================================================================
          _____________ ________ _______________ ________     _________         
         / ___________// ______ \\_____   _____// ______ \   / ________)        
        / /_________  / /      \ \     | |     / /      \ \ | (_______          
       |  __________|| |        | |    | |    | |        | | \________ \        
        \ \_________ | |        | |    | |     \ \______/ /___________) |       
         \__________||_|        |_|    |_|      \________//____________/        
                                                                                
====================================[ Qcore ]===================================

 Git hash:   b27a5f96910dca04bf09adb1496985de0081c8b6
 Git date:   Tue, 11 May 2021 09:58:05 -0400
 Compiler:   AppleClang 10.0.1.10010046
 Build type: Release
 Version:    1.2.0

 Start time: Mon May 24 15:46:28 2021

 Data directory: /Users/of15641/qcore/cmake-build-release/share/entos/1.2.0/data
 Number of threads: 2
 Number of threads was determined by: number of physical cores

 --------------------------------------------------------------------------------
                                  command: bchla                                 
 --------------------------------------------------------------------------------
 XTB basis setup:                        reference basis
 Number of basis functions:            404
 GFN version:                            gfn1
 Integral screening threshold:           1.00e-10
 Total charge:                           0.000000000
 Number of electrons:                  344.000000000
 Electronic temperature (Kelvin):        0.000000000

 D3BJ energy:                           -0.099358510
 Repulsive energy:                       2.499589308

 ------------------------------------------------
  Running self-consistent charge (SCC) algorithm 
 ------------------------------------------------
 Broyden mixing factor:                  0.40
 Max number of iterations:             128
 Conv. threshold (charge):               1.00e-05
 Conv. threshold (energy):               1.00e-06
 Initial guess:                          SAD

 ---------------------------------------------------------------
                  energy        change          grad        time
 ---------------------------------------------------------------
   0      -201.693976355                    6.43e-01        0.03
   1      -202.291353502     -5.97e-01      3.75e-01        0.03
   2      -202.283908542      7.44e-03      5.74e-02        0.02
   3      -202.299957304     -1.60e-02      9.02e-03        0.02
   4      -202.306452338     -6.50e-03      2.16e-03        0.02
   5      -202.306855158     -4.03e-04      6.90e-04        0.02
   6      -202.306882097     -2.69e-05      1.65e-04        0.02
   7      -202.306883357     -1.26e-06      5.50e-05        0.02
   8      -202.306883663     -3.05e-07      1.72e-05        0.02
   9      -202.306883671     -8.08e-09      6.02e-06        0.02
  10      -202.306883671     -4.68e-10      2.24e-06        0.02

 SCF converged in 9 iterations.

 Entropy contribution (-ST):             0.000000000
 Dipole moment (in Debye):               0.258376       5.357511      -0.509454
 Setting up Delta-SCF
 Ground-Excited state overlap:           0.000000000
 No correction applied to the TDM.
 Excitation energy:                      0.110194459
 Excitation energy (in eV):              2.998543992
 Transition dipole:                     -1.84998       1.68734      -2.31035
 Saving results in set 'frame_1225'

 --------------------------------------------------------------------------------

 End time:                               Mon May 24 15:46:28 2021
 Total wall-clock time:                  0.532 seconds
==================================================================================
