
================================================================================
          _____________ ________ _______________ ________     _________         
         / ___________// ______ \\_____   _____// ______ \   / ________)        
        / /_________  / /      \ \     | |     / /      \ \ | (_______          
       |  __________|| |        | |    | |    | |        | | \________ \        
        \ \_________ | |        | |    | |     \ \______/ /___________) |       
         \__________||_|        |_|    |_|      \________//____________/        
                                                                                
====================================[ Qcore ]===================================

 Git hash:   b27a5f96910dca04bf09adb1496985de0081c8b6
 Git date:   Tue, 11 May 2021 09:58:05 -0400
 Compiler:   AppleClang 10.0.1.10010046
 Build type: Release
 Version:    1.2.0

 Start time: Mon May 24 15:58:13 2021

 Data directory: /Users/of15641/qcore/cmake-build-release/share/entos/1.2.0/data
 Number of threads: 2
 Number of threads was determined by: number of physical cores

 --------------------------------------------------------------------------------
                                  command: bchla                                 
 --------------------------------------------------------------------------------
 XTB basis setup:                        reference basis
 Number of basis functions:            404
 GFN version:                            gfn1
 Integral screening threshold:           1.00e-10
 Total charge:                           0.000000000
 Number of electrons:                  344.000000000
 Electronic temperature (Kelvin):        0.000000000

 D3BJ energy:                           -0.098612586
 Repulsive energy:                       2.531945404

 ------------------------------------------------
  Running self-consistent charge (SCC) algorithm 
 ------------------------------------------------
 Broyden mixing factor:                  0.40
 Max number of iterations:             128
 Conv. threshold (charge):               1.00e-05
 Conv. threshold (energy):               1.00e-06
 Initial guess:                          SAD

 ---------------------------------------------------------------
                  energy        change          grad        time
 ---------------------------------------------------------------
   0      -201.643433438                    6.42e-01        0.02
   1      -202.245338542     -6.02e-01      3.75e-01        0.02
   2      -202.224550444      2.08e-02      5.98e-02        0.02
   3      -202.248027328     -2.35e-02      1.29e-02        0.02
   4      -202.263613850     -1.56e-02      2.65e-03        0.02
   5      -202.264265553     -6.52e-04      6.90e-04        0.02
   6      -202.264286091     -2.05e-05      1.95e-04        0.02
   7      -202.264287828     -1.74e-06      6.62e-05        0.02
   8      -202.264288259     -4.31e-07      2.35e-05        0.02
   9      -202.264288273     -1.36e-08      8.26e-06        0.02
  10      -202.264288273     -4.56e-10      3.02e-06        0.02

 SCF converged in 9 iterations.

 Entropy contribution (-ST):             0.000000000
 Dipole moment (in Debye):               0.570205       0.013789       0.630347
 Setting up Delta-SCF
 Ground-Excited state overlap:           0.000000000
 No correction applied to the TDM.
 Excitation energy:                      0.110994887
 Excitation energy (in eV):              3.020324754
 Transition dipole:                      3.03217       0.23518      -1.64676
 Saving results in set 'frame_321'

 --------------------------------------------------------------------------------

 End time:                               Mon May 24 15:58:14 2021
 Total wall-clock time:                  0.560 seconds
==================================================================================
