
================================================================================
          _____________ ________ _______________ ________     _________         
         / ___________// ______ \\_____   _____// ______ \   / ________)        
        / /_________  / /      \ \     | |     / /      \ \ | (_______          
       |  __________|| |        | |    | |    | |        | | \________ \        
        \ \_________ | |        | |    | |     \ \______/ /___________) |       
         \__________||_|        |_|    |_|      \________//____________/        
                                                                                
====================================[ Qcore ]===================================

 Git hash:   b27a5f96910dca04bf09adb1496985de0081c8b6
 Git date:   Tue, 11 May 2021 09:58:05 -0400
 Compiler:   AppleClang 10.0.1.10010046
 Build type: Release
 Version:    1.2.0

 Start time: Mon May 24 15:47:11 2021

 Data directory: /Users/of15641/qcore/cmake-build-release/share/entos/1.2.0/data
 Number of threads: 2
 Number of threads was determined by: number of physical cores

 --------------------------------------------------------------------------------
                                  command: bchla                                 
 --------------------------------------------------------------------------------
 XTB basis setup:                        reference basis
 Number of basis functions:            404
 GFN version:                            gfn1
 Integral screening threshold:           1.00e-10
 Total charge:                           0.000000000
 Number of electrons:                  344.000000000
 Electronic temperature (Kelvin):        0.000000000

 D3BJ energy:                           -0.109003578
 Repulsive energy:                       2.522495882

 ------------------------------------------------
  Running self-consistent charge (SCC) algorithm 
 ------------------------------------------------
 Broyden mixing factor:                  0.40
 Max number of iterations:             128
 Conv. threshold (charge):               1.00e-05
 Conv. threshold (energy):               1.00e-06
 Initial guess:                          SAD

 ---------------------------------------------------------------
                  energy        change          grad        time
 ---------------------------------------------------------------
   0      -201.763351814                    6.43e-01        0.02
   1      -202.342191066     -5.79e-01      3.75e-01        0.02
   2      -202.320239961      2.20e-02      5.79e-02        0.02
   3      -202.338040835     -1.78e-02      1.47e-02        0.02
   4      -202.358875694     -2.08e-02      2.46e-03        0.02
   5      -202.359377717     -5.02e-04      6.47e-04        0.02
   6      -202.359395075     -1.74e-05      1.86e-04        0.02
   7      -202.359396992     -1.92e-06      6.15e-05        0.02
   8      -202.359397340     -3.48e-07      2.41e-05        0.02
   9      -202.359397350     -1.04e-08      9.77e-06        0.02
  10      -202.359397351     -7.33e-10      2.87e-06        0.02

 SCF converged in 9 iterations.

 Entropy contribution (-ST):             0.000000000
 Dipole moment (in Debye):              -0.785505       3.782453      -1.676084
 Setting up Delta-SCF
 Ground-Excited state overlap:           0.000000000
 No correction applied to the TDM.
 Excitation energy:                      0.111328060
 Excitation energy (in eV):              3.029390842
 Transition dipole:                     -2.79038       0.22006      -0.79708
 Saving results in set 'frame_1293'

 --------------------------------------------------------------------------------

 End time:                               Mon May 24 15:47:11 2021
 Total wall-clock time:                  0.507 seconds
==================================================================================
