
================================================================================
          _____________ ________ _______________ ________     _________         
         / ___________// ______ \\_____   _____// ______ \   / ________)        
        / /_________  / /      \ \     | |     / /      \ \ | (_______          
       |  __________|| |        | |    | |    | |        | | \________ \        
        \ \_________ | |        | |    | |     \ \______/ /___________) |       
         \__________||_|        |_|    |_|      \________//____________/        
                                                                                
====================================[ Qcore ]===================================

 Git hash:   b27a5f96910dca04bf09adb1496985de0081c8b6
 Git date:   Tue, 11 May 2021 09:58:05 -0400
 Compiler:   AppleClang 10.0.1.10010046
 Build type: Release
 Version:    1.2.0

 Start time: Mon May 24 16:00:00 2021

 Data directory: /Users/of15641/qcore/cmake-build-release/share/entos/1.2.0/data
 Number of threads: 2
 Number of threads was determined by: number of physical cores

 --------------------------------------------------------------------------------
                                  command: bchla                                 
 --------------------------------------------------------------------------------
 XTB basis setup:                        reference basis
 Number of basis functions:            404
 GFN version:                            gfn1
 Integral screening threshold:           1.00e-10
 Total charge:                           0.000000000
 Number of electrons:                  344.000000000
 Electronic temperature (Kelvin):        0.000000000

 D3BJ energy:                           -0.101240612
 Repulsive energy:                       2.563196194

 ------------------------------------------------
  Running self-consistent charge (SCC) algorithm 
 ------------------------------------------------
 Broyden mixing factor:                  0.40
 Max number of iterations:             128
 Conv. threshold (charge):               1.00e-05
 Conv. threshold (energy):               1.00e-06
 Initial guess:                          SAD

 ---------------------------------------------------------------
                  energy        change          grad        time
 ---------------------------------------------------------------
   0      -201.728955924                    6.43e-01        0.03
   1      -202.322764533     -5.94e-01      3.75e-01        0.04
   2      -202.307117360      1.56e-02      5.87e-02        0.03
   3      -202.329195900     -2.21e-02      1.14e-02        0.03
   4      -202.340474050     -1.13e-02      2.66e-03        0.03
   5      -202.341165763     -6.92e-04      6.38e-04        0.02
   6      -202.341184134     -1.84e-05      1.52e-04        0.03
   7      -202.341184745     -6.11e-07      4.65e-05        0.02
   8      -202.341184899     -1.54e-07      1.97e-05        0.03
   9      -202.341184911     -1.25e-08      7.20e-06        0.02
  10      -202.341184912     -6.47e-10      2.43e-06        0.03

 SCF converged in 9 iterations.

 Entropy contribution (-ST):             0.000000000
 Dipole moment (in Debye):               2.300613       1.717104      -0.265178
 Setting up Delta-SCF
 Ground-Excited state overlap:          -0.000000000
 No correction applied to the TDM.
 Excitation energy:                      0.108226718
 Excitation energy (in eV):              2.944999019
 Transition dipole:                     -2.46596      -0.75492       2.26361
 Saving results in set 'frame_469'

 --------------------------------------------------------------------------------

 End time:                               Mon May 24 16:00:01 2021
 Total wall-clock time:                  0.819 seconds
==================================================================================
