
================================================================================
          _____________ ________ _______________ ________     _________         
         / ___________// ______ \\_____   _____// ______ \   / ________)        
        / /_________  / /      \ \     | |     / /      \ \ | (_______          
       |  __________|| |        | |    | |    | |        | | \________ \        
        \ \_________ | |        | |    | |     \ \______/ /___________) |       
         \__________||_|        |_|    |_|      \________//____________/        
                                                                                
====================================[ Qcore ]===================================

 Git hash:   b27a5f96910dca04bf09adb1496985de0081c8b6
 Git date:   Tue, 11 May 2021 09:58:05 -0400
 Compiler:   AppleClang 10.0.1.10010046
 Build type: Release
 Version:    1.2.0

 Start time: Mon May 24 15:50:03 2021

 Data directory: /Users/of15641/qcore/cmake-build-release/share/entos/1.2.0/data
 Number of threads: 2
 Number of threads was determined by: number of physical cores

 --------------------------------------------------------------------------------
                                  command: bchla                                 
 --------------------------------------------------------------------------------
 XTB basis setup:                        reference basis
 Number of basis functions:            404
 GFN version:                            gfn1
 Integral screening threshold:           1.00e-10
 Total charge:                           0.000000000
 Number of electrons:                  344.000000000
 Electronic temperature (Kelvin):        0.000000000

 D3BJ energy:                           -0.098783570
 Repulsive energy:                       2.562966365

 ------------------------------------------------
  Running self-consistent charge (SCC) algorithm 
 ------------------------------------------------
 Broyden mixing factor:                  0.40
 Max number of iterations:             128
 Conv. threshold (charge):               1.00e-05
 Conv. threshold (energy):               1.00e-06
 Initial guess:                          SAD

 ---------------------------------------------------------------
                  energy        change          grad        time
 ---------------------------------------------------------------
   0      -201.689645315                    6.44e-01        0.03
   1      -202.301881887     -6.12e-01      3.76e-01        0.03
   2      -202.286084009      1.58e-02      5.89e-02        0.03
   3      -202.302051357     -1.60e-02      1.27e-02        0.03
   4      -202.317118429     -1.51e-02      2.52e-03        0.02
   5      -202.317644077     -5.26e-04      6.02e-04        0.02
   6      -202.317656718     -1.26e-05      1.44e-04        0.03
   7      -202.317657261     -5.43e-07      3.76e-05        0.02
   8      -202.317657286     -2.53e-08      1.82e-05        0.02
   9      -202.317657289     -3.25e-09      7.23e-06        0.02
  10      -202.317657291     -1.93e-09      2.77e-06        0.03

 SCF converged in 9 iterations.

 Entropy contribution (-ST):             0.000000000
 Dipole moment (in Debye):              -5.359497       5.061382      -0.949101
 Setting up Delta-SCF
 Ground-Excited state overlap:           0.000000000
 No correction applied to the TDM.
 Excitation energy:                      0.110826014
 Excitation energy (in eV):              3.015729461
 Transition dipole:                     -1.07960       2.60845       1.92602
 Saving results in set 'frame_1532'

 --------------------------------------------------------------------------------

 End time:                               Mon May 24 15:50:04 2021
 Total wall-clock time:                  0.661 seconds
==================================================================================
