
================================================================================
          _____________ ________ _______________ ________     _________         
         / ___________// ______ \\_____   _____// ______ \   / ________)        
        / /_________  / /      \ \     | |     / /      \ \ | (_______          
       |  __________|| |        | |    | |    | |        | | \________ \        
        \ \_________ | |        | |    | |     \ \______/ /___________) |       
         \__________||_|        |_|    |_|      \________//____________/        
                                                                                
====================================[ Qcore ]===================================

 Git hash:   b27a5f96910dca04bf09adb1496985de0081c8b6
 Git date:   Tue, 11 May 2021 09:58:05 -0400
 Compiler:   AppleClang 10.0.1.10010046
 Build type: Release
 Version:    1.2.0

 Start time: Mon May 24 15:46:39 2021

 Data directory: /Users/of15641/qcore/cmake-build-release/share/entos/1.2.0/data
 Number of threads: 2
 Number of threads was determined by: number of physical cores

 --------------------------------------------------------------------------------
                                  command: bchla                                 
 --------------------------------------------------------------------------------
 XTB basis setup:                        reference basis
 Number of basis functions:            404
 GFN version:                            gfn1
 Integral screening threshold:           1.00e-10
 Total charge:                           0.000000000
 Number of electrons:                  344.000000000
 Electronic temperature (Kelvin):        0.000000000

 D3BJ energy:                           -0.098118523
 Repulsive energy:                       2.530892509

 ------------------------------------------------
  Running self-consistent charge (SCC) algorithm 
 ------------------------------------------------
 Broyden mixing factor:                  0.40
 Max number of iterations:             128
 Conv. threshold (charge):               1.00e-05
 Conv. threshold (energy):               1.00e-06
 Initial guess:                          SAD

 ---------------------------------------------------------------
                  energy        change          grad        time
 ---------------------------------------------------------------
   0      -201.631642008                    6.43e-01        0.02
   1      -202.235803448     -6.04e-01      3.75e-01        0.02
   2      -202.212677899      2.31e-02      5.95e-02        0.02
   3      -202.235865061     -2.32e-02      1.30e-02        0.02
   4      -202.253703131     -1.78e-02      2.22e-03        0.02
   5      -202.254138859     -4.36e-04      6.38e-04        0.02
   6      -202.254157846     -1.90e-05      1.59e-04        0.02
   7      -202.254158666     -8.21e-07      5.36e-05        0.02
   8      -202.254158944     -2.77e-07      2.14e-05        0.02
   9      -202.254158957     -1.38e-08      8.11e-06        0.02
  10      -202.254158958     -3.61e-10      2.57e-06        0.02

 SCF converged in 9 iterations.

 Entropy contribution (-ST):             0.000000000
 Dipole moment (in Debye):              -0.346009       4.041079      -1.118784
 Setting up Delta-SCF
 Ground-Excited state overlap:          -0.000000000
 No correction applied to the TDM.
 Excitation energy:                      0.108210525
 Excitation energy (in eV):              2.944558405
 Transition dipole:                      2.38834      -2.67123       0.56270
 Saving results in set 'frame_1243'

 --------------------------------------------------------------------------------

 End time:                               Mon May 24 15:46:40 2021
 Total wall-clock time:                  0.502 seconds
==================================================================================
