
================================================================================
          _____________ ________ _______________ ________     _________         
         / ___________// ______ \\_____   _____// ______ \   / ________)        
        / /_________  / /      \ \     | |     / /      \ \ | (_______          
       |  __________|| |        | |    | |    | |        | | \________ \        
        \ \_________ | |        | |    | |     \ \______/ /___________) |       
         \__________||_|        |_|    |_|      \________//____________/        
                                                                                
====================================[ Qcore ]===================================

 Git hash:   b27a5f96910dca04bf09adb1496985de0081c8b6
 Git date:   Tue, 11 May 2021 09:58:05 -0400
 Compiler:   AppleClang 10.0.1.10010046
 Build type: Release
 Version:    1.2.0

 Start time: Mon May 24 16:05:53 2021

 Data directory: /Users/of15641/qcore/cmake-build-release/share/entos/1.2.0/data
 Number of threads: 2
 Number of threads was determined by: number of physical cores

 --------------------------------------------------------------------------------
                                  command: bchla                                 
 --------------------------------------------------------------------------------
 XTB basis setup:                        reference basis
 Number of basis functions:            404
 GFN version:                            gfn1
 Integral screening threshold:           1.00e-10
 Total charge:                           0.000000000
 Number of electrons:                  344.000000000
 Electronic temperature (Kelvin):        0.000000000

 D3BJ energy:                           -0.094482413
 Repulsive energy:                       2.574662446

 ------------------------------------------------
  Running self-consistent charge (SCC) algorithm 
 ------------------------------------------------
 Broyden mixing factor:                  0.40
 Max number of iterations:             128
 Conv. threshold (charge):               1.00e-05
 Conv. threshold (energy):               1.00e-06
 Initial guess:                          SAD

 ---------------------------------------------------------------
                  energy        change          grad        time
 ---------------------------------------------------------------
   0      -201.702871969                    6.43e-01        0.04
   1      -202.296506022     -5.94e-01      3.75e-01        0.03
   2      -202.281089419      1.54e-02      5.84e-02        0.03
   3      -202.302657805     -2.16e-02      1.17e-02        0.03
   4      -202.314239699     -1.16e-02      2.56e-03        0.04
   5      -202.314823691     -5.84e-04      6.66e-04        0.02
   6      -202.314842576     -1.89e-05      1.65e-04        0.02
   7      -202.314843365     -7.89e-07      4.50e-05        0.02
   8      -202.314843490     -1.24e-07      1.95e-05        0.02
   9      -202.314843499     -9.41e-09      8.03e-06        0.02
  10      -202.314843500     -8.74e-10      2.56e-06        0.02

 SCF converged in 9 iterations.

 Entropy contribution (-ST):             0.000000000
 Dipole moment (in Debye):               0.424339      -0.024941      -2.349254
 Setting up Delta-SCF
 Ground-Excited state overlap:          -0.000000000
 No correction applied to the TDM.
 Excitation energy:                      0.112575093
 Excitation energy (in eV):              3.063324347
 Transition dipole:                     -1.84444       0.23683       3.11563
 Saving results in set 'frame_829'

 --------------------------------------------------------------------------------

 End time:                               Mon May 24 16:05:54 2021
 Total wall-clock time:                  0.650 seconds
==================================================================================
