
================================================================================
          _____________ ________ _______________ ________     _________         
         / ___________// ______ \\_____   _____// ______ \   / ________)        
        / /_________  / /      \ \     | |     / /      \ \ | (_______          
       |  __________|| |        | |    | |    | |        | | \________ \        
        \ \_________ | |        | |    | |     \ \______/ /___________) |       
         \__________||_|        |_|    |_|      \________//____________/        
                                                                                
====================================[ Qcore ]===================================

 Git hash:   b27a5f96910dca04bf09adb1496985de0081c8b6
 Git date:   Tue, 11 May 2021 09:58:05 -0400
 Compiler:   AppleClang 10.0.1.10010046
 Build type: Release
 Version:    1.2.0

 Start time: Mon May 24 15:43:51 2021

 Data directory: /Users/of15641/qcore/cmake-build-release/share/entos/1.2.0/data
 Number of threads: 2
 Number of threads was determined by: number of physical cores

 --------------------------------------------------------------------------------
                                  command: bchla                                 
 --------------------------------------------------------------------------------
 XTB basis setup:                        reference basis
 Number of basis functions:            404
 GFN version:                            gfn1
 Integral screening threshold:           1.00e-10
 Total charge:                           0.000000000
 Number of electrons:                  344.000000000
 Electronic temperature (Kelvin):        0.000000000

 D3BJ energy:                           -0.095692765
 Repulsive energy:                       2.448273038

 ------------------------------------------------
  Running self-consistent charge (SCC) algorithm 
 ------------------------------------------------
 Broyden mixing factor:                  0.40
 Max number of iterations:             128
 Conv. threshold (charge):               1.00e-05
 Conv. threshold (energy):               1.00e-06
 Initial guess:                          SAD

 ---------------------------------------------------------------
                  energy        change          grad        time
 ---------------------------------------------------------------
   0      -201.595894240                    6.41e-01        0.05
   1      -202.214073581     -6.18e-01      3.74e-01        0.04
   2      -202.193553448      2.05e-02      6.11e-02        0.02
   3      -202.216485666     -2.29e-02      1.22e-02        0.05
   4      -202.231070272     -1.46e-02      2.27e-03        0.05
   5      -202.231509951     -4.40e-04      6.18e-04        0.04
   6      -202.231525394     -1.54e-05      1.68e-04        0.04
   7      -202.231526299     -9.05e-07      5.84e-05        0.02
   8      -202.231526614     -3.14e-07      2.06e-05        0.04
   9      -202.231526626     -1.22e-08      7.40e-06        0.02
  10      -202.231526626     -2.60e-10      2.58e-06        0.04

 SCF converged in 9 iterations.

 Entropy contribution (-ST):             0.000000000
 Dipole moment (in Debye):              -0.772650       3.329487      -3.946252
 Setting up Delta-SCF
 Ground-Excited state overlap:          -0.000000000
 No correction applied to the TDM.
 Excitation energy:                      0.108044665
 Excitation energy (in eV):              2.940045107
 Transition dipole:                     -0.16511      -0.00958       3.40084
 Saving results in set 'frame_10'

 --------------------------------------------------------------------------------

 End time:                               Mon May 24 15:43:52 2021
 Total wall-clock time:                  0.742 seconds
==================================================================================
