
================================================================================
          _____________ ________ _______________ ________     _________         
         / ___________// ______ \\_____   _____// ______ \   / ________)        
        / /_________  / /      \ \     | |     / /      \ \ | (_______          
       |  __________|| |        | |    | |    | |        | | \________ \        
        \ \_________ | |        | |    | |     \ \______/ /___________) |       
         \__________||_|        |_|    |_|      \________//____________/        
                                                                                
====================================[ Qcore ]===================================

 Git hash:   b27a5f96910dca04bf09adb1496985de0081c8b6
 Git date:   Tue, 11 May 2021 09:58:05 -0400
 Compiler:   AppleClang 10.0.1.10010046
 Build type: Release
 Version:    1.2.0

 Start time: Mon May 24 15:57:41 2021

 Data directory: /Users/of15641/qcore/cmake-build-release/share/entos/1.2.0/data
 Number of threads: 2
 Number of threads was determined by: number of physical cores

 --------------------------------------------------------------------------------
                                  command: bchla                                 
 --------------------------------------------------------------------------------
 XTB basis setup:                        reference basis
 Number of basis functions:            404
 GFN version:                            gfn1
 Integral screening threshold:           1.00e-10
 Total charge:                           0.000000000
 Number of electrons:                  344.000000000
 Electronic temperature (Kelvin):        0.000000000

 D3BJ energy:                           -0.097828196
 Repulsive energy:                       2.509962836

 ------------------------------------------------
  Running self-consistent charge (SCC) algorithm 
 ------------------------------------------------
 Broyden mixing factor:                  0.40
 Max number of iterations:             128
 Conv. threshold (charge):               1.00e-05
 Conv. threshold (energy):               1.00e-06
 Initial guess:                          SAD

 ---------------------------------------------------------------
                  energy        change          grad        time
 ---------------------------------------------------------------
   0      -201.662259701                    6.42e-01        0.03
   1      -202.236138747     -5.74e-01      3.75e-01        0.02
   2      -202.226036035      1.01e-02      5.68e-02        0.03
   3      -202.243441822     -1.74e-02      1.00e-02        0.03
   4      -202.251714085     -8.27e-03      2.58e-03        0.02
   5      -202.252346623     -6.33e-04      7.02e-04        0.02
   6      -202.252371371     -2.47e-05      1.60e-04        0.03
   7      -202.252371982     -6.11e-07      4.19e-05        0.03
   8      -202.252372020     -3.82e-08      1.55e-05        0.02
   9      -202.252372022     -1.68e-09      5.55e-06        0.03
  10      -202.252372022     -1.89e-10      1.93e-06        0.03

 SCF converged in 9 iterations.

 Entropy contribution (-ST):             0.000000000
 Dipole moment (in Debye):               2.707866       0.441510       1.265291
 Setting up Delta-SCF
 Ground-Excited state overlap:           0.000000000
 No correction applied to the TDM.
 Excitation energy:                      0.108525416
 Excitation energy (in eV):              2.953127009
 Transition dipole:                     -3.41270      -0.41242      -0.71466
 Saving results in set 'frame_284'

 --------------------------------------------------------------------------------

 End time:                               Mon May 24 15:57:42 2021
 Total wall-clock time:                  0.722 seconds
==================================================================================
