
================================================================================
          _____________ ________ _______________ ________     _________         
         / ___________// ______ \\_____   _____// ______ \   / ________)        
        / /_________  / /      \ \     | |     / /      \ \ | (_______          
       |  __________|| |        | |    | |    | |        | | \________ \        
        \ \_________ | |        | |    | |     \ \______/ /___________) |       
         \__________||_|        |_|    |_|      \________//____________/        
                                                                                
====================================[ Qcore ]===================================

 Git hash:   b27a5f96910dca04bf09adb1496985de0081c8b6
 Git date:   Tue, 11 May 2021 09:58:05 -0400
 Compiler:   AppleClang 10.0.1.10010046
 Build type: Release
 Version:    1.2.0

 Start time: Mon May 24 15:57:17 2021

 Data directory: /Users/of15641/qcore/cmake-build-release/share/entos/1.2.0/data
 Number of threads: 2
 Number of threads was determined by: number of physical cores

 --------------------------------------------------------------------------------
                                  command: bchla                                 
 --------------------------------------------------------------------------------
 XTB basis setup:                        reference basis
 Number of basis functions:            404
 GFN version:                            gfn1
 Integral screening threshold:           1.00e-10
 Total charge:                           0.000000000
 Number of electrons:                  344.000000000
 Electronic temperature (Kelvin):        0.000000000

 D3BJ energy:                           -0.095599172
 Repulsive energy:                       2.507194796

 ------------------------------------------------
  Running self-consistent charge (SCC) algorithm 
 ------------------------------------------------
 Broyden mixing factor:                  0.40
 Max number of iterations:             128
 Conv. threshold (charge):               1.00e-05
 Conv. threshold (energy):               1.00e-06
 Initial guess:                          SAD

 ---------------------------------------------------------------
                  energy        change          grad        time
 ---------------------------------------------------------------
   0      -201.722687095                    6.43e-01        0.03
   1      -202.313799696     -5.91e-01      3.75e-01        0.03
   2      -202.300877253      1.29e-02      5.80e-02        0.03
   3      -202.320209908     -1.93e-02      1.03e-02        0.04
   4      -202.329493637     -9.28e-03      2.07e-03        0.04
   5      -202.329851341     -3.58e-04      6.43e-04        0.03
   6      -202.329871554     -2.02e-05      1.50e-04        0.03
   7      -202.329872374     -8.20e-07      5.34e-05        0.03
   8      -202.329872653     -2.79e-07      2.05e-05        0.03
   9      -202.329872667     -1.34e-08      7.47e-06        0.03
  10      -202.329872667     -5.21e-10      2.50e-06        0.03

 SCF converged in 9 iterations.

 Entropy contribution (-ST):             0.000000000
 Dipole moment (in Debye):               0.801317      -2.098377      -1.094546
 Setting up Delta-SCF
 Ground-Excited state overlap:          -0.000000000
 No correction applied to the TDM.
 Excitation energy:                      0.108150879
 Excitation energy (in eV):              2.942935353
 Transition dipole:                     -1.54524       3.43715       0.92583
 Saving results in set 'frame_257'

 --------------------------------------------------------------------------------

 End time:                               Mon May 24 15:57:18 2021
 Total wall-clock time:                  0.776 seconds
==================================================================================
