
================================================================================
          _____________ ________ _______________ ________     _________         
         / ___________// ______ \\_____   _____// ______ \   / ________)        
        / /_________  / /      \ \     | |     / /      \ \ | (_______          
       |  __________|| |        | |    | |    | |        | | \________ \        
        \ \_________ | |        | |    | |     \ \______/ /___________) |       
         \__________||_|        |_|    |_|      \________//____________/        
                                                                                
====================================[ Qcore ]===================================

 Git hash:   7cd5c520b37f7ee862d844b1504bc4191dc47444
 Git date:   Tue, 4 May 2021 13:25:05 +0100
 Compiler:   GNU 9.1.0
 Build type: Release
 Version:    1.2.0

 Start time: Mon May 17 12:39:50 2021

 Data directory: /home/of15641/.local/src/Qcore/release/share/entos/1.2.0/data
 Number of threads: 1
 Number of threads was determined by: command line argument
  - More threads can be used by running 'qcore -n 24'

 --------------------------------------------------------------------------------
                                  command: bchla                                 
 --------------------------------------------------------------------------------
Mg s eff H
  -0.3101

 SCF converged in 1 iterations.

 Setting up Delta-SCF
 Ground-Excited state overlap:           0.000000000
 No correction applied to the TDM.
 Excitation energy:                      0.081092456
 Excitation energy (in eV):              2.206638135
 Transition dipole:                      1.02765       0.79298      -3.22738
Mg s
          147          151          179          395          403          406          407          408
Mg p
          205          217          226          227          229          230          238          240          242          248          251          353          355          361          365          371          376          378          382
Mg d
          159          305          333          337          338          345          347          349          350          354          355          362          364          365          369          371          372          376          378          381          382          384          386          395          397          404          407
 Saving results in set 'frame_752'

 --------------------------------------------------------------------------------

 End time:                               Mon May 17 12:39:51 2021
 Total wall-clock time:                  0.819 seconds
==================================================================================
