
================================================================================
          _____________ ________ _______________ ________     _________         
         / ___________// ______ \\_____   _____// ______ \   / ________)        
        / /_________  / /      \ \     | |     / /      \ \ | (_______          
       |  __________|| |        | |    | |    | |        | | \________ \        
        \ \_________ | |        | |    | |     \ \______/ /___________) |       
         \__________||_|        |_|    |_|      \________//____________/        
                                                                                
====================================[ Qcore ]===================================

 Git hash:   7cd5c520b37f7ee862d844b1504bc4191dc47444
 Git date:   Tue, 4 May 2021 13:25:05 +0100
 Compiler:   GNU 9.1.0
 Build type: Release
 Version:    1.2.0

 Start time: Mon May 17 11:47:55 2021

 Data directory: /home/of15641/.local/src/Qcore/release/share/entos/1.2.0/data
 Number of threads: 1
 Number of threads was determined by: command line argument
  - More threads can be used by running 'qcore -n 24'

 --------------------------------------------------------------------------------
                                  command: bchla                                 
 --------------------------------------------------------------------------------
Mg s eff H
  -0.3101

 SCF converged in 1 iterations.

 Setting up Delta-SCF
 Ground-Excited state overlap:          -0.000000000
 No correction applied to the TDM.
 Excitation energy:                      0.077304169
 Excitation energy (in eV):              2.103553609
 Transition dipole:                     -3.25028       0.82557       1.65411
Mg s
          147          150          151          177          178          179          180          378          393          395          396          399          406          407
Mg p
          310          316          325          327          331          338          344          345          351          352          354          355          357          358          359          362          364          365          369          371          375          384          388          389          401          402
Mg d
          205          211          216          227          234          238          240          242          266          268          325          344          351          352          354          355          358          364          369          371          373          376          377          378          381          393          406
 Saving results in set 'frame_141'

 --------------------------------------------------------------------------------

 End time:                               Mon May 17 11:47:56 2021
 Total wall-clock time:                  0.574 seconds
==================================================================================
