
================================================================================
          _____________ ________ _______________ ________     _________         
         / ___________// ______ \\_____   _____// ______ \   / ________)        
        / /_________  / /      \ \     | |     / /      \ \ | (_______          
       |  __________|| |        | |    | |    | |        | | \________ \        
        \ \_________ | |        | |    | |     \ \______/ /___________) |       
         \__________||_|        |_|    |_|      \________//____________/        
                                                                                
====================================[ Qcore ]===================================

 Git hash:   7cd5c520b37f7ee862d844b1504bc4191dc47444
 Git date:   Tue, 4 May 2021 13:25:05 +0100
 Compiler:   GNU 9.1.0
 Build type: Release
 Version:    1.2.0

 Start time: Mon May 17 12:21:02 2021

 Data directory: /home/of15641/.local/src/Qcore/release/share/entos/1.2.0/data
 Number of threads: 1
 Number of threads was determined by: command line argument
  - More threads can be used by running 'qcore -n 24'

 --------------------------------------------------------------------------------
                                  command: bchla                                 
 --------------------------------------------------------------------------------
Mg s eff H
  -0.3101

 SCF converged in 1 iterations.

 Setting up Delta-SCF
 Ground-Excited state overlap:          -0.000000000
 No correction applied to the TDM.
 Excitation energy:                      0.075403064
 Excitation energy (in eV):              2.051821894
 Transition dipole:                     -2.47896       2.62970       0.56742
Mg s
          149          152          178          179          398          404          406          407          408
Mg p
          159          245          271          307          310          313          321          328          329          338          351          352          353          355          358          360          362          363          368          369          371          375          377          383          386          388          389          393          398          399
Mg d
          207          208          213          215          219          220          227          229          233          235          242          245          246          335          348          351          352          353          358          360          361          363          370          371          373          375
 Saving results in set 'frame_285'

 --------------------------------------------------------------------------------

 End time:                               Mon May 17 12:21:02 2021
 Total wall-clock time:                  0.494 seconds
==================================================================================
