
================================================================================
          _____________ ________ _______________ ________     _________         
         / ___________// ______ \\_____   _____// ______ \   / ________)        
        / /_________  / /      \ \     | |     / /      \ \ | (_______          
       |  __________|| |        | |    | |    | |        | | \________ \        
        \ \_________ | |        | |    | |     \ \______/ /___________) |       
         \__________||_|        |_|    |_|      \________//____________/        
                                                                                
====================================[ Qcore ]===================================

 Git hash:   7cd5c520b37f7ee862d844b1504bc4191dc47444
 Git date:   Tue, 4 May 2021 13:25:05 +0100
 Compiler:   GNU 9.1.0
 Build type: Release
 Version:    1.2.0

 Start time: Mon May 17 12:39:49 2021

 Data directory: /home/of15641/.local/src/Qcore/release/share/entos/1.2.0/data
 Number of threads: 1
 Number of threads was determined by: command line argument
  - More threads can be used by running 'qcore -n 24'

 --------------------------------------------------------------------------------
                                  command: bchla                                 
 --------------------------------------------------------------------------------
Mg s eff H
  -0.3102

 SCF converged in 1 iterations.

 Setting up Delta-SCF
 Ground-Excited state overlap:           0.000000000
 No correction applied to the TDM.
 Excitation energy:                      0.074950746
 Excitation energy (in eV):              2.039513703
 Transition dipole:                     -0.94143      -2.56409      -0.56519
Mg s
          150          151          177          178          180          181          361          397          402          403          404          405          406          407
Mg p
          207          214          215          217          221          222          224          227          229          230          232          233          234          238          241          243          245          337          352          357          360          366          368          408
Mg d
          159          268          319          323          327          330          332          337          342          343          344          347          350          354          355          357          360          361          363          366          373          374          376          380          387          405          406          407          408
 Saving results in set 'frame_741'

 --------------------------------------------------------------------------------

 End time:                               Mon May 17 12:39:50 2021
 Total wall-clock time:                  0.774 seconds
==================================================================================
