
================================================================================
          _____________ ________ _______________ ________     _________         
         / ___________// ______ \\_____   _____// ______ \   / ________)        
        / /_________  / /      \ \     | |     / /      \ \ | (_______          
       |  __________|| |        | |    | |    | |        | | \________ \        
        \ \_________ | |        | |    | |     \ \______/ /___________) |       
         \__________||_|        |_|    |_|      \________//____________/        
                                                                                
====================================[ Qcore ]===================================

 Git hash:   7cd5c520b37f7ee862d844b1504bc4191dc47444
 Git date:   Tue, 4 May 2021 13:25:05 +0100
 Compiler:   GNU 9.1.0
 Build type: Release
 Version:    1.2.0

 Start time: Mon May 17 12:42:59 2021

 Data directory: /home/of15641/.local/src/Qcore/release/share/entos/1.2.0/data
 Number of threads: 1
 Number of threads was determined by: command line argument
  - More threads can be used by running 'qcore -n 24'

 --------------------------------------------------------------------------------
                                  command: bchla                                 
 --------------------------------------------------------------------------------
Mg s eff H
  -0.3104

 SCF converged in 1 iterations.

 Setting up Delta-SCF
 Ground-Excited state overlap:          -0.000000000
 No correction applied to the TDM.
 Excitation energy:                      0.072328428
 Excitation energy (in eV):              1.968156785
 Transition dipole:                     -1.99345      -3.12552       0.26331
Mg s
          151          152          178          179          380          388          396          400          402          405          406
Mg p
          207          211          213          219          220          224          226          227          228          236          237          241          242          245          247          336          345          350          352          353          354          362          365          369          373          405
Mg d
          207          213          220          227          236          237          242          245          318          327          336          338          342          344          345          350          354          356          359          363          365          367          369          371          379          382          383          388          391          405
 Saving results in set 'frame_789'

 --------------------------------------------------------------------------------

 End time:                               Mon May 17 12:42:59 2021
 Total wall-clock time:                  0.498 seconds
==================================================================================
