
================================================================================
          _____________ ________ _______________ ________     _________         
         / ___________// ______ \\_____   _____// ______ \   / ________)        
        / /_________  / /      \ \     | |     / /      \ \ | (_______          
       |  __________|| |        | |    | |    | |        | | \________ \        
        \ \_________ | |        | |    | |     \ \______/ /___________) |       
         \__________||_|        |_|    |_|      \________//____________/        
                                                                                
====================================[ Qcore ]===================================

 Git hash:   7cd5c520b37f7ee862d844b1504bc4191dc47444
 Git date:   Tue, 4 May 2021 13:25:05 +0100
 Compiler:   GNU 9.1.0
 Build type: Release
 Version:    1.2.0

 Start time: Mon May 17 12:17:54 2021

 Data directory: /home/of15641/.local/src/Qcore/release/share/entos/1.2.0/data
 Number of threads: 1
 Number of threads was determined by: command line argument
  - More threads can be used by running 'qcore -n 24'

 --------------------------------------------------------------------------------
                                  command: bchla                                 
 --------------------------------------------------------------------------------
Mg s eff H
  -0.3103

 SCF converged in 1 iterations.

 Setting up Delta-SCF
 Ground-Excited state overlap:           0.000000000
 No correction applied to the TDM.
 Excitation energy:                      0.071470269
 Excitation energy (in eV):              1.944805090
 Transition dipole:                     -2.95281       2.28770      -0.16834
Mg s
          149          152          153          178          390          401          404          406          407          408
Mg p
          238          241          313          323          324          325          334          337          339          341          343          345          347          350          352          354          359          360          362          366          368          371          374          378          382          401          404          407
Mg d
          209          210          212          217          224          227          233          238          241          244          343          350          352          359          360
 Saving results in set 'frame_251'

 --------------------------------------------------------------------------------

 End time:                               Mon May 17 12:17:54 2021
 Total wall-clock time:                  0.516 seconds
==================================================================================
