
================================================================================
          _____________ ________ _______________ ________     _________         
         / ___________// ______ \\_____   _____// ______ \   / ________)        
        / /_________  / /      \ \     | |     / /      \ \ | (_______          
       |  __________|| |        | |    | |    | |        | | \________ \        
        \ \_________ | |        | |    | |     \ \______/ /___________) |       
         \__________||_|        |_|    |_|      \________//____________/        
                                                                                
====================================[ Qcore ]===================================

 Git hash:   7cd5c520b37f7ee862d844b1504bc4191dc47444
 Git date:   Tue, 4 May 2021 13:25:05 +0100
 Compiler:   GNU 9.1.0
 Build type: Release
 Version:    1.2.0

 Start time: Mon May 17 12:11:23 2021

 Data directory: /home/of15641/.local/src/Qcore/release/share/entos/1.2.0/data
 Number of threads: 1
 Number of threads was determined by: command line argument
  - More threads can be used by running 'qcore -n 24'

 --------------------------------------------------------------------------------
                                  command: bchla                                 
 --------------------------------------------------------------------------------
Mg s eff H
  -0.3104

 SCF converged in 1 iterations.

 Setting up Delta-SCF
 Ground-Excited state overlap:          -0.000000000
 No correction applied to the TDM.
 Excitation energy:                      0.079097593
 Excitation energy (in eV):              2.152355157
 Transition dipole:                     -1.32111      -0.68988       2.55294
Mg s
          142          151          176          178          347          370          390          399          403          404          408
Mg p
          205          215          216          227          236          239          243          267          269          305          307          312          316          321          330          331          337          339          342          347          355          357          363          365          366          368          369          376          389          404          408
Mg d
          158          269          272          298          309          315          319          328          331          335          336          337          339          341          342          347          350          352          355          357          358          363          365          366          368          369          370          371          373          374          380          385          397          404
 Saving results in set 'frame_1884'

 --------------------------------------------------------------------------------

 End time:                               Mon May 17 12:11:24 2021
 Total wall-clock time:                  0.529 seconds
==================================================================================
