
================================================================================
          _____________ ________ _______________ ________     _________         
         / ___________// ______ \\_____   _____// ______ \   / ________)        
        / /_________  / /      \ \     | |     / /      \ \ | (_______          
       |  __________|| |        | |    | |    | |        | | \________ \        
        \ \_________ | |        | |    | |     \ \______/ /___________) |       
         \__________||_|        |_|    |_|      \________//____________/        
                                                                                
====================================[ Qcore ]===================================

 Git hash:   7cd5c520b37f7ee862d844b1504bc4191dc47444
 Git date:   Tue, 4 May 2021 13:25:05 +0100
 Compiler:   GNU 9.1.0
 Build type: Release
 Version:    1.2.0

 Start time: Mon May 17 11:33:37 2021

 Data directory: /home/of15641/.local/src/Qcore/release/share/entos/1.2.0/data
 Number of threads: 1
 Number of threads was determined by: command line argument
  - More threads can be used by running 'qcore -n 24'

 --------------------------------------------------------------------------------
                                  command: bchla                                 
 --------------------------------------------------------------------------------
Mg s eff H
  -0.3102

 SCF converged in 1 iterations.

 Setting up Delta-SCF
 Ground-Excited state overlap:           0.000000000
 No correction applied to the TDM.
 Excitation energy:                      0.075579277
 Excitation energy (in eV):              2.056616903
 Transition dipole:                      2.87753      -1.47138       2.13088
Mg s
          150          179          180          367          383          403          405          407
Mg p
          274          307          308          331          334          341          343          346          347          348          350          354          356          358          362          365          367          368          370          375          380          383          384          388          389          391          394          396          402          407
Mg d
          208          219          232          235          236          237          242          312          316          318          324          331          347          348          349          354          358          360          362          365          367          369          374          377          380          383          385          388          393          395
 Saving results in set 'frame_1137'

 --------------------------------------------------------------------------------

 End time:                               Mon May 17 11:33:37 2021
 Total wall-clock time:                  0.536 seconds
==================================================================================
