
================================================================================
          _____________ ________ _______________ ________     _________         
         / ___________// ______ \\_____   _____// ______ \   / ________)        
        / /_________  / /      \ \     | |     / /      \ \ | (_______          
       |  __________|| |        | |    | |    | |        | | \________ \        
        \ \_________ | |        | |    | |     \ \______/ /___________) |       
         \__________||_|        |_|    |_|      \________//____________/        
                                                                                
====================================[ Qcore ]===================================

 Git hash:   7cd5c520b37f7ee862d844b1504bc4191dc47444
 Git date:   Tue, 4 May 2021 13:25:05 +0100
 Compiler:   GNU 9.1.0
 Build type: Release
 Version:    1.2.0

 Start time: Mon May 17 12:49:34 2021

 Data directory: /home/of15641/.local/src/Qcore/release/share/entos/1.2.0/data
 Number of threads: 1
 Number of threads was determined by: command line argument
  - More threads can be used by running 'qcore -n 24'

 --------------------------------------------------------------------------------
                                  command: bchla                                 
 --------------------------------------------------------------------------------
Mg s eff H
  -0.3102

 SCF converged in 1 iterations.

 Setting up Delta-SCF
 Ground-Excited state overlap:           0.000000000
 No correction applied to the TDM.
 Excitation energy:                      0.075104510
 Excitation energy (in eV):              2.043697820
 Transition dipole:                     -2.64921      -1.40873       0.39308
Mg s
          149          177          178          180          358          398          400          402          404          405          406
Mg p
          219          229          233          240          243          267          314          317          325          329          335          341          350          353          354          355          358          361          362          364          368          373          375          376          382          405          408
Mg d
          159          219          240          303          312          321          323          333          336          339          341          345          350          354          355          356          358          361          362          364          370          373          385          394          404          405          406
 Saving results in set 'frame_906'

 --------------------------------------------------------------------------------

 End time:                               Mon May 17 12:49:34 2021
 Total wall-clock time:                  0.535 seconds
==================================================================================
