
================================================================================
          _____________ ________ _______________ ________     _________         
         / ___________// ______ \\_____   _____// ______ \   / ________)        
        / /_________  / /      \ \     | |     / /      \ \ | (_______          
       |  __________|| |        | |    | |    | |        | | \________ \        
        \ \_________ | |        | |    | |     \ \______/ /___________) |       
         \__________||_|        |_|    |_|      \________//____________/        
                                                                                
====================================[ Qcore ]===================================

 Git hash:   7cd5c520b37f7ee862d844b1504bc4191dc47444
 Git date:   Tue, 4 May 2021 13:25:05 +0100
 Compiler:   GNU 9.1.0
 Build type: Release
 Version:    1.2.0

 Start time: Mon May 17 11:37:23 2021

 Data directory: /home/of15641/.local/src/Qcore/release/share/entos/1.2.0/data
 Number of threads: 1
 Number of threads was determined by: command line argument
  - More threads can be used by running 'qcore -n 24'

 --------------------------------------------------------------------------------
                                  command: bchla                                 
 --------------------------------------------------------------------------------
Mg s eff H
  -0.3102

 SCF converged in 1 iterations.

 Setting up Delta-SCF
 Ground-Excited state overlap:          -0.000000000
 No correction applied to the TDM.
 Excitation energy:                      0.074145960
 Excitation energy (in eV):              2.017614366
 Transition dipole:                     -0.19004       3.15938      -2.42610
Mg s
          144          153          178          179          392          394          400          403          404          406
Mg p
          158          212          235          241          266          269          320          339          353          354          357          359          360          361          362          364          366          367          368          370          372          374          378          380          396          403
Mg d
          179          211          212          214          216          220          228          235          241          242          269          310          334          342          346          352          353          355          357          360          361          362          366          372          380          392          403
 Saving results in set 'frame_1262'

 --------------------------------------------------------------------------------

 End time:                               Mon May 17 11:37:24 2021
 Total wall-clock time:                  0.521 seconds
==================================================================================
