
================================================================================
          _____________ ________ _______________ ________     _________         
         / ___________// ______ \\_____   _____// ______ \   / ________)        
        / /_________  / /      \ \     | |     / /      \ \ | (_______          
       |  __________|| |        | |    | |    | |        | | \________ \        
        \ \_________ | |        | |    | |     \ \______/ /___________) |       
         \__________||_|        |_|    |_|      \________//____________/        
                                                                                
====================================[ Qcore ]===================================

 Git hash:   7cd5c520b37f7ee862d844b1504bc4191dc47444
 Git date:   Tue, 4 May 2021 13:25:05 +0100
 Compiler:   GNU 9.1.0
 Build type: Release
 Version:    1.2.0

 Start time: Mon May 17 12:39:45 2021

 Data directory: /home/of15641/.local/src/Qcore/release/share/entos/1.2.0/data
 Number of threads: 1
 Number of threads was determined by: command line argument
  - More threads can be used by running 'qcore -n 24'

 --------------------------------------------------------------------------------
                                  command: bchla                                 
 --------------------------------------------------------------------------------
Mg s eff H
  -0.3102

 SCF converged in 1 iterations.

 Setting up Delta-SCF
 Ground-Excited state overlap:          -0.000000000
 No correction applied to the TDM.
 Excitation energy:                      0.076555841
 Excitation energy (in eV):              2.083190560
 Transition dipole:                     -0.82593       1.43582       2.44869
Mg s
          151          178          179          378          395          397          401          402          403          407          408
Mg p
          213          216          229          230          241          242          267          270          318          322          345          346          349          352          354          355          358          361          365          368          370          371          379          392
Mg d
          213          229          241          242          267          270          313          337          339          342          345          346          349          352          353          356          358          360          361          365          368          370          371          374          376          389          392          397          407
 Saving results in set 'frame_705'

 --------------------------------------------------------------------------------

 End time:                               Mon May 17 12:39:46 2021
 Total wall-clock time:                  0.491 seconds
==================================================================================
