
================================================================================
          _____________ ________ _______________ ________     _________         
         / ___________// ______ \\_____   _____// ______ \   / ________)        
        / /_________  / /      \ \     | |     / /      \ \ | (_______          
       |  __________|| |        | |    | |    | |        | | \________ \        
        \ \_________ | |        | |    | |     \ \______/ /___________) |       
         \__________||_|        |_|    |_|      \________//____________/        
                                                                                
====================================[ Qcore ]===================================

 Git hash:   7cd5c520b37f7ee862d844b1504bc4191dc47444
 Git date:   Tue, 4 May 2021 13:25:05 +0100
 Compiler:   GNU 9.1.0
 Build type: Release
 Version:    1.2.0

 Start time: Mon May 17 11:55:00 2021

 Data directory: /home/of15641/.local/src/Qcore/release/share/entos/1.2.0/data
 Number of threads: 1
 Number of threads was determined by: command line argument
  - More threads can be used by running 'qcore -n 24'

 --------------------------------------------------------------------------------
                                  command: bchla                                 
 --------------------------------------------------------------------------------
Mg s eff H
  -0.3100

 SCF converged in 1 iterations.

 Setting up Delta-SCF
 Ground-Excited state overlap:           0.000000000
 No correction applied to the TDM.
 Excitation energy:                      0.080147713
 Excitation energy (in eV):              2.180930389
 Transition dipole:                      0.29845      -2.22810      -2.23472
Mg s
          147          151          178          179          385          397          403          406          408
Mg p
          267          309          310          312          313          318          332          334          335          341          344          345          346          347          352          354          359          360          363          366          370          371          373          379          381          383          390          397          406
Mg d
          204          210          212          213          224          228          233          240          242          243          244          334          335          337          344          345          349          354          355          356          366          367          370          373          379          393          397          406          408
 Saving results in set 'frame_1597'

 --------------------------------------------------------------------------------

 End time:                               Mon May 17 11:55:01 2021
 Total wall-clock time:                  0.679 seconds
==================================================================================
