
================================================================================
          _____________ ________ _______________ ________     _________         
         / ___________// ______ \\_____   _____// ______ \   / ________)        
        / /_________  / /      \ \     | |     / /      \ \ | (_______          
       |  __________|| |        | |    | |    | |        | | \________ \        
        \ \_________ | |        | |    | |     \ \______/ /___________) |       
         \__________||_|        |_|    |_|      \________//____________/        
                                                                                
====================================[ Qcore ]===================================

 Git hash:   7cd5c520b37f7ee862d844b1504bc4191dc47444
 Git date:   Tue, 4 May 2021 13:25:05 +0100
 Compiler:   GNU 9.1.0
 Build type: Release
 Version:    1.2.0

 Start time: Mon May 17 12:11:26 2021

 Data directory: /home/of15641/.local/src/Qcore/release/share/entos/1.2.0/data
 Number of threads: 1
 Number of threads was determined by: command line argument
  - More threads can be used by running 'qcore -n 24'

 --------------------------------------------------------------------------------
                                  command: bchla                                 
 --------------------------------------------------------------------------------
Mg s eff H
  -0.3103

 SCF converged in 1 iterations.

 Setting up Delta-SCF
 Ground-Excited state overlap:           0.000000000
 No correction applied to the TDM.
 Excitation energy:                      0.078262459
 Excitation energy (in eV):              2.129630001
 Transition dipole:                      2.47720       1.44689      -0.53826
Mg s
          149          152          177          178          179          180          181          383          391          397          404          405          406          407
Mg p
          207          215          217          222          227          239          240          242          245          309          317          321          331          333          340          342          346          348          351          355          359          360          362          366          367          371          376          378          379          395
Mg d
          159          271          299          325          333          337          340          342          343          346          348          351          352          353          354          355          357          362          363          364          366          367          368          369          371          373          376          378          380          389          391          395          396          397          406
 Saving results in set 'frame_1920'

 --------------------------------------------------------------------------------

 End time:                               Mon May 17 12:11:27 2021
 Total wall-clock time:                  0.586 seconds
==================================================================================
