
================================================================================
          _____________ ________ _______________ ________     _________         
         / ___________// ______ \\_____   _____// ______ \   / ________)        
        / /_________  / /      \ \     | |     / /      \ \ | (_______          
       |  __________|| |        | |    | |    | |        | | \________ \        
        \ \_________ | |        | |    | |     \ \______/ /___________) |       
         \__________||_|        |_|    |_|      \________//____________/        
                                                                                
====================================[ Qcore ]===================================

 Git hash:   7cd5c520b37f7ee862d844b1504bc4191dc47444
 Git date:   Tue, 4 May 2021 13:25:05 +0100
 Compiler:   GNU 9.1.0
 Build type: Release
 Version:    1.2.0

 Start time: Mon May 17 12:11:24 2021

 Data directory: /home/of15641/.local/src/Qcore/release/share/entos/1.2.0/data
 Number of threads: 1
 Number of threads was determined by: command line argument
  - More threads can be used by running 'qcore -n 24'

 --------------------------------------------------------------------------------
                                  command: bchla                                 
 --------------------------------------------------------------------------------
Mg s eff H
  -0.3101

 SCF converged in 1 iterations.

 Setting up Delta-SCF
 Ground-Excited state overlap:          -0.000000000
 No correction applied to the TDM.
 Excitation energy:                      0.075764855
 Excitation energy (in eV):              2.061666722
 Transition dipole:                      0.13666      -0.18367       3.27593
Mg s
          151          152          178          179          370          387          393          401          403          404          405          408
Mg p
          206          215          226          227          229          238          239          241          244          246          306          334          335          339          343          346          348          350          351          355          360          361          365          367          368          370          378          380          381          384          393
Mg d
          159          267          303          310          318          321          330          331          334          335          336          339          343          346          348          350          351          353          357          360          365          367          368          370          374          378          380          384          391          393
 Saving results in set 'frame_1895'

 --------------------------------------------------------------------------------

 End time:                               Mon May 17 12:11:25 2021
 Total wall-clock time:                  0.535 seconds
==================================================================================
