
================================================================================
          _____________ ________ _______________ ________     _________         
         / ___________// ______ \\_____   _____// ______ \   / ________)        
        / /_________  / /      \ \     | |     / /      \ \ | (_______          
       |  __________|| |        | |    | |    | |        | | \________ \        
        \ \_________ | |        | |    | |     \ \______/ /___________) |       
         \__________||_|        |_|    |_|      \________//____________/        
                                                                                
====================================[ Qcore ]===================================

 Git hash:   7cd5c520b37f7ee862d844b1504bc4191dc47444
 Git date:   Tue, 4 May 2021 13:25:05 +0100
 Compiler:   GNU 9.1.0
 Build type: Release
 Version:    1.2.0

 Start time: Mon May 17 12:49:34 2021

 Data directory: /home/of15641/.local/src/Qcore/release/share/entos/1.2.0/data
 Number of threads: 1
 Number of threads was determined by: command line argument
  - More threads can be used by running 'qcore -n 24'

 --------------------------------------------------------------------------------
                                  command: bchla                                 
 --------------------------------------------------------------------------------
Mg s eff H
  -0.3103

 SCF converged in 1 iterations.

 Setting up Delta-SCF
 Ground-Excited state overlap:          -0.000000000
 No correction applied to the TDM.
 Excitation energy:                      0.078518374
 Excitation energy (in eV):              2.136593797
 Transition dipole:                     -2.24416      -0.29650       3.08727
Mg s
          146          151          152          178          384          395          397          400          401          402          403          406
Mg p
          215          227          239          241          244          267          270          304          329          339          347          358          359          362          366          368          376          380          400
Mg d
          241          267          270          314          318          327          328          329          339          343          347          357          358          359          362          363          364          368          376          380          383          384          389          391          395          402          403          406
 Saving results in set 'frame_907'

 --------------------------------------------------------------------------------

 End time:                               Mon May 17 12:49:34 2021
 Total wall-clock time:                  0.518 seconds
==================================================================================
