
================================================================================
          _____________ ________ _______________ ________     _________         
         / ___________// ______ \\_____   _____// ______ \   / ________)        
        / /_________  / /      \ \     | |     / /      \ \ | (_______          
       |  __________|| |        | |    | |    | |        | | \________ \        
        \ \_________ | |        | |    | |     \ \______/ /___________) |       
         \__________||_|        |_|    |_|      \________//____________/        
                                                                                
====================================[ Qcore ]===================================

 Git hash:   7cd5c520b37f7ee862d844b1504bc4191dc47444
 Git date:   Tue, 4 May 2021 13:25:05 +0100
 Compiler:   GNU 9.1.0
 Build type: Release
 Version:    1.2.0

 Start time: Mon May 17 12:04:57 2021

 Data directory: /home/of15641/.local/src/Qcore/release/share/entos/1.2.0/data
 Number of threads: 1
 Number of threads was determined by: command line argument
  - More threads can be used by running 'qcore -n 24'

 --------------------------------------------------------------------------------
                                  command: bchla                                 
 --------------------------------------------------------------------------------
Mg s eff H
  -0.3102

 SCF converged in 1 iterations.

 Setting up Delta-SCF
 Ground-Excited state overlap:           0.000000000
 No correction applied to the TDM.
 Excitation energy:                      0.080492550
 Excitation energy (in eV):              2.190313861
 Transition dipole:                     -0.45283       3.63501       0.16194
Mg s
          142          150          152          178          179          359          401          404          408
Mg p
          205          210          212          215          228          235          236          240          243          265          266          305          333          340          343          344          345          350          351          355          357          359          360          374          375          404
Mg d
          205          210          228          235          236          240          243          265          305          325          333          340          343          344          345          350          351          355          357          359          360          374          375          384          404
 Saving results in set 'frame_1776'

 --------------------------------------------------------------------------------

 End time:                               Mon May 17 12:04:58 2021
 Total wall-clock time:                  0.505 seconds
==================================================================================
