
================================================================================
          _____________ ________ _______________ ________     _________         
         / ___________// ______ \\_____   _____// ______ \   / ________)        
        / /_________  / /      \ \     | |     / /      \ \ | (_______          
       |  __________|| |        | |    | |    | |        | | \________ \        
        \ \_________ | |        | |    | |     \ \______/ /___________) |       
         \__________||_|        |_|    |_|      \________//____________/        
                                                                                
====================================[ Qcore ]===================================

 Git hash:   7cd5c520b37f7ee862d844b1504bc4191dc47444
 Git date:   Tue, 4 May 2021 13:25:05 +0100
 Compiler:   GNU 9.1.0
 Build type: Release
 Version:    1.2.0

 Start time: Mon May 17 12:46:05 2021

 Data directory: /home/of15641/.local/src/Qcore/release/share/entos/1.2.0/data
 Number of threads: 1
 Number of threads was determined by: command line argument
  - More threads can be used by running 'qcore -n 24'

 --------------------------------------------------------------------------------
                                  command: bchla                                 
 --------------------------------------------------------------------------------
Mg s eff H
  -0.3104

 SCF converged in 1 iterations.

 Setting up Delta-SCF
 Ground-Excited state overlap:           0.000000000
 No correction applied to the TDM.
 Excitation energy:                      0.077949155
 Excitation energy (in eV):              2.121104573
 Transition dipole:                     -0.38894      -1.23020      -2.84815
Mg s
          151          152          177          179          181          371          385          390          392          400          401          403          405
Mg p
          158          302          307          308          317          327          332          335          337          340          341          342          344          346          347          349          351          352          355          356          357          359          362          366          372          385          389          392
Mg d
          159          210          217          227          231          238          242          244          306          310          317          318          322          324          328          331          335          336          339          340          343          349          350          351          352          357          359          363          372          373          392          394
 Saving results in set 'frame_871'

 --------------------------------------------------------------------------------

 End time:                               Mon May 17 12:46:06 2021
 Total wall-clock time:                  0.514 seconds
==================================================================================
