
================================================================================
          _____________ ________ _______________ ________     _________         
         / ___________// ______ \\_____   _____// ______ \   / ________)        
        / /_________  / /      \ \     | |     / /      \ \ | (_______          
       |  __________|| |        | |    | |    | |        | | \________ \        
        \ \_________ | |        | |    | |     \ \______/ /___________) |       
         \__________||_|        |_|    |_|      \________//____________/        
                                                                                
====================================[ Qcore ]===================================

 Git hash:   7cd5c520b37f7ee862d844b1504bc4191dc47444
 Git date:   Tue, 4 May 2021 13:25:05 +0100
 Compiler:   GNU 9.1.0
 Build type: Release
 Version:    1.2.0

 Start time: Mon May 17 12:27:23 2021

 Data directory: /home/of15641/.local/src/Qcore/release/share/entos/1.2.0/data
 Number of threads: 1
 Number of threads was determined by: command line argument
  - More threads can be used by running 'qcore -n 24'

 --------------------------------------------------------------------------------
                                  command: bchla                                 
 --------------------------------------------------------------------------------
Mg s eff H
  -0.3101

 SCF converged in 1 iterations.

 Setting up Delta-SCF
 Ground-Excited state overlap:          -0.000000000
 No correction applied to the TDM.
 Excitation energy:                      0.078843459
 Excitation energy (in eV):              2.145439828
 Transition dipole:                     -2.34348      -0.69040       2.29811
Mg s
          150          152          178          392          400          402          404          405          406          407
Mg p
          206          216          229          237          238          239          240          267          269          320          347          348          355          358          360          361          363          365          366          367          370          373          376          378          380          388          400          402
Mg d
          239          240          265          269          313          328          329          332          348          354          355          357          360          361          362          365          366          367          372          373          375          376          380          381          384          388          392          394          400          404          405
 Saving results in set 'frame_469'

 --------------------------------------------------------------------------------

 End time:                               Mon May 17 12:27:23 2021
 Total wall-clock time:                  0.562 seconds
==================================================================================
