
================================================================================
          _____________ ________ _______________ ________     _________         
         / ___________// ______ \\_____   _____// ______ \   / ________)        
        / /_________  / /      \ \     | |     / /      \ \ | (_______          
       |  __________|| |        | |    | |    | |        | | \________ \        
        \ \_________ | |        | |    | |     \ \______/ /___________) |       
         \__________||_|        |_|    |_|      \________//____________/        
                                                                                
====================================[ Qcore ]===================================

 Git hash:   7cd5c520b37f7ee862d844b1504bc4191dc47444
 Git date:   Tue, 4 May 2021 13:25:05 +0100
 Compiler:   GNU 9.1.0
 Build type: Release
 Version:    1.2.0

 Start time: Mon May 17 11:54:57 2021

 Data directory: /home/of15641/.local/src/Qcore/release/share/entos/1.2.0/data
 Number of threads: 1
 Number of threads was determined by: command line argument
  - More threads can be used by running 'qcore -n 24'

 --------------------------------------------------------------------------------
                                  command: bchla                                 
 --------------------------------------------------------------------------------
Mg s eff H
  -0.3103

 SCF converged in 1 iterations.

 Setting up Delta-SCF
 Ground-Excited state overlap:          -0.000000000
 No correction applied to the TDM.
 Excitation energy:                      0.085091148
 Excitation energy (in eV):              2.315448085
 Transition dipole:                      1.97044       1.68834       1.55345
Mg s
          152          178          369          383          387          396          398          399          401          402          404          405          408
Mg p
          158          244          265          269          327          343          348          350          352          353          354          357          359          361          362          363          369          371          372          375          377          381          383          386          387          391          392          394          396
Mg d
          178          209          212          221          222          227          228          235          237          240          241          243          244          265          327          344          348          349          350          353          357          362          363          369          380          389
 Saving results in set 'frame_1563'

 --------------------------------------------------------------------------------

 End time:                               Mon May 17 11:54:58 2021
 Total wall-clock time:                  0.521 seconds
==================================================================================
