
================================================================================
          _____________ ________ _______________ ________     _________         
         / ___________// ______ \\_____   _____// ______ \   / ________)        
        / /_________  / /      \ \     | |     / /      \ \ | (_______          
       |  __________|| |        | |    | |    | |        | | \________ \        
        \ \_________ | |        | |    | |     \ \______/ /___________) |       
         \__________||_|        |_|    |_|      \________//____________/        
                                                                                
====================================[ Qcore ]===================================

 Git hash:   7cd5c520b37f7ee862d844b1504bc4191dc47444
 Git date:   Tue, 4 May 2021 13:25:05 +0100
 Compiler:   GNU 9.1.0
 Build type: Release
 Version:    1.2.0

 Start time: Mon May 17 11:47:54 2021

 Data directory: /home/of15641/.local/src/Qcore/release/share/entos/1.2.0/data
 Number of threads: 1
 Number of threads was determined by: command line argument
  - More threads can be used by running 'qcore -n 24'

 --------------------------------------------------------------------------------
                                  command: bchla                                 
 --------------------------------------------------------------------------------
Mg s eff H
  -0.3102

 SCF converged in 1 iterations.

 Setting up Delta-SCF
 Ground-Excited state overlap:           0.000000000
 No correction applied to the TDM.
 Excitation energy:                      0.078445753
 Excitation energy (in eV):              2.134617671
 Transition dipole:                      0.21033       3.15181      -0.71450
Mg s
          150          179          380          390          394          398          402          404          405          406          407          408
Mg p
          214          217          234          235          243          299          312          329          330          335          341          344          346          349          356          357          359          363          364          365          368          371          372          373          374          375          376          377          380          394          402
Mg d
          202          203          214          217          218          224          228          233          234          235          237          239          243          329          330          335          344          346          348          349          354          365          368          373
 Saving results in set 'frame_1406'

 --------------------------------------------------------------------------------

 End time:                               Mon May 17 11:47:55 2021
 Total wall-clock time:                  0.530 seconds
==================================================================================
