
================================================================================
          _____________ ________ _______________ ________     _________         
         / ___________// ______ \\_____   _____// ______ \   / ________)        
        / /_________  / /      \ \     | |     / /      \ \ | (_______          
       |  __________|| |        | |    | |    | |        | | \________ \        
        \ \_________ | |        | |    | |     \ \______/ /___________) |       
         \__________||_|        |_|    |_|      \________//____________/        
                                                                                
====================================[ Qcore ]===================================

 Git hash:   7cd5c520b37f7ee862d844b1504bc4191dc47444
 Git date:   Tue, 4 May 2021 13:25:05 +0100
 Compiler:   GNU 9.1.0
 Build type: Release
 Version:    1.2.0

 Start time: Mon May 17 12:21:05 2021

 Data directory: /home/of15641/.local/src/Qcore/release/share/entos/1.2.0/data
 Number of threads: 1
 Number of threads was determined by: command line argument
  - More threads can be used by running 'qcore -n 24'

 --------------------------------------------------------------------------------
                                  command: bchla                                 
 --------------------------------------------------------------------------------
Mg s eff H
  -0.3103

 SCF converged in 1 iterations.

 Setting up Delta-SCF
 Ground-Excited state overlap:           0.000000000
 No correction applied to the TDM.
 Excitation energy:                      0.080449884
 Excitation energy (in eV):              2.189152877
 Transition dipole:                      2.89303       0.12009      -1.72558
Mg s
          147          152          177          365          371          384          387          396          400          401          402          403          404          405          408
Mg p
          241          245          266          269          331          340          344          348          352          359          363          365          366          369          371          373          376          379          387          391          396          398          401          402          404          405
Mg d
          203          221          233          234          241          245          266          317          320          324          331          339          340          343          350          352          354          355          357          359          362          365          366          368          369          373          376          377          381          396          401          402          404
 Saving results in set 'frame_321'

 --------------------------------------------------------------------------------

 End time:                               Mon May 17 12:21:06 2021
 Total wall-clock time:                  0.507 seconds
==================================================================================
