
================================================================================
          _____________ ________ _______________ ________     _________         
         / ___________// ______ \\_____   _____// ______ \   / ________)        
        / /_________  / /      \ \     | |     / /      \ \ | (_______          
       |  __________|| |        | |    | |    | |        | | \________ \        
        \ \_________ | |        | |    | |     \ \______/ /___________) |       
         \__________||_|        |_|    |_|      \________//____________/        
                                                                                
====================================[ Qcore ]===================================

 Git hash:   7cd5c520b37f7ee862d844b1504bc4191dc47444
 Git date:   Tue, 4 May 2021 13:25:05 +0100
 Compiler:   GNU 9.1.0
 Build type: Release
 Version:    1.2.0

 Start time: Mon May 17 12:27:21 2021

 Data directory: /home/of15641/.local/src/Qcore/release/share/entos/1.2.0/data
 Number of threads: 1
 Number of threads was determined by: command line argument
  - More threads can be used by running 'qcore -n 24'

 --------------------------------------------------------------------------------
                                  command: bchla                                 
 --------------------------------------------------------------------------------
Mg s eff H
  -0.3103

 SCF converged in 1 iterations.

 Setting up Delta-SCF
 Ground-Excited state overlap:          -0.000000000
 No correction applied to the TDM.
 Excitation energy:                      0.072555023
 Excitation energy (in eV):              1.974322766
 Transition dipole:                      1.76252      -0.09421      -2.28496
Mg s
          152          178          362          381          385          389          396          399          400          403          404          406
Mg p
          219          242          267          307          317          318          322          327          330          332          338          339          340          345          347          348          349          350          352          355          356          357          359          361          362          363          369          383          384          385          389          391
Mg d
          159          242          308          315          318          322          323          332          333          340          341          345          347          348          349          350          354          355          356          360          362          366          381          383          384          394          403          404
 Saving results in set 'frame_451'

 --------------------------------------------------------------------------------

 End time:                               Mon May 17 12:27:22 2021
 Total wall-clock time:                  0.498 seconds
==================================================================================
