
================================================================================
          _____________ ________ _______________ ________     _________         
         / ___________// ______ \\_____   _____// ______ \   / ________)        
        / /_________  / /      \ \     | |     / /      \ \ | (_______          
       |  __________|| |        | |    | |    | |        | | \________ \        
        \ \_________ | |        | |    | |     \ \______/ /___________) |       
         \__________||_|        |_|    |_|      \________//____________/        
                                                                                
====================================[ Qcore ]===================================

 Git hash:   7cd5c520b37f7ee862d844b1504bc4191dc47444
 Git date:   Tue, 4 May 2021 13:25:05 +0100
 Compiler:   GNU 9.1.0
 Build type: Release
 Version:    1.2.0

 Start time: Mon May 17 11:33:38 2021

 Data directory: /home/of15641/.local/src/Qcore/release/share/entos/1.2.0/data
 Number of threads: 1
 Number of threads was determined by: command line argument
  - More threads can be used by running 'qcore -n 24'

 --------------------------------------------------------------------------------
                                  command: bchla                                 
 --------------------------------------------------------------------------------
Mg s eff H
  -0.3102

 SCF converged in 1 iterations.

 Setting up Delta-SCF
 Ground-Excited state overlap:           0.000000000
 No correction applied to the TDM.
 Excitation energy:                      0.077036150
 Excitation energy (in eV):              2.096260442
 Transition dipole:                      0.14400      -1.14830       3.46705
Mg s
          151          152          178          179          380          385          402          404          408
Mg p
          159          265          268          305          314          321          332          336          341          342          344          347          348          353          357          362          363          364          365          367          368          369          370          372          374          385          388          389          392          395          404
Mg d
          158          223          244          265          268          323          328          347          348          353          355          356          357          362          363          364          365          367          370          371          372          374          380          387          388          389          391          394
 Saving results in set 'frame_1148'

 --------------------------------------------------------------------------------

 End time:                               Mon May 17 11:33:38 2021
 Total wall-clock time:                  0.533 seconds
==================================================================================
