
================================================================================
          _____________ ________ _______________ ________     _________         
         / ___________// ______ \\_____   _____// ______ \   / ________)        
        / /_________  / /      \ \     | |     / /      \ \ | (_______          
       |  __________|| |        | |    | |    | |        | | \________ \        
        \ \_________ | |        | |    | |     \ \______/ /___________) |       
         \__________||_|        |_|    |_|      \________//____________/        
                                                                                
====================================[ Qcore ]===================================

 Git hash:   7cd5c520b37f7ee862d844b1504bc4191dc47444
 Git date:   Tue, 4 May 2021 13:25:05 +0100
 Compiler:   GNU 9.1.0
 Build type: Release
 Version:    1.2.0

 Start time: Mon May 17 12:27:22 2021

 Data directory: /home/of15641/.local/src/Qcore/release/share/entos/1.2.0/data
 Number of threads: 1
 Number of threads was determined by: command line argument
  - More threads can be used by running 'qcore -n 24'

 --------------------------------------------------------------------------------
                                  command: bchla                                 
 --------------------------------------------------------------------------------
Mg s eff H
  -0.3102

 SCF converged in 1 iterations.

 Setting up Delta-SCF
 Ground-Excited state overlap:          -0.000000000
 No correction applied to the TDM.
 Excitation energy:                      0.076153236
 Excitation energy (in eV):              2.072235122
 Transition dipole:                     -2.95759      -1.38645       0.13630
Mg s
          143          152          176          178          179          371          395          401          402          403          404          405
Mg p
          159          235          241          300          328          344          345          349          353          354          355          356          358          361          362          363          369          371          374          375          377          380          390
Mg d
          210          217          235          239          240          241          317          328          330          338          345          349          355          356          358          360          361          363          366          369          371          374          377          380          402          403          405
 Saving results in set 'frame_45'

 --------------------------------------------------------------------------------

 End time:                               Mon May 17 12:27:23 2021
 Total wall-clock time:                  0.598 seconds
==================================================================================
