
================================================================================
          _____________ ________ _______________ ________     _________         
         / ___________// ______ \\_____   _____// ______ \   / ________)        
        / /_________  / /      \ \     | |     / /      \ \ | (_______          
       |  __________|| |        | |    | |    | |        | | \________ \        
        \ \_________ | |        | |    | |     \ \______/ /___________) |       
         \__________||_|        |_|    |_|      \________//____________/        
                                                                                
====================================[ Qcore ]===================================

 Git hash:   7cd5c520b37f7ee862d844b1504bc4191dc47444
 Git date:   Tue, 4 May 2021 13:25:05 +0100
 Compiler:   GNU 9.1.0
 Build type: Release
 Version:    1.2.0

 Start time: Mon May 17 12:49:37 2021

 Data directory: /home/of15641/.local/src/Qcore/release/share/entos/1.2.0/data
 Number of threads: 1
 Number of threads was determined by: command line argument
  - More threads can be used by running 'qcore -n 24'

 --------------------------------------------------------------------------------
                                  command: bchla                                 
 --------------------------------------------------------------------------------
Mg s eff H
  -0.3102

 SCF converged in 1 iterations.

 Setting up Delta-SCF
 Ground-Excited state overlap:           0.000000000
 No correction applied to the TDM.
 Excitation energy:                      0.077403757
 Excitation energy (in eV):              2.106263534
 Transition dipole:                     -2.38697      -0.44424       0.18758
Mg s
          152          178          180          376          403          404          406          408
Mg p
          159          246          308          313          314          318          320          321          322          324          326          329          337          339          342          343          346          347          348          354          355          357          358          361          362          370          373          378          381          389
Mg d
          158          271          301          314          333          335          337          343          346          348          351          360          362          367          370          371          372          376          381          384          387          389          391          392          394
 Saving results in set 'frame_934'

 --------------------------------------------------------------------------------

 End time:                               Mon May 17 12:49:37 2021
 Total wall-clock time:                  0.569 seconds
==================================================================================
