
================================================================================
          _____________ ________ _______________ ________     _________         
         / ___________// ______ \\_____   _____// ______ \   / ________)        
        / /_________  / /      \ \     | |     / /      \ \ | (_______          
       |  __________|| |        | |    | |    | |        | | \________ \        
        \ \_________ | |        | |    | |     \ \______/ /___________) |       
         \__________||_|        |_|    |_|      \________//____________/        
                                                                                
====================================[ Qcore ]===================================

 Git hash:   7cd5c520b37f7ee862d844b1504bc4191dc47444
 Git date:   Tue, 4 May 2021 13:25:05 +0100
 Compiler:   GNU 9.1.0
 Build type: Release
 Version:    1.2.0

 Start time: Mon May 17 12:24:17 2021

 Data directory: /home/of15641/.local/src/Qcore/release/share/entos/1.2.0/data
 Number of threads: 1
 Number of threads was determined by: command line argument
  - More threads can be used by running 'qcore -n 24'

 --------------------------------------------------------------------------------
                                  command: bchla                                 
 --------------------------------------------------------------------------------
Mg s eff H
  -0.3102

 SCF converged in 1 iterations.

 Setting up Delta-SCF
 Ground-Excited state overlap:           0.000000000
 No correction applied to the TDM.
 Excitation energy:                      0.071452150
 Excitation energy (in eV):              1.944312055
 Transition dipole:                      2.56956       0.91772      -0.06234
Mg s
          147          149          152          178          179          399          404          406          407          408
Mg p
          233          239          242          316          324          325          330          332          337          343          347          350          352          355          356          358          360          362          363          364          365          366          367          369          378          391          395          403          404
Mg d
          217          233          239          242          330          337          338          341          349          350          355          356          360          361          362          364          365          366          367          374          378          381          384          385          386          392
 Saving results in set 'frame_39'

 --------------------------------------------------------------------------------

 End time:                               Mon May 17 12:24:18 2021
 Total wall-clock time:                  0.538 seconds
==================================================================================
