
================================================================================
          _____________ ________ _______________ ________     _________         
         / ___________// ______ \\_____   _____// ______ \   / ________)        
        / /_________  / /      \ \     | |     / /      \ \ | (_______          
       |  __________|| |        | |    | |    | |        | | \________ \        
        \ \_________ | |        | |    | |     \ \______/ /___________) |       
         \__________||_|        |_|    |_|      \________//____________/        
                                                                                
====================================[ Qcore ]===================================

 Git hash:   7cd5c520b37f7ee862d844b1504bc4191dc47444
 Git date:   Tue, 4 May 2021 13:25:05 +0100
 Compiler:   GNU 9.1.0
 Build type: Release
 Version:    1.2.0

 Start time: Mon May 17 12:27:22 2021

 Data directory: /home/of15641/.local/src/Qcore/release/share/entos/1.2.0/data
 Number of threads: 1
 Number of threads was determined by: command line argument
  - More threads can be used by running 'qcore -n 24'

 --------------------------------------------------------------------------------
                                  command: bchla                                 
 --------------------------------------------------------------------------------
Mg s eff H
  -0.3103

 SCF converged in 1 iterations.

 Setting up Delta-SCF
 Ground-Excited state overlap:           0.000000000
 No correction applied to the TDM.
 Excitation energy:                      0.080601876
 Excitation energy (in eV):              2.193288793
 Transition dipole:                      2.45819       0.43891      -2.11696
Mg s
          151          153          178          179          180          363          402          403          404          405          406          407
Mg p
          158          211          213          241          245          267          272          321          332          335          339          344          345          350          351          356          358          359          360          362          363          364          367          368          371          377          378          389          392          398          402          403          407
Mg d
          211          213          241          245          303          315          324          330          332          336          337          339          345          349          358          360          362          363          364          367          368          370          373          377          382          385          389          392          393          400          403
 Saving results in set 'frame_457'

 --------------------------------------------------------------------------------

 End time:                               Mon May 17 12:27:22 2021
 Total wall-clock time:                  0.532 seconds
==================================================================================
