
================================================================================
          _____________ ________ _______________ ________     _________         
         / ___________// ______ \\_____   _____// ______ \   / ________)        
        / /_________  / /      \ \     | |     / /      \ \ | (_______          
       |  __________|| |        | |    | |    | |        | | \________ \        
        \ \_________ | |        | |    | |     \ \______/ /___________) |       
         \__________||_|        |_|    |_|      \________//____________/        
                                                                                
====================================[ Qcore ]===================================

 Git hash:   7cd5c520b37f7ee862d844b1504bc4191dc47444
 Git date:   Tue, 4 May 2021 13:25:05 +0100
 Compiler:   GNU 9.1.0
 Build type: Release
 Version:    1.2.0

 Start time: Mon May 17 11:26:32 2021

 Data directory: /home/of15641/.local/src/Qcore/release/share/entos/1.2.0/data
 Number of threads: 1
 Number of threads was determined by: command line argument
  - More threads can be used by running 'qcore -n 24'

 --------------------------------------------------------------------------------
                                  command: bchla                                 
 --------------------------------------------------------------------------------
Mg s eff H
  -0.3103

 SCF converged in 1 iterations.

 Setting up Delta-SCF
 Ground-Excited state overlap:           0.000000000
 No correction applied to the TDM.
 Excitation energy:                      0.072012472
 Excitation energy (in eV):              1.959559181
 Transition dipole:                      0.96308       0.77067      -3.52326
Mg s
          147          151          176          178          179          367          374          386          396          397          400          402          403          406
Mg p
          159          216          243          267          268          269          308          313          322          331          334          335          341          343          344          345          347          355          356          359          360          361          364          371          376          390          396          400
Mg d
          158          266          267          269          313          331          335          336          344          347          350          358          362          364          366          367          369          376          378          381          384          388          390          396          400          402          403
 Saving results in set 'frame_1042'

 --------------------------------------------------------------------------------

 End time:                               Mon May 17 11:26:33 2021
 Total wall-clock time:                  0.654 seconds
==================================================================================
