
================================================================================
          _____________ ________ _______________ ________     _________         
         / ___________// ______ \\_____   _____// ______ \   / ________)        
        / /_________  / /      \ \     | |     / /      \ \ | (_______          
       |  __________|| |        | |    | |    | |        | | \________ \        
        \ \_________ | |        | |    | |     \ \______/ /___________) |       
         \__________||_|        |_|    |_|      \________//____________/        
                                                                                
====================================[ Qcore ]===================================

 Git hash:   7cd5c520b37f7ee862d844b1504bc4191dc47444
 Git date:   Tue, 4 May 2021 13:25:05 +0100
 Compiler:   GNU 9.1.0
 Build type: Release
 Version:    1.2.0

 Start time: Mon May 17 11:44:32 2021

 Data directory: /home/of15641/.local/src/Qcore/release/share/entos/1.2.0/data
 Number of threads: 1
 Number of threads was determined by: command line argument
  - More threads can be used by running 'qcore -n 24'

 --------------------------------------------------------------------------------
                                  command: bchla                                 
 --------------------------------------------------------------------------------
Mg s eff H
  -0.3101

 SCF converged in 1 iterations.

 Setting up Delta-SCF
 Ground-Excited state overlap:           0.000000000
 No correction applied to the TDM.
 Excitation energy:                      0.078278374
 Excitation energy (in eV):              2.130063074
 Transition dipole:                      1.26922       2.73645       0.11639
Mg s
          148          150          151          179          180          397          401          406          407
Mg p
          241          309          314          328          330          338          345          348          349          350          351          352          353          356          357          360          361          365          367          368          369          372          373          375          380          384          386          395          407
Mg d
          207          208          212          214          215          217          222          223          231          232          233          234          237          239          240          241          243          246          249          356          361          365          369
 Saving results in set 'frame_1397'

 --------------------------------------------------------------------------------

 End time:                               Mon May 17 11:44:32 2021
 Total wall-clock time:                  0.523 seconds
==================================================================================
