
================================================================================
          _____________ ________ _______________ ________     _________         
         / ___________// ______ \\_____   _____// ______ \   / ________)        
        / /_________  / /      \ \     | |     / /      \ \ | (_______          
       |  __________|| |        | |    | |    | |        | | \________ \        
        \ \_________ | |        | |    | |     \ \______/ /___________) |       
         \__________||_|        |_|    |_|      \________//____________/        
                                                                                
====================================[ Qcore ]===================================

 Git hash:   7cd5c520b37f7ee862d844b1504bc4191dc47444
 Git date:   Tue, 4 May 2021 13:25:05 +0100
 Compiler:   GNU 9.1.0
 Build type: Release
 Version:    1.2.0

 Start time: Mon May 17 12:04:59 2021

 Data directory: /home/of15641/.local/src/Qcore/release/share/entos/1.2.0/data
 Number of threads: 1
 Number of threads was determined by: command line argument
  - More threads can be used by running 'qcore -n 24'

 --------------------------------------------------------------------------------
                                  command: bchla                                 
 --------------------------------------------------------------------------------
Mg s eff H
  -0.3102

 SCF converged in 1 iterations.

 Setting up Delta-SCF
 Ground-Excited state overlap:           0.000000000
 No correction applied to the TDM.
 Excitation energy:                      0.072580508
 Excitation energy (in eV):              1.975016240
 Transition dipole:                      0.12942      -1.54676      -2.34837
Mg s
          144          152          178          391          392          399          406          408
Mg p
          205          213          215          217          220          221          226          240          241          242          245          246          249          250          266          270          319          332          341          345          355          359          365          366          368          369          373          374          377          380          389          406
Mg d
          158          226          242          246          266          319          328          332          337          341          345          347          352          355          357          358          359          365          366          369          370          371          373          377          386          390          391          401          404          406          408
 Saving results in set 'frame_1789'

 --------------------------------------------------------------------------------

 End time:                               Mon May 17 12:04:59 2021
 Total wall-clock time:                  0.528 seconds
==================================================================================
