
================================================================================
          _____________ ________ _______________ ________     _________         
         / ___________// ______ \\_____   _____// ______ \   / ________)        
        / /_________  / /      \ \     | |     / /      \ \ | (_______          
       |  __________|| |        | |    | |    | |        | | \________ \        
        \ \_________ | |        | |    | |     \ \______/ /___________) |       
         \__________||_|        |_|    |_|      \________//____________/        
                                                                                
====================================[ Qcore ]===================================

 Git hash:   7cd5c520b37f7ee862d844b1504bc4191dc47444
 Git date:   Tue, 4 May 2021 13:25:05 +0100
 Compiler:   GNU 9.1.0
 Build type: Release
 Version:    1.2.0

 Start time: Mon May 17 12:08:13 2021

 Data directory: /home/of15641/.local/src/Qcore/release/share/entos/1.2.0/data
 Number of threads: 1
 Number of threads was determined by: command line argument
  - More threads can be used by running 'qcore -n 24'

 --------------------------------------------------------------------------------
                                  command: bchla                                 
 --------------------------------------------------------------------------------
Mg s eff H
  -0.3104

 SCF converged in 1 iterations.

 Setting up Delta-SCF
 Ground-Excited state overlap:           0.000000000
 No correction applied to the TDM.
 Excitation energy:                      0.075937214
 Excitation energy (in eV):              2.066356856
 Transition dipole:                      1.49461       0.65821      -2.35421
Mg s
          150          151          178          180          372          392          399          400          401          405          406
Mg p
          158          211          228          231          239          268          270          318          325          329          335          336          338          341          343          350          351          353          357          358          359          361          367          368          372          373          376          388          394          395          396          405          406          408
Mg d
          159          268          305          307          318          329          330          332          335          336          338          342          343          347          350          351          356          357          358          361          363          365          367          368          372          373          378          383          394          400          405
 Saving results in set 'frame_1875'

 --------------------------------------------------------------------------------

 End time:                               Mon May 17 12:08:14 2021
 Total wall-clock time:                  0.765 seconds
==================================================================================
