
================================================================================
          _____________ ________ _______________ ________     _________         
         / ___________// ______ \\_____   _____// ______ \   / ________)        
        / /_________  / /      \ \     | |     / /      \ \ | (_______          
       |  __________|| |        | |    | |    | |        | | \________ \        
        \ \_________ | |        | |    | |     \ \______/ /___________) |       
         \__________||_|        |_|    |_|      \________//____________/        
                                                                                
====================================[ Qcore ]===================================

 Git hash:   7cd5c520b37f7ee862d844b1504bc4191dc47444
 Git date:   Tue, 4 May 2021 13:25:05 +0100
 Compiler:   GNU 9.1.0
 Build type: Release
 Version:    1.2.0

 Start time: Mon May 17 12:08:10 2021

 Data directory: /home/of15641/.local/src/Qcore/release/share/entos/1.2.0/data
 Number of threads: 1
 Number of threads was determined by: command line argument
  - More threads can be used by running 'qcore -n 24'

 --------------------------------------------------------------------------------
                                  command: bchla                                 
 --------------------------------------------------------------------------------
Mg s eff H
  -0.3102

 SCF converged in 1 iterations.

 Setting up Delta-SCF
 Ground-Excited state overlap:           0.000000000
 No correction applied to the TDM.
 Excitation energy:                      0.079884747
 Excitation energy (in eV):              2.173774697
 Transition dipole:                      2.27971       0.83266      -1.29089
Mg s
          150          152          178          179          380          395          405          406          408
Mg p
          220          242          303          309          310          311          316          324          338          343          345          347          349          354          355          359          360          361          364          370          371          372          374          375          378          381          383          395          406
Mg d
          307          320          322          327          335          338          342          343          345          347          349          351          354          359          360          361          367          378          380          381          383          386          389
 Saving results in set 'frame_1852'

 --------------------------------------------------------------------------------

 End time:                               Mon May 17 12:08:11 2021
 Total wall-clock time:                  0.527 seconds
==================================================================================
