
================================================================================
          _____________ ________ _______________ ________     _________         
         / ___________// ______ \\_____   _____// ______ \   / ________)        
        / /_________  / /      \ \     | |     / /      \ \ | (_______          
       |  __________|| |        | |    | |    | |        | | \________ \        
        \ \_________ | |        | |    | |     \ \______/ /___________) |       
         \__________||_|        |_|    |_|      \________//____________/        
                                                                                
====================================[ Qcore ]===================================

 Git hash:   7cd5c520b37f7ee862d844b1504bc4191dc47444
 Git date:   Tue, 4 May 2021 13:25:05 +0100
 Compiler:   GNU 9.1.0
 Build type: Release
 Version:    1.2.0

 Start time: Mon May 17 12:14:39 2021

 Data directory: /home/of15641/.local/src/Qcore/release/share/entos/1.2.0/data
 Number of threads: 1
 Number of threads was determined by: command line argument
  - More threads can be used by running 'qcore -n 24'

 --------------------------------------------------------------------------------
                                  command: bchla                                 
 --------------------------------------------------------------------------------
Mg s eff H
  -0.3103

 SCF converged in 1 iterations.

 Setting up Delta-SCF
 Ground-Excited state overlap:          -0.000000000
 No correction applied to the TDM.
 Excitation energy:                      0.076728307
 Excitation energy (in eV):              2.087883608
 Transition dipole:                     -2.76375      -0.64472       1.43742
Mg s
          152          178          179          377          381          403          404          405          407
Mg p
          210          227          242          265          266          267          311          338          343          350          351          354          355          360          361          363          367          370          372          373          374          378          381          382          384          387
Mg d
          210          227          242          245          266          267          270          274          311          337          349          361          363          366          367          369          370          374          375          377          378          384          387          388          390          395          404          405          407
 Saving results in set 'frame_1979'

 --------------------------------------------------------------------------------

 End time:                               Mon May 17 12:14:39 2021
 Total wall-clock time:                  0.509 seconds
==================================================================================
