
================================================================================
          _____________ ________ _______________ ________     _________         
         / ___________// ______ \\_____   _____// ______ \   / ________)        
        / /_________  / /      \ \     | |     / /      \ \ | (_______          
       |  __________|| |        | |    | |    | |        | | \________ \        
        \ \_________ | |        | |    | |     \ \______/ /___________) |       
         \__________||_|        |_|    |_|      \________//____________/        
                                                                                
====================================[ Qcore ]===================================

 Git hash:   7cd5c520b37f7ee862d844b1504bc4191dc47444
 Git date:   Tue, 4 May 2021 13:25:05 +0100
 Compiler:   GNU 9.1.0
 Build type: Release
 Version:    1.2.0

 Start time: Mon May 17 12:21:04 2021

 Data directory: /home/of15641/.local/src/Qcore/release/share/entos/1.2.0/data
 Number of threads: 1
 Number of threads was determined by: command line argument
  - More threads can be used by running 'qcore -n 24'

 --------------------------------------------------------------------------------
                                  command: bchla                                 
 --------------------------------------------------------------------------------
Mg s eff H
  -0.3103

 SCF converged in 1 iterations.

 Setting up Delta-SCF
 Ground-Excited state overlap:          -0.000000000
 No correction applied to the TDM.
 Excitation energy:                      0.079247421
 Excitation energy (in eV):              2.156432183
 Transition dipole:                      1.88932      -2.21699      -1.28172
Mg s
          150          153          178          387          394          405          406
Mg p
          158          266          268          310          329          330          336          340          347          352          353          356          357          361          363          364          365          369          373          376          379          381
Mg d
          208          214          219          220          222          230          231          238          239          245          254          266          327          329          334          340          344          345          347          350          357          359          360          361          364          365          368          369          373          374          375          376          377          379          385          406
 Saving results in set 'frame_305'

 --------------------------------------------------------------------------------

 End time:                               Mon May 17 12:21:04 2021
 Total wall-clock time:                  0.512 seconds
==================================================================================
