
================================================================================
          _____________ ________ _______________ ________     _________         
         / ___________// ______ \\_____   _____// ______ \   / ________)        
        / /_________  / /      \ \     | |     / /      \ \ | (_______          
       |  __________|| |        | |    | |    | |        | | \________ \        
        \ \_________ | |        | |    | |     \ \______/ /___________) |       
         \__________||_|        |_|    |_|      \________//____________/        
                                                                                
====================================[ Qcore ]===================================

 Git hash:   7cd5c520b37f7ee862d844b1504bc4191dc47444
 Git date:   Tue, 4 May 2021 13:25:05 +0100
 Compiler:   GNU 9.1.0
 Build type: Release
 Version:    1.2.0

 Start time: Mon May 17 11:33:40 2021

 Data directory: /home/of15641/.local/src/Qcore/release/share/entos/1.2.0/data
 Number of threads: 1
 Number of threads was determined by: command line argument
  - More threads can be used by running 'qcore -n 24'

 --------------------------------------------------------------------------------
                                  command: bchla                                 
 --------------------------------------------------------------------------------
Mg s eff H
  -0.3101

 SCF converged in 1 iterations.

 Setting up Delta-SCF
 Ground-Excited state overlap:          -0.000000000
 No correction applied to the TDM.
 Excitation energy:                      0.078498000
 Excitation energy (in eV):              2.136039407
 Transition dipole:                     -1.43246       1.15650       2.94278
Mg s
          151          178          179          382          398          405          407          408
Mg p
          214          240          242          271          308          321          330          335          339          341          347          349          351          352          356          364          365          367          369          370          374          377          382          387          392          394          395          407
Mg d
          214          217          240          242          267          312          315          321          324          333          345          351          353          356          358          365          367          369          372          374          377          382          384          386          396          398          401          407
 Saving results in set 'frame_116'

 --------------------------------------------------------------------------------

 End time:                               Mon May 17 11:33:40 2021
 Total wall-clock time:                  0.502 seconds
==================================================================================
