
================================================================================
          _____________ ________ _______________ ________     _________         
         / ___________// ______ \\_____   _____// ______ \   / ________)        
        / /_________  / /      \ \     | |     / /      \ \ | (_______          
       |  __________|| |        | |    | |    | |        | | \________ \        
        \ \_________ | |        | |    | |     \ \______/ /___________) |       
         \__________||_|        |_|    |_|      \________//____________/        
                                                                                
====================================[ Qcore ]===================================

 Git hash:   7cd5c520b37f7ee862d844b1504bc4191dc47444
 Git date:   Tue, 4 May 2021 13:25:05 +0100
 Compiler:   GNU 9.1.0
 Build type: Release
 Version:    1.2.0

 Start time: Mon May 17 12:21:07 2021

 Data directory: /home/of15641/.local/src/Qcore/release/share/entos/1.2.0/data
 Number of threads: 1
 Number of threads was determined by: command line argument
  - More threads can be used by running 'qcore -n 24'

 --------------------------------------------------------------------------------
                                  command: bchla                                 
 --------------------------------------------------------------------------------
Mg s eff H
  -0.3102

 SCF converged in 1 iterations.

 Setting up Delta-SCF
 Ground-Excited state overlap:          -0.000000000
 No correction applied to the TDM.
 Excitation energy:                      0.080595447
 Excitation energy (in eV):              2.193113851
 Transition dipole:                     -3.26158      -1.12715       0.72033
Mg s
          150          178          179          180          365          395          397          398          399          402          404          406          408
Mg p
          242          272          313          315          327          343          348          357          358          360          363          364          365          368          369          371          372          374          376          377          380          381          384          388          395          406          408
Mg d
          206          217          239          241          242          250          265          333          337          343          350          351          356          358          363          364          365          367          369          371          372          374          377          380          384          385          388          406
 Saving results in set 'frame_336'

 --------------------------------------------------------------------------------

 End time:                               Mon May 17 12:21:07 2021
 Total wall-clock time:                  0.583 seconds
==================================================================================
