
================================================================================
          _____________ ________ _______________ ________     _________         
         / ___________// ______ \\_____   _____// ______ \   / ________)        
        / /_________  / /      \ \     | |     / /      \ \ | (_______          
       |  __________|| |        | |    | |    | |        | | \________ \        
        \ \_________ | |        | |    | |     \ \______/ /___________) |       
         \__________||_|        |_|    |_|      \________//____________/        
                                                                                
====================================[ Qcore ]===================================

 Git hash:   7cd5c520b37f7ee862d844b1504bc4191dc47444
 Git date:   Tue, 4 May 2021 13:25:05 +0100
 Compiler:   GNU 9.1.0
 Build type: Release
 Version:    1.2.0

 Start time: Mon May 17 11:58:22 2021

 Data directory: /home/of15641/.local/src/Qcore/release/share/entos/1.2.0/data
 Number of threads: 1
 Number of threads was determined by: command line argument
  - More threads can be used by running 'qcore -n 24'

 --------------------------------------------------------------------------------
                                  command: bchla                                 
 --------------------------------------------------------------------------------
Mg s eff H
  -0.3103

 SCF converged in 1 iterations.

 Setting up Delta-SCF
 Ground-Excited state overlap:          -0.000000000
 No correction applied to the TDM.
 Excitation energy:                      0.081937213
 Excitation energy (in eV):              2.229625139
 Transition dipole:                      0.81512      -2.60069      -1.85838
Mg s
          149          153          177          178          179          180          181          378          398          405          406          407          408
Mg p
          243          266          314          316          318          326          337          339          340          346          348          351          353          355          358          362          363          364          368          370          373          376          377          378          381          408
Mg d
          210          211          213          214          218          222          229          234          238          243          245          250          266          338          340          346          351          353          359          360          362          363          364          368          370          374          400          405          406
 Saving results in set 'frame_1621'

 --------------------------------------------------------------------------------

 End time:                               Mon May 17 11:58:23 2021
 Total wall-clock time:                  0.537 seconds
==================================================================================
