
================================================================================
          _____________ ________ _______________ ________     _________         
         / ___________// ______ \\_____   _____// ______ \   / ________)        
        / /_________  / /      \ \     | |     / /      \ \ | (_______          
       |  __________|| |        | |    | |    | |        | | \________ \        
        \ \_________ | |        | |    | |     \ \______/ /___________) |       
         \__________||_|        |_|    |_|      \________//____________/        
                                                                                
====================================[ Qcore ]===================================

 Git hash:   7cd5c520b37f7ee862d844b1504bc4191dc47444
 Git date:   Tue, 4 May 2021 13:25:05 +0100
 Compiler:   GNU 9.1.0
 Build type: Release
 Version:    1.2.0

 Start time: Mon May 17 11:40:50 2021

 Data directory: /home/of15641/.local/src/Qcore/release/share/entos/1.2.0/data
 Number of threads: 1
 Number of threads was determined by: command line argument
  - More threads can be used by running 'qcore -n 24'

 --------------------------------------------------------------------------------
                                  command: bchla                                 
 --------------------------------------------------------------------------------
Mg s eff H
  -0.3101

 SCF converged in 1 iterations.

 Setting up Delta-SCF
 Ground-Excited state overlap:           0.000000000
 No correction applied to the TDM.
 Excitation energy:                      0.075186719
 Excitation energy (in eV):              2.045934856
 Transition dipole:                     -2.67856      -0.72118      -0.25829
Mg s
          140          149          152          178          179          392          396          399          406          407          408
Mg p
          159          308          315          318          326          327          328          331          333          334          339          340          342          343          347          352          353          354          357          358          363          370          377          380          388          389          406          407
Mg d
          206          208          214          215          216          217          218          219          220          224          226          230          232          236          237          238          241          245          251          352          357          358          363          366          370
 Saving results in set 'frame_1284'

 --------------------------------------------------------------------------------

 End time:                               Mon May 17 11:40:51 2021
 Total wall-clock time:                  0.542 seconds
==================================================================================
