
================================================================================
          _____________ ________ _______________ ________     _________         
         / ___________// ______ \\_____   _____// ______ \   / ________)        
        / /_________  / /      \ \     | |     / /      \ \ | (_______          
       |  __________|| |        | |    | |    | |        | | \________ \        
        \ \_________ | |        | |    | |     \ \______/ /___________) |       
         \__________||_|        |_|    |_|      \________//____________/        
                                                                                
====================================[ Qcore ]===================================

 Git hash:   7cd5c520b37f7ee862d844b1504bc4191dc47444
 Git date:   Tue, 4 May 2021 13:25:05 +0100
 Compiler:   GNU 9.1.0
 Build type: Release
 Version:    1.2.0

 Start time: Mon May 17 11:37:27 2021

 Data directory: /home/of15641/.local/src/Qcore/release/share/entos/1.2.0/data
 Number of threads: 1
 Number of threads was determined by: command line argument
  - More threads can be used by running 'qcore -n 24'

 --------------------------------------------------------------------------------
                                  command: bchla                                 
 --------------------------------------------------------------------------------
Mg s eff H
  -0.3104

 SCF converged in 1 iterations.

 Setting up Delta-SCF
 Ground-Excited state overlap:           0.000000000
 No correction applied to the TDM.
 Excitation energy:                      0.074216720
 Excitation energy (in eV):              2.019539837
 Transition dipole:                      0.52049       3.45823      -0.25640
Mg s
          152          178          179          180          362          378          379          383          402          406          408
Mg p
          219          240          266          271          304          311          329          333          337          341          342          346          348          349          351          354          357          360          362          364          387          396          402          406
Mg d
          207          208          209          214          216          219          224          226          227          233          237          239          240          242          247          249          337          357          362          406
 Saving results in set 'frame_1250'

 --------------------------------------------------------------------------------

 End time:                               Mon May 17 11:37:27 2021
 Total wall-clock time:                  0.490 seconds
==================================================================================
