
================================================================================
          _____________ ________ _______________ ________     _________         
         / ___________// ______ \\_____   _____// ______ \   / ________)        
        / /_________  / /      \ \     | |     / /      \ \ | (_______          
       |  __________|| |        | |    | |    | |        | | \________ \        
        \ \_________ | |        | |    | |     \ \______/ /___________) |       
         \__________||_|        |_|    |_|      \________//____________/        
                                                                                
====================================[ Qcore ]===================================

 Git hash:   7cd5c520b37f7ee862d844b1504bc4191dc47444
 Git date:   Tue, 4 May 2021 13:25:05 +0100
 Compiler:   GNU 9.1.0
 Build type: Release
 Version:    1.2.0

 Start time: Mon May 17 12:42:59 2021

 Data directory: /home/of15641/.local/src/Qcore/release/share/entos/1.2.0/data
 Number of threads: 1
 Number of threads was determined by: command line argument
  - More threads can be used by running 'qcore -n 24'

 --------------------------------------------------------------------------------
                                  command: bchla                                 
 --------------------------------------------------------------------------------
Mg s eff H
  -0.3101

 SCF converged in 1 iterations.

 Setting up Delta-SCF
 Ground-Excited state overlap:          -0.000000000
 No correction applied to the TDM.
 Excitation energy:                      0.071478996
 Excitation energy (in eV):              1.945042581
 Transition dipole:                     -0.39686      -2.17534      -1.57521
Mg s
          146          151          179          378          389          406          408
Mg p
          205          208          210          217          223          226          227          230          240          241          243          245          248          270          335          354          357          360          363          364          366          368          377          378
Mg d
          240          267          303          323          331          335          337          339          343          350          353          354          355          357          359          360          363          364          368          371          374          381          389          392          394          397          399          406          408
 Saving results in set 'frame_792'

 --------------------------------------------------------------------------------

 End time:                               Mon May 17 12:43:00 2021
 Total wall-clock time:                  0.511 seconds
==================================================================================
