
================================================================================
          _____________ ________ _______________ ________     _________         
         / ___________// ______ \\_____   _____// ______ \   / ________)        
        / /_________  / /      \ \     | |     / /      \ \ | (_______          
       |  __________|| |        | |    | |    | |        | | \________ \        
        \ \_________ | |        | |    | |     \ \______/ /___________) |       
         \__________||_|        |_|    |_|      \________//____________/        
                                                                                
====================================[ Qcore ]===================================

 Git hash:   7cd5c520b37f7ee862d844b1504bc4191dc47444
 Git date:   Tue, 4 May 2021 13:25:05 +0100
 Compiler:   GNU 9.1.0
 Build type: Release
 Version:    1.2.0

 Start time: Mon May 17 12:14:38 2021

 Data directory: /home/of15641/.local/src/Qcore/release/share/entos/1.2.0/data
 Number of threads: 1
 Number of threads was determined by: command line argument
  - More threads can be used by running 'qcore -n 24'

 --------------------------------------------------------------------------------
                                  command: bchla                                 
 --------------------------------------------------------------------------------
Mg s eff H
  -0.3104

 SCF converged in 1 iterations.

 Setting up Delta-SCF
 Ground-Excited state overlap:           0.000000000
 No correction applied to the TDM.
 Excitation energy:                      0.077846963
 Excitation energy (in eV):              2.118323772
 Transition dipole:                      3.02069      -0.37927      -1.46452
Mg s
          149          153          177          179          181          374          386          391          393          394          400          401          403          405          408
Mg p
          159          239          242          265          307          308          311          315          318          320          321          329          332          336          338          339          341          347          350          351          352          353          355          356          359          374          375          378          381          394
Mg d
          205          208          210          215          218          224          226          231          236          239          241          242          315          332          338          343          352          355          359          362          365          366          372          374          394
 Saving results in set 'frame_1964'

 --------------------------------------------------------------------------------

 End time:                               Mon May 17 12:14:38 2021
 Total wall-clock time:                  0.502 seconds
==================================================================================
