
================================================================================
          _____________ ________ _______________ ________     _________         
         / ___________// ______ \\_____   _____// ______ \   / ________)        
        / /_________  / /      \ \     | |     / /      \ \ | (_______          
       |  __________|| |        | |    | |    | |        | | \________ \        
        \ \_________ | |        | |    | |     \ \______/ /___________) |       
         \__________||_|        |_|    |_|      \________//____________/        
                                                                                
====================================[ Qcore ]===================================

 Git hash:   7cd5c520b37f7ee862d844b1504bc4191dc47444
 Git date:   Tue, 4 May 2021 13:25:05 +0100
 Compiler:   GNU 9.1.0
 Build type: Release
 Version:    1.2.0

 Start time: Mon May 17 12:30:28 2021

 Data directory: /home/of15641/.local/src/Qcore/release/share/entos/1.2.0/data
 Number of threads: 1
 Number of threads was determined by: command line argument
  - More threads can be used by running 'qcore -n 24'

 --------------------------------------------------------------------------------
                                  command: bchla                                 
 --------------------------------------------------------------------------------
Mg s eff H
  -0.3103

 SCF converged in 1 iterations.

 Setting up Delta-SCF
 Ground-Excited state overlap:           0.000000000
 No correction applied to the TDM.
 Excitation energy:                      0.078142427
 Excitation energy (in eV):              2.126363751
 Transition dipole:                     -0.70622      -1.21822       3.03815
Mg s
          149          152          176          178          179          385          403          405          406
Mg p
          207          215          216          217          218          219          222          224          225          226          227          236          241          243          247          251          320          340          346          360          361          362          364          366          376          383
Mg d
          303          325          329          333          336          342          343          345          346          351          352          353          354          356          360          361          365          366          369          370          378          379          382          385          386          387          391          392          394          405          408
 Saving results in set 'frame_509'

 --------------------------------------------------------------------------------

 End time:                               Mon May 17 12:30:29 2021
 Total wall-clock time:                  0.519 seconds
==================================================================================
