
================================================================================
          _____________ ________ _______________ ________     _________         
         / ___________// ______ \\_____   _____// ______ \   / ________)        
        / /_________  / /      \ \     | |     / /      \ \ | (_______          
       |  __________|| |        | |    | |    | |        | | \________ \        
        \ \_________ | |        | |    | |     \ \______/ /___________) |       
         \__________||_|        |_|    |_|      \________//____________/        
                                                                                
====================================[ Qcore ]===================================

 Git hash:   7cd5c520b37f7ee862d844b1504bc4191dc47444
 Git date:   Tue, 4 May 2021 13:25:05 +0100
 Compiler:   GNU 9.1.0
 Build type: Release
 Version:    1.2.0

 Start time: Mon May 17 11:30:15 2021

 Data directory: /home/of15641/.local/src/Qcore/release/share/entos/1.2.0/data
 Number of threads: 1
 Number of threads was determined by: command line argument
  - More threads can be used by running 'qcore -n 24'

 --------------------------------------------------------------------------------
                                  command: bchla                                 
 --------------------------------------------------------------------------------
Mg s eff H
  -0.3103

 SCF converged in 1 iterations.

 Setting up Delta-SCF
 Ground-Excited state overlap:           0.000000000
 No correction applied to the TDM.
 Excitation energy:                      0.078098034
 Excitation energy (in eV):              2.125155766
 Transition dipole:                      2.19282      -1.28058       2.78404
Mg s
          151          178          179          367          375          393          394          398          399          401          404          406          407          408
Mg p
          159          267          269          270          321          327          329          347          349          352          354          360          361          363          365          366          367          370          374          375          377          401
Mg d
          158          214          243          267          269          270          309          315          325          347          349          352          354          357          359          360          361          363          365          367          374          375          377          385          394          401          404
 Saving results in set 'frame_1118'

 --------------------------------------------------------------------------------

 End time:                               Mon May 17 11:30:16 2021
 Total wall-clock time:                  0.525 seconds
==================================================================================
