
================================================================================
          _____________ ________ _______________ ________     _________         
         / ___________// ______ \\_____   _____// ______ \   / ________)        
        / /_________  / /      \ \     | |     / /      \ \ | (_______          
       |  __________|| |        | |    | |    | |        | | \________ \        
        \ \_________ | |        | |    | |     \ \______/ /___________) |       
         \__________||_|        |_|    |_|      \________//____________/        
                                                                                
====================================[ Qcore ]===================================

 Git hash:   7cd5c520b37f7ee862d844b1504bc4191dc47444
 Git date:   Tue, 4 May 2021 13:25:05 +0100
 Compiler:   GNU 9.1.0
 Build type: Release
 Version:    1.2.0

 Start time: Mon May 17 12:08:10 2021

 Data directory: /home/of15641/.local/src/Qcore/release/share/entos/1.2.0/data
 Number of threads: 1
 Number of threads was determined by: command line argument
  - More threads can be used by running 'qcore -n 24'

 --------------------------------------------------------------------------------
                                  command: bchla                                 
 --------------------------------------------------------------------------------
Mg s eff H
  -0.3102

 SCF converged in 1 iterations.

 Setting up Delta-SCF
 Ground-Excited state overlap:           0.000000000
 No correction applied to the TDM.
 Excitation energy:                      0.071394332
 Excitation energy (in eV):              1.942738752
 Transition dipole:                      0.69260       0.55560      -3.42766
Mg s
          144          149          179          364          393          395          397          402          404          406          407          408
Mg p
          158          238          239          245          267          269          270          320          324          328          329          337          343          344          346          348          356          359          360          361          364          365          367          372          373          382          385          389          402          406
Mg d
          159          269          304          316          327          329          337          340          343          346          347          349          354          359          360          364          366          367          372          375          380          382          385          386          389          391          408
 Saving results in set 'frame_1848'

 --------------------------------------------------------------------------------

 End time:                               Mon May 17 12:08:10 2021
 Total wall-clock time:                  0.498 seconds
==================================================================================
