
================================================================================
          _____________ ________ _______________ ________     _________         
         / ___________// ______ \\_____   _____// ______ \   / ________)        
        / /_________  / /      \ \     | |     / /      \ \ | (_______          
       |  __________|| |        | |    | |    | |        | | \________ \        
        \ \_________ | |        | |    | |     \ \______/ /___________) |       
         \__________||_|        |_|    |_|      \________//____________/        
                                                                                
====================================[ Qcore ]===================================

 Git hash:   7cd5c520b37f7ee862d844b1504bc4191dc47444
 Git date:   Tue, 4 May 2021 13:25:05 +0100
 Compiler:   GNU 9.1.0
 Build type: Release
 Version:    1.2.0

 Start time: Mon May 17 12:04:59 2021

 Data directory: /home/of15641/.local/src/Qcore/release/share/entos/1.2.0/data
 Number of threads: 1
 Number of threads was determined by: command line argument
  - More threads can be used by running 'qcore -n 24'

 --------------------------------------------------------------------------------
                                  command: bchla                                 
 --------------------------------------------------------------------------------
Mg s eff H
  -0.3104

 SCF converged in 1 iterations.

 Setting up Delta-SCF
 Ground-Excited state overlap:           0.000000000
 No correction applied to the TDM.
 Excitation energy:                      0.080842721
 Excitation energy (in eV):              2.199842507
 Transition dipole:                      1.46854       2.78053       1.84130
Mg s
          151          153          177          178          179          378          396          399          401          404          405          406          408
Mg p
          202          216          217          218          227          233          236          239          267          315          318          325          328          335          337          342          344          347          353          354          358          361          362          367          369          370          372          387          404
Mg d
          202          216          217          236          239          265          303          315          318          323          325          331          335          337          338          339          342          344          345          347          349          356          358          361          366          367          377          378          399          404          408
 Saving results in set 'frame_1795'

 --------------------------------------------------------------------------------

 End time:                               Mon May 17 12:05:00 2021
 Total wall-clock time:                  0.537 seconds
==================================================================================
