
================================================================================
          _____________ ________ _______________ ________     _________         
         / ___________// ______ \\_____   _____// ______ \   / ________)        
        / /_________  / /      \ \     | |     / /      \ \ | (_______          
       |  __________|| |        | |    | |    | |        | | \________ \        
        \ \_________ | |        | |    | |     \ \______/ /___________) |       
         \__________||_|        |_|    |_|      \________//____________/        
                                                                                
====================================[ Qcore ]===================================

 Git hash:   7cd5c520b37f7ee862d844b1504bc4191dc47444
 Git date:   Tue, 4 May 2021 13:25:05 +0100
 Compiler:   GNU 9.1.0
 Build type: Release
 Version:    1.2.0

 Start time: Mon May 17 12:49:39 2021

 Data directory: /home/of15641/.local/src/Qcore/release/share/entos/1.2.0/data
 Number of threads: 1
 Number of threads was determined by: command line argument
  - More threads can be used by running 'qcore -n 24'

 --------------------------------------------------------------------------------
                                  command: bchla                                 
 --------------------------------------------------------------------------------
Mg s eff H
  -0.3100

 SCF converged in 1 iterations.

 Setting up Delta-SCF
 Ground-Excited state overlap:           0.000000000
 No correction applied to the TDM.
 Excitation energy:                      0.077162466
 Excitation energy (in eV):              2.099697677
 Transition dipole:                     -2.70631      -0.61998      -0.12252
Mg s
          145          178          179          389          396          406          408
Mg p
          159          267          309          320          321          322          323          329          331          333          335          336          342          345          346          347          349          351          352          354          356          359          362          364          365          378          395          400          406          408
Mg d
          158          267          273          305          309          320          331          333          344          345          349          350          351          356          358          359          362          365          368          369          371          375          378          379          384          385          386          406
 Saving results in set 'frame_953'

 --------------------------------------------------------------------------------

 End time:                               Mon May 17 12:49:40 2021
 Total wall-clock time:                  0.746 seconds
==================================================================================
