
================================================================================
          _____________ ________ _______________ ________     _________         
         / ___________// ______ \\_____   _____// ______ \   / ________)        
        / /_________  / /      \ \     | |     / /      \ \ | (_______          
       |  __________|| |        | |    | |    | |        | | \________ \        
        \ \_________ | |        | |    | |     \ \______/ /___________) |       
         \__________||_|        |_|    |_|      \________//____________/        
                                                                                
====================================[ Qcore ]===================================

 Git hash:   7cd5c520b37f7ee862d844b1504bc4191dc47444
 Git date:   Tue, 4 May 2021 13:25:05 +0100
 Compiler:   GNU 9.1.0
 Build type: Release
 Version:    1.2.0

 Start time: Mon May 17 11:33:42 2021

 Data directory: /home/of15641/.local/src/Qcore/release/share/entos/1.2.0/data
 Number of threads: 1
 Number of threads was determined by: command line argument
  - More threads can be used by running 'qcore -n 24'

 --------------------------------------------------------------------------------
                                  command: bchla                                 
 --------------------------------------------------------------------------------
Mg s eff H
  -0.3103

 SCF converged in 1 iterations.

 Setting up Delta-SCF
 Ground-Excited state overlap:           0.000000000
 No correction applied to the TDM.
 Excitation energy:                      0.075140181
 Excitation energy (in eV):              2.044668476
 Transition dipole:                      1.68687       2.33321      -2.46217
Mg s
          149          153          177          178          179          180          377          403          404          405          406          407
Mg p
          270          271          296          321          329          340          343          344          346          347          353          354          356          358          359          360          361          363          364          365          369          371          372          374          377          379          380          381          384          386          387          403          404          405          408
Mg d
          207          209          210          216          220          221          226          228          234          242          245          246          309          314          337          338          340          342          346          349          350          353          354          356          360          361          365          367          369          371
 Saving results in set 'frame_1194'

 --------------------------------------------------------------------------------

 End time:                               Mon May 17 11:33:43 2021
 Total wall-clock time:                  0.511 seconds
==================================================================================
