
================================================================================
          _____________ ________ _______________ ________     _________         
         / ___________// ______ \\_____   _____// ______ \   / ________)        
        / /_________  / /      \ \     | |     / /      \ \ | (_______          
       |  __________|| |        | |    | |    | |        | | \________ \        
        \ \_________ | |        | |    | |     \ \______/ /___________) |       
         \__________||_|        |_|    |_|      \________//____________/        
                                                                                
====================================[ Qcore ]===================================

 Git hash:   7cd5c520b37f7ee862d844b1504bc4191dc47444
 Git date:   Tue, 4 May 2021 13:25:05 +0100
 Compiler:   GNU 9.1.0
 Build type: Release
 Version:    1.2.0

 Start time: Mon May 17 12:17:51 2021

 Data directory: /home/of15641/.local/src/Qcore/release/share/entos/1.2.0/data
 Number of threads: 1
 Number of threads was determined by: command line argument
  - More threads can be used by running 'qcore -n 24'

 --------------------------------------------------------------------------------
                                  command: bchla                                 
 --------------------------------------------------------------------------------
Mg s eff H
  -0.3103

 SCF converged in 1 iterations.

 Setting up Delta-SCF
 Ground-Excited state overlap:           0.000000000
 No correction applied to the TDM.
 Excitation energy:                      0.077687874
 Excitation energy (in eV):              2.113994747
 Transition dipole:                      1.21082       1.46442       2.03453
Mg s
          150          153          178          179          351          381          393          394          396          398          400          401          404          405
Mg p
          158          266          267          308          312          324          331          340          342          343          347          348          349          351          353          355          356          357          359          366          370          376          380          385          386          387          394          398          400          408
Mg d
          217          222          227          229          230          240          241          266          267          307          315          321          331          337          340          343          347          348          351          353          355          356          357          359          361          362          363          367          370          374          377          380          384          385          391          400          401          405
 Saving results in set 'frame_21'

 --------------------------------------------------------------------------------

 End time:                               Mon May 17 12:17:51 2021
 Total wall-clock time:                  0.550 seconds
==================================================================================
