
================================================================================
          _____________ ________ _______________ ________     _________         
         / ___________// ______ \\_____   _____// ______ \   / ________)        
        / /_________  / /      \ \     | |     / /      \ \ | (_______          
       |  __________|| |        | |    | |    | |        | | \________ \        
        \ \_________ | |        | |    | |     \ \______/ /___________) |       
         \__________||_|        |_|    |_|      \________//____________/        
                                                                                
====================================[ Qcore ]===================================

 Git hash:   7cd5c520b37f7ee862d844b1504bc4191dc47444
 Git date:   Tue, 4 May 2021 13:25:05 +0100
 Compiler:   GNU 9.1.0
 Build type: Release
 Version:    1.2.0

 Start time: Mon May 17 12:33:30 2021

 Data directory: /home/of15641/.local/src/Qcore/release/share/entos/1.2.0/data
 Number of threads: 1
 Number of threads was determined by: command line argument
  - More threads can be used by running 'qcore -n 24'

 --------------------------------------------------------------------------------
                                  command: bchla                                 
 --------------------------------------------------------------------------------
Mg s eff H
  -0.3101

 SCF converged in 1 iterations.

 Setting up Delta-SCF
 Ground-Excited state overlap:           0.000000000
 No correction applied to the TDM.
 Excitation energy:                      0.076081989
 Excitation energy (in eV):              2.070296398
 Transition dipole:                      0.79247      -1.62174      -2.60711
Mg s
          145          148          153          177          178          179          180          337          405          407
Mg p
          218          236          243          270          325          330          335          337          338          342          345          350          351          353          355          356          364          367          369          370          371          372          381          405          407
Mg d
          209          218          236          237          243          268          270          325          328          337          338          342          343          345          351          353          355          356          361          365          367          369          372          375          377          380          381          384          385          387          388          407          408
 Saving results in set 'frame_57'

 --------------------------------------------------------------------------------

 End time:                               Mon May 17 12:33:31 2021
 Total wall-clock time:                  0.522 seconds
==================================================================================
