
================================================================================
          _____________ ________ _______________ ________     _________         
         / ___________// ______ \\_____   _____// ______ \   / ________)        
        / /_________  / /      \ \     | |     / /      \ \ | (_______          
       |  __________|| |        | |    | |    | |        | | \________ \        
        \ \_________ | |        | |    | |     \ \______/ /___________) |       
         \__________||_|        |_|    |_|      \________//____________/        
                                                                                
====================================[ Qcore ]===================================

 Git hash:   7cd5c520b37f7ee862d844b1504bc4191dc47444
 Git date:   Tue, 4 May 2021 13:25:05 +0100
 Compiler:   GNU 9.1.0
 Build type: Release
 Version:    1.2.0

 Start time: Mon May 17 12:04:56 2021

 Data directory: /home/of15641/.local/src/Qcore/release/share/entos/1.2.0/data
 Number of threads: 1
 Number of threads was determined by: command line argument
  - More threads can be used by running 'qcore -n 24'

 --------------------------------------------------------------------------------
                                  command: bchla                                 
 --------------------------------------------------------------------------------
Mg s eff H
  -0.3102

 SCF converged in 1 iterations.

 Setting up Delta-SCF
 Ground-Excited state overlap:          -0.000000000
 No correction applied to the TDM.
 Excitation energy:                      0.076720234
 Excitation energy (in eV):              2.087663924
 Transition dipole:                      1.93628      -3.32589      -0.94652
Mg s
          144          148          152          177          178          349          377          384          398          401          402          403          408
Mg p
          228          242          243          265          266          269          315          332          335          336          339          349          357          360          361          367          370          371          375          379          384          391          392          396          400          402
Mg d
          178          198          211          212          213          214          216          223          224          228          229          232          235          239          240          242          243          245          246          249          266          349          370          375
 Saving results in set 'frame_1757'

 --------------------------------------------------------------------------------

 End time:                               Mon May 17 12:04:56 2021
 Total wall-clock time:                  0.523 seconds
==================================================================================
