
================================================================================
          _____________ ________ _______________ ________     _________         
         / ___________// ______ \\_____   _____// ______ \   / ________)        
        / /_________  / /      \ \     | |     / /      \ \ | (_______          
       |  __________|| |        | |    | |    | |        | | \________ \        
        \ \_________ | |        | |    | |     \ \______/ /___________) |       
         \__________||_|        |_|    |_|      \________//____________/        
                                                                                
====================================[ Qcore ]===================================

 Git hash:   7cd5c520b37f7ee862d844b1504bc4191dc47444
 Git date:   Tue, 4 May 2021 13:25:05 +0100
 Compiler:   GNU 9.1.0
 Build type: Release
 Version:    1.2.0

 Start time: Mon May 17 11:26:32 2021

 Data directory: /home/of15641/.local/src/Qcore/release/share/entos/1.2.0/data
 Number of threads: 1
 Number of threads was determined by: command line argument
  - More threads can be used by running 'qcore -n 24'

 --------------------------------------------------------------------------------
                                  command: bchla                                 
 --------------------------------------------------------------------------------
Mg s eff H
  -0.3102

 SCF converged in 1 iterations.

 Setting up Delta-SCF
 Ground-Excited state overlap:           0.000000000
 No correction applied to the TDM.
 Excitation energy:                      0.077680639
 Excitation energy (in eV):              2.113797860
 Transition dipole:                      2.35780       0.48576       1.95208
Mg s
          151          153          179          398          402          404          405          406          408
Mg p
          158          222          246          270          305          316          335          340          341          342          345          348          349          350          357          358          359          360          361          362          366          368          374          375          378          383          388          396
Mg d
          159          309          323          335          349          353          357          360          361          364          365          366          368          372          373          374          375          378          381          383          394          404          405          406
 Saving results in set 'frame_1039'

 --------------------------------------------------------------------------------

 End time:                               Mon May 17 11:26:33 2021
 Total wall-clock time:                  0.771 seconds
==================================================================================
