
================================================================================
          _____________ ________ _______________ ________     _________         
         / ___________// ______ \\_____   _____// ______ \   / ________)        
        / /_________  / /      \ \     | |     / /      \ \ | (_______          
       |  __________|| |        | |    | |    | |        | | \________ \        
        \ \_________ | |        | |    | |     \ \______/ /___________) |       
         \__________||_|        |_|    |_|      \________//____________/        
                                                                                
====================================[ Qcore ]===================================

 Git hash:   7cd5c520b37f7ee862d844b1504bc4191dc47444
 Git date:   Tue, 4 May 2021 13:25:05 +0100
 Compiler:   GNU 9.1.0
 Build type: Release
 Version:    1.2.0

 Start time: Mon May 17 12:27:24 2021

 Data directory: /home/of15641/.local/src/Qcore/release/share/entos/1.2.0/data
 Number of threads: 1
 Number of threads was determined by: command line argument
  - More threads can be used by running 'qcore -n 24'

 --------------------------------------------------------------------------------
                                  command: bchla                                 
 --------------------------------------------------------------------------------
Mg s eff H
  -0.3101

 SCF converged in 1 iterations.

 Setting up Delta-SCF
 Ground-Excited state overlap:           0.000000000
 No correction applied to the TDM.
 Excitation energy:                      0.082668752
 Excitation energy (in eV):              2.249531330
 Transition dipole:                      2.13463       1.07794      -2.42883
Mg s
          149          178          179          374          376          403          404          405
Mg p
          208          209          227          230          235          236          241          242          243          247          266          269          354          363          367          377          378          380          381          385          387          394          404
Mg d
          235          247          266          315          320          325          331          339          348          351          352          359          361          364          365          366          370          374          376          377          380          385          387          394          404
 Saving results in set 'frame_475'

 --------------------------------------------------------------------------------

 End time:                               Mon May 17 12:27:25 2021
 Total wall-clock time:                  0.747 seconds
==================================================================================
