
================================================================================
          _____________ ________ _______________ ________     _________         
         / ___________// ______ \\_____   _____// ______ \   / ________)        
        / /_________  / /      \ \     | |     / /      \ \ | (_______          
       |  __________|| |        | |    | |    | |        | | \________ \        
        \ \_________ | |        | |    | |     \ \______/ /___________) |       
         \__________||_|        |_|    |_|      \________//____________/        
                                                                                
====================================[ Qcore ]===================================

 Git hash:   7cd5c520b37f7ee862d844b1504bc4191dc47444
 Git date:   Tue, 4 May 2021 13:25:05 +0100
 Compiler:   GNU 9.1.0
 Build type: Release
 Version:    1.2.0

 Start time: Mon May 17 12:46:02 2021

 Data directory: /home/of15641/.local/src/Qcore/release/share/entos/1.2.0/data
 Number of threads: 1
 Number of threads was determined by: command line argument
  - More threads can be used by running 'qcore -n 24'

 --------------------------------------------------------------------------------
                                  command: bchla                                 
 --------------------------------------------------------------------------------
Mg s eff H
  -0.3104

 SCF converged in 1 iterations.

 Setting up Delta-SCF
 Ground-Excited state overlap:          -0.000000000
 No correction applied to the TDM.
 Excitation energy:                      0.071101779
 Excitation energy (in eV):              1.934777974
 Transition dipole:                     -2.88972      -0.15366      -0.51838
Mg s
          150          152          178          383          384          403          404          405          406
Mg p
          267          268          305          313          323          324          328          329          332          335          341          342          346          347          349          351          355          356          358          359          362          364          367          369          370          374          377          378          380          382          384          394          408
Mg d
          160          268          307          311          334          339          342          344          345          346          347          348          349          351          352          356          361          364          365          367          369          370          373          377          378          379          383          389          404          405
 Saving results in set 'frame_841'

 --------------------------------------------------------------------------------

 End time:                               Mon May 17 12:46:03 2021
 Total wall-clock time:                  0.506 seconds
==================================================================================
