
================================================================================
          _____________ ________ _______________ ________     _________         
         / ___________// ______ \\_____   _____// ______ \   / ________)        
        / /_________  / /      \ \     | |     / /      \ \ | (_______          
       |  __________|| |        | |    | |    | |        | | \________ \        
        \ \_________ | |        | |    | |     \ \______/ /___________) |       
         \__________||_|        |_|    |_|      \________//____________/        
                                                                                
====================================[ Qcore ]===================================

 Git hash:   7cd5c520b37f7ee862d844b1504bc4191dc47444
 Git date:   Tue, 4 May 2021 13:25:05 +0100
 Compiler:   GNU 9.1.0
 Build type: Release
 Version:    1.2.0

 Start time: Mon May 17 12:39:46 2021

 Data directory: /home/of15641/.local/src/Qcore/release/share/entos/1.2.0/data
 Number of threads: 1
 Number of threads was determined by: command line argument
  - More threads can be used by running 'qcore -n 24'

 --------------------------------------------------------------------------------
                                  command: bchla                                 
 --------------------------------------------------------------------------------
Mg s eff H
  -0.3102

 SCF converged in 1 iterations.

 Setting up Delta-SCF
 Ground-Excited state overlap:          -0.000000000
 No correction applied to the TDM.
 Excitation energy:                      0.076568368
 Excitation energy (in eV):              2.083531430
 Transition dipole:                     -1.54677       0.57842       3.28352
Mg s
          147          152          178          379          382          407
Mg p
          205          213          215          217          219          225          226          242          245          247          248          250          251          266          267          311          353          355          356          361          363          364          367          368          369          370          387
Mg d
          158          205          215          225          242          245          247          250          267          305          306          311          316          320          332          342          346          351          355          357          363          364          367          368          369          370          371          374          378          387          389          390          407
 Saving results in set 'frame_715'

 --------------------------------------------------------------------------------

 End time:                               Mon May 17 12:39:47 2021
 Total wall-clock time:                  0.489 seconds
==================================================================================
