
================================================================================
          _____________ ________ _______________ ________     _________         
         / ___________// ______ \\_____   _____// ______ \   / ________)        
        / /_________  / /      \ \     | |     / /      \ \ | (_______          
       |  __________|| |        | |    | |    | |        | | \________ \        
        \ \_________ | |        | |    | |     \ \______/ /___________) |       
         \__________||_|        |_|    |_|      \________//____________/        
                                                                                
====================================[ Qcore ]===================================

 Git hash:   7cd5c520b37f7ee862d844b1504bc4191dc47444
 Git date:   Tue, 4 May 2021 13:25:05 +0100
 Compiler:   GNU 9.1.0
 Build type: Release
 Version:    1.2.0

 Start time: Mon May 17 12:24:17 2021

 Data directory: /home/of15641/.local/src/Qcore/release/share/entos/1.2.0/data
 Number of threads: 1
 Number of threads was determined by: command line argument
  - More threads can be used by running 'qcore -n 24'

 --------------------------------------------------------------------------------
                                  command: bchla                                 
 --------------------------------------------------------------------------------
Mg s eff H
  -0.3103

 SCF converged in 1 iterations.

 Setting up Delta-SCF
 Ground-Excited state overlap:          -0.000000000
 No correction applied to the TDM.
 Excitation energy:                      0.075122597
 Excitation energy (in eV):              2.044190008
 Transition dipole:                     -3.20892      -2.06063      -0.09833
Mg s
          151          178          376          400          402          403          405          406          408
Mg p
          210          211          220          227          228          239          240          311          319          337          344          348          351          354          360          361          363          365          366          367          370          372          381          385          392
Mg d
          210          240          266          307          317          319          321          327          329          330          337          344          346          348          349          351          354          357          358          361          363          366          377          392
 Saving results in set 'frame_397'

 --------------------------------------------------------------------------------

 End time:                               Mon May 17 12:24:17 2021
 Total wall-clock time:                  0.491 seconds
==================================================================================
