
================================================================================
          _____________ ________ _______________ ________     _________         
         / ___________// ______ \\_____   _____// ______ \   / ________)        
        / /_________  / /      \ \     | |     / /      \ \ | (_______          
       |  __________|| |        | |    | |    | |        | | \________ \        
        \ \_________ | |        | |    | |     \ \______/ /___________) |       
         \__________||_|        |_|    |_|      \________//____________/        
                                                                                
====================================[ Qcore ]===================================

 Git hash:   7cd5c520b37f7ee862d844b1504bc4191dc47444
 Git date:   Tue, 4 May 2021 13:25:05 +0100
 Compiler:   GNU 9.1.0
 Build type: Release
 Version:    1.2.0

 Start time: Mon May 17 11:40:54 2021

 Data directory: /home/of15641/.local/src/Qcore/release/share/entos/1.2.0/data
 Number of threads: 1
 Number of threads was determined by: command line argument
  - More threads can be used by running 'qcore -n 24'

 --------------------------------------------------------------------------------
                                  command: bchla                                 
 --------------------------------------------------------------------------------
Mg s eff H
  -0.3102

 SCF converged in 1 iterations.

 Setting up Delta-SCF
 Ground-Excited state overlap:           0.000000000
 No correction applied to the TDM.
 Excitation energy:                      0.077261167
 Excitation energy (in eV):              2.102383460
 Transition dipole:                      2.41612       1.81667      -1.00557
Mg s
          148          153          178          179          378          382          386          392          394          399          400          401          402          404          405          408
Mg p
          160          265          267          311          314          326          329          331          332          333          334          336          337          338          339          341          346          347          348          349          350          353          354          355          361          366          369          370          372          380          392          399          401          408
Mg d
          214          223          226          228          229          230          233          236          241          242          243          244          268          342          353          354          355          358          361          363          364          365          372          374          378          380          381          382          393          399
 Saving results in set 'frame_1314'

 --------------------------------------------------------------------------------

 End time:                               Mon May 17 11:40:54 2021
 Total wall-clock time:                  0.677 seconds
==================================================================================
