
================================================================================
          _____________ ________ _______________ ________     _________         
         / ___________// ______ \\_____   _____// ______ \   / ________)        
        / /_________  / /      \ \     | |     / /      \ \ | (_______          
       |  __________|| |        | |    | |    | |        | | \________ \        
        \ \_________ | |        | |    | |     \ \______/ /___________) |       
         \__________||_|        |_|    |_|      \________//____________/        
                                                                                
====================================[ Qcore ]===================================

 Git hash:   7cd5c520b37f7ee862d844b1504bc4191dc47444
 Git date:   Tue, 4 May 2021 13:25:05 +0100
 Compiler:   GNU 9.1.0
 Build type: Release
 Version:    1.2.0

 Start time: Mon May 17 12:46:02 2021

 Data directory: /home/of15641/.local/src/Qcore/release/share/entos/1.2.0/data
 Number of threads: 1
 Number of threads was determined by: command line argument
  - More threads can be used by running 'qcore -n 24'

 --------------------------------------------------------------------------------
                                  command: bchla                                 
 --------------------------------------------------------------------------------
Mg s eff H
  -0.3101

 SCF converged in 1 iterations.

 Setting up Delta-SCF
 Ground-Excited state overlap:          -0.000000000
 No correction applied to the TDM.
 Excitation energy:                      0.073634737
 Excitation energy (in eV):              2.003703261
 Transition dipole:                     -3.24656      -0.16963       0.66145
Mg s
          146          151          176          178          179          180          181          400          405          406          408
Mg p
          157          314          334          336          339          340          343          344          345          349          352          353          355          356          357          359          363          364          365          368          369          371          375          378          379          380          386          406          408
Mg d
          239          240          312          334          336          340          343          345          347          349          352          353          356          359          364          365          369          375          376          378          379          380          385          386          391          406
 Saving results in set 'frame_837'

 --------------------------------------------------------------------------------

 End time:                               Mon May 17 12:46:02 2021
 Total wall-clock time:                  0.539 seconds
==================================================================================
