
================================================================================
          _____________ ________ _______________ ________     _________         
         / ___________// ______ \\_____   _____// ______ \   / ________)        
        / /_________  / /      \ \     | |     / /      \ \ | (_______          
       |  __________|| |        | |    | |    | |        | | \________ \        
        \ \_________ | |        | |    | |     \ \______/ /___________) |       
         \__________||_|        |_|    |_|      \________//____________/        
                                                                                
====================================[ Qcore ]===================================

 Git hash:   7cd5c520b37f7ee862d844b1504bc4191dc47444
 Git date:   Tue, 4 May 2021 13:25:05 +0100
 Compiler:   GNU 9.1.0
 Build type: Release
 Version:    1.2.0

 Start time: Mon May 17 11:30:12 2021

 Data directory: /home/of15641/.local/src/Qcore/release/share/entos/1.2.0/data
 Number of threads: 1
 Number of threads was determined by: command line argument
  - More threads can be used by running 'qcore -n 24'

 --------------------------------------------------------------------------------
                                  command: bchla                                 
 --------------------------------------------------------------------------------
Mg s eff H
  -0.3103

 SCF converged in 1 iterations.

 Setting up Delta-SCF
 Ground-Excited state overlap:           0.000000000
 No correction applied to the TDM.
 Excitation energy:                      0.073516964
 Excitation energy (in eV):              2.000498510
 Transition dipole:                     -2.72019       0.34508       0.01366
Mg s
          152          177          178          179          384          393          397          398          402          408
Mg p
          266          308          311          313          326          337          338          340          342          343          344          345          346          347          350          353          355          357          358          359          360          367          370          377          379          388          391          397          402
Mg d
          158          266          308          310          313          317          318          324          332          338          342          344          346          350          351          353          357          358          359          363          368          369          370          371          374          377
 Saving results in set 'frame_1090'

 --------------------------------------------------------------------------------

 End time:                               Mon May 17 11:30:13 2021
 Total wall-clock time:                  0.518 seconds
==================================================================================
