
================================================================================
          _____________ ________ _______________ ________     _________         
         / ___________// ______ \\_____   _____// ______ \   / ________)        
        / /_________  / /      \ \     | |     / /      \ \ | (_______          
       |  __________|| |        | |    | |    | |        | | \________ \        
        \ \_________ | |        | |    | |     \ \______/ /___________) |       
         \__________||_|        |_|    |_|      \________//____________/        
                                                                                
====================================[ Qcore ]===================================

 Git hash:   7cd5c520b37f7ee862d844b1504bc4191dc47444
 Git date:   Tue, 4 May 2021 13:25:05 +0100
 Compiler:   GNU 9.1.0
 Build type: Release
 Version:    1.2.0

 Start time: Mon May 17 11:26:30 2021

 Data directory: /home/of15641/.local/src/Qcore/release/share/entos/1.2.0/data
 Number of threads: 1
 Number of threads was determined by: command line argument
  - More threads can be used by running 'qcore -n 24'

 --------------------------------------------------------------------------------
                                  command: bchla                                 
 --------------------------------------------------------------------------------
Mg s eff H
  -0.3103

 SCF converged in 1 iterations.

 Setting up Delta-SCF
 Ground-Excited state overlap:          -0.000000000
 No correction applied to the TDM.
 Excitation energy:                      0.077606649
 Excitation energy (in eV):              2.111784495
 Transition dipole:                     -2.06390       0.92874      -1.70392
Mg s
          145          150          178          179          379          405          406
Mg p
          234          268          270          335          336          338          341          342          345          347          354          355          362          364          365          367          368          369          372          374          377          379          383          389          394          396          397          406
Mg d
          158          234          236          244          268          270          309          338          341          347          349          351          354          359          361          362          364          366          367          368          369          371          372          374          375          379          380          383          387          388          393          396          406
 Saving results in set 'frame_1014'

 --------------------------------------------------------------------------------

 End time:                               Mon May 17 11:26:30 2021
 Total wall-clock time:                  0.770 seconds
==================================================================================
