
================================================================================
          _____________ ________ _______________ ________     _________         
         / ___________// ______ \\_____   _____// ______ \   / ________)        
        / /_________  / /      \ \     | |     / /      \ \ | (_______          
       |  __________|| |        | |    | |    | |        | | \________ \        
        \ \_________ | |        | |    | |     \ \______/ /___________) |       
         \__________||_|        |_|    |_|      \________//____________/        
                                                                                
====================================[ Qcore ]===================================

 Git hash:   7cd5c520b37f7ee862d844b1504bc4191dc47444
 Git date:   Tue, 4 May 2021 13:25:05 +0100
 Compiler:   GNU 9.1.0
 Build type: Release
 Version:    1.2.0

 Start time: Mon May 17 12:08:15 2021

 Data directory: /home/of15641/.local/src/Qcore/release/share/entos/1.2.0/data
 Number of threads: 1
 Number of threads was determined by: command line argument
  - More threads can be used by running 'qcore -n 24'

 --------------------------------------------------------------------------------
                                  command: bchla                                 
 --------------------------------------------------------------------------------
Mg s eff H
  -0.3103

 SCF converged in 1 iterations.

 Setting up Delta-SCF
 Ground-Excited state overlap:          -0.000000000
 No correction applied to the TDM.
 Excitation energy:                      0.079002967
 Excitation energy (in eV):              2.149780251
 Transition dipole:                     -0.49472       0.11303      -3.13779
Mg s
          152          178          179          395          400          403          404          406
Mg p
          206          216          226          238          245          247          306          324          333          339          340          345          348          349          352          353          354          355          357          358          359          361          363          368          376          377          398          408
Mg d
          311          313          322          323          324          326          330          333          340          345          346          348          349          350          352          353          354          359          365          368          371          372          376          380          406
 Saving results in set 'frame_1853'

 --------------------------------------------------------------------------------

 End time:                               Mon May 17 12:08:16 2021
 Total wall-clock time:                  0.527 seconds
==================================================================================
