
================================================================================
          _____________ ________ _______________ ________     _________         
         / ___________// ______ \\_____   _____// ______ \   / ________)        
        / /_________  / /      \ \     | |     / /      \ \ | (_______          
       |  __________|| |        | |    | |    | |        | | \________ \        
        \ \_________ | |        | |    | |     \ \______/ /___________) |       
         \__________||_|        |_|    |_|      \________//____________/        
                                                                                
====================================[ Qcore ]===================================

 Git hash:   7cd5c520b37f7ee862d844b1504bc4191dc47444
 Git date:   Tue, 4 May 2021 13:25:05 +0100
 Compiler:   GNU 9.1.0
 Build type: Release
 Version:    1.2.0

 Start time: Thu May 13 08:56:01 2021

 Data directory: /home/of15641/.local/src/Qcore/release/share/entos/1.2.0/data
 Number of threads: 1
 Number of threads was determined by: command line argument
  - More threads can be used by running 'qcore -n 24'

 --------------------------------------------------------------------------------
                                  command: bchla                                 
 --------------------------------------------------------------------------------
Mg s eff H
  -0.3103

 SCF converged in 1 iterations.

 Setting up Delta-SCF
 Ground-Excited state overlap:          -0.000000000
 No correction applied to the TDM.
 Excitation energy:                      0.080888522
 Excitation energy (in eV):              2.201088819
 Transition dipole:                     -1.93308      -1.42178      -1.67057
Mg s
          151          152          177          178          375          394          398          399          402          403          404          405          406          408
Mg p
          158          211          219          234          235          245          267          268          309          313          316          317          326          335          339          341          342          347          348          350          352          354          355          358          359          360          363          364          369          370          376          381          383          387          388          399
Mg d
          159          245          271          309          311          316          318          329          335          341          342          350          351          355          356          360          363          364          369          370          372          374          376          387          390          396
 Saving results in set 'frame_920'

 --------------------------------------------------------------------------------

 End time:                               Thu May 13 08:56:02 2021
 Total wall-clock time:                  0.506 seconds
==================================================================================
