
================================================================================
          _____________ ________ _______________ ________     _________         
         / ___________// ______ \\_____   _____// ______ \   / ________)        
        / /_________  / /      \ \     | |     / /      \ \ | (_______          
       |  __________|| |        | |    | |    | |        | | \________ \        
        \ \_________ | |        | |    | |     \ \______/ /___________) |       
         \__________||_|        |_|    |_|      \________//____________/        
                                                                                
====================================[ Qcore ]===================================

 Git hash:   7cd5c520b37f7ee862d844b1504bc4191dc47444
 Git date:   Tue, 4 May 2021 13:25:05 +0100
 Compiler:   GNU 9.1.0
 Build type: Release
 Version:    1.2.0

 Start time: Mon May 17 12:21:06 2021

 Data directory: /home/of15641/.local/src/Qcore/release/share/entos/1.2.0/data
 Number of threads: 1
 Number of threads was determined by: command line argument
  - More threads can be used by running 'qcore -n 24'

 --------------------------------------------------------------------------------
                                  command: bchla                                 
 --------------------------------------------------------------------------------
Mg s eff H
  -0.3105

 SCF converged in 1 iterations.

 Setting up Delta-SCF
 Ground-Excited state overlap:           0.000000000
 No correction applied to the TDM.
 Excitation energy:                      0.078390415
 Excitation energy (in eV):              2.133111862
 Transition dipole:                      0.15590      -1.96764      -2.05666
Mg s
          151          152          177          178          378          392          393          398          401          403          405
Mg p
          160          221          232          240          245          269          302          323          336          339          343          348          350          352          353          354          355          357          358          359          360          364          367          371          372          375          380          383          395          397
Mg d
          205          213          221          225          230          232          240          242          245          266          269          341          344          345          354          358          360          364          367          368          372          375          378          380          383          384          387          390          392          397          403          405
 Saving results in set 'frame_331'

 --------------------------------------------------------------------------------

 End time:                               Mon May 17 12:21:07 2021
 Total wall-clock time:                  0.519 seconds
==================================================================================
