
================================================================================
          _____________ ________ _______________ ________     _________         
         / ___________// ______ \\_____   _____// ______ \   / ________)        
        / /_________  / /      \ \     | |     / /      \ \ | (_______          
       |  __________|| |        | |    | |    | |        | | \________ \        
        \ \_________ | |        | |    | |     \ \______/ /___________) |       
         \__________||_|        |_|    |_|      \________//____________/        
                                                                                
====================================[ Qcore ]===================================

 Git hash:   7cd5c520b37f7ee862d844b1504bc4191dc47444
 Git date:   Tue, 4 May 2021 13:25:05 +0100
 Compiler:   GNU 9.1.0
 Build type: Release
 Version:    1.2.0

 Start time: Mon May 17 11:30:15 2021

 Data directory: /home/of15641/.local/src/Qcore/release/share/entos/1.2.0/data
 Number of threads: 1
 Number of threads was determined by: command line argument
  - More threads can be used by running 'qcore -n 24'

 --------------------------------------------------------------------------------
                                  command: bchla                                 
 --------------------------------------------------------------------------------
Mg s eff H
  -0.3103

 SCF converged in 1 iterations.

 Setting up Delta-SCF
 Ground-Excited state overlap:           0.000000000
 No correction applied to the TDM.
 Excitation energy:                      0.073932332
 Excitation energy (in eV):              2.011801245
 Transition dipole:                     -1.94060      -0.91324       1.99170
Mg s
          146          152          177          178          179          376          396          397          402          403          404          405
Mg p
          158          269          308          322          328          336          339          342          351          352          355          357          359          361          362          365          370          373          375          384          387          388          399          402          405
Mg d
          159          216          222          242          267          268          305          316          329          330          336          337          339          342          347          350          351          353          355          361          362          365          367          370          373          374          376          377          380          384          385          387          394          397
 Saving results in set 'frame_1115'

 --------------------------------------------------------------------------------

 End time:                               Mon May 17 11:30:15 2021
 Total wall-clock time:                  0.511 seconds
==================================================================================
