
================================================================================
          _____________ ________ _______________ ________     _________         
         / ___________// ______ \\_____   _____// ______ \   / ________)        
        / /_________  / /      \ \     | |     / /      \ \ | (_______          
       |  __________|| |        | |    | |    | |        | | \________ \        
        \ \_________ | |        | |    | |     \ \______/ /___________) |       
         \__________||_|        |_|    |_|      \________//____________/        
                                                                                
====================================[ Qcore ]===================================

 Git hash:   7cd5c520b37f7ee862d844b1504bc4191dc47444
 Git date:   Tue, 4 May 2021 13:25:05 +0100
 Compiler:   GNU 9.1.0
 Build type: Release
 Version:    1.2.0

 Start time: Mon May 17 12:33:32 2021

 Data directory: /home/of15641/.local/src/Qcore/release/share/entos/1.2.0/data
 Number of threads: 1
 Number of threads was determined by: command line argument
  - More threads can be used by running 'qcore -n 24'

 --------------------------------------------------------------------------------
                                  command: bchla                                 
 --------------------------------------------------------------------------------
Mg s eff H
  -0.3102

 SCF converged in 1 iterations.

 Setting up Delta-SCF
 Ground-Excited state overlap:          -0.000000000
 No correction applied to the TDM.
 Excitation energy:                      0.074163736
 Excitation energy (in eV):              2.018098065
 Transition dipole:                     -2.66408      -1.56187       0.09625
Mg s
          142          150          177          178          179          180          181          406          408
Mg p
          208          211          219          225          240          244          267          301          316          335          340          344          346          349          352          353          355          358          360          361          362          364          365          368          369          374          376          377          383          386          395          406
Mg d
          208          211          219          225          240          244          267          273          319          328          335          340          352          357          362          364          368          369          372          374          377          382          383          388          389          397          408
 Saving results in set 'frame_59'

 --------------------------------------------------------------------------------

 End time:                               Mon May 17 12:33:33 2021
 Total wall-clock time:                  0.527 seconds
==================================================================================
