
================================================================================
          _____________ ________ _______________ ________     _________         
         / ___________// ______ \\_____   _____// ______ \   / ________)        
        / /_________  / /      \ \     | |     / /      \ \ | (_______          
       |  __________|| |        | |    | |    | |        | | \________ \        
        \ \_________ | |        | |    | |     \ \______/ /___________) |       
         \__________||_|        |_|    |_|      \________//____________/        
                                                                                
====================================[ Qcore ]===================================

 Git hash:   7cd5c520b37f7ee862d844b1504bc4191dc47444
 Git date:   Tue, 4 May 2021 13:25:05 +0100
 Compiler:   GNU 9.1.0
 Build type: Release
 Version:    1.2.0

 Start time: Mon May 17 11:37:17 2021

 Data directory: /home/of15641/.local/src/Qcore/release/share/entos/1.2.0/data
 Number of threads: 1
 Number of threads was determined by: command line argument
  - More threads can be used by running 'qcore -n 24'

 --------------------------------------------------------------------------------
                                  command: bchla                                 
 --------------------------------------------------------------------------------
Mg s eff H
  -0.3102

 SCF converged in 1 iterations.

 Setting up Delta-SCF
 Ground-Excited state overlap:           0.000000000
 No correction applied to the TDM.
 Excitation energy:                      0.078406737
 Excitation energy (in eV):              2.133556005
 Transition dipole:                     -3.17187      -1.63125      -0.28709
Mg s
          151          179          395          397          400          405          406
Mg p
          157          208          227          236          237          242          267          268          307          308          314          332          335          337          342          346          352          355          357          361          363          364          366          372          373          375          377          378          382          392          397
Mg d
          208          227          236          237          242          268          316          330          333          336          337          339          342          351          352          355          356          363          364          372          373          374          382          389          400          405
 Saving results in set 'frame_120'

 --------------------------------------------------------------------------------

 End time:                               Mon May 17 11:37:17 2021
 Total wall-clock time:                  0.528 seconds
==================================================================================
