
================================================================================
          _____________ ________ _______________ ________     _________         
         / ___________// ______ \\_____   _____// ______ \   / ________)        
        / /_________  / /      \ \     | |     / /      \ \ | (_______          
       |  __________|| |        | |    | |    | |        | | \________ \        
        \ \_________ | |        | |    | |     \ \______/ /___________) |       
         \__________||_|        |_|    |_|      \________//____________/        
                                                                                
====================================[ Qcore ]===================================

 Git hash:   7cd5c520b37f7ee862d844b1504bc4191dc47444
 Git date:   Tue, 4 May 2021 13:25:05 +0100
 Compiler:   GNU 9.1.0
 Build type: Release
 Version:    1.2.0

 Start time: Mon May 17 12:08:07 2021

 Data directory: /home/of15641/.local/src/Qcore/release/share/entos/1.2.0/data
 Number of threads: 1
 Number of threads was determined by: command line argument
  - More threads can be used by running 'qcore -n 24'

 --------------------------------------------------------------------------------
                                  command: bchla                                 
 --------------------------------------------------------------------------------
Mg s eff H
  -0.3103

 SCF converged in 1 iterations.

 Setting up Delta-SCF
 Ground-Excited state overlap:           0.000000000
 No correction applied to the TDM.
 Excitation energy:                      0.075741747
 Excitation energy (in eV):              2.061037934
 Transition dipole:                      0.95458      -0.08323      -2.40095
Mg s
          149          151          177          178          179          376          393          400          401          402          405          407          408
Mg p
          212          213          226          231          235          241          243          266          270          302          307          329          331          332          339          344          345          347          349          351          357          358          359          360          363          364          365          366          368          369          376          380          397          405
Mg d
          266          315          321          322          326          335          339          340          344          345          349          351          356          357          360          361          363          365          366          368          369          373          375          376          378          380          382
 Saving results in set 'frame_1824'

 --------------------------------------------------------------------------------

 End time:                               Mon May 17 12:08:08 2021
 Total wall-clock time:                  0.506 seconds
==================================================================================
