
================================================================================
          _____________ ________ _______________ ________     _________         
         / ___________// ______ \\_____   _____// ______ \   / ________)        
        / /_________  / /      \ \     | |     / /      \ \ | (_______          
       |  __________|| |        | |    | |    | |        | | \________ \        
        \ \_________ | |        | |    | |     \ \______/ /___________) |       
         \__________||_|        |_|    |_|      \________//____________/        
                                                                                
====================================[ Qcore ]===================================

 Git hash:   7cd5c520b37f7ee862d844b1504bc4191dc47444
 Git date:   Tue, 4 May 2021 13:25:05 +0100
 Compiler:   GNU 9.1.0
 Build type: Release
 Version:    1.2.0

 Start time: Mon May 17 12:17:52 2021

 Data directory: /home/of15641/.local/src/Qcore/release/share/entos/1.2.0/data
 Number of threads: 1
 Number of threads was determined by: command line argument
  - More threads can be used by running 'qcore -n 24'

 --------------------------------------------------------------------------------
                                  command: bchla                                 
 --------------------------------------------------------------------------------
Mg s eff H
  -0.3103

 SCF converged in 1 iterations.

 Setting up Delta-SCF
 Ground-Excited state overlap:           0.000000000
 No correction applied to the TDM.
 Excitation energy:                      0.075864142
 Excitation energy (in eV):              2.064368469
 Transition dipole:                     -0.54966      -2.72005      -1.54150
Mg s
          145          152          178          179          365          384          396          398          403          406          407          408
Mg p
          266          267          315          318          320          329          331          340          346          347          351          360          363          364          365          367          368          369          370          371          374          375          378          385          388          396          406          408
Mg d
          208          209          210          212          216          218          219          227          231          235          238          239          243          245          247          266          271          346          351          363          365          368          370          371          375          387
 Saving results in set 'frame_238'

 --------------------------------------------------------------------------------

 End time:                               Mon May 17 12:17:53 2021
 Total wall-clock time:                  0.523 seconds
==================================================================================
