
================================================================================
          _____________ ________ _______________ ________     _________         
         / ___________// ______ \\_____   _____// ______ \   / ________)        
        / /_________  / /      \ \     | |     / /      \ \ | (_______          
       |  __________|| |        | |    | |    | |        | | \________ \        
        \ \_________ | |        | |    | |     \ \______/ /___________) |       
         \__________||_|        |_|    |_|      \________//____________/        
                                                                                
====================================[ Qcore ]===================================

 Git hash:   7cd5c520b37f7ee862d844b1504bc4191dc47444
 Git date:   Tue, 4 May 2021 13:25:05 +0100
 Compiler:   GNU 9.1.0
 Build type: Release
 Version:    1.2.0

 Start time: Mon May 17 12:27:21 2021

 Data directory: /home/of15641/.local/src/Qcore/release/share/entos/1.2.0/data
 Number of threads: 1
 Number of threads was determined by: command line argument
  - More threads can be used by running 'qcore -n 24'

 --------------------------------------------------------------------------------
                                  command: bchla                                 
 --------------------------------------------------------------------------------
Mg s eff H
  -0.3101

 SCF converged in 1 iterations.

 Setting up Delta-SCF
 Ground-Excited state overlap:           0.000000000
 No correction applied to the TDM.
 Excitation energy:                      0.079214105
 Excitation energy (in eV):              2.155525596
 Transition dipole:                      3.10101       0.62478       1.73736
Mg s
          150          179          386          407
Mg p
          157          268          271          309          312          323          331          333          334          342          347          348          352          359          360          362          363          366          368          370          373          375          376          379          380          381          388          389          392          396          397          407
Mg d
          159          244          269          314          316          329          334          340          342          347          348          350          354          359          360          362          363          366          367          368          370          376          377          380          385          386          390          392          395          396          397          407
 Saving results in set 'frame_445'

 --------------------------------------------------------------------------------

 End time:                               Mon May 17 12:27:21 2021
 Total wall-clock time:                  0.563 seconds
==================================================================================
