
================================================================================
          _____________ ________ _______________ ________     _________         
         / ___________// ______ \\_____   _____// ______ \   / ________)        
        / /_________  / /      \ \     | |     / /      \ \ | (_______          
       |  __________|| |        | |    | |    | |        | | \________ \        
        \ \_________ | |        | |    | |     \ \______/ /___________) |       
         \__________||_|        |_|    |_|      \________//____________/        
                                                                                
====================================[ Qcore ]===================================

 Git hash:   7cd5c520b37f7ee862d844b1504bc4191dc47444
 Git date:   Tue, 4 May 2021 13:25:05 +0100
 Compiler:   GNU 9.1.0
 Build type: Release
 Version:    1.2.0

 Start time: Mon May 17 11:51:30 2021

 Data directory: /home/of15641/.local/src/Qcore/release/share/entos/1.2.0/data
 Number of threads: 1
 Number of threads was determined by: command line argument
  - More threads can be used by running 'qcore -n 24'

 --------------------------------------------------------------------------------
                                  command: bchla                                 
 --------------------------------------------------------------------------------
Mg s eff H
  -0.3103

 SCF converged in 1 iterations.

 Setting up Delta-SCF
 Ground-Excited state overlap:           0.000000000
 No correction applied to the TDM.
 Excitation energy:                      0.072118862
 Excitation energy (in eV):              1.962454219
 Transition dipole:                     -2.87793       0.79764      -1.80780
Mg s
          149          152          178          179          365          383          400          401          402          403          404          408
Mg p
          207          215          216          217          227          229          236          237          239          240          242          265          316          326          334          336          337          347          351          353          356          358          359          363          365          367          368          369          371          373          374
Mg d
          207          211          215          216          217          227          229          235          236          237          239          240          242          265          303          334          336          345          347          348          350          351          352          353          354          355          366          367          368          369          371          400          402          404
 Saving results in set 'frame_1523'

 --------------------------------------------------------------------------------

 End time:                               Mon May 17 11:51:31 2021
 Total wall-clock time:                  0.645 seconds
==================================================================================
