
================================================================================
          _____________ ________ _______________ ________     _________         
         / ___________// ______ \\_____   _____// ______ \   / ________)        
        / /_________  / /      \ \     | |     / /      \ \ | (_______          
       |  __________|| |        | |    | |    | |        | | \________ \        
        \ \_________ | |        | |    | |     \ \______/ /___________) |       
         \__________||_|        |_|    |_|      \________//____________/        
                                                                                
====================================[ Qcore ]===================================

 Git hash:   7cd5c520b37f7ee862d844b1504bc4191dc47444
 Git date:   Tue, 4 May 2021 13:25:05 +0100
 Compiler:   GNU 9.1.0
 Build type: Release
 Version:    1.2.0

 Start time: Mon May 17 12:36:49 2021

 Data directory: /home/of15641/.local/src/Qcore/release/share/entos/1.2.0/data
 Number of threads: 1
 Number of threads was determined by: command line argument
  - More threads can be used by running 'qcore -n 24'

 --------------------------------------------------------------------------------
                                  command: bchla                                 
 --------------------------------------------------------------------------------
Mg s eff H
  -0.3102

 SCF converged in 1 iterations.

 Setting up Delta-SCF
 Ground-Excited state overlap:           0.000000000
 No correction applied to the TDM.
 Excitation energy:                      0.077445156
 Excitation energy (in eV):              2.107390062
 Transition dipole:                     -0.75616       1.23697       2.54576
Mg s
          153          178          179          382          405          406          408
Mg p
          208          209          210          211          215          216          219          220          225          226          238          240          241          246          248          272          312          336          348          350          354          356          357          361          366          367          368          371          378          381          391          396
Mg d
          156          219          225          226          241          246          248          272          303          324          329          336          338          339          342          348          350          354          357          361          366          367          368          371          375          376          378          379          381          389          393          396          406
 Saving results in set 'frame_660'

 --------------------------------------------------------------------------------

 End time:                               Mon May 17 12:36:49 2021
 Total wall-clock time:                  0.497 seconds
==================================================================================
