
================================================================================
          _____________ ________ _______________ ________     _________         
         / ___________// ______ \\_____   _____// ______ \   / ________)        
        / /_________  / /      \ \     | |     / /      \ \ | (_______          
       |  __________|| |        | |    | |    | |        | | \________ \        
        \ \_________ | |        | |    | |     \ \______/ /___________) |       
         \__________||_|        |_|    |_|      \________//____________/        
                                                                                
====================================[ Qcore ]===================================

 Git hash:   7cd5c520b37f7ee862d844b1504bc4191dc47444
 Git date:   Tue, 4 May 2021 13:25:05 +0100
 Compiler:   GNU 9.1.0
 Build type: Release
 Version:    1.2.0

 Start time: Mon May 17 11:51:29 2021

 Data directory: /home/of15641/.local/src/Qcore/release/share/entos/1.2.0/data
 Number of threads: 1
 Number of threads was determined by: command line argument
  - More threads can be used by running 'qcore -n 24'

 --------------------------------------------------------------------------------
                                  command: bchla                                 
 --------------------------------------------------------------------------------
Mg s eff H
  -0.3102

 SCF converged in 1 iterations.

 Setting up Delta-SCF
 Ground-Excited state overlap:          -0.000000000
 No correction applied to the TDM.
 Excitation energy:                      0.080302201
 Excitation energy (in eV):              2.185134214
 Transition dipole:                     -2.33049       2.99965      -0.05676
Mg s
          144          149          152          177          178          179          180          374          403          405          406
Mg p
          205          213          214          218          219          221          228          229          231          236          238          241          313          336          339          344          345          350          351          352          354          356          357          360          362          364          368          369          373          381
Mg d
          267          306          325          327          339          340          341          344          345          350          355          356          357          360          362          364          366          368          369          370          372          373          378          379          380          381          405
 Saving results in set 'frame_1506'

 --------------------------------------------------------------------------------

 End time:                               Mon May 17 11:51:29 2021
 Total wall-clock time:                  0.507 seconds
==================================================================================
