
================================================================================
          _____________ ________ _______________ ________     _________         
         / ___________// ______ \\_____   _____// ______ \   / ________)        
        / /_________  / /      \ \     | |     / /      \ \ | (_______          
       |  __________|| |        | |    | |    | |        | | \________ \        
        \ \_________ | |        | |    | |     \ \______/ /___________) |       
         \__________||_|        |_|    |_|      \________//____________/        
                                                                                
====================================[ Qcore ]===================================

 Git hash:   7cd5c520b37f7ee862d844b1504bc4191dc47444
 Git date:   Tue, 4 May 2021 13:25:05 +0100
 Compiler:   GNU 9.1.0
 Build type: Release
 Version:    1.2.0

 Start time: Mon May 17 11:37:23 2021

 Data directory: /home/of15641/.local/src/Qcore/release/share/entos/1.2.0/data
 Number of threads: 1
 Number of threads was determined by: command line argument
  - More threads can be used by running 'qcore -n 24'

 --------------------------------------------------------------------------------
                                  command: bchla                                 
 --------------------------------------------------------------------------------
Mg s eff H
  -0.3101

 SCF converged in 1 iterations.

 Setting up Delta-SCF
 Ground-Excited state overlap:          -0.000000000
 No correction applied to the TDM.
 Excitation energy:                      0.078310611
 Excitation energy (in eV):              2.130940275
 Transition dipole:                     -0.52903       3.18288      -1.58089
Mg s
          150          176          179          378          401          402          405          408
Mg p
          222          223          239          241          245          246          248          249          268          269          332          346          349          356          360          362          363          366          367          369          371          372          373          375          376          377          383          390          391          392          394
Mg d
          208          209          222          223          224          226          228          230          232          234          239          240          241          245          246          248          249          269          349          357          367          368          369          373          375          376          377          392
 Saving results in set 'frame_1260'

 --------------------------------------------------------------------------------

 End time:                               Mon May 17 11:37:24 2021
 Total wall-clock time:                  0.521 seconds
==================================================================================
