
================================================================================
          _____________ ________ _______________ ________     _________         
         / ___________// ______ \\_____   _____// ______ \   / ________)        
        / /_________  / /      \ \     | |     / /      \ \ | (_______          
       |  __________|| |        | |    | |    | |        | | \________ \        
        \ \_________ | |        | |    | |     \ \______/ /___________) |       
         \__________||_|        |_|    |_|      \________//____________/        
                                                                                
====================================[ Qcore ]===================================

 Git hash:   7cd5c520b37f7ee862d844b1504bc4191dc47444
 Git date:   Tue, 4 May 2021 13:25:05 +0100
 Compiler:   GNU 9.1.0
 Build type: Release
 Version:    1.2.0

 Start time: Mon May 17 11:44:26 2021

 Data directory: /home/of15641/.local/src/Qcore/release/share/entos/1.2.0/data
 Number of threads: 1
 Number of threads was determined by: command line argument
  - More threads can be used by running 'qcore -n 24'

 --------------------------------------------------------------------------------
                                  command: bchla                                 
 --------------------------------------------------------------------------------
Mg s eff H
  -0.3105

 SCF converged in 1 iterations.

 Setting up Delta-SCF
 Ground-Excited state overlap:          -0.000000000
 No correction applied to the TDM.
 Excitation energy:                      0.078656258
 Excitation energy (in eV):              2.140345817
 Transition dipole:                     -1.48417       1.67350      -2.99440
Mg s
          149          151          177          178          179          180          181          387          391          398          399          400          402          403          405          406
Mg p
          265          267          269          308          315          335          343          347          348          356          357          359          361          363          364          365          367          370          371          372          373          377          378          380          381          382          385          387          390          391          394          398          399
Mg d
          215          238          243          245          265          270          305          327          331          332          348          350          351          352          353          356          358          359          363          364          365          367          369          370          375          378          380          385          390
 Saving results in set 'frame_1339'

 --------------------------------------------------------------------------------

 End time:                               Mon May 17 11:44:27 2021
 Total wall-clock time:                  0.516 seconds
==================================================================================
