
================================================================================
          _____________ ________ _______________ ________     _________         
         / ___________// ______ \\_____   _____// ______ \   / ________)        
        / /_________  / /      \ \     | |     / /      \ \ | (_______          
       |  __________|| |        | |    | |    | |        | | \________ \        
        \ \_________ | |        | |    | |     \ \______/ /___________) |       
         \__________||_|        |_|    |_|      \________//____________/        
                                                                                
====================================[ Qcore ]===================================

 Git hash:   7cd5c520b37f7ee862d844b1504bc4191dc47444
 Git date:   Tue, 4 May 2021 13:25:05 +0100
 Compiler:   GNU 9.1.0
 Build type: Release
 Version:    1.2.0

 Start time: Mon May 17 12:46:07 2021

 Data directory: /home/of15641/.local/src/Qcore/release/share/entos/1.2.0/data
 Number of threads: 1
 Number of threads was determined by: command line argument
  - More threads can be used by running 'qcore -n 24'

 --------------------------------------------------------------------------------
                                  command: bchla                                 
 --------------------------------------------------------------------------------
Mg s eff H
  -0.3102

 SCF converged in 1 iterations.

 Setting up Delta-SCF
 Ground-Excited state overlap:           0.000000000
 No correction applied to the TDM.
 Excitation energy:                      0.081320603
 Excitation energy (in eV):              2.212846329
 Transition dipole:                     -2.48680      -1.05403      -1.05385
Mg s
          146          152          178          381          404          405          408
Mg p
          159          267          268          311          312          315          318          319          320          324          329          335          336          337          339          342          343          345          346          348          351          353          360          361          364          365          367          372          379          381          387          404          405
Mg d
          207          215          229          241          243          272          315          320          324          330          332          334          336          337          342          348          356          364          365          367          368          372          376          379          387          389          400          403          405          408
 Saving results in set 'frame_887'

 --------------------------------------------------------------------------------

 End time:                               Mon May 17 12:46:08 2021
 Total wall-clock time:                  0.671 seconds
==================================================================================
