
================================================================================
          _____________ ________ _______________ ________     _________         
         / ___________// ______ \\_____   _____// ______ \   / ________)        
        / /_________  / /      \ \     | |     / /      \ \ | (_______          
       |  __________|| |        | |    | |    | |        | | \________ \        
        \ \_________ | |        | |    | |     \ \______/ /___________) |       
         \__________||_|        |_|    |_|      \________//____________/        
                                                                                
====================================[ Qcore ]===================================

 Git hash:   7cd5c520b37f7ee862d844b1504bc4191dc47444
 Git date:   Tue, 4 May 2021 13:25:05 +0100
 Compiler:   GNU 9.1.0
 Build type: Release
 Version:    1.2.0

 Start time: Mon May 17 12:49:35 2021

 Data directory: /home/of15641/.local/src/Qcore/release/share/entos/1.2.0/data
 Number of threads: 1
 Number of threads was determined by: command line argument
  - More threads can be used by running 'qcore -n 24'

 --------------------------------------------------------------------------------
                                  command: bchla                                 
 --------------------------------------------------------------------------------
Mg s eff H
  -0.3101

 SCF converged in 1 iterations.

 Setting up Delta-SCF
 Ground-Excited state overlap:          -0.000000000
 No correction applied to the TDM.
 Excitation energy:                      0.079523772
 Excitation energy (in eV):              2.163952089
 Transition dipole:                     -0.65111       1.01177       3.44300
Mg s
          150          151          179          180          181          406          407          408
Mg p
          210          227          249          270          304          322          341          346          349          354          359          362          365          366          367          368          370          371          374          378          381          394          408
Mg d
          210          227          249          272          302          322          328          339          341          343          346          347          349          351          354          356          357          359          360          366          367          368          370          371          374          376          378          379          383          387          407
 Saving results in set 'frame_918'

 --------------------------------------------------------------------------------

 End time:                               Mon May 17 12:49:36 2021
 Total wall-clock time:                  0.514 seconds
==================================================================================
