
================================================================================
          _____________ ________ _______________ ________     _________         
         / ___________// ______ \\_____   _____// ______ \   / ________)        
        / /_________  / /      \ \     | |     / /      \ \ | (_______          
       |  __________|| |        | |    | |    | |        | | \________ \        
        \ \_________ | |        | |    | |     \ \______/ /___________) |       
         \__________||_|        |_|    |_|      \________//____________/        
                                                                                
====================================[ Qcore ]===================================

 Git hash:   7cd5c520b37f7ee862d844b1504bc4191dc47444
 Git date:   Tue, 4 May 2021 13:25:05 +0100
 Compiler:   GNU 9.1.0
 Build type: Release
 Version:    1.2.0

 Start time: Mon May 17 11:40:52 2021

 Data directory: /home/of15641/.local/src/Qcore/release/share/entos/1.2.0/data
 Number of threads: 1
 Number of threads was determined by: command line argument
  - More threads can be used by running 'qcore -n 24'

 --------------------------------------------------------------------------------
                                  command: bchla                                 
 --------------------------------------------------------------------------------
Mg s eff H
  -0.3103

 SCF converged in 1 iterations.

 Setting up Delta-SCF
 Ground-Excited state overlap:          -0.000000000
 No correction applied to the TDM.
 Excitation energy:                      0.083812568
 Excitation energy (in eV):              2.280656149
 Transition dipole:                      2.66857      -0.68338       0.93408
Mg s
          149          151          178          179          180          388          392          400          405          406          408
Mg p
          159          242          265          267          270          306          324          331          333          336          340          341          343          345          346          350          355          357          358          360          361          362          363          365          366          367          369          375          376          380          383          387          388          396          398          400          405
Mg d
          178          209          210          212          213          214          217          218          223          227          228          231          240          241          242          350          354          358          362          363          365          377          405
 Saving results in set 'frame_1294'

 --------------------------------------------------------------------------------

 End time:                               Mon May 17 11:40:52 2021
 Total wall-clock time:                  0.515 seconds
==================================================================================
