
================================================================================
          _____________ ________ _______________ ________     _________         
         / ___________// ______ \\_____   _____// ______ \   / ________)        
        / /_________  / /      \ \     | |     / /      \ \ | (_______          
       |  __________|| |        | |    | |    | |        | | \________ \        
        \ \_________ | |        | |    | |     \ \______/ /___________) |       
         \__________||_|        |_|    |_|      \________//____________/        
                                                                                
====================================[ Qcore ]===================================

 Git hash:   7cd5c520b37f7ee862d844b1504bc4191dc47444
 Git date:   Tue, 4 May 2021 13:25:05 +0100
 Compiler:   GNU 9.1.0
 Build type: Release
 Version:    1.2.0

 Start time: Mon May 17 12:36:48 2021

 Data directory: /home/of15641/.local/src/Qcore/release/share/entos/1.2.0/data
 Number of threads: 1
 Number of threads was determined by: command line argument
  - More threads can be used by running 'qcore -n 24'

 --------------------------------------------------------------------------------
                                  command: bchla                                 
 --------------------------------------------------------------------------------
Mg s eff H
  -0.3101

 SCF converged in 1 iterations.

 Setting up Delta-SCF
 Ground-Excited state overlap:          -0.000000000
 No correction applied to the TDM.
 Excitation energy:                      0.073002199
 Excitation energy (in eV):              1.986491021
 Transition dipole:                     -1.74917      -1.45276       2.25579
Mg s
          148          151          176          180          181          396          399          401          403          404          407          408
Mg p
          207          208          213          228          233          235          236          240          242          243          265          270          353          363          367          370          373          379          381          384          404
Mg d
          159          240          242          270          338          353          360          363          365          367          370          373          376          379          381          384          386          387          388
 Saving results in set 'frame_652'

 --------------------------------------------------------------------------------

 End time:                               Mon May 17 12:36:49 2021
 Total wall-clock time:                  0.526 seconds
==================================================================================
