
================================================================================
          _____________ ________ _______________ ________     _________         
         / ___________// ______ \\_____   _____// ______ \   / ________)        
        / /_________  / /      \ \     | |     / /      \ \ | (_______          
       |  __________|| |        | |    | |    | |        | | \________ \        
        \ \_________ | |        | |    | |     \ \______/ /___________) |       
         \__________||_|        |_|    |_|      \________//____________/        
                                                                                
====================================[ Qcore ]===================================

 Git hash:   7cd5c520b37f7ee862d844b1504bc4191dc47444
 Git date:   Tue, 4 May 2021 13:25:05 +0100
 Compiler:   GNU 9.1.0
 Build type: Release
 Version:    1.2.0

 Start time: Mon May 17 12:33:32 2021

 Data directory: /home/of15641/.local/src/Qcore/release/share/entos/1.2.0/data
 Number of threads: 1
 Number of threads was determined by: command line argument
  - More threads can be used by running 'qcore -n 24'

 --------------------------------------------------------------------------------
                                  command: bchla                                 
 --------------------------------------------------------------------------------
Mg s eff H
  -0.3104

 SCF converged in 1 iterations.

 Setting up Delta-SCF
 Ground-Excited state overlap:           0.000000000
 No correction applied to the TDM.
 Excitation energy:                      0.080017058
 Excitation energy (in eV):              2.177375074
 Transition dipole:                     -1.23934      -2.97319       1.05278
Mg s
          149          152          177          178          352          364          369          383          389          391          394          395          398          401          402          403          405          408
Mg p
          205          208          214          219          224          228          229          235          239          242          244          246          249          269          343          350          352          354          360          373          374          376
Mg d
          159          264          265          269          310          318          320          323          337          343          345          349          350          351          352          354          358          361          362          364          366          371          373          381          386          389          394          401          403          405
 Saving results in set 'frame_599'

 --------------------------------------------------------------------------------

 End time:                               Mon May 17 12:33:32 2021
 Total wall-clock time:                  0.486 seconds
==================================================================================
