
================================================================================
          _____________ ________ _______________ ________     _________         
         / ___________// ______ \\_____   _____// ______ \   / ________)        
        / /_________  / /      \ \     | |     / /      \ \ | (_______          
       |  __________|| |        | |    | |    | |        | | \________ \        
        \ \_________ | |        | |    | |     \ \______/ /___________) |       
         \__________||_|        |_|    |_|      \________//____________/        
                                                                                
====================================[ Qcore ]===================================

 Git hash:   7cd5c520b37f7ee862d844b1504bc4191dc47444
 Git date:   Tue, 4 May 2021 13:25:05 +0100
 Compiler:   GNU 9.1.0
 Build type: Release
 Version:    1.2.0

 Start time: Mon May 17 12:01:43 2021

 Data directory: /home/of15641/.local/src/Qcore/release/share/entos/1.2.0/data
 Number of threads: 1
 Number of threads was determined by: command line argument
  - More threads can be used by running 'qcore -n 24'

 --------------------------------------------------------------------------------
                                  command: bchla                                 
 --------------------------------------------------------------------------------
Mg s eff H
  -0.3104

 SCF converged in 1 iterations.

 Setting up Delta-SCF
 Ground-Excited state overlap:           0.000000000
 No correction applied to the TDM.
 Excitation energy:                      0.078208801
 Excitation energy (in eV):              2.128169892
 Transition dipole:                      2.77770       0.04646       0.22754
Mg s
          148          150          152          177          178          179          181          367          374          382          385          387          393          394          397          399          400          401          403          408
Mg p
          266          267          306          312          314          317          325          326          333          336          342          343          344          346          347          348          351          353          354          355          356          357          367          369          372          373          374          378          392          394
Mg d
          178          201          203          208          209          211          219          220          221          223          225          229          232          234          235          239          240          242          244          267          336          364          367          372          374          380          387          393          394          397          399          400          408
 Saving results in set 'frame_1713'

 --------------------------------------------------------------------------------

 End time:                               Mon May 17 12:01:44 2021
 Total wall-clock time:                  0.533 seconds
==================================================================================
