
================================================================================
          _____________ ________ _______________ ________     _________         
         / ___________// ______ \\_____   _____// ______ \   / ________)        
        / /_________  / /      \ \     | |     / /      \ \ | (_______          
       |  __________|| |        | |    | |    | |        | | \________ \        
        \ \_________ | |        | |    | |     \ \______/ /___________) |       
         \__________||_|        |_|    |_|      \________//____________/        
                                                                                
====================================[ Qcore ]===================================

 Git hash:   7cd5c520b37f7ee862d844b1504bc4191dc47444
 Git date:   Tue, 4 May 2021 13:25:05 +0100
 Compiler:   GNU 9.1.0
 Build type: Release
 Version:    1.2.0

 Start time: Mon May 17 12:21:04 2021

 Data directory: /home/of15641/.local/src/Qcore/release/share/entos/1.2.0/data
 Number of threads: 1
 Number of threads was determined by: command line argument
  - More threads can be used by running 'qcore -n 24'

 --------------------------------------------------------------------------------
                                  command: bchla                                 
 --------------------------------------------------------------------------------
Mg s eff H
  -0.3104

 SCF converged in 1 iterations.

 Setting up Delta-SCF
 Ground-Excited state overlap:          -0.000000000
 No correction applied to the TDM.
 Excitation energy:                      0.080698513
 Excitation energy (in eV):              2.195918393
 Transition dipole:                     -0.57229      -1.81514      -2.05154
Mg s
          148          150          152          177          178          363          392          397          401          403          405          408
Mg p
          158          210          216          241          242          244          270          310          316          334          337          349          353          357          358          360          361          363          367          368          370          378          379          380          384          386          399          405          408
Mg d
          207          210          216          217          232          234          237          241          242          244          266          310          312          316          325          326          330          337          343          349          350          351          352          353          358          360          361          370          401          403          405
 Saving results in set 'frame_303'

 --------------------------------------------------------------------------------

 End time:                               Mon May 17 12:21:04 2021
 Total wall-clock time:                  0.543 seconds
==================================================================================
