
================================================================================
          _____________ ________ _______________ ________     _________         
         / ___________// ______ \\_____   _____// ______ \   / ________)        
        / /_________  / /      \ \     | |     / /      \ \ | (_______          
       |  __________|| |        | |    | |    | |        | | \________ \        
        \ \_________ | |        | |    | |     \ \______/ /___________) |       
         \__________||_|        |_|    |_|      \________//____________/        
                                                                                
====================================[ Qcore ]===================================

 Git hash:   7cd5c520b37f7ee862d844b1504bc4191dc47444
 Git date:   Tue, 4 May 2021 13:25:05 +0100
 Compiler:   GNU 9.1.0
 Build type: Release
 Version:    1.2.0

 Start time: Mon May 17 12:17:53 2021

 Data directory: /home/of15641/.local/src/Qcore/release/share/entos/1.2.0/data
 Number of threads: 1
 Number of threads was determined by: command line argument
  - More threads can be used by running 'qcore -n 24'

 --------------------------------------------------------------------------------
                                  command: bchla                                 
 --------------------------------------------------------------------------------
Mg s eff H
  -0.3102

 SCF converged in 1 iterations.

 Setting up Delta-SCF
 Ground-Excited state overlap:          -0.000000000
 No correction applied to the TDM.
 Excitation energy:                      0.079604034
 Excitation energy (in eV):              2.166136106
 Transition dipole:                      0.58300       2.86384       1.39017
Mg s
          152          178          179          381          392          403          404          406          407          408
Mg p
          306          316          320          326          329          332          334          339          342          345          347          349          350          352          354          357          360          367          372          375          377          381          384          387          406
Mg d
          212          213          214          215          217          218          221          226          230          234          236          238          239          240          244          246          329          339          342          345          352          357          362          367          370          373          381
 Saving results in set 'frame_244'

 --------------------------------------------------------------------------------

 End time:                               Mon May 17 12:17:54 2021
 Total wall-clock time:                  0.499 seconds
==================================================================================
