
================================================================================
          _____________ ________ _______________ ________     _________         
         / ___________// ______ \\_____   _____// ______ \   / ________)        
        / /_________  / /      \ \     | |     / /      \ \ | (_______          
       |  __________|| |        | |    | |    | |        | | \________ \        
        \ \_________ | |        | |    | |     \ \______/ /___________) |       
         \__________||_|        |_|    |_|      \________//____________/        
                                                                                
====================================[ Qcore ]===================================

 Git hash:   7cd5c520b37f7ee862d844b1504bc4191dc47444
 Git date:   Tue, 4 May 2021 13:25:05 +0100
 Compiler:   GNU 9.1.0
 Build type: Release
 Version:    1.2.0

 Start time: Mon May 17 12:21:02 2021

 Data directory: /home/of15641/.local/src/Qcore/release/share/entos/1.2.0/data
 Number of threads: 1
 Number of threads was determined by: command line argument
  - More threads can be used by running 'qcore -n 24'

 --------------------------------------------------------------------------------
                                  command: bchla                                 
 --------------------------------------------------------------------------------
Mg s eff H
  -0.3103

 SCF converged in 1 iterations.

 Setting up Delta-SCF
 Ground-Excited state overlap:           0.000000000
 No correction applied to the TDM.
 Excitation energy:                      0.079166783
 Excitation energy (in eV):              2.154237921
 Transition dipole:                     -1.37514       3.12655       0.16928
Mg s
          150          153          179          371          378          382          397          404          405          406          407          408
Mg p
          211          212          213          220          221          223          231          232          239          242          243          269          311          333          334          335          339          340          341          345          347          350          355          358          359          361          362          364          365          366          371          373          375          376          397
Mg d
          211          212          213          220          221          223          231          232          235          239          241          242          243          246          330          333          334          335          340          341          345          347          350          355          358          364          371          373          376          404          405
 Saving results in set 'frame_291'

 --------------------------------------------------------------------------------

 End time:                               Mon May 17 12:21:03 2021
 Total wall-clock time:                  0.567 seconds
==================================================================================
