
================================================================================
          _____________ ________ _______________ ________     _________         
         / ___________// ______ \\_____   _____// ______ \   / ________)        
        / /_________  / /      \ \     | |     / /      \ \ | (_______          
       |  __________|| |        | |    | |    | |        | | \________ \        
        \ \_________ | |        | |    | |     \ \______/ /___________) |       
         \__________||_|        |_|    |_|      \________//____________/        
                                                                                
====================================[ Qcore ]===================================

 Git hash:   7cd5c520b37f7ee862d844b1504bc4191dc47444
 Git date:   Tue, 4 May 2021 13:25:05 +0100
 Compiler:   GNU 9.1.0
 Build type: Release
 Version:    1.2.0

 Start time: Mon May 17 11:30:21 2021

 Data directory: /home/of15641/.local/src/Qcore/release/share/entos/1.2.0/data
 Number of threads: 1
 Number of threads was determined by: command line argument
  - More threads can be used by running 'qcore -n 28'

 --------------------------------------------------------------------------------
                                  command: bchla                                 
 --------------------------------------------------------------------------------
Mg s eff H
  -0.3103

 SCF converged in 1 iterations.

 Setting up Delta-SCF
 Ground-Excited state overlap:          -0.000000000
 No correction applied to the TDM.
 Excitation energy:                      0.078606894
 Excitation energy (in eV):              2.139002566
 Transition dipole:                     -1.04051       1.42654      -3.30561
Mg s
          148          153          178          179          381          388          402          403          404          408
Mg p
          265          268          304          337          341          344          347          356          357          360          361          365          368          370          372          376          378          379          384          386          388          394          395          399
Mg d
          237          244          247          248          265          268          323          344          350          356          357          360          363          367          368          370          372          378          381          383          386          388          397
 Saving results in set 'frame_1126'

 --------------------------------------------------------------------------------

 End time:                               Mon May 17 11:30:22 2021
 Total wall-clock time:                  0.901 seconds
==================================================================================
