
================================================================================
          _____________ ________ _______________ ________     _________         
         / ___________// ______ \\_____   _____// ______ \   / ________)        
        / /_________  / /      \ \     | |     / /      \ \ | (_______          
       |  __________|| |        | |    | |    | |        | | \________ \        
        \ \_________ | |        | |    | |     \ \______/ /___________) |       
         \__________||_|        |_|    |_|      \________//____________/        
                                                                                
====================================[ Qcore ]===================================

 Git hash:   7cd5c520b37f7ee862d844b1504bc4191dc47444
 Git date:   Tue, 4 May 2021 13:25:05 +0100
 Compiler:   GNU 9.1.0
 Build type: Release
 Version:    1.2.0

 Start time: Mon May 17 12:24:16 2021

 Data directory: /home/of15641/.local/src/Qcore/release/share/entos/1.2.0/data
 Number of threads: 1
 Number of threads was determined by: command line argument
  - More threads can be used by running 'qcore -n 24'

 --------------------------------------------------------------------------------
                                  command: bchla                                 
 --------------------------------------------------------------------------------
Mg s eff H
  -0.3104

 SCF converged in 1 iterations.

 Setting up Delta-SCF
 Ground-Excited state overlap:           0.000000000
 No correction applied to the TDM.
 Excitation energy:                      0.074348650
 Excitation energy (in eV):              2.023129844
 Transition dipole:                     -2.23216      -2.29949      -1.61437
Mg s
          153          177          178          338          378          381          384          403          405          406          408
Mg p
          213          215          224          226          237          238          240          243          244          268          269          324          330          337          344          345          352          356          357          361          362          365          366          384          389          392          394          397
Mg d
          215          240          243          265          266          268          308          313          319          327          330          332          334          335          337          338          339          342          345          346          351          354          356          361          362          366          372          383          384          392          393          403          405          408
 Saving results in set 'frame_392'

 --------------------------------------------------------------------------------

 End time:                               Mon May 17 12:24:17 2021
 Total wall-clock time:                  0.530 seconds
==================================================================================
