
================================================================================
          _____________ ________ _______________ ________     _________         
         / ___________// ______ \\_____   _____// ______ \   / ________)        
        / /_________  / /      \ \     | |     / /      \ \ | (_______          
       |  __________|| |        | |    | |    | |        | | \________ \        
        \ \_________ | |        | |    | |     \ \______/ /___________) |       
         \__________||_|        |_|    |_|      \________//____________/        
                                                                                
====================================[ Qcore ]===================================

 Git hash:   7cd5c520b37f7ee862d844b1504bc4191dc47444
 Git date:   Tue, 4 May 2021 13:25:05 +0100
 Compiler:   GNU 9.1.0
 Build type: Release
 Version:    1.2.0

 Start time: Mon May 17 12:11:24 2021

 Data directory: /home/of15641/.local/src/Qcore/release/share/entos/1.2.0/data
 Number of threads: 1
 Number of threads was determined by: command line argument
  - More threads can be used by running 'qcore -n 24'

 --------------------------------------------------------------------------------
                                  command: bchla                                 
 --------------------------------------------------------------------------------
Mg s eff H
  -0.3104

 SCF converged in 1 iterations.

 Setting up Delta-SCF
 Ground-Excited state overlap:           0.000000000
 No correction applied to the TDM.
 Excitation energy:                      0.074983674
 Excitation energy (in eV):              2.040409718
 Transition dipole:                     -2.99063      -1.44172      -0.04377
Mg s
          153          178          380          396          401          402          403          405          406          408
Mg p
          158          211          229          231          234          239          240          245          302          312          327          332          341          342          343          346          349          352          353          355          358          363          365          369          373          374          377          380          383          385          386          396          402
Mg d
          160          268          309          312          318          327          332          334          341          343          346          350          352          353          358          360          361          362          363          365          369          370          376          377          382          386          387          393
 Saving results in set 'frame_1892'

 --------------------------------------------------------------------------------

 End time:                               Mon May 17 12:11:25 2021
 Total wall-clock time:                  0.530 seconds
==================================================================================
