
================================================================================
          _____________ ________ _______________ ________     _________         
         / ___________// ______ \\_____   _____// ______ \   / ________)        
        / /_________  / /      \ \     | |     / /      \ \ | (_______          
       |  __________|| |        | |    | |    | |        | | \________ \        
        \ \_________ | |        | |    | |     \ \______/ /___________) |       
         \__________||_|        |_|    |_|      \________//____________/        
                                                                                
====================================[ Qcore ]===================================

 Git hash:   7cd5c520b37f7ee862d844b1504bc4191dc47444
 Git date:   Tue, 4 May 2021 13:25:05 +0100
 Compiler:   GNU 9.1.0
 Build type: Release
 Version:    1.2.0

 Start time: Mon May 17 11:30:12 2021

 Data directory: /home/of15641/.local/src/Qcore/release/share/entos/1.2.0/data
 Number of threads: 1
 Number of threads was determined by: command line argument
  - More threads can be used by running 'qcore -n 24'

 --------------------------------------------------------------------------------
                                  command: bchla                                 
 --------------------------------------------------------------------------------
Mg s eff H
  -0.3105

 SCF converged in 1 iterations.

 Setting up Delta-SCF
 Ground-Excited state overlap:           0.000000000
 No correction applied to the TDM.
 Excitation energy:                      0.078534276
 Excitation energy (in eV):              2.137026516
 Transition dipole:                      2.55282      -0.28046       1.51390
Mg s
          153          179          180          356          385          387          394          402          403          405          406
Mg p
          158          267          268          302          321          325          330          333          336          337          339          341          346          348          350          351          356          357          361          364          370          371          372          374          380          387          389          391          394          398          402          403          406          408
Mg d
          267          268          308          312          319          323          335          336          337          348          350          352          354          356          357          358          370          371          372          374          375          377          389          391          408
 Saving results in set 'frame_1088'

 --------------------------------------------------------------------------------

 End time:                               Mon May 17 11:30:12 2021
 Total wall-clock time:                  0.499 seconds
==================================================================================
