
================================================================================
          _____________ ________ _______________ ________     _________         
         / ___________// ______ \\_____   _____// ______ \   / ________)        
        / /_________  / /      \ \     | |     / /      \ \ | (_______          
       |  __________|| |        | |    | |    | |        | | \________ \        
        \ \_________ | |        | |    | |     \ \______/ /___________) |       
         \__________||_|        |_|    |_|      \________//____________/        
                                                                                
====================================[ Qcore ]===================================

 Git hash:   7cd5c520b37f7ee862d844b1504bc4191dc47444
 Git date:   Tue, 4 May 2021 13:25:05 +0100
 Compiler:   GNU 9.1.0
 Build type: Release
 Version:    1.2.0

 Start time: Mon May 17 12:39:44 2021

 Data directory: /home/of15641/.local/src/Qcore/release/share/entos/1.2.0/data
 Number of threads: 1
 Number of threads was determined by: command line argument
  - More threads can be used by running 'qcore -n 24'

 --------------------------------------------------------------------------------
                                  command: bchla                                 
 --------------------------------------------------------------------------------
Mg s eff H
  -0.3100

 SCF converged in 1 iterations.

 Setting up Delta-SCF
 Ground-Excited state overlap:           0.000000000
 No correction applied to the TDM.
 Excitation energy:                      0.076712329
 Excitation energy (in eV):              2.087448811
 Transition dipole:                     -2.09107       0.73160       3.03388
Mg s
          139          144          152          178          179          367          391          399          406          407
Mg p
          229          237          238          240          242          246          269          325          330          344          350          352          355          358          362          363          367          368          370          373          374          377          383          387          390
Mg d
          229          237          238          240          242          246          270          299          321          330          339          345          349          353          362          363          364          367          368          370          373          374          377          378          387          388          393          394          406
 Saving results in set 'frame_687'

 --------------------------------------------------------------------------------

 End time:                               Mon May 17 12:39:44 2021
 Total wall-clock time:                  0.523 seconds
==================================================================================
