
================================================================================
          _____________ ________ _______________ ________     _________         
         / ___________// ______ \\_____   _____// ______ \   / ________)        
        / /_________  / /      \ \     | |     / /      \ \ | (_______          
       |  __________|| |        | |    | |    | |        | | \________ \        
        \ \_________ | |        | |    | |     \ \______/ /___________) |       
         \__________||_|        |_|    |_|      \________//____________/        
                                                                                
====================================[ Qcore ]===================================

 Git hash:   7cd5c520b37f7ee862d844b1504bc4191dc47444
 Git date:   Tue, 4 May 2021 13:25:05 +0100
 Compiler:   GNU 9.1.0
 Build type: Release
 Version:    1.2.0

 Start time: Mon May 17 12:08:07 2021

 Data directory: /home/of15641/.local/src/Qcore/release/share/entos/1.2.0/data
 Number of threads: 1
 Number of threads was determined by: command line argument
  - More threads can be used by running 'qcore -n 24'

 --------------------------------------------------------------------------------
                                  command: bchla                                 
 --------------------------------------------------------------------------------
Mg s eff H
  -0.3102

 SCF converged in 1 iterations.

 Setting up Delta-SCF
 Ground-Excited state overlap:           0.000000000
 No correction applied to the TDM.
 Excitation energy:                      0.078685541
 Excitation energy (in eV):              2.141142637
 Transition dipole:                      1.91321       1.81729       2.73919
Mg s
          141          152          178          359          382          384          393          398          399          400          403          404          405
Mg p
          206          226          238          244          245          265          267          268          313          315          325          326          336          339          340          347          350          353          357          359          362          363          365          368          372          375          376          378          380          382          387          389          401          408
Mg d
          226          238          244          265          267          311          323          326          329          336          339          340          342          346          347          350          353          356          357          359          362          365          366          372          376          382          387          400          403          404          405
 Saving results in set 'frame_1821'

 --------------------------------------------------------------------------------

 End time:                               Mon May 17 12:08:08 2021
 Total wall-clock time:                  0.520 seconds
==================================================================================
