
================================================================================
          _____________ ________ _______________ ________     _________         
         / ___________// ______ \\_____   _____// ______ \   / ________)        
        / /_________  / /      \ \     | |     / /      \ \ | (_______          
       |  __________|| |        | |    | |    | |        | | \________ \        
        \ \_________ | |        | |    | |     \ \______/ /___________) |       
         \__________||_|        |_|    |_|      \________//____________/        
                                                                                
====================================[ Qcore ]===================================

 Git hash:   7cd5c520b37f7ee862d844b1504bc4191dc47444
 Git date:   Tue, 4 May 2021 13:25:05 +0100
 Compiler:   GNU 9.1.0
 Build type: Release
 Version:    1.2.0

 Start time: Mon May 17 12:27:22 2021

 Data directory: /home/of15641/.local/src/Qcore/release/share/entos/1.2.0/data
 Number of threads: 1
 Number of threads was determined by: command line argument
  - More threads can be used by running 'qcore -n 24'

 --------------------------------------------------------------------------------
                                  command: bchla                                 
 --------------------------------------------------------------------------------
Mg s eff H
  -0.3103

 SCF converged in 1 iterations.

 Setting up Delta-SCF
 Ground-Excited state overlap:           0.000000000
 No correction applied to the TDM.
 Excitation energy:                      0.082185933
 Excitation energy (in eV):              2.236393161
 Transition dipole:                      2.97068       0.97629      -1.25483
Mg s
          152          179          363          388          396          398          401          404          408
Mg p
          206          230          233          234          239          271          314          319          324          330          336          337          342          350          352          356          358          362          363          367          369          371          373          379          380          386          404
Mg d
          206          230          233          234          239          305          307          312          314          315          319          320          332          334          336          337          341          343          346          347          350          352          354          355          358          362          367          369          382          404
 Saving results in set 'frame_455'

 --------------------------------------------------------------------------------

 End time:                               Mon May 17 12:27:22 2021
 Total wall-clock time:                  0.535 seconds
==================================================================================
