
================================================================================
          _____________ ________ _______________ ________     _________         
         / ___________// ______ \\_____   _____// ______ \   / ________)        
        / /_________  / /      \ \     | |     / /      \ \ | (_______          
       |  __________|| |        | |    | |    | |        | | \________ \        
        \ \_________ | |        | |    | |     \ \______/ /___________) |       
         \__________||_|        |_|    |_|      \________//____________/        
                                                                                
====================================[ Qcore ]===================================

 Git hash:   7cd5c520b37f7ee862d844b1504bc4191dc47444
 Git date:   Tue, 4 May 2021 13:25:05 +0100
 Compiler:   GNU 9.1.0
 Build type: Release
 Version:    1.2.0

 Start time: Mon May 17 12:14:41 2021

 Data directory: /home/of15641/.local/src/Qcore/release/share/entos/1.2.0/data
 Number of threads: 1
 Number of threads was determined by: command line argument
  - More threads can be used by running 'qcore -n 24'

 --------------------------------------------------------------------------------
                                  command: bchla                                 
 --------------------------------------------------------------------------------
Mg s eff H
  -0.3104

 SCF converged in 1 iterations.

 Setting up Delta-SCF
 Ground-Excited state overlap:          -0.000000000
 No correction applied to the TDM.
 Excitation energy:                      0.078625170
 Excitation energy (in eV):              2.139499856
 Transition dipole:                     -1.01802       1.03081       3.12950
Mg s
          152          177          178          384          387          399          400          401          403          404          407
Mg p
          212          213          214          215          217          219          230          234          239          241          242          248          342          356          357          359          361          369          370
Mg d
          212          217          241          242          270          308          311          331          332          337          342          346          347          354          356          357          359          361          369          370          371          377          388          390          403          404
 Saving results in set 'frame_1999'

 --------------------------------------------------------------------------------

 End time:                               Mon May 17 12:14:41 2021
 Total wall-clock time:                  0.577 seconds
==================================================================================
