
================================================================================
          _____________ ________ _______________ ________     _________         
         / ___________// ______ \\_____   _____// ______ \   / ________)        
        / /_________  / /      \ \     | |     / /      \ \ | (_______          
       |  __________|| |        | |    | |    | |        | | \________ \        
        \ \_________ | |        | |    | |     \ \______/ /___________) |       
         \__________||_|        |_|    |_|      \________//____________/        
                                                                                
====================================[ Qcore ]===================================

 Git hash:   7cd5c520b37f7ee862d844b1504bc4191dc47444
 Git date:   Tue, 4 May 2021 13:25:05 +0100
 Compiler:   GNU 9.1.0
 Build type: Release
 Version:    1.2.0

 Start time: Mon May 17 11:33:37 2021

 Data directory: /home/of15641/.local/src/Qcore/release/share/entos/1.2.0/data
 Number of threads: 1
 Number of threads was determined by: command line argument
  - More threads can be used by running 'qcore -n 24'

 --------------------------------------------------------------------------------
                                  command: bchla                                 
 --------------------------------------------------------------------------------
Mg s eff H
  -0.3101

 SCF converged in 1 iterations.

 Setting up Delta-SCF
 Ground-Excited state overlap:          -0.000000000
 No correction applied to the TDM.
 Excitation energy:                      0.077604457
 Excitation energy (in eV):              2.111724845
 Transition dipole:                     -2.74032       1.17760      -2.42979
Mg s
          153          178          179          371          383          400          406          408
Mg p
          159          305          306          307          311          316          323          329          332          336          340          341          342          344          345          347          349          350          351          354          356          359          362          364          366          367          369          371          376          388          389          393          406
Mg d
          158          208          217          219          238          239          241          307          312          324          332          334          340          342          344          349          350          351          354          357          364          365          366          367          369          371          374          376          383          388          393          408
 Saving results in set 'frame_1135'

 --------------------------------------------------------------------------------

 End time:                               Mon May 17 11:33:37 2021
 Total wall-clock time:                  0.528 seconds
==================================================================================
