
================================================================================
          _____________ ________ _______________ ________     _________         
         / ___________// ______ \\_____   _____// ______ \   / ________)        
        / /_________  / /      \ \     | |     / /      \ \ | (_______          
       |  __________|| |        | |    | |    | |        | | \________ \        
        \ \_________ | |        | |    | |     \ \______/ /___________) |       
         \__________||_|        |_|    |_|      \________//____________/        
                                                                                
====================================[ Qcore ]===================================

 Git hash:   7cd5c520b37f7ee862d844b1504bc4191dc47444
 Git date:   Tue, 4 May 2021 13:25:05 +0100
 Compiler:   GNU 9.1.0
 Build type: Release
 Version:    1.2.0

 Start time: Mon May 17 11:33:39 2021

 Data directory: /home/of15641/.local/src/Qcore/release/share/entos/1.2.0/data
 Number of threads: 1
 Number of threads was determined by: command line argument
  - More threads can be used by running 'qcore -n 24'

 --------------------------------------------------------------------------------
                                  command: bchla                                 
 --------------------------------------------------------------------------------
Mg s eff H
  -0.3102

 SCF converged in 1 iterations.

 Setting up Delta-SCF
 Ground-Excited state overlap:           0.000000000
 No correction applied to the TDM.
 Excitation energy:                      0.075983040
 Excitation energy (in eV):              2.067603863
 Transition dipole:                      2.24083      -1.31875       2.10559
Mg s
          153          177          178          385          406          408
Mg p
          241          243          302          313          318          329          333          341          345          346          347          350          352          353          358          359          364          366          367          368          373          377          378          382          398          406
Mg d
          159          241          313          326          345          346          347          353          355          358          361          362          366          367          368          369          375          376          377          382          385          386          389          395
 Saving results in set 'frame_1165'

 --------------------------------------------------------------------------------

 End time:                               Mon May 17 11:33:40 2021
 Total wall-clock time:                  0.515 seconds
==================================================================================
