
================================================================================
          _____________ ________ _______________ ________     _________         
         / ___________// ______ \\_____   _____// ______ \   / ________)        
        / /_________  / /      \ \     | |     / /      \ \ | (_______          
       |  __________|| |        | |    | |    | |        | | \________ \        
        \ \_________ | |        | |    | |     \ \______/ /___________) |       
         \__________||_|        |_|    |_|      \________//____________/        
                                                                                
====================================[ Qcore ]===================================

 Git hash:   7cd5c520b37f7ee862d844b1504bc4191dc47444
 Git date:   Tue, 4 May 2021 13:25:05 +0100
 Compiler:   GNU 9.1.0
 Build type: Release
 Version:    1.2.0

 Start time: Mon May 17 11:44:29 2021

 Data directory: /home/of15641/.local/src/Qcore/release/share/entos/1.2.0/data
 Number of threads: 1
 Number of threads was determined by: command line argument
  - More threads can be used by running 'qcore -n 24'

 --------------------------------------------------------------------------------
                                  command: bchla                                 
 --------------------------------------------------------------------------------
Mg s eff H
  -0.3102

 SCF converged in 1 iterations.

 Setting up Delta-SCF
 Ground-Excited state overlap:          -0.000000000
 No correction applied to the TDM.
 Excitation energy:                      0.075739468
 Excitation energy (in eV):              2.060975909
 Transition dipole:                     -3.05062       1.69054       0.52902
Mg s
          152          178          180          361          393          402          403          404          406          407          408
Mg p
          159          266          267          306          319          325          327          330          332          333          334          338          343          345          351          353          354          355          357          358          359          361          366          369          370          374          377          397          402          403          404          406          407
Mg d
          204          210          212          214          216          217          220          228          231          236          238          240          241          247          251
 Saving results in set 'frame_1375'

 --------------------------------------------------------------------------------

 End time:                               Mon May 17 11:44:30 2021
 Total wall-clock time:                  0.502 seconds
==================================================================================
