
================================================================================
          _____________ ________ _______________ ________     _________         
         / ___________// ______ \\_____   _____// ______ \   / ________)        
        / /_________  / /      \ \     | |     / /      \ \ | (_______          
       |  __________|| |        | |    | |    | |        | | \________ \        
        \ \_________ | |        | |    | |     \ \______/ /___________) |       
         \__________||_|        |_|    |_|      \________//____________/        
                                                                                
====================================[ Qcore ]===================================

 Git hash:   7cd5c520b37f7ee862d844b1504bc4191dc47444
 Git date:   Tue, 4 May 2021 13:25:05 +0100
 Compiler:   GNU 9.1.0
 Build type: Release
 Version:    1.2.0

 Start time: Mon May 17 12:42:57 2021

 Data directory: /home/of15641/.local/src/Qcore/release/share/entos/1.2.0/data
 Number of threads: 1
 Number of threads was determined by: command line argument
  - More threads can be used by running 'qcore -n 24'

 --------------------------------------------------------------------------------
                                  command: bchla                                 
 --------------------------------------------------------------------------------
Mg s eff H
  -0.3102

 SCF converged in 1 iterations.

 Setting up Delta-SCF
 Ground-Excited state overlap:          -0.000000000
 No correction applied to the TDM.
 Excitation energy:                      0.066930841
 Excitation energy (in eV):              1.821280958
 Transition dipole:                     -0.17668      -1.43450      -1.60128
Mg s
          145          151          153          177          178          179          180          181          387          395          403          404          406          407          408
Mg p
          210          213          220          221          226          234          235          243          247          249          251          312          341          351          355          360          363          365          366          368          370          374          376          382
Mg d
          220          235          243          247          315          328          341          344          346          348          349          352          354          358          360          363          365          366          368          370          371          374          376          377          379          383          385          393          397          398          406
 Saving results in set 'frame_765'

 --------------------------------------------------------------------------------

 End time:                               Mon May 17 12:42:57 2021
 Total wall-clock time:                  0.560 seconds
==================================================================================
