
================================================================================
          _____________ ________ _______________ ________     _________         
         / ___________// ______ \\_____   _____// ______ \   / ________)        
        / /_________  / /      \ \     | |     / /      \ \ | (_______          
       |  __________|| |        | |    | |    | |        | | \________ \        
        \ \_________ | |        | |    | |     \ \______/ /___________) |       
         \__________||_|        |_|    |_|      \________//____________/        
                                                                                
====================================[ Qcore ]===================================

 Git hash:   7cd5c520b37f7ee862d844b1504bc4191dc47444
 Git date:   Tue, 4 May 2021 13:25:05 +0100
 Compiler:   GNU 9.1.0
 Build type: Release
 Version:    1.2.0

 Start time: Mon May 17 11:51:31 2021

 Data directory: /home/of15641/.local/src/Qcore/release/share/entos/1.2.0/data
 Number of threads: 1
 Number of threads was determined by: command line argument
  - More threads can be used by running 'qcore -n 24'

 --------------------------------------------------------------------------------
                                  command: bchla                                 
 --------------------------------------------------------------------------------
Mg s eff H
  -0.3102

 SCF converged in 1 iterations.

 Setting up Delta-SCF
 Ground-Excited state overlap:          -0.000000000
 No correction applied to the TDM.
 Excitation energy:                      0.071176856
 Excitation energy (in eV):              1.936820912
 Transition dipole:                      1.62461       0.86488       1.51128
Mg s
          153          177          178          179          399          400          403          404          405          407          408
Mg p
          206          208          217          224          227          236          240          242          245          306          312          322          342          344          350          351          354          356          357          358          359          361          366          371          373          374          376          378          379          382          385          386
Mg d
          204          206          208          210          217          218          224          227          236          239          240          242          243          244          245          327          335          342          344          350          351          354          357          361          366          369          382
 Saving results in set 'frame_1531'

 --------------------------------------------------------------------------------

 End time:                               Mon May 17 11:51:32 2021
 Total wall-clock time:                  0.538 seconds
==================================================================================
