
================================================================================
          _____________ ________ _______________ ________     _________         
         / ___________// ______ \\_____   _____// ______ \   / ________)        
        / /_________  / /      \ \     | |     / /      \ \ | (_______          
       |  __________|| |        | |    | |    | |        | | \________ \        
        \ \_________ | |        | |    | |     \ \______/ /___________) |       
         \__________||_|        |_|    |_|      \________//____________/        
                                                                                
====================================[ Qcore ]===================================

 Git hash:   7cd5c520b37f7ee862d844b1504bc4191dc47444
 Git date:   Tue, 4 May 2021 13:25:05 +0100
 Compiler:   GNU 9.1.0
 Build type: Release
 Version:    1.2.0

 Start time: Thu May 13 08:56:00 2021

 Data directory: /home/of15641/.local/src/Qcore/release/share/entos/1.2.0/data
 Number of threads: 1
 Number of threads was determined by: command line argument
  - More threads can be used by running 'qcore -n 24'

 --------------------------------------------------------------------------------
                                  command: bchla                                 
 --------------------------------------------------------------------------------
Mg s eff H
  -0.3101

 SCF converged in 1 iterations.

 Setting up Delta-SCF
 Ground-Excited state overlap:           0.000000000
 No correction applied to the TDM.
 Excitation energy:                      0.079489538
 Excitation energy (in eV):              2.163020521
 Transition dipole:                     -2.70789      -1.48312      -1.35971
Mg s
          142          148          152          178          402          405          406          407          408
Mg p
          157          219          236          238          246          270          310          311          323          337          348          349          352          355          357          359          360          364          365          367          369          370          372          373          374          375          380          383          385          402
Mg d
          159          219          236          238          246          268          317          321          325          327          337          340          343          348          352          355          357          360          361          367          372          373          375          377          389          402          405
 Saving results in set 'frame_340'

 --------------------------------------------------------------------------------

 End time:                               Thu May 13 08:56:01 2021
 Total wall-clock time:                  0.799 seconds
==================================================================================
