
================================================================================
          _____________ ________ _______________ ________     _________         
         / ___________// ______ \\_____   _____// ______ \   / ________)        
        / /_________  / /      \ \     | |     / /      \ \ | (_______          
       |  __________|| |        | |    | |    | |        | | \________ \        
        \ \_________ | |        | |    | |     \ \______/ /___________) |       
         \__________||_|        |_|    |_|      \________//____________/        
                                                                                
====================================[ Qcore ]===================================

 Git hash:   7cd5c520b37f7ee862d844b1504bc4191dc47444
 Git date:   Tue, 4 May 2021 13:25:05 +0100
 Compiler:   GNU 9.1.0
 Build type: Release
 Version:    1.2.0

 Start time: Mon May 17 12:17:53 2021

 Data directory: /home/of15641/.local/src/Qcore/release/share/entos/1.2.0/data
 Number of threads: 1
 Number of threads was determined by: command line argument
  - More threads can be used by running 'qcore -n 24'

 --------------------------------------------------------------------------------
                                  command: bchla                                 
 --------------------------------------------------------------------------------
Mg s eff H
  -0.3101

 SCF converged in 1 iterations.

 Setting up Delta-SCF
 Ground-Excited state overlap:          -0.000000000
 No correction applied to the TDM.
 Excitation energy:                      0.073824214
 Excitation energy (in eV):              2.008859205
 Transition dipole:                     -2.94625       1.99190       1.35910
Mg s
          150          177          179          180          181          386          404          405          408
Mg p
          302          313          327          331          333          337          340          342          343          345          348          349          351          354          360          362          365          367          369          374          375          378          379          381          389          394          404          405          408
Mg d
          206          213          218          228          233          235          238          241          243          245          248          342          343          348          351          357          361          367          369          374          375          379          381          405
 Saving results in set 'frame_240'

 --------------------------------------------------------------------------------

 End time:                               Mon May 17 12:17:53 2021
 Total wall-clock time:                  0.528 seconds
==================================================================================
