
================================================================================
          _____________ ________ _______________ ________     _________         
         / ___________// ______ \\_____   _____// ______ \   / ________)        
        / /_________  / /      \ \     | |     / /      \ \ | (_______          
       |  __________|| |        | |    | |    | |        | | \________ \        
        \ \_________ | |        | |    | |     \ \______/ /___________) |       
         \__________||_|        |_|    |_|      \________//____________/        
                                                                                
====================================[ Qcore ]===================================

 Git hash:   7cd5c520b37f7ee862d844b1504bc4191dc47444
 Git date:   Tue, 4 May 2021 13:25:05 +0100
 Compiler:   GNU 9.1.0
 Build type: Release
 Version:    1.2.0

 Start time: Mon May 17 12:24:13 2021

 Data directory: /home/of15641/.local/src/Qcore/release/share/entos/1.2.0/data
 Number of threads: 1
 Number of threads was determined by: command line argument
  - More threads can be used by running 'qcore -n 24'

 --------------------------------------------------------------------------------
                                  command: bchla                                 
 --------------------------------------------------------------------------------
Mg s eff H
  -0.3103

 SCF converged in 1 iterations.

 Setting up Delta-SCF
 Ground-Excited state overlap:           0.000000000
 No correction applied to the TDM.
 Excitation energy:                      0.082331728
 Excitation energy (in eV):              2.240360451
 Transition dipole:                      3.31142       1.18272      -0.69330
Mg s
          141          149          153          178          179          180          396          398          400          402          404          405          408
Mg p
          220          224          237          243          245          275          305          307          329          340          341          344          354          355          358          363          365          367          368          371          372          374          375          377          379          380          381          385          388          396          400          404          405          408
Mg d
          245          266          309          321          323          329          339          340          344          347          349          351          352          355          359          360          363          364          365          367          371          372          373          375          377          379          386          388
 Saving results in set 'frame_357'

 --------------------------------------------------------------------------------

 End time:                               Mon May 17 12:24:14 2021
 Total wall-clock time:                  0.520 seconds
==================================================================================
