
================================================================================
          _____________ ________ _______________ ________     _________         
         / ___________// ______ \\_____   _____// ______ \   / ________)        
        / /_________  / /      \ \     | |     / /      \ \ | (_______          
       |  __________|| |        | |    | |    | |        | | \________ \        
        \ \_________ | |        | |    | |     \ \______/ /___________) |       
         \__________||_|        |_|    |_|      \________//____________/        
                                                                                
====================================[ Qcore ]===================================

 Git hash:   7cd5c520b37f7ee862d844b1504bc4191dc47444
 Git date:   Tue, 4 May 2021 13:25:05 +0100
 Compiler:   GNU 9.1.0
 Build type: Release
 Version:    1.2.0

 Start time: Mon May 17 11:37:23 2021

 Data directory: /home/of15641/.local/src/Qcore/release/share/entos/1.2.0/data
 Number of threads: 1
 Number of threads was determined by: command line argument
  - More threads can be used by running 'qcore -n 24'

 --------------------------------------------------------------------------------
                                  command: bchla                                 
 --------------------------------------------------------------------------------
Mg s eff H
  -0.3102

 SCF converged in 1 iterations.

 Setting up Delta-SCF
 Ground-Excited state overlap:           0.000000000
 No correction applied to the TDM.
 Excitation energy:                      0.077642101
 Excitation energy (in eV):              2.112749195
 Transition dipole:                     -2.17316       0.63498       2.42563
Mg s
          140          148          153          178          392          403          404          405          406          407
Mg p
          242          268          269          314          317          332          342          348          359          360          365          367          371          372          373          374          375          377          378          379          384          387          395          397          406
Mg d
          210          217          220          228          242          267          322          332          333          336          342          344          348          355          356          359          362          363          365          367          369          371          375          377          378          379          381          384          387          390          391          396          397          406
 Saving results in set 'frame_125'

 --------------------------------------------------------------------------------

 End time:                               Mon May 17 11:37:23 2021
 Total wall-clock time:                  0.544 seconds
==================================================================================
