
================================================================================
          _____________ ________ _______________ ________     _________         
         / ___________// ______ \\_____   _____// ______ \   / ________)        
        / /_________  / /      \ \     | |     / /      \ \ | (_______          
       |  __________|| |        | |    | |    | |        | | \________ \        
        \ \_________ | |        | |    | |     \ \______/ /___________) |       
         \__________||_|        |_|    |_|      \________//____________/        
                                                                                
====================================[ Qcore ]===================================

 Git hash:   7cd5c520b37f7ee862d844b1504bc4191dc47444
 Git date:   Tue, 4 May 2021 13:25:05 +0100
 Compiler:   GNU 9.1.0
 Build type: Release
 Version:    1.2.0

 Start time: Mon May 17 12:39:44 2021

 Data directory: /home/of15641/.local/src/Qcore/release/share/entos/1.2.0/data
 Number of threads: 1
 Number of threads was determined by: command line argument
  - More threads can be used by running 'qcore -n 24'

 --------------------------------------------------------------------------------
                                  command: bchla                                 
 --------------------------------------------------------------------------------
Mg s eff H
  -0.3102

 SCF converged in 1 iterations.

 Setting up Delta-SCF
 Ground-Excited state overlap:           0.000000000
 No correction applied to the TDM.
 Excitation energy:                      0.079655868
 Excitation energy (in eV):              2.167546600
 Transition dipole:                     -2.41327      -2.20840       0.51235
Mg s
          143          148          150          178          179          181          387          388          405          406          408
Mg p
          212          218          223          225          234          242          244          245          246          269          270          333          340          342          350          356          357          369          372          377          380          382          385          391          393          397          399          405
Mg d
          212          245          246          270          271          307          313          317          325          338          340          342          348          350          356          357          358          360          362          363          372          377          378          379          380          382          385          387          390          392          393          395          397          399          408
 Saving results in set 'frame_690'

 --------------------------------------------------------------------------------

 End time:                               Mon May 17 12:39:45 2021
 Total wall-clock time:                  0.491 seconds
==================================================================================
