
================================================================================
          _____________ ________ _______________ ________     _________         
         / ___________// ______ \\_____   _____// ______ \   / ________)        
        / /_________  / /      \ \     | |     / /      \ \ | (_______          
       |  __________|| |        | |    | |    | |        | | \________ \        
        \ \_________ | |        | |    | |     \ \______/ /___________) |       
         \__________||_|        |_|    |_|      \________//____________/        
                                                                                
====================================[ Qcore ]===================================

 Git hash:   7cd5c520b37f7ee862d844b1504bc4191dc47444
 Git date:   Tue, 4 May 2021 13:25:05 +0100
 Compiler:   GNU 9.1.0
 Build type: Release
 Version:    1.2.0

 Start time: Mon May 17 12:39:48 2021

 Data directory: /home/of15641/.local/src/Qcore/release/share/entos/1.2.0/data
 Number of threads: 1
 Number of threads was determined by: command line argument
  - More threads can be used by running 'qcore -n 24'

 --------------------------------------------------------------------------------
                                  command: bchla                                 
 --------------------------------------------------------------------------------
Mg s eff H
  -0.3103

 SCF converged in 1 iterations.

 Setting up Delta-SCF
 Ground-Excited state overlap:          -0.000000000
 No correction applied to the TDM.
 Excitation energy:                      0.082041202
 Excitation energy (in eV):              2.232454827
 Transition dipole:                      1.40039       2.61128      -2.04052
Mg s
          143          150          178          389          396          397          404          405          406          408
Mg p
          206          208          210          212          214          215          219          222          229          232          236          239          240          243          245          248          361          362          364          367          372
Mg d
          158          236          248          307          331          332          337          340          341          342          349          353          355          356          360          361          362          364          368          372          373          381          389          396          399
 Saving results in set 'frame_735'

 --------------------------------------------------------------------------------

 End time:                               Mon May 17 12:39:49 2021
 Total wall-clock time:                  0.518 seconds
==================================================================================
