
================================================================================
          _____________ ________ _______________ ________     _________         
         / ___________// ______ \\_____   _____// ______ \   / ________)        
        / /_________  / /      \ \     | |     / /      \ \ | (_______          
       |  __________|| |        | |    | |    | |        | | \________ \        
        \ \_________ | |        | |    | |     \ \______/ /___________) |       
         \__________||_|        |_|    |_|      \________//____________/        
                                                                                
====================================[ Qcore ]===================================

 Git hash:   7cd5c520b37f7ee862d844b1504bc4191dc47444
 Git date:   Tue, 4 May 2021 13:25:05 +0100
 Compiler:   GNU 9.1.0
 Build type: Release
 Version:    1.2.0

 Start time: Mon May 17 12:11:23 2021

 Data directory: /home/of15641/.local/src/Qcore/release/share/entos/1.2.0/data
 Number of threads: 1
 Number of threads was determined by: command line argument
  - More threads can be used by running 'qcore -n 24'

 --------------------------------------------------------------------------------
                                  command: bchla                                 
 --------------------------------------------------------------------------------
Mg s eff H
  -0.3104

 SCF converged in 1 iterations.

 Setting up Delta-SCF
 Ground-Excited state overlap:          -0.000000000
 No correction applied to the TDM.
 Excitation energy:                      0.079815041
 Excitation energy (in eV):              2.171877902
 Transition dipole:                      2.70517       1.14967       1.29591
Mg s
          149          151          177          178          179          387          389          391          395          397          399          400          401          402          404
Mg p
          216          224          236          238          240          241          307          310          312          317          322          324          330          332          337          343          344          345          347          352          353          354          356          358          360          361          362          364          376          377          378          379          386
Mg d
          305          308          318          319          328          329          330          332          333          337          341          344          345          347          352          353          354          358          360          361          362          364          365          367          384          386          391
 Saving results in set 'frame_1886'

 --------------------------------------------------------------------------------

 End time:                               Mon May 17 12:11:24 2021
 Total wall-clock time:                  0.529 seconds
==================================================================================
