
================================================================================
          _____________ ________ _______________ ________     _________         
         / ___________// ______ \\_____   _____// ______ \   / ________)        
        / /_________  / /      \ \     | |     / /      \ \ | (_______          
       |  __________|| |        | |    | |    | |        | | \________ \        
        \ \_________ | |        | |    | |     \ \______/ /___________) |       
         \__________||_|        |_|    |_|      \________//____________/        
                                                                                
====================================[ Qcore ]===================================

 Git hash:   7cd5c520b37f7ee862d844b1504bc4191dc47444
 Git date:   Tue, 4 May 2021 13:25:05 +0100
 Compiler:   GNU 9.1.0
 Build type: Release
 Version:    1.2.0

 Start time: Thu May 13 08:56:00 2021

 Data directory: /home/of15641/.local/src/Qcore/release/share/entos/1.2.0/data
 Number of threads: 1
 Number of threads was determined by: command line argument
  - More threads can be used by running 'qcore -n 24'

 --------------------------------------------------------------------------------
                                  command: bchla                                 
 --------------------------------------------------------------------------------
Mg s eff H
  -0.3103

 SCF converged in 1 iterations.

 Setting up Delta-SCF
 Ground-Excited state overlap:           0.000000000
 No correction applied to the TDM.
 Excitation energy:                      0.085091668
 Excitation energy (in eV):              2.315462239
 Transition dipole:                      2.42495       1.49028       1.08357
Mg s
          145          150          153          176          178          179          391          395          398          400          401          403          405          408
Mg p
          207          209          219          226          232          239          241          243          246          265          300          305          335          340          346          351          352          355          361          362          364          366          367          369          372          373          374          375          379          395          400          403          405
Mg d
          265          307          327          340          341          342          346          347          351          354          355          358          361          362          364          366          367          372          373          374          375          380          381          385          386          395          400          405
 Saving results in set 'frame_1820'

 --------------------------------------------------------------------------------

 End time:                               Thu May 13 08:56:00 2021
 Total wall-clock time:                  0.665 seconds
==================================================================================
