
================================================================================
          _____________ ________ _______________ ________     _________         
         / ___________// ______ \\_____   _____// ______ \   / ________)        
        / /_________  / /      \ \     | |     / /      \ \ | (_______          
       |  __________|| |        | |    | |    | |        | | \________ \        
        \ \_________ | |        | |    | |     \ \______/ /___________) |       
         \__________||_|        |_|    |_|      \________//____________/        
                                                                                
====================================[ Qcore ]===================================

 Git hash:   7cd5c520b37f7ee862d844b1504bc4191dc47444
 Git date:   Tue, 4 May 2021 13:25:05 +0100
 Compiler:   GNU 9.1.0
 Build type: Release
 Version:    1.2.0

 Start time: Mon May 17 11:30:14 2021

 Data directory: /home/of15641/.local/src/Qcore/release/share/entos/1.2.0/data
 Number of threads: 1
 Number of threads was determined by: command line argument
  - More threads can be used by running 'qcore -n 24'

 --------------------------------------------------------------------------------
                                  command: bchla                                 
 --------------------------------------------------------------------------------
Mg s eff H
  -0.3103

 SCF converged in 1 iterations.

 Setting up Delta-SCF
 Ground-Excited state overlap:          -0.000000000
 No correction applied to the TDM.
 Excitation energy:                      0.072389387
 Excitation energy (in eV):              1.969815578
 Transition dipole:                     -1.29704      -0.97815       2.53482
Mg s
          150          151          178          179          373          384          389          399          400          402          405          408
Mg p
          264          308          311          322          335          337          339          341          342          344          347          350          352          353          354          355          356          357          361          362          366          367          370          371          373          383          384          387          389          405
Mg d
          159          204          217          241          243          264          322          325          339          341          342          347          350          351          354          356          357          360          361          364          370          371          379          383          390          394          396
 Saving results in set 'frame_1113'

 --------------------------------------------------------------------------------

 End time:                               Mon May 17 11:30:15 2021
 Total wall-clock time:                  0.520 seconds
==================================================================================
