
================================================================================
          _____________ ________ _______________ ________     _________         
         / ___________// ______ \\_____   _____// ______ \   / ________)        
        / /_________  / /      \ \     | |     / /      \ \ | (_______          
       |  __________|| |        | |    | |    | |        | | \________ \        
        \ \_________ | |        | |    | |     \ \______/ /___________) |       
         \__________||_|        |_|    |_|      \________//____________/        
                                                                                
====================================[ Qcore ]===================================

 Git hash:   7cd5c520b37f7ee862d844b1504bc4191dc47444
 Git date:   Tue, 4 May 2021 13:25:05 +0100
 Compiler:   GNU 9.1.0
 Build type: Release
 Version:    1.2.0

 Start time: Mon May 17 12:52:41 2021

 Data directory: /home/of15641/.local/src/Qcore/release/share/entos/1.2.0/data
 Number of threads: 1
 Number of threads was determined by: command line argument
  - More threads can be used by running 'qcore -n 24'

 --------------------------------------------------------------------------------
                                  command: bchla                                 
 --------------------------------------------------------------------------------
Mg s eff H
  -0.3102

 SCF converged in 1 iterations.

 Setting up Delta-SCF
 Ground-Excited state overlap:          -0.000000000
 No correction applied to the TDM.
 Excitation energy:                      0.073017239
 Excitation energy (in eV):              1.986900282
 Transition dipole:                     -2.29842       0.28522       2.37933
Mg s
          152          179          399          402          403          406          407
Mg p
          159          268          320          327          341          347          353          362          363          365          368          369          373          376          380          386          398          403
Mg d
          158          211          217          236          239          240          244          247          248          267          268          310          317          322          334          337          343          344          346          347          351          353          355          356          357          359          361          363          365          366          368          369          373          374          378          383          384          386          391          398          406
 Saving results in set 'frame_97'

 --------------------------------------------------------------------------------

 End time:                               Mon May 17 12:52:41 2021
 Total wall-clock time:                  0.519 seconds
==================================================================================
