
================================================================================
          _____________ ________ _______________ ________     _________         
         / ___________// ______ \\_____   _____// ______ \   / ________)        
        / /_________  / /      \ \     | |     / /      \ \ | (_______          
       |  __________|| |        | |    | |    | |        | | \________ \        
        \ \_________ | |        | |    | |     \ \______/ /___________) |       
         \__________||_|        |_|    |_|      \________//____________/        
                                                                                
====================================[ Qcore ]===================================

 Git hash:   7cd5c520b37f7ee862d844b1504bc4191dc47444
 Git date:   Tue, 4 May 2021 13:25:05 +0100
 Compiler:   GNU 9.1.0
 Build type: Release
 Version:    1.2.0

 Start time: Mon May 17 12:17:55 2021

 Data directory: /home/of15641/.local/src/Qcore/release/share/entos/1.2.0/data
 Number of threads: 1
 Number of threads was determined by: command line argument
  - More threads can be used by running 'qcore -n 24'

 --------------------------------------------------------------------------------
                                  command: bchla                                 
 --------------------------------------------------------------------------------
Mg s eff H
  -0.3104

 SCF converged in 1 iterations.

 Setting up Delta-SCF
 Ground-Excited state overlap:           0.000000000
 No correction applied to the TDM.
 Excitation energy:                      0.077868446
 Excitation energy (in eV):              2.118908348
 Transition dipole:                     -3.49603      -0.43761      -0.12949
Mg s
          151          177          178          179          367          396          400          401          403          406          408
Mg p
          159          266          269          306          312          331          337          341          346          348          353          356          361          362          363          364          367          371          373          375          377          378          379          382          383          384          389          391          403
Mg d
          178          205          208          212          213          217          226          227          228          229          230          234          235          236          238          240          241          245          253          338          341          355          356          361          362          364          365          371          372          401
 Saving results in set 'frame_269'

 --------------------------------------------------------------------------------

 End time:                               Mon May 17 12:17:56 2021
 Total wall-clock time:                  0.577 seconds
==================================================================================
