
================================================================================
          _____________ ________ _______________ ________     _________         
         / ___________// ______ \\_____   _____// ______ \   / ________)        
        / /_________  / /      \ \     | |     / /      \ \ | (_______          
       |  __________|| |        | |    | |    | |        | | \________ \        
        \ \_________ | |        | |    | |     \ \______/ /___________) |       
         \__________||_|        |_|    |_|      \________//____________/        
                                                                                
====================================[ Qcore ]===================================

 Git hash:   7cd5c520b37f7ee862d844b1504bc4191dc47444
 Git date:   Tue, 4 May 2021 13:25:05 +0100
 Compiler:   GNU 9.1.0
 Build type: Release
 Version:    1.2.0

 Start time: Mon May 17 11:44:28 2021

 Data directory: /home/of15641/.local/src/Qcore/release/share/entos/1.2.0/data
 Number of threads: 1
 Number of threads was determined by: command line argument
  - More threads can be used by running 'qcore -n 24'

 --------------------------------------------------------------------------------
                                  command: bchla                                 
 --------------------------------------------------------------------------------
Mg s eff H
  -0.3102

 SCF converged in 1 iterations.

 Setting up Delta-SCF
 Ground-Excited state overlap:           0.000000000
 No correction applied to the TDM.
 Excitation energy:                      0.078285792
 Excitation energy (in eV):              2.130264911
 Transition dipole:                      2.81480      -1.21499       1.14085
Mg s
          143          151          178          179          180          358          388          399          403          404          405          407
Mg p
          268          270          272          310          317          341          346          350          358          359          361          363          365          366          369          370          371          372          379          385          390          395          396          403          408
Mg d
          212          213          214          216          218          228          232          241          243          244          245          248          311          341          346          347          350          358          359          361          363          399          403          407
 Saving results in set 'frame_1354'

 --------------------------------------------------------------------------------

 End time:                               Mon May 17 11:44:28 2021
 Total wall-clock time:                  0.543 seconds
==================================================================================
