
================================================================================
          _____________ ________ _______________ ________     _________         
         / ___________// ______ \\_____   _____// ______ \   / ________)        
        / /_________  / /      \ \     | |     / /      \ \ | (_______          
       |  __________|| |        | |    | |    | |        | | \________ \        
        \ \_________ | |        | |    | |     \ \______/ /___________) |       
         \__________||_|        |_|    |_|      \________//____________/        
                                                                                
====================================[ Qcore ]===================================

 Git hash:   7cd5c520b37f7ee862d844b1504bc4191dc47444
 Git date:   Tue, 4 May 2021 13:25:05 +0100
 Compiler:   GNU 9.1.0
 Build type: Release
 Version:    1.2.0

 Start time: Mon May 17 12:52:40 2021

 Data directory: /home/of15641/.local/src/Qcore/release/share/entos/1.2.0/data
 Number of threads: 1
 Number of threads was determined by: command line argument
  - More threads can be used by running 'qcore -n 24'

 --------------------------------------------------------------------------------
                                  command: bchla                                 
 --------------------------------------------------------------------------------
Mg s eff H
  -0.3101

 SCF converged in 1 iterations.

 Setting up Delta-SCF
 Ground-Excited state overlap:          -0.000000000
 No correction applied to the TDM.
 Excitation energy:                      0.077272790
 Excitation energy (in eV):              2.102699743
 Transition dipole:                      2.78936       0.84527       0.59298
Mg s
          151          153          177          179          180          181          373          403          404          405          406          407          408
Mg p
          240          270          305          317          324          328          329          335          337          340          341          343          349          350          352          357          359          361          364          366          367          370          373          375          376          377          379          381          385          386          387          389          407
Mg d
          270          309          314          316          329          341          343          349          350          351          352          356          357          359          361          364          365          366          367          370          373          375          376          377          378          379          384          387          390          393
 Saving results in set 'frame_973'

 --------------------------------------------------------------------------------

 End time:                               Mon May 17 12:52:40 2021
 Total wall-clock time:                  0.530 seconds
==================================================================================
