
================================================================================
          _____________ ________ _______________ ________     _________         
         / ___________// ______ \\_____   _____// ______ \   / ________)        
        / /_________  / /      \ \     | |     / /      \ \ | (_______          
       |  __________|| |        | |    | |    | |        | | \________ \        
        \ \_________ | |        | |    | |     \ \______/ /___________) |       
         \__________||_|        |_|    |_|      \________//____________/        
                                                                                
====================================[ Qcore ]===================================

 Git hash:   7cd5c520b37f7ee862d844b1504bc4191dc47444
 Git date:   Tue, 4 May 2021 13:25:05 +0100
 Compiler:   GNU 9.1.0
 Build type: Release
 Version:    1.2.0

 Start time: Mon May 17 11:30:11 2021

 Data directory: /home/of15641/.local/src/Qcore/release/share/entos/1.2.0/data
 Number of threads: 1
 Number of threads was determined by: command line argument
  - More threads can be used by running 'qcore -n 24'

 --------------------------------------------------------------------------------
                                  command: bchla                                 
 --------------------------------------------------------------------------------
Mg s eff H
  -0.3100

 SCF converged in 1 iterations.

 Setting up Delta-SCF
 Ground-Excited state overlap:          -0.000000000
 No correction applied to the TDM.
 Excitation energy:                      0.075691861
 Excitation energy (in eV):              2.059680468
 Transition dipole:                      2.21899      -0.40202      -0.80544
Mg s
          144          147          152          178          179          180          376          403          406          407          408
Mg p
          267          308          310          318          332          333          338          341          342          343          344          345          347          349          350          353          360          361          362          364          366          367          369          376          379          384          385          387          388          394          395          406          407
Mg d
          245          276          338          345          347          361          366          367          369          371          376          379          380          383          384          385          387          390          392          394          395          398          400          407
 Saving results in set 'frame_1081'

 --------------------------------------------------------------------------------

 End time:                               Mon May 17 11:30:12 2021
 Total wall-clock time:                  0.653 seconds
==================================================================================
