
================================================================================
          _____________ ________ _______________ ________     _________         
         / ___________// ______ \\_____   _____// ______ \   / ________)        
        / /_________  / /      \ \     | |     / /      \ \ | (_______          
       |  __________|| |        | |    | |    | |        | | \________ \        
        \ \_________ | |        | |    | |     \ \______/ /___________) |       
         \__________||_|        |_|    |_|      \________//____________/        
                                                                                
====================================[ Qcore ]===================================

 Git hash:   7cd5c520b37f7ee862d844b1504bc4191dc47444
 Git date:   Tue, 4 May 2021 13:25:05 +0100
 Compiler:   GNU 9.1.0
 Build type: Release
 Version:    1.2.0

 Start time: Mon May 17 11:30:16 2021

 Data directory: /home/of15641/.local/src/Qcore/release/share/entos/1.2.0/data
 Number of threads: 1
 Number of threads was determined by: command line argument
  - More threads can be used by running 'qcore -n 24'

 --------------------------------------------------------------------------------
                                  command: bchla                                 
 --------------------------------------------------------------------------------
Mg s eff H
  -0.3103

 SCF converged in 1 iterations.

 Setting up Delta-SCF
 Ground-Excited state overlap:           0.000000000
 No correction applied to the TDM.
 Excitation energy:                      0.076986312
 Excitation energy (in eV):              2.094904259
 Transition dipole:                      0.26865      -0.96214       3.44025
Mg s
          151          177          178          359          376          397          405          406
Mg p
          158          267          269          308          329          331          332          343          344          349          351          354          356          359          360          363          365          369          370          374          385          387          390          393          398          405          406
Mg d
          159          236          245          265          267          309          318          349          351          354          355          356          360          363          364          368          370          373          376          380          382          383          385          393          395          398          405          408
 Saving results in set 'frame_1123'

 --------------------------------------------------------------------------------

 End time:                               Mon May 17 11:30:16 2021
 Total wall-clock time:                  0.495 seconds
==================================================================================
