
================================================================================
          _____________ ________ _______________ ________     _________         
         / ___________// ______ \\_____   _____// ______ \   / ________)        
        / /_________  / /      \ \     | |     / /      \ \ | (_______          
       |  __________|| |        | |    | |    | |        | | \________ \        
        \ \_________ | |        | |    | |     \ \______/ /___________) |       
         \__________||_|        |_|    |_|      \________//____________/        
                                                                                
====================================[ Qcore ]===================================

 Git hash:   7cd5c520b37f7ee862d844b1504bc4191dc47444
 Git date:   Tue, 4 May 2021 13:25:05 +0100
 Compiler:   GNU 9.1.0
 Build type: Release
 Version:    1.2.0

 Start time: Mon May 17 11:39:55 2021

 Data directory: /home/of15641/.local/src/Qcore/release/share/entos/1.2.0/data
 Number of threads: 1
 Number of threads was determined by: command line argument
  - More threads can be used by running 'qcore -n 32'

 --------------------------------------------------------------------------------
                                  command: bchla                                 
 --------------------------------------------------------------------------------
Mg s eff H
  -0.3100

 SCF converged in 1 iterations.

 Setting up Delta-SCF
 Ground-Excited state overlap:          -0.000000000
 No correction applied to the TDM.
 Excitation energy:                      0.077820912
 Excitation energy (in eV):              2.117614902
 Transition dipole:                      0.64041      -2.30510       2.62466
Mg s
          150          153          179          180          407          408
Mg p
          240          311          329          333          344          346          348          349          350          351          355          357          358          359          360          362          364          365          366          367          369          378          379          386          393          407
Mg d
          205          207          213          216          218          232          234          235          237          240          243          306          322          323          350          352          355          357          358          360          363          364          365          366          367          369          370          371          378          379          380          387          397          407
 Saving results in set 'frame_1319'

 --------------------------------------------------------------------------------

 End time:                               Mon May 17 11:39:55 2021
 Total wall-clock time:                  0.543 seconds
==================================================================================
