
================================================================================
          _____________ ________ _______________ ________     _________         
         / ___________// ______ \\_____   _____// ______ \   / ________)        
        / /_________  / /      \ \     | |     / /      \ \ | (_______          
       |  __________|| |        | |    | |    | |        | | \________ \        
        \ \_________ | |        | |    | |     \ \______/ /___________) |       
         \__________||_|        |_|    |_|      \________//____________/        
                                                                                
====================================[ Qcore ]===================================

 Git hash:   7cd5c520b37f7ee862d844b1504bc4191dc47444
 Git date:   Tue, 4 May 2021 13:25:05 +0100
 Compiler:   GNU 9.1.0
 Build type: Release
 Version:    1.2.0

 Start time: Mon May 17 11:44:32 2021

 Data directory: /home/of15641/.local/src/Qcore/release/share/entos/1.2.0/data
 Number of threads: 1
 Number of threads was determined by: command line argument
  - More threads can be used by running 'qcore -n 24'

 --------------------------------------------------------------------------------
                                  command: bchla                                 
 --------------------------------------------------------------------------------
Mg s eff H
  -0.3104

 SCF converged in 1 iterations.

 Setting up Delta-SCF
 Ground-Excited state overlap:          -0.000000000
 No correction applied to the TDM.
 Excitation energy:                      0.074693465
 Excitation energy (in eV):              2.032512736
 Transition dipole:                     -3.07503       0.34653       1.60760
Mg s
          153          178          179          180          181          392          397          400          401          403          404          405
Mg p
          205          222          228          229          234          240          241          244          267          302          316          322          327          337          338          339          348          349          353          356          357          359          360          363          364          367          368          369          370          371          372          375          380          381          383          388          401
Mg d
          205          207          209          210          211          212          216          217          219          222          225          228          229          234          235          239          240          241          242          244          322          338          353          356          357          363          364          367          368          370          375
 Saving results in set 'frame_1393'

 --------------------------------------------------------------------------------

 End time:                               Mon May 17 11:44:32 2021
 Total wall-clock time:                  0.535 seconds
==================================================================================
