
================================================================================
          _____________ ________ _______________ ________     _________         
         / ___________// ______ \\_____   _____// ______ \   / ________)        
        / /_________  / /      \ \     | |     / /      \ \ | (_______          
       |  __________|| |        | |    | |    | |        | | \________ \        
        \ \_________ | |        | |    | |     \ \______/ /___________) |       
         \__________||_|        |_|    |_|      \________//____________/        
                                                                                
====================================[ Qcore ]===================================

 Git hash:   7cd5c520b37f7ee862d844b1504bc4191dc47444
 Git date:   Tue, 4 May 2021 13:25:05 +0100
 Compiler:   GNU 9.1.0
 Build type: Release
 Version:    1.2.0

 Start time: Mon May 17 12:08:13 2021

 Data directory: /home/of15641/.local/src/Qcore/release/share/entos/1.2.0/data
 Number of threads: 1
 Number of threads was determined by: command line argument
  - More threads can be used by running 'qcore -n 24'

 --------------------------------------------------------------------------------
                                  command: bchla                                 
 --------------------------------------------------------------------------------
Mg s eff H
  -0.3103

 SCF converged in 1 iterations.

 Setting up Delta-SCF
 Ground-Excited state overlap:          -0.000000000
 No correction applied to the TDM.
 Excitation energy:                      0.076730048
 Excitation energy (in eV):              2.087930982
 Transition dipole:                     -0.00775      -1.12289      -3.32285
Mg s
          150          152          178          179          363          383          398          402          403          405          406          407
Mg p
          158          222          233          244          247          268          269          307          329          335          338          339          341          343          344          346          353          355          359          361          362          363          364          366          370          375          380          383          385          386          392          402          406          407
Mg d
          159          233          244          270          321          324          329          338          343          351          353          355          359          361          367          368          370          372          374          375          377          379          382          385          392          397          398          407
 Saving results in set 'frame_1878'

 --------------------------------------------------------------------------------

 End time:                               Mon May 17 12:08:14 2021
 Total wall-clock time:                  0.558 seconds
==================================================================================
