
================================================================================
          _____________ ________ _______________ ________     _________         
         / ___________// ______ \\_____   _____// ______ \   / ________)        
        / /_________  / /      \ \     | |     / /      \ \ | (_______          
       |  __________|| |        | |    | |    | |        | | \________ \        
        \ \_________ | |        | |    | |     \ \______/ /___________) |       
         \__________||_|        |_|    |_|      \________//____________/        
                                                                                
====================================[ Qcore ]===================================

 Git hash:   7cd5c520b37f7ee862d844b1504bc4191dc47444
 Git date:   Tue, 4 May 2021 13:25:05 +0100
 Compiler:   GNU 9.1.0
 Build type: Release
 Version:    1.2.0

 Start time: Mon May 17 11:47:55 2021

 Data directory: /home/of15641/.local/src/Qcore/release/share/entos/1.2.0/data
 Number of threads: 1
 Number of threads was determined by: command line argument
  - More threads can be used by running 'qcore -n 24'

 --------------------------------------------------------------------------------
                                  command: bchla                                 
 --------------------------------------------------------------------------------
Mg s eff H
  -0.3102

 SCF converged in 1 iterations.

 Setting up Delta-SCF
 Ground-Excited state overlap:          -0.000000000
 No correction applied to the TDM.
 Excitation energy:                      0.077931879
 Excitation energy (in eV):              2.120634456
 Transition dipole:                      2.00817      -3.13154       0.49446
Mg s
          151          152          177          179          180          181          396          404          405          406          408
Mg p
          241          249          266          267          306          323          330          343          349          358          359          361          362          368          370          371          373          377          381          382          383          386          387          392          394          395          396          398
Mg d
          205          206          210          214          218          220          225          227          231          232          233          234          235          239          240          241          242          243          245          247          249          267          321          343          353          362          363          366          367          370          373          376          377          381          382          383          387          406
 Saving results in set 'frame_1418'

 --------------------------------------------------------------------------------

 End time:                               Mon May 17 11:47:56 2021
 Total wall-clock time:                  0.521 seconds
==================================================================================
