
================================================================================
          _____________ ________ _______________ ________     _________         
         / ___________// ______ \\_____   _____// ______ \   / ________)        
        / /_________  / /      \ \     | |     / /      \ \ | (_______          
       |  __________|| |        | |    | |    | |        | | \________ \        
        \ \_________ | |        | |    | |     \ \______/ /___________) |       
         \__________||_|        |_|    |_|      \________//____________/        
                                                                                
====================================[ Qcore ]===================================

 Git hash:   7cd5c520b37f7ee862d844b1504bc4191dc47444
 Git date:   Tue, 4 May 2021 13:25:05 +0100
 Compiler:   GNU 9.1.0
 Build type: Release
 Version:    1.2.0

 Start time: Mon May 17 12:01:44 2021

 Data directory: /home/of15641/.local/src/Qcore/release/share/entos/1.2.0/data
 Number of threads: 1
 Number of threads was determined by: command line argument
  - More threads can be used by running 'qcore -n 24'

 --------------------------------------------------------------------------------
                                  command: bchla                                 
 --------------------------------------------------------------------------------
Mg s eff H
  -0.3103

 SCF converged in 1 iterations.

 Setting up Delta-SCF
 Ground-Excited state overlap:           0.000000000
 No correction applied to the TDM.
 Excitation energy:                      0.076449498
 Excitation energy (in eV):              2.080296818
 Transition dipole:                      2.64438       0.62037      -0.82998
Mg s
          145          147          150          178          386          389          393          403          404          408
Mg p
          208          236          240          241          267          311          313          327          334          336          341          343          349          351          352          356          357          363          366          371          373          376          377          387          403          404
Mg d
          178          207          208          212          214          216          221          222          226          230          236          240          241          267          349          352          356          357          360          363          371          373
 Saving results in set 'frame_1718'

 --------------------------------------------------------------------------------

 End time:                               Mon May 17 12:01:44 2021
 Total wall-clock time:                  0.505 seconds
==================================================================================
