
================================================================================
          _____________ ________ _______________ ________     _________         
         / ___________// ______ \\_____   _____// ______ \   / ________)        
        / /_________  / /      \ \     | |     / /      \ \ | (_______          
       |  __________|| |        | |    | |    | |        | | \________ \        
        \ \_________ | |        | |    | |     \ \______/ /___________) |       
         \__________||_|        |_|    |_|      \________//____________/        
                                                                                
====================================[ Qcore ]===================================

 Git hash:   7cd5c520b37f7ee862d844b1504bc4191dc47444
 Git date:   Tue, 4 May 2021 13:25:05 +0100
 Compiler:   GNU 9.1.0
 Build type: Release
 Version:    1.2.0

 Start time: Mon May 17 11:26:32 2021

 Data directory: /home/of15641/.local/src/Qcore/release/share/entos/1.2.0/data
 Number of threads: 1
 Number of threads was determined by: command line argument
  - More threads can be used by running 'qcore -n 28'

 --------------------------------------------------------------------------------
                                  command: bchla                                 
 --------------------------------------------------------------------------------
Mg s eff H
  -0.3103

 SCF converged in 1 iterations.

 Setting up Delta-SCF
 Ground-Excited state overlap:          -0.000000000
 No correction applied to the TDM.
 Excitation energy:                      0.078282168
 Excitation energy (in eV):              2.130166320
 Transition dipole:                     -2.33941      -0.53755      -1.73784
Mg s
          149          152          178          179          180          396          400          404          405          406          407
Mg p
          239          245          270          315          319          332          333          335          338          348          350          354          356          357          359          360          362          363          365          368          372          373          379          380          385          398          399          405          406          407          408
Mg d
          159          268          312          323          326          331          342          347          348          357          359          360          362          363          365          368          370          373          375          383          385          399
 Saving results in set 'frame_1038'

 --------------------------------------------------------------------------------

 End time:                               Mon May 17 11:26:33 2021
 Total wall-clock time:                  1.089 seconds
==================================================================================
