
================================================================================
          _____________ ________ _______________ ________     _________         
         / ___________// ______ \\_____   _____// ______ \   / ________)        
        / /_________  / /      \ \     | |     / /      \ \ | (_______          
       |  __________|| |        | |    | |    | |        | | \________ \        
        \ \_________ | |        | |    | |     \ \______/ /___________) |       
         \__________||_|        |_|    |_|      \________//____________/        
                                                                                
====================================[ Qcore ]===================================

 Git hash:   7cd5c520b37f7ee862d844b1504bc4191dc47444
 Git date:   Tue, 4 May 2021 13:25:05 +0100
 Compiler:   GNU 9.1.0
 Build type: Release
 Version:    1.2.0

 Start time: Mon May 17 11:30:11 2021

 Data directory: /home/of15641/.local/src/Qcore/release/share/entos/1.2.0/data
 Number of threads: 1
 Number of threads was determined by: command line argument
  - More threads can be used by running 'qcore -n 24'

 --------------------------------------------------------------------------------
                                  command: bchla                                 
 --------------------------------------------------------------------------------
Mg s eff H
  -0.3102

 SCF converged in 1 iterations.

 Setting up Delta-SCF
 Ground-Excited state overlap:          -0.000000000
 No correction applied to the TDM.
 Excitation energy:                      0.078174602
 Excitation energy (in eV):              2.127239281
 Transition dipole:                      2.46853       0.47721       2.23552
Mg s
          152          179          180          395          401          404          406          408
Mg p
          270          310          318          319          325          326          332          337          339          340          342          343          344          346          347          350          351          352          353          355          356          357          360          361          365          366          375          377          379          384          388
Mg d
          243          304          310          319          329          330          346          347          353          354          355          357          360          361          366          368          369          371          372          373          375          376          377          379          380          382          384          390          391          397
 Saving results in set 'frame_1073'

 --------------------------------------------------------------------------------

 End time:                               Mon May 17 11:30:11 2021
 Total wall-clock time:                  0.692 seconds
==================================================================================
