
================================================================================
          _____________ ________ _______________ ________     _________         
         / ___________// ______ \\_____   _____// ______ \   / ________)        
        / /_________  / /      \ \     | |     / /      \ \ | (_______          
       |  __________|| |        | |    | |    | |        | | \________ \        
        \ \_________ | |        | |    | |     \ \______/ /___________) |       
         \__________||_|        |_|    |_|      \________//____________/        
                                                                                
====================================[ Qcore ]===================================

 Git hash:   7cd5c520b37f7ee862d844b1504bc4191dc47444
 Git date:   Tue, 4 May 2021 13:25:05 +0100
 Compiler:   GNU 9.1.0
 Build type: Release
 Version:    1.2.0

 Start time: Mon May 17 11:33:39 2021

 Data directory: /home/of15641/.local/src/Qcore/release/share/entos/1.2.0/data
 Number of threads: 1
 Number of threads was determined by: command line argument
  - More threads can be used by running 'qcore -n 24'

 --------------------------------------------------------------------------------
                                  command: bchla                                 
 --------------------------------------------------------------------------------
Mg s eff H
  -0.3101

 SCF converged in 1 iterations.

 Setting up Delta-SCF
 Ground-Excited state overlap:           0.000000000
 No correction applied to the TDM.
 Excitation energy:                      0.080418329
 Excitation energy (in eV):              2.188294198
 Transition dipole:                     -1.88810       1.64025      -2.58101
Mg s
          145          152          177          178          179          180          388          389          396          400          403          405          406
Mg p
          159          226          234          242          313          322          330          332          333          336          340          342          348          351          355          357          359          360          361          362          363          365          367          370          380          382          383          385          406          408
Mg d
          158          226          234          242          269          270          272          308          314          322          327          342          348          351          355          357          359          362          363          365          367          370          371          373          374          375          388          392          395
 Saving results in set 'frame_1166'

 --------------------------------------------------------------------------------

 End time:                               Mon May 17 11:33:40 2021
 Total wall-clock time:                  0.513 seconds
==================================================================================
