
================================================================================
          _____________ ________ _______________ ________     _________         
         / ___________// ______ \\_____   _____// ______ \   / ________)        
        / /_________  / /      \ \     | |     / /      \ \ | (_______          
       |  __________|| |        | |    | |    | |        | | \________ \        
        \ \_________ | |        | |    | |     \ \______/ /___________) |       
         \__________||_|        |_|    |_|      \________//____________/        
                                                                                
====================================[ Qcore ]===================================

 Git hash:   7cd5c520b37f7ee862d844b1504bc4191dc47444
 Git date:   Tue, 4 May 2021 13:25:05 +0100
 Compiler:   GNU 9.1.0
 Build type: Release
 Version:    1.2.0

 Start time: Mon May 17 11:30:14 2021

 Data directory: /home/of15641/.local/src/Qcore/release/share/entos/1.2.0/data
 Number of threads: 1
 Number of threads was determined by: command line argument
  - More threads can be used by running 'qcore -n 24'

 --------------------------------------------------------------------------------
                                  command: bchla                                 
 --------------------------------------------------------------------------------
Mg s eff H
  -0.3101

 SCF converged in 1 iterations.

 Setting up Delta-SCF
 Ground-Excited state overlap:          -0.000000000
 No correction applied to the TDM.
 Excitation energy:                      0.084460677
 Excitation energy (in eV):              2.298292094
 Transition dipole:                      2.52244      -0.92172       1.50894
Mg s
          145          146          152          177          178          179          180          181          387          389          395          399          405          406          407          408
Mg p
          159          266          268          310          313          320          323          327          330          332          334          335          338          347          350          351          352          353          355          356          358          359          362          364          366          368          371          372          375          376          377          384          391          395          399          402          406          407
Mg d
          207          218          234          242          305          342          347          349          351          352          359          362          364          366          367          372          376          377          385          386          395          397          399
 Saving results in set 'frame_1105'

 --------------------------------------------------------------------------------

 End time:                               Mon May 17 11:30:15 2021
 Total wall-clock time:                  0.709 seconds
==================================================================================
