
================================================================================
          _____________ ________ _______________ ________     _________         
         / ___________// ______ \\_____   _____// ______ \   / ________)        
        / /_________  / /      \ \     | |     / /      \ \ | (_______          
       |  __________|| |        | |    | |    | |        | | \________ \        
        \ \_________ | |        | |    | |     \ \______/ /___________) |       
         \__________||_|        |_|    |_|      \________//____________/        
                                                                                
====================================[ Qcore ]===================================

 Git hash:   7cd5c520b37f7ee862d844b1504bc4191dc47444
 Git date:   Tue, 4 May 2021 13:25:05 +0100
 Compiler:   GNU 9.1.0
 Build type: Release
 Version:    1.2.0

 Start time: Mon May 17 12:33:29 2021

 Data directory: /home/of15641/.local/src/Qcore/release/share/entos/1.2.0/data
 Number of threads: 1
 Number of threads was determined by: command line argument
  - More threads can be used by running 'qcore -n 24'

 --------------------------------------------------------------------------------
                                  command: bchla                                 
 --------------------------------------------------------------------------------
Mg s eff H
  -0.3104

 SCF converged in 1 iterations.

 Setting up Delta-SCF
 Ground-Excited state overlap:           0.000000000
 No correction applied to the TDM.
 Excitation energy:                      0.081181565
 Excitation energy (in eV):              2.209062932
 Transition dipole:                     -1.66163       2.80186      -0.29903
Mg s
          150          151          178          179          395          405          406          407          408
Mg p
          206          216          217          218          219          221          222          227          230          237          243          245          320          331          333          345          348          350          354          357          359          361          363          365          368          371          374          375          379          383          389          406
Mg d
          206          213          216          217          218          219          221          222          227          230          237          238          243          245          324          331          333          345          346          348          350          354          357          359          363          365          368          371          374          375          379          383          406
 Saving results in set 'frame_566'

 --------------------------------------------------------------------------------

 End time:                               Mon May 17 12:33:30 2021
 Total wall-clock time:                  0.549 seconds
==================================================================================
