
================================================================================
          _____________ ________ _______________ ________     _________         
         / ___________// ______ \\_____   _____// ______ \   / ________)        
        / /_________  / /      \ \     | |     / /      \ \ | (_______          
       |  __________|| |        | |    | |    | |        | | \________ \        
        \ \_________ | |        | |    | |     \ \______/ /___________) |       
         \__________||_|        |_|    |_|      \________//____________/        
                                                                                
====================================[ Qcore ]===================================

 Git hash:   7cd5c520b37f7ee862d844b1504bc4191dc47444
 Git date:   Tue, 4 May 2021 13:25:05 +0100
 Compiler:   GNU 9.1.0
 Build type: Release
 Version:    1.2.0

 Start time: Mon May 17 11:30:11 2021

 Data directory: /home/of15641/.local/src/Qcore/release/share/entos/1.2.0/data
 Number of threads: 1
 Number of threads was determined by: command line argument
  - More threads can be used by running 'qcore -n 24'

 --------------------------------------------------------------------------------
                                  command: bchla                                 
 --------------------------------------------------------------------------------
Mg s eff H
  -0.3102

 SCF converged in 1 iterations.

 Setting up Delta-SCF
 Ground-Excited state overlap:           0.000000000
 No correction applied to the TDM.
 Excitation energy:                      0.080237937
 Excitation energy (in eV):              2.183385494
 Transition dipole:                     -1.56252      -0.20630      -3.19036
Mg s
          148          151          178          179          180          383          402          405          406          407          408
Mg p
          303          327          335          339          343          344          347          352          353          354          360          363          366          371          372          380          384          385          393          405          406
Mg d
          271          311          317          321          322          329          348          352          353          355          359          360          361          363          365          366          369          372          374          380          384          387          389          390          406          408
 Saving results in set 'frame_1082'

 --------------------------------------------------------------------------------

 End time:                               Mon May 17 11:30:12 2021
 Total wall-clock time:                  0.648 seconds
==================================================================================
