
================================================================================
          _____________ ________ _______________ ________     _________         
         / ___________// ______ \\_____   _____// ______ \   / ________)        
        / /_________  / /      \ \     | |     / /      \ \ | (_______          
       |  __________|| |        | |    | |    | |        | | \________ \        
        \ \_________ | |        | |    | |     \ \______/ /___________) |       
         \__________||_|        |_|    |_|      \________//____________/        
                                                                                
====================================[ Qcore ]===================================

 Git hash:   7cd5c520b37f7ee862d844b1504bc4191dc47444
 Git date:   Tue, 4 May 2021 13:25:05 +0100
 Compiler:   GNU 9.1.0
 Build type: Release
 Version:    1.2.0

 Start time: Mon May 17 11:30:10 2021

 Data directory: /home/of15641/.local/src/Qcore/release/share/entos/1.2.0/data
 Number of threads: 1
 Number of threads was determined by: command line argument
  - More threads can be used by running 'qcore -n 24'

 --------------------------------------------------------------------------------
                                  command: bchla                                 
 --------------------------------------------------------------------------------
Mg s eff H
  -0.3102

 SCF converged in 1 iterations.

 Setting up Delta-SCF
 Ground-Excited state overlap:          -0.000000000
 No correction applied to the TDM.
 Excitation energy:                      0.080859654
 Excitation energy (in eV):              2.200303265
 Transition dipole:                     -1.91370      -0.79587      -2.22476
Mg s
          150          178          179          180          181          383          394          397          402          404          405          406          407
Mg p
          272          304          309          310          311          315          327          330          336          338          348          350          351          353          355          356          358          362          363          364          366          375          376          379          383          390          391          397          406          407          408
Mg d
          221          244          268          269          270          317          338          344          348          350          351          353          356          358          362          364          366          368          369          371          373          375          376          383          390          391          394          395          404          405
 Saving results in set 'frame_1069'

 --------------------------------------------------------------------------------

 End time:                               Mon May 17 11:30:11 2021
 Total wall-clock time:                  0.677 seconds
==================================================================================
