
================================================================================
          _____________ ________ _______________ ________     _________         
         / ___________// ______ \\_____   _____// ______ \   / ________)        
        / /_________  / /      \ \     | |     / /      \ \ | (_______          
       |  __________|| |        | |    | |    | |        | | \________ \        
        \ \_________ | |        | |    | |     \ \______/ /___________) |       
         \__________||_|        |_|    |_|      \________//____________/        
                                                                                
====================================[ Qcore ]===================================

 Git hash:   7cd5c520b37f7ee862d844b1504bc4191dc47444
 Git date:   Tue, 4 May 2021 13:25:05 +0100
 Compiler:   GNU 9.1.0
 Build type: Release
 Version:    1.2.0

 Start time: Mon May 17 12:05:05 2021

 Data directory: /home/of15641/.local/src/Qcore/release/share/entos/1.2.0/data
 Number of threads: 1
 Number of threads was determined by: command line argument
  - More threads can be used by running 'qcore -n 24'

 --------------------------------------------------------------------------------
                                  command: bchla                                 
 --------------------------------------------------------------------------------
Mg s eff H
  -0.3103

 SCF converged in 1 iterations.

 Setting up Delta-SCF
 Ground-Excited state overlap:          -0.000000000
 No correction applied to the TDM.
 Excitation energy:                      0.074198156
 Excitation energy (in eV):              2.019034680
 Transition dipole:                      0.23195       2.22245       2.49258
Mg s
          146          150          152          178          179          393          395          400          402          404          406
Mg p
          205          213          222          223          231          235          237          240          245          268          270          316          326          329          335          343          345          346          348          349          354          358          359          363          369          370          372          382          402          406
Mg d
          205          213          222          223          231          235          237          240          245          268          270          315          316          320          324          326          335          344          345          348          351          354          356          357          358          362          363          366          370          372          376          380          392          406          408
 Saving results in set 'frame_1799'

 --------------------------------------------------------------------------------

 End time:                               Mon May 17 12:05:05 2021
 Total wall-clock time:                  0.669 seconds
==================================================================================
