
================================================================================
          _____________ ________ _______________ ________     _________         
         / ___________// ______ \\_____   _____// ______ \   / ________)        
        / /_________  / /      \ \     | |     / /      \ \ | (_______          
       |  __________|| |        | |    | |    | |        | | \________ \        
        \ \_________ | |        | |    | |     \ \______/ /___________) |       
         \__________||_|        |_|    |_|      \________//____________/        
                                                                                
====================================[ Qcore ]===================================

 Git hash:   7cd5c520b37f7ee862d844b1504bc4191dc47444
 Git date:   Tue, 4 May 2021 13:25:05 +0100
 Compiler:   GNU 9.1.0
 Build type: Release
 Version:    1.2.0

 Start time: Mon May 17 12:14:42 2021

 Data directory: /home/of15641/.local/src/Qcore/release/share/entos/1.2.0/data
 Number of threads: 1
 Number of threads was determined by: command line argument
  - More threads can be used by running 'qcore -n 24'

 --------------------------------------------------------------------------------
                                  command: bchla                                 
 --------------------------------------------------------------------------------
Mg s eff H
  -0.3103

 SCF converged in 1 iterations.

 Setting up Delta-SCF
 Ground-Excited state overlap:           0.000000000
 No correction applied to the TDM.
 Excitation energy:                      0.077198512
 Excitation energy (in eV):              2.100678525
 Transition dipole:                      1.69865      -2.01691      -2.46920
Mg s
          146          147          178          179          381          401          403          404          405          406          408
Mg p
          241          266          303          316          323          335          336          338          341          343          349          351          353          354          359          360          362          363          365          367          369          371          373          377          383          386          387          390          393          396          401
Mg d
          210          212          215          216          225          229          230          235          241          244          245          333          335          338          341          351          356          359          360          363          367          371          373          381          383          393          401
 Saving results in set 'frame_201'

 --------------------------------------------------------------------------------

 End time:                               Mon May 17 12:14:42 2021
 Total wall-clock time:                  0.624 seconds
==================================================================================
