
================================================================================
          _____________ ________ _______________ ________     _________         
         / ___________// ______ \\_____   _____// ______ \   / ________)        
        / /_________  / /      \ \     | |     / /      \ \ | (_______          
       |  __________|| |        | |    | |    | |        | | \________ \        
        \ \_________ | |        | |    | |     \ \______/ /___________) |       
         \__________||_|        |_|    |_|      \________//____________/        
                                                                                
====================================[ Qcore ]===================================

 Git hash:   7cd5c520b37f7ee862d844b1504bc4191dc47444
 Git date:   Tue, 4 May 2021 13:25:05 +0100
 Compiler:   GNU 9.1.0
 Build type: Release
 Version:    1.2.0

 Start time: Mon May 17 12:43:00 2021

 Data directory: /home/of15641/.local/src/Qcore/release/share/entos/1.2.0/data
 Number of threads: 1
 Number of threads was determined by: command line argument
  - More threads can be used by running 'qcore -n 24'

 --------------------------------------------------------------------------------
                                  command: bchla                                 
 --------------------------------------------------------------------------------
Mg s eff H
  -0.3102

 SCF converged in 1 iterations.

 Setting up Delta-SCF
 Ground-Excited state overlap:           0.000000000
 No correction applied to the TDM.
 Excitation energy:                      0.073080752
 Excitation energy (in eV):              1.988628558
 Transition dipole:                     -1.35690      -1.76522      -1.32440
Mg s
          142          151          177          178          179          391          392          402          403          404          406          407          408
Mg p
          207          215          223          224          238          239          242          244          245          323          338          342          345          351          353          355          358          361          362          364          365          366          367          373          374          377          384          392          395
Mg d
          207          215          238          242          244          245          299          310          317          326          330          336          338          342          345          346          350          351          353          355          356          358          361          362          365          367          373          375          377          384          392          403          406
 Saving results in set 'frame_79'

 --------------------------------------------------------------------------------

 End time:                               Mon May 17 12:43:00 2021
 Total wall-clock time:                  0.504 seconds
==================================================================================
