
================================================================================
          _____________ ________ _______________ ________     _________         
         / ___________// ______ \\_____   _____// ______ \   / ________)        
        / /_________  / /      \ \     | |     / /      \ \ | (_______          
       |  __________|| |        | |    | |    | |        | | \________ \        
        \ \_________ | |        | |    | |     \ \______/ /___________) |       
         \__________||_|        |_|    |_|      \________//____________/        
                                                                                
====================================[ Qcore ]===================================

 Git hash:   7cd5c520b37f7ee862d844b1504bc4191dc47444
 Git date:   Tue, 4 May 2021 13:25:05 +0100
 Compiler:   GNU 9.1.0
 Build type: Release
 Version:    1.2.0

 Start time: Mon May 17 11:37:19 2021

 Data directory: /home/of15641/.local/src/Qcore/release/share/entos/1.2.0/data
 Number of threads: 1
 Number of threads was determined by: command line argument
  - More threads can be used by running 'qcore -n 24'

 --------------------------------------------------------------------------------
                                  command: bchla                                 
 --------------------------------------------------------------------------------
Mg s eff H
  -0.3102

 SCF converged in 1 iterations.

 Setting up Delta-SCF
 Ground-Excited state overlap:          -0.000000000
 No correction applied to the TDM.
 Excitation energy:                      0.074684419
 Excitation energy (in eV):              2.032266574
 Transition dipole:                     -1.64256       3.35496      -0.52134
Mg s
          150          177          178          180          181          365          387          390          398          401          403          406          408
Mg p
          243          244          265          268          299          311          330          331          342          346          347          353          356          359          361          363          364          365          366          367          368          370          371          372          373          376          381          382          385          386          387          390          406          408
Mg d
          208          212          215          216          219          222          223          226          229          232          236          237          238          240          241          243          244          246          346          363          364          370          372          406
 Saving results in set 'frame_1233'

 --------------------------------------------------------------------------------

 End time:                               Mon May 17 11:37:19 2021
 Total wall-clock time:                  0.550 seconds
==================================================================================
