
================================================================================
          _____________ ________ _______________ ________     _________         
         / ___________// ______ \\_____   _____// ______ \   / ________)        
        / /_________  / /      \ \     | |     / /      \ \ | (_______          
       |  __________|| |        | |    | |    | |        | | \________ \        
        \ \_________ | |        | |    | |     \ \______/ /___________) |       
         \__________||_|        |_|    |_|      \________//____________/        
                                                                                
====================================[ Qcore ]===================================

 Git hash:   7cd5c520b37f7ee862d844b1504bc4191dc47444
 Git date:   Tue, 4 May 2021 13:25:05 +0100
 Compiler:   GNU 9.1.0
 Build type: Release
 Version:    1.2.0

 Start time: Mon May 17 12:43:00 2021

 Data directory: /home/of15641/.local/src/Qcore/release/share/entos/1.2.0/data
 Number of threads: 1
 Number of threads was determined by: command line argument
  - More threads can be used by running 'qcore -n 24'

 --------------------------------------------------------------------------------
                                  command: bchla                                 
 --------------------------------------------------------------------------------
Mg s eff H
  -0.3102

 SCF converged in 1 iterations.

 Setting up Delta-SCF
 Ground-Excited state overlap:           0.000000000
 No correction applied to the TDM.
 Excitation energy:                      0.080931798
 Excitation energy (in eV):              2.202266412
 Transition dipole:                      1.88884       0.56692      -2.47042
Mg s
          149          152          179          369          375          388          397          399          405          406          407
Mg p
          159          206          218          227          228          239          244          245          268          270          318          325          330          340          345          350          351          356          359          361          362          363          364          369          372          373          375          378          379          381          382          391          393
Mg d
          158          245          268          270          309          318          335          342          343          345          348          350          352          353          356          359          360          361          362          363          365          369          372          373          376          377          383          385          391          394          402          405          407
 Saving results in set 'frame_802'

 --------------------------------------------------------------------------------

 End time:                               Mon May 17 12:43:01 2021
 Total wall-clock time:                  0.535 seconds
==================================================================================
