
================================================================================
          _____________ ________ _______________ ________     _________         
         / ___________// ______ \\_____   _____// ______ \   / ________)        
        / /_________  / /      \ \     | |     / /      \ \ | (_______          
       |  __________|| |        | |    | |    | |        | | \________ \        
        \ \_________ | |        | |    | |     \ \______/ /___________) |       
         \__________||_|        |_|    |_|      \________//____________/        
                                                                                
====================================[ Qcore ]===================================

 Git hash:   7cd5c520b37f7ee862d844b1504bc4191dc47444
 Git date:   Tue, 4 May 2021 13:25:05 +0100
 Compiler:   GNU 9.1.0
 Build type: Release
 Version:    1.2.0

 Start time: Mon May 17 11:26:29 2021

 Data directory: /home/of15641/.local/src/Qcore/release/share/entos/1.2.0/data
 Number of threads: 1
 Number of threads was determined by: command line argument
  - More threads can be used by running 'qcore -n 24'

 --------------------------------------------------------------------------------
                                  command: bchla                                 
 --------------------------------------------------------------------------------
Mg s eff H
  -0.3102

 SCF converged in 1 iterations.

 Setting up Delta-SCF
 Ground-Excited state overlap:           0.000000000
 No correction applied to the TDM.
 Excitation energy:                      0.084833388
 Excitation energy (in eV):              2.308434074
 Transition dipole:                     -2.32648       0.72858      -1.59201
Mg s
          145          152          177          178          179          180          382          392          401          402          403          404          405          406          408
Mg p
          159          303          311          312          314          316          317          326          329          330          331          337          339          342          343          345          348          349          352          353          355          357          359          362          363          366          373          374          400          401          405          408
Mg d
          158          241          271          309          312          316          318          324          335          339          343          348          349          353          355          357          358          359          363          366          367          369          371          372          373          378          385          393
 Saving results in set 'frame_1013'

 --------------------------------------------------------------------------------

 End time:                               Mon May 17 11:26:30 2021
 Total wall-clock time:                  0.856 seconds
==================================================================================
