
================================================================================
          _____________ ________ _______________ ________     _________         
         / ___________// ______ \\_____   _____// ______ \   / ________)        
        / /_________  / /      \ \     | |     / /      \ \ | (_______          
       |  __________|| |        | |    | |    | |        | | \________ \        
        \ \_________ | |        | |    | |     \ \______/ /___________) |       
         \__________||_|        |_|    |_|      \________//____________/        
                                                                                
====================================[ Qcore ]===================================

 Git hash:   7cd5c520b37f7ee862d844b1504bc4191dc47444
 Git date:   Tue, 4 May 2021 13:25:05 +0100
 Compiler:   GNU 9.1.0
 Build type: Release
 Version:    1.2.0

 Start time: Thu May 13 08:56:01 2021

 Data directory: /home/of15641/.local/src/Qcore/release/share/entos/1.2.0/data
 Number of threads: 1
 Number of threads was determined by: command line argument
  - More threads can be used by running 'qcore -n 24'

 --------------------------------------------------------------------------------
                                  command: bchla                                 
 --------------------------------------------------------------------------------
Mg s eff H
  -0.3102

 SCF converged in 1 iterations.

 Setting up Delta-SCF
 Ground-Excited state overlap:          -0.000000000
 No correction applied to the TDM.
 Excitation energy:                      0.070031173
 Excitation energy (in eV):              1.905645286
 Transition dipole:                     -0.94278      -2.46060      -1.03795
Mg s
          148          152          178          179          389          404          405          406          408
Mg p
          205          210          216          219          224          225          228          232          234          239          241          319          329          343          344          348          356          358          361          364          366          367          372          377          379          391
Mg d
          205          210          216          219          224          225          228          232          234          239          241          305          322          329          332          333          336          339          340          343          344          347          348          350          352          354          355          356          358          359          361          362          375          394          406
 Saving results in set 'frame_780'

 --------------------------------------------------------------------------------

 End time:                               Thu May 13 08:56:02 2021
 Total wall-clock time:                  0.575 seconds
==================================================================================
