
================================================================================
          _____________ ________ _______________ ________     _________         
         / ___________// ______ \\_____   _____// ______ \   / ________)        
        / /_________  / /      \ \     | |     / /      \ \ | (_______          
       |  __________|| |        | |    | |    | |        | | \________ \        
        \ \_________ | |        | |    | |     \ \______/ /___________) |       
         \__________||_|        |_|    |_|      \________//____________/        
                                                                                
====================================[ Qcore ]===================================

 Git hash:   7cd5c520b37f7ee862d844b1504bc4191dc47444
 Git date:   Tue, 4 May 2021 13:25:05 +0100
 Compiler:   GNU 9.1.0
 Build type: Release
 Version:    1.2.0

 Start time: Mon May 17 12:14:38 2021

 Data directory: /home/of15641/.local/src/Qcore/release/share/entos/1.2.0/data
 Number of threads: 1
 Number of threads was determined by: command line argument
  - More threads can be used by running 'qcore -n 24'

 --------------------------------------------------------------------------------
                                  command: bchla                                 
 --------------------------------------------------------------------------------
Mg s eff H
  -0.3103

 SCF converged in 1 iterations.

 Setting up Delta-SCF
 Ground-Excited state overlap:          -0.000000000
 No correction applied to the TDM.
 Excitation energy:                      0.075643806
 Excitation energy (in eV):              2.058372823
 Transition dipole:                      2.33268       1.06515      -0.62204
Mg s
          148          151          179          383          389          394          401          403          405          407          408
Mg p
          160          217          224          228          230          239          243          246          309          311          330          336          338          345          347          348          350          353          355          356          365          368          376          380          383          387          407
Mg d
          207          214          217          219          224          228          230          231          234          239          243          246          306          345          353          356          358          361          368          369          376          377          380          390
 Saving results in set 'frame_1968'

 --------------------------------------------------------------------------------

 End time:                               Mon May 17 12:14:38 2021
 Total wall-clock time:                  0.509 seconds
==================================================================================
