
================================================================================
          _____________ ________ _______________ ________     _________         
         / ___________// ______ \\_____   _____// ______ \   / ________)        
        / /_________  / /      \ \     | |     / /      \ \ | (_______          
       |  __________|| |        | |    | |    | |        | | \________ \        
        \ \_________ | |        | |    | |     \ \______/ /___________) |       
         \__________||_|        |_|    |_|      \________//____________/        
                                                                                
====================================[ Qcore ]===================================

 Git hash:   7cd5c520b37f7ee862d844b1504bc4191dc47444
 Git date:   Tue, 4 May 2021 13:25:05 +0100
 Compiler:   GNU 9.1.0
 Build type: Release
 Version:    1.2.0

 Start time: Mon May 17 12:49:36 2021

 Data directory: /home/of15641/.local/src/Qcore/release/share/entos/1.2.0/data
 Number of threads: 1
 Number of threads was determined by: command line argument
  - More threads can be used by running 'qcore -n 24'

 --------------------------------------------------------------------------------
                                  command: bchla                                 
 --------------------------------------------------------------------------------
Mg s eff H
  -0.3102

 SCF converged in 1 iterations.

 Setting up Delta-SCF
 Ground-Excited state overlap:           0.000000000
 No correction applied to the TDM.
 Excitation energy:                      0.071172360
 Excitation energy (in eV):              1.936698586
 Transition dipole:                     -1.66003       0.14841       3.30022
Mg s
          153          177          178          180          386          395          401          404          405          408
Mg p
          159          245          266          267          298          315          317          326          333          335          341          344          346          349          350          351          355          360          361          363          367          370          371          372          377          380          381          388          390          405
Mg d
          158          271          306          310          312          333          335          336          339          341          342          344          351          356          357          358          363          364          366          367          370          371          372          377          382          388          390
 Saving results in set 'frame_929'

 --------------------------------------------------------------------------------

 End time:                               Mon May 17 12:49:37 2021
 Total wall-clock time:                  0.505 seconds
==================================================================================
