
================================================================================
          _____________ ________ _______________ ________     _________         
         / ___________// ______ \\_____   _____// ______ \   / ________)        
        / /_________  / /      \ \     | |     / /      \ \ | (_______          
       |  __________|| |        | |    | |    | |        | | \________ \        
        \ \_________ | |        | |    | |     \ \______/ /___________) |       
         \__________||_|        |_|    |_|      \________//____________/        
                                                                                
====================================[ Qcore ]===================================

 Git hash:   7cd5c520b37f7ee862d844b1504bc4191dc47444
 Git date:   Tue, 4 May 2021 13:25:05 +0100
 Compiler:   GNU 9.1.0
 Build type: Release
 Version:    1.2.0

 Start time: Mon May 17 11:40:49 2021

 Data directory: /home/of15641/.local/src/Qcore/release/share/entos/1.2.0/data
 Number of threads: 1
 Number of threads was determined by: command line argument
  - More threads can be used by running 'qcore -n 24'

 --------------------------------------------------------------------------------
                                  command: bchla                                 
 --------------------------------------------------------------------------------
Mg s eff H
  -0.3103

 SCF converged in 1 iterations.

 Setting up Delta-SCF
 Ground-Excited state overlap:           0.000000000
 No correction applied to the TDM.
 Excitation energy:                      0.078003337
 Excitation energy (in eV):              2.122578924
 Transition dipole:                      1.23085      -2.50337       2.21880
Mg s
          149          152          177          178          383          390          393          401          403          404          405          406
Mg p
          216          217          218          222          234          239          240          242          244          266          312          320          327          329          342          343          344          345          349          351          356          357          359          360          362          364          367          369          370          374          393          397          403
Mg d
          178          202          216          217          218          222          224          227          234          238          239          240          242          244          267          327          329          342          344          345          349          351          355          356          357          360          362          363          364          366          370          376          377          397          403          405          406
 Saving results in set 'frame_1272'

 --------------------------------------------------------------------------------

 End time:                               Mon May 17 11:40:50 2021
 Total wall-clock time:                  0.571 seconds
==================================================================================
