
================================================================================
          _____________ ________ _______________ ________     _________         
         / ___________// ______ \\_____   _____// ______ \   / ________)        
        / /_________  / /      \ \     | |     / /      \ \ | (_______          
       |  __________|| |        | |    | |    | |        | | \________ \        
        \ \_________ | |        | |    | |     \ \______/ /___________) |       
         \__________||_|        |_|    |_|      \________//____________/        
                                                                                
====================================[ Qcore ]===================================

 Git hash:   7cd5c520b37f7ee862d844b1504bc4191dc47444
 Git date:   Tue, 4 May 2021 13:25:05 +0100
 Compiler:   GNU 9.1.0
 Build type: Release
 Version:    1.2.0

 Start time: Mon May 17 11:33:39 2021

 Data directory: /home/of15641/.local/src/Qcore/release/share/entos/1.2.0/data
 Number of threads: 1
 Number of threads was determined by: command line argument
  - More threads can be used by running 'qcore -n 24'

 --------------------------------------------------------------------------------
                                  command: bchla                                 
 --------------------------------------------------------------------------------
Mg s eff H
  -0.3102

 SCF converged in 1 iterations.

 Setting up Delta-SCF
 Ground-Excited state overlap:           0.000000000
 No correction applied to the TDM.
 Excitation energy:                      0.073456615
 Excitation energy (in eV):              1.998856326
 Transition dipole:                     -0.94856       0.31788       2.95121
Mg s
          152          177          178          179          180          383          394          403          404          405          406          408
Mg p
          214          236          239          268          317          328          331          335          338          339          340          344          347          348          349          350          351          354          357          358          361          362          363          364          367          369          370          383          389          403          404          405
Mg d
          158          268          301          314          335          341          343          344          348          350          351          354          358          361          362          363          364          365          369          370          375          376          379          382          393          403
 Saving results in set 'frame_1153'

 --------------------------------------------------------------------------------

 End time:                               Mon May 17 11:33:39 2021
 Total wall-clock time:                  0.515 seconds
==================================================================================
