
================================================================================
          _____________ ________ _______________ ________     _________         
         / ___________// ______ \\_____   _____// ______ \   / ________)        
        / /_________  / /      \ \     | |     / /      \ \ | (_______          
       |  __________|| |        | |    | |    | |        | | \________ \        
        \ \_________ | |        | |    | |     \ \______/ /___________) |       
         \__________||_|        |_|    |_|      \________//____________/        
                                                                                
====================================[ Qcore ]===================================

 Git hash:   7cd5c520b37f7ee862d844b1504bc4191dc47444
 Git date:   Tue, 4 May 2021 13:25:05 +0100
 Compiler:   GNU 9.1.0
 Build type: Release
 Version:    1.2.0

 Start time: Mon May 17 12:08:06 2021

 Data directory: /home/of15641/.local/src/Qcore/release/share/entos/1.2.0/data
 Number of threads: 1
 Number of threads was determined by: command line argument
  - More threads can be used by running 'qcore -n 24'

 --------------------------------------------------------------------------------
                                  command: bchla                                 
 --------------------------------------------------------------------------------
Mg s eff H
  -0.3104

 SCF converged in 1 iterations.

 Setting up Delta-SCF
 Ground-Excited state overlap:           0.000000000
 No correction applied to the TDM.
 Excitation energy:                      0.082222622
 Excitation energy (in eV):              2.237391530
 Transition dipole:                      2.38475       1.74236      -0.90304
Mg s
          153          177          178          179          180          375          376          394          398          399          401          403          405          406          407          408
Mg p
          208          209          214          216          217          218          220          247          250          267          302          304          309          321          331          335          336          340          341          345          346          349          359          360          362          365          366          367          370          371          373          380          382          387          389          390          401
Mg d
          160          216          247          250          267          269          309          311          317          331          335          336          340          341          345          346          348          349          353          356          359          360          362          365          367          370          373          375          376          380          390          399
 Saving results in set 'frame_1817'

 --------------------------------------------------------------------------------

 End time:                               Mon May 17 12:08:07 2021
 Total wall-clock time:                  0.533 seconds
==================================================================================
