
================================================================================
          _____________ ________ _______________ ________     _________         
         / ___________// ______ \\_____   _____// ______ \   / ________)        
        / /_________  / /      \ \     | |     / /      \ \ | (_______          
       |  __________|| |        | |    | |    | |        | | \________ \        
        \ \_________ | |        | |    | |     \ \______/ /___________) |       
         \__________||_|        |_|    |_|      \________//____________/        
                                                                                
====================================[ Qcore ]===================================

 Git hash:   7cd5c520b37f7ee862d844b1504bc4191dc47444
 Git date:   Tue, 4 May 2021 13:25:05 +0100
 Compiler:   GNU 9.1.0
 Build type: Release
 Version:    1.2.0

 Start time: Mon May 17 12:11:27 2021

 Data directory: /home/of15641/.local/src/Qcore/release/share/entos/1.2.0/data
 Number of threads: 1
 Number of threads was determined by: command line argument
  - More threads can be used by running 'qcore -n 24'

 --------------------------------------------------------------------------------
                                  command: bchla                                 
 --------------------------------------------------------------------------------
Mg s eff H
  -0.3101

 SCF converged in 1 iterations.

 Setting up Delta-SCF
 Ground-Excited state overlap:          -0.000000000
 No correction applied to the TDM.
 Excitation energy:                      0.074338942
 Excitation energy (in eV):              2.022865667
 Transition dipole:                     -1.90780      -1.45402      -1.54730
Mg s
          145          151          178          179          394          397          402          404          406          408
Mg p
          203          216          232          237          239          240          246          324          332          333          339          341          343          346          348          350          352          353          354          356          357          362          364          365          368          373          375          377          381          394          406
Mg d
          159          272          312          324          325          329          336          339          345          348          349          352          356          360          362          365          367          369          372          373          377          378          379          381          387          390          392          394          406          408
 Saving results in set 'frame_1922'

 --------------------------------------------------------------------------------

 End time:                               Mon May 17 12:11:27 2021
 Total wall-clock time:                  0.521 seconds
==================================================================================
