
================================================================================
          _____________ ________ _______________ ________     _________         
         / ___________// ______ \\_____   _____// ______ \   / ________)        
        / /_________  / /      \ \     | |     / /      \ \ | (_______          
       |  __________|| |        | |    | |    | |        | | \________ \        
        \ \_________ | |        | |    | |     \ \______/ /___________) |       
         \__________||_|        |_|    |_|      \________//____________/        
                                                                                
====================================[ Qcore ]===================================

 Git hash:   7cd5c520b37f7ee862d844b1504bc4191dc47444
 Git date:   Tue, 4 May 2021 13:25:05 +0100
 Compiler:   GNU 9.1.0
 Build type: Release
 Version:    1.2.0

 Start time: Mon May 17 12:46:05 2021

 Data directory: /home/of15641/.local/src/Qcore/release/share/entos/1.2.0/data
 Number of threads: 1
 Number of threads was determined by: command line argument
  - More threads can be used by running 'qcore -n 24'

 --------------------------------------------------------------------------------
                                  command: bchla                                 
 --------------------------------------------------------------------------------
Mg s eff H
  -0.3102

 SCF converged in 1 iterations.

 Setting up Delta-SCF
 Ground-Excited state overlap:           0.000000000
 No correction applied to the TDM.
 Excitation energy:                      0.074823774
 Excitation energy (in eV):              2.036058618
 Transition dipole:                     -2.19704       0.56788      -1.25452
Mg s
          144          152          178          359          397          399          402          404          406          407          408
Mg p
          159          218          230          235          238          240          308          328          332          333          345          346          349          352          355          359          360          361          366          369          371          378          387          389          396          408
Mg d
          240          307          308          315          317          326          328          333          341          349          351          352          355          356          359          360          361          366          368          369          371          387          393          402          406          407
 Saving results in set 'frame_869'

 --------------------------------------------------------------------------------

 End time:                               Mon May 17 12:46:05 2021
 Total wall-clock time:                  0.533 seconds
==================================================================================
