
================================================================================
          _____________ ________ _______________ ________     _________         
         / ___________// ______ \\_____   _____// ______ \   / ________)        
        / /_________  / /      \ \     | |     / /      \ \ | (_______          
       |  __________|| |        | |    | |    | |        | | \________ \        
        \ \_________ | |        | |    | |     \ \______/ /___________) |       
         \__________||_|        |_|    |_|      \________//____________/        
                                                                                
====================================[ Qcore ]===================================

 Git hash:   7cd5c520b37f7ee862d844b1504bc4191dc47444
 Git date:   Tue, 4 May 2021 13:25:05 +0100
 Compiler:   GNU 9.1.0
 Build type: Release
 Version:    1.2.0

 Start time: Mon May 17 12:01:41 2021

 Data directory: /home/of15641/.local/src/Qcore/release/share/entos/1.2.0/data
 Number of threads: 1
 Number of threads was determined by: command line argument
  - More threads can be used by running 'qcore -n 24'

 --------------------------------------------------------------------------------
                                  command: bchla                                 
 --------------------------------------------------------------------------------
Mg s eff H
  -0.3103

 SCF converged in 1 iterations.

 Setting up Delta-SCF
 Ground-Excited state overlap:          -0.000000000
 No correction applied to the TDM.
 Excitation energy:                      0.075134794
 Excitation energy (in eV):              2.044521894
 Transition dipole:                     -1.61285      -1.74937      -1.43336
Mg s
          147          152          179          382          391          398          403          404          405          406          407          408
Mg p
          213          243          268          312          319          323          326          329          332          339          350          353          354          356          357          359          360          364          366          373          374          380          382          385          391          393          397          404
Mg d
          210          213          214          222          225          231          232          237          242          243          246          250          255          312          353          359          360          366          371          384          386          391          404
 Saving results in set 'frame_1694'

 --------------------------------------------------------------------------------

 End time:                               Mon May 17 12:01:42 2021
 Total wall-clock time:                  0.526 seconds
==================================================================================
