
================================================================================
          _____________ ________ _______________ ________     _________         
         / ___________// ______ \\_____   _____// ______ \   / ________)        
        / /_________  / /      \ \     | |     / /      \ \ | (_______          
       |  __________|| |        | |    | |    | |        | | \________ \        
        \ \_________ | |        | |    | |     \ \______/ /___________) |       
         \__________||_|        |_|    |_|      \________//____________/        
                                                                                
====================================[ Qcore ]===================================

 Git hash:   7cd5c520b37f7ee862d844b1504bc4191dc47444
 Git date:   Tue, 4 May 2021 13:25:05 +0100
 Compiler:   GNU 9.1.0
 Build type: Release
 Version:    1.2.0

 Start time: Mon May 17 12:08:06 2021

 Data directory: /home/of15641/.local/src/Qcore/release/share/entos/1.2.0/data
 Number of threads: 1
 Number of threads was determined by: command line argument
  - More threads can be used by running 'qcore -n 24'

 --------------------------------------------------------------------------------
                                  command: bchla                                 
 --------------------------------------------------------------------------------
Mg s eff H
  -0.3104

 SCF converged in 1 iterations.

 Setting up Delta-SCF
 Ground-Excited state overlap:          -0.000000000
 No correction applied to the TDM.
 Excitation energy:                      0.080426512
 Excitation energy (in eV):              2.188516880
 Transition dipole:                      0.03326       1.92099       2.79438
Mg s
          148          152          177          179          180          393          396          398          399          403          404          406          408
Mg p
          210          214          215          222          223          228          235          242          272          306          316          319          327          331          332          339          340          353          357          358          360          364          368          369          371          373          375          378          382          392          393
Mg d
          160          214          223          228          242          269          305          306          324          327          330          331          332          338          339          340          342          346          351          352          353          354          357          364          371          372          373          375          376          378          385          387          393          398          403          404          406
 Saving results in set 'frame_1811'

 --------------------------------------------------------------------------------

 End time:                               Mon May 17 12:08:07 2021
 Total wall-clock time:                  0.486 seconds
==================================================================================
