
================================================================================
          _____________ ________ _______________ ________     _________         
         / ___________// ______ \\_____   _____// ______ \   / ________)        
        / /_________  / /      \ \     | |     / /      \ \ | (_______          
       |  __________|| |        | |    | |    | |        | | \________ \        
        \ \_________ | |        | |    | |     \ \______/ /___________) |       
         \__________||_|        |_|    |_|      \________//____________/        
                                                                                
====================================[ Qcore ]===================================

 Git hash:   7cd5c520b37f7ee862d844b1504bc4191dc47444
 Git date:   Tue, 4 May 2021 13:25:05 +0100
 Compiler:   GNU 9.1.0
 Build type: Release
 Version:    1.2.0

 Start time: Mon May 17 11:40:51 2021

 Data directory: /home/of15641/.local/src/Qcore/release/share/entos/1.2.0/data
 Number of threads: 1
 Number of threads was determined by: command line argument
  - More threads can be used by running 'qcore -n 24'

 --------------------------------------------------------------------------------
                                  command: bchla                                 
 --------------------------------------------------------------------------------
Mg s eff H
  -0.3103

 SCF converged in 1 iterations.

 Setting up Delta-SCF
 Ground-Excited state overlap:          -0.000000000
 No correction applied to the TDM.
 Excitation energy:                      0.081022690
 Excitation energy (in eV):              2.204739703
 Transition dipole:                      2.43510      -1.65103       1.46169
Mg s
          143          151          179          390          395          402          404          405          406          408
Mg p
          244          269          270          312          324          327          331          336          342          344          351          354          358          360          362          363          364          365          366          368          370          373          378          381          385          387          388          392          397
Mg d
          209          210          213          215          216          217          221          222          231          238          240          244          245          247          270          367          368          370          374          375          379          393
 Saving results in set 'frame_1287'

 --------------------------------------------------------------------------------

 End time:                               Mon May 17 11:40:51 2021
 Total wall-clock time:                  0.532 seconds
==================================================================================
