
================================================================================
          _____________ ________ _______________ ________     _________         
         / ___________// ______ \\_____   _____// ______ \   / ________)        
        / /_________  / /      \ \     | |     / /      \ \ | (_______          
       |  __________|| |        | |    | |    | |        | | \________ \        
        \ \_________ | |        | |    | |     \ \______/ /___________) |       
         \__________||_|        |_|    |_|      \________//____________/        
                                                                                
====================================[ Qcore ]===================================

 Git hash:   7cd5c520b37f7ee862d844b1504bc4191dc47444
 Git date:   Tue, 4 May 2021 13:25:05 +0100
 Compiler:   GNU 9.1.0
 Build type: Release
 Version:    1.2.0

 Start time: Mon May 17 12:33:28 2021

 Data directory: /home/of15641/.local/src/Qcore/release/share/entos/1.2.0/data
 Number of threads: 1
 Number of threads was determined by: command line argument
  - More threads can be used by running 'qcore -n 24'

 --------------------------------------------------------------------------------
                                  command: bchla                                 
 --------------------------------------------------------------------------------
Mg s eff H
  -0.3102

 SCF converged in 1 iterations.

 Setting up Delta-SCF
 Ground-Excited state overlap:           0.000000000
 No correction applied to the TDM.
 Excitation energy:                      0.076592621
 Excitation energy (in eV):              2.084191398
 Transition dipole:                      0.73044      -3.29242      -0.72628
Mg s
          151          177          178          371          384          387          396          402          404          405          406          408
Mg p
          210          213          215          219          227          228          234          235          237          242          243          244          246          247          333          338          340          342          350          360          361          363          364          366          367          369          371          373          393          405
Mg d
          210          215          219          228          234          235          237          244          246          247          269          315          318          333          338          340          342          345          355          356          360          361          364          365          366          367          369          371          373          375          384          393          396          405
 Saving results in set 'frame_551'

 --------------------------------------------------------------------------------

 End time:                               Mon May 17 12:33:28 2021
 Total wall-clock time:                  0.540 seconds
==================================================================================
