
================================================================================
          _____________ ________ _______________ ________     _________         
         / ___________// ______ \\_____   _____// ______ \   / ________)        
        / /_________  / /      \ \     | |     / /      \ \ | (_______          
       |  __________|| |        | |    | |    | |        | | \________ \        
        \ \_________ | |        | |    | |     \ \______/ /___________) |       
         \__________||_|        |_|    |_|      \________//____________/        
                                                                                
====================================[ Qcore ]===================================

 Git hash:   7cd5c520b37f7ee862d844b1504bc4191dc47444
 Git date:   Tue, 4 May 2021 13:25:05 +0100
 Compiler:   GNU 9.1.0
 Build type: Release
 Version:    1.2.0

 Start time: Mon May 17 12:21:01 2021

 Data directory: /home/of15641/.local/src/Qcore/release/share/entos/1.2.0/data
 Number of threads: 1
 Number of threads was determined by: command line argument
  - More threads can be used by running 'qcore -n 24'

 --------------------------------------------------------------------------------
                                  command: bchla                                 
 --------------------------------------------------------------------------------
Mg s eff H
  -0.3103

 SCF converged in 1 iterations.

 Setting up Delta-SCF
 Ground-Excited state overlap:           0.000000000
 No correction applied to the TDM.
 Excitation energy:                      0.076503468
 Excitation energy (in eV):              2.081765410
 Transition dipole:                     -3.45842      -0.46586      -0.74918
Mg s
          151          177          178          179          385          397          401          402          403          404          406
Mg p
          157          267          269          307          318          322          328          332          336          337          340          343          345          347          349          350          353          355          356          357          358          359          364          365          368          372          380          385          386          387          404          408
Mg d
          207          212          214          223          226          231          232          242          244          246          267          340          347          350          353          355          358          365          377          387          389          395          404
 Saving results in set 'frame_284'

 --------------------------------------------------------------------------------

 End time:                               Mon May 17 12:21:02 2021
 Total wall-clock time:                  0.548 seconds
==================================================================================
