
================================================================================
          _____________ ________ _______________ ________     _________         
         / ___________// ______ \\_____   _____// ______ \   / ________)        
        / /_________  / /      \ \     | |     / /      \ \ | (_______          
       |  __________|| |        | |    | |    | |        | | \________ \        
        \ \_________ | |        | |    | |     \ \______/ /___________) |       
         \__________||_|        |_|    |_|      \________//____________/        
                                                                                
====================================[ Qcore ]===================================

 Git hash:   7cd5c520b37f7ee862d844b1504bc4191dc47444
 Git date:   Tue, 4 May 2021 13:25:05 +0100
 Compiler:   GNU 9.1.0
 Build type: Release
 Version:    1.2.0

 Start time: Mon May 17 12:49:32 2021

 Data directory: /home/of15641/.local/src/Qcore/release/share/entos/1.2.0/data
 Number of threads: 1
 Number of threads was determined by: command line argument
  - More threads can be used by running 'qcore -n 24'

 --------------------------------------------------------------------------------
                                  command: bchla                                 
 --------------------------------------------------------------------------------
Mg s eff H
  -0.3102

 SCF converged in 1 iterations.

 Setting up Delta-SCF
 Ground-Excited state overlap:          -0.000000000
 No correction applied to the TDM.
 Excitation energy:                      0.081543496
 Excitation energy (in eV):              2.218911558
 Transition dipole:                      2.95944       0.01342      -1.54692
Mg s
          149          151          152          179          180          404          405          406          407          408
Mg p
          315          319          322          333          334          337          339          345          348          350          353          354          357          359          360          363          368          369          371          372          376          377          379          381          386          390          391          396
Mg d
          243          308          323          330          337          339          345          346          348          353          357          360          364          366          368          369          371          372          376          377          379          382          386          394          396          397          398          401          402          405
 Saving results in set 'frame_893'

 --------------------------------------------------------------------------------

 End time:                               Mon May 17 12:49:33 2021
 Total wall-clock time:                  0.490 seconds
==================================================================================
