
================================================================================
          _____________ ________ _______________ ________     _________         
         / ___________// ______ \\_____   _____// ______ \   / ________)        
        / /_________  / /      \ \     | |     / /      \ \ | (_______          
       |  __________|| |        | |    | |    | |        | | \________ \        
        \ \_________ | |        | |    | |     \ \______/ /___________) |       
         \__________||_|        |_|    |_|      \________//____________/        
                                                                                
====================================[ Qcore ]===================================

 Git hash:   7cd5c520b37f7ee862d844b1504bc4191dc47444
 Git date:   Tue, 4 May 2021 13:25:05 +0100
 Compiler:   GNU 9.1.0
 Build type: Release
 Version:    1.2.0

 Start time: Mon May 17 12:11:24 2021

 Data directory: /home/of15641/.local/src/Qcore/release/share/entos/1.2.0/data
 Number of threads: 1
 Number of threads was determined by: command line argument
  - More threads can be used by running 'qcore -n 24'

 --------------------------------------------------------------------------------
                                  command: bchla                                 
 --------------------------------------------------------------------------------
Mg s eff H
  -0.3104

 SCF converged in 1 iterations.

 Setting up Delta-SCF
 Ground-Excited state overlap:           0.000000000
 No correction applied to the TDM.
 Excitation energy:                      0.075791217
 Excitation energy (in eV):              2.062384074
 Transition dipole:                     -2.93771       0.32383       0.71769
Mg s
          152          176          177          180          391          398          402          403          406          408
Mg p
          159          272          302          309          314          316          324          328          329          331          333          342          343          350          352          355          356          358          360          362          363          367          368          369          371          377          381          383          386          390          398          408
Mg d
          207          222          228          230          231          234          241          244          247          314          316          321          326          328          331          333          338          342          343          345          351          356          362          363          364          367          368          369          371          374          381          383          384          403          406
 Saving results in set 'frame_18'

 --------------------------------------------------------------------------------

 End time:                               Mon May 17 12:11:25 2021
 Total wall-clock time:                  0.587 seconds
==================================================================================
