
================================================================================
          _____________ ________ _______________ ________     _________         
         / ___________// ______ \\_____   _____// ______ \   / ________)        
        / /_________  / /      \ \     | |     / /      \ \ | (_______          
       |  __________|| |        | |    | |    | |        | | \________ \        
        \ \_________ | |        | |    | |     \ \______/ /___________) |       
         \__________||_|        |_|    |_|      \________//____________/        
                                                                                
====================================[ Qcore ]===================================

 Git hash:   7cd5c520b37f7ee862d844b1504bc4191dc47444
 Git date:   Tue, 4 May 2021 13:25:05 +0100
 Compiler:   GNU 9.1.0
 Build type: Release
 Version:    1.2.0

 Start time: Mon May 17 12:24:14 2021

 Data directory: /home/of15641/.local/src/Qcore/release/share/entos/1.2.0/data
 Number of threads: 1
 Number of threads was determined by: command line argument
  - More threads can be used by running 'qcore -n 24'

 --------------------------------------------------------------------------------
                                  command: bchla                                 
 --------------------------------------------------------------------------------
Mg s eff H
  -0.3102

 SCF converged in 1 iterations.

 Setting up Delta-SCF
 Ground-Excited state overlap:          -0.000000000
 No correction applied to the TDM.
 Excitation energy:                      0.073600334
 Excitation energy (in eV):              2.002767113
 Transition dipole:                      2.18320       2.00926       1.39342
Mg s
          152          176          178          180          375          383          397          402          404          406          408
Mg p
          205          207          212          218          238          240          242          299          315          321          338          344          346          352          357          360          364          371          372          374          375          376          385          404
Mg d
          159          238          240          242          266          267          306          323          327          330          332          335          338          339          348          349          352          353          356          357          360          364          366          367          371          375          385          392          395          396          404
 Saving results in set 'frame_361'

 --------------------------------------------------------------------------------

 End time:                               Mon May 17 12:24:14 2021
 Total wall-clock time:                  0.583 seconds
==================================================================================
