
================================================================================
          _____________ ________ _______________ ________     _________         
         / ___________// ______ \\_____   _____// ______ \   / ________)        
        / /_________  / /      \ \     | |     / /      \ \ | (_______          
       |  __________|| |        | |    | |    | |        | | \________ \        
        \ \_________ | |        | |    | |     \ \______/ /___________) |       
         \__________||_|        |_|    |_|      \________//____________/        
                                                                                
====================================[ Qcore ]===================================

 Git hash:   7cd5c520b37f7ee862d844b1504bc4191dc47444
 Git date:   Tue, 4 May 2021 13:25:05 +0100
 Compiler:   GNU 9.1.0
 Build type: Release
 Version:    1.2.0

 Start time: Mon May 17 11:51:31 2021

 Data directory: /home/of15641/.local/src/Qcore/release/share/entos/1.2.0/data
 Number of threads: 1
 Number of threads was determined by: command line argument
  - More threads can be used by running 'qcore -n 24'

 --------------------------------------------------------------------------------
                                  command: bchla                                 
 --------------------------------------------------------------------------------
Mg s eff H
  -0.3104

 SCF converged in 1 iterations.

 Setting up Delta-SCF
 Ground-Excited state overlap:           0.000000000
 No correction applied to the TDM.
 Excitation energy:                      0.080276373
 Excitation energy (in eV):              2.184431380
 Transition dipole:                      1.52220       1.36945       1.95778
Mg s
          148          149          150          178          179          372          375          388          399          400          401          403          404          405          408
Mg p
          158          240          241          242          264          265          269          310          317          319          320          338          352          353          355          357          358          361          362          363          364          366          367          368          369          373          377          378          389          399          404          405
Mg d
          179          210          216          223          231          238          239          240          241          242          264          265          319          328          333          338          352          355          357          358          361          362          363          372          373          375          378          380          388
 Saving results in set 'frame_1529'

 --------------------------------------------------------------------------------

 End time:                               Mon May 17 11:51:32 2021
 Total wall-clock time:                  0.646 seconds
==================================================================================
