
================================================================================
          _____________ ________ _______________ ________     _________         
         / ___________// ______ \\_____   _____// ______ \   / ________)        
        / /_________  / /      \ \     | |     / /      \ \ | (_______          
       |  __________|| |        | |    | |    | |        | | \________ \        
        \ \_________ | |        | |    | |     \ \______/ /___________) |       
         \__________||_|        |_|    |_|      \________//____________/        
                                                                                
====================================[ Qcore ]===================================

 Git hash:   7cd5c520b37f7ee862d844b1504bc4191dc47444
 Git date:   Tue, 4 May 2021 13:25:05 +0100
 Compiler:   GNU 9.1.0
 Build type: Release
 Version:    1.2.0

 Start time: Mon May 17 11:44:29 2021

 Data directory: /home/of15641/.local/src/Qcore/release/share/entos/1.2.0/data
 Number of threads: 1
 Number of threads was determined by: command line argument
  - More threads can be used by running 'qcore -n 24'

 --------------------------------------------------------------------------------
                                  command: bchla                                 
 --------------------------------------------------------------------------------
Mg s eff H
  -0.3103

 SCF converged in 1 iterations.

 Setting up Delta-SCF
 Ground-Excited state overlap:           0.000000000
 No correction applied to the TDM.
 Excitation energy:                      0.079918509
 Excitation energy (in eV):              2.174693406
 Transition dipole:                      2.63814      -2.02011       0.53850
Mg s
          152          176          177          178          367          374          382          396          399          400          401          402          403          404          405          408
Mg p
          265          270          305          311          326          327          334          343          344          345          346          347          349          354          355          356          359          360          363          366          367          369          370          371          373          375          380          382          387          388          390
Mg d
          177          211          212          213          217          218          226          232          234          236          239          241          245          343          347          354          360          370          379          380
 Saving results in set 'frame_1369'

 --------------------------------------------------------------------------------

 End time:                               Mon May 17 11:44:29 2021
 Total wall-clock time:                  0.526 seconds
==================================================================================
