
================================================================================
          _____________ ________ _______________ ________     _________         
         / ___________// ______ \\_____   _____// ______ \   / ________)        
        / /_________  / /      \ \     | |     / /      \ \ | (_______          
       |  __________|| |        | |    | |    | |        | | \________ \        
        \ \_________ | |        | |    | |     \ \______/ /___________) |       
         \__________||_|        |_|    |_|      \________//____________/        
                                                                                
====================================[ Qcore ]===================================

 Git hash:   7cd5c520b37f7ee862d844b1504bc4191dc47444
 Git date:   Tue, 4 May 2021 13:25:05 +0100
 Compiler:   GNU 9.1.0
 Build type: Release
 Version:    1.2.0

 Start time: Mon May 17 12:33:29 2021

 Data directory: /home/of15641/.local/src/Qcore/release/share/entos/1.2.0/data
 Number of threads: 1
 Number of threads was determined by: command line argument
  - More threads can be used by running 'qcore -n 24'

 --------------------------------------------------------------------------------
                                  command: bchla                                 
 --------------------------------------------------------------------------------
Mg s eff H
  -0.3103

 SCF converged in 1 iterations.

 Setting up Delta-SCF
 Ground-Excited state overlap:           0.000000000
 No correction applied to the TDM.
 Excitation energy:                      0.074321903
 Excitation energy (in eV):              2.022401998
 Transition dipole:                     -1.86109       0.09402      -2.89979
Mg s
          149          179          180          386          388          397          401          405          406          407          408
Mg p
          207          210          211          213          220          221          222          226          236          242          249          334          344          346          361          362          363          364          375          378          393
Mg d
          210          220          221          222          226          236          242          313          334          344          346          361          362          363          364          373          375          378          384          393          399          402          406
 Saving results in set 'frame_572'

 --------------------------------------------------------------------------------

 End time:                               Mon May 17 12:33:30 2021
 Total wall-clock time:                  0.581 seconds
==================================================================================
