
================================================================================
          _____________ ________ _______________ ________     _________         
         / ___________// ______ \\_____   _____// ______ \   / ________)        
        / /_________  / /      \ \     | |     / /      \ \ | (_______          
       |  __________|| |        | |    | |    | |        | | \________ \        
        \ \_________ | |        | |    | |     \ \______/ /___________) |       
         \__________||_|        |_|    |_|      \________//____________/        
                                                                                
====================================[ Qcore ]===================================

 Git hash:   7cd5c520b37f7ee862d844b1504bc4191dc47444
 Git date:   Tue, 4 May 2021 13:25:05 +0100
 Compiler:   GNU 9.1.0
 Build type: Release
 Version:    1.2.0

 Start time: Mon May 17 11:26:34 2021

 Data directory: /home/of15641/.local/src/Qcore/release/share/entos/1.2.0/data
 Number of threads: 1
 Number of threads was determined by: command line argument
  - More threads can be used by running 'qcore -n 28'

 --------------------------------------------------------------------------------
                                  command: bchla                                 
 --------------------------------------------------------------------------------
Mg s eff H
  -0.3100

 SCF converged in 1 iterations.

 Setting up Delta-SCF
 Ground-Excited state overlap:           0.000000000
 No correction applied to the TDM.
 Excitation energy:                      0.078946992
 Excitation energy (in eV):              2.148257088
 Transition dipole:                     -0.28207       1.12901       3.22185
Mg s
          146          148          179          180          373          405          406          407          408
Mg p
          270          271          306          308          324          326          335          337          345          346          348          352          353          355          362          364          367          369          372          373          383          384          385          388          394          396          397          406
Mg d
          208          240          242          246          271          313          330          345          352          355          359          360          362          364          367          369          370          373          378          379          380          381          383          385          386          395          398
 Saving results in set 'frame_1056'

 --------------------------------------------------------------------------------

 End time:                               Mon May 17 11:26:35 2021
 Total wall-clock time:                  0.963 seconds
==================================================================================
