
================================================================================
          _____________ ________ _______________ ________     _________         
         / ___________// ______ \\_____   _____// ______ \   / ________)        
        / /_________  / /      \ \     | |     / /      \ \ | (_______          
       |  __________|| |        | |    | |    | |        | | \________ \        
        \ \_________ | |        | |    | |     \ \______/ /___________) |       
         \__________||_|        |_|    |_|      \________//____________/        
                                                                                
====================================[ Qcore ]===================================

 Git hash:   7cd5c520b37f7ee862d844b1504bc4191dc47444
 Git date:   Tue, 4 May 2021 13:25:05 +0100
 Compiler:   GNU 9.1.0
 Build type: Release
 Version:    1.2.0

 Start time: Mon May 17 12:21:08 2021

 Data directory: /home/of15641/.local/src/Qcore/release/share/entos/1.2.0/data
 Number of threads: 1
 Number of threads was determined by: command line argument
  - More threads can be used by running 'qcore -n 24'

 --------------------------------------------------------------------------------
                                  command: bchla                                 
 --------------------------------------------------------------------------------
Mg s eff H
  -0.3103

 SCF converged in 1 iterations.

 Setting up Delta-SCF
 Ground-Excited state overlap:           0.000000000
 No correction applied to the TDM.
 Excitation energy:                      0.079299051
 Excitation energy (in eV):              2.157837097
 Transition dipole:                      2.73541       0.64363      -1.94020
Mg s
          146          151          176          178          179          367          381          391          398          403          404          406          408
Mg p
          208          210          217          226          238          243          245          274          348          350          352          355          359          361          364          366          367          368          371          373          374          379          381          384          386          395          403          408
Mg d
          208          226          243          245          267          274          306          321          338          340          342          345          352          353          355          359          361          364          366          371          373          374          377          379          384          391          395
 Saving results in set 'frame_347'

 --------------------------------------------------------------------------------

 End time:                               Mon May 17 12:21:09 2021
 Total wall-clock time:                  0.706 seconds
==================================================================================
