
================================================================================
          _____________ ________ _______________ ________     _________         
         / ___________// ______ \\_____   _____// ______ \   / ________)        
        / /_________  / /      \ \     | |     / /      \ \ | (_______          
       |  __________|| |        | |    | |    | |        | | \________ \        
        \ \_________ | |        | |    | |     \ \______/ /___________) |       
         \__________||_|        |_|    |_|      \________//____________/        
                                                                                
====================================[ Qcore ]===================================

 Git hash:   7cd5c520b37f7ee862d844b1504bc4191dc47444
 Git date:   Tue, 4 May 2021 13:25:05 +0100
 Compiler:   GNU 9.1.0
 Build type: Release
 Version:    1.2.0

 Start time: Mon May 17 12:30:33 2021

 Data directory: /home/of15641/.local/src/Qcore/release/share/entos/1.2.0/data
 Number of threads: 1
 Number of threads was determined by: command line argument
  - More threads can be used by running 'qcore -n 28'

 --------------------------------------------------------------------------------
                                  command: bchla                                 
 --------------------------------------------------------------------------------
Mg s eff H
  -0.3102

 SCF converged in 1 iterations.

 Setting up Delta-SCF
 Ground-Excited state overlap:           0.000000000
 No correction applied to the TDM.
 Excitation energy:                      0.079883381
 Excitation energy (in eV):              2.173737538
 Transition dipole:                      1.69768      -0.43506       2.58951
Mg s
          144          150          153          177          179          180          399          404          407          408
Mg p
          197          213          215          216          223          226          232          233          234          237          239          242          243          341          347          353          356          359          361          363          364          368          369          370          374          379          380          383          386
Mg d
          197          215          216          232          233          242          310          324          327          332          335          336          338          341          343          348          350          351          353          356          359          361          363          364          366          367          368          370          374          380          386          399
 Saving results in set 'frame_549'

 --------------------------------------------------------------------------------

 End time:                               Mon May 17 12:30:33 2021
 Total wall-clock time:                  0.764 seconds
==================================================================================
