
================================================================================
          _____________ ________ _______________ ________     _________         
         / ___________// ______ \\_____   _____// ______ \   / ________)        
        / /_________  / /      \ \     | |     / /      \ \ | (_______          
       |  __________|| |        | |    | |    | |        | | \________ \        
        \ \_________ | |        | |    | |     \ \______/ /___________) |       
         \__________||_|        |_|    |_|      \________//____________/        
                                                                                
====================================[ Qcore ]===================================

 Git hash:   7cd5c520b37f7ee862d844b1504bc4191dc47444
 Git date:   Tue, 4 May 2021 13:25:05 +0100
 Compiler:   GNU 9.1.0
 Build type: Release
 Version:    1.2.0

 Start time: Thu May 13 08:56:01 2021

 Data directory: /home/of15641/.local/src/Qcore/release/share/entos/1.2.0/data
 Number of threads: 1
 Number of threads was determined by: command line argument
  - More threads can be used by running 'qcore -n 24'

 --------------------------------------------------------------------------------
                                  command: bchla                                 
 --------------------------------------------------------------------------------
Mg s eff H
  -0.3101

 SCF converged in 1 iterations.

 Setting up Delta-SCF
 Ground-Excited state overlap:           0.000000000
 No correction applied to the TDM.
 Excitation energy:                      0.079259204
 Excitation energy (in eV):              2.156752805
 Transition dipole:                     -1.06268      -2.04353       2.19823
Mg s
          146          179          180          181          352          370          381          406          407
Mg p
          205          206          216          217          220          225          227          228          229          230          238          239          241          242          247          334          347          350          352          356          362          378          407          408
Mg d
          271          306          315          335          338          340          345          347          348          350          357          359          360          361          362          365          367          369          370          372          376          378          379          385          389          391          392          398          400          407
 Saving results in set 'frame_640'

 --------------------------------------------------------------------------------

 End time:                               Thu May 13 08:56:02 2021
 Total wall-clock time:                  0.858 seconds
==================================================================================
