
================================================================================
          _____________ ________ _______________ ________     _________         
         / ___________// ______ \\_____   _____// ______ \   / ________)        
        / /_________  / /      \ \     | |     / /      \ \ | (_______          
       |  __________|| |        | |    | |    | |        | | \________ \        
        \ \_________ | |        | |    | |     \ \______/ /___________) |       
         \__________||_|        |_|    |_|      \________//____________/        
                                                                                
====================================[ Qcore ]===================================

 Git hash:   7cd5c520b37f7ee862d844b1504bc4191dc47444
 Git date:   Tue, 4 May 2021 13:25:05 +0100
 Compiler:   GNU 9.1.0
 Build type: Release
 Version:    1.2.0

 Start time: Mon May 17 12:49:37 2021

 Data directory: /home/of15641/.local/src/Qcore/release/share/entos/1.2.0/data
 Number of threads: 1
 Number of threads was determined by: command line argument
  - More threads can be used by running 'qcore -n 24'

 --------------------------------------------------------------------------------
                                  command: bchla                                 
 --------------------------------------------------------------------------------
Mg s eff H
  -0.3103

 SCF converged in 1 iterations.

 Setting up Delta-SCF
 Ground-Excited state overlap:          -0.000000000
 No correction applied to the TDM.
 Excitation energy:                      0.075077896
 Excitation energy (in eV):              2.042973620
 Transition dipole:                      1.23097       0.30738       3.14106
Mg s
          144          151          178          385          391          398          400          401          402          403          404          405          406          408
Mg p
          305          315          316          320          324          325          326          328          332          334          335          340          354          355          366          373          375          381          385          391          398
Mg d
          328          330          332          334          337          340          351          358          363          364          365          366          368          372          375          377          379          389          394          397          400          401          408
 Saving results in set 'frame_942'

 --------------------------------------------------------------------------------

 End time:                               Mon May 17 12:49:38 2021
 Total wall-clock time:                  0.529 seconds
==================================================================================
