
================================================================================
          _____________ ________ _______________ ________     _________         
         / ___________// ______ \\_____   _____// ______ \   / ________)        
        / /_________  / /      \ \     | |     / /      \ \ | (_______          
       |  __________|| |        | |    | |    | |        | | \________ \        
        \ \_________ | |        | |    | |     \ \______/ /___________) |       
         \__________||_|        |_|    |_|      \________//____________/        
                                                                                
====================================[ Qcore ]===================================

 Git hash:   7cd5c520b37f7ee862d844b1504bc4191dc47444
 Git date:   Tue, 4 May 2021 13:25:05 +0100
 Compiler:   GNU 9.1.0
 Build type: Release
 Version:    1.2.0

 Start time: Mon May 17 12:43:02 2021

 Data directory: /home/of15641/.local/src/Qcore/release/share/entos/1.2.0/data
 Number of threads: 1
 Number of threads was determined by: command line argument
  - More threads can be used by running 'qcore -n 24'

 --------------------------------------------------------------------------------
                                  command: bchla                                 
 --------------------------------------------------------------------------------
Mg s eff H
  -0.3100

 SCF converged in 1 iterations.

 Setting up Delta-SCF
 Ground-Excited state overlap:           0.000000000
 No correction applied to the TDM.
 Excitation energy:                      0.077603375
 Excitation energy (in eV):              2.111695425
 Transition dipole:                     -3.02780      -0.27726       2.48863
Mg s
          151          177          178          179          180          407          408
Mg p
          243          245          269          272          304          343          345          349          351          356          357          359          367          368          369          371          374          376          377          382          385          387          389          402          407
Mg d
          245          269          300          304          314          326          327          331          335          344          349          355          356          357          359          362          363          364          367          368          369          374          377          381          387          402          407          408
 Saving results in set 'frame_818'

 --------------------------------------------------------------------------------

 End time:                               Mon May 17 12:43:03 2021
 Total wall-clock time:                  0.672 seconds
==================================================================================
