
================================================================================
          _____________ ________ _______________ ________     _________         
         / ___________// ______ \\_____   _____// ______ \   / ________)        
        / /_________  / /      \ \     | |     / /      \ \ | (_______          
       |  __________|| |        | |    | |    | |        | | \________ \        
        \ \_________ | |        | |    | |     \ \______/ /___________) |       
         \__________||_|        |_|    |_|      \________//____________/        
                                                                                
====================================[ Qcore ]===================================

 Git hash:   7cd5c520b37f7ee862d844b1504bc4191dc47444
 Git date:   Tue, 4 May 2021 13:25:05 +0100
 Compiler:   GNU 9.1.0
 Build type: Release
 Version:    1.2.0

 Start time: Mon May 17 11:40:50 2021

 Data directory: /home/of15641/.local/src/Qcore/release/share/entos/1.2.0/data
 Number of threads: 1
 Number of threads was determined by: command line argument
  - More threads can be used by running 'qcore -n 24'

 --------------------------------------------------------------------------------
                                  command: bchla                                 
 --------------------------------------------------------------------------------
Mg s eff H
  -0.3102

 SCF converged in 1 iterations.

 Setting up Delta-SCF
 Ground-Excited state overlap:           0.000000000
 No correction applied to the TDM.
 Excitation energy:                      0.077341031
 Excitation energy (in eV):              2.104556667
 Transition dipole:                      1.24997       3.40490      -0.43350
Mg s
          151          179          180          389          394          397          403          404          405          406          408
Mg p
          239          266          268          311          312          318          324          326          327          341          344          345          347          350          354          355          356          357          359          360          361          365          367          369          372          374          378          383          385          405          406
Mg d
          179          206          209          212          214          217          228          232          234          236          238          239          240          243          244          357          372          405          406
 Saving results in set 'frame_1277'

 --------------------------------------------------------------------------------

 End time:                               Mon May 17 11:40:50 2021
 Total wall-clock time:                  0.541 seconds
==================================================================================
