
================================================================================
          _____________ ________ _______________ ________     _________         
         / ___________// ______ \\_____   _____// ______ \   / ________)        
        / /_________  / /      \ \     | |     / /      \ \ | (_______          
       |  __________|| |        | |    | |    | |        | | \________ \        
        \ \_________ | |        | |    | |     \ \______/ /___________) |       
         \__________||_|        |_|    |_|      \________//____________/        
                                                                                
====================================[ Qcore ]===================================

 Git hash:   7cd5c520b37f7ee862d844b1504bc4191dc47444
 Git date:   Tue, 4 May 2021 13:25:05 +0100
 Compiler:   GNU 9.1.0
 Build type: Release
 Version:    1.2.0

 Start time: Mon May 17 12:11:25 2021

 Data directory: /home/of15641/.local/src/Qcore/release/share/entos/1.2.0/data
 Number of threads: 1
 Number of threads was determined by: command line argument
  - More threads can be used by running 'qcore -n 24'

 --------------------------------------------------------------------------------
                                  command: bchla                                 
 --------------------------------------------------------------------------------
Mg s eff H
  -0.3103

 SCF converged in 1 iterations.

 Setting up Delta-SCF
 Ground-Excited state overlap:          -0.000000000
 No correction applied to the TDM.
 Excitation energy:                      0.080219664
 Excitation energy (in eV):              2.182888263
 Transition dipole:                      0.98711       0.86578       3.62263
Mg s
          148          151          178          180          394          397          403          405          408
Mg p
          158          219          221          227          229          235          243          245          247          268          314          327          334          341          343          353          357          360          361          362          365          367          368          374          376          383          384          393          394
Mg d
          273          309          328          333          338          341          343          345          347          352          353          354          357          360          361          365          367          368          372          374          376          380          383          384          390          394          395          405          408
 Saving results in set 'frame_1907'

 --------------------------------------------------------------------------------

 End time:                               Mon May 17 12:11:26 2021
 Total wall-clock time:                  0.520 seconds
==================================================================================
