
================================================================================
          _____________ ________ _______________ ________     _________         
         / ___________// ______ \\_____   _____// ______ \   / ________)        
        / /_________  / /      \ \     | |     / /      \ \ | (_______          
       |  __________|| |        | |    | |    | |        | | \________ \        
        \ \_________ | |        | |    | |     \ \______/ /___________) |       
         \__________||_|        |_|    |_|      \________//____________/        
                                                                                
====================================[ Qcore ]===================================

 Git hash:   7cd5c520b37f7ee862d844b1504bc4191dc47444
 Git date:   Tue, 4 May 2021 13:25:05 +0100
 Compiler:   GNU 9.1.0
 Build type: Release
 Version:    1.2.0

 Start time: Mon May 17 12:42:56 2021

 Data directory: /home/of15641/.local/src/Qcore/release/share/entos/1.2.0/data
 Number of threads: 1
 Number of threads was determined by: command line argument
  - More threads can be used by running 'qcore -n 24'

 --------------------------------------------------------------------------------
                                  command: bchla                                 
 --------------------------------------------------------------------------------
Mg s eff H
  -0.3102

 SCF converged in 1 iterations.

 Setting up Delta-SCF
 Ground-Excited state overlap:          -0.000000000
 No correction applied to the TDM.
 Excitation energy:                      0.079349656
 Excitation energy (in eV):              2.159214151
 Transition dipole:                     -1.58137       0.23817       2.63675
Mg s
          144          149          150          153          177          178          179          180          378          399          401          404          405          406          407
Mg p
          211          214          221          226          242          313          330          331          342          346          349          351          356          359          360          362          363          364          367          368          371          374          380          388
Mg d
          211          226          242          270          307          313          316          326          331          342          351          354          355          359          362          364          367          368          375          378          380          388          390          391          396          399          407
 Saving results in set 'frame_75'

 --------------------------------------------------------------------------------

 End time:                               Mon May 17 12:42:57 2021
 Total wall-clock time:                  0.539 seconds
==================================================================================
