
================================================================================
          _____________ ________ _______________ ________     _________         
         / ___________// ______ \\_____   _____// ______ \   / ________)        
        / /_________  / /      \ \     | |     / /      \ \ | (_______          
       |  __________|| |        | |    | |    | |        | | \________ \        
        \ \_________ | |        | |    | |     \ \______/ /___________) |       
         \__________||_|        |_|    |_|      \________//____________/        
                                                                                
====================================[ Qcore ]===================================

 Git hash:   7cd5c520b37f7ee862d844b1504bc4191dc47444
 Git date:   Tue, 4 May 2021 13:25:05 +0100
 Compiler:   GNU 9.1.0
 Build type: Release
 Version:    1.2.0

 Start time: Mon May 17 12:42:57 2021

 Data directory: /home/of15641/.local/src/Qcore/release/share/entos/1.2.0/data
 Number of threads: 1
 Number of threads was determined by: command line argument
  - More threads can be used by running 'qcore -n 24'

 --------------------------------------------------------------------------------
                                  command: bchla                                 
 --------------------------------------------------------------------------------
Mg s eff H
  -0.3104

 SCF converged in 1 iterations.

 Setting up Delta-SCF
 Ground-Excited state overlap:           0.000000000
 No correction applied to the TDM.
 Excitation energy:                      0.078676744
 Excitation energy (in eV):              2.140903265
 Transition dipole:                     -2.66675      -0.87645       2.43310
Mg s
          152          153          176          177          178          372          404          405          407
Mg p
          206          210          215          216          221          224          235          241          243          245          248          316          340          348          349          353          359          361          363          365          366          369          370          379          395          405
Mg d
          158          215          216          221          224          235          241          245          320          328          340          342          345          348          349          354          359          360          361          365          369          370          372          395          405
 Saving results in set 'frame_774'

 --------------------------------------------------------------------------------

 End time:                               Mon May 17 12:42:58 2021
 Total wall-clock time:                  0.517 seconds
==================================================================================
