
================================================================================
          _____________ ________ _______________ ________     _________         
         / ___________// ______ \\_____   _____// ______ \   / ________)        
        / /_________  / /      \ \     | |     / /      \ \ | (_______          
       |  __________|| |        | |    | |    | |        | | \________ \        
        \ \_________ | |        | |    | |     \ \______/ /___________) |       
         \__________||_|        |_|    |_|      \________//____________/        
                                                                                
====================================[ Qcore ]===================================

 Git hash:   7cd5c520b37f7ee862d844b1504bc4191dc47444
 Git date:   Tue, 4 May 2021 13:25:05 +0100
 Compiler:   GNU 9.1.0
 Build type: Release
 Version:    1.2.0

 Start time: Mon May 17 11:51:28 2021

 Data directory: /home/of15641/.local/src/Qcore/release/share/entos/1.2.0/data
 Number of threads: 1
 Number of threads was determined by: command line argument
  - More threads can be used by running 'qcore -n 24'

 --------------------------------------------------------------------------------
                                  command: bchla                                 
 --------------------------------------------------------------------------------
Mg s eff H
  -0.3104

 SCF converged in 1 iterations.

 Setting up Delta-SCF
 Ground-Excited state overlap:          -0.000000000
 No correction applied to the TDM.
 Excitation energy:                      0.080593259
 Excitation energy (in eV):              2.193054307
 Transition dipole:                     -0.60754       2.14690       1.92491
Mg s
          150          152          178          179          181          366          388          394          397          399          401          403          405          408
Mg p
          160          266          269          311          314          317          321          324          335          343          344          350          351          352          354          357          358          366          368          370          372          373          374          378          379          384          386          388          394          398
Mg d
          207          210          212          219          220          222          231          232          238          239          240          245          246          247          266          333          336          339          343          344          347          352          354          356          360          366          368          370          372          384
 Saving results in set 'frame_149'

 --------------------------------------------------------------------------------

 End time:                               Mon May 17 11:51:28 2021
 Total wall-clock time:                  0.493 seconds
==================================================================================
