
================================================================================
          _____________ ________ _______________ ________     _________         
         / ___________// ______ \\_____   _____// ______ \   / ________)        
        / /_________  / /      \ \     | |     / /      \ \ | (_______          
       |  __________|| |        | |    | |    | |        | | \________ \        
        \ \_________ | |        | |    | |     \ \______/ /___________) |       
         \__________||_|        |_|    |_|      \________//____________/        
                                                                                
====================================[ Qcore ]===================================

 Git hash:   7cd5c520b37f7ee862d844b1504bc4191dc47444
 Git date:   Tue, 4 May 2021 13:25:05 +0100
 Compiler:   GNU 9.1.0
 Build type: Release
 Version:    1.2.0

 Start time: Mon May 17 12:36:50 2021

 Data directory: /home/of15641/.local/src/Qcore/release/share/entos/1.2.0/data
 Number of threads: 1
 Number of threads was determined by: command line argument
  - More threads can be used by running 'qcore -n 24'

 --------------------------------------------------------------------------------
                                  command: bchla                                 
 --------------------------------------------------------------------------------
Mg s eff H
  -0.3103

 SCF converged in 1 iterations.

 Setting up Delta-SCF
 Ground-Excited state overlap:           0.000000000
 No correction applied to the TDM.
 Excitation energy:                      0.077205142
 Excitation energy (in eV):              2.100858952
 Transition dipole:                     -1.87348       0.27255       2.39711
Mg s
          146          149          153          179          181          377          379          381          400          401          402          405          406          407          408
Mg p
          158          212          224          239          243          308          318          322          325          327          335          337          342          347          349          351          352          354          357          359          360          361          363          366          368          369          370          374          384          386          389          402
Mg d
          212          224          239          243          321          322          329          338          341          342          344          346          347          348          349          351          353          354          357          363          366          368          369          370          374          382          386          390          392
 Saving results in set 'frame_66'

 --------------------------------------------------------------------------------

 End time:                               Mon May 17 12:36:50 2021
 Total wall-clock time:                  0.539 seconds
==================================================================================
