
================================================================================
          _____________ ________ _______________ ________     _________         
         / ___________// ______ \\_____   _____// ______ \   / ________)        
        / /_________  / /      \ \     | |     / /      \ \ | (_______          
       |  __________|| |        | |    | |    | |        | | \________ \        
        \ \_________ | |        | |    | |     \ \______/ /___________) |       
         \__________||_|        |_|    |_|      \________//____________/        
                                                                                
====================================[ Qcore ]===================================

 Git hash:   7cd5c520b37f7ee862d844b1504bc4191dc47444
 Git date:   Tue, 4 May 2021 13:25:05 +0100
 Compiler:   GNU 9.1.0
 Build type: Release
 Version:    1.2.0

 Start time: Mon May 17 12:42:59 2021

 Data directory: /home/of15641/.local/src/Qcore/release/share/entos/1.2.0/data
 Number of threads: 1
 Number of threads was determined by: command line argument
  - More threads can be used by running 'qcore -n 24'

 --------------------------------------------------------------------------------
                                  command: bchla                                 
 --------------------------------------------------------------------------------
Mg s eff H
  -0.3103

 SCF converged in 1 iterations.

 Setting up Delta-SCF
 Ground-Excited state overlap:           0.000000000
 No correction applied to the TDM.
 Excitation energy:                      0.082768442
 Excitation energy (in eV):              2.252244050
 Transition dipole:                     -1.55720      -3.04613       0.17479
Mg s
          148          151          179          376          388          405          406          408
Mg p
          204          207          213          215          217          218          219          224          228          231          236          240          242          245          248          249          351          359          360          370          371          372          373          377          379          381          384
Mg d
          242          245          268          302          312          332          334          345          348          351          354          357          358          359          363          365          367          368          370          372          373          374          377          381          383          389          390          393          396          397          398          400
 Saving results in set 'frame_790'

 --------------------------------------------------------------------------------

 End time:                               Mon May 17 12:43:00 2021
 Total wall-clock time:                  0.496 seconds
==================================================================================
