
================================================================================
          _____________ ________ _______________ ________     _________         
         / ___________// ______ \\_____   _____// ______ \   / ________)        
        / /_________  / /      \ \     | |     / /      \ \ | (_______          
       |  __________|| |        | |    | |    | |        | | \________ \        
        \ \_________ | |        | |    | |     \ \______/ /___________) |       
         \__________||_|        |_|    |_|      \________//____________/        
                                                                                
====================================[ Qcore ]===================================

 Git hash:   7cd5c520b37f7ee862d844b1504bc4191dc47444
 Git date:   Tue, 4 May 2021 13:25:05 +0100
 Compiler:   GNU 9.1.0
 Build type: Release
 Version:    1.2.0

 Start time: Mon May 17 11:58:25 2021

 Data directory: /home/of15641/.local/src/Qcore/release/share/entos/1.2.0/data
 Number of threads: 1
 Number of threads was determined by: command line argument
  - More threads can be used by running 'qcore -n 24'

 --------------------------------------------------------------------------------
                                  command: bchla                                 
 --------------------------------------------------------------------------------
Mg s eff H
  -0.3102

 SCF converged in 1 iterations.

 Setting up Delta-SCF
 Ground-Excited state overlap:          -0.000000000
 No correction applied to the TDM.
 Excitation energy:                      0.079446792
 Excitation energy (in eV):              2.161857338
 Transition dipole:                     -2.59181       2.25709       0.85281
Mg s
          150          151          177          179          180          181          358          384          398          405          406          407          408
Mg p
          205          210          227          243          246          308          311          325          327          332          335          337          339          346          349          353          356          357          358          359          361          362          366          368          369          376          379          382          384          396          407          408
Mg d
          205          210          227          238          239          241          242          243          246          306          321          325          327          332          335          341          346          358          359          363          366          368          371          377          379          382          396          406          407
 Saving results in set 'frame_1649'

 --------------------------------------------------------------------------------

 End time:                               Mon May 17 11:58:25 2021
 Total wall-clock time:                  0.503 seconds
==================================================================================
