
================================================================================
          _____________ ________ _______________ ________     _________         
         / ___________// ______ \\_____   _____// ______ \   / ________)        
        / /_________  / /      \ \     | |     / /      \ \ | (_______          
       |  __________|| |        | |    | |    | |        | | \________ \        
        \ \_________ | |        | |    | |     \ \______/ /___________) |       
         \__________||_|        |_|    |_|      \________//____________/        
                                                                                
====================================[ Qcore ]===================================

 Git hash:   7cd5c520b37f7ee862d844b1504bc4191dc47444
 Git date:   Tue, 4 May 2021 13:25:05 +0100
 Compiler:   GNU 9.1.0
 Build type: Release
 Version:    1.2.0

 Start time: Mon May 17 12:49:37 2021

 Data directory: /home/of15641/.local/src/Qcore/release/share/entos/1.2.0/data
 Number of threads: 1
 Number of threads was determined by: command line argument
  - More threads can be used by running 'qcore -n 24'

 --------------------------------------------------------------------------------
                                  command: bchla                                 
 --------------------------------------------------------------------------------
Mg s eff H
  -0.3101

 SCF converged in 1 iterations.

 Setting up Delta-SCF
 Ground-Excited state overlap:           0.000000000
 No correction applied to the TDM.
 Excitation energy:                      0.081153547
 Excitation energy (in eV):              2.208300518
 Transition dipole:                     -2.20335      -0.06926      -1.80387
Mg s
          150          151          178          180          181          374          385          390          402          403          405          408
Mg p
          266          268          315          318          329          335          338          339          340          342          346          352          353          357          358          359          360          362          364          367          368          371          374          379          381          385          390          398          402          405
Mg d
          159          270          308          322          324          339          344          346          352          353          358          359          360          362          364          367          368          371          374          375          377          379          385          387          396          398          401          405
 Saving results in set 'frame_935'

 --------------------------------------------------------------------------------

 End time:                               Mon May 17 12:49:37 2021
 Total wall-clock time:                  0.566 seconds
==================================================================================
