
================================================================================
          _____________ ________ _______________ ________     _________         
         / ___________// ______ \\_____   _____// ______ \   / ________)        
        / /_________  / /      \ \     | |     / /      \ \ | (_______          
       |  __________|| |        | |    | |    | |        | | \________ \        
        \ \_________ | |        | |    | |     \ \______/ /___________) |       
         \__________||_|        |_|    |_|      \________//____________/        
                                                                                
====================================[ Qcore ]===================================

 Git hash:   7cd5c520b37f7ee862d844b1504bc4191dc47444
 Git date:   Tue, 4 May 2021 13:25:05 +0100
 Compiler:   GNU 9.1.0
 Build type: Release
 Version:    1.2.0

 Start time: Mon May 17 11:44:26 2021

 Data directory: /home/of15641/.local/src/Qcore/release/share/entos/1.2.0/data
 Number of threads: 1
 Number of threads was determined by: command line argument
  - More threads can be used by running 'qcore -n 24'

 --------------------------------------------------------------------------------
                                  command: bchla                                 
 --------------------------------------------------------------------------------
Mg s eff H
  -0.3103

 SCF converged in 1 iterations.

 Setting up Delta-SCF
 Ground-Excited state overlap:           0.000000000
 No correction applied to the TDM.
 Excitation energy:                      0.085140092
 Excitation energy (in eV):              2.316779942
 Transition dipole:                     -2.73221      -0.82752       0.32455
Mg s
          146          153          178          179          347          351          376          389          395          405          406          407          408
Mg p
          301          309          317          324          325          326          328          329          330          333          343          344          347          351          359          370          373          379          381          383          395          400          406          407          408
Mg d
          217          236          237          238          241          245          309          317          321          325          326          330          347          351          356          357          359          361          363          366          371          372          376          377          379          381          384          400          401          408
 Saving results in set 'frame_1342'

 --------------------------------------------------------------------------------

 End time:                               Mon May 17 11:44:27 2021
 Total wall-clock time:                  0.560 seconds
==================================================================================
