
================================================================================
          _____________ ________ _______________ ________     _________         
         / ___________// ______ \\_____   _____// ______ \   / ________)        
        / /_________  / /      \ \     | |     / /      \ \ | (_______          
       |  __________|| |        | |    | |    | |        | | \________ \        
        \ \_________ | |        | |    | |     \ \______/ /___________) |       
         \__________||_|        |_|    |_|      \________//____________/        
                                                                                
====================================[ Qcore ]===================================

 Git hash:   7cd5c520b37f7ee862d844b1504bc4191dc47444
 Git date:   Tue, 4 May 2021 13:25:05 +0100
 Compiler:   GNU 9.1.0
 Build type: Release
 Version:    1.2.0

 Start time: Mon May 17 12:11:28 2021

 Data directory: /home/of15641/.local/src/Qcore/release/share/entos/1.2.0/data
 Number of threads: 1
 Number of threads was determined by: command line argument
  - More threads can be used by running 'qcore -n 24'

 --------------------------------------------------------------------------------
                                  command: bchla                                 
 --------------------------------------------------------------------------------
Mg s eff H
  -0.3102

 SCF converged in 1 iterations.

 Setting up Delta-SCF
 Ground-Excited state overlap:          -0.000000000
 No correction applied to the TDM.
 Excitation energy:                      0.079201167
 Excitation energy (in eV):              2.155173536
 Transition dipole:                     -0.52131       2.19556       2.92365
Mg s
          150          178          179          385          387          401          402          405          408
Mg p
          159          243          246          267          268          323          327          338          339          342          345          350          352          355          358          363          365          366          369          371          374          375          380          384          388
Mg d
          206          207          214          222          230          231          240          243          244          245          246          273          274          275          327          352          358          365          368          369          373          374          376          381          382          385          386          388          390          395
 Saving results in set 'frame_1932'

 --------------------------------------------------------------------------------

 End time:                               Mon May 17 12:11:28 2021
 Total wall-clock time:                  0.551 seconds
==================================================================================
