
================================================================================
          _____________ ________ _______________ ________     _________         
         / ___________// ______ \\_____   _____// ______ \   / ________)        
        / /_________  / /      \ \     | |     / /      \ \ | (_______          
       |  __________|| |        | |    | |    | |        | | \________ \        
        \ \_________ | |        | |    | |     \ \______/ /___________) |       
         \__________||_|        |_|    |_|      \________//____________/        
                                                                                
====================================[ Qcore ]===================================

 Git hash:   7cd5c520b37f7ee862d844b1504bc4191dc47444
 Git date:   Tue, 4 May 2021 13:25:05 +0100
 Compiler:   GNU 9.1.0
 Build type: Release
 Version:    1.2.0

 Start time: Mon May 17 11:37:16 2021

 Data directory: /home/of15641/.local/src/Qcore/release/share/entos/1.2.0/data
 Number of threads: 1
 Number of threads was determined by: command line argument
  - More threads can be used by running 'qcore -n 24'

 --------------------------------------------------------------------------------
                                  command: bchla                                 
 --------------------------------------------------------------------------------
Mg s eff H
  -0.3103

 SCF converged in 1 iterations.

 Setting up Delta-SCF
 Ground-Excited state overlap:           0.000000000
 No correction applied to the TDM.
 Excitation energy:                      0.077629287
 Excitation energy (in eV):              2.112400510
 Transition dipole:                      1.79871       2.26352      -1.63194
Mg s
          140          150          153          177          178          179          395          398          402          405          406          407
Mg p
          268          314          325          330          334          347          348          349          350          352          354          355          357          359          366          370          373          375          395          396          397          406
Mg d
          207          208          210          211          212          218          224          225          228          230          231          233          236          239          240          243          246          269          334          349          355          357          364          368          374
 Saving results in set 'frame_1205'

 --------------------------------------------------------------------------------

 End time:                               Mon May 17 11:37:16 2021
 Total wall-clock time:                  0.535 seconds
==================================================================================
