
================================================================================
          _____________ ________ _______________ ________     _________         
         / ___________// ______ \\_____   _____// ______ \   / ________)        
        / /_________  / /      \ \     | |     / /      \ \ | (_______          
       |  __________|| |        | |    | |    | |        | | \________ \        
        \ \_________ | |        | |    | |     \ \______/ /___________) |       
         \__________||_|        |_|    |_|      \________//____________/        
                                                                                
====================================[ Qcore ]===================================

 Git hash:   7cd5c520b37f7ee862d844b1504bc4191dc47444
 Git date:   Tue, 4 May 2021 13:25:05 +0100
 Compiler:   GNU 9.1.0
 Build type: Release
 Version:    1.2.0

 Start time: Mon May 17 11:33:41 2021

 Data directory: /home/of15641/.local/src/Qcore/release/share/entos/1.2.0/data
 Number of threads: 1
 Number of threads was determined by: command line argument
  - More threads can be used by running 'qcore -n 24'

 --------------------------------------------------------------------------------
                                  command: bchla                                 
 --------------------------------------------------------------------------------
Mg s eff H
  -0.3103

 SCF converged in 1 iterations.

 Setting up Delta-SCF
 Ground-Excited state overlap:           0.000000000
 No correction applied to the TDM.
 Excitation energy:                      0.077460926
 Excitation energy (in eV):              2.107819171
 Transition dipole:                     -1.52514       1.78179      -2.71028
Mg s
          152          178          371          374          399          403          405          407
Mg p
          159          216          217          220          238          239          241          303          312          315          317          324          331          337          338          340          342          345          347          350          353          360          361          367          387          399          405          408
Mg d
          156          220          238          239          241          305          313          324          334          340          347          350          352          353          355          356          360          361          363          368          369          371          374
 Saving results in set 'frame_1178'

 --------------------------------------------------------------------------------

 End time:                               Mon May 17 11:33:41 2021
 Total wall-clock time:                  0.675 seconds
==================================================================================
