
================================================================================
          _____________ ________ _______________ ________     _________         
         / ___________// ______ \\_____   _____// ______ \   / ________)        
        / /_________  / /      \ \     | |     / /      \ \ | (_______          
       |  __________|| |        | |    | |    | |        | | \________ \        
        \ \_________ | |        | |    | |     \ \______/ /___________) |       
         \__________||_|        |_|    |_|      \________//____________/        
                                                                                
====================================[ Qcore ]===================================

 Git hash:   7cd5c520b37f7ee862d844b1504bc4191dc47444
 Git date:   Tue, 4 May 2021 13:25:05 +0100
 Compiler:   GNU 9.1.0
 Build type: Release
 Version:    1.2.0

 Start time: Mon May 17 11:47:57 2021

 Data directory: /home/of15641/.local/src/Qcore/release/share/entos/1.2.0/data
 Number of threads: 1
 Number of threads was determined by: command line argument
  - More threads can be used by running 'qcore -n 24'

 --------------------------------------------------------------------------------
                                  command: bchla                                 
 --------------------------------------------------------------------------------
Mg s eff H
  -0.3102

 SCF converged in 1 iterations.

 Setting up Delta-SCF
 Ground-Excited state overlap:          -0.000000000
 No correction applied to the TDM.
 Excitation energy:                      0.080639249
 Excitation energy (in eV):              2.194305764
 Transition dipole:                     -3.53495       1.26639       0.50392
Mg s
          149          179          180          384          400          402          407
Mg p
          158          234          237          240          305          316          320          325          326          331          334          335          336          337          339          347          352          353          354          355          358          359          360          366          367          368          369          370          373          384          392          396          407
Mg d
          208          214          216          218          224          227          234          237          240          242          316          326          331          333          334          335          337          347          349          352          353          355          358          359          360          367          386          396          407
 Saving results in set 'frame_1434'

 --------------------------------------------------------------------------------

 End time:                               Mon May 17 11:47:57 2021
 Total wall-clock time:                  0.516 seconds
==================================================================================
