
================================================================================
          _____________ ________ _______________ ________     _________         
         / ___________// ______ \\_____   _____// ______ \   / ________)        
        / /_________  / /      \ \     | |     / /      \ \ | (_______          
       |  __________|| |        | |    | |    | |        | | \________ \        
        \ \_________ | |        | |    | |     \ \______/ /___________) |       
         \__________||_|        |_|    |_|      \________//____________/        
                                                                                
====================================[ Qcore ]===================================

 Git hash:   7cd5c520b37f7ee862d844b1504bc4191dc47444
 Git date:   Tue, 4 May 2021 13:25:05 +0100
 Compiler:   GNU 9.1.0
 Build type: Release
 Version:    1.2.0

 Start time: Mon May 17 11:30:14 2021

 Data directory: /home/of15641/.local/src/Qcore/release/share/entos/1.2.0/data
 Number of threads: 1
 Number of threads was determined by: command line argument
  - More threads can be used by running 'qcore -n 24'

 --------------------------------------------------------------------------------
                                  command: bchla                                 
 --------------------------------------------------------------------------------
Mg s eff H
  -0.3099

 SCF converged in 1 iterations.

 Setting up Delta-SCF
 Ground-Excited state overlap:          -0.000000000
 No correction applied to the TDM.
 Excitation energy:                      0.078164021
 Excitation energy (in eV):              2.126951377
 Transition dipole:                      1.82312      -1.19098       1.70624
Mg s
          149          179          180          407          408
Mg p
          268          271          315          325          327          330          334          337          353          354          356          357          359          362          365          366          367          368          370          371          372          378          379          380          383          384          388          391          394          396          397          407
Mg d
          212          213          238          244          247          252          274          338          353          357          361          362          365          367          368          372          378          379          380          382          383          385          386          388          390          391          392          396
 Saving results in set 'frame_1108'

 --------------------------------------------------------------------------------

 End time:                               Mon May 17 11:30:15 2021
 Total wall-clock time:                  0.692 seconds
==================================================================================
