
================================================================================
          _____________ ________ _______________ ________     _________         
         / ___________// ______ \\_____   _____// ______ \   / ________)        
        / /_________  / /      \ \     | |     / /      \ \ | (_______          
       |  __________|| |        | |    | |    | |        | | \________ \        
        \ \_________ | |        | |    | |     \ \______/ /___________) |       
         \__________||_|        |_|    |_|      \________//____________/        
                                                                                
====================================[ Qcore ]===================================

 Git hash:   7cd5c520b37f7ee862d844b1504bc4191dc47444
 Git date:   Tue, 4 May 2021 13:25:05 +0100
 Compiler:   GNU 9.1.0
 Build type: Release
 Version:    1.2.0

 Start time: Mon May 17 11:48:00 2021

 Data directory: /home/of15641/.local/src/Qcore/release/share/entos/1.2.0/data
 Number of threads: 1
 Number of threads was determined by: command line argument
  - More threads can be used by running 'qcore -n 24'

 --------------------------------------------------------------------------------
                                  command: bchla                                 
 --------------------------------------------------------------------------------
Mg s eff H
  -0.3103

 SCF converged in 1 iterations.

 Setting up Delta-SCF
 Ground-Excited state overlap:          -0.000000000
 No correction applied to the TDM.
 Excitation energy:                      0.079584992
 Excitation energy (in eV):              2.165617962
 Transition dipole:                     -2.95667       1.16541       1.31217
Mg s
          148          151          177          178          179          180          395          396          398          399          401          402          403          405          406          407          408
Mg p
          158          212          228          232          233          234          238          240          242          243          316          317          327          344          349          356          358          359          361          363          365          368          371          373          375          376          379          405          406
Mg d
          159          212          228          232          233          238          240          242          243          266          308          321          323          335          337          339          342          344          350          352          353          355          356          358          359          361          363          365          367          375          376          378          384          391          406
 Saving results in set 'frame_1466'

 --------------------------------------------------------------------------------

 End time:                               Mon May 17 11:48:01 2021
 Total wall-clock time:                  0.524 seconds
==================================================================================
