
================================================================================
          _____________ ________ _______________ ________     _________         
         / ___________// ______ \\_____   _____// ______ \   / ________)        
        / /_________  / /      \ \     | |     / /      \ \ | (_______          
       |  __________|| |        | |    | |    | |        | | \________ \        
        \ \_________ | |        | |    | |     \ \______/ /___________) |       
         \__________||_|        |_|    |_|      \________//____________/        
                                                                                
====================================[ Qcore ]===================================

 Git hash:   7cd5c520b37f7ee862d844b1504bc4191dc47444
 Git date:   Tue, 4 May 2021 13:25:05 +0100
 Compiler:   GNU 9.1.0
 Build type: Release
 Version:    1.2.0

 Start time: Mon May 17 12:11:28 2021

 Data directory: /home/of15641/.local/src/Qcore/release/share/entos/1.2.0/data
 Number of threads: 1
 Number of threads was determined by: command line argument
  - More threads can be used by running 'qcore -n 24'

 --------------------------------------------------------------------------------
                                  command: bchla                                 
 --------------------------------------------------------------------------------
Mg s eff H
  -0.3102

 SCF converged in 1 iterations.

 Setting up Delta-SCF
 Ground-Excited state overlap:           0.000000000
 No correction applied to the TDM.
 Excitation energy:                      0.075876272
 Excitation energy (in eV):              2.064698540
 Transition dipole:                     -2.11374       0.83961       2.41806
Mg s
          152          178          380          391          393          403          404          406          407
Mg p
          243          315          326          329          331          335          337          340          341          343          347          349          350          352          353          356          363          365          367          380          386          388          391          396          404
Mg d
          205          213          220          222          235          238          241          243          247          305          308          317          331          346          347          349          350          353          354          356          363          365          366          367          369          372          378          383          390
 Saving results in set 'frame_1933'

 --------------------------------------------------------------------------------

 End time:                               Mon May 17 12:11:28 2021
 Total wall-clock time:                  0.533 seconds
==================================================================================
