
================================================================================
          _____________ ________ _______________ ________     _________         
         / ___________// ______ \\_____   _____// ______ \   / ________)        
        / /_________  / /      \ \     | |     / /      \ \ | (_______          
       |  __________|| |        | |    | |    | |        | | \________ \        
        \ \_________ | |        | |    | |     \ \______/ /___________) |       
         \__________||_|        |_|    |_|      \________//____________/        
                                                                                
====================================[ Qcore ]===================================

 Git hash:   7cd5c520b37f7ee862d844b1504bc4191dc47444
 Git date:   Tue, 4 May 2021 13:25:05 +0100
 Compiler:   GNU 9.1.0
 Build type: Release
 Version:    1.2.0

 Start time: Mon May 17 11:51:29 2021

 Data directory: /home/of15641/.local/src/Qcore/release/share/entos/1.2.0/data
 Number of threads: 1
 Number of threads was determined by: command line argument
  - More threads can be used by running 'qcore -n 24'

 --------------------------------------------------------------------------------
                                  command: bchla                                 
 --------------------------------------------------------------------------------
Mg s eff H
  -0.3101

 SCF converged in 1 iterations.

 Setting up Delta-SCF
 Ground-Excited state overlap:          -0.000000000
 No correction applied to the TDM.
 Excitation energy:                      0.075859764
 Excitation energy (in eV):              2.064249348
 Transition dipole:                      0.43144      -1.48563      -2.15255
Mg s
          150          153          178          179          181          367          391          406          407          408
Mg p
          204          211          216          217          225          240          241          243          245          272          302          327          329          346          355          358          367          370          371          373          375          378          407
Mg d
          204          225          241          243          245          269          302          310          312          329          331          338          342          348          351          352          354          355          358          359          360          362          367          370          371          373          375          376          380          386          406          407          408
 Saving results in set 'frame_1516'

 --------------------------------------------------------------------------------

 End time:                               Mon May 17 11:51:30 2021
 Total wall-clock time:                  0.546 seconds
==================================================================================
