
================================================================================
          _____________ ________ _______________ ________     _________         
         / ___________// ______ \\_____   _____// ______ \   / ________)        
        / /_________  / /      \ \     | |     / /      \ \ | (_______          
       |  __________|| |        | |    | |    | |        | | \________ \        
        \ \_________ | |        | |    | |     \ \______/ /___________) |       
         \__________||_|        |_|    |_|      \________//____________/        
                                                                                
====================================[ Qcore ]===================================

 Git hash:   7cd5c520b37f7ee862d844b1504bc4191dc47444
 Git date:   Tue, 4 May 2021 13:25:05 +0100
 Compiler:   GNU 9.1.0
 Build type: Release
 Version:    1.2.0

 Start time: Mon May 17 12:52:40 2021

 Data directory: /home/of15641/.local/src/Qcore/release/share/entos/1.2.0/data
 Number of threads: 1
 Number of threads was determined by: command line argument
  - More threads can be used by running 'qcore -n 24'

 --------------------------------------------------------------------------------
                                  command: bchla                                 
 --------------------------------------------------------------------------------
Mg s eff H
  -0.3102

 SCF converged in 1 iterations.

 Setting up Delta-SCF
 Ground-Excited state overlap:          -0.000000000
 No correction applied to the TDM.
 Excitation energy:                      0.074436854
 Excitation energy (in eV):              2.025529993
 Transition dipole:                     -3.72869      -1.50368       0.35958
Mg s
          152          177          179          374          398          403          404          407          408
Mg p
          218          225          236          245          247          268          316          332          345          349          353          360          362          367          368          369          372          373          376          379          381          385          386          390          392
Mg d
          218          225          236          245          247          265          304          315          321          327          329          340          345          353          355          357          360          361          362          365          366          367          372          373          376          379          380          381          392          395          403          404
 Saving results in set 'frame_96'

 --------------------------------------------------------------------------------

 End time:                               Mon May 17 12:52:40 2021
 Total wall-clock time:                  0.519 seconds
==================================================================================
