
================================================================================
          _____________ ________ _______________ ________     _________         
         / ___________// ______ \\_____   _____// ______ \   / ________)        
        / /_________  / /      \ \     | |     / /      \ \ | (_______          
       |  __________|| |        | |    | |    | |        | | \________ \        
        \ \_________ | |        | |    | |     \ \______/ /___________) |       
         \__________||_|        |_|    |_|      \________//____________/        
                                                                                
====================================[ Qcore ]===================================

 Git hash:   7cd5c520b37f7ee862d844b1504bc4191dc47444
 Git date:   Tue, 4 May 2021 13:25:05 +0100
 Compiler:   GNU 9.1.0
 Build type: Release
 Version:    1.2.0

 Start time: Mon May 17 11:37:17 2021

 Data directory: /home/of15641/.local/src/Qcore/release/share/entos/1.2.0/data
 Number of threads: 1
 Number of threads was determined by: command line argument
  - More threads can be used by running 'qcore -n 24'

 --------------------------------------------------------------------------------
                                  command: bchla                                 
 --------------------------------------------------------------------------------
Mg s eff H
  -0.3102

 SCF converged in 1 iterations.

 Setting up Delta-SCF
 Ground-Excited state overlap:          -0.000000000
 No correction applied to the TDM.
 Excitation energy:                      0.081991411
 Excitation energy (in eV):              2.231099966
 Transition dipole:                     -2.67467       1.56080      -0.37807
Mg s
          145          150          153          179          180          378          380          388          397          401          402          405          406          407          408
Mg p
          159          267          302          314          320          330          331          333          335          336          337          340          341          344          347          348          349          352          355          357          359          360          361          364          366          370          371          374          397          401          402          405          408
Mg d
          202          203          212          214          218          221          222          228          230          233          235          238          239          242          243          244          267          344          347          349          352          359          360          361          363          364          366          370          377
 Saving results in set 'frame_1210'

 --------------------------------------------------------------------------------

 End time:                               Mon May 17 11:37:17 2021
 Total wall-clock time:                  0.533 seconds
==================================================================================
