
================================================================================
          _____________ ________ _______________ ________     _________         
         / ___________// ______ \\_____   _____// ______ \   / ________)        
        / /_________  / /      \ \     | |     / /      \ \ | (_______          
       |  __________|| |        | |    | |    | |        | | \________ \        
        \ \_________ | |        | |    | |     \ \______/ /___________) |       
         \__________||_|        |_|    |_|      \________//____________/        
                                                                                
====================================[ Qcore ]===================================

 Git hash:   7cd5c520b37f7ee862d844b1504bc4191dc47444
 Git date:   Tue, 4 May 2021 13:25:05 +0100
 Compiler:   GNU 9.1.0
 Build type: Release
 Version:    1.2.0

 Start time: Mon May 17 11:26:29 2021

 Data directory: /home/of15641/.local/src/Qcore/release/share/entos/1.2.0/data
 Number of threads: 1
 Number of threads was determined by: command line argument
  - More threads can be used by running 'qcore -n 24'

 --------------------------------------------------------------------------------
                                  command: bchla                                 
 --------------------------------------------------------------------------------
Mg s eff H
  -0.3101

 SCF converged in 1 iterations.

 Setting up Delta-SCF
 Ground-Excited state overlap:           0.000000000
 No correction applied to the TDM.
 Excitation energy:                      0.074245216
 Excitation energy (in eV):              2.020315257
 Transition dipole:                      0.57853       1.08670      -3.11981
Mg s
          146          150          153          177          178          179          400          403          404          405          406          408
Mg p
          267          271          309          332          335          339          341          342          345          346          347          349          350          352          356          361          365          366          369          372          373          383          391          394          403          405          406
Mg d
          209          247          267          270          271          333          335          345          347          352          354          359          361          366          368          371          373          376          377          379          383          386          387          390
 Saving results in set 'frame_1006'

 --------------------------------------------------------------------------------

 End time:                               Mon May 17 11:26:29 2021
 Total wall-clock time:                  0.682 seconds
==================================================================================
