
================================================================================
          _____________ ________ _______________ ________     _________         
         / ___________// ______ \\_____   _____// ______ \   / ________)        
        / /_________  / /      \ \     | |     / /      \ \ | (_______          
       |  __________|| |        | |    | |    | |        | | \________ \        
        \ \_________ | |        | |    | |     \ \______/ /___________) |       
         \__________||_|        |_|    |_|      \________//____________/        
                                                                                
====================================[ Qcore ]===================================

 Git hash:   7cd5c520b37f7ee862d844b1504bc4191dc47444
 Git date:   Tue, 4 May 2021 13:25:05 +0100
 Compiler:   GNU 9.1.0
 Build type: Release
 Version:    1.2.0

 Start time: Mon May 17 11:44:27 2021

 Data directory: /home/of15641/.local/src/Qcore/release/share/entos/1.2.0/data
 Number of threads: 1
 Number of threads was determined by: command line argument
  - More threads can be used by running 'qcore -n 24'

 --------------------------------------------------------------------------------
                                  command: bchla                                 
 --------------------------------------------------------------------------------
Mg s eff H
  -0.3102

 SCF converged in 1 iterations.

 Setting up Delta-SCF
 Ground-Excited state overlap:          -0.000000000
 No correction applied to the TDM.
 Excitation energy:                      0.077215496
 Excitation energy (in eV):              2.101140680
 Transition dipole:                     -0.91767       2.60015      -2.65495
Mg s
          149          153          177          178          179          375          386          400          401          402          403          404          408
Mg p
          265          301          303          319          322          323          328          329          330          331          334          336          338          340          342          347          348          349          353          354          357          359          360          362          363          368          378          379          388          400          402          408
Mg d
          208          209          218          220          225          226          233          234          237          238          240          241          242          310          334          338          344          346          349          350          353          355          357          359          362          363          366          368          378          379          403
 Saving results in set 'frame_1346'

 --------------------------------------------------------------------------------

 End time:                               Mon May 17 11:44:28 2021
 Total wall-clock time:                  0.538 seconds
==================================================================================
