
================================================================================
          _____________ ________ _______________ ________     _________         
         / ___________// ______ \\_____   _____// ______ \   / ________)        
        / /_________  / /      \ \     | |     / /      \ \ | (_______          
       |  __________|| |        | |    | |    | |        | | \________ \        
        \ \_________ | |        | |    | |     \ \______/ /___________) |       
         \__________||_|        |_|    |_|      \________//____________/        
                                                                                
====================================[ Qcore ]===================================

 Git hash:   7cd5c520b37f7ee862d844b1504bc4191dc47444
 Git date:   Tue, 4 May 2021 13:25:05 +0100
 Compiler:   GNU 9.1.0
 Build type: Release
 Version:    1.2.0

 Start time: Mon May 17 11:54:58 2021

 Data directory: /home/of15641/.local/src/Qcore/release/share/entos/1.2.0/data
 Number of threads: 1
 Number of threads was determined by: command line argument
  - More threads can be used by running 'qcore -n 24'

 --------------------------------------------------------------------------------
                                  command: bchla                                 
 --------------------------------------------------------------------------------
Mg s eff H
  -0.3102

 SCF converged in 1 iterations.

 Setting up Delta-SCF
 Ground-Excited state overlap:          -0.000000000
 No correction applied to the TDM.
 Excitation energy:                      0.079015274
 Excitation energy (in eV):              2.150115136
 Transition dipole:                     -2.52430       2.58399       0.64484
Mg s
          147          153          177          178          179          180          376          404          405          406          407
Mg p
          236          242          313          315          324          327          329          342          345          349          351          353          355          357          358          360          361          363          365          368          369          372          373          376          379          383          387          394
Mg d
          206          209          210          212          213          214          221          225          227          235          236          239          242          267          327          345          349          353          357          360          361          363          367          372          373          379          406
 Saving results in set 'frame_1576'

 --------------------------------------------------------------------------------

 End time:                               Mon May 17 11:54:59 2021
 Total wall-clock time:                  0.502 seconds
==================================================================================
