
================================================================================
          _____________ ________ _______________ ________     _________         
         / ___________// ______ \\_____   _____// ______ \   / ________)        
        / /_________  / /      \ \     | |     / /      \ \ | (_______          
       |  __________|| |        | |    | |    | |        | | \________ \        
        \ \_________ | |        | |    | |     \ \______/ /___________) |       
         \__________||_|        |_|    |_|      \________//____________/        
                                                                                
====================================[ Qcore ]===================================

 Git hash:   7cd5c520b37f7ee862d844b1504bc4191dc47444
 Git date:   Tue, 4 May 2021 13:25:05 +0100
 Compiler:   GNU 9.1.0
 Build type: Release
 Version:    1.2.0

 Start time: Mon May 17 11:26:34 2021

 Data directory: /home/of15641/.local/src/Qcore/release/share/entos/1.2.0/data
 Number of threads: 1
 Number of threads was determined by: command line argument
  - More threads can be used by running 'qcore -n 28'

 --------------------------------------------------------------------------------
                                  command: bchla                                 
 --------------------------------------------------------------------------------
Mg s eff H
  -0.3102

 SCF converged in 1 iterations.

 Setting up Delta-SCF
 Ground-Excited state overlap:          -0.000000000
 No correction applied to the TDM.
 Excitation energy:                      0.083539414
 Excitation energy (in eV):              2.273223266
 Transition dipole:                     -1.80146      -0.71854       1.97032
Mg s
          146          152          177          178          179          383          399          400          405          406          407          408
Mg p
          159          245          266          308          310          323          328          331          332          337          339          341          344          350          351          353          359          361          362          365          366          370          371          373          375          377          383          388          389          391          406          407          408
Mg d
          305          317          328          329          337          342          344          349          354          355          359          361          362          365          366          370          371          373          377          378          380          383          387          389
 Saving results in set 'frame_1047'

 --------------------------------------------------------------------------------

 End time:                               Mon May 17 11:26:35 2021
 Total wall-clock time:                  0.974 seconds
==================================================================================
