
================================================================================
          _____________ ________ _______________ ________     _________         
         / ___________// ______ \\_____   _____// ______ \   / ________)        
        / /_________  / /      \ \     | |     / /      \ \ | (_______          
       |  __________|| |        | |    | |    | |        | | \________ \        
        \ \_________ | |        | |    | |     \ \______/ /___________) |       
         \__________||_|        |_|    |_|      \________//____________/        
                                                                                
====================================[ Qcore ]===================================

 Git hash:   7cd5c520b37f7ee862d844b1504bc4191dc47444
 Git date:   Tue, 4 May 2021 13:25:05 +0100
 Compiler:   GNU 9.1.0
 Build type: Release
 Version:    1.2.0

 Start time: Mon May 17 12:33:33 2021

 Data directory: /home/of15641/.local/src/Qcore/release/share/entos/1.2.0/data
 Number of threads: 1
 Number of threads was determined by: command line argument
  - More threads can be used by running 'qcore -n 24'

 --------------------------------------------------------------------------------
                                  command: bchla                                 
 --------------------------------------------------------------------------------
Mg s eff H
  -0.3104

 SCF converged in 1 iterations.

 Setting up Delta-SCF
 Ground-Excited state overlap:           0.000000000
 No correction applied to the TDM.
 Excitation energy:                      0.077882345
 Excitation energy (in eV):              2.119286568
 Transition dipole:                     -0.31111      -2.88897       0.34319
Mg s
          149          151          153          178          179          381          386          390          394          397          399          402          403          405          406          408
Mg p
          209          217          218          222          223          224          226          233          237          238          240          243          246          247
Mg d
          269          270          271          303          317          320          325          336          342          349          357          358          362          364          365          366          368          369          376          378          379          380          386          388          392          394          402          405
 Saving results in set 'frame_607'

 --------------------------------------------------------------------------------

 End time:                               Mon May 17 12:33:33 2021
 Total wall-clock time:                  0.562 seconds
==================================================================================
