
================================================================================
          _____________ ________ _______________ ________     _________         
         / ___________// ______ \\_____   _____// ______ \   / ________)        
        / /_________  / /      \ \     | |     / /      \ \ | (_______          
       |  __________|| |        | |    | |    | |        | | \________ \        
        \ \_________ | |        | |    | |     \ \______/ /___________) |       
         \__________||_|        |_|    |_|      \________//____________/        
                                                                                
====================================[ Qcore ]===================================

 Git hash:   7cd5c520b37f7ee862d844b1504bc4191dc47444
 Git date:   Tue, 4 May 2021 13:25:05 +0100
 Compiler:   GNU 9.1.0
 Build type: Release
 Version:    1.2.0

 Start time: Mon May 17 11:58:22 2021

 Data directory: /home/of15641/.local/src/Qcore/release/share/entos/1.2.0/data
 Number of threads: 1
 Number of threads was determined by: command line argument
  - More threads can be used by running 'qcore -n 24'

 --------------------------------------------------------------------------------
                                  command: bchla                                 
 --------------------------------------------------------------------------------
Mg s eff H
  -0.3105

 SCF converged in 1 iterations.

 Setting up Delta-SCF
 Ground-Excited state overlap:          -0.000000000
 No correction applied to the TDM.
 Excitation energy:                      0.081999344
 Excitation energy (in eV):              2.231315817
 Transition dipole:                     -0.34090      -2.24122      -1.94542
Mg s
          149          150          178          179          180          359          390          392          403          404          405          406          408
Mg p
          240          292          298          313          315          323          330          331          339          343          344          347          349          350          351          358          359          361          362          367          373          377          379          382          393          405          406
Mg d
          210          212          213          215          217          219          224          228          230          232          234          238          240          242          331          336          337          339          341          343          344          350          351          358          359          361          362          367          376          377          382
 Saving results in set 'frame_1624'

 --------------------------------------------------------------------------------

 End time:                               Mon May 17 11:58:23 2021
 Total wall-clock time:                  0.513 seconds
==================================================================================
