
================================================================================
          _____________ ________ _______________ ________     _________         
         / ___________// ______ \\_____   _____// ______ \   / ________)        
        / /_________  / /      \ \     | |     / /      \ \ | (_______          
       |  __________|| |        | |    | |    | |        | | \________ \        
        \ \_________ | |        | |    | |     \ \______/ /___________) |       
         \__________||_|        |_|    |_|      \________//____________/        
                                                                                
====================================[ Qcore ]===================================

 Git hash:   7cd5c520b37f7ee862d844b1504bc4191dc47444
 Git date:   Tue, 4 May 2021 13:25:05 +0100
 Compiler:   GNU 9.1.0
 Build type: Release
 Version:    1.2.0

 Start time: Mon May 17 11:37:22 2021

 Data directory: /home/of15641/.local/src/Qcore/release/share/entos/1.2.0/data
 Number of threads: 1
 Number of threads was determined by: command line argument
  - More threads can be used by running 'qcore -n 24'

 --------------------------------------------------------------------------------
                                  command: bchla                                 
 --------------------------------------------------------------------------------
Mg s eff H
  -0.3103

 SCF converged in 1 iterations.

 Setting up Delta-SCF
 Ground-Excited state overlap:           0.000000000
 No correction applied to the TDM.
 Excitation energy:                      0.073596682
 Excitation energy (in eV):              2.002667748
 Transition dipole:                     -1.50214      -1.91589      -0.21432
Mg s
          146          153          177          179          180          181          391          393          395          400          402          403          404          405          406          408
Mg p
          222          223          239          243          247          267          313          326          333          335          338          343          346          347          349          351          352          356          360          363          365          366          367          368          369          370          371          372          386          395          399          402          403          404          406
Mg d
          202          204          222          223          236          239          241          243          247          343          346          351          355          360          363          364          365          369          370          371          372          395          399          402          404
 Saving results in set 'frame_1257'

 --------------------------------------------------------------------------------

 End time:                               Mon May 17 11:37:23 2021
 Total wall-clock time:                  0.547 seconds
==================================================================================
