
================================================================================
          _____________ ________ _______________ ________     _________         
         / ___________// ______ \\_____   _____// ______ \   / ________)        
        / /_________  / /      \ \     | |     / /      \ \ | (_______          
       |  __________|| |        | |    | |    | |        | | \________ \        
        \ \_________ | |        | |    | |     \ \______/ /___________) |       
         \__________||_|        |_|    |_|      \________//____________/        
                                                                                
====================================[ Qcore ]===================================

 Git hash:   7cd5c520b37f7ee862d844b1504bc4191dc47444
 Git date:   Tue, 4 May 2021 13:25:05 +0100
 Compiler:   GNU 9.1.0
 Build type: Release
 Version:    1.2.0

 Start time: Thu May 13 08:56:00 2021

 Data directory: /home/of15641/.local/src/Qcore/release/share/entos/1.2.0/data
 Number of threads: 1
 Number of threads was determined by: command line argument
  - More threads can be used by running 'qcore -n 24'

 --------------------------------------------------------------------------------
                                  command: bchla                                 
 --------------------------------------------------------------------------------
Mg s eff H
  -0.3104

 SCF converged in 1 iterations.

 Setting up Delta-SCF
 Ground-Excited state overlap:           0.000000000
 No correction applied to the TDM.
 Excitation energy:                      0.079410668
 Excitation energy (in eV):              2.160874347
 Transition dipole:                     -1.12399       0.47177       2.56191
Mg s
          151          178          179          376          388          400          403          404          405
Mg p
          209          210          218          220          223          225          226          227          235          237          238          242          244          245          311          325          331          338          342          344          346          355          358          360          361          363          365          366          367          369          371          373          374          388          390          405
Mg d
          158          209          220          237          244          266          333          342          346          347          351          354          355          358          361          363          365          366          367          369          382          399          400          402          403          405
 Saving results in set 'frame_380'

 --------------------------------------------------------------------------------

 End time:                               Thu May 13 08:56:01 2021
 Total wall-clock time:                  0.804 seconds
==================================================================================
