
================================================================================
          _____________ ________ _______________ ________     _________         
         / ___________// ______ \\_____   _____// ______ \   / ________)        
        / /_________  / /      \ \     | |     / /      \ \ | (_______          
       |  __________|| |        | |    | |    | |        | | \________ \        
        \ \_________ | |        | |    | |     \ \______/ /___________) |       
         \__________||_|        |_|    |_|      \________//____________/        
                                                                                
====================================[ Qcore ]===================================

 Git hash:   7cd5c520b37f7ee862d844b1504bc4191dc47444
 Git date:   Tue, 4 May 2021 13:25:05 +0100
 Compiler:   GNU 9.1.0
 Build type: Release
 Version:    1.2.0

 Start time: Mon May 17 11:36:22 2021

 Data directory: /home/of15641/.local/src/Qcore/release/share/entos/1.2.0/data
 Number of threads: 1
 Number of threads was determined by: command line argument
  - More threads can be used by running 'qcore -n 32'

 --------------------------------------------------------------------------------
                                  command: bchla                                 
 --------------------------------------------------------------------------------
Mg s eff H
  -0.3104

 SCF converged in 1 iterations.

 Setting up Delta-SCF
 Ground-Excited state overlap:           0.000000000
 No correction applied to the TDM.
 Excitation energy:                      0.077953654
 Excitation energy (in eV):              2.121226984
 Transition dipole:                     -2.81066       0.11947       2.23846
Mg s
          152          153          178          179          376          382          393          395          397          399          402          403          407
Mg p
          243          266          267          334          335          348          349          353          356          363          369          371          372          373          375          376          378          381          382          383
Mg d
          220          229          239          243          267          269          325          337          338          340          342          345          346          348          349          350          353          354          356          357          360          363          364          372          376          381          385          397          402          403
 Saving results in set 'frame_124'

 --------------------------------------------------------------------------------

 End time:                               Mon May 17 11:36:23 2021
 Total wall-clock time:                  0.556 seconds
==================================================================================
