
================================================================================
          _____________ ________ _______________ ________     _________         
         / ___________// ______ \\_____   _____// ______ \   / ________)        
        / /_________  / /      \ \     | |     / /      \ \ | (_______          
       |  __________|| |        | |    | |    | |        | | \________ \        
        \ \_________ | |        | |    | |     \ \______/ /___________) |       
         \__________||_|        |_|    |_|      \________//____________/        
                                                                                
====================================[ Qcore ]===================================

 Git hash:   7cd5c520b37f7ee862d844b1504bc4191dc47444
 Git date:   Tue, 4 May 2021 13:25:05 +0100
 Compiler:   GNU 9.1.0
 Build type: Release
 Version:    1.2.0

 Start time: Mon May 17 12:27:21 2021

 Data directory: /home/of15641/.local/src/Qcore/release/share/entos/1.2.0/data
 Number of threads: 1
 Number of threads was determined by: command line argument
  - More threads can be used by running 'qcore -n 24'

 --------------------------------------------------------------------------------
                                  command: bchla                                 
 --------------------------------------------------------------------------------
Mg s eff H
  -0.3103

 SCF converged in 1 iterations.

 Setting up Delta-SCF
 Ground-Excited state overlap:          -0.000000000
 No correction applied to the TDM.
 Excitation energy:                      0.074334581
 Excitation energy (in eV):              2.022747001
 Transition dipole:                      2.81268      -0.14278      -1.99441
Mg s
          149          153          178          360          389          399          404          406
Mg p
          158          270          303          332          342          343          345          347          348          349          354          360          361          362          364          366          367          369          370          373          376          379          383          391          394          399          404
Mg d
          244          267          269          300          314          322          336          337          342          343          347          349          351          354          355          360          362          364          365          366          367          379          380          383          385          387          389          395          404          408
 Saving results in set 'frame_447'

 --------------------------------------------------------------------------------

 End time:                               Mon May 17 12:27:22 2021
 Total wall-clock time:                  0.493 seconds
==================================================================================
