
================================================================================
          _____________ ________ _______________ ________     _________         
         / ___________// ______ \\_____   _____// ______ \   / ________)        
        / /_________  / /      \ \     | |     / /      \ \ | (_______          
       |  __________|| |        | |    | |    | |        | | \________ \        
        \ \_________ | |        | |    | |     \ \______/ /___________) |       
         \__________||_|        |_|    |_|      \________//____________/        
                                                                                
====================================[ Qcore ]===================================

 Git hash:   7cd5c520b37f7ee862d844b1504bc4191dc47444
 Git date:   Tue, 4 May 2021 13:25:05 +0100
 Compiler:   GNU 9.1.0
 Build type: Release
 Version:    1.2.0

 Start time: Mon May 17 11:44:26 2021

 Data directory: /home/of15641/.local/src/Qcore/release/share/entos/1.2.0/data
 Number of threads: 1
 Number of threads was determined by: command line argument
  - More threads can be used by running 'qcore -n 24'

 --------------------------------------------------------------------------------
                                  command: bchla                                 
 --------------------------------------------------------------------------------
Mg s eff H
  -0.3102

 SCF converged in 1 iterations.

 Setting up Delta-SCF
 Ground-Excited state overlap:           0.000000000
 No correction applied to the TDM.
 Excitation energy:                      0.074067085
 Excitation energy (in eV):              2.015468047
 Transition dipole:                      1.14021      -1.26522      -2.27230
Mg s
          143          151          178          379          397          398          399          400          401          405          406          408
Mg p
          219          243          307          318          321          328          339          345          348          352          353          359          360          361          362          365          368          370          376          380          384          385          398          405
Mg d
          206          215          219          225          243          306          319          328          330          332          337          339          343          345          346          356          358          359          360          361          362          365          368          381          382          397          405
 Saving results in set 'frame_133'

 --------------------------------------------------------------------------------

 End time:                               Mon May 17 11:44:27 2021
 Total wall-clock time:                  0.525 seconds
==================================================================================
