
================================================================================
          _____________ ________ _______________ ________     _________         
         / ___________// ______ \\_____   _____// ______ \   / ________)        
        / /_________  / /      \ \     | |     / /      \ \ | (_______          
       |  __________|| |        | |    | |    | |        | | \________ \        
        \ \_________ | |        | |    | |     \ \______/ /___________) |       
         \__________||_|        |_|    |_|      \________//____________/        
                                                                                
====================================[ Qcore ]===================================

 Git hash:   7cd5c520b37f7ee862d844b1504bc4191dc47444
 Git date:   Tue, 4 May 2021 13:25:05 +0100
 Compiler:   GNU 9.1.0
 Build type: Release
 Version:    1.2.0

 Start time: Thu May 13 08:56:00 2021

 Data directory: /home/of15641/.local/src/Qcore/release/share/entos/1.2.0/data
 Number of threads: 1
 Number of threads was determined by: command line argument
  - More threads can be used by running 'qcore -n 32'

 --------------------------------------------------------------------------------
                                  command: bchla                                 
 --------------------------------------------------------------------------------
Mg s eff H
  -0.3103

 SCF converged in 1 iterations.

 Setting up Delta-SCF
 Ground-Excited state overlap:           0.000000000
 No correction applied to the TDM.
 Excitation energy:                      0.079344525
 Excitation energy (in eV):              2.159074512
 Transition dipole:                     -1.56514      -0.96395      -2.61198
Mg s
          150          178          179          181          391          394          397          399          402          403          404          406          408
Mg p
          270          332          336          347          350          351          359          361          362          363          364          365          366          367          368          371          372          373          376          379          381          382          384          385          387          389          390          391          406
Mg d
          207          226          233          242          245          248          266          325          327          332          340          350          351          352          356          359          360          361          362          363          364          365          368          371          372          373          376          378          379          391          394          396          398          406
 Saving results in set 'frame_440'

 --------------------------------------------------------------------------------

 End time:                               Thu May 13 08:56:00 2021
 Total wall-clock time:                  0.674 seconds
==================================================================================
