
================================================================================
          _____________ ________ _______________ ________     _________         
         / ___________// ______ \\_____   _____// ______ \   / ________)        
        / /_________  / /      \ \     | |     / /      \ \ | (_______          
       |  __________|| |        | |    | |    | |        | | \________ \        
        \ \_________ | |        | |    | |     \ \______/ /___________) |       
         \__________||_|        |_|    |_|      \________//____________/        
                                                                                
====================================[ Qcore ]===================================

 Git hash:   7cd5c520b37f7ee862d844b1504bc4191dc47444
 Git date:   Tue, 4 May 2021 13:25:05 +0100
 Compiler:   GNU 9.1.0
 Build type: Release
 Version:    1.2.0

 Start time: Mon May 17 12:01:40 2021

 Data directory: /home/of15641/.local/src/Qcore/release/share/entos/1.2.0/data
 Number of threads: 1
 Number of threads was determined by: command line argument
  - More threads can be used by running 'qcore -n 24'

 --------------------------------------------------------------------------------
                                  command: bchla                                 
 --------------------------------------------------------------------------------
Mg s eff H
  -0.3102

 SCF converged in 1 iterations.

 Setting up Delta-SCF
 Ground-Excited state overlap:           0.000000000
 No correction applied to the TDM.
 Excitation energy:                      0.084032685
 Excitation energy (in eV):              2.286645847
 Transition dipole:                     -1.49245      -2.05242      -1.10651
Mg s
          149          151          179          180          181          388          391          402          405          406          408
Mg p
          158          302          310          312          324          327          329          336          337          340          341          343          346          347          348          351          353          357          359          360          361          363          367          377          383          386          395          396          405          408
Mg d
          207          208          209          211          216          219          221          223          225          231          234          238          240          241          243          244          246          247          347          360          370          375          377          382          386          389          405
 Saving results in set 'frame_1681'

 --------------------------------------------------------------------------------

 End time:                               Mon May 17 12:01:40 2021
 Total wall-clock time:                  0.515 seconds
==================================================================================
