
================================================================================
          _____________ ________ _______________ ________     _________         
         / ___________// ______ \\_____   _____// ______ \   / ________)        
        / /_________  / /      \ \     | |     / /      \ \ | (_______          
       |  __________|| |        | |    | |    | |        | | \________ \        
        \ \_________ | |        | |    | |     \ \______/ /___________) |       
         \__________||_|        |_|    |_|      \________//____________/        
                                                                                
====================================[ Qcore ]===================================

 Git hash:   7cd5c520b37f7ee862d844b1504bc4191dc47444
 Git date:   Tue, 4 May 2021 13:25:05 +0100
 Compiler:   GNU 9.1.0
 Build type: Release
 Version:    1.2.0

 Start time: Mon May 17 12:14:42 2021

 Data directory: /home/of15641/.local/src/Qcore/release/share/entos/1.2.0/data
 Number of threads: 1
 Number of threads was determined by: command line argument
  - More threads can be used by running 'qcore -n 24'

 --------------------------------------------------------------------------------
                                  command: bchla                                 
 --------------------------------------------------------------------------------
Mg s eff H
  -0.3103

 SCF converged in 1 iterations.

 Setting up Delta-SCF
 Ground-Excited state overlap:          -0.000000000
 No correction applied to the TDM.
 Excitation energy:                      0.078010467
 Excitation energy (in eV):              2.122772959
 Transition dipole:                     -3.13807       1.25984       0.93257
Mg s
          152          177          179          180          181          375          378          380          392          399          402          403          404          405          406          408
Mg p
          266          268          271          305          327          334          342          349          352          356          358          359          363          365          366          368          369          370          372          377          378          382          387          396          397          400          403          404          405
Mg d
          211          213          215          219          220          224          226          234          239          241          245          247          250          266          342          344          348          352          358          362          363          370          372
 Saving results in set 'frame_207'

 --------------------------------------------------------------------------------

 End time:                               Mon May 17 12:14:42 2021
 Total wall-clock time:                  0.708 seconds
==================================================================================
