
================================================================================
          _____________ ________ _______________ ________     _________         
         / ___________// ______ \\_____   _____// ______ \   / ________)        
        / /_________  / /      \ \     | |     / /      \ \ | (_______          
       |  __________|| |        | |    | |    | |        | | \________ \        
        \ \_________ | |        | |    | |     \ \______/ /___________) |       
         \__________||_|        |_|    |_|      \________//____________/        
                                                                                
====================================[ Qcore ]===================================

 Git hash:   7cd5c520b37f7ee862d844b1504bc4191dc47444
 Git date:   Tue, 4 May 2021 13:25:05 +0100
 Compiler:   GNU 9.1.0
 Build type: Release
 Version:    1.2.0

 Start time: Mon May 17 12:39:45 2021

 Data directory: /home/of15641/.local/src/Qcore/release/share/entos/1.2.0/data
 Number of threads: 1
 Number of threads was determined by: command line argument
  - More threads can be used by running 'qcore -n 24'

 --------------------------------------------------------------------------------
                                  command: bchla                                 
 --------------------------------------------------------------------------------
Mg s eff H
  -0.3102

 SCF converged in 1 iterations.

 Setting up Delta-SCF
 Ground-Excited state overlap:          -0.000000000
 No correction applied to the TDM.
 Excitation energy:                      0.080197522
 Excitation energy (in eV):              2.182285742
 Transition dipole:                      2.50149       2.43168      -1.19123
Mg s
          145          151          177          178          404          406          408
Mg p
          206          212          215          223          226          230          233          234          241          244          246          248          309          326          349          351          356          358          361          362          364          368          373          377          378          379          383          387          392
Mg d
          206          212          215          223          244          246          248          300          308          311          313          326          330          335          340          341          342          347          354          356          362          368          371          373          377          379          381          387          392          406
 Saving results in set 'frame_706'

 --------------------------------------------------------------------------------

 End time:                               Mon May 17 12:39:46 2021
 Total wall-clock time:                  0.505 seconds
==================================================================================
