
================================================================================
          _____________ ________ _______________ ________     _________         
         / ___________// ______ \\_____   _____// ______ \   / ________)        
        / /_________  / /      \ \     | |     / /      \ \ | (_______          
       |  __________|| |        | |    | |    | |        | | \________ \        
        \ \_________ | |        | |    | |     \ \______/ /___________) |       
         \__________||_|        |_|    |_|      \________//____________/        
                                                                                
====================================[ Qcore ]===================================

 Git hash:   7cd5c520b37f7ee862d844b1504bc4191dc47444
 Git date:   Tue, 4 May 2021 13:25:05 +0100
 Compiler:   GNU 9.1.0
 Build type: Release
 Version:    1.2.0

 Start time: Mon May 17 12:04:55 2021

 Data directory: /home/of15641/.local/src/Qcore/release/share/entos/1.2.0/data
 Number of threads: 1
 Number of threads was determined by: command line argument
  - More threads can be used by running 'qcore -n 24'

 --------------------------------------------------------------------------------
                                  command: bchla                                 
 --------------------------------------------------------------------------------
Mg s eff H
  -0.3102

 SCF converged in 1 iterations.

 Setting up Delta-SCF
 Ground-Excited state overlap:           0.000000000
 No correction applied to the TDM.
 Excitation energy:                      0.081786243
 Excitation energy (in eV):              2.225517053
 Transition dipole:                     -0.31642       3.26247      -0.08400
Mg s
          147          149          152          176          178          179          378          383          391          392          402          403          405          408
Mg p
          159          243          264          266          306          324          334          335          345          347          351          352          356          359          362          365          367          369          372          374          377          378          379          380          383          384          392          394          396          405
Mg d
          178          211          212          216          217          218          221          222          223          232          240          241          243          246          362
 Saving results in set 'frame_1749'

 --------------------------------------------------------------------------------

 End time:                               Mon May 17 12:04:55 2021
 Total wall-clock time:                  0.494 seconds
==================================================================================
