
================================================================================
          _____________ ________ _______________ ________     _________         
         / ___________// ______ \\_____   _____// ______ \   / ________)        
        / /_________  / /      \ \     | |     / /      \ \ | (_______          
       |  __________|| |        | |    | |    | |        | | \________ \        
        \ \_________ | |        | |    | |     \ \______/ /___________) |       
         \__________||_|        |_|    |_|      \________//____________/        
                                                                                
====================================[ Qcore ]===================================

 Git hash:   7cd5c520b37f7ee862d844b1504bc4191dc47444
 Git date:   Tue, 4 May 2021 13:25:05 +0100
 Compiler:   GNU 9.1.0
 Build type: Release
 Version:    1.2.0

 Start time: Mon May 17 12:11:27 2021

 Data directory: /home/of15641/.local/src/Qcore/release/share/entos/1.2.0/data
 Number of threads: 1
 Number of threads was determined by: command line argument
  - More threads can be used by running 'qcore -n 24'

 --------------------------------------------------------------------------------
                                  command: bchla                                 
 --------------------------------------------------------------------------------
Mg s eff H
  -0.3104

 SCF converged in 1 iterations.

 Setting up Delta-SCF
 Ground-Excited state overlap:          -0.000000000
 No correction applied to the TDM.
 Excitation energy:                      0.076306234
 Excitation energy (in eV):              2.076398401
 Transition dipole:                      1.94328       0.98594      -1.75464
Mg s
          147          153          179          394          397          403          404          405          406          408
Mg p
          206          207          209          219          220          223          224          230          239          244          246          248          314          319          326          331          333          334          336          340          349          350          352          355          356          357          364          365          368          369          370          376          382          389          391
Mg d
          159          220          244          246          265          268          318          319          331          340          348          355          356          357          358          360          361          368          369          372          375          378          382          385          391          395
 Saving results in set 'frame_1925'

 --------------------------------------------------------------------------------

 End time:                               Mon May 17 12:11:27 2021
 Total wall-clock time:                  0.558 seconds
==================================================================================
