
================================================================================
          _____________ ________ _______________ ________     _________         
         / ___________// ______ \\_____   _____// ______ \   / ________)        
        / /_________  / /      \ \     | |     / /      \ \ | (_______          
       |  __________|| |        | |    | |    | |        | | \________ \        
        \ \_________ | |        | |    | |     \ \______/ /___________) |       
         \__________||_|        |_|    |_|      \________//____________/        
                                                                                
====================================[ Qcore ]===================================

 Git hash:   7cd5c520b37f7ee862d844b1504bc4191dc47444
 Git date:   Tue, 4 May 2021 13:25:05 +0100
 Compiler:   GNU 9.1.0
 Build type: Release
 Version:    1.2.0

 Start time: Mon May 17 12:39:48 2021

 Data directory: /home/of15641/.local/src/Qcore/release/share/entos/1.2.0/data
 Number of threads: 1
 Number of threads was determined by: command line argument
  - More threads can be used by running 'qcore -n 24'

 --------------------------------------------------------------------------------
                                  command: bchla                                 
 --------------------------------------------------------------------------------
Mg s eff H
  -0.3102

 SCF converged in 1 iterations.

 Setting up Delta-SCF
 Ground-Excited state overlap:          -0.000000000
 No correction applied to the TDM.
 Excitation energy:                      0.079820862
 Excitation energy (in eV):              2.172036300
 Transition dipole:                     -1.36839      -0.70503       3.20664
Mg s
          150          153          178          179          180          400          402          404          405
Mg p
          207          209          211          215          220          223          227          228          236          240          243          244          245          247          249          345          347          356          361          362          367          368          370          372
Mg d
          220          227          240          244          245          306          321          332          336          344          347          352          354          356          361          362          363          367          368          369          370          372          374          376          377          378          381          389          390          393
 Saving results in set 'frame_730'

 --------------------------------------------------------------------------------

 End time:                               Mon May 17 12:39:48 2021
 Total wall-clock time:                  0.555 seconds
==================================================================================
