
================================================================================
          _____________ ________ _______________ ________     _________         
         / ___________// ______ \\_____   _____// ______ \   / ________)        
        / /_________  / /      \ \     | |     / /      \ \ | (_______          
       |  __________|| |        | |    | |    | |        | | \________ \        
        \ \_________ | |        | |    | |     \ \______/ /___________) |       
         \__________||_|        |_|    |_|      \________//____________/        
                                                                                
====================================[ Qcore ]===================================

 Git hash:   7cd5c520b37f7ee862d844b1504bc4191dc47444
 Git date:   Tue, 4 May 2021 13:25:05 +0100
 Compiler:   GNU 9.1.0
 Build type: Release
 Version:    1.2.0

 Start time: Thu May 13 08:56:01 2021

 Data directory: /home/of15641/.local/src/Qcore/release/share/entos/1.2.0/data
 Number of threads: 1
 Number of threads was determined by: command line argument
  - More threads can be used by running 'qcore -n 24'

 --------------------------------------------------------------------------------
                                  command: bchla                                 
 --------------------------------------------------------------------------------
Mg s eff H
  -0.3103

 SCF converged in 1 iterations.

 Setting up Delta-SCF
 Ground-Excited state overlap:          -0.000000000
 No correction applied to the TDM.
 Excitation energy:                      0.080546902
 Excitation energy (in eV):              2.191792860
 Transition dipole:                     -2.71867      -0.80517       0.93700
Mg s
          152          176          178          334          361          379          390          391          393          401          402          403          404          405          407          408
Mg p
          159          223          225          242          244          265          306          333          334          336          341          343          352          356          361          367          369          370          375          377          382          386          401          403          404          405          408
Mg d
          265          268          325          328          333          334          343          350          352          358          361          364          367          369          370          371          375          377          379          382          386          396          401          402          403          404          405          407
 Saving results in set 'frame_900'

 --------------------------------------------------------------------------------

 End time:                               Thu May 13 08:56:02 2021
 Total wall-clock time:                  0.525 seconds
==================================================================================
