
================================================================================
          _____________ ________ _______________ ________     _________         
         / ___________// ______ \\_____   _____// ______ \   / ________)        
        / /_________  / /      \ \     | |     / /      \ \ | (_______          
       |  __________|| |        | |    | |    | |        | | \________ \        
        \ \_________ | |        | |    | |     \ \______/ /___________) |       
         \__________||_|        |_|    |_|      \________//____________/        
                                                                                
====================================[ Qcore ]===================================

 Git hash:   7cd5c520b37f7ee862d844b1504bc4191dc47444
 Git date:   Tue, 4 May 2021 13:25:05 +0100
 Compiler:   GNU 9.1.0
 Build type: Release
 Version:    1.2.0

 Start time: Mon May 17 12:42:57 2021

 Data directory: /home/of15641/.local/src/Qcore/release/share/entos/1.2.0/data
 Number of threads: 1
 Number of threads was determined by: command line argument
  - More threads can be used by running 'qcore -n 24'

 --------------------------------------------------------------------------------
                                  command: bchla                                 
 --------------------------------------------------------------------------------
Mg s eff H
  -0.3102

 SCF converged in 1 iterations.

 Setting up Delta-SCF
 Ground-Excited state overlap:          -0.000000000
 No correction applied to the TDM.
 Excitation energy:                      0.081480916
 Excitation energy (in eV):              2.217208677
 Transition dipole:                     -1.90724      -0.02458       2.29452
Mg s
          148          153          178          179          369          390          396          399          400          401          403          404          405          406          407          408
Mg p
          205          208          216          217          232          233          237          242          274          314          323          348          352          356          366          369          370          371          372          374          375          378          384          389          399
Mg d
          205          216          242          268          304          325          326          329          333          338          339          342          346          348          352          354          356          357          358          360          362          366          369          370          371          375          378          381          384          393
 Saving results in set 'frame_772'

 --------------------------------------------------------------------------------

 End time:                               Mon May 17 12:42:58 2021
 Total wall-clock time:                  0.508 seconds
==================================================================================
