
================================================================================
          _____________ ________ _______________ ________     _________         
         / ___________// ______ \\_____   _____// ______ \   / ________)        
        / /_________  / /      \ \     | |     / /      \ \ | (_______          
       |  __________|| |        | |    | |    | |        | | \________ \        
        \ \_________ | |        | |    | |     \ \______/ /___________) |       
         \__________||_|        |_|    |_|      \________//____________/        
                                                                                
====================================[ Qcore ]===================================

 Git hash:   7cd5c520b37f7ee862d844b1504bc4191dc47444
 Git date:   Tue, 4 May 2021 13:25:05 +0100
 Compiler:   GNU 9.1.0
 Build type: Release
 Version:    1.2.0

 Start time: Mon May 17 11:26:34 2021

 Data directory: /home/of15641/.local/src/Qcore/release/share/entos/1.2.0/data
 Number of threads: 1
 Number of threads was determined by: command line argument
  - More threads can be used by running 'qcore -n 28'

 --------------------------------------------------------------------------------
                                  command: bchla                                 
 --------------------------------------------------------------------------------
Mg s eff H
  -0.3102

 SCF converged in 1 iterations.

 Setting up Delta-SCF
 Ground-Excited state overlap:          -0.000000000
 No correction applied to the TDM.
 Excitation energy:                      0.073220745
 Excitation energy (in eV):              1.992437982
 Transition dipole:                     -1.03766       0.03127       3.11044
Mg s
          152          178          179          388          395          400          402          405          406          408
Mg p
          158          311          326          329          331          340          342          343          344          345          347          350          351          353          355          358          359          364          366          369          370          371          376          384          391          398          401          405          406
Mg d
          324          328          341          344          345          347          351          355          359          360          361          364          366          370          371          375          376          377          381          393          395
 Saving results in set 'frame_1050'

 --------------------------------------------------------------------------------

 End time:                               Mon May 17 11:26:35 2021
 Total wall-clock time:                  0.941 seconds
==================================================================================
