
================================================================================
          _____________ ________ _______________ ________     _________         
         / ___________// ______ \\_____   _____// ______ \   / ________)        
        / /_________  / /      \ \     | |     / /      \ \ | (_______          
       |  __________|| |        | |    | |    | |        | | \________ \        
        \ \_________ | |        | |    | |     \ \______/ /___________) |       
         \__________||_|        |_|    |_|      \________//____________/        
                                                                                
====================================[ Qcore ]===================================

 Git hash:   7cd5c520b37f7ee862d844b1504bc4191dc47444
 Git date:   Tue, 4 May 2021 13:25:05 +0100
 Compiler:   GNU 9.1.0
 Build type: Release
 Version:    1.2.0

 Start time: Mon May 17 12:33:28 2021

 Data directory: /home/of15641/.local/src/Qcore/release/share/entos/1.2.0/data
 Number of threads: 1
 Number of threads was determined by: command line argument
  - More threads can be used by running 'qcore -n 24'

 --------------------------------------------------------------------------------
                                  command: bchla                                 
 --------------------------------------------------------------------------------
Mg s eff H
  -0.3102

 SCF converged in 1 iterations.

 Setting up Delta-SCF
 Ground-Excited state overlap:           0.000000000
 No correction applied to the TDM.
 Excitation energy:                      0.079908485
 Excitation energy (in eV):              2.174420653
 Transition dipole:                     -1.18909      -1.90882      -1.69656
Mg s
          148          150          178          382          391          400          401          405          408
Mg p
          212          217          223          226          234          238          241          242          332          334          342          347          357          359          361          362          363          366          375          376          386          387          389
Mg d
          212          217          223          226          234          238          242          311          332          334          342          352          353          356          357          359          361          362          363          366          387          405
 Saving results in set 'frame_554'

 --------------------------------------------------------------------------------

 End time:                               Mon May 17 12:33:28 2021
 Total wall-clock time:                  0.532 seconds
==================================================================================
