
================================================================================
          _____________ ________ _______________ ________     _________         
         / ___________// ______ \\_____   _____// ______ \   / ________)        
        / /_________  / /      \ \     | |     / /      \ \ | (_______          
       |  __________|| |        | |    | |    | |        | | \________ \        
        \ \_________ | |        | |    | |     \ \______/ /___________) |       
         \__________||_|        |_|    |_|      \________//____________/        
                                                                                
====================================[ Qcore ]===================================

 Git hash:   7cd5c520b37f7ee862d844b1504bc4191dc47444
 Git date:   Tue, 4 May 2021 13:25:05 +0100
 Compiler:   GNU 9.1.0
 Build type: Release
 Version:    1.2.0

 Start time: Mon May 17 12:24:16 2021

 Data directory: /home/of15641/.local/src/Qcore/release/share/entos/1.2.0/data
 Number of threads: 1
 Number of threads was determined by: command line argument
  - More threads can be used by running 'qcore -n 24'

 --------------------------------------------------------------------------------
                                  command: bchla                                 
 --------------------------------------------------------------------------------
Mg s eff H
  -0.3103

 SCF converged in 1 iterations.

 Setting up Delta-SCF
 Ground-Excited state overlap:           0.000000000
 No correction applied to the TDM.
 Excitation energy:                      0.080591197
 Excitation energy (in eV):              2.192998198
 Transition dipole:                     -2.66805      -0.32155       1.79816
Mg s
          142          150          177          178          179          180          384          392          406
Mg p
          208          218          226          233          235          239          241          245          304          317          321          323          325          328          340          341          345          348          351          353          354          358          362          363          364          368          369          379          381          383          384          386          388          398
Mg d
          208          218          226          233          235          239          241          242          245          268          328          339          341          342          345          351          353          354          357          358          362          366          373          381          384          389          391          392          408
 Saving results in set 'frame_387'

 --------------------------------------------------------------------------------

 End time:                               Mon May 17 12:24:17 2021
 Total wall-clock time:                  0.488 seconds
==================================================================================
