
================================================================================
          _____________ ________ _______________ ________     _________         
         / ___________// ______ \\_____   _____// ______ \   / ________)        
        / /_________  / /      \ \     | |     / /      \ \ | (_______          
       |  __________|| |        | |    | |    | |        | | \________ \        
        \ \_________ | |        | |    | |     \ \______/ /___________) |       
         \__________||_|        |_|    |_|      \________//____________/        
                                                                                
====================================[ Qcore ]===================================

 Git hash:   7cd5c520b37f7ee862d844b1504bc4191dc47444
 Git date:   Tue, 4 May 2021 13:25:05 +0100
 Compiler:   GNU 9.1.0
 Build type: Release
 Version:    1.2.0

 Start time: Mon May 17 11:40:13 2021

 Data directory: /home/of15641/.local/src/Qcore/release/share/entos/1.2.0/data
 Number of threads: 1
 Number of threads was determined by: command line argument
  - More threads can be used by running 'qcore -n 24'

 --------------------------------------------------------------------------------
                                  command: bchla                                 
 --------------------------------------------------------------------------------
Mg s eff H
  -0.3103

 SCF converged in 1 iterations.

 Setting up Delta-SCF
 Ground-Excited state overlap:          -0.000000000
 No correction applied to the TDM.
 Excitation energy:                      0.080342168
 Excitation energy (in eV):              2.186221777
 Transition dipole:                      3.04769       0.13098       0.68566
Mg s
          148          152          178          179          180          181          371          403          404          405          407
Mg p
          159          272          310          316          318          336          339          340          341          346          347          357          361          364          366          367          368          369          371          372          377          378          379          381          382          383          387          390          393          396          404          407
Mg d
          219          226          240          241          244          248          313          323          329          346          347          350          352          353          354          355          356          357          366          367          368          369          370          374          375          378          379          381          382          383          407
 Saving results in set 'frame_1333'

 --------------------------------------------------------------------------------

 End time:                               Mon May 17 11:40:13 2021
 Total wall-clock time:                  0.541 seconds
==================================================================================
