
================================================================================
          _____________ ________ _______________ ________     _________         
         / ___________// ______ \\_____   _____// ______ \   / ________)        
        / /_________  / /      \ \     | |     / /      \ \ | (_______          
       |  __________|| |        | |    | |    | |        | | \________ \        
        \ \_________ | |        | |    | |     \ \______/ /___________) |       
         \__________||_|        |_|    |_|      \________//____________/        
                                                                                
====================================[ Qcore ]===================================

 Git hash:   7cd5c520b37f7ee862d844b1504bc4191dc47444
 Git date:   Tue, 4 May 2021 13:25:05 +0100
 Compiler:   GNU 9.1.0
 Build type: Release
 Version:    1.2.0

 Start time: Mon May 17 12:04:55 2021

 Data directory: /home/of15641/.local/src/Qcore/release/share/entos/1.2.0/data
 Number of threads: 1
 Number of threads was determined by: command line argument
  - More threads can be used by running 'qcore -n 24'

 --------------------------------------------------------------------------------
                                  command: bchla                                 
 --------------------------------------------------------------------------------
Mg s eff H
  -0.3103

 SCF converged in 1 iterations.

 Setting up Delta-SCF
 Ground-Excited state overlap:          -0.000000000
 No correction applied to the TDM.
 Excitation energy:                      0.078131433
 Excitation energy (in eV):              2.126064614
 Transition dipole:                      2.18978       1.26978      -0.74260
Mg s
          151          152          177          179          180          379          386          403          405          407
Mg p
          158          221          239          267          316          320          324          350          351          354          355          357          358          362          364          365          370          371          375          377          379          385          387          405          408
Mg d
          204          212          213          217          218          220          221          223          226          231          237          239          243          244          245          249          267          350          351          357          362          365
 Saving results in set 'frame_1751'

 --------------------------------------------------------------------------------

 End time:                               Mon May 17 12:04:56 2021
 Total wall-clock time:                  0.515 seconds
==================================================================================
