
================================================================================
          _____________ ________ _______________ ________     _________         
         / ___________// ______ \\_____   _____// ______ \   / ________)        
        / /_________  / /      \ \     | |     / /      \ \ | (_______          
       |  __________|| |        | |    | |    | |        | | \________ \        
        \ \_________ | |        | |    | |     \ \______/ /___________) |       
         \__________||_|        |_|    |_|      \________//____________/        
                                                                                
====================================[ Qcore ]===================================

 Git hash:   7cd5c520b37f7ee862d844b1504bc4191dc47444
 Git date:   Tue, 4 May 2021 13:25:05 +0100
 Compiler:   GNU 9.1.0
 Build type: Release
 Version:    1.2.0

 Start time: Mon May 17 12:14:38 2021

 Data directory: /home/of15641/.local/src/Qcore/release/share/entos/1.2.0/data
 Number of threads: 1
 Number of threads was determined by: command line argument
  - More threads can be used by running 'qcore -n 24'

 --------------------------------------------------------------------------------
                                  command: bchla                                 
 --------------------------------------------------------------------------------
Mg s eff H
  -0.3103

 SCF converged in 1 iterations.

 Setting up Delta-SCF
 Ground-Excited state overlap:           0.000000000
 No correction applied to the TDM.
 Excitation energy:                      0.076474276
 Excitation energy (in eV):              2.080971069
 Transition dipole:                     -0.55819       1.73739       2.78241
Mg s
          148          151          177          178          179          180          375          396          397          403          404          406          408
Mg p
          210          218          225          241          243          266          267          312          326          329          338          340          341          346          347          354          355          356          357          358          362          363          367          369          375          379          380          385
Mg d
          209          210          218          225          241          243          313          316          333          335          339          341          346          348          350          354          357          358          361          362          363          371          373          388          389          390          404          406
 Saving results in set 'frame_1976'

 --------------------------------------------------------------------------------

 End time:                               Mon May 17 12:14:39 2021
 Total wall-clock time:                  0.491 seconds
==================================================================================
