
================================================================================
          _____________ ________ _______________ ________     _________         
         / ___________// ______ \\_____   _____// ______ \   / ________)        
        / /_________  / /      \ \     | |     / /      \ \ | (_______          
       |  __________|| |        | |    | |    | |        | | \________ \        
        \ \_________ | |        | |    | |     \ \______/ /___________) |       
         \__________||_|        |_|    |_|      \________//____________/        
                                                                                
====================================[ Qcore ]===================================

 Git hash:   7cd5c520b37f7ee862d844b1504bc4191dc47444
 Git date:   Tue, 4 May 2021 13:25:05 +0100
 Compiler:   GNU 9.1.0
 Build type: Release
 Version:    1.2.0

 Start time: Mon May 17 12:36:46 2021

 Data directory: /home/of15641/.local/src/Qcore/release/share/entos/1.2.0/data
 Number of threads: 1
 Number of threads was determined by: command line argument
  - More threads can be used by running 'qcore -n 24'

 --------------------------------------------------------------------------------
                                  command: bchla                                 
 --------------------------------------------------------------------------------
Mg s eff H
  -0.3100

 SCF converged in 1 iterations.

 Setting up Delta-SCF
 Ground-Excited state overlap:          -0.000000000
 No correction applied to the TDM.
 Excitation energy:                      0.076684721
 Excitation energy (in eV):              2.086697553
 Transition dipole:                     -1.16417      -1.53508       2.44887
Mg s
          142          150          178          179          180          181          383          406          407          408
Mg p
          205          207          212          214          216          228          229          231          233          234          242          243          244          248          331          343          347          348          357          359          363          365          368          377          383          407
Mg d
          156          243          273          306          316          328          347          357          359          364          365          366          368          370          371          377          378          380          382          383          389          390          392          394          396          407
 Saving results in set 'frame_633'

 --------------------------------------------------------------------------------

 End time:                               Mon May 17 12:36:47 2021
 Total wall-clock time:                  0.510 seconds
==================================================================================
