
================================================================================
          _____________ ________ _______________ ________     _________         
         / ___________// ______ \\_____   _____// ______ \   / ________)        
        / /_________  / /      \ \     | |     / /      \ \ | (_______          
       |  __________|| |        | |    | |    | |        | | \________ \        
        \ \_________ | |        | |    | |     \ \______/ /___________) |       
         \__________||_|        |_|    |_|      \________//____________/        
                                                                                
====================================[ Qcore ]===================================

 Git hash:   7cd5c520b37f7ee862d844b1504bc4191dc47444
 Git date:   Tue, 4 May 2021 13:25:05 +0100
 Compiler:   GNU 9.1.0
 Build type: Release
 Version:    1.2.0

 Start time: Mon May 17 11:37:23 2021

 Data directory: /home/of15641/.local/src/Qcore/release/share/entos/1.2.0/data
 Number of threads: 1
 Number of threads was determined by: command line argument
  - More threads can be used by running 'qcore -n 24'

 --------------------------------------------------------------------------------
                                  command: bchla                                 
 --------------------------------------------------------------------------------
Mg s eff H
  -0.3102

 SCF converged in 1 iterations.

 Setting up Delta-SCF
 Ground-Excited state overlap:           0.000000000
 No correction applied to the TDM.
 Excitation energy:                      0.078925090
 Excitation energy (in eV):              2.147661112
 Transition dipole:                     -2.04403      -1.97013       0.05686
Mg s
          152          177          178          179          180          361          379          398          399          404          406          408
Mg p
          159          216          217          223          233          240          242          243          265          266          314          329          334          335          337          338          342          345          350          356          357          358          359          360          361          363          364          365          366          377          380          385          386          393          404          406
Mg d
          203          205          211          216          217          223          229          233          240          242          243          269          314          329          337          345          350          351          356          357          358          360          361          363          364          365          366          371          373          379          380          382          393          406
 Saving results in set 'frame_1265'

 --------------------------------------------------------------------------------

 End time:                               Mon May 17 11:37:24 2021
 Total wall-clock time:                  0.647 seconds
==================================================================================
