
================================================================================
          _____________ ________ _______________ ________     _________         
         / ___________// ______ \\_____   _____// ______ \   / ________)        
        / /_________  / /      \ \     | |     / /      \ \ | (_______          
       |  __________|| |        | |    | |    | |        | | \________ \        
        \ \_________ | |        | |    | |     \ \______/ /___________) |       
         \__________||_|        |_|    |_|      \________//____________/        
                                                                                
====================================[ Qcore ]===================================

 Git hash:   7cd5c520b37f7ee862d844b1504bc4191dc47444
 Git date:   Tue, 4 May 2021 13:25:05 +0100
 Compiler:   GNU 9.1.0
 Build type: Release
 Version:    1.2.0

 Start time: Mon May 17 12:42:59 2021

 Data directory: /home/of15641/.local/src/Qcore/release/share/entos/1.2.0/data
 Number of threads: 1
 Number of threads was determined by: command line argument
  - More threads can be used by running 'qcore -n 24'

 --------------------------------------------------------------------------------
                                  command: bchla                                 
 --------------------------------------------------------------------------------
Mg s eff H
  -0.3102

 SCF converged in 1 iterations.

 Setting up Delta-SCF
 Ground-Excited state overlap:          -0.000000000
 No correction applied to the TDM.
 Excitation energy:                      0.078214174
 Excitation energy (in eV):              2.128316103
 Transition dipole:                      0.63201      -0.51909      -2.38326
Mg s
          146          151          178          179          400          401          402          403          404          405          407
Mg p
          208          217          226          229          230          231          240          241          242          244          246          247          308          337          339          347          354          355          358          360          361          362          367          372          379          380          404          405
Mg d
          217          240          242          246          247          266          267          269          321          329          337          343          347          351          354          358          360          361          362          366          367          370          372          374          376          378          380          383          384          386          393          402          408
 Saving results in set 'frame_793'

 --------------------------------------------------------------------------------

 End time:                               Mon May 17 12:43:00 2021
 Total wall-clock time:                  0.510 seconds
==================================================================================
