
================================================================================
          _____________ ________ _______________ ________     _________         
         / ___________// ______ \\_____   _____// ______ \   / ________)        
        / /_________  / /      \ \     | |     / /      \ \ | (_______          
       |  __________|| |        | |    | |    | |        | | \________ \        
        \ \_________ | |        | |    | |     \ \______/ /___________) |       
         \__________||_|        |_|    |_|      \________//____________/        
                                                                                
====================================[ Qcore ]===================================

 Git hash:   7cd5c520b37f7ee862d844b1504bc4191dc47444
 Git date:   Tue, 4 May 2021 13:25:05 +0100
 Compiler:   GNU 9.1.0
 Build type: Release
 Version:    1.2.0

 Start time: Mon May 17 11:54:56 2021

 Data directory: /home/of15641/.local/src/Qcore/release/share/entos/1.2.0/data
 Number of threads: 1
 Number of threads was determined by: command line argument
  - More threads can be used by running 'qcore -n 24'

 --------------------------------------------------------------------------------
                                  command: bchla                                 
 --------------------------------------------------------------------------------
Mg s eff H
  -0.3103

 SCF converged in 1 iterations.

 Setting up Delta-SCF
 Ground-Excited state overlap:           0.000000000
 No correction applied to the TDM.
 Excitation energy:                      0.076392625
 Excitation energy (in eV):              2.078749220
 Transition dipole:                     -1.43637       2.47284       1.06362
Mg s
          149          153          177          179          180          395          396          398          399          401          403          404          405          406          407          408
Mg p
          159          265          269          318          343          344          348          349          351          354          355          360          363          364          365          367          369          371          374          375          379          384          396
Mg d
          180          207          212          216          217          219          224          227          228          230          239          240          241          244          245          247          265          341          343          349          355          358          360          363          365          376          403
 Saving results in set 'frame_1553'

 --------------------------------------------------------------------------------

 End time:                               Mon May 17 11:54:57 2021
 Total wall-clock time:                  0.518 seconds
==================================================================================
