
================================================================================
          _____________ ________ _______________ ________     _________         
         / ___________// ______ \\_____   _____// ______ \   / ________)        
        / /_________  / /      \ \     | |     / /      \ \ | (_______          
       |  __________|| |        | |    | |    | |        | | \________ \        
        \ \_________ | |        | |    | |     \ \______/ /___________) |       
         \__________||_|        |_|    |_|      \________//____________/        
                                                                                
====================================[ Qcore ]===================================

 Git hash:   7cd5c520b37f7ee862d844b1504bc4191dc47444
 Git date:   Tue, 4 May 2021 13:25:05 +0100
 Compiler:   GNU 9.1.0
 Build type: Release
 Version:    1.2.0

 Start time: Mon May 17 12:14:38 2021

 Data directory: /home/of15641/.local/src/Qcore/release/share/entos/1.2.0/data
 Number of threads: 1
 Number of threads was determined by: command line argument
  - More threads can be used by running 'qcore -n 24'

 --------------------------------------------------------------------------------
                                  command: bchla                                 
 --------------------------------------------------------------------------------
Mg s eff H
  -0.3103

 SCF converged in 1 iterations.

 Setting up Delta-SCF
 Ground-Excited state overlap:           0.000000000
 No correction applied to the TDM.
 Excitation energy:                      0.081720678
 Excitation energy (in eV):              2.223732929
 Transition dipole:                      2.79587       0.62641      -0.38462
Mg s
          143          150          153          177          179          388          392          398          400          402          404          406          407          408
Mg p
          247          266          269          315          332          335          341          348          350          353          361          364          365          367          371          376          377          378          379          381          383          385          387          390          392          394          398          404          406
Mg d
          179          210          215          219          221          222          229          233          238          240          243          247          269          379          381          385          390          396          398          406
 Saving results in set 'frame_1966'

 --------------------------------------------------------------------------------

 End time:                               Mon May 17 12:14:38 2021
 Total wall-clock time:                  0.499 seconds
==================================================================================
