
================================================================================
          _____________ ________ _______________ ________     _________         
         / ___________// ______ \\_____   _____// ______ \   / ________)        
        / /_________  / /      \ \     | |     / /      \ \ | (_______          
       |  __________|| |        | |    | |    | |        | | \________ \        
        \ \_________ | |        | |    | |     \ \______/ /___________) |       
         \__________||_|        |_|    |_|      \________//____________/        
                                                                                
====================================[ Qcore ]===================================

 Git hash:   7cd5c520b37f7ee862d844b1504bc4191dc47444
 Git date:   Tue, 4 May 2021 13:25:05 +0100
 Compiler:   GNU 9.1.0
 Build type: Release
 Version:    1.2.0

 Start time: Mon May 17 12:36:48 2021

 Data directory: /home/of15641/.local/src/Qcore/release/share/entos/1.2.0/data
 Number of threads: 1
 Number of threads was determined by: command line argument
  - More threads can be used by running 'qcore -n 24'

 --------------------------------------------------------------------------------
                                  command: bchla                                 
 --------------------------------------------------------------------------------
Mg s eff H
  -0.3103

 SCF converged in 1 iterations.

 Setting up Delta-SCF
 Ground-Excited state overlap:           0.000000000
 No correction applied to the TDM.
 Excitation energy:                      0.078901010
 Excitation energy (in eV):              2.147005858
 Transition dipole:                     -0.77110      -1.07599       3.43352
Mg s
          153          176          177          178          179          180          181          361          376          386          391          399          401          402          405          407          408
Mg p
          206          209          211          214          218          221          227          231          236          241          242          249          356
Mg d
          309          310          320          336          337          338          344          351          353          354          356          358          359          360          361          362          364          366          369          371          375          377          381          386          392          405          408
 Saving results in set 'frame_646'

 --------------------------------------------------------------------------------

 End time:                               Mon May 17 12:36:48 2021
 Total wall-clock time:                  0.563 seconds
==================================================================================
