
================================================================================
          _____________ ________ _______________ ________     _________         
         / ___________// ______ \\_____   _____// ______ \   / ________)        
        / /_________  / /      \ \     | |     / /      \ \ | (_______          
       |  __________|| |        | |    | |    | |        | | \________ \        
        \ \_________ | |        | |    | |     \ \______/ /___________) |       
         \__________||_|        |_|    |_|      \________//____________/        
                                                                                
====================================[ Qcore ]===================================

 Git hash:   7cd5c520b37f7ee862d844b1504bc4191dc47444
 Git date:   Tue, 4 May 2021 13:25:05 +0100
 Compiler:   GNU 9.1.0
 Build type: Release
 Version:    1.2.0

 Start time: Mon May 17 12:46:04 2021

 Data directory: /home/of15641/.local/src/Qcore/release/share/entos/1.2.0/data
 Number of threads: 1
 Number of threads was determined by: command line argument
  - More threads can be used by running 'qcore -n 24'

 --------------------------------------------------------------------------------
                                  command: bchla                                 
 --------------------------------------------------------------------------------
Mg s eff H
  -0.3101

 SCF converged in 1 iterations.

 Setting up Delta-SCF
 Ground-Excited state overlap:           0.000000000
 No correction applied to the TDM.
 Excitation energy:                      0.073352119
 Excitation energy (in eV):              1.996012841
 Transition dipole:                     -3.06258       0.42497       2.06114
Mg s
          150          152          179          180          374          384          406          408
Mg p
          159          266          267          325          339          343          347          359          362          365          368          370          371          375          377          379          384          388          392          402          405          406
Mg d
          158          266          267          303          338          346          351          356          362          365          368          370          371          374          377          379          384          385          392          394          408
 Saving results in set 'frame_861'

 --------------------------------------------------------------------------------

 End time:                               Mon May 17 12:46:05 2021
 Total wall-clock time:                  0.485 seconds
==================================================================================
