
================================================================================
          _____________ ________ _______________ ________     _________         
         / ___________// ______ \\_____   _____// ______ \   / ________)        
        / /_________  / /      \ \     | |     / /      \ \ | (_______          
       |  __________|| |        | |    | |    | |        | | \________ \        
        \ \_________ | |        | |    | |     \ \______/ /___________) |       
         \__________||_|        |_|    |_|      \________//____________/        
                                                                                
====================================[ Qcore ]===================================

 Git hash:   7cd5c520b37f7ee862d844b1504bc4191dc47444
 Git date:   Tue, 4 May 2021 13:25:05 +0100
 Compiler:   GNU 9.1.0
 Build type: Release
 Version:    1.2.0

 Start time: Mon May 17 12:52:39 2021

 Data directory: /home/of15641/.local/src/Qcore/release/share/entos/1.2.0/data
 Number of threads: 1
 Number of threads was determined by: command line argument
  - More threads can be used by running 'qcore -n 24'

 --------------------------------------------------------------------------------
                                  command: bchla                                 
 --------------------------------------------------------------------------------
Mg s eff H
  -0.3101

 SCF converged in 1 iterations.

 Setting up Delta-SCF
 Ground-Excited state overlap:          -0.000000000
 No correction applied to the TDM.
 Excitation energy:                      0.083352056
 Excitation energy (in eV):              2.268124998
 Transition dipole:                      0.57444       0.88344      -3.11616
Mg s
          148          177          178          179          376          394          397          398          399          403          404          405          407          408
Mg p
          236          244          246          265          270          331          335          337          346          349          350          354          355          357          360          362          367          368          370          371          376          380          387          389          393          394          396          397          402
Mg d
          155          265          270          271          272          339          353          354          355          357          360          367          369          371          373          376          380          381          384          387          388          389          390          392          393          394          397
 Saving results in set 'frame_962'

 --------------------------------------------------------------------------------

 End time:                               Mon May 17 12:52:39 2021
 Total wall-clock time:                  0.505 seconds
==================================================================================
