
================================================================================
          _____________ ________ _______________ ________     _________         
         / ___________// ______ \\_____   _____// ______ \   / ________)        
        / /_________  / /      \ \     | |     / /      \ \ | (_______          
       |  __________|| |        | |    | |    | |        | | \________ \        
        \ \_________ | |        | |    | |     \ \______/ /___________) |       
         \__________||_|        |_|    |_|      \________//____________/        
                                                                                
====================================[ Qcore ]===================================

 Git hash:   7cd5c520b37f7ee862d844b1504bc4191dc47444
 Git date:   Tue, 4 May 2021 13:25:05 +0100
 Compiler:   GNU 9.1.0
 Build type: Release
 Version:    1.2.0

 Start time: Mon May 17 12:27:21 2021

 Data directory: /home/of15641/.local/src/Qcore/release/share/entos/1.2.0/data
 Number of threads: 1
 Number of threads was determined by: command line argument
  - More threads can be used by running 'qcore -n 24'

 --------------------------------------------------------------------------------
                                  command: bchla                                 
 --------------------------------------------------------------------------------
Mg s eff H
  -0.3102

 SCF converged in 1 iterations.

 Setting up Delta-SCF
 Ground-Excited state overlap:          -0.000000000
 No correction applied to the TDM.
 Excitation energy:                      0.080192832
 Excitation energy (in eV):              2.182158119
 Transition dipole:                     -1.64466      -0.92520      -2.42658
Mg s
          150          179          180          369          379          396          402          403          404          406          408
Mg p
          271          316          324          326          333          334          337          342          348          349          351          352          356          357          360          361          362          364          365          367          369          370          371          373          378          379          380          382          385          387          388          389          391          393          396          397
Mg d
          230          245          264          298          307          311          316          324          326          327          328          330          333          335          339          341          342          344          345          346          347          348          351          355          356          357          360          362          367          371          373          378          403          404          406          408
 Saving results in set 'frame_446'

 --------------------------------------------------------------------------------

 End time:                               Mon May 17 12:27:21 2021
 Total wall-clock time:                  0.583 seconds
==================================================================================
