
================================================================================
          _____________ ________ _______________ ________     _________         
         / ___________// ______ \\_____   _____// ______ \   / ________)        
        / /_________  / /      \ \     | |     / /      \ \ | (_______          
       |  __________|| |        | |    | |    | |        | | \________ \        
        \ \_________ | |        | |    | |     \ \______/ /___________) |       
         \__________||_|        |_|    |_|      \________//____________/        
                                                                                
====================================[ Qcore ]===================================

 Git hash:   7cd5c520b37f7ee862d844b1504bc4191dc47444
 Git date:   Tue, 4 May 2021 13:25:05 +0100
 Compiler:   GNU 9.1.0
 Build type: Release
 Version:    1.2.0

 Start time: Mon May 17 12:17:52 2021

 Data directory: /home/of15641/.local/src/Qcore/release/share/entos/1.2.0/data
 Number of threads: 1
 Number of threads was determined by: command line argument
  - More threads can be used by running 'qcore -n 24'

 --------------------------------------------------------------------------------
                                  command: bchla                                 
 --------------------------------------------------------------------------------
Mg s eff H
  -0.3102

 SCF converged in 1 iterations.

 Setting up Delta-SCF
 Ground-Excited state overlap:          -0.000000000
 No correction applied to the TDM.
 Excitation energy:                      0.074937703
 Excitation energy (in eV):              2.039158790
 Transition dipole:                     -1.19845       2.94126       2.20615
Mg s
          151          153          178          179          180          378          390          396          397          402          405          408
Mg p
          160          266          311          342          347          352          355          357          358          363          365          366          368          372          373          379          385          394          402
Mg d
          204          215          217          219          221          222          230          235          237          239          244          271          347          352          355          358          366          373          375          377          378          397
 Saving results in set 'frame_236'

 --------------------------------------------------------------------------------

 End time:                               Mon May 17 12:17:53 2021
 Total wall-clock time:                  0.497 seconds
==================================================================================
