
================================================================================
          _____________ ________ _______________ ________     _________         
         / ___________// ______ \\_____   _____// ______ \   / ________)        
        / /_________  / /      \ \     | |     / /      \ \ | (_______          
       |  __________|| |        | |    | |    | |        | | \________ \        
        \ \_________ | |        | |    | |     \ \______/ /___________) |       
         \__________||_|        |_|    |_|      \________//____________/        
                                                                                
====================================[ Qcore ]===================================

 Git hash:   7cd5c520b37f7ee862d844b1504bc4191dc47444
 Git date:   Tue, 4 May 2021 13:25:05 +0100
 Compiler:   GNU 9.1.0
 Build type: Release
 Version:    1.2.0

 Start time: Mon May 17 11:51:27 2021

 Data directory: /home/of15641/.local/src/Qcore/release/share/entos/1.2.0/data
 Number of threads: 1
 Number of threads was determined by: command line argument
  - More threads can be used by running 'qcore -n 24'

 --------------------------------------------------------------------------------
                                  command: bchla                                 
 --------------------------------------------------------------------------------
Mg s eff H
  -0.3105

 SCF converged in 1 iterations.

 Setting up Delta-SCF
 Ground-Excited state overlap:          -0.000000000
 No correction applied to the TDM.
 Excitation energy:                      0.078329847
 Excitation energy (in eV):              2.131463713
 Transition dipole:                     -2.70157       2.11529      -1.40300
Mg s
          153          178          179          364          396          402          403          405          406          408
Mg p
          211          215          216          222          228          229          230          239          244          245          248          276          323          325          340          342          347          352          355          356          358          359          360          362          364          367          376          381          383          385          406          408
Mg d
          268          298          306          307          318          324          327          331          333          336          340          342          343          344          349          351          355          357          358          360          362          363          366          368          370          374          377          385          386          387          396
 Saving results in set 'frame_1490'

 --------------------------------------------------------------------------------

 End time:                               Mon May 17 11:51:27 2021
 Total wall-clock time:                  0.578 seconds
==================================================================================
