
================================================================================
          _____________ ________ _______________ ________     _________         
         / ___________// ______ \\_____   _____// ______ \   / ________)        
        / /_________  / /      \ \     | |     / /      \ \ | (_______          
       |  __________|| |        | |    | |    | |        | | \________ \        
        \ \_________ | |        | |    | |     \ \______/ /___________) |       
         \__________||_|        |_|    |_|      \________//____________/        
                                                                                
====================================[ Qcore ]===================================

 Git hash:   7cd5c520b37f7ee862d844b1504bc4191dc47444
 Git date:   Tue, 4 May 2021 13:25:05 +0100
 Compiler:   GNU 9.1.0
 Build type: Release
 Version:    1.2.0

 Start time: Mon May 17 11:44:27 2021

 Data directory: /home/of15641/.local/src/Qcore/release/share/entos/1.2.0/data
 Number of threads: 1
 Number of threads was determined by: command line argument
  - More threads can be used by running 'qcore -n 24'

 --------------------------------------------------------------------------------
                                  command: bchla                                 
 --------------------------------------------------------------------------------
Mg s eff H
  -0.3104

 SCF converged in 1 iterations.

 Setting up Delta-SCF
 Ground-Excited state overlap:          -0.000000000
 No correction applied to the TDM.
 Excitation energy:                      0.072774780
 Excitation energy (in eV):              1.980302652
 Transition dipole:                     -0.43830      -1.36513      -2.18566
Mg s
          152          176          178          380          381          398          400          403          404
Mg p
          160          268          269          309          311          316          329          332          338          341          342          345          347          348          351          352          353          356          359          360          361          364          372          381          384          389          391          403
Mg d
          158          208          216          220          228          241          245          271          311          316          325          329          331          338          341          342          345          347          351          352          353          359          360          361          362          365          367          374          375          377          381          389          392          393          395          400          404
 Saving results in set 'frame_134'

 --------------------------------------------------------------------------------

 End time:                               Mon May 17 11:44:28 2021
 Total wall-clock time:                  0.509 seconds
==================================================================================
