
================================================================================
          _____________ ________ _______________ ________     _________         
         / ___________// ______ \\_____   _____// ______ \   / ________)        
        / /_________  / /      \ \     | |     / /      \ \ | (_______          
       |  __________|| |        | |    | |    | |        | | \________ \        
        \ \_________ | |        | |    | |     \ \______/ /___________) |       
         \__________||_|        |_|    |_|      \________//____________/        
                                                                                
====================================[ Qcore ]===================================

 Git hash:   7cd5c520b37f7ee862d844b1504bc4191dc47444
 Git date:   Tue, 4 May 2021 13:25:05 +0100
 Compiler:   GNU 9.1.0
 Build type: Release
 Version:    1.2.0

 Start time: Mon May 17 12:46:02 2021

 Data directory: /home/of15641/.local/src/Qcore/release/share/entos/1.2.0/data
 Number of threads: 1
 Number of threads was determined by: command line argument
  - More threads can be used by running 'qcore -n 24'

 --------------------------------------------------------------------------------
                                  command: bchla                                 
 --------------------------------------------------------------------------------
Mg s eff H
  -0.3103

 SCF converged in 1 iterations.

 Setting up Delta-SCF
 Ground-Excited state overlap:           0.000000000
 No correction applied to the TDM.
 Excitation energy:                      0.076014448
 Excitation energy (in eV):              2.068458495
 Transition dipole:                     -3.39267      -0.35164       1.11704
Mg s
          144          153          176          177          375          386          403          404          405          408
Mg p
          267          302          309          320          327          330          334          338          339          340          343          345          350          351          353          355          357          358          362          363          364          367          371          372          374          379          384          386          404          405
Mg d
          158          271          306          330          334          340          342          345          347          352          353          355          364          367          368          369          371          372          374          377          379          385          386          390          392          401          404          408
 Saving results in set 'frame_838'

 --------------------------------------------------------------------------------

 End time:                               Mon May 17 12:46:03 2021
 Total wall-clock time:                  0.503 seconds
==================================================================================
