
================================================================================
          _____________ ________ _______________ ________     _________         
         / ___________// ______ \\_____   _____// ______ \   / ________)        
        / /_________  / /      \ \     | |     / /      \ \ | (_______          
       |  __________|| |        | |    | |    | |        | | \________ \        
        \ \_________ | |        | |    | |     \ \______/ /___________) |       
         \__________||_|        |_|    |_|      \________//____________/        
                                                                                
====================================[ Qcore ]===================================

 Git hash:   7cd5c520b37f7ee862d844b1504bc4191dc47444
 Git date:   Tue, 4 May 2021 13:25:05 +0100
 Compiler:   GNU 9.1.0
 Build type: Release
 Version:    1.2.0

 Start time: Thu May 13 08:56:01 2021

 Data directory: /home/of15641/.local/src/Qcore/release/share/entos/1.2.0/data
 Number of threads: 1
 Number of threads was determined by: command line argument
  - More threads can be used by running 'qcore -n 24'

 --------------------------------------------------------------------------------
                                  command: bchla                                 
 --------------------------------------------------------------------------------
Mg s eff H
  -0.3102

 SCF converged in 1 iterations.

 Setting up Delta-SCF
 Ground-Excited state overlap:          -0.000000000
 No correction applied to the TDM.
 Excitation energy:                      0.077947208
 Excitation energy (in eV):              2.121051588
 Transition dipole:                      0.98503      -0.05224       3.33738
Mg s
          143          152          178          179          180          392          393          396          402          403          404          405
Mg p
          204          209          210          216          217          219          220          222          227          228          232          233          234          237          242          246          248          249          250          253          360          364          368          371
Mg d
          158          210          242          326          336          338          340          342          343          345          347          354          357          359          360          363          364          366          368          371          376          381          388          393          396          399
 Saving results in set 'frame_580'

 --------------------------------------------------------------------------------

 End time:                               Thu May 13 08:56:01 2021
 Total wall-clock time:                  0.564 seconds
==================================================================================
