
================================================================================
          _____________ ________ _______________ ________     _________         
         / ___________// ______ \\_____   _____// ______ \   / ________)        
        / /_________  / /      \ \     | |     / /      \ \ | (_______          
       |  __________|| |        | |    | |    | |        | | \________ \        
        \ \_________ | |        | |    | |     \ \______/ /___________) |       
         \__________||_|        |_|    |_|      \________//____________/        
                                                                                
====================================[ Qcore ]===================================

 Git hash:   7cd5c520b37f7ee862d844b1504bc4191dc47444
 Git date:   Tue, 4 May 2021 13:25:05 +0100
 Compiler:   GNU 9.1.0
 Build type: Release
 Version:    1.2.0

 Start time: Mon May 17 11:33:41 2021

 Data directory: /home/of15641/.local/src/Qcore/release/share/entos/1.2.0/data
 Number of threads: 1
 Number of threads was determined by: command line argument
  - More threads can be used by running 'qcore -n 24'

 --------------------------------------------------------------------------------
                                  command: bchla                                 
 --------------------------------------------------------------------------------
Mg s eff H
  -0.3102

 SCF converged in 1 iterations.

 Setting up Delta-SCF
 Ground-Excited state overlap:           0.000000000
 No correction applied to the TDM.
 Excitation energy:                      0.078154595
 Excitation energy (in eV):              2.126694885
 Transition dipole:                      1.91151      -0.81521      -2.70693
Mg s
          151          153          177          178          179          180          377          404          405
Mg p
          158          224          235          238          246          267          302          304          314          334          339          340          346          347          353          355          356          359          360          363          364          369          371          372          374          375          405
Mg d
          224          235          238          240          246          267          323          334          336          339          340          342          351          355          359          360          363          364          367          369          372          374          379          381          382          383          387          388          405          408
 Saving results in set 'frame_117'

 --------------------------------------------------------------------------------

 End time:                               Mon May 17 11:33:42 2021
 Total wall-clock time:                  0.790 seconds
==================================================================================
