
================================================================================
          _____________ ________ _______________ ________     _________         
         / ___________// ______ \\_____   _____// ______ \   / ________)        
        / /_________  / /      \ \     | |     / /      \ \ | (_______          
       |  __________|| |        | |    | |    | |        | | \________ \        
        \ \_________ | |        | |    | |     \ \______/ /___________) |       
         \__________||_|        |_|    |_|      \________//____________/        
                                                                                
====================================[ Qcore ]===================================

 Git hash:   7cd5c520b37f7ee862d844b1504bc4191dc47444
 Git date:   Tue, 4 May 2021 13:25:05 +0100
 Compiler:   GNU 9.1.0
 Build type: Release
 Version:    1.2.0

 Start time: Mon May 17 12:14:40 2021

 Data directory: /home/of15641/.local/src/Qcore/release/share/entos/1.2.0/data
 Number of threads: 1
 Number of threads was determined by: command line argument
  - More threads can be used by running 'qcore -n 24'

 --------------------------------------------------------------------------------
                                  command: bchla                                 
 --------------------------------------------------------------------------------
Mg s eff H
  -0.3101

 SCF converged in 1 iterations.

 Setting up Delta-SCF
 Ground-Excited state overlap:          -0.000000000
 No correction applied to the TDM.
 Excitation energy:                      0.070147576
 Excitation energy (in eV):              1.908812796
 Transition dipole:                      1.27011       2.24403      -0.01490
Mg s
          142          150          179          395          397          400          404          405          406          408
Mg p
          207          210          215          216          217          226          234          235          240          242          244          245          345          352          353          354          356          358          361          363          373          374          392          405
Mg d
          158          242          244          267          270          323          326          327          332          341          343          348          350          352          353          354          358          361          363          364          367          368          371          373          374          377          382          388          389          395          397
 Saving results in set 'frame_1989'

 --------------------------------------------------------------------------------

 End time:                               Mon May 17 12:14:40 2021
 Total wall-clock time:                  0.536 seconds
==================================================================================
