
================================================================================
          _____________ ________ _______________ ________     _________         
         / ___________// ______ \\_____   _____// ______ \   / ________)        
        / /_________  / /      \ \     | |     / /      \ \ | (_______          
       |  __________|| |        | |    | |    | |        | | \________ \        
        \ \_________ | |        | |    | |     \ \______/ /___________) |       
         \__________||_|        |_|    |_|      \________//____________/        
                                                                                
====================================[ Qcore ]===================================

 Git hash:   7cd5c520b37f7ee862d844b1504bc4191dc47444
 Git date:   Tue, 4 May 2021 13:25:05 +0100
 Compiler:   GNU 9.1.0
 Build type: Release
 Version:    1.2.0

 Start time: Mon May 17 11:37:16 2021

 Data directory: /home/of15641/.local/src/Qcore/release/share/entos/1.2.0/data
 Number of threads: 1
 Number of threads was determined by: command line argument
  - More threads can be used by running 'qcore -n 24'

 --------------------------------------------------------------------------------
                                  command: bchla                                 
 --------------------------------------------------------------------------------
Mg s eff H
  -0.3101

 SCF converged in 1 iterations.

 Setting up Delta-SCF
 Ground-Excited state overlap:          -0.000000000
 No correction applied to the TDM.
 Excitation energy:                      0.081806487
 Excitation energy (in eV):              2.226067910
 Transition dipole:                     -0.95235       2.37044      -2.19947
Mg s
          144          149          152          178          179          180          181          396          401          406          407          408
Mg p
          158          271          313          326          332          333          334          337          340          345          348          351          352          354          357          358          360          362          364          365          366          367          368          370          374          378          380          382          387          396          406
Mg d
          210          212          215          217          218          225          228          229          231          232          242          243          244          247          249          272          357          360          364          365          366          367          368          372          374          375          376          378          381          382          386          391          401          406
 Saving results in set 'frame_1203'

 --------------------------------------------------------------------------------

 End time:                               Mon May 17 11:37:16 2021
 Total wall-clock time:                  0.527 seconds
==================================================================================
