
================================================================================
          _____________ ________ _______________ ________     _________         
         / ___________// ______ \\_____   _____// ______ \   / ________)        
        / /_________  / /      \ \     | |     / /      \ \ | (_______          
       |  __________|| |        | |    | |    | |        | | \________ \        
        \ \_________ | |        | |    | |     \ \______/ /___________) |       
         \__________||_|        |_|    |_|      \________//____________/        
                                                                                
====================================[ Qcore ]===================================

 Git hash:   7cd5c520b37f7ee862d844b1504bc4191dc47444
 Git date:   Tue, 4 May 2021 13:25:05 +0100
 Compiler:   GNU 9.1.0
 Build type: Release
 Version:    1.2.0

 Start time: Mon May 17 11:26:34 2021

 Data directory: /home/of15641/.local/src/Qcore/release/share/entos/1.2.0/data
 Number of threads: 1
 Number of threads was determined by: command line argument
  - More threads can be used by running 'qcore -n 28'

 --------------------------------------------------------------------------------
                                  command: bchla                                 
 --------------------------------------------------------------------------------
Mg s eff H
  -0.3103

 SCF converged in 1 iterations.

 Setting up Delta-SCF
 Ground-Excited state overlap:          -0.000000000
 No correction applied to the TDM.
 Excitation energy:                      0.078137649
 Excitation energy (in eV):              2.126233760
 Transition dipole:                      1.96516       1.00350       2.74180
Mg s
          148          149          179          180          381          388          392          401          404          405          406          408
Mg p
          156          266          272          309          312          320          322          337          339          349          354          355          360          361          363          369          371          372          374          379          384          385          389          390          392          396          398
Mg d
          159          247          266          272          320          328          335          340          354          356          361          363          367          369          372          378          379          384          389          390          394          396          398          401          405
 Saving results in set 'frame_1054'

 --------------------------------------------------------------------------------

 End time:                               Mon May 17 11:26:35 2021
 Total wall-clock time:                  0.962 seconds
==================================================================================
