
================================================================================
          _____________ ________ _______________ ________     _________         
         / ___________// ______ \\_____   _____// ______ \   / ________)        
        / /_________  / /      \ \     | |     / /      \ \ | (_______          
       |  __________|| |        | |    | |    | |        | | \________ \        
        \ \_________ | |        | |    | |     \ \______/ /___________) |       
         \__________||_|        |_|    |_|      \________//____________/        
                                                                                
====================================[ Qcore ]===================================

 Git hash:   7cd5c520b37f7ee862d844b1504bc4191dc47444
 Git date:   Tue, 4 May 2021 13:25:05 +0100
 Compiler:   GNU 9.1.0
 Build type: Release
 Version:    1.2.0

 Start time: Mon May 17 11:26:29 2021

 Data directory: /home/of15641/.local/src/Qcore/release/share/entos/1.2.0/data
 Number of threads: 1
 Number of threads was determined by: command line argument
  - More threads can be used by running 'qcore -n 24'

 --------------------------------------------------------------------------------
                                  command: bchla                                 
 --------------------------------------------------------------------------------
Mg s eff H
  -0.3103

 SCF converged in 1 iterations.

 Setting up Delta-SCF
 Ground-Excited state overlap:           0.000000000
 No correction applied to the TDM.
 Excitation energy:                      0.077596734
 Excitation energy (in eV):              2.111514702
 Transition dipole:                      2.77915      -0.09344       0.88432
Mg s
          151          178          374          389          391          397          398          400          401          403          405          407          408
Mg p
          158          264          266          269          318          323          326          327          330          335          336          337          339          340          342          343          345          347          349          350          353          354          355          356          357          358          361          364          365          366          371          372          374          376          377          389          397          405
Mg d
          159          213          242          244          269          305          337          339          340          343          345          347          354          355          357          360          366          368          371          374          386          397          402          408
 Saving results in set 'frame_1010'

 --------------------------------------------------------------------------------

 End time:                               Mon May 17 11:26:30 2021
 Total wall-clock time:                  0.664 seconds
==================================================================================
