
================================================================================
          _____________ ________ _______________ ________     _________         
         / ___________// ______ \\_____   _____// ______ \   / ________)        
        / /_________  / /      \ \     | |     / /      \ \ | (_______          
       |  __________|| |        | |    | |    | |        | | \________ \        
        \ \_________ | |        | |    | |     \ \______/ /___________) |       
         \__________||_|        |_|    |_|      \________//____________/        
                                                                                
====================================[ Qcore ]===================================

 Git hash:   7cd5c520b37f7ee862d844b1504bc4191dc47444
 Git date:   Tue, 4 May 2021 13:25:05 +0100
 Compiler:   GNU 9.1.0
 Build type: Release
 Version:    1.2.0

 Start time: Mon May 17 11:37:16 2021

 Data directory: /home/of15641/.local/src/Qcore/release/share/entos/1.2.0/data
 Number of threads: 1
 Number of threads was determined by: command line argument
  - More threads can be used by running 'qcore -n 24'

 --------------------------------------------------------------------------------
                                  command: bchla                                 
 --------------------------------------------------------------------------------
Mg s eff H
  -0.3103

 SCF converged in 1 iterations.

 Setting up Delta-SCF
 Ground-Excited state overlap:           0.000000000
 No correction applied to the TDM.
 Excitation energy:                      0.079003716
 Excitation energy (in eV):              2.149800638
 Transition dipole:                     -0.10189       3.34174      -1.64243
Mg s
          149          150          179          180          406          408
Mg p
          311          322          329          336          341          344          350          355          356          357          358          361          368          373          375          376          379          383          384          385          400          406
Mg d
          209          212          215          218          219          226          227          236          237          238          240          242          243          244          245          356          361          363          365          367          368          370          371          373          380
 Saving results in set 'frame_1206'

 --------------------------------------------------------------------------------

 End time:                               Mon May 17 11:37:17 2021
 Total wall-clock time:                  0.552 seconds
==================================================================================
