
================================================================================
          _____________ ________ _______________ ________     _________         
         / ___________// ______ \\_____   _____// ______ \   / ________)        
        / /_________  / /      \ \     | |     / /      \ \ | (_______          
       |  __________|| |        | |    | |    | |        | | \________ \        
        \ \_________ | |        | |    | |     \ \______/ /___________) |       
         \__________||_|        |_|    |_|      \________//____________/        
                                                                                
====================================[ Qcore ]===================================

 Git hash:   7cd5c520b37f7ee862d844b1504bc4191dc47444
 Git date:   Tue, 4 May 2021 13:25:05 +0100
 Compiler:   GNU 9.1.0
 Build type: Release
 Version:    1.2.0

 Start time: Mon May 17 12:33:30 2021

 Data directory: /home/of15641/.local/src/Qcore/release/share/entos/1.2.0/data
 Number of threads: 1
 Number of threads was determined by: command line argument
  - More threads can be used by running 'qcore -n 24'

 --------------------------------------------------------------------------------
                                  command: bchla                                 
 --------------------------------------------------------------------------------
Mg s eff H
  -0.3102

 SCF converged in 1 iterations.

 Setting up Delta-SCF
 Ground-Excited state overlap:          -0.000000000
 No correction applied to the TDM.
 Excitation energy:                      0.076752333
 Excitation energy (in eV):              2.088537391
 Transition dipole:                     -0.87852       3.13989      -1.32072
Mg s
          150          151          179          360          377          391          405          406          407          408
Mg p
          202          203          211          212          215          217          218          221          222          223          226          229          239          244          245          359          360          364          373          380          406
Mg d
          211          226          239          244          307          319          321          334          336          342          343          346          348          352          355          359          360          364          367          368          372          373          375          378          380          382          392          405          406          407
 Saving results in set 'frame_578'

 --------------------------------------------------------------------------------

 End time:                               Mon May 17 12:33:30 2021
 Total wall-clock time:                  0.521 seconds
==================================================================================
