
================================================================================
          _____________ ________ _______________ ________     _________         
         / ___________// ______ \\_____   _____// ______ \   / ________)        
        / /_________  / /      \ \     | |     / /      \ \ | (_______          
       |  __________|| |        | |    | |    | |        | | \________ \        
        \ \_________ | |        | |    | |     \ \______/ /___________) |       
         \__________||_|        |_|    |_|      \________//____________/        
                                                                                
====================================[ Qcore ]===================================

 Git hash:   7cd5c520b37f7ee862d844b1504bc4191dc47444
 Git date:   Tue, 4 May 2021 13:25:05 +0100
 Compiler:   GNU 9.1.0
 Build type: Release
 Version:    1.2.0

 Start time: Mon May 17 12:27:19 2021

 Data directory: /home/of15641/.local/src/Qcore/release/share/entos/1.2.0/data
 Number of threads: 1
 Number of threads was determined by: command line argument
  - More threads can be used by running 'qcore -n 24'

 --------------------------------------------------------------------------------
                                  command: bchla                                 
 --------------------------------------------------------------------------------
Mg s eff H
  -0.3104

 SCF converged in 1 iterations.

 Setting up Delta-SCF
 Ground-Excited state overlap:           0.000000000
 No correction applied to the TDM.
 Excitation energy:                      0.078974725
 Excitation energy (in eV):              2.149011744
 Transition dipole:                     -2.83688      -0.23670       1.65750
Mg s
          144          153          176          177          178          179          180          360          378          388          393          399          400          402          403          408
Mg p
          159          304          307          308          309          326          333          336          344          347          348          351          353          357          358          360          364          365          367          370          378          384          387          388          394          399          400
Mg d
          158          263          264          308          312          315          316          323          326          329          331          332          333          334          336          340          342          343          344          347          348          351          354          357          360          364          368          399          402
 Saving results in set 'frame_432'

 --------------------------------------------------------------------------------

 End time:                               Mon May 17 12:27:20 2021
 Total wall-clock time:                  0.538 seconds
==================================================================================
