
================================================================================
          _____________ ________ _______________ ________     _________         
         / ___________// ______ \\_____   _____// ______ \   / ________)        
        / /_________  / /      \ \     | |     / /      \ \ | (_______          
       |  __________|| |        | |    | |    | |        | | \________ \        
        \ \_________ | |        | |    | |     \ \______/ /___________) |       
         \__________||_|        |_|    |_|      \________//____________/        
                                                                                
====================================[ Qcore ]===================================

 Git hash:   7cd5c520b37f7ee862d844b1504bc4191dc47444
 Git date:   Tue, 4 May 2021 13:25:05 +0100
 Compiler:   GNU 9.1.0
 Build type: Release
 Version:    1.2.0

 Start time: Mon May 17 11:48:00 2021

 Data directory: /home/of15641/.local/src/Qcore/release/share/entos/1.2.0/data
 Number of threads: 1
 Number of threads was determined by: command line argument
  - More threads can be used by running 'qcore -n 24'

 --------------------------------------------------------------------------------
                                  command: bchla                                 
 --------------------------------------------------------------------------------
Mg s eff H
  -0.3102

 SCF converged in 1 iterations.

 Setting up Delta-SCF
 Ground-Excited state overlap:           0.000000000
 No correction applied to the TDM.
 Excitation energy:                      0.074501305
 Excitation energy (in eV):              2.027283799
 Transition dipole:                     -2.33849       1.16387       2.51155
Mg s
          150          152          177          178          179          377          398          404          407          408
Mg p
          212          213          219          222          223          233          242          243          318          320          338          345          346          348          350          351          353          354          355          356          359          360          362          363          367          369          370          374          376          379          380          381          382          398          407
Mg d
          159          242          300          307          308          315          318          323          325          326          327          331          334          337          338          340          342          343          345          346          347          349          350          351          353          354          356          359          360          361          366          370          371          372          373          376          377          393          394          403          404          407
 Saving results in set 'frame_1469'

 --------------------------------------------------------------------------------

 End time:                               Mon May 17 11:48:01 2021
 Total wall-clock time:                  0.514 seconds
==================================================================================
