
================================================================================
          _____________ ________ _______________ ________     _________         
         / ___________// ______ \\_____   _____// ______ \   / ________)        
        / /_________  / /      \ \     | |     / /      \ \ | (_______          
       |  __________|| |        | |    | |    | |        | | \________ \        
        \ \_________ | |        | |    | |     \ \______/ /___________) |       
         \__________||_|        |_|    |_|      \________//____________/        
                                                                                
====================================[ Qcore ]===================================

 Git hash:   7cd5c520b37f7ee862d844b1504bc4191dc47444
 Git date:   Tue, 4 May 2021 13:25:05 +0100
 Compiler:   GNU 9.1.0
 Build type: Release
 Version:    1.2.0

 Start time: Mon May 17 12:24:14 2021

 Data directory: /home/of15641/.local/src/Qcore/release/share/entos/1.2.0/data
 Number of threads: 1
 Number of threads was determined by: command line argument
  - More threads can be used by running 'qcore -n 24'

 --------------------------------------------------------------------------------
                                  command: bchla                                 
 --------------------------------------------------------------------------------
Mg s eff H
  -0.3103

 SCF converged in 1 iterations.

 Setting up Delta-SCF
 Ground-Excited state overlap:           0.000000000
 No correction applied to the TDM.
 Excitation energy:                      0.077199971
 Excitation energy (in eV):              2.100718219
 Transition dipole:                      1.94151      -0.20781      -2.35500
Mg s
          152          178          179          181          385          400          403          404          405          406          407          408
Mg p
          208          217          220          236          241          243          244          246          308          336          339          343          345          349          359          361          364          366          370          371          374          379          384          386          393          394          403
Mg d
          158          208          217          220          236          241          243          244          246          264          308          317          326          328          330          338          339          344          345          348          349          352          353          355          359          361          364          366          370          377          381          396          400          403          404          405          406          407
 Saving results in set 'frame_371'

 --------------------------------------------------------------------------------

 End time:                               Mon May 17 12:24:15 2021
 Total wall-clock time:                  0.540 seconds
==================================================================================
