
================================================================================
          _____________ ________ _______________ ________     _________         
         / ___________// ______ \\_____   _____// ______ \   / ________)        
        / /_________  / /      \ \     | |     / /      \ \ | (_______          
       |  __________|| |        | |    | |    | |        | | \________ \        
        \ \_________ | |        | |    | |     \ \______/ /___________) |       
         \__________||_|        |_|    |_|      \________//____________/        
                                                                                
====================================[ Qcore ]===================================

 Git hash:   7cd5c520b37f7ee862d844b1504bc4191dc47444
 Git date:   Tue, 4 May 2021 13:25:05 +0100
 Compiler:   GNU 9.1.0
 Build type: Release
 Version:    1.2.0

 Start time: Mon May 17 12:33:28 2021

 Data directory: /home/of15641/.local/src/Qcore/release/share/entos/1.2.0/data
 Number of threads: 1
 Number of threads was determined by: command line argument
  - More threads can be used by running 'qcore -n 24'

 --------------------------------------------------------------------------------
                                  command: bchla                                 
 --------------------------------------------------------------------------------
Mg s eff H
  -0.3103

 SCF converged in 1 iterations.

 Setting up Delta-SCF
 Ground-Excited state overlap:           0.000000000
 No correction applied to the TDM.
 Excitation energy:                      0.077149436
 Excitation energy (in eV):              2.099343099
 Transition dipole:                      0.86360      -3.47267      -0.12407
Mg s
          150          151          177          178          375          394          400          404          405          407
Mg p
          205          207          213          215          221          225          226          234          239          242          317          330          332          336          337          339          340          349          352          353          356          358          360          361          365          369          372          379          380          395
Mg d
          205          207          212          213          215          221          225          226          229          232          234          239          242          305          317          330          332          336          337          339          346          351          352          353          356          360          361          365          366          379          380          385          395
 Saving results in set 'frame_557'

 --------------------------------------------------------------------------------

 End time:                               Mon May 17 12:33:29 2021
 Total wall-clock time:                  0.554 seconds
==================================================================================
