
================================================================================
          _____________ ________ _______________ ________     _________         
         / ___________// ______ \\_____   _____// ______ \   / ________)        
        / /_________  / /      \ \     | |     / /      \ \ | (_______          
       |  __________|| |        | |    | |    | |        | | \________ \        
        \ \_________ | |        | |    | |     \ \______/ /___________) |       
         \__________||_|        |_|    |_|      \________//____________/        
                                                                                
====================================[ Qcore ]===================================

 Git hash:   7cd5c520b37f7ee862d844b1504bc4191dc47444
 Git date:   Tue, 4 May 2021 13:25:05 +0100
 Compiler:   GNU 9.1.0
 Build type: Release
 Version:    1.2.0

 Start time: Mon May 17 11:26:32 2021

 Data directory: /home/of15641/.local/src/Qcore/release/share/entos/1.2.0/data
 Number of threads: 1
 Number of threads was determined by: command line argument
  - More threads can be used by running 'qcore -n 28'

 --------------------------------------------------------------------------------
                                  command: bchla                                 
 --------------------------------------------------------------------------------
Mg s eff H
  -0.3103

 SCF converged in 1 iterations.

 Setting up Delta-SCF
 Ground-Excited state overlap:          -0.000000000
 No correction applied to the TDM.
 Excitation energy:                      0.080069902
 Excitation energy (in eV):              2.178813037
 Transition dipole:                     -2.67499      -0.51899      -0.69636
Mg s
          150          151          152          178          179          361          365          372          395          396          403          404          406          408
Mg p
          241          264          266          267          319          320          331          334          335          340          348          349          350          352          354          355          359          361          363          365          372          374          380          398          403          404
Mg d
          237          241          270          319          327          334          335          348          349          354          355          359          361          365          368          372          376          378          380          383          384          387          391          395          397          398          403          404
 Saving results in set 'frame_1036'

 --------------------------------------------------------------------------------

 End time:                               Mon May 17 11:26:33 2021
 Total wall-clock time:                  1.135 seconds
==================================================================================
