
================================================================================
          _____________ ________ _______________ ________     _________         
         / ___________// ______ \\_____   _____// ______ \   / ________)        
        / /_________  / /      \ \     | |     / /      \ \ | (_______          
       |  __________|| |        | |    | |    | |        | | \________ \        
        \ \_________ | |        | |    | |     \ \______/ /___________) |       
         \__________||_|        |_|    |_|      \________//____________/        
                                                                                
====================================[ Qcore ]===================================

 Git hash:   7cd5c520b37f7ee862d844b1504bc4191dc47444
 Git date:   Tue, 4 May 2021 13:25:05 +0100
 Compiler:   GNU 9.1.0
 Build type: Release
 Version:    1.2.0

 Start time: Mon May 17 12:39:48 2021

 Data directory: /home/of15641/.local/src/Qcore/release/share/entos/1.2.0/data
 Number of threads: 1
 Number of threads was determined by: command line argument
  - More threads can be used by running 'qcore -n 24'

 --------------------------------------------------------------------------------
                                  command: bchla                                 
 --------------------------------------------------------------------------------
Mg s eff H
  -0.3103

 SCF converged in 1 iterations.

 Setting up Delta-SCF
 Ground-Excited state overlap:          -0.000000000
 No correction applied to the TDM.
 Excitation energy:                      0.079132075
 Excitation energy (in eV):              2.153293447
 Transition dipole:                      2.23983       0.44212      -2.92724
Mg s
          144          152          177          178          179          389          392          401          402          404          405          408
Mg p
          204          207          211          216          223          225          226          231          240          242          307          316          321          322          329          330          334          344          347          349          352          355          360          361          362          363          366          370          392          402          404          408
Mg d
          240          242          302          308          313          317          321          325          333          334          341          348          351          355          357          361          362          363          366          368          370          371          383          391          402          408
 Saving results in set 'frame_72'

 --------------------------------------------------------------------------------

 End time:                               Mon May 17 12:39:48 2021
 Total wall-clock time:                  0.512 seconds
==================================================================================
