
================================================================================
          _____________ ________ _______________ ________     _________         
         / ___________// ______ \\_____   _____// ______ \   / ________)        
        / /_________  / /      \ \     | |     / /      \ \ | (_______          
       |  __________|| |        | |    | |    | |        | | \________ \        
        \ \_________ | |        | |    | |     \ \______/ /___________) |       
         \__________||_|        |_|    |_|      \________//____________/        
                                                                                
====================================[ Qcore ]===================================

 Git hash:   7cd5c520b37f7ee862d844b1504bc4191dc47444
 Git date:   Tue, 4 May 2021 13:25:05 +0100
 Compiler:   GNU 9.1.0
 Build type: Release
 Version:    1.2.0

 Start time: Mon May 17 11:47:59 2021

 Data directory: /home/of15641/.local/src/Qcore/release/share/entos/1.2.0/data
 Number of threads: 1
 Number of threads was determined by: command line argument
  - More threads can be used by running 'qcore -n 24'

 --------------------------------------------------------------------------------
                                  command: bchla                                 
 --------------------------------------------------------------------------------
Mg s eff H
  -0.3103

 SCF converged in 1 iterations.

 Setting up Delta-SCF
 Ground-Excited state overlap:           0.000000000
 No correction applied to the TDM.
 Excitation energy:                      0.080632542
 Excitation energy (in eV):              2.194123243
 Transition dipole:                      1.52756      -2.49033       0.85610
Mg s
          150          152          179          180          401          402          405          406          408
Mg p
          216          220          225          236          246          247          269          309          322          325          331          339          342          352          353          362          363          367          371          372          374          377          379          380          384          385          386          387          390          391
Mg d
          205          216          220          221          224          225          233          236          246          247          322          331          338          349          350          352          353          354          358          362          363          365          375          376          377          378          379          380          384          406
 Saving results in set 'frame_1460'

 --------------------------------------------------------------------------------

 End time:                               Mon May 17 11:48:00 2021
 Total wall-clock time:                  0.504 seconds
==================================================================================
