
================================================================================
          _____________ ________ _______________ ________     _________         
         / ___________// ______ \\_____   _____// ______ \   / ________)        
        / /_________  / /      \ \     | |     / /      \ \ | (_______          
       |  __________|| |        | |    | |    | |        | | \________ \        
        \ \_________ | |        | |    | |     \ \______/ /___________) |       
         \__________||_|        |_|    |_|      \________//____________/        
                                                                                
====================================[ Qcore ]===================================

 Git hash:   7cd5c520b37f7ee862d844b1504bc4191dc47444
 Git date:   Tue, 4 May 2021 13:25:05 +0100
 Compiler:   GNU 9.1.0
 Build type: Release
 Version:    1.2.0

 Start time: Mon May 17 12:24:15 2021

 Data directory: /home/of15641/.local/src/Qcore/release/share/entos/1.2.0/data
 Number of threads: 1
 Number of threads was determined by: command line argument
  - More threads can be used by running 'qcore -n 24'

 --------------------------------------------------------------------------------
                                  command: bchla                                 
 --------------------------------------------------------------------------------
Mg s eff H
  -0.3102

 SCF converged in 1 iterations.

 Setting up Delta-SCF
 Ground-Excited state overlap:           0.000000000
 No correction applied to the TDM.
 Excitation energy:                      0.075492797
 Excitation energy (in eV):              2.054263656
 Transition dipole:                      1.28468       2.36951       1.40163
Mg s
          145          152          178          387          402          403          405          408
Mg p
          206          207          209          213          215          223          228          230          233          234          235          237          241          243          304          332          343          352          354          356          357          358          360          362          364          366          369          371          372          375          381          382          390          393          396
Mg d
          209          230          233          234          237          241          243          307          310          323          329          330          335          343          345          346          352          356          357          358          360          364          367          371          372          382          390          396          403          405
 Saving results in set 'frame_378'

 --------------------------------------------------------------------------------

 End time:                               Mon May 17 12:24:15 2021
 Total wall-clock time:                  0.487 seconds
==================================================================================
