
================================================================================
          _____________ ________ _______________ ________     _________         
         / ___________// ______ \\_____   _____// ______ \   / ________)        
        / /_________  / /      \ \     | |     / /      \ \ | (_______          
       |  __________|| |        | |    | |    | |        | | \________ \        
        \ \_________ | |        | |    | |     \ \______/ /___________) |       
         \__________||_|        |_|    |_|      \________//____________/        
                                                                                
====================================[ Qcore ]===================================

 Git hash:   7cd5c520b37f7ee862d844b1504bc4191dc47444
 Git date:   Tue, 4 May 2021 13:25:05 +0100
 Compiler:   GNU 9.1.0
 Build type: Release
 Version:    1.2.0

 Start time: Mon May 17 12:24:17 2021

 Data directory: /home/of15641/.local/src/Qcore/release/share/entos/1.2.0/data
 Number of threads: 1
 Number of threads was determined by: command line argument
  - More threads can be used by running 'qcore -n 24'

 --------------------------------------------------------------------------------
                                  command: bchla                                 
 --------------------------------------------------------------------------------
Mg s eff H
  -0.3102

 SCF converged in 1 iterations.

 Setting up Delta-SCF
 Ground-Excited state overlap:          -0.000000000
 No correction applied to the TDM.
 Excitation energy:                      0.079348584
 Excitation energy (in eV):              2.159184964
 Transition dipole:                      3.27891       0.66703      -1.14973
Mg s
          149          151          180          398          405          406          407
Mg p
          219          225          240          247          314          322          328          329          333          336          340          345          348          349          350          357          358          359          363          364          365          367          369          370          377          378          379          380          381          386          388          392
Mg d
          205          219          225          240          247          269          301          314          329          333          337          340          346          347          348          349          353          355          357          358          361          364          365          369          370          371          379          380          389          393          405
 Saving results in set 'frame_402'

 --------------------------------------------------------------------------------

 End time:                               Mon May 17 12:24:18 2021
 Total wall-clock time:                  0.755 seconds
==================================================================================
