
================================================================================
          _____________ ________ _______________ ________     _________         
         / ___________// ______ \\_____   _____// ______ \   / ________)        
        / /_________  / /      \ \     | |     / /      \ \ | (_______          
       |  __________|| |        | |    | |    | |        | | \________ \        
        \ \_________ | |        | |    | |     \ \______/ /___________) |       
         \__________||_|        |_|    |_|      \________//____________/        
                                                                                
====================================[ Qcore ]===================================

 Git hash:   7cd5c520b37f7ee862d844b1504bc4191dc47444
 Git date:   Tue, 4 May 2021 13:25:05 +0100
 Compiler:   GNU 9.1.0
 Build type: Release
 Version:    1.2.0

 Start time: Mon May 17 12:36:50 2021

 Data directory: /home/of15641/.local/src/Qcore/release/share/entos/1.2.0/data
 Number of threads: 1
 Number of threads was determined by: command line argument
  - More threads can be used by running 'qcore -n 24'

 --------------------------------------------------------------------------------
                                  command: bchla                                 
 --------------------------------------------------------------------------------
Mg s eff H
  -0.3103

 SCF converged in 1 iterations.

 Setting up Delta-SCF
 Ground-Excited state overlap:          -0.000000000
 No correction applied to the TDM.
 Excitation energy:                      0.083991686
 Excitation energy (in eV):              2.285530207
 Transition dipole:                     -1.21612       1.43287       2.55458
Mg s
          143          152          177          178          179          180          377          394          402          405          406          408
Mg p
          205          215          217          222          226          228          232          233          238          240          243          244          246          247          340          342          348          352          354          356          357          359          367          368          374          375          377          382
Mg d
          156          205          215          222          238          243          246          247          298          314          332          334          337          340          342          352          354          356          357          358          359          363          364          365          367          368          374          375          377          382          397          405
 Saving results in set 'frame_675'

 --------------------------------------------------------------------------------

 End time:                               Mon May 17 12:36:51 2021
 Total wall-clock time:                  0.536 seconds
==================================================================================
