
================================================================================
          _____________ ________ _______________ ________     _________         
         / ___________// ______ \\_____   _____// ______ \   / ________)        
        / /_________  / /      \ \     | |     / /      \ \ | (_______          
       |  __________|| |        | |    | |    | |        | | \________ \        
        \ \_________ | |        | |    | |     \ \______/ /___________) |       
         \__________||_|        |_|    |_|      \________//____________/        
                                                                                
====================================[ Qcore ]===================================

 Git hash:   7cd5c520b37f7ee862d844b1504bc4191dc47444
 Git date:   Tue, 4 May 2021 13:25:05 +0100
 Compiler:   GNU 9.1.0
 Build type: Release
 Version:    1.2.0

 Start time: Mon May 17 11:30:11 2021

 Data directory: /home/of15641/.local/src/Qcore/release/share/entos/1.2.0/data
 Number of threads: 1
 Number of threads was determined by: command line argument
  - More threads can be used by running 'qcore -n 24'

 --------------------------------------------------------------------------------
                                  command: bchla                                 
 --------------------------------------------------------------------------------
Mg s eff H
  -0.3102

 SCF converged in 1 iterations.

 Setting up Delta-SCF
 Ground-Excited state overlap:          -0.000000000
 No correction applied to the TDM.
 Excitation energy:                      0.078360436
 Excitation energy (in eV):              2.132296082
 Transition dipole:                     -0.06503      -1.22037      -2.48467
Mg s
          141          149          153          178          179          399          405          406
Mg p
          238          312          321          332          334          335          341          345          346          348          349          350          351          352          356          357          358          360          364          365          366          373          376          377          378          379          381          391          399          406          408
Mg d
          205          211          214          224          238          303          312          321          328          332          335          337          338          340          346          348          349          351          352          354          357          358          360          365          373          377          378          396          397          406
 Saving results in set 'frame_107'

 --------------------------------------------------------------------------------

 End time:                               Mon May 17 11:30:12 2021
 Total wall-clock time:                  0.648 seconds
==================================================================================
