
================================================================================
          _____________ ________ _______________ ________     _________         
         / ___________// ______ \\_____   _____// ______ \   / ________)        
        / /_________  / /      \ \     | |     / /      \ \ | (_______          
       |  __________|| |        | |    | |    | |        | | \________ \        
        \ \_________ | |        | |    | |     \ \______/ /___________) |       
         \__________||_|        |_|    |_|      \________//____________/        
                                                                                
====================================[ Qcore ]===================================

 Git hash:   7cd5c520b37f7ee862d844b1504bc4191dc47444
 Git date:   Tue, 4 May 2021 13:25:05 +0100
 Compiler:   GNU 9.1.0
 Build type: Release
 Version:    1.2.0

 Start time: Mon May 17 11:51:31 2021

 Data directory: /home/of15641/.local/src/Qcore/release/share/entos/1.2.0/data
 Number of threads: 1
 Number of threads was determined by: command line argument
  - More threads can be used by running 'qcore -n 24'

 --------------------------------------------------------------------------------
                                  command: bchla                                 
 --------------------------------------------------------------------------------
Mg s eff H
  -0.3104

 SCF converged in 1 iterations.

 Setting up Delta-SCF
 Ground-Excited state overlap:           0.000000000
 No correction applied to the TDM.
 Excitation energy:                      0.076890152
 Excitation energy (in eV):              2.092287632
 Transition dipole:                      2.51907      -0.26694       1.63233
Mg s
          151          177          178          179          180          378          395          401          403          404          407          408
Mg p
          207          211          215          219          220          239          242          243          270          309          323          326          334          341          343          349          350          355          358          361          363          365          373          376          378          381          384
Mg d
          207          211          215          219          220          223          224          237          239          242          243          247          309          323          326          329          334          336          337          341          343          344          346          348          349          350          356          358          359          361          363          369          374          375          376          381          383          385
 Saving results in set 'frame_1532'

 --------------------------------------------------------------------------------

 End time:                               Mon May 17 11:51:32 2021
 Total wall-clock time:                  0.521 seconds
==================================================================================
