
================================================================================
          _____________ ________ _______________ ________     _________         
         / ___________// ______ \\_____   _____// ______ \   / ________)        
        / /_________  / /      \ \     | |     / /      \ \ | (_______          
       |  __________|| |        | |    | |    | |        | | \________ \        
        \ \_________ | |        | |    | |     \ \______/ /___________) |       
         \__________||_|        |_|    |_|      \________//____________/        
                                                                                
====================================[ Qcore ]===================================

 Git hash:   7cd5c520b37f7ee862d844b1504bc4191dc47444
 Git date:   Tue, 4 May 2021 13:25:05 +0100
 Compiler:   GNU 9.1.0
 Build type: Release
 Version:    1.2.0

 Start time: Mon May 17 12:04:55 2021

 Data directory: /home/of15641/.local/src/Qcore/release/share/entos/1.2.0/data
 Number of threads: 1
 Number of threads was determined by: command line argument
  - More threads can be used by running 'qcore -n 24'

 --------------------------------------------------------------------------------
                                  command: bchla                                 
 --------------------------------------------------------------------------------
Mg s eff H
  -0.3103

 SCF converged in 1 iterations.

 Setting up Delta-SCF
 Ground-Excited state overlap:          -0.000000000
 No correction applied to the TDM.
 Excitation energy:                      0.080251062
 Excitation energy (in eV):              2.183742653
 Transition dipole:                     -3.05126       1.37032       0.77420
Mg s
          149          151          153          176          179          180          365          368          377          391          398          400          401          402          404          405          406
Mg p
          235          268          311          317          318          320          325          327          328          330          332          336          337          338          339          340          341          345          347          348          354          355          356          357          360          365          368          371          387          401          402          405          408
Mg d
          203          206          209          211          216          217          219          220          221          222          225          226          232          233          234          235          236          239          240          242          244          245          269          338          347          356          360
 Saving results in set 'frame_1748'

 --------------------------------------------------------------------------------

 End time:                               Mon May 17 12:04:55 2021
 Total wall-clock time:                  0.501 seconds
==================================================================================
