
================================================================================
          _____________ ________ _______________ ________     _________         
         / ___________// ______ \\_____   _____// ______ \   / ________)        
        / /_________  / /      \ \     | |     / /      \ \ | (_______          
       |  __________|| |        | |    | |    | |        | | \________ \        
        \ \_________ | |        | |    | |     \ \______/ /___________) |       
         \__________||_|        |_|    |_|      \________//____________/        
                                                                                
====================================[ Qcore ]===================================

 Git hash:   7cd5c520b37f7ee862d844b1504bc4191dc47444
 Git date:   Tue, 4 May 2021 13:25:05 +0100
 Compiler:   GNU 9.1.0
 Build type: Release
 Version:    1.2.0

 Start time: Mon May 17 12:49:32 2021

 Data directory: /home/of15641/.local/src/Qcore/release/share/entos/1.2.0/data
 Number of threads: 1
 Number of threads was determined by: command line argument
  - More threads can be used by running 'qcore -n 24'

 --------------------------------------------------------------------------------
                                  command: bchla                                 
 --------------------------------------------------------------------------------
Mg s eff H
  -0.3104

 SCF converged in 1 iterations.

 Setting up Delta-SCF
 Ground-Excited state overlap:          -0.000000000
 No correction applied to the TDM.
 Excitation energy:                      0.080033599
 Excitation energy (in eV):              2.177825171
 Transition dipole:                     -2.52503      -0.39465       2.22739
Mg s
          149          151          178          365          374          376          380          384          387          395          396          399          400          403          405          408
Mg p
          161          239          266          301          306          315          329          333          335          337          341          342          343          346          348          356          358          361          362          365          366          373          378          380          382          383          387
Mg d
          313          329          331          333          342          343          346          348          356          359          361          362          365          366          370          373          374          376          378          383          386          395          400          408
 Saving results in set 'frame_891'

 --------------------------------------------------------------------------------

 End time:                               Mon May 17 12:49:33 2021
 Total wall-clock time:                  0.506 seconds
==================================================================================
