
================================================================================
          _____________ ________ _______________ ________     _________         
         / ___________// ______ \\_____   _____// ______ \   / ________)        
        / /_________  / /      \ \     | |     / /      \ \ | (_______          
       |  __________|| |        | |    | |    | |        | | \________ \        
        \ \_________ | |        | |    | |     \ \______/ /___________) |       
         \__________||_|        |_|    |_|      \________//____________/        
                                                                                
====================================[ Qcore ]===================================

 Git hash:   7cd5c520b37f7ee862d844b1504bc4191dc47444
 Git date:   Tue, 4 May 2021 13:25:05 +0100
 Compiler:   GNU 9.1.0
 Build type: Release
 Version:    1.2.0

 Start time: Mon May 17 12:24:13 2021

 Data directory: /home/of15641/.local/src/Qcore/release/share/entos/1.2.0/data
 Number of threads: 1
 Number of threads was determined by: command line argument
  - More threads can be used by running 'qcore -n 24'

 --------------------------------------------------------------------------------
                                  command: bchla                                 
 --------------------------------------------------------------------------------
Mg s eff H
  -0.3103

 SCF converged in 1 iterations.

 Setting up Delta-SCF
 Ground-Excited state overlap:          -0.000000000
 No correction applied to the TDM.
 Excitation energy:                      0.079058889
 Excitation energy (in eV):              2.151301969
 Transition dipole:                      0.64019       1.56781       2.22324
Mg s
          143          151          177          178          179          390          393          396          399          404          406          408
Mg p
          208          213          226          233          240          241          243          305          314          322          325          354          357          361          362          364          365          368          370          371          379          383          390          398
Mg d
          213          226          240          241          267          268          306          319          322          329          338          340          341          342          345          346          347          352          354          357          359          361          362          364          365          367          373          379          381          382          390          393          406
 Saving results in set 'frame_354'

 --------------------------------------------------------------------------------

 End time:                               Mon May 17 12:24:13 2021
 Total wall-clock time:                  0.493 seconds
==================================================================================
