
================================================================================
          _____________ ________ _______________ ________     _________         
         / ___________// ______ \\_____   _____// ______ \   / ________)        
        / /_________  / /      \ \     | |     / /      \ \ | (_______          
       |  __________|| |        | |    | |    | |        | | \________ \        
        \ \_________ | |        | |    | |     \ \______/ /___________) |       
         \__________||_|        |_|    |_|      \________//____________/        
                                                                                
====================================[ Qcore ]===================================

 Git hash:   7cd5c520b37f7ee862d844b1504bc4191dc47444
 Git date:   Tue, 4 May 2021 13:25:05 +0100
 Compiler:   GNU 9.1.0
 Build type: Release
 Version:    1.2.0

 Start time: Mon May 17 11:44:27 2021

 Data directory: /home/of15641/.local/src/Qcore/release/share/entos/1.2.0/data
 Number of threads: 1
 Number of threads was determined by: command line argument
  - More threads can be used by running 'qcore -n 24'

 --------------------------------------------------------------------------------
                                  command: bchla                                 
 --------------------------------------------------------------------------------
Mg s eff H
  -0.3103

 SCF converged in 1 iterations.

 Setting up Delta-SCF
 Ground-Excited state overlap:          -0.000000000
 No correction applied to the TDM.
 Excitation energy:                      0.081066215
 Excitation energy (in eV):              2.205924096
 Transition dipole:                     -0.04180       2.63118      -2.08498
Mg s
          152          153          177          178          368          390          394          403          404          405          406
Mg p
          159          269          306          320          329          330          331          335          339          341          343          344          345          353          357          358          359          361          362          365          366          373          374          375          377          380          382          385          387          392          397          399          404          405          408
Mg d
          203          217          218          219          232          237          239          240          241          242          249          341          343          347          358          359          361          362          363          364          366          375
 Saving results in set 'frame_1352'

 --------------------------------------------------------------------------------

 End time:                               Mon May 17 11:44:28 2021
 Total wall-clock time:                  0.555 seconds
==================================================================================
