
================================================================================
          _____________ ________ _______________ ________     _________         
         / ___________// ______ \\_____   _____// ______ \   / ________)        
        / /_________  / /      \ \     | |     / /      \ \ | (_______          
       |  __________|| |        | |    | |    | |        | | \________ \        
        \ \_________ | |        | |    | |     \ \______/ /___________) |       
         \__________||_|        |_|    |_|      \________//____________/        
                                                                                
====================================[ Qcore ]===================================

 Git hash:   7cd5c520b37f7ee862d844b1504bc4191dc47444
 Git date:   Tue, 4 May 2021 13:25:05 +0100
 Compiler:   GNU 9.1.0
 Build type: Release
 Version:    1.2.0

 Start time: Mon May 17 12:21:02 2021

 Data directory: /home/of15641/.local/src/Qcore/release/share/entos/1.2.0/data
 Number of threads: 1
 Number of threads was determined by: command line argument
  - More threads can be used by running 'qcore -n 24'

 --------------------------------------------------------------------------------
                                  command: bchla                                 
 --------------------------------------------------------------------------------
Mg s eff H
  -0.3102

 SCF converged in 1 iterations.

 Setting up Delta-SCF
 Ground-Excited state overlap:          -0.000000000
 No correction applied to the TDM.
 Excitation energy:                      0.080215059
 Excitation energy (in eV):              2.182762966
 Transition dipole:                     -3.00752       1.58082      -1.49170
Mg s
          144          152          153          179          180          396          402          404          405          407          408
Mg p
          208          218          219          228          235          240          243          272          306          331          332          339          343          346          347          349          354          355          356          361          364          365          366          368          369          370          381          385          390          391          408
Mg d
          208          211          218          219          220          228          232          235          240          243          247          339          340          342          343          347          349          354          356          364          365          366          368          370          376          407
 Saving results in set 'frame_293'

 --------------------------------------------------------------------------------

 End time:                               Mon May 17 12:21:03 2021
 Total wall-clock time:                  0.554 seconds
==================================================================================
