
================================================================================
          _____________ ________ _______________ ________     _________         
         / ___________// ______ \\_____   _____// ______ \   / ________)        
        / /_________  / /      \ \     | |     / /      \ \ | (_______          
       |  __________|| |        | |    | |    | |        | | \________ \        
        \ \_________ | |        | |    | |     \ \______/ /___________) |       
         \__________||_|        |_|    |_|      \________//____________/        
                                                                                
====================================[ Qcore ]===================================

 Git hash:   7cd5c520b37f7ee862d844b1504bc4191dc47444
 Git date:   Tue, 4 May 2021 13:25:05 +0100
 Compiler:   GNU 9.1.0
 Build type: Release
 Version:    1.2.0

 Start time: Mon May 17 11:54:56 2021

 Data directory: /home/of15641/.local/src/Qcore/release/share/entos/1.2.0/data
 Number of threads: 1
 Number of threads was determined by: command line argument
  - More threads can be used by running 'qcore -n 24'

 --------------------------------------------------------------------------------
                                  command: bchla                                 
 --------------------------------------------------------------------------------
Mg s eff H
  -0.3103

 SCF converged in 1 iterations.

 Setting up Delta-SCF
 Ground-Excited state overlap:           0.000000000
 No correction applied to the TDM.
 Excitation energy:                      0.071261188
 Excitation energy (in eV):              1.939115715
 Transition dipole:                     -1.47265      -1.58688      -1.75259
Mg s
          149          153          176          177          392          401          403          404          406
Mg p
          159          225          248          318          320          324          330          332          338          339          340          346          349          352          353          356          359          361          362          364          367          371          374          377          378          383          388          391          394
Mg d
          212          213          215          217          225          229          239          241          242          248          250          323          339          340          347          352          356          357          358          361          362          370          373          377          378          383          387          394          395
 Saving results in set 'frame_1554'

 --------------------------------------------------------------------------------

 End time:                               Mon May 17 11:54:57 2021
 Total wall-clock time:                  0.496 seconds
==================================================================================
