
================================================================================
          _____________ ________ _______________ ________     _________         
         / ___________// ______ \\_____   _____// ______ \   / ________)        
        / /_________  / /      \ \     | |     / /      \ \ | (_______          
       |  __________|| |        | |    | |    | |        | | \________ \        
        \ \_________ | |        | |    | |     \ \______/ /___________) |       
         \__________||_|        |_|    |_|      \________//____________/        
                                                                                
====================================[ Qcore ]===================================

 Git hash:   7cd5c520b37f7ee862d844b1504bc4191dc47444
 Git date:   Tue, 4 May 2021 13:25:05 +0100
 Compiler:   GNU 9.1.0
 Build type: Release
 Version:    1.2.0

 Start time: Mon May 17 12:21:04 2021

 Data directory: /home/of15641/.local/src/Qcore/release/share/entos/1.2.0/data
 Number of threads: 1
 Number of threads was determined by: command line argument
  - More threads can be used by running 'qcore -n 24'

 --------------------------------------------------------------------------------
                                  command: bchla                                 
 --------------------------------------------------------------------------------
Mg s eff H
  -0.3102

 SCF converged in 1 iterations.

 Setting up Delta-SCF
 Ground-Excited state overlap:           0.000000000
 No correction applied to the TDM.
 Excitation energy:                      0.076594970
 Excitation energy (in eV):              2.084255308
 Transition dipole:                     -2.25265       0.68113       2.49088
Mg s
          146          153          177          179          180          361          370          386          395          402          403          407
Mg p
          234          235          243          267          268          317          322          340          346          349          353          358          360          363          365          370          371          373          380          381          383          386          387          388          398          401          407          408
Mg d
          206          214          223          228          234          235          237          242          243          268          322          325          328          335          340          342          346          349          352          353          360          361          365          367          370          373          380          381          383          386          397          403          407
 Saving results in set 'frame_30'

 --------------------------------------------------------------------------------

 End time:                               Mon May 17 12:21:05 2021
 Total wall-clock time:                  0.491 seconds
==================================================================================
