
================================================================================
          _____________ ________ _______________ ________     _________         
         / ___________// ______ \\_____   _____// ______ \   / ________)        
        / /_________  / /      \ \     | |     / /      \ \ | (_______          
       |  __________|| |        | |    | |    | |        | | \________ \        
        \ \_________ | |        | |    | |     \ \______/ /___________) |       
         \__________||_|        |_|    |_|      \________//____________/        
                                                                                
====================================[ Qcore ]===================================

 Git hash:   7cd5c520b37f7ee862d844b1504bc4191dc47444
 Git date:   Tue, 4 May 2021 13:25:05 +0100
 Compiler:   GNU 9.1.0
 Build type: Release
 Version:    1.2.0

 Start time: Mon May 17 12:27:24 2021

 Data directory: /home/of15641/.local/src/Qcore/release/share/entos/1.2.0/data
 Number of threads: 1
 Number of threads was determined by: command line argument
  - More threads can be used by running 'qcore -n 24'

 --------------------------------------------------------------------------------
                                  command: bchla                                 
 --------------------------------------------------------------------------------
Mg s eff H
  -0.3102

 SCF converged in 1 iterations.

 Setting up Delta-SCF
 Ground-Excited state overlap:           0.000000000
 No correction applied to the TDM.
 Excitation energy:                      0.078978982
 Excitation energy (in eV):              2.149127581
 Transition dipole:                      0.50238      -0.74807      -2.84420
Mg s
          147          178          179          180          366          385          406          407          408
Mg p
          205          214          217          229          233          234          242          243          244          269          271          272          349          350          355          359          360          362          363          364          365          366          367          371          373          375          377          378          379          380          384          407          408
Mg d
          242          243          268          334          338          349          350          351          352          353          354          355          359          360          362          366          367          371          373          378          381          382          388          393          394          406          407
 Saving results in set 'frame_474'

 --------------------------------------------------------------------------------

 End time:                               Mon May 17 12:27:25 2021
 Total wall-clock time:                  0.660 seconds
==================================================================================
