
================================================================================
          _____________ ________ _______________ ________     _________         
         / ___________// ______ \\_____   _____// ______ \   / ________)        
        / /_________  / /      \ \     | |     / /      \ \ | (_______          
       |  __________|| |        | |    | |    | |        | | \________ \        
        \ \_________ | |        | |    | |     \ \______/ /___________) |       
         \__________||_|        |_|    |_|      \________//____________/        
                                                                                
====================================[ Qcore ]===================================

 Git hash:   7cd5c520b37f7ee862d844b1504bc4191dc47444
 Git date:   Tue, 4 May 2021 13:25:05 +0100
 Compiler:   GNU 9.1.0
 Build type: Release
 Version:    1.2.0

 Start time: Mon May 17 11:47:54 2021

 Data directory: /home/of15641/.local/src/Qcore/release/share/entos/1.2.0/data
 Number of threads: 1
 Number of threads was determined by: command line argument
  - More threads can be used by running 'qcore -n 24'

 --------------------------------------------------------------------------------
                                  command: bchla                                 
 --------------------------------------------------------------------------------
Mg s eff H
  -0.3103

 SCF converged in 1 iterations.

 Setting up Delta-SCF
 Ground-Excited state overlap:          -0.000000000
 No correction applied to the TDM.
 Excitation energy:                      0.080593102
 Excitation energy (in eV):              2.193050026
 Transition dipole:                     -1.66994       3.25050       0.02832
Mg s
          149          152          178          180          181          405          406          407          408
Mg p
          302          314          327          329          330          335          336          338          339          342          351          355          356          359          361          363          364          365          367          368          371          372          378          379          380          381          383          387          396          406          407
Mg d
          204          209          211          214          222          223          224          225          233          234          237          238          239          241          242          246          338          351
 Saving results in set 'frame_1409'

 --------------------------------------------------------------------------------

 End time:                               Mon May 17 11:47:55 2021
 Total wall-clock time:                  0.499 seconds
==================================================================================
