
================================================================================
          _____________ ________ _______________ ________     _________         
         / ___________// ______ \\_____   _____// ______ \   / ________)        
        / /_________  / /      \ \     | |     / /      \ \ | (_______          
       |  __________|| |        | |    | |    | |        | | \________ \        
        \ \_________ | |        | |    | |     \ \______/ /___________) |       
         \__________||_|        |_|    |_|      \________//____________/        
                                                                                
====================================[ Qcore ]===================================

 Git hash:   7cd5c520b37f7ee862d844b1504bc4191dc47444
 Git date:   Tue, 4 May 2021 13:25:05 +0100
 Compiler:   GNU 9.1.0
 Build type: Release
 Version:    1.2.0

 Start time: Mon May 17 11:40:55 2021

 Data directory: /home/of15641/.local/src/Qcore/release/share/entos/1.2.0/data
 Number of threads: 1
 Number of threads was determined by: command line argument
  - More threads can be used by running 'qcore -n 24'

 --------------------------------------------------------------------------------
                                  command: bchla                                 
 --------------------------------------------------------------------------------
Mg s eff H
  -0.3103

 SCF converged in 1 iterations.

 Setting up Delta-SCF
 Ground-Excited state overlap:           0.000000000
 No correction applied to the TDM.
 Excitation energy:                      0.077579558
 Excitation energy (in eV):              2.111047308
 Transition dipole:                     -1.77009      -0.81645       1.92545
Mg s
          143          149          153          178          383          385          401          402          404          406          407
Mg p
          271          309          331          337          340          344          347          348          349          357          358          359          361          362          363          364          365          366          367          369          375          383          385          396          397          406          407          408
Mg d
          159          237          240          269          318          321          326          328          337          344          347          349          353          354          358          359          361          362          366          367          369          370          372          377          384          385
 Saving results in set 'frame_1329'

 --------------------------------------------------------------------------------

 End time:                               Mon May 17 11:40:56 2021
 Total wall-clock time:                  0.586 seconds
==================================================================================
