
================================================================================
          _____________ ________ _______________ ________     _________         
         / ___________// ______ \\_____   _____// ______ \   / ________)        
        / /_________  / /      \ \     | |     / /      \ \ | (_______          
       |  __________|| |        | |    | |    | |        | | \________ \        
        \ \_________ | |        | |    | |     \ \______/ /___________) |       
         \__________||_|        |_|    |_|      \________//____________/        
                                                                                
====================================[ Qcore ]===================================

 Git hash:   7cd5c520b37f7ee862d844b1504bc4191dc47444
 Git date:   Tue, 4 May 2021 13:25:05 +0100
 Compiler:   GNU 9.1.0
 Build type: Release
 Version:    1.2.0

 Start time: Mon May 17 12:01:43 2021

 Data directory: /home/of15641/.local/src/Qcore/release/share/entos/1.2.0/data
 Number of threads: 1
 Number of threads was determined by: command line argument
  - More threads can be used by running 'qcore -n 24'

 --------------------------------------------------------------------------------
                                  command: bchla                                 
 --------------------------------------------------------------------------------
Mg s eff H
  -0.3103

 SCF converged in 1 iterations.

 Setting up Delta-SCF
 Ground-Excited state overlap:          -0.000000000
 No correction applied to the TDM.
 Excitation energy:                      0.082069400
 Excitation energy (in eV):              2.233222137
 Transition dipole:                     -2.05089       2.29521       1.85332
Mg s
          143          147          151          176          178          180          370          375          394          403          404          405          408
Mg p
          241          268          308          315          330          335          337          338          342          346          350          352          353          355          356          357          358          359          362          364          367          369          370          375          379          380          388
Mg d
          178          207          209          210          215          216          226          227          235          236          237          241          272          350          357          359          367          369          370          393          395          405
 Saving results in set 'frame_1715'

 --------------------------------------------------------------------------------

 End time:                               Mon May 17 12:01:44 2021
 Total wall-clock time:                  0.539 seconds
==================================================================================
