
================================================================================
          _____________ ________ _______________ ________     _________         
         / ___________// ______ \\_____   _____// ______ \   / ________)        
        / /_________  / /      \ \     | |     / /      \ \ | (_______          
       |  __________|| |        | |    | |    | |        | | \________ \        
        \ \_________ | |        | |    | |     \ \______/ /___________) |       
         \__________||_|        |_|    |_|      \________//____________/        
                                                                                
====================================[ Qcore ]===================================

 Git hash:   7cd5c520b37f7ee862d844b1504bc4191dc47444
 Git date:   Tue, 4 May 2021 13:25:05 +0100
 Compiler:   GNU 9.1.0
 Build type: Release
 Version:    1.2.0

 Start time: Mon May 17 11:47:00 2021

 Data directory: /home/of15641/.local/src/Qcore/release/share/entos/1.2.0/data
 Number of threads: 1
 Number of threads was determined by: command line argument
  - More threads can be used by running 'qcore -n 32'

 --------------------------------------------------------------------------------
                                  command: bchla                                 
 --------------------------------------------------------------------------------
Mg s eff H
  -0.3102

 SCF converged in 1 iterations.

 Setting up Delta-SCF
 Ground-Excited state overlap:           0.000000000
 No correction applied to the TDM.
 Excitation energy:                      0.071080791
 Excitation energy (in eV):              1.934206863
 Transition dipole:                     -2.62434      -1.05282      -1.39636
Mg s
          152          178          179          180          181          378          387          388          396          405          406
Mg p
          159          304          313          315          319          333          340          344          346          347          349          351          354          356          361          362          367          369          371          374          376          383          396
Mg d
          206          213          221          222          227          228          236          239          240          270          320          323          326          328          332          333          334          337          340          341          344          346          347          351          353          358          362          373          383          395          405          406          408
 Saving results in set 'frame_145'

 --------------------------------------------------------------------------------

 End time:                               Mon May 17 11:47:01 2021
 Total wall-clock time:                  0.518 seconds
==================================================================================
