
================================================================================
          _____________ ________ _______________ ________     _________         
         / ___________// ______ \\_____   _____// ______ \   / ________)        
        / /_________  / /      \ \     | |     / /      \ \ | (_______          
       |  __________|| |        | |    | |    | |        | | \________ \        
        \ \_________ | |        | |    | |     \ \______/ /___________) |       
         \__________||_|        |_|    |_|      \________//____________/        
                                                                                
====================================[ Qcore ]===================================

 Git hash:   7cd5c520b37f7ee862d844b1504bc4191dc47444
 Git date:   Tue, 4 May 2021 13:25:05 +0100
 Compiler:   GNU 9.1.0
 Build type: Release
 Version:    1.2.0

 Start time: Mon May 17 12:46:04 2021

 Data directory: /home/of15641/.local/src/Qcore/release/share/entos/1.2.0/data
 Number of threads: 1
 Number of threads was determined by: command line argument
  - More threads can be used by running 'qcore -n 24'

 --------------------------------------------------------------------------------
                                  command: bchla                                 
 --------------------------------------------------------------------------------
Mg s eff H
  -0.3104

 SCF converged in 1 iterations.

 Setting up Delta-SCF
 Ground-Excited state overlap:           0.000000000
 No correction applied to the TDM.
 Excitation energy:                      0.081328684
 Excitation energy (in eV):              2.213066244
 Transition dipole:                     -0.05139       0.14429       3.44203
Mg s
          148          152          177          178          180          372          385          392          395          396          400          401          403          404          406
Mg p
          158          206          235          240          268          316          320          325          328          337          339          340          341          342          346          348          349          352          353          356          360          364          366          369          374          384          392          400
Mg d
          307          313          314          320          328          331          332          334          335          339          341          342          345          346          348          349          351          352          353          358          359          360          364          369          372          377          381          383          390          393          395          396
 Saving results in set 'frame_866'

 --------------------------------------------------------------------------------

 End time:                               Mon May 17 12:46:05 2021
 Total wall-clock time:                  0.507 seconds
==================================================================================
