
================================================================================
          _____________ ________ _______________ ________     _________         
         / ___________// ______ \\_____   _____// ______ \   / ________)        
        / /_________  / /      \ \     | |     / /      \ \ | (_______          
       |  __________|| |        | |    | |    | |        | | \________ \        
        \ \_________ | |        | |    | |     \ \______/ /___________) |       
         \__________||_|        |_|    |_|      \________//____________/        
                                                                                
====================================[ Qcore ]===================================

 Git hash:   7cd5c520b37f7ee862d844b1504bc4191dc47444
 Git date:   Tue, 4 May 2021 13:25:05 +0100
 Compiler:   GNU 9.1.0
 Build type: Release
 Version:    1.2.0

 Start time: Mon May 17 12:24:18 2021

 Data directory: /home/of15641/.local/src/Qcore/release/share/entos/1.2.0/data
 Number of threads: 1
 Number of threads was determined by: command line argument
  - More threads can be used by running 'qcore -n 24'

 --------------------------------------------------------------------------------
                                  command: bchla                                 
 --------------------------------------------------------------------------------
Mg s eff H
  -0.3104

 SCF converged in 1 iterations.

 Setting up Delta-SCF
 Ground-Excited state overlap:          -0.000000000
 No correction applied to the TDM.
 Excitation energy:                      0.077440589
 Excitation energy (in eV):              2.107265779
 Transition dipole:                      3.23761       1.07320       0.83277
Mg s
          151          177          178          359          363          391          396          401          405          406          407          408
Mg p
          156          242          303          307          323          324          333          336          342          350          353          354          359          361          363          366          369          370          381          386          387          406          407          408
Mg d
          220          242          243          267          311          324          328          336          338          340          348          349          350          352          353          354          357          358          359          361          363          364          366          370          371          378          384          392          406          407
 Saving results in set 'frame_410'

 --------------------------------------------------------------------------------

 End time:                               Mon May 17 12:24:19 2021
 Total wall-clock time:                  0.658 seconds
==================================================================================
