
================================================================================
          _____________ ________ _______________ ________     _________         
         / ___________// ______ \\_____   _____// ______ \   / ________)        
        / /_________  / /      \ \     | |     / /      \ \ | (_______          
       |  __________|| |        | |    | |    | |        | | \________ \        
        \ \_________ | |        | |    | |     \ \______/ /___________) |       
         \__________||_|        |_|    |_|      \________//____________/        
                                                                                
====================================[ Qcore ]===================================

 Git hash:   7cd5c520b37f7ee862d844b1504bc4191dc47444
 Git date:   Tue, 4 May 2021 13:25:05 +0100
 Compiler:   GNU 9.1.0
 Build type: Release
 Version:    1.2.0

 Start time: Mon May 17 12:04:56 2021

 Data directory: /home/of15641/.local/src/Qcore/release/share/entos/1.2.0/data
 Number of threads: 1
 Number of threads was determined by: command line argument
  - More threads can be used by running 'qcore -n 24'

 --------------------------------------------------------------------------------
                                  command: bchla                                 
 --------------------------------------------------------------------------------
Mg s eff H
  -0.3102

 SCF converged in 1 iterations.

 Setting up Delta-SCF
 Ground-Excited state overlap:           0.000000000
 No correction applied to the TDM.
 Excitation energy:                      0.080586795
 Excitation energy (in eV):              2.192878402
 Transition dipole:                     -1.96949      -0.68222       1.86379
Mg s
          150          178          179          404          406          408
Mg p
          204          207          213          221          223          227          233          237          240          241          242          243          244          247          248          306          315          317          337          344          345          346          353          355          356          360          367          368          371          376          377          379          380          387
Mg d
          204          207          210          213          221          223          227          237          240          241          242          243          244          247          248          315          317          337          344          345          346          353          355          356          360          367          368          371          376          377          379          387
 Saving results in set 'frame_1766'

 --------------------------------------------------------------------------------

 End time:                               Mon May 17 12:04:57 2021
 Total wall-clock time:                  0.516 seconds
==================================================================================
