
================================================================================
          _____________ ________ _______________ ________     _________         
         / ___________// ______ \\_____   _____// ______ \   / ________)        
        / /_________  / /      \ \     | |     / /      \ \ | (_______          
       |  __________|| |        | |    | |    | |        | | \________ \        
        \ \_________ | |        | |    | |     \ \______/ /___________) |       
         \__________||_|        |_|    |_|      \________//____________/        
                                                                                
====================================[ Qcore ]===================================

 Git hash:   7cd5c520b37f7ee862d844b1504bc4191dc47444
 Git date:   Tue, 4 May 2021 13:25:05 +0100
 Compiler:   GNU 9.1.0
 Build type: Release
 Version:    1.2.0

 Start time: Mon May 17 11:58:27 2021

 Data directory: /home/of15641/.local/src/Qcore/release/share/entos/1.2.0/data
 Number of threads: 1
 Number of threads was determined by: command line argument
  - More threads can be used by running 'qcore -n 24'

 --------------------------------------------------------------------------------
                                  command: bchla                                 
 --------------------------------------------------------------------------------
Mg s eff H
  -0.3100

 SCF converged in 1 iterations.

 Setting up Delta-SCF
 Ground-Excited state overlap:           0.000000000
 No correction applied to the TDM.
 Excitation energy:                      0.077398728
 Excitation energy (in eV):              2.106126675
 Transition dipole:                      0.86439       2.17469       2.51361
Mg s
          149          179          180          361          385          394          397          402          406          407
Mg p
          241          246          251          266          268          319          328          342          352          359          360          361          363          365          367          368          369          371          372          373          375          377          379          385          391          394          395          400          406          408
Mg d
          179          206          208          211          212          227          231          241          246          247          251          266          267          328          352          359          361          365          368          371          372          373          375          376          377          380          381          399          401          406
 Saving results in set 'frame_1663'

 --------------------------------------------------------------------------------

 End time:                               Mon May 17 11:58:28 2021
 Total wall-clock time:                  0.835 seconds
==================================================================================
