
================================================================================
          _____________ ________ _______________ ________     _________         
         / ___________// ______ \\_____   _____// ______ \   / ________)        
        / /_________  / /      \ \     | |     / /      \ \ | (_______          
       |  __________|| |        | |    | |    | |        | | \________ \        
        \ \_________ | |        | |    | |     \ \______/ /___________) |       
         \__________||_|        |_|    |_|      \________//____________/        
                                                                                
====================================[ Qcore ]===================================

 Git hash:   7cd5c520b37f7ee862d844b1504bc4191dc47444
 Git date:   Tue, 4 May 2021 13:25:05 +0100
 Compiler:   GNU 9.1.0
 Build type: Release
 Version:    1.2.0

 Start time: Mon May 17 12:04:59 2021

 Data directory: /home/of15641/.local/src/Qcore/release/share/entos/1.2.0/data
 Number of threads: 1
 Number of threads was determined by: command line argument
  - More threads can be used by running 'qcore -n 24'

 --------------------------------------------------------------------------------
                                  command: bchla                                 
 --------------------------------------------------------------------------------
Mg s eff H
  -0.3102

 SCF converged in 1 iterations.

 Setting up Delta-SCF
 Ground-Excited state overlap:          -0.000000000
 No correction applied to the TDM.
 Excitation energy:                      0.077473259
 Excitation energy (in eV):              2.108154766
 Transition dipole:                     -0.93153      -2.45412      -2.77174
Mg s
          150          151          178          179          353          394          396          401          402          403          404          405          406          407          408
Mg p
          206          217          218          219          225          232          239          241          242          243          244          264          268          311          324          325          341          352          353          354          357          360          362          365          366          368          369          374          385          389          394          400          405
Mg d
          239          241          242          264          268          311          319          321          324          325          327          328          341          350          352          353          357          358          359          360          365          366          368          369          371          374          377          380          387          396          398          402          405          408
 Saving results in set 'frame_1792'

 --------------------------------------------------------------------------------

 End time:                               Mon May 17 12:04:59 2021
 Total wall-clock time:                  0.513 seconds
==================================================================================
