
================================================================================
          _____________ ________ _______________ ________     _________         
         / ___________// ______ \\_____   _____// ______ \   / ________)        
        / /_________  / /      \ \     | |     / /      \ \ | (_______          
       |  __________|| |        | |    | |    | |        | | \________ \        
        \ \_________ | |        | |    | |     \ \______/ /___________) |       
         \__________||_|        |_|    |_|      \________//____________/        
                                                                                
====================================[ Qcore ]===================================

 Git hash:   7cd5c520b37f7ee862d844b1504bc4191dc47444
 Git date:   Tue, 4 May 2021 13:25:05 +0100
 Compiler:   GNU 9.1.0
 Build type: Release
 Version:    1.2.0

 Start time: Mon May 17 11:47:56 2021

 Data directory: /home/of15641/.local/src/Qcore/release/share/entos/1.2.0/data
 Number of threads: 1
 Number of threads was determined by: command line argument
  - More threads can be used by running 'qcore -n 24'

 --------------------------------------------------------------------------------
                                  command: bchla                                 
 --------------------------------------------------------------------------------
Mg s eff H
  -0.3104

 SCF converged in 1 iterations.

 Setting up Delta-SCF
 Ground-Excited state overlap:          -0.000000000
 No correction applied to the TDM.
 Excitation energy:                      0.076477525
 Excitation energy (in eV):              2.081059485
 Transition dipole:                     -1.46188      -1.90066       0.69846
Mg s
          152          180          377          389          393          400          401          403          404          405          408
Mg p
          305          318          322          324          325          329          330          337          338          342          343          348          352          360          361          363          364          366          367          369          370          372          376          377          378          384          385          387          389          399          404
Mg d
          205          207          217          219          222          225          227          228          233          235          236          238          241          244          337          338          354
 Saving results in set 'frame_1424'

 --------------------------------------------------------------------------------

 End time:                               Mon May 17 11:47:56 2021
 Total wall-clock time:                  0.551 seconds
==================================================================================
