
================================================================================
          _____________ ________ _______________ ________     _________         
         / ___________// ______ \\_____   _____// ______ \   / ________)        
        / /_________  / /      \ \     | |     / /      \ \ | (_______          
       |  __________|| |        | |    | |    | |        | | \________ \        
        \ \_________ | |        | |    | |     \ \______/ /___________) |       
         \__________||_|        |_|    |_|      \________//____________/        
                                                                                
====================================[ Qcore ]===================================

 Git hash:   7cd5c520b37f7ee862d844b1504bc4191dc47444
 Git date:   Tue, 4 May 2021 13:25:05 +0100
 Compiler:   GNU 9.1.0
 Build type: Release
 Version:    1.2.0

 Start time: Mon May 17 11:44:33 2021

 Data directory: /home/of15641/.local/src/Qcore/release/share/entos/1.2.0/data
 Number of threads: 1
 Number of threads was determined by: command line argument
  - More threads can be used by running 'qcore -n 24'

 --------------------------------------------------------------------------------
                                  command: bchla                                 
 --------------------------------------------------------------------------------
Mg s eff H
  -0.3102

 SCF converged in 1 iterations.

 Setting up Delta-SCF
 Ground-Excited state overlap:          -0.000000000
 No correction applied to the TDM.
 Excitation energy:                      0.077414798
 Excitation energy (in eV):              2.106563964
 Transition dipole:                      0.72975       3.30211       0.13736
Mg s
          142          148          152          178          392          404          406          407
Mg p
          218          228          237          241          245          271          307          308          310          321          323          324          330          332          334          335          338          341          343          346          352          354          356          358          359          360          361          362          367          368          369          370          383          384          385          387          402          407          408
Mg d
          195          202          203          211          212          213          216          217          218          220          224          226          228          229          231          237          241          242          244          245          323          352          356          358          361          362          367          368          384          407
 Saving results in set 'frame_1401'

 --------------------------------------------------------------------------------

 End time:                               Mon May 17 11:44:33 2021
 Total wall-clock time:                  0.539 seconds
==================================================================================
