
================================================================================
          _____________ ________ _______________ ________     _________         
         / ___________// ______ \\_____   _____// ______ \   / ________)        
        / /_________  / /      \ \     | |     / /      \ \ | (_______          
       |  __________|| |        | |    | |    | |        | | \________ \        
        \ \_________ | |        | |    | |     \ \______/ /___________) |       
         \__________||_|        |_|    |_|      \________//____________/        
                                                                                
====================================[ Qcore ]===================================

 Git hash:   7cd5c520b37f7ee862d844b1504bc4191dc47444
 Git date:   Tue, 4 May 2021 13:25:05 +0100
 Compiler:   GNU 9.1.0
 Build type: Release
 Version:    1.2.0

 Start time: Mon May 17 12:04:58 2021

 Data directory: /home/of15641/.local/src/Qcore/release/share/entos/1.2.0/data
 Number of threads: 1
 Number of threads was determined by: command line argument
  - More threads can be used by running 'qcore -n 24'

 --------------------------------------------------------------------------------
                                  command: bchla                                 
 --------------------------------------------------------------------------------
Mg s eff H
  -0.3104

 SCF converged in 1 iterations.

 Setting up Delta-SCF
 Ground-Excited state overlap:           0.000000000
 No correction applied to the TDM.
 Excitation energy:                      0.073491697
 Excitation energy (in eV):              1.999810949
 Transition dipole:                      1.83819       1.05789      -1.19393
Mg s
          151          177          179          180          360          376          380          401          402          405          408
Mg p
          209          214          219          228          230          233          236          238          240          244          265          267          319          339          345          354          355          357          360          362          364          366          368          371          374          376          377          379          380          385          393          395          396          405
Mg d
          209          214          219          222          228          230          232          233          236          238          240          244          267          319          352          354          355          357          360          362          363          364          374          377          395          401          402          405
 Saving results in set 'frame_1784'

 --------------------------------------------------------------------------------

 End time:                               Mon May 17 12:04:58 2021
 Total wall-clock time:                  0.516 seconds
==================================================================================
