
================================================================================
          _____________ ________ _______________ ________     _________         
         / ___________// ______ \\_____   _____// ______ \   / ________)        
        / /_________  / /      \ \     | |     / /      \ \ | (_______          
       |  __________|| |        | |    | |    | |        | | \________ \        
        \ \_________ | |        | |    | |     \ \______/ /___________) |       
         \__________||_|        |_|    |_|      \________//____________/        
                                                                                
====================================[ Qcore ]===================================

 Git hash:   7cd5c520b37f7ee862d844b1504bc4191dc47444
 Git date:   Tue, 4 May 2021 13:25:05 +0100
 Compiler:   GNU 9.1.0
 Build type: Release
 Version:    1.2.0

 Start time: Mon May 17 11:40:53 2021

 Data directory: /home/of15641/.local/src/Qcore/release/share/entos/1.2.0/data
 Number of threads: 1
 Number of threads was determined by: command line argument
  - More threads can be used by running 'qcore -n 24'

 --------------------------------------------------------------------------------
                                  command: bchla                                 
 --------------------------------------------------------------------------------
Mg s eff H
  -0.3103

 SCF converged in 1 iterations.

 Setting up Delta-SCF
 Ground-Excited state overlap:          -0.000000000
 No correction applied to the TDM.
 Excitation energy:                      0.082679357
 Excitation energy (in eV):              2.249819912
 Transition dipole:                     -1.57177       1.15461       2.51811
Mg s
          150          151          178          179          391          392          398          399          404          406          407          408
Mg p
          158          240          272          304          333          334          342          353          357          358          359          362          363          364          365          366          367          371          374          375          383          388          393          404
Mg d
          205          217          220          225          229          238          240          241          242          267          270          304          318          333          336          337          339          344          345          353          355          357          363          364          365          366          367          372          374          378          380          383          404          406          407
 Saving results in set 'frame_130'

 --------------------------------------------------------------------------------

 End time:                               Mon May 17 11:40:53 2021
 Total wall-clock time:                  0.523 seconds
==================================================================================
