
================================================================================
          _____________ ________ _______________ ________     _________         
         / ___________// ______ \\_____   _____// ______ \   / ________)        
        / /_________  / /      \ \     | |     / /      \ \ | (_______          
       |  __________|| |        | |    | |    | |        | | \________ \        
        \ \_________ | |        | |    | |     \ \______/ /___________) |       
         \__________||_|        |_|    |_|      \________//____________/        
                                                                                
====================================[ Qcore ]===================================

 Git hash:   7cd5c520b37f7ee862d844b1504bc4191dc47444
 Git date:   Tue, 4 May 2021 13:25:05 +0100
 Compiler:   GNU 9.1.0
 Build type: Release
 Version:    1.2.0

 Start time: Mon May 17 11:54:58 2021

 Data directory: /home/of15641/.local/src/Qcore/release/share/entos/1.2.0/data
 Number of threads: 1
 Number of threads was determined by: command line argument
  - More threads can be used by running 'qcore -n 24'

 --------------------------------------------------------------------------------
                                  command: bchla                                 
 --------------------------------------------------------------------------------
Mg s eff H
  -0.3103

 SCF converged in 1 iterations.

 Setting up Delta-SCF
 Ground-Excited state overlap:           0.000000000
 No correction applied to the TDM.
 Excitation energy:                      0.076695856
 Excitation energy (in eV):              2.087000554
 Transition dipole:                     -0.75907      -1.81231      -2.07806
Mg s
          150          151          152          177          178          179          360          379          385          387          392          394          396          398          401          403          405          407          408
Mg p
          159          264          272          327          347          348          350          352          353          355          360          362          367          368          369          374          376          379          380          382          385          391          401          405          407          408
Mg d
          206          210          211          231          239          241          264          318          320          329          331          347          348          352          353          355          359          360          361          367          372          378          396          405
 Saving results in set 'frame_157'

 --------------------------------------------------------------------------------

 End time:                               Mon May 17 11:54:59 2021
 Total wall-clock time:                  0.549 seconds
==================================================================================
