
================================================================================
          _____________ ________ _______________ ________     _________         
         / ___________// ______ \\_____   _____// ______ \   / ________)        
        / /_________  / /      \ \     | |     / /      \ \ | (_______          
       |  __________|| |        | |    | |    | |        | | \________ \        
        \ \_________ | |        | |    | |     \ \______/ /___________) |       
         \__________||_|        |_|    |_|      \________//____________/        
                                                                                
====================================[ Qcore ]===================================

 Git hash:   7cd5c520b37f7ee862d844b1504bc4191dc47444
 Git date:   Tue, 4 May 2021 13:25:05 +0100
 Compiler:   GNU 9.1.0
 Build type: Release
 Version:    1.2.0

 Start time: Mon May 17 11:33:42 2021

 Data directory: /home/of15641/.local/src/Qcore/release/share/entos/1.2.0/data
 Number of threads: 1
 Number of threads was determined by: command line argument
  - More threads can be used by running 'qcore -n 24'

 --------------------------------------------------------------------------------
                                  command: bchla                                 
 --------------------------------------------------------------------------------
Mg s eff H
  -0.3103

 SCF converged in 1 iterations.

 Setting up Delta-SCF
 Ground-Excited state overlap:          -0.000000000
 No correction applied to the TDM.
 Excitation energy:                      0.079390360
 Excitation energy (in eV):              2.160321744
 Transition dipole:                     -2.66435       0.24124      -0.28024
Mg s
          149          153          178          380          399          401          403          404          405          408
Mg p
          160          266          267          301          309          310          311          315          319          332          336          338          342          344          347          348          351          353          355          356          360          361          368          370          375          378          385          403          404          405          408
Mg d
          158          213          219          223          236          239          243          321          326          327          332          340          342          344          353          355          358          360          367          368          370          374          376          384          390          399          404          405
 Saving results in set 'frame_1190'

 --------------------------------------------------------------------------------

 End time:                               Mon May 17 11:33:42 2021
 Total wall-clock time:                  0.515 seconds
==================================================================================
