
================================================================================
          _____________ ________ _______________ ________     _________         
         / ___________// ______ \\_____   _____// ______ \   / ________)        
        / /_________  / /      \ \     | |     / /      \ \ | (_______          
       |  __________|| |        | |    | |    | |        | | \________ \        
        \ \_________ | |        | |    | |     \ \______/ /___________) |       
         \__________||_|        |_|    |_|      \________//____________/        
                                                                                
====================================[ Qcore ]===================================

 Git hash:   7cd5c520b37f7ee862d844b1504bc4191dc47444
 Git date:   Tue, 4 May 2021 13:25:05 +0100
 Compiler:   GNU 9.1.0
 Build type: Release
 Version:    1.2.0

 Start time: Mon May 17 12:30:29 2021

 Data directory: /home/of15641/.local/src/Qcore/release/share/entos/1.2.0/data
 Number of threads: 1
 Number of threads was determined by: command line argument
  - More threads can be used by running 'qcore -n 24'

 --------------------------------------------------------------------------------
                                  command: bchla                                 
 --------------------------------------------------------------------------------
Mg s eff H
  -0.3104

 SCF converged in 1 iterations.

 Setting up Delta-SCF
 Ground-Excited state overlap:           0.000000000
 No correction applied to the TDM.
 Excitation energy:                      0.070139697
 Excitation energy (in eV):              1.908598380
 Transition dipole:                     -0.49284      -0.18752       2.43205
Mg s
          152          177          178          179          356          384          387          394          395          397          402          403          404          405          406
Mg p
          179          208          210          211          213          214          223          225          226          228          235          236          241          243          244          245          249          269          339          342          343          351          353          354          356          359          363          367          370          371
Mg d
          267          269          315          326          331          333          336          337          339          340          342          343          345          350          353          354          356          357          358          359          363          367          368          369          370          371          373          377          380          387          392          395          397          399          402          403          404
 Saving results in set 'frame_512'

 --------------------------------------------------------------------------------

 End time:                               Mon May 17 12:30:29 2021
 Total wall-clock time:                  0.543 seconds
==================================================================================
