
================================================================================
          _____________ ________ _______________ ________     _________         
         / ___________// ______ \\_____   _____// ______ \   / ________)        
        / /_________  / /      \ \     | |     / /      \ \ | (_______          
       |  __________|| |        | |    | |    | |        | | \________ \        
        \ \_________ | |        | |    | |     \ \______/ /___________) |       
         \__________||_|        |_|    |_|      \________//____________/        
                                                                                
====================================[ Qcore ]===================================

 Git hash:   7cd5c520b37f7ee862d844b1504bc4191dc47444
 Git date:   Tue, 4 May 2021 13:25:05 +0100
 Compiler:   GNU 9.1.0
 Build type: Release
 Version:    1.2.0

 Start time: Mon May 17 12:39:48 2021

 Data directory: /home/of15641/.local/src/Qcore/release/share/entos/1.2.0/data
 Number of threads: 1
 Number of threads was determined by: command line argument
  - More threads can be used by running 'qcore -n 24'

 --------------------------------------------------------------------------------
                                  command: bchla                                 
 --------------------------------------------------------------------------------
Mg s eff H
  -0.3103

 SCF converged in 1 iterations.

 Setting up Delta-SCF
 Ground-Excited state overlap:           0.000000000
 No correction applied to the TDM.
 Excitation energy:                      0.081031840
 Excitation energy (in eV):              2.204988684
 Transition dipole:                     -0.10345      -2.05250      -1.58336
Mg s
          144          152          177          178          374          400          402          404          405          406
Mg p
          178          208          209          214          215          220          221          229          230          234          235          237          238          243          247          248          348          354          360          363          365          369          371          374          382          383          386
Mg d
          229          243          247          269          324          326          328          330          341          343          346          351          355          357          358          363          365          366          368          369          371          374          375          379          381          383          386          389          391          393          404
 Saving results in set 'frame_729'

 --------------------------------------------------------------------------------

 End time:                               Mon May 17 12:39:48 2021
 Total wall-clock time:                  0.533 seconds
==================================================================================
