
================================================================================
          _____________ ________ _______________ ________     _________         
         / ___________// ______ \\_____   _____// ______ \   / ________)        
        / /_________  / /      \ \     | |     / /      \ \ | (_______          
       |  __________|| |        | |    | |    | |        | | \________ \        
        \ \_________ | |        | |    | |     \ \______/ /___________) |       
         \__________||_|        |_|    |_|      \________//____________/        
                                                                                
====================================[ Qcore ]===================================

 Git hash:   7cd5c520b37f7ee862d844b1504bc4191dc47444
 Git date:   Tue, 4 May 2021 13:25:05 +0100
 Compiler:   GNU 9.1.0
 Build type: Release
 Version:    1.2.0

 Start time: Mon May 17 12:04:56 2021

 Data directory: /home/of15641/.local/src/Qcore/release/share/entos/1.2.0/data
 Number of threads: 1
 Number of threads was determined by: command line argument
  - More threads can be used by running 'qcore -n 24'

 --------------------------------------------------------------------------------
                                  command: bchla                                 
 --------------------------------------------------------------------------------
Mg s eff H
  -0.3103

 SCF converged in 1 iterations.

 Setting up Delta-SCF
 Ground-Excited state overlap:          -0.000000000
 No correction applied to the TDM.
 Excitation energy:                      0.075745130
 Excitation energy (in eV):              2.061129997
 Transition dipole:                      1.84369       1.47521      -1.21062
Mg s
          152          177          178          377          387          393          402          404          405          406          408
Mg p
          207          211          214          215          223          233          238          239          244          301          315          320          321          322          326          327          328          329          330          332          334          335          336          337          341          344          346          352          356          360          368          369          371          373          381          402          404          408
Mg d
          207          210          211          212          214          215          219          221          223          225          233          237          238          239          240          244          246          268          315          320          321          322          326          332          336          337          341          344          346          352          356          360          368          381          404          408
 Saving results in set 'frame_1761'

 --------------------------------------------------------------------------------

 End time:                               Mon May 17 12:04:57 2021
 Total wall-clock time:                  0.561 seconds
==================================================================================
