
================================================================================
          _____________ ________ _______________ ________     _________         
         / ___________// ______ \\_____   _____// ______ \   / ________)        
        / /_________  / /      \ \     | |     / /      \ \ | (_______          
       |  __________|| |        | |    | |    | |        | | \________ \        
        \ \_________ | |        | |    | |     \ \______/ /___________) |       
         \__________||_|        |_|    |_|      \________//____________/        
                                                                                
====================================[ Qcore ]===================================

 Git hash:   7cd5c520b37f7ee862d844b1504bc4191dc47444
 Git date:   Tue, 4 May 2021 13:25:05 +0100
 Compiler:   GNU 9.1.0
 Build type: Release
 Version:    1.2.0

 Start time: Mon May 17 12:33:32 2021

 Data directory: /home/of15641/.local/src/Qcore/release/share/entos/1.2.0/data
 Number of threads: 1
 Number of threads was determined by: command line argument
  - More threads can be used by running 'qcore -n 24'

 --------------------------------------------------------------------------------
                                  command: bchla                                 
 --------------------------------------------------------------------------------
Mg s eff H
  -0.3103

 SCF converged in 1 iterations.

 Setting up Delta-SCF
 Ground-Excited state overlap:           0.000000000
 No correction applied to the TDM.
 Excitation energy:                      0.075251989
 Excitation energy (in eV):              2.047710934
 Transition dipole:                     -0.77943      -3.19907       1.07739
Mg s
          151          153          178          179          403          404          405          406          408
Mg p
          206          207          208          212          215          220          223          225          234          235          238          242          246          353          357          359          371          405
Mg d
          270          273          305          308          315          322          334          341          346          357          359          360          361          364          367          368          370          371          372          375          377          378          380          383          387          396          405
 Saving results in set 'frame_595'

 --------------------------------------------------------------------------------

 End time:                               Mon May 17 12:33:32 2021
 Total wall-clock time:                  0.559 seconds
==================================================================================
