
================================================================================
          _____________ ________ _______________ ________     _________         
         / ___________// ______ \\_____   _____// ______ \   / ________)        
        / /_________  / /      \ \     | |     / /      \ \ | (_______          
       |  __________|| |        | |    | |    | |        | | \________ \        
        \ \_________ | |        | |    | |     \ \______/ /___________) |       
         \__________||_|        |_|    |_|      \________//____________/        
                                                                                
====================================[ Qcore ]===================================

 Git hash:   7cd5c520b37f7ee862d844b1504bc4191dc47444
 Git date:   Tue, 4 May 2021 13:25:05 +0100
 Compiler:   GNU 9.1.0
 Build type: Release
 Version:    1.2.0

 Start time: Mon May 17 11:51:27 2021

 Data directory: /home/of15641/.local/src/Qcore/release/share/entos/1.2.0/data
 Number of threads: 1
 Number of threads was determined by: command line argument
  - More threads can be used by running 'qcore -n 24'

 --------------------------------------------------------------------------------
                                  command: bchla                                 
 --------------------------------------------------------------------------------
Mg s eff H
  -0.3101

 SCF converged in 1 iterations.

 Setting up Delta-SCF
 Ground-Excited state overlap:          -0.000000000
 No correction applied to the TDM.
 Excitation energy:                      0.081268716
 Excitation energy (in eV):              2.211434434
 Transition dipole:                     -1.91298       1.74233       1.89129
Mg s
          138          149          179          180          181          405          406          407          408
Mg p
          213          220          221          228          232          236          240          243          244          247          351          358          362          364          365          366          369          370          371          372          374          376          377          381          383          386          390          393          395          398
Mg d
          313          318          336          337          338          339          341          344          346          348          349          350          351          354          356          358          359          362          363          364          365          366          367          368          370          371          375          376          377          378          379          383          385          387          389          394
 Saving results in set 'frame_1495'

 --------------------------------------------------------------------------------

 End time:                               Mon May 17 11:51:28 2021
 Total wall-clock time:                  0.505 seconds
==================================================================================
