
================================================================================
          _____________ ________ _______________ ________     _________         
         / ___________// ______ \\_____   _____// ______ \   / ________)        
        / /_________  / /      \ \     | |     / /      \ \ | (_______          
       |  __________|| |        | |    | |    | |        | | \________ \        
        \ \_________ | |        | |    | |     \ \______/ /___________) |       
         \__________||_|        |_|    |_|      \________//____________/        
                                                                                
====================================[ Qcore ]===================================

 Git hash:   7cd5c520b37f7ee862d844b1504bc4191dc47444
 Git date:   Tue, 4 May 2021 13:25:05 +0100
 Compiler:   GNU 9.1.0
 Build type: Release
 Version:    1.2.0

 Start time: Mon May 17 12:01:44 2021

 Data directory: /home/of15641/.local/src/Qcore/release/share/entos/1.2.0/data
 Number of threads: 1
 Number of threads was determined by: command line argument
  - More threads can be used by running 'qcore -n 24'

 --------------------------------------------------------------------------------
                                  command: bchla                                 
 --------------------------------------------------------------------------------
Mg s eff H
  -0.3105

 SCF converged in 1 iterations.

 Setting up Delta-SCF
 Ground-Excited state overlap:          -0.000000000
 No correction applied to the TDM.
 Excitation energy:                      0.076614738
 Excitation energy (in eV):              2.084793229
 Transition dipole:                      2.67035      -0.94903      -1.21088
Mg s
          151          153          177          178          385          393          402          404          405          406          407
Mg p
          307          313          321          324          326          330          332          335          336          338          341          343          345          346          347          348          352          354          356          359          361          363          365          367          368          372          375          381          404          405          408
Mg d
          198          206          216          221          226          231          244          246          247          252          305          346          348          352          354          358          359          361          367          374          381          404
 Saving results in set 'frame_1716'

 --------------------------------------------------------------------------------

 End time:                               Mon May 17 12:01:44 2021
 Total wall-clock time:                  0.506 seconds
==================================================================================
