
================================================================================
          _____________ ________ _______________ ________     _________         
         / ___________// ______ \\_____   _____// ______ \   / ________)        
        / /_________  / /      \ \     | |     / /      \ \ | (_______          
       |  __________|| |        | |    | |    | |        | | \________ \        
        \ \_________ | |        | |    | |     \ \______/ /___________) |       
         \__________||_|        |_|    |_|      \________//____________/        
                                                                                
====================================[ Qcore ]===================================

 Git hash:   7cd5c520b37f7ee862d844b1504bc4191dc47444
 Git date:   Tue, 4 May 2021 13:25:05 +0100
 Compiler:   GNU 9.1.0
 Build type: Release
 Version:    1.2.0

 Start time: Mon May 17 12:14:38 2021

 Data directory: /home/of15641/.local/src/Qcore/release/share/entos/1.2.0/data
 Number of threads: 1
 Number of threads was determined by: command line argument
  - More threads can be used by running 'qcore -n 24'

 --------------------------------------------------------------------------------
                                  command: bchla                                 
 --------------------------------------------------------------------------------
Mg s eff H
  -0.3102

 SCF converged in 1 iterations.

 Setting up Delta-SCF
 Ground-Excited state overlap:           0.000000000
 No correction applied to the TDM.
 Excitation energy:                      0.077721413
 Excitation energy (in eV):              2.114907386
 Transition dipole:                     -0.24404       2.48571       2.12696
Mg s
          150          152          178          179          381          395          397          400          404          405          406
Mg p
          226          239          268          310          318          325          331          332          338          352          353          355          356          359          362          364          365          366          371          372          373          381          404
Mg d
          202          203          212          213          226          230          238          239          249          325          326          327          331          352          357          359          364          366          371          373          381          383          404          405
 Saving results in set 'frame_1972'

 --------------------------------------------------------------------------------

 End time:                               Mon May 17 12:14:39 2021
 Total wall-clock time:                  0.546 seconds
==================================================================================
