
================================================================================
          _____________ ________ _______________ ________     _________         
         / ___________// ______ \\_____   _____// ______ \   / ________)        
        / /_________  / /      \ \     | |     / /      \ \ | (_______          
       |  __________|| |        | |    | |    | |        | | \________ \        
        \ \_________ | |        | |    | |     \ \______/ /___________) |       
         \__________||_|        |_|    |_|      \________//____________/        
                                                                                
====================================[ Qcore ]===================================

 Git hash:   7cd5c520b37f7ee862d844b1504bc4191dc47444
 Git date:   Tue, 4 May 2021 13:25:05 +0100
 Compiler:   GNU 9.1.0
 Build type: Release
 Version:    1.2.0

 Start time: Mon May 17 12:33:31 2021

 Data directory: /home/of15641/.local/src/Qcore/release/share/entos/1.2.0/data
 Number of threads: 1
 Number of threads was determined by: command line argument
  - More threads can be used by running 'qcore -n 24'

 --------------------------------------------------------------------------------
                                  command: bchla                                 
 --------------------------------------------------------------------------------
Mg s eff H
  -0.3102

 SCF converged in 1 iterations.

 Setting up Delta-SCF
 Ground-Excited state overlap:          -0.000000000
 No correction applied to the TDM.
 Excitation energy:                      0.078896832
 Excitation energy (in eV):              2.146892165
 Transition dipole:                     -0.41004      -3.12681       1.49454
Mg s
          140          150          151          179          180          356          376          404          406          407
Mg p
          205          207          210          212          215          218          226          235          236          238          240          242          345          348          356          407
Mg d
          307          308          321          326          328          339          342          344          354          356          358          359          360          361          363          367          368          370          372          373          379          383          384          388          389          390          407          408
 Saving results in set 'frame_592'

 --------------------------------------------------------------------------------

 End time:                               Mon May 17 12:33:32 2021
 Total wall-clock time:                  0.496 seconds
==================================================================================
