
================================================================================
          _____________ ________ _______________ ________     _________         
         / ___________// ______ \\_____   _____// ______ \   / ________)        
        / /_________  / /      \ \     | |     / /      \ \ | (_______          
       |  __________|| |        | |    | |    | |        | | \________ \        
        \ \_________ | |        | |    | |     \ \______/ /___________) |       
         \__________||_|        |_|    |_|      \________//____________/        
                                                                                
====================================[ Qcore ]===================================

 Git hash:   7cd5c520b37f7ee862d844b1504bc4191dc47444
 Git date:   Tue, 4 May 2021 13:25:05 +0100
 Compiler:   GNU 9.1.0
 Build type: Release
 Version:    1.2.0

 Start time: Mon May 17 12:49:35 2021

 Data directory: /home/of15641/.local/src/Qcore/release/share/entos/1.2.0/data
 Number of threads: 1
 Number of threads was determined by: command line argument
  - More threads can be used by running 'qcore -n 24'

 --------------------------------------------------------------------------------
                                  command: bchla                                 
 --------------------------------------------------------------------------------
Mg s eff H
  -0.3101

 SCF converged in 1 iterations.

 Setting up Delta-SCF
 Ground-Excited state overlap:          -0.000000000
 No correction applied to the TDM.
 Excitation energy:                      0.079837961
 Excitation energy (in eV):              2.172501584
 Transition dipole:                      0.87527       1.34137       2.82359
Mg s
          149          153          179          405          406          407          408
Mg p
          229          240          243          268          309          313          330          333          337          344          346          348          355          357          359          361          366          368          371          372          374          375          387          388          398
Mg d
          243          308          333          346          349          352          353          357          361          363          365          366          368          369          371          376          377          379          383          388          390          395          406
 Saving results in set 'frame_915'

 --------------------------------------------------------------------------------

 End time:                               Mon May 17 12:49:36 2021
 Total wall-clock time:                  0.525 seconds
==================================================================================
