
================================================================================
          _____________ ________ _______________ ________     _________         
         / ___________// ______ \\_____   _____// ______ \   / ________)        
        / /_________  / /      \ \     | |     / /      \ \ | (_______          
       |  __________|| |        | |    | |    | |        | | \________ \        
        \ \_________ | |        | |    | |     \ \______/ /___________) |       
         \__________||_|        |_|    |_|      \________//____________/        
                                                                                
====================================[ Qcore ]===================================

 Git hash:   7cd5c520b37f7ee862d844b1504bc4191dc47444
 Git date:   Tue, 4 May 2021 13:25:05 +0100
 Compiler:   GNU 9.1.0
 Build type: Release
 Version:    1.2.0

 Start time: Mon May 17 11:51:26 2021

 Data directory: /home/of15641/.local/src/Qcore/release/share/entos/1.2.0/data
 Number of threads: 1
 Number of threads was determined by: command line argument
  - More threads can be used by running 'qcore -n 24'

 --------------------------------------------------------------------------------
                                  command: bchla                                 
 --------------------------------------------------------------------------------
Mg s eff H
  -0.3104

 SCF converged in 1 iterations.

 Setting up Delta-SCF
 Ground-Excited state overlap:           0.000000000
 No correction applied to the TDM.
 Excitation energy:                      0.078437912
 Excitation energy (in eV):              2.134404330
 Transition dipole:                     -1.97229       1.17449       2.13475
Mg s
          152          178          179          180          396          398          404          406          407
Mg p
          206          212          213          221          222          229          231          234          237          240          242          243          269          325          327          341          344          345          352          353          354          356          357          358          360          361          363          367          368          369          370          372          375          380          381          382          388
Mg d
          303          319          320          327          330          332          333          335          337          338          339          341          342          344          348          349          351          354          355          356          358          359          365          366          367          369          370          373          375          377          384          388          395          406          407
 Saving results in set 'frame_1475'

 --------------------------------------------------------------------------------

 End time:                               Mon May 17 11:51:26 2021
 Total wall-clock time:                  0.531 seconds
==================================================================================
