
================================================================================
          _____________ ________ _______________ ________     _________         
         / ___________// ______ \\_____   _____// ______ \   / ________)        
        / /_________  / /      \ \     | |     / /      \ \ | (_______          
       |  __________|| |        | |    | |    | |        | | \________ \        
        \ \_________ | |        | |    | |     \ \______/ /___________) |       
         \__________||_|        |_|    |_|      \________//____________/        
                                                                                
====================================[ Qcore ]===================================

 Git hash:   7cd5c520b37f7ee862d844b1504bc4191dc47444
 Git date:   Tue, 4 May 2021 13:25:05 +0100
 Compiler:   GNU 9.1.0
 Build type: Release
 Version:    1.2.0

 Start time: Mon May 17 12:30:31 2021

 Data directory: /home/of15641/.local/src/Qcore/release/share/entos/1.2.0/data
 Number of threads: 1
 Number of threads was determined by: command line argument
  - More threads can be used by running 'qcore -n 24'

 --------------------------------------------------------------------------------
                                  command: bchla                                 
 --------------------------------------------------------------------------------
Mg s eff H
  -0.3102

 SCF converged in 1 iterations.

 Setting up Delta-SCF
 Ground-Excited state overlap:           0.000000000
 No correction applied to the TDM.
 Excitation energy:                      0.079288049
 Excitation energy (in eV):              2.157537738
 Transition dipole:                     -0.39732      -1.92855       2.94928
Mg s
          150          152          177          178          380          387          397          400          403          404          405          407          408
Mg p
          178          209          210          213          216          222          224          232          234          237          242          243          244
Mg d
          268          270          307          323          327          329          335          336          337          339          341          343          353          355          356          359          361          362          363          366          369          371          375          377          381          383          387          388          392          395
 Saving results in set 'frame_536'

 --------------------------------------------------------------------------------

 End time:                               Mon May 17 12:30:32 2021
 Total wall-clock time:                  0.547 seconds
==================================================================================
