
================================================================================
          _____________ ________ _______________ ________     _________         
         / ___________// ______ \\_____   _____// ______ \   / ________)        
        / /_________  / /      \ \     | |     / /      \ \ | (_______          
       |  __________|| |        | |    | |    | |        | | \________ \        
        \ \_________ | |        | |    | |     \ \______/ /___________) |       
         \__________||_|        |_|    |_|      \________//____________/        
                                                                                
====================================[ Qcore ]===================================

 Git hash:   7cd5c520b37f7ee862d844b1504bc4191dc47444
 Git date:   Tue, 4 May 2021 13:25:05 +0100
 Compiler:   GNU 9.1.0
 Build type: Release
 Version:    1.2.0

 Start time: Mon May 17 11:51:26 2021

 Data directory: /home/of15641/.local/src/Qcore/release/share/entos/1.2.0/data
 Number of threads: 1
 Number of threads was determined by: command line argument
  - More threads can be used by running 'qcore -n 24'

 --------------------------------------------------------------------------------
                                  command: bchla                                 
 --------------------------------------------------------------------------------
Mg s eff H
  -0.3101

 SCF converged in 1 iterations.

 Setting up Delta-SCF
 Ground-Excited state overlap:           0.000000000
 No correction applied to the TDM.
 Excitation energy:                      0.075438411
 Excitation energy (in eV):              2.052783740
 Transition dipole:                     -2.39525       2.05836      -1.09231
Mg s
          143          151          152          177          178          179          180          358          382          388          396          400          403          404          405
Mg p
          157          204          207          226          228          233          239          242          244          245          312          319          333          344          350          351          357          358          359          362          363          364          365          366          367          371          388          396          404          408
Mg d
          311          329          333          334          338          339          342          343          344          346          348          350          351          353          354          357          358          359          363          364          367          368          369          380          390          394          404
 Saving results in set 'frame_1483'

 --------------------------------------------------------------------------------

 End time:                               Mon May 17 11:51:27 2021
 Total wall-clock time:                  0.536 seconds
==================================================================================
