
================================================================================
          _____________ ________ _______________ ________     _________         
         / ___________// ______ \\_____   _____// ______ \   / ________)        
        / /_________  / /      \ \     | |     / /      \ \ | (_______          
       |  __________|| |        | |    | |    | |        | | \________ \        
        \ \_________ | |        | |    | |     \ \______/ /___________) |       
         \__________||_|        |_|    |_|      \________//____________/        
                                                                                
====================================[ Qcore ]===================================

 Git hash:   7cd5c520b37f7ee862d844b1504bc4191dc47444
 Git date:   Tue, 4 May 2021 13:25:05 +0100
 Compiler:   GNU 9.1.0
 Build type: Release
 Version:    1.2.0

 Start time: Mon May 17 11:54:59 2021

 Data directory: /home/of15641/.local/src/Qcore/release/share/entos/1.2.0/data
 Number of threads: 1
 Number of threads was determined by: command line argument
  - More threads can be used by running 'qcore -n 24'

 --------------------------------------------------------------------------------
                                  command: bchla                                 
 --------------------------------------------------------------------------------
Mg s eff H
  -0.3104

 SCF converged in 1 iterations.

 Setting up Delta-SCF
 Ground-Excited state overlap:          -0.000000000
 No correction applied to the TDM.
 Excitation energy:                      0.078864099
 Excitation energy (in eV):              2.146001451
 Transition dipole:                     -2.69760      -0.32131      -0.87670
Mg s
          144          151          177          178          384          398          399          401          404          405
Mg p
          159          264          266          334          338          339          345          347          349          352          353          360          361          363          366          368          369          370          371          373          374          376          378          387
Mg d
          203          207          212          230          234          236          237          240          242          245          266          334          338          343          345          347          351          357          358          361          365          366          368          369          371          373          374          381          384          388          395
 Saving results in set 'frame_1588'

 --------------------------------------------------------------------------------

 End time:                               Mon May 17 11:55:00 2021
 Total wall-clock time:                  0.682 seconds
==================================================================================
