
================================================================================
          _____________ ________ _______________ ________     _________         
         / ___________// ______ \\_____   _____// ______ \   / ________)        
        / /_________  / /      \ \     | |     / /      \ \ | (_______          
       |  __________|| |        | |    | |    | |        | | \________ \        
        \ \_________ | |        | |    | |     \ \______/ /___________) |       
         \__________||_|        |_|    |_|      \________//____________/        
                                                                                
====================================[ Qcore ]===================================

 Git hash:   7cd5c520b37f7ee862d844b1504bc4191dc47444
 Git date:   Tue, 4 May 2021 13:25:05 +0100
 Compiler:   GNU 9.1.0
 Build type: Release
 Version:    1.2.0

 Start time: Mon May 17 12:30:28 2021

 Data directory: /home/of15641/.local/src/Qcore/release/share/entos/1.2.0/data
 Number of threads: 1
 Number of threads was determined by: command line argument
  - More threads can be used by running 'qcore -n 24'

 --------------------------------------------------------------------------------
                                  command: bchla                                 
 --------------------------------------------------------------------------------
Mg s eff H
  -0.3102

 SCF converged in 1 iterations.

 Setting up Delta-SCF
 Ground-Excited state overlap:          -0.000000000
 No correction applied to the TDM.
 Excitation energy:                      0.072657082
 Excitation energy (in eV):              1.977099912
 Transition dipole:                     -2.85604      -0.95671      -0.15429
Mg s
          150          152          178          179          371          403          404          406          407
Mg p
          221          243          244          245          307          311          313          323          329          334          335          341          346          348          350          351          356          358          359          361          363          365          366          368          371          376          379          380          382          389          394          407          408
Mg d
          207          220          221          243          244          245          268          310          335          341          344          350          356          358          359          361          365          366          368          370          371          374          376          379          382          385          407
 Saving results in set 'frame_4'

 --------------------------------------------------------------------------------

 End time:                               Mon May 17 12:30:28 2021
 Total wall-clock time:                  0.565 seconds
==================================================================================
