
================================================================================
          _____________ ________ _______________ ________     _________         
         / ___________// ______ \\_____   _____// ______ \   / ________)        
        / /_________  / /      \ \     | |     / /      \ \ | (_______          
       |  __________|| |        | |    | |    | |        | | \________ \        
        \ \_________ | |        | |    | |     \ \______/ /___________) |       
         \__________||_|        |_|    |_|      \________//____________/        
                                                                                
====================================[ Qcore ]===================================

 Git hash:   7cd5c520b37f7ee862d844b1504bc4191dc47444
 Git date:   Tue, 4 May 2021 13:25:05 +0100
 Compiler:   GNU 9.1.0
 Build type: Release
 Version:    1.2.0

 Start time: Mon May 17 12:11:25 2021

 Data directory: /home/of15641/.local/src/Qcore/release/share/entos/1.2.0/data
 Number of threads: 1
 Number of threads was determined by: command line argument
  - More threads can be used by running 'qcore -n 24'

 --------------------------------------------------------------------------------
                                  command: bchla                                 
 --------------------------------------------------------------------------------
Mg s eff H
  -0.3102

 SCF converged in 1 iterations.

 Setting up Delta-SCF
 Ground-Excited state overlap:           0.000000000
 No correction applied to the TDM.
 Excitation energy:                      0.070891358
 Excitation energy (in eV):              1.929052112
 Transition dipole:                      1.44913       1.80972      -0.91992
Mg s
          140          149          176          179          180          181          398          400          401          403          404          405          406          407          408
Mg p
          206          215          217          218          225          226          231          234          237          239          242          244          246          248          250          318          346          348          350          353          357          361          363          365          366          367          368          369          371          372          376          377          382          385          386          397          401
Mg d
          218          225          244          248          271          315          318          336          342          343          348          351          357          361          363          365          366          367          369          371          377          381          386          397
 Saving results in set 'frame_1905'

 --------------------------------------------------------------------------------

 End time:                               Mon May 17 12:11:26 2021
 Total wall-clock time:                  0.530 seconds
==================================================================================
