
================================================================================
          _____________ ________ _______________ ________     _________         
         / ___________// ______ \\_____   _____// ______ \   / ________)        
        / /_________  / /      \ \     | |     / /      \ \ | (_______          
       |  __________|| |        | |    | |    | |        | | \________ \        
        \ \_________ | |        | |    | |     \ \______/ /___________) |       
         \__________||_|        |_|    |_|      \________//____________/        
                                                                                
====================================[ Qcore ]===================================

 Git hash:   7cd5c520b37f7ee862d844b1504bc4191dc47444
 Git date:   Tue, 4 May 2021 13:25:05 +0100
 Compiler:   GNU 9.1.0
 Build type: Release
 Version:    1.2.0

 Start time: Mon May 17 11:30:13 2021

 Data directory: /home/of15641/.local/src/Qcore/release/share/entos/1.2.0/data
 Number of threads: 1
 Number of threads was determined by: command line argument
  - More threads can be used by running 'qcore -n 24'

 --------------------------------------------------------------------------------
                                  command: bchla                                 
 --------------------------------------------------------------------------------
Mg s eff H
  -0.3101

 SCF converged in 1 iterations.

 Setting up Delta-SCF
 Ground-Excited state overlap:           0.000000000
 No correction applied to the TDM.
 Excitation energy:                      0.073899079
 Excitation energy (in eV):              2.010896393
 Transition dipole:                     -1.56924      -0.54310       3.20043
Mg s
          150          179          180          378          395          401          403          404          405          406
Mg p
          267          305          319          329          332          337          339          344          347          348          351          352          353          359          361          362          369          370          371          372          378          390          404          405
Mg d
          218          241          267          270          271          336          344          345          348          349          351          352          357          359          362          363          365          370          371          372          375          378          381          387          388          391          395
 Saving results in set 'frame_1100'

 --------------------------------------------------------------------------------

 End time:                               Mon May 17 11:30:13 2021
 Total wall-clock time:                  0.482 seconds
==================================================================================
