
================================================================================
          _____________ ________ _______________ ________     _________         
         / ___________// ______ \\_____   _____// ______ \   / ________)        
        / /_________  / /      \ \     | |     / /      \ \ | (_______          
       |  __________|| |        | |    | |    | |        | | \________ \        
        \ \_________ | |        | |    | |     \ \______/ /___________) |       
         \__________||_|        |_|    |_|      \________//____________/        
                                                                                
====================================[ Qcore ]===================================

 Git hash:   7cd5c520b37f7ee862d844b1504bc4191dc47444
 Git date:   Tue, 4 May 2021 13:25:05 +0100
 Compiler:   GNU 9.1.0
 Build type: Release
 Version:    1.2.0

 Start time: Mon May 17 12:01:44 2021

 Data directory: /home/of15641/.local/src/Qcore/release/share/entos/1.2.0/data
 Number of threads: 1
 Number of threads was determined by: command line argument
  - More threads can be used by running 'qcore -n 24'

 --------------------------------------------------------------------------------
                                  command: bchla                                 
 --------------------------------------------------------------------------------
Mg s eff H
  -0.3101

 SCF converged in 1 iterations.

 Setting up Delta-SCF
 Ground-Excited state overlap:          -0.000000000
 No correction applied to the TDM.
 Excitation energy:                      0.079522125
 Excitation energy (in eV):              2.163907269
 Transition dipole:                      0.29134      -3.10982      -2.06128
Mg s
          146          150          152          178          357          401          402          405          407
Mg p
          223          234          244          305          319          325          328          331          338          342          345          346          349          350          353          356          357          358          360          364          367          368          371          373          374          384          385          391          401          405          407          408
Mg d
          205          206          210          212          213          223          234          235          237          244          340          350          353          356          357          360          362          367          368          371          373          379          382          407
 Saving results in set 'frame_1717'

 --------------------------------------------------------------------------------

 End time:                               Mon May 17 12:01:44 2021
 Total wall-clock time:                  0.500 seconds
==================================================================================
