
================================================================================
          _____________ ________ _______________ ________     _________         
         / ___________// ______ \\_____   _____// ______ \   / ________)        
        / /_________  / /      \ \     | |     / /      \ \ | (_______          
       |  __________|| |        | |    | |    | |        | | \________ \        
        \ \_________ | |        | |    | |     \ \______/ /___________) |       
         \__________||_|        |_|    |_|      \________//____________/        
                                                                                
====================================[ Qcore ]===================================

 Git hash:   7cd5c520b37f7ee862d844b1504bc4191dc47444
 Git date:   Tue, 4 May 2021 13:25:05 +0100
 Compiler:   GNU 9.1.0
 Build type: Release
 Version:    1.2.0

 Start time: Mon May 17 12:21:06 2021

 Data directory: /home/of15641/.local/src/Qcore/release/share/entos/1.2.0/data
 Number of threads: 1
 Number of threads was determined by: command line argument
  - More threads can be used by running 'qcore -n 24'

 --------------------------------------------------------------------------------
                                  command: bchla                                 
 --------------------------------------------------------------------------------
Mg s eff H
  -0.3101

 SCF converged in 1 iterations.

 Setting up Delta-SCF
 Ground-Excited state overlap:          -0.000000000
 No correction applied to the TDM.
 Excitation energy:                      0.072645995
 Excitation energy (in eV):              1.976798220
 Transition dipole:                      1.52141       1.89244       0.75627
Mg s
          150          178          180          181          386          393          402          404          405          408
Mg p
          207          233          237          238          241          273          275          305          329          346          350          351          354          357          359          361          365          369          370          373          377          379          383          384          388          390          393
Mg d
          207          208          214          223          226          228          233          237          238          240          241          268          336          344          345          346          350          354          355          356          357          361          363          368          369          373          377          384          388          393          394          405
 Saving results in set 'frame_328'

 --------------------------------------------------------------------------------

 End time:                               Mon May 17 12:21:06 2021
 Total wall-clock time:                  0.531 seconds
==================================================================================
