
================================================================================
          _____________ ________ _______________ ________     _________         
         / ___________// ______ \\_____   _____// ______ \   / ________)        
        / /_________  / /      \ \     | |     / /      \ \ | (_______          
       |  __________|| |        | |    | |    | |        | | \________ \        
        \ \_________ | |        | |    | |     \ \______/ /___________) |       
         \__________||_|        |_|    |_|      \________//____________/        
                                                                                
====================================[ Qcore ]===================================

 Git hash:   7cd5c520b37f7ee862d844b1504bc4191dc47444
 Git date:   Tue, 4 May 2021 13:25:05 +0100
 Compiler:   GNU 9.1.0
 Build type: Release
 Version:    1.2.0

 Start time: Mon May 17 12:04:56 2021

 Data directory: /home/of15641/.local/src/Qcore/release/share/entos/1.2.0/data
 Number of threads: 1
 Number of threads was determined by: command line argument
  - More threads can be used by running 'qcore -n 24'

 --------------------------------------------------------------------------------
                                  command: bchla                                 
 --------------------------------------------------------------------------------
Mg s eff H
  -0.3101

 SCF converged in 1 iterations.

 Setting up Delta-SCF
 Ground-Excited state overlap:           0.000000000
 No correction applied to the TDM.
 Excitation energy:                      0.082858509
 Excitation energy (in eV):              2.254694898
 Transition dipole:                      0.72118       2.81874      -0.64614
Mg s
          148          152          177          179          385          403          405          406          407          408
Mg p
          207          211          217          218          220          226          233          235          236          240          242          243          244          245          301          317          326          331          341          342          343          345          348          349          352          353          357          359          363          366          367          369          374          375          376          378          379          386          397          407          408
Mg d
          207          210          211          217          218          220          226          228          233          235          236          240          242          243          244          245          301          317          326          331          341          342          343          345          348          349          357          359          363          366          367          369          374          376          378          379          407          408
 Saving results in set 'frame_1760'

 --------------------------------------------------------------------------------

 End time:                               Mon May 17 12:04:57 2021
 Total wall-clock time:                  0.553 seconds
==================================================================================
