
================================================================================
          _____________ ________ _______________ ________     _________         
         / ___________// ______ \\_____   _____// ______ \   / ________)        
        / /_________  / /      \ \     | |     / /      \ \ | (_______          
       |  __________|| |        | |    | |    | |        | | \________ \        
        \ \_________ | |        | |    | |     \ \______/ /___________) |       
         \__________||_|        |_|    |_|      \________//____________/        
                                                                                
====================================[ Qcore ]===================================

 Git hash:   7cd5c520b37f7ee862d844b1504bc4191dc47444
 Git date:   Tue, 4 May 2021 13:25:05 +0100
 Compiler:   GNU 9.1.0
 Build type: Release
 Version:    1.2.0

 Start time: Mon May 17 11:40:55 2021

 Data directory: /home/of15641/.local/src/Qcore/release/share/entos/1.2.0/data
 Number of threads: 1
 Number of threads was determined by: command line argument
  - More threads can be used by running 'qcore -n 24'

 --------------------------------------------------------------------------------
                                  command: bchla                                 
 --------------------------------------------------------------------------------
Mg s eff H
  -0.3102

 SCF converged in 1 iterations.

 Setting up Delta-SCF
 Ground-Excited state overlap:           0.000000000
 No correction applied to the TDM.
 Excitation energy:                      0.077979921
 Excitation energy (in eV):              2.121941762
 Transition dipole:                      1.24918       2.12420      -2.32256
Mg s
          150          151          178          179          370          382          389          390          401          404          405          406          408
Mg p
          267          313          325          330          334          336          337          338          340          344          346          347          348          350          352          353          354          357          359          360          364          370          376          382          393          395          396          400          404          405          406
Mg d
          159          200          210          213          215          228          235          237          238          240          241          272          347          357          360          361          370          376          377          385          394          408
 Saving results in set 'frame_1323'

 --------------------------------------------------------------------------------

 End time:                               Mon May 17 11:40:55 2021
 Total wall-clock time:                  0.537 seconds
==================================================================================
