
================================================================================
          _____________ ________ _______________ ________     _________         
         / ___________// ______ \\_____   _____// ______ \   / ________)        
        / /_________  / /      \ \     | |     / /      \ \ | (_______          
       |  __________|| |        | |    | |    | |        | | \________ \        
        \ \_________ | |        | |    | |     \ \______/ /___________) |       
         \__________||_|        |_|    |_|      \________//____________/        
                                                                                
====================================[ Qcore ]===================================

 Git hash:   7cd5c520b37f7ee862d844b1504bc4191dc47444
 Git date:   Tue, 4 May 2021 13:25:05 +0100
 Compiler:   GNU 9.1.0
 Build type: Release
 Version:    1.2.0

 Start time: Mon May 17 11:30:13 2021

 Data directory: /home/of15641/.local/src/Qcore/release/share/entos/1.2.0/data
 Number of threads: 1
 Number of threads was determined by: command line argument
  - More threads can be used by running 'qcore -n 24'

 --------------------------------------------------------------------------------
                                  command: bchla                                 
 --------------------------------------------------------------------------------
Mg s eff H
  -0.3101

 SCF converged in 1 iterations.

 Setting up Delta-SCF
 Ground-Excited state overlap:          -0.000000000
 No correction applied to the TDM.
 Excitation energy:                      0.080056012
 Excitation energy (in eV):              2.178435069
 Transition dipole:                     -3.23878      -0.19801       1.88484
Mg s
          151          176          178          179          180          405          406          407          408
Mg p
          314          317          330          334          343          346          348          352          357          359          360          362          363          366          369          373          374          376          379          381          387          391          395
Mg d
          243          268          308          330          332          338          343          344          348          352          359          360          362          363          373          374          376          382          386          395          406          407
 Saving results in set 'frame_109'

 --------------------------------------------------------------------------------

 End time:                               Mon May 17 11:30:13 2021
 Total wall-clock time:                  0.574 seconds
==================================================================================
