
================================================================================
          _____________ ________ _______________ ________     _________         
         / ___________// ______ \\_____   _____// ______ \   / ________)        
        / /_________  / /      \ \     | |     / /      \ \ | (_______          
       |  __________|| |        | |    | |    | |        | | \________ \        
        \ \_________ | |        | |    | |     \ \______/ /___________) |       
         \__________||_|        |_|    |_|      \________//____________/        
                                                                                
====================================[ Qcore ]===================================

 Git hash:   7cd5c520b37f7ee862d844b1504bc4191dc47444
 Git date:   Tue, 4 May 2021 13:25:05 +0100
 Compiler:   GNU 9.1.0
 Build type: Release
 Version:    1.2.0

 Start time: Mon May 17 11:33:40 2021

 Data directory: /home/of15641/.local/src/Qcore/release/share/entos/1.2.0/data
 Number of threads: 1
 Number of threads was determined by: command line argument
  - More threads can be used by running 'qcore -n 24'

 --------------------------------------------------------------------------------
                                  command: bchla                                 
 --------------------------------------------------------------------------------
Mg s eff H
  -0.3103

 SCF converged in 1 iterations.

 Setting up Delta-SCF
 Ground-Excited state overlap:           0.000000000
 No correction applied to the TDM.
 Excitation energy:                      0.077095518
 Excitation energy (in eV):              2.097875913
 Transition dipole:                     -1.35846      -0.90578       3.02424
Mg s
          147          152          177          178          382          390          396          400          404          405
Mg p
          238          242          267          292          317          323          329          332          334          335          338          339          342          343          346          347          351          354          357          358          361          362          364          369          374          377          379          382          383          400          405
Mg d
          206          218          238          242          317          334          338          342          347          351          354          358          361          362          364          369          370          371          375          377          390          391
 Saving results in set 'frame_1174'

 --------------------------------------------------------------------------------

 End time:                               Mon May 17 11:33:41 2021
 Total wall-clock time:                  0.573 seconds
==================================================================================
