
================================================================================
          _____________ ________ _______________ ________     _________         
         / ___________// ______ \\_____   _____// ______ \   / ________)        
        / /_________  / /      \ \     | |     / /      \ \ | (_______          
       |  __________|| |        | |    | |    | |        | | \________ \        
        \ \_________ | |        | |    | |     \ \______/ /___________) |       
         \__________||_|        |_|    |_|      \________//____________/        
                                                                                
====================================[ Qcore ]===================================

 Git hash:   7cd5c520b37f7ee862d844b1504bc4191dc47444
 Git date:   Tue, 4 May 2021 13:25:05 +0100
 Compiler:   GNU 9.1.0
 Build type: Release
 Version:    1.2.0

 Start time: Mon May 17 11:40:52 2021

 Data directory: /home/of15641/.local/src/Qcore/release/share/entos/1.2.0/data
 Number of threads: 1
 Number of threads was determined by: command line argument
  - More threads can be used by running 'qcore -n 24'

 --------------------------------------------------------------------------------
                                  command: bchla                                 
 --------------------------------------------------------------------------------
Mg s eff H
  -0.3102

 SCF converged in 1 iterations.

 Setting up Delta-SCF
 Ground-Excited state overlap:          -0.000000000
 No correction applied to the TDM.
 Excitation energy:                      0.080816287
 Excitation energy (in eV):              2.199123209
 Transition dipole:                     -2.14503       2.15654      -1.70931
Mg s
          144          148          152          178          179          374          397          399          401          402          403          404          405          408
Mg p
          266          269          301          314          324          331          335          337          338          340          341          342          343          345          350          351          352          353          354          356          362          364          366          372          373          379          383          402          404          405          408
Mg d
          178          204          208          213          215          217          218          220          234          235          236          237          239          240          241          242          269          337          362          364          366          367          368          369          372          374          379          386          390
 Saving results in set 'frame_1299'

 --------------------------------------------------------------------------------

 End time:                               Mon May 17 11:40:53 2021
 Total wall-clock time:                  0.528 seconds
==================================================================================
