
================================================================================
          _____________ ________ _______________ ________     _________         
         / ___________// ______ \\_____   _____// ______ \   / ________)        
        / /_________  / /      \ \     | |     / /      \ \ | (_______          
       |  __________|| |        | |    | |    | |        | | \________ \        
        \ \_________ | |        | |    | |     \ \______/ /___________) |       
         \__________||_|        |_|    |_|      \________//____________/        
                                                                                
====================================[ Qcore ]===================================

 Git hash:   7cd5c520b37f7ee862d844b1504bc4191dc47444
 Git date:   Tue, 4 May 2021 13:25:05 +0100
 Compiler:   GNU 9.1.0
 Build type: Release
 Version:    1.2.0

 Start time: Mon May 17 12:33:29 2021

 Data directory: /home/of15641/.local/src/Qcore/release/share/entos/1.2.0/data
 Number of threads: 1
 Number of threads was determined by: command line argument
  - More threads can be used by running 'qcore -n 24'

 --------------------------------------------------------------------------------
                                  command: bchla                                 
 --------------------------------------------------------------------------------
Mg s eff H
  -0.3104

 SCF converged in 1 iterations.

 Setting up Delta-SCF
 Ground-Excited state overlap:          -0.000000000
 No correction applied to the TDM.
 Excitation energy:                      0.082375191
 Excitation energy (in eV):              2.241543131
 Transition dipole:                      2.01360       0.27598       2.60620
Mg s
          151          152          177          178          180          378          385          394          401          402          404          405          406          407          408
Mg p
          208          209          210          212          213          216          217          218          219          226          229          236          240          241          243          244          247          251          271          320          341          356          361          370          372          373          375          377          379          395          408
Mg d
          209          210          212          213          216          217          219          229          236          241          243          244          251          267          313          320          324          332          336          339          341          349          352          361          363          366          370          372          373          375          377          378          379          385          388          395          401
 Saving results in set 'frame_569'

 --------------------------------------------------------------------------------

 End time:                               Mon May 17 12:33:30 2021
 Total wall-clock time:                  0.500 seconds
==================================================================================
