
================================================================================
          _____________ ________ _______________ ________     _________         
         / ___________// ______ \\_____   _____// ______ \   / ________)        
        / /_________  / /      \ \     | |     / /      \ \ | (_______          
       |  __________|| |        | |    | |    | |        | | \________ \        
        \ \_________ | |        | |    | |     \ \______/ /___________) |       
         \__________||_|        |_|    |_|      \________//____________/        
                                                                                
====================================[ Qcore ]===================================

 Git hash:   7cd5c520b37f7ee862d844b1504bc4191dc47444
 Git date:   Tue, 4 May 2021 13:25:05 +0100
 Compiler:   GNU 9.1.0
 Build type: Release
 Version:    1.2.0

 Start time: Mon May 17 12:49:35 2021

 Data directory: /home/of15641/.local/src/Qcore/release/share/entos/1.2.0/data
 Number of threads: 1
 Number of threads was determined by: command line argument
  - More threads can be used by running 'qcore -n 24'

 --------------------------------------------------------------------------------
                                  command: bchla                                 
 --------------------------------------------------------------------------------
Mg s eff H
  -0.3103

 SCF converged in 1 iterations.

 Setting up Delta-SCF
 Ground-Excited state overlap:          -0.000000000
 No correction applied to the TDM.
 Excitation energy:                      0.082217311
 Excitation energy (in eV):              2.237246995
 Transition dipole:                     -0.07133       1.23131       2.93557
Mg s
          147          150          153          179          180          369          390          394          396          401          403          404          406          408
Mg p
          239          266          305          316          318          319          320          327          329          332          337          340          342          344          346          352          353          356          367          369          377          401          403
Mg d
          158          225          229          231          237          239          309          311          317          332          337          342          344          346          350          353          356          358          359          361          367          369          370          376          388          391          394          397
 Saving results in set 'frame_913'

 --------------------------------------------------------------------------------

 End time:                               Mon May 17 12:49:35 2021
 Total wall-clock time:                  0.535 seconds
==================================================================================
