
================================================================================
          _____________ ________ _______________ ________     _________         
         / ___________// ______ \\_____   _____// ______ \   / ________)        
        / /_________  / /      \ \     | |     / /      \ \ | (_______          
       |  __________|| |        | |    | |    | |        | | \________ \        
        \ \_________ | |        | |    | |     \ \______/ /___________) |       
         \__________||_|        |_|    |_|      \________//____________/        
                                                                                
====================================[ Qcore ]===================================

 Git hash:   7cd5c520b37f7ee862d844b1504bc4191dc47444
 Git date:   Tue, 4 May 2021 13:25:05 +0100
 Compiler:   GNU 9.1.0
 Build type: Release
 Version:    1.2.0

 Start time: Mon May 17 12:24:16 2021

 Data directory: /home/of15641/.local/src/Qcore/release/share/entos/1.2.0/data
 Number of threads: 1
 Number of threads was determined by: command line argument
  - More threads can be used by running 'qcore -n 24'

 --------------------------------------------------------------------------------
                                  command: bchla                                 
 --------------------------------------------------------------------------------
Mg s eff H
  -0.3103

 SCF converged in 1 iterations.

 Setting up Delta-SCF
 Ground-Excited state overlap:           0.000000000
 No correction applied to the TDM.
 Excitation energy:                      0.075185445
 Excitation energy (in eV):              2.045900195
 Transition dipole:                     -2.45060      -2.14855      -1.88503
Mg s
          153          178          179          180          378          390          393          398          400          402          403          404          408
Mg p
          210          220          222          223          234          235          238          239          243          313          326          327          328          346          347          351          352          358          359          360          361          363          364          380          402
Mg d
          159          315          318          320          326          327          328          336          337          342          343          344          347          349          351          352          353          354          358          359          360          369          372          378          380          381          391          402
 Saving results in set 'frame_393'

 --------------------------------------------------------------------------------

 End time:                               Mon May 17 12:24:17 2021
 Total wall-clock time:                  0.531 seconds
==================================================================================
