
================================================================================
          _____________ ________ _______________ ________     _________         
         / ___________// ______ \\_____   _____// ______ \   / ________)        
        / /_________  / /      \ \     | |     / /      \ \ | (_______          
       |  __________|| |        | |    | |    | |        | | \________ \        
        \ \_________ | |        | |    | |     \ \______/ /___________) |       
         \__________||_|        |_|    |_|      \________//____________/        
                                                                                
====================================[ Qcore ]===================================

 Git hash:   7cd5c520b37f7ee862d844b1504bc4191dc47444
 Git date:   Tue, 4 May 2021 13:25:05 +0100
 Compiler:   GNU 9.1.0
 Build type: Release
 Version:    1.2.0

 Start time: Mon May 17 12:04:56 2021

 Data directory: /home/of15641/.local/src/Qcore/release/share/entos/1.2.0/data
 Number of threads: 1
 Number of threads was determined by: command line argument
  - More threads can be used by running 'qcore -n 24'

 --------------------------------------------------------------------------------
                                  command: bchla                                 
 --------------------------------------------------------------------------------
Mg s eff H
  -0.3101

 SCF converged in 1 iterations.

 Setting up Delta-SCF
 Ground-Excited state overlap:           0.000000000
 No correction applied to the TDM.
 Excitation energy:                      0.080336267
 Excitation energy (in eV):              2.186061179
 Transition dipole:                     -2.12704      -1.29101      -1.43492
Mg s
          149          178          179          180          395          400          402          403          405          406          407          408
Mg p
          159          268          273          313          321          323          328          331          332          334          339          344          346          349          355          358          361          364          368          370          371          372          373          375          376          391          395          398          406
Mg d
          209          210          214          215          223          235          236          237          238          243          244          246          247          249          273          323          328          331          332          334          339          345          346          348          355          358          361          368          370          374          375          376          378          380          393          395
 Saving results in set 'frame_175'

 --------------------------------------------------------------------------------

 End time:                               Mon May 17 12:04:56 2021
 Total wall-clock time:                  0.551 seconds
==================================================================================
