
================================================================================
          _____________ ________ _______________ ________     _________         
         / ___________// ______ \\_____   _____// ______ \   / ________)        
        / /_________  / /      \ \     | |     / /      \ \ | (_______          
       |  __________|| |        | |    | |    | |        | | \________ \        
        \ \_________ | |        | |    | |     \ \______/ /___________) |       
         \__________||_|        |_|    |_|      \________//____________/        
                                                                                
====================================[ Qcore ]===================================

 Git hash:   7cd5c520b37f7ee862d844b1504bc4191dc47444
 Git date:   Tue, 4 May 2021 13:25:05 +0100
 Compiler:   GNU 9.1.0
 Build type: Release
 Version:    1.2.0

 Start time: Mon May 17 12:27:21 2021

 Data directory: /home/of15641/.local/src/Qcore/release/share/entos/1.2.0/data
 Number of threads: 1
 Number of threads was determined by: command line argument
  - More threads can be used by running 'qcore -n 24'

 --------------------------------------------------------------------------------
                                  command: bchla                                 
 --------------------------------------------------------------------------------
Mg s eff H
  -0.3103

 SCF converged in 1 iterations.

 Setting up Delta-SCF
 Ground-Excited state overlap:           0.000000000
 No correction applied to the TDM.
 Excitation energy:                      0.077573415
 Excitation energy (in eV):              2.110880157
 Transition dipole:                      2.59400       0.81143       1.61478
Mg s
          150          151          152          177          178          179          379          380          381          396          401          404          405          406          408
Mg p
          305          318          326          338          343          346          347          349          351          356          357          359          360          361          365          368          369          375          376          378          383          384          394
Mg d
          216          223          241          266          309          329          334          338          339          341          343          346          347          351          352          355          356          357          358          359          362          369          383          386          390          398          404          408
 Saving results in set 'frame_443'

 --------------------------------------------------------------------------------

 End time:                               Mon May 17 12:27:21 2021
 Total wall-clock time:                  0.551 seconds
==================================================================================
