
================================================================================
          _____________ ________ _______________ ________     _________         
         / ___________// ______ \\_____   _____// ______ \   / ________)        
        / /_________  / /      \ \     | |     / /      \ \ | (_______          
       |  __________|| |        | |    | |    | |        | | \________ \        
        \ \_________ | |        | |    | |     \ \______/ /___________) |       
         \__________||_|        |_|    |_|      \________//____________/        
                                                                                
====================================[ Qcore ]===================================

 Git hash:   7cd5c520b37f7ee862d844b1504bc4191dc47444
 Git date:   Tue, 4 May 2021 13:25:05 +0100
 Compiler:   GNU 9.1.0
 Build type: Release
 Version:    1.2.0

 Start time: Mon May 17 12:42:56 2021

 Data directory: /home/of15641/.local/src/Qcore/release/share/entos/1.2.0/data
 Number of threads: 1
 Number of threads was determined by: command line argument
  - More threads can be used by running 'qcore -n 24'

 --------------------------------------------------------------------------------
                                  command: bchla                                 
 --------------------------------------------------------------------------------
Mg s eff H
  -0.3103

 SCF converged in 1 iterations.

 Setting up Delta-SCF
 Ground-Excited state overlap:           0.000000000
 No correction applied to the TDM.
 Excitation energy:                      0.083128420
 Excitation energy (in eV):              2.262039556
 Transition dipole:                     -0.23579      -1.05966      -2.65459
Mg s
          149          153          178          381          382          399          400          401          403          404          405          407          408
Mg p
          202          203          208          210          211          212          215          223          226          231          233          234          235          237          242          244          320          330          340          344          347          348          355          357          365          367          368          370          372          375          389
Mg d
          158          305          311          320          330          333          337          340          343          346          347          355          357          358          360          364          365          367          370          372          375          376          378          380          381          389          391          396          399          400          405
 Saving results in set 'frame_754'

 --------------------------------------------------------------------------------

 End time:                               Mon May 17 12:42:56 2021
 Total wall-clock time:                  0.537 seconds
==================================================================================
