
================================================================================
          _____________ ________ _______________ ________     _________         
         / ___________// ______ \\_____   _____// ______ \   / ________)        
        / /_________  / /      \ \     | |     / /      \ \ | (_______          
       |  __________|| |        | |    | |    | |        | | \________ \        
        \ \_________ | |        | |    | |     \ \______/ /___________) |       
         \__________||_|        |_|    |_|      \________//____________/        
                                                                                
====================================[ Qcore ]===================================

 Git hash:   7cd5c520b37f7ee862d844b1504bc4191dc47444
 Git date:   Tue, 4 May 2021 13:25:05 +0100
 Compiler:   GNU 9.1.0
 Build type: Release
 Version:    1.2.0

 Start time: Mon May 17 12:27:19 2021

 Data directory: /home/of15641/.local/src/Qcore/release/share/entos/1.2.0/data
 Number of threads: 1
 Number of threads was determined by: command line argument
  - More threads can be used by running 'qcore -n 24'

 --------------------------------------------------------------------------------
                                  command: bchla                                 
 --------------------------------------------------------------------------------
Mg s eff H
  -0.3101

 SCF converged in 1 iterations.

 Setting up Delta-SCF
 Ground-Excited state overlap:           0.000000000
 No correction applied to the TDM.
 Excitation energy:                      0.080486754
 Excitation energy (in eV):              2.190156155
 Transition dipole:                      2.48144      -0.60543      -2.04453
Mg s
          149          151          178          179          395          399          400          406          407          408
Mg p
          314          315          333          334          335          337          340          341          353          357          359          361          362          363          364          367          369          371          372          375          376          381          384          387          406          407
Mg d
          160          203          215          234          235          243          245          313          315          316          317          322          323          326          330          333          334          335          340          341          344          348          349          350          351          353          355          357          358          359          362          363          365          366          367          369          371          372          374          375          395          406
 Saving results in set 'frame_422'

 --------------------------------------------------------------------------------

 End time:                               Mon May 17 12:27:19 2021
 Total wall-clock time:                  0.526 seconds
==================================================================================
