
================================================================================
          _____________ ________ _______________ ________     _________         
         / ___________// ______ \\_____   _____// ______ \   / ________)        
        / /_________  / /      \ \     | |     / /      \ \ | (_______          
       |  __________|| |        | |    | |    | |        | | \________ \        
        \ \_________ | |        | |    | |     \ \______/ /___________) |       
         \__________||_|        |_|    |_|      \________//____________/        
                                                                                
====================================[ Qcore ]===================================

 Git hash:   7cd5c520b37f7ee862d844b1504bc4191dc47444
 Git date:   Tue, 4 May 2021 13:25:05 +0100
 Compiler:   GNU 9.1.0
 Build type: Release
 Version:    1.2.0

 Start time: Mon May 17 11:37:24 2021

 Data directory: /home/of15641/.local/src/Qcore/release/share/entos/1.2.0/data
 Number of threads: 1
 Number of threads was determined by: command line argument
  - More threads can be used by running 'qcore -n 28'

 --------------------------------------------------------------------------------
                                  command: bchla                                 
 --------------------------------------------------------------------------------
Mg s eff H
  -0.3103

 SCF converged in 1 iterations.

 Setting up Delta-SCF
 Ground-Excited state overlap:          -0.000000000
 No correction applied to the TDM.
 Excitation energy:                      0.077854508
 Excitation energy (in eV):              2.118529084
 Transition dipole:                      1.90087      -1.83785       2.22383
Mg s
          151          153          178          179          180          378          380          395          399          401          404          408
Mg p
          205          219          220          221          226          231          232          233          236          241          244          245          264          305          311          326          331          332          342          343          345          348          349          354          356          359          360          361          362          364          365          367          370          371          374          375          379          387          395          396          399
Mg d
          205          208          219          220          221          226          227          231          232          233          236          241          243          244          245          311          331          332          342          345          349          354          359          360          361          365          367          368          371          375          378          379          395          399
 Saving results in set 'frame_1269'

 --------------------------------------------------------------------------------

 End time:                               Mon May 17 11:37:25 2021
 Total wall-clock time:                  1.148 seconds
==================================================================================
