
================================================================================
          _____________ ________ _______________ ________     _________         
         / ___________// ______ \\_____   _____// ______ \   / ________)        
        / /_________  / /      \ \     | |     / /      \ \ | (_______          
       |  __________|| |        | |    | |    | |        | | \________ \        
        \ \_________ | |        | |    | |     \ \______/ /___________) |       
         \__________||_|        |_|    |_|      \________//____________/        
                                                                                
====================================[ Qcore ]===================================

 Git hash:   7cd5c520b37f7ee862d844b1504bc4191dc47444
 Git date:   Tue, 4 May 2021 13:25:05 +0100
 Compiler:   GNU 9.1.0
 Build type: Release
 Version:    1.2.0

 Start time: Mon May 17 12:46:06 2021

 Data directory: /home/of15641/.local/src/Qcore/release/share/entos/1.2.0/data
 Number of threads: 1
 Number of threads was determined by: command line argument
  - More threads can be used by running 'qcore -n 24'

 --------------------------------------------------------------------------------
                                  command: bchla                                 
 --------------------------------------------------------------------------------
Mg s eff H
  -0.3103

 SCF converged in 1 iterations.

 Setting up Delta-SCF
 Ground-Excited state overlap:           0.000000000
 No correction applied to the TDM.
 Excitation energy:                      0.080955380
 Excitation energy (in eV):              2.202908104
 Transition dipole:                     -0.96429       1.18869       3.17102
Mg s
          153          178          179          180          357          372          387          398          402          403          405          408
Mg p
          159          267          270          313          334          342          346          349          350          352          356          357          363          365          375          376          382
Mg d
          158          228          241          243          270          271          299          321          324          328          340          341          346          349          350          352          355          356          357          363          365          366          370          372          373          376          377          379          383          385          394          403          405          408
 Saving results in set 'frame_876'

 --------------------------------------------------------------------------------

 End time:                               Mon May 17 12:46:06 2021
 Total wall-clock time:                  0.537 seconds
==================================================================================
