
================================================================================
          _____________ ________ _______________ ________     _________         
         / ___________// ______ \\_____   _____// ______ \   / ________)        
        / /_________  / /      \ \     | |     / /      \ \ | (_______          
       |  __________|| |        | |    | |    | |        | | \________ \        
        \ \_________ | |        | |    | |     \ \______/ /___________) |       
         \__________||_|        |_|    |_|      \________//____________/        
                                                                                
====================================[ Qcore ]===================================

 Git hash:   7cd5c520b37f7ee862d844b1504bc4191dc47444
 Git date:   Tue, 4 May 2021 13:25:05 +0100
 Compiler:   GNU 9.1.0
 Build type: Release
 Version:    1.2.0

 Start time: Mon May 17 12:27:19 2021

 Data directory: /home/of15641/.local/src/Qcore/release/share/entos/1.2.0/data
 Number of threads: 1
 Number of threads was determined by: command line argument
  - More threads can be used by running 'qcore -n 24'

 --------------------------------------------------------------------------------
                                  command: bchla                                 
 --------------------------------------------------------------------------------
Mg s eff H
  -0.3103

 SCF converged in 1 iterations.

 Setting up Delta-SCF
 Ground-Excited state overlap:           0.000000000
 No correction applied to the TDM.
 Excitation energy:                      0.082173823
 Excitation energy (in eV):              2.236063630
 Transition dipole:                      2.86261       0.41643      -1.83767
Mg s
          151          153          178          179          180          383          397          401          403          405          406
Mg p
          159          312          316          328          329          331          334          335          337          341          345          347          349          350          351          353          354          359          364          366          372          374          375          380          383          384          401
Mg d
          158          299          312          313          317          324          325          328          331          334          337          345          346          347          349          350          353          354          355          356          359          361          362          364          365          366          367          368          371          372          379          389          390          403          405          406
 Saving results in set 'frame_430'

 --------------------------------------------------------------------------------

 End time:                               Mon May 17 12:27:20 2021
 Total wall-clock time:                  0.517 seconds
==================================================================================
