
================================================================================
          _____________ ________ _______________ ________     _________         
         / ___________// ______ \\_____   _____// ______ \   / ________)        
        / /_________  / /      \ \     | |     / /      \ \ | (_______          
       |  __________|| |        | |    | |    | |        | | \________ \        
        \ \_________ | |        | |    | |     \ \______/ /___________) |       
         \__________||_|        |_|    |_|      \________//____________/        
                                                                                
====================================[ Qcore ]===================================

 Git hash:   7cd5c520b37f7ee862d844b1504bc4191dc47444
 Git date:   Tue, 4 May 2021 13:25:05 +0100
 Compiler:   GNU 9.1.0
 Build type: Release
 Version:    1.2.0

 Start time: Mon May 17 12:49:36 2021

 Data directory: /home/of15641/.local/src/Qcore/release/share/entos/1.2.0/data
 Number of threads: 1
 Number of threads was determined by: command line argument
  - More threads can be used by running 'qcore -n 24'

 --------------------------------------------------------------------------------
                                  command: bchla                                 
 --------------------------------------------------------------------------------
Mg s eff H
  -0.3102

 SCF converged in 1 iterations.

 Setting up Delta-SCF
 Ground-Excited state overlap:           0.000000000
 No correction applied to the TDM.
 Excitation energy:                      0.073722114
 Excitation energy (in eV):              2.006080924
 Transition dipole:                     -2.54114      -0.72268       1.70158
Mg s
          146          151          153          177          179          180          378          398          403          406          407          408
Mg p
          158          222          247          249          268          335          338          340          341          344          346          347          348          352          356          359          360          361          362          363          366          368          370          373          375          376          378          379          381          386          392          406          408
Mg d
          247          249          275          306          325          338          341          346          347          349          356          358          359          360          366          368          373          375          376          378          379          386          388          392          403          406
 Saving results in set 'frame_922'

 --------------------------------------------------------------------------------

 End time:                               Mon May 17 12:49:36 2021
 Total wall-clock time:                  0.509 seconds
==================================================================================
