
================================================================================
          _____________ ________ _______________ ________     _________         
         / ___________// ______ \\_____   _____// ______ \   / ________)        
        / /_________  / /      \ \     | |     / /      \ \ | (_______          
       |  __________|| |        | |    | |    | |        | | \________ \        
        \ \_________ | |        | |    | |     \ \______/ /___________) |       
         \__________||_|        |_|    |_|      \________//____________/        
                                                                                
====================================[ Qcore ]===================================

 Git hash:   7cd5c520b37f7ee862d844b1504bc4191dc47444
 Git date:   Tue, 4 May 2021 13:25:05 +0100
 Compiler:   GNU 9.1.0
 Build type: Release
 Version:    1.2.0

 Start time: Mon May 17 11:47:57 2021

 Data directory: /home/of15641/.local/src/Qcore/release/share/entos/1.2.0/data
 Number of threads: 1
 Number of threads was determined by: command line argument
  - More threads can be used by running 'qcore -n 24'

 --------------------------------------------------------------------------------
                                  command: bchla                                 
 --------------------------------------------------------------------------------
Mg s eff H
  -0.3104

 SCF converged in 1 iterations.

 Setting up Delta-SCF
 Ground-Excited state overlap:          -0.000000000
 No correction applied to the TDM.
 Excitation energy:                      0.074527424
 Excitation energy (in eV):              2.027994519
 Transition dipole:                     -0.03419       2.41650      -1.46994
Mg s
          141          153          178          357          380          381          397          398          400          401          402          403          404          406
Mg p
          218          238          244          266          268          308          315          324          325          328          330          340          343          345          346          347          353          355          357          358          359          362          365          368          371          373          377          381          392          393          403          404          406
Mg d
          203          204          213          218          219          220          221          222          228          229          235          237          238          244          245          248          249          315          317          324          325          339          345          347          349          353          354          357          359          362          368          371          376          393
 Saving results in set 'frame_1436'

 --------------------------------------------------------------------------------

 End time:                               Mon May 17 11:47:57 2021
 Total wall-clock time:                  0.522 seconds
==================================================================================
