
================================================================================
          _____________ ________ _______________ ________     _________         
         / ___________// ______ \\_____   _____// ______ \   / ________)        
        / /_________  / /      \ \     | |     / /      \ \ | (_______          
       |  __________|| |        | |    | |    | |        | | \________ \        
        \ \_________ | |        | |    | |     \ \______/ /___________) |       
         \__________||_|        |_|    |_|      \________//____________/        
                                                                                
====================================[ Qcore ]===================================

 Git hash:   7cd5c520b37f7ee862d844b1504bc4191dc47444
 Git date:   Tue, 4 May 2021 13:25:05 +0100
 Compiler:   GNU 9.1.0
 Build type: Release
 Version:    1.2.0

 Start time: Mon May 17 11:26:29 2021

 Data directory: /home/of15641/.local/src/Qcore/release/share/entos/1.2.0/data
 Number of threads: 1
 Number of threads was determined by: command line argument
  - More threads can be used by running 'qcore -n 24'

 --------------------------------------------------------------------------------
                                  command: bchla                                 
 --------------------------------------------------------------------------------
Mg s eff H
  -0.3102

 SCF converged in 1 iterations.

 Setting up Delta-SCF
 Ground-Excited state overlap:           0.000000000
 No correction applied to the TDM.
 Excitation energy:                      0.077004631
 Excitation energy (in eV):              2.095402754
 Transition dipole:                      0.94117       1.27710      -3.05762
Mg s
          149          151          179          180          387          405          406
Mg p
          269          311          312          323          330          332          340          346          354          356          358          359          366          367          369          370          372          374          376          379          388          389          394          405          406
Mg d
          159          220          228          242          246          247          305          319          345          348          349          350          354          355          357          358          363          364          366          367          369          370          372          373          374          378          383          384          394          396
 Saving results in set 'frame_1009'

 --------------------------------------------------------------------------------

 End time:                               Mon May 17 11:26:29 2021
 Total wall-clock time:                  0.692 seconds
==================================================================================
