
================================================================================
          _____________ ________ _______________ ________     _________         
         / ___________// ______ \\_____   _____// ______ \   / ________)        
        / /_________  / /      \ \     | |     / /      \ \ | (_______          
       |  __________|| |        | |    | |    | |        | | \________ \        
        \ \_________ | |        | |    | |     \ \______/ /___________) |       
         \__________||_|        |_|    |_|      \________//____________/        
                                                                                
====================================[ Qcore ]===================================

 Git hash:   7cd5c520b37f7ee862d844b1504bc4191dc47444
 Git date:   Tue, 4 May 2021 13:25:05 +0100
 Compiler:   GNU 9.1.0
 Build type: Release
 Version:    1.2.0

 Start time: Mon May 17 12:01:42 2021

 Data directory: /home/of15641/.local/src/Qcore/release/share/entos/1.2.0/data
 Number of threads: 1
 Number of threads was determined by: command line argument
  - More threads can be used by running 'qcore -n 24'

 --------------------------------------------------------------------------------
                                  command: bchla                                 
 --------------------------------------------------------------------------------
Mg s eff H
  -0.3104

 SCF converged in 1 iterations.

 Setting up Delta-SCF
 Ground-Excited state overlap:           0.000000000
 No correction applied to the TDM.
 Excitation energy:                      0.078164038
 Excitation energy (in eV):              2.126951823
 Transition dipole:                      2.89050      -1.27295      -0.24836
Mg s
          150          152          178          365          404          405          406          407          408
Mg p
          159          264          306          318          337          347          348          352          355          356          359          361          363          368          370          372          374          376          381          382          385          387          390
Mg d
          178          203          207          213          215          216          219          220          221          224          237          238          241          243          244          250          336          348          350          362          365          369          371          372          376          404          405          407
 Saving results in set 'frame_1701'

 --------------------------------------------------------------------------------

 End time:                               Mon May 17 12:01:42 2021
 Total wall-clock time:                  0.498 seconds
==================================================================================
