
================================================================================
          _____________ ________ _______________ ________     _________         
         / ___________// ______ \\_____   _____// ______ \   / ________)        
        / /_________  / /      \ \     | |     / /      \ \ | (_______          
       |  __________|| |        | |    | |    | |        | | \________ \        
        \ \_________ | |        | |    | |     \ \______/ /___________) |       
         \__________||_|        |_|    |_|      \________//____________/        
                                                                                
====================================[ Qcore ]===================================

 Git hash:   7cd5c520b37f7ee862d844b1504bc4191dc47444
 Git date:   Tue, 4 May 2021 13:25:05 +0100
 Compiler:   GNU 9.1.0
 Build type: Release
 Version:    1.2.0

 Start time: Mon May 17 11:55:01 2021

 Data directory: /home/of15641/.local/src/Qcore/release/share/entos/1.2.0/data
 Number of threads: 1
 Number of threads was determined by: command line argument
  - More threads can be used by running 'qcore -n 24'

 --------------------------------------------------------------------------------
                                  command: bchla                                 
 --------------------------------------------------------------------------------
Mg s eff H
  -0.3103

 SCF converged in 1 iterations.

 Setting up Delta-SCF
 Ground-Excited state overlap:          -0.000000000
 No correction applied to the TDM.
 Excitation energy:                      0.073154877
 Excitation energy (in eV):              1.990645607
 Transition dipole:                      2.24645       0.66427       1.31024
Mg s
          143          148          150          178          179          180          372          377          382          396          398          401          402          403          404          405          407
Mg p
          240          265          304          305          320          341          342          343          349          352          354          356          363          365          368          372          376          383          402          408
Mg d
          203          214          219          225          232          239          240          243          265          326          328          339          340          349          352          354          356          358          360          365          372          376          396          401          402          404          407
 Saving results in set 'frame_1602'

 --------------------------------------------------------------------------------

 End time:                               Mon May 17 11:55:01 2021
 Total wall-clock time:                  0.526 seconds
==================================================================================
