
================================================================================
          _____________ ________ _______________ ________     _________         
         / ___________// ______ \\_____   _____// ______ \   / ________)        
        / /_________  / /      \ \     | |     / /      \ \ | (_______          
       |  __________|| |        | |    | |    | |        | | \________ \        
        \ \_________ | |        | |    | |     \ \______/ /___________) |       
         \__________||_|        |_|    |_|      \________//____________/        
                                                                                
====================================[ Qcore ]===================================

 Git hash:   7cd5c520b37f7ee862d844b1504bc4191dc47444
 Git date:   Tue, 4 May 2021 13:25:05 +0100
 Compiler:   GNU 9.1.0
 Build type: Release
 Version:    1.2.0

 Start time: Mon May 17 11:58:26 2021

 Data directory: /home/of15641/.local/src/Qcore/release/share/entos/1.2.0/data
 Number of threads: 1
 Number of threads was determined by: command line argument
  - More threads can be used by running 'qcore -n 24'

 --------------------------------------------------------------------------------
                                  command: bchla                                 
 --------------------------------------------------------------------------------
Mg s eff H
  -0.3104

 SCF converged in 1 iterations.

 Setting up Delta-SCF
 Ground-Excited state overlap:           0.000000000
 No correction applied to the TDM.
 Excitation energy:                      0.082121777
 Excitation energy (in eV):              2.234647383
 Transition dipole:                     -2.67266       1.69870       0.53476
Mg s
          147          150          178          382          384          393          401          402          403          404          405          408
Mg p
          225          244          264          267          307          333          334          341          344          352          354          357          360          361          362          364          365          367          368          376          378          382          387          390          394          399          403
Mg d
          208          215          218          225          241          243          244          248          264          267          329          334          343          344          346          348          349          352          360          361          362          365          367          368          369          370          371          376          377          378          384          393          394
 Saving results in set 'frame_1656'

 --------------------------------------------------------------------------------

 End time:                               Mon May 17 11:58:26 2021
 Total wall-clock time:                  0.539 seconds
==================================================================================
