
================================================================================
          _____________ ________ _______________ ________     _________         
         / ___________// ______ \\_____   _____// ______ \   / ________)        
        / /_________  / /      \ \     | |     / /      \ \ | (_______          
       |  __________|| |        | |    | |    | |        | | \________ \        
        \ \_________ | |        | |    | |     \ \______/ /___________) |       
         \__________||_|        |_|    |_|      \________//____________/        
                                                                                
====================================[ Qcore ]===================================

 Git hash:   7cd5c520b37f7ee862d844b1504bc4191dc47444
 Git date:   Tue, 4 May 2021 13:25:05 +0100
 Compiler:   GNU 9.1.0
 Build type: Release
 Version:    1.2.0

 Start time: Mon May 17 11:55:00 2021

 Data directory: /home/of15641/.local/src/Qcore/release/share/entos/1.2.0/data
 Number of threads: 1
 Number of threads was determined by: command line argument
  - More threads can be used by running 'qcore -n 24'

 --------------------------------------------------------------------------------
                                  command: bchla                                 
 --------------------------------------------------------------------------------
Mg s eff H
  -0.3102

 SCF converged in 1 iterations.

 Setting up Delta-SCF
 Ground-Excited state overlap:          -0.000000000
 No correction applied to the TDM.
 Excitation energy:                      0.072822735
 Excitation energy (in eV):              1.981607566
 Transition dipole:                     -1.34245      -1.37071      -1.95530
Mg s
          144          149          151          179          180          378          391          401          402          405          406
Mg p
          158          308          312          314          316          317          318          325          327          330          331          338          339          345          350          352          353          354          355          357          359          367          368          370          374          375          376          383          385          386          387          388          405          408
Mg d
          210          213          217          230          235          236          238          244          245          267          306          319          325          334          338          339          350          353          354          355          359          361          367          368          376          378          393          399          405
 Saving results in set 'frame_159'

 --------------------------------------------------------------------------------

 End time:                               Mon May 17 11:55:01 2021
 Total wall-clock time:                  0.524 seconds
==================================================================================
