
================================================================================
          _____________ ________ _______________ ________     _________         
         / ___________// ______ \\_____   _____// ______ \   / ________)        
        / /_________  / /      \ \     | |     / /      \ \ | (_______          
       |  __________|| |        | |    | |    | |        | | \________ \        
        \ \_________ | |        | |    | |     \ \______/ /___________) |       
         \__________||_|        |_|    |_|      \________//____________/        
                                                                                
====================================[ Qcore ]===================================

 Git hash:   7cd5c520b37f7ee862d844b1504bc4191dc47444
 Git date:   Tue, 4 May 2021 13:25:05 +0100
 Compiler:   GNU 9.1.0
 Build type: Release
 Version:    1.2.0

 Start time: Mon May 17 12:14:39 2021

 Data directory: /home/of15641/.local/src/Qcore/release/share/entos/1.2.0/data
 Number of threads: 1
 Number of threads was determined by: command line argument
  - More threads can be used by running 'qcore -n 24'

 --------------------------------------------------------------------------------
                                  command: bchla                                 
 --------------------------------------------------------------------------------
Mg s eff H
  -0.3103

 SCF converged in 1 iterations.

 Setting up Delta-SCF
 Ground-Excited state overlap:           0.000000000
 No correction applied to the TDM.
 Excitation energy:                      0.072834111
 Excitation energy (in eV):              1.981917125
 Transition dipole:                      1.36987       1.99698       1.24070
Mg s
          150          152          178          179          390          399          404          405          406          408
Mg p
          204          209          215          217          224          226          234          238          240          243          247          266          270          330          342          348          356          358          363          365          367          368          370          371          372          373          383          390
Mg d
          238          270          308          324          333          334          338          342          347          349          358          360          363          365          367          368          370          371          372          373          383          386          390          392          400          405          406
 Saving results in set 'frame_1984'

 --------------------------------------------------------------------------------

 End time:                               Mon May 17 12:14:40 2021
 Total wall-clock time:                  0.511 seconds
==================================================================================
