
================================================================================
          _____________ ________ _______________ ________     _________         
         / ___________// ______ \\_____   _____// ______ \   / ________)        
        / /_________  / /      \ \     | |     / /      \ \ | (_______          
       |  __________|| |        | |    | |    | |        | | \________ \        
        \ \_________ | |        | |    | |     \ \______/ /___________) |       
         \__________||_|        |_|    |_|      \________//____________/        
                                                                                
====================================[ Qcore ]===================================

 Git hash:   7cd5c520b37f7ee862d844b1504bc4191dc47444
 Git date:   Tue, 4 May 2021 13:25:05 +0100
 Compiler:   GNU 9.1.0
 Build type: Release
 Version:    1.2.0

 Start time: Mon May 17 12:11:24 2021

 Data directory: /home/of15641/.local/src/Qcore/release/share/entos/1.2.0/data
 Number of threads: 1
 Number of threads was determined by: command line argument
  - More threads can be used by running 'qcore -n 24'

 --------------------------------------------------------------------------------
                                  command: bchla                                 
 --------------------------------------------------------------------------------
Mg s eff H
  -0.3103

 SCF converged in 1 iterations.

 Setting up Delta-SCF
 Ground-Excited state overlap:           0.000000000
 No correction applied to the TDM.
 Excitation energy:                      0.077988071
 Excitation energy (in eV):              2.122163526
 Transition dipole:                      2.89780       1.22376       0.12606
Mg s
          152          179          392          402          403          404          405          407          408
Mg p
          209          218          222          224          228          243          246          267          273          304          318          327          331          333          335          336          338          341          344          347          348          350          351          357          361          362          365          368          370          372          373          375          380          383          387          389          401          403          404          407
Mg d
          158          267          273          312          328          333          338          342          344          347          348          350          351          355          357          365          366          368          370          372          373          378          380          383          384          397          403          407          408
 Saving results in set 'frame_1897'

 --------------------------------------------------------------------------------

 End time:                               Mon May 17 12:11:25 2021
 Total wall-clock time:                  0.542 seconds
==================================================================================
