
================================================================================
          _____________ ________ _______________ ________     _________         
         / ___________// ______ \\_____   _____// ______ \   / ________)        
        / /_________  / /      \ \     | |     / /      \ \ | (_______          
       |  __________|| |        | |    | |    | |        | | \________ \        
        \ \_________ | |        | |    | |     \ \______/ /___________) |       
         \__________||_|        |_|    |_|      \________//____________/        
                                                                                
====================================[ Qcore ]===================================

 Git hash:   7cd5c520b37f7ee862d844b1504bc4191dc47444
 Git date:   Tue, 4 May 2021 13:25:05 +0100
 Compiler:   GNU 9.1.0
 Build type: Release
 Version:    1.2.0

 Start time: Mon May 17 11:26:34 2021

 Data directory: /home/of15641/.local/src/Qcore/release/share/entos/1.2.0/data
 Number of threads: 1
 Number of threads was determined by: command line argument
  - More threads can be used by running 'qcore -n 28'

 --------------------------------------------------------------------------------
                                  command: bchla                                 
 --------------------------------------------------------------------------------
Mg s eff H
  -0.3102

 SCF converged in 1 iterations.

 Setting up Delta-SCF
 Ground-Excited state overlap:          -0.000000000
 No correction applied to the TDM.
 Excitation energy:                      0.077790051
 Excitation energy (in eV):              2.116775128
 Transition dipole:                      0.84979       0.88318       3.25346
Mg s
          151          178          360          381          385          396          397          398          400          404          406          407
Mg p
          265          316          322          333          334          338          343          344          349          351          352          353          355          360          362          363          367          369          373          376          377          383          384          391          397          406
Mg d
          239          267          325          338          343          346          349          353          355          358          360          361          362          367          373          376          381          382          385          398
 Saving results in set 'frame_1055'

 --------------------------------------------------------------------------------

 End time:                               Mon May 17 11:26:35 2021
 Total wall-clock time:                  0.993 seconds
==================================================================================
