
================================================================================
          _____________ ________ _______________ ________     _________         
         / ___________// ______ \\_____   _____// ______ \   / ________)        
        / /_________  / /      \ \     | |     / /      \ \ | (_______          
       |  __________|| |        | |    | |    | |        | | \________ \        
        \ \_________ | |        | |    | |     \ \______/ /___________) |       
         \__________||_|        |_|    |_|      \________//____________/        
                                                                                
====================================[ Qcore ]===================================

 Git hash:   7cd5c520b37f7ee862d844b1504bc4191dc47444
 Git date:   Tue, 4 May 2021 13:25:05 +0100
 Compiler:   GNU 9.1.0
 Build type: Release
 Version:    1.2.0

 Start time: Mon May 17 11:54:55 2021

 Data directory: /home/of15641/.local/src/Qcore/release/share/entos/1.2.0/data
 Number of threads: 1
 Number of threads was determined by: command line argument
  - More threads can be used by running 'qcore -n 24'

 --------------------------------------------------------------------------------
                                  command: bchla                                 
 --------------------------------------------------------------------------------
Mg s eff H
  -0.3104

 SCF converged in 1 iterations.

 Setting up Delta-SCF
 Ground-Excited state overlap:          -0.000000000
 No correction applied to the TDM.
 Excitation energy:                      0.078129930
 Excitation energy (in eV):              2.126023690
 Transition dipole:                      2.99704      -2.18286       0.21680
Mg s
          149          152          177          178          179          371          388          390          392          397          400          402          403
Mg p
          159          209          212          228          230          243          268          269          305          313          325          334          336          343          346          349          354          356          359          361          368          371          373          377          378          382          388          390
Mg d
          209          211          212          216          220          225          227          228          230          240          242          243          246          265          268          313          343          349          354          356          359          360          364          371          372          377          384          389          393          394
 Saving results in set 'frame_1542'

 --------------------------------------------------------------------------------

 End time:                               Mon May 17 11:54:56 2021
 Total wall-clock time:                  0.566 seconds
==================================================================================
