
================================================================================
          _____________ ________ _______________ ________     _________         
         / ___________// ______ \\_____   _____// ______ \   / ________)        
        / /_________  / /      \ \     | |     / /      \ \ | (_______          
       |  __________|| |        | |    | |    | |        | | \________ \        
        \ \_________ | |        | |    | |     \ \______/ /___________) |       
         \__________||_|        |_|    |_|      \________//____________/        
                                                                                
====================================[ Qcore ]===================================

 Git hash:   7cd5c520b37f7ee862d844b1504bc4191dc47444
 Git date:   Tue, 4 May 2021 13:25:05 +0100
 Compiler:   GNU 9.1.0
 Build type: Release
 Version:    1.2.0

 Start time: Mon May 17 12:17:56 2021

 Data directory: /home/of15641/.local/src/Qcore/release/share/entos/1.2.0/data
 Number of threads: 1
 Number of threads was determined by: command line argument
  - More threads can be used by running 'qcore -n 24'

 --------------------------------------------------------------------------------
                                  command: bchla                                 
 --------------------------------------------------------------------------------
Mg s eff H
  -0.3103

 SCF converged in 1 iterations.

 Setting up Delta-SCF
 Ground-Excited state overlap:           0.000000000
 No correction applied to the TDM.
 Excitation energy:                      0.078788315
 Excitation energy (in eV):              2.143939275
 Transition dipole:                     -3.44675      -0.20166      -0.01998
Mg s
          152          177          178          179          180          367          386          393          394          395          398          399          401          403          405          406
Mg p
          266          268          312          324          326          339          344          345          352          353          354          356          359          360          365          366          367          369          371          375          377          380          383          391          399          406
Mg d
          178          206          208          214          216          219          221          224          227          229          230          235          241          246          247          249          347          359          360          363          379
 Saving results in set 'frame_274'

 --------------------------------------------------------------------------------

 End time:                               Mon May 17 12:17:57 2021
 Total wall-clock time:                  0.657 seconds
==================================================================================
