
================================================================================
          _____________ ________ _______________ ________     _________         
         / ___________// ______ \\_____   _____// ______ \   / ________)        
        / /_________  / /      \ \     | |     / /      \ \ | (_______          
       |  __________|| |        | |    | |    | |        | | \________ \        
        \ \_________ | |        | |    | |     \ \______/ /___________) |       
         \__________||_|        |_|    |_|      \________//____________/        
                                                                                
====================================[ Qcore ]===================================

 Git hash:   7cd5c520b37f7ee862d844b1504bc4191dc47444
 Git date:   Tue, 4 May 2021 13:25:05 +0100
 Compiler:   GNU 9.1.0
 Build type: Release
 Version:    1.2.0

 Start time: Thu May 13 08:55:59 2021

 Data directory: /home/of15641/.local/src/Qcore/release/share/entos/1.2.0/data
 Number of threads: 1
 Number of threads was determined by: command line argument
  - More threads can be used by running 'qcore -n 24'

 --------------------------------------------------------------------------------
                                  command: bchla                                 
 --------------------------------------------------------------------------------
Mg s eff H
  -0.3103

 SCF converged in 1 iterations.

 Setting up Delta-SCF
 Ground-Excited state overlap:          -0.000000000
 No correction applied to the TDM.
 Excitation energy:                      0.081649285
 Excitation energy (in eV):              2.221790234
 Transition dipole:                     -3.05976       0.94064      -0.12611
Mg s
          145          152          179          364          389          400          402          403          406          407          408
Mg p
          264          265          305          313          317          331          334          336          338          344          347          348          349          350          352          353          354          360          364          365          366          371          372          374          375          378          379          380          382          383          388          389          397          403          408
Mg d
          179          204          206          209          212          216          218          220          221          222          224          227          236          238          241          245          246          247          249          331          356          357          360          364          365          366          371          375          382          402          403          406
 Saving results in set 'frame_1700'

 --------------------------------------------------------------------------------

 End time:                               Thu May 13 08:56:00 2021
 Total wall-clock time:                  0.753 seconds
==================================================================================
