
================================================================================
          _____________ ________ _______________ ________     _________         
         / ___________// ______ \\_____   _____// ______ \   / ________)        
        / /_________  / /      \ \     | |     / /      \ \ | (_______          
       |  __________|| |        | |    | |    | |        | | \________ \        
        \ \_________ | |        | |    | |     \ \______/ /___________) |       
         \__________||_|        |_|    |_|      \________//____________/        
                                                                                
====================================[ Qcore ]===================================

 Git hash:   7cd5c520b37f7ee862d844b1504bc4191dc47444
 Git date:   Tue, 4 May 2021 13:25:05 +0100
 Compiler:   GNU 9.1.0
 Build type: Release
 Version:    1.2.0

 Start time: Mon May 17 11:37:22 2021

 Data directory: /home/of15641/.local/src/Qcore/release/share/entos/1.2.0/data
 Number of threads: 1
 Number of threads was determined by: command line argument
  - More threads can be used by running 'qcore -n 24'

 --------------------------------------------------------------------------------
                                  command: bchla                                 
 --------------------------------------------------------------------------------
Mg s eff H
  -0.3100

 SCF converged in 1 iterations.

 Setting up Delta-SCF
 Ground-Excited state overlap:          -0.000000000
 No correction applied to the TDM.
 Excitation energy:                      0.079463923
 Excitation energy (in eV):              2.162323511
 Transition dipole:                     -0.65419       3.27586      -1.46405
Mg s
          148          178          179          180          181          402          406          407          408
Mg p
          239          240          270          305          339          342          343          346          350          353          355          357          358          360          364          365          368          369          371          372          374          375          376          378          388          392          395          402          404          406
Mg d
          204          209          211          214          215          225          227          228          233          234          236          239          240          245          247          248          339          343          357          358          362          366          369          371          372          374          388          406
 Saving results in set 'frame_1253'

 --------------------------------------------------------------------------------

 End time:                               Mon May 17 11:37:22 2021
 Total wall-clock time:                  0.490 seconds
==================================================================================
