
================================================================================
          _____________ ________ _______________ ________     _________         
         / ___________// ______ \\_____   _____// ______ \   / ________)        
        / /_________  / /      \ \     | |     / /      \ \ | (_______          
       |  __________|| |        | |    | |    | |        | | \________ \        
        \ \_________ | |        | |    | |     \ \______/ /___________) |       
         \__________||_|        |_|    |_|      \________//____________/        
                                                                                
====================================[ Qcore ]===================================

 Git hash:   7cd5c520b37f7ee862d844b1504bc4191dc47444
 Git date:   Tue, 4 May 2021 13:25:05 +0100
 Compiler:   GNU 9.1.0
 Build type: Release
 Version:    1.2.0

 Start time: Mon May 17 12:42:57 2021

 Data directory: /home/of15641/.local/src/Qcore/release/share/entos/1.2.0/data
 Number of threads: 1
 Number of threads was determined by: command line argument
  - More threads can be used by running 'qcore -n 24'

 --------------------------------------------------------------------------------
                                  command: bchla                                 
 --------------------------------------------------------------------------------
Mg s eff H
  -0.3102

 SCF converged in 1 iterations.

 Setting up Delta-SCF
 Ground-Excited state overlap:          -0.000000000
 No correction applied to the TDM.
 Excitation energy:                      0.080225015
 Excitation energy (in eV):              2.183033879
 Transition dipole:                     -2.41096      -1.15193       2.16823
Mg s
          140          151          153          178          179          388          403          404          406          408
Mg p
          203          216          219          220          226          229          238          241          243          245          251          313          321          352          353          355          358          364          365          371          374          388          389
Mg d
          216          219          226          229          241          245          266          315          321          331          334          341          345          346          348          352          353          356          363          365          367          368          371          374          381          383          389          391          394          396          401          406
 Saving results in set 'frame_773'

 --------------------------------------------------------------------------------

 End time:                               Mon May 17 12:42:58 2021
 Total wall-clock time:                  0.506 seconds
==================================================================================
