
================================================================================
          _____________ ________ _______________ ________     _________         
         / ___________// ______ \\_____   _____// ______ \   / ________)        
        / /_________  / /      \ \     | |     / /      \ \ | (_______          
       |  __________|| |        | |    | |    | |        | | \________ \        
        \ \_________ | |        | |    | |     \ \______/ /___________) |       
         \__________||_|        |_|    |_|      \________//____________/        
                                                                                
====================================[ Qcore ]===================================

 Git hash:   7cd5c520b37f7ee862d844b1504bc4191dc47444
 Git date:   Tue, 4 May 2021 13:25:05 +0100
 Compiler:   GNU 9.1.0
 Build type: Release
 Version:    1.2.0

 Start time: Mon May 17 11:54:58 2021

 Data directory: /home/of15641/.local/src/Qcore/release/share/entos/1.2.0/data
 Number of threads: 1
 Number of threads was determined by: command line argument
  - More threads can be used by running 'qcore -n 24'

 --------------------------------------------------------------------------------
                                  command: bchla                                 
 --------------------------------------------------------------------------------
Mg s eff H
  -0.3103

 SCF converged in 1 iterations.

 Setting up Delta-SCF
 Ground-Excited state overlap:          -0.000000000
 No correction applied to the TDM.
 Excitation energy:                      0.076556320
 Excitation energy (in eV):              2.083203601
 Transition dipole:                      3.39030      -1.20718      -1.12958
Mg s
          150          151          178          179          180          383          394          405          406          407
Mg p
          159          306          315          325          326          330          341          345          347          348          353          356          357          358          360          361          362          363          364          366          368          370          373          376          379          381          382          383          390
Mg d
          204          214          216          217          218          221          226          229          231          238          240          241          242          243          306          308          321          335          338          341          343          344          345          348          350          360          361          364          366          368          373          391          407
 Saving results in set 'frame_156'

 --------------------------------------------------------------------------------

 End time:                               Mon May 17 11:54:58 2021
 Total wall-clock time:                  0.538 seconds
==================================================================================
