
================================================================================
          _____________ ________ _______________ ________     _________         
         / ___________// ______ \\_____   _____// ______ \   / ________)        
        / /_________  / /      \ \     | |     / /      \ \ | (_______          
       |  __________|| |        | |    | |    | |        | | \________ \        
        \ \_________ | |        | |    | |     \ \______/ /___________) |       
         \__________||_|        |_|    |_|      \________//____________/        
                                                                                
====================================[ Qcore ]===================================

 Git hash:   7cd5c520b37f7ee862d844b1504bc4191dc47444
 Git date:   Tue, 4 May 2021 13:25:05 +0100
 Compiler:   GNU 9.1.0
 Build type: Release
 Version:    1.2.0

 Start time: Mon May 17 12:21:06 2021

 Data directory: /home/of15641/.local/src/Qcore/release/share/entos/1.2.0/data
 Number of threads: 1
 Number of threads was determined by: command line argument
  - More threads can be used by running 'qcore -n 24'

 --------------------------------------------------------------------------------
                                  command: bchla                                 
 --------------------------------------------------------------------------------
Mg s eff H
  -0.3101

 SCF converged in 1 iterations.

 Setting up Delta-SCF
 Ground-Excited state overlap:           0.000000000
 No correction applied to the TDM.
 Excitation energy:                      0.074837023
 Excitation energy (in eV):              2.036419126
 Transition dipole:                      3.63832       0.73020      -1.15969
Mg s
          149          153          178          369          383          401          405
Mg p
          237          239          241          270          307          315          321          325          330          333          349          352          357          358          361          364          365          368          369          371          373          376          379          381          383          390
Mg d
          206          207          215          227          230          232          237          239          241          245          269          321          332          333          336          337          342          344          347          349          350          352          357          358          361          364          365          367          373          376          385          388          401          405          408
 Saving results in set 'frame_329'

 --------------------------------------------------------------------------------

 End time:                               Mon May 17 12:21:07 2021
 Total wall-clock time:                  0.518 seconds
==================================================================================
