
================================================================================
          _____________ ________ _______________ ________     _________         
         / ___________// ______ \\_____   _____// ______ \   / ________)        
        / /_________  / /      \ \     | |     / /      \ \ | (_______          
       |  __________|| |        | |    | |    | |        | | \________ \        
        \ \_________ | |        | |    | |     \ \______/ /___________) |       
         \__________||_|        |_|    |_|      \________//____________/        
                                                                                
====================================[ Qcore ]===================================

 Git hash:   7cd5c520b37f7ee862d844b1504bc4191dc47444
 Git date:   Tue, 4 May 2021 13:25:05 +0100
 Compiler:   GNU 9.1.0
 Build type: Release
 Version:    1.2.0

 Start time: Mon May 17 11:58:25 2021

 Data directory: /home/of15641/.local/src/Qcore/release/share/entos/1.2.0/data
 Number of threads: 1
 Number of threads was determined by: command line argument
  - More threads can be used by running 'qcore -n 24'

 --------------------------------------------------------------------------------
                                  command: bchla                                 
 --------------------------------------------------------------------------------
Mg s eff H
  -0.3102

 SCF converged in 1 iterations.

 Setting up Delta-SCF
 Ground-Excited state overlap:          -0.000000000
 No correction applied to the TDM.
 Excitation energy:                      0.076701425
 Excitation energy (in eV):              2.087152104
 Transition dipole:                      0.89710       1.35764       2.88575
Mg s
          142          150          151          179          376          396          403          404          405          406          407
Mg p
          208          217          223          228          242          243          249          308          309          319          340          342          343          344          349          350          352          355          359          362          369          373          381          383          384          390
Mg d
          208          217          223          228          241          242          243          246          249          251          322          342          344          346          350          352          353          365          367          369          370          371          373          374          376          378          381          390          396
 Saving results in set 'frame_1651'

 --------------------------------------------------------------------------------

 End time:                               Mon May 17 11:58:26 2021
 Total wall-clock time:                  0.551 seconds
==================================================================================
