
================================================================================
          _____________ ________ _______________ ________     _________         
         / ___________// ______ \\_____   _____// ______ \   / ________)        
        / /_________  / /      \ \     | |     / /      \ \ | (_______          
       |  __________|| |        | |    | |    | |        | | \________ \        
        \ \_________ | |        | |    | |     \ \______/ /___________) |       
         \__________||_|        |_|    |_|      \________//____________/        
                                                                                
====================================[ Qcore ]===================================

 Git hash:   7cd5c520b37f7ee862d844b1504bc4191dc47444
 Git date:   Tue, 4 May 2021 13:25:05 +0100
 Compiler:   GNU 9.1.0
 Build type: Release
 Version:    1.2.0

 Start time: Mon May 17 12:33:34 2021

 Data directory: /home/of15641/.local/src/Qcore/release/share/entos/1.2.0/data
 Number of threads: 1
 Number of threads was determined by: command line argument
  - More threads can be used by running 'qcore -n 24'

 --------------------------------------------------------------------------------
                                  command: bchla                                 
 --------------------------------------------------------------------------------
Mg s eff H
  -0.3103

 SCF converged in 1 iterations.

 Setting up Delta-SCF
 Ground-Excited state overlap:           0.000000000
 No correction applied to the TDM.
 Excitation energy:                      0.077530949
 Excitation energy (in eV):              2.109724595
 Transition dipole:                     -0.36445      -2.57583       0.84282
Mg s
          145          148          152          178          392          397          405          406          408
Mg p
          208          209          211          215          219          221          222          225          226          228          232          235          241          242          243          352
Mg d
          271          306          312          321          323          328          330          332          341          345          347          350          352          353          354          357          362          364          365          367          370          371          372          375          379          381          382          384          405          406
 Saving results in set 'frame_614'

 --------------------------------------------------------------------------------

 End time:                               Mon May 17 12:33:35 2021
 Total wall-clock time:                  0.676 seconds
==================================================================================
