
================================================================================
          _____________ ________ _______________ ________     _________         
         / ___________// ______ \\_____   _____// ______ \   / ________)        
        / /_________  / /      \ \     | |     / /      \ \ | (_______          
       |  __________|| |        | |    | |    | |        | | \________ \        
        \ \_________ | |        | |    | |     \ \______/ /___________) |       
         \__________||_|        |_|    |_|      \________//____________/        
                                                                                
====================================[ Qcore ]===================================

 Git hash:   7cd5c520b37f7ee862d844b1504bc4191dc47444
 Git date:   Tue, 4 May 2021 13:25:05 +0100
 Compiler:   GNU 9.1.0
 Build type: Release
 Version:    1.2.0

 Start time: Mon May 17 12:49:36 2021

 Data directory: /home/of15641/.local/src/Qcore/release/share/entos/1.2.0/data
 Number of threads: 1
 Number of threads was determined by: command line argument
  - More threads can be used by running 'qcore -n 24'

 --------------------------------------------------------------------------------
                                  command: bchla                                 
 --------------------------------------------------------------------------------
Mg s eff H
  -0.3103

 SCF converged in 1 iterations.

 Setting up Delta-SCF
 Ground-Excited state overlap:          -0.000000000
 No correction applied to the TDM.
 Excitation energy:                      0.079076794
 Excitation energy (in eV):              2.151789181
 Transition dipole:                      0.60671      -0.13127       3.46358
Mg s
          148          152          178          391          395          400          402          403          406          407
Mg p
          160          241          308          309          320          330          332          333          338          340          345          346          347          350          352          354          355          357          360          362          363          369          381          385          391          406          407          408
Mg d
          158          269          310          311          316          324          330          334          336          346          347          350          351          352          355          359          360          361          362          363          367          369          370          376          385          387          389          391          400          406          407
 Saving results in set 'frame_931'

 --------------------------------------------------------------------------------

 End time:                               Mon May 17 12:49:37 2021
 Total wall-clock time:                  0.603 seconds
==================================================================================
