
================================================================================
          _____________ ________ _______________ ________     _________         
         / ___________// ______ \\_____   _____// ______ \   / ________)        
        / /_________  / /      \ \     | |     / /      \ \ | (_______          
       |  __________|| |        | |    | |    | |        | | \________ \        
        \ \_________ | |        | |    | |     \ \______/ /___________) |       
         \__________||_|        |_|    |_|      \________//____________/        
                                                                                
====================================[ Qcore ]===================================

 Git hash:   7cd5c520b37f7ee862d844b1504bc4191dc47444
 Git date:   Tue, 4 May 2021 13:25:05 +0100
 Compiler:   GNU 9.1.0
 Build type: Release
 Version:    1.2.0

 Start time: Mon May 17 12:30:29 2021

 Data directory: /home/of15641/.local/src/Qcore/release/share/entos/1.2.0/data
 Number of threads: 1
 Number of threads was determined by: command line argument
  - More threads can be used by running 'qcore -n 24'

 --------------------------------------------------------------------------------
                                  command: bchla                                 
 --------------------------------------------------------------------------------
Mg s eff H
  -0.3102

 SCF converged in 1 iterations.

 Setting up Delta-SCF
 Ground-Excited state overlap:          -0.000000000
 No correction applied to the TDM.
 Excitation energy:                      0.078453241
 Excitation energy (in eV):              2.134821441
 Transition dipole:                     -3.46960      -0.50186       1.09773
Mg s
          151          177          179          180          370          388          399          400          403          405          406          408
Mg p
          225          234          242          270          302          313          322          333          335          337          339          342          344          345          349          353          356          357          360          362          363          367          369          370          376          384          403          406
Mg d
          207          208          210          221          225          226          234          236          242          248          299          313          322          324          334          344          349          353          360          362          363          367          369          372          376          384          408
 Saving results in set 'frame_50'

 --------------------------------------------------------------------------------

 End time:                               Mon May 17 12:30:29 2021
 Total wall-clock time:                  0.527 seconds
==================================================================================
