
================================================================================
          _____________ ________ _______________ ________     _________         
         / ___________// ______ \\_____   _____// ______ \   / ________)        
        / /_________  / /      \ \     | |     / /      \ \ | (_______          
       |  __________|| |        | |    | |    | |        | | \________ \        
        \ \_________ | |        | |    | |     \ \______/ /___________) |       
         \__________||_|        |_|    |_|      \________//____________/        
                                                                                
====================================[ Qcore ]===================================

 Git hash:   7cd5c520b37f7ee862d844b1504bc4191dc47444
 Git date:   Tue, 4 May 2021 13:25:05 +0100
 Compiler:   GNU 9.1.0
 Build type: Release
 Version:    1.2.0

 Start time: Mon May 17 12:21:02 2021

 Data directory: /home/of15641/.local/src/Qcore/release/share/entos/1.2.0/data
 Number of threads: 1
 Number of threads was determined by: command line argument
  - More threads can be used by running 'qcore -n 24'

 --------------------------------------------------------------------------------
                                  command: bchla                                 
 --------------------------------------------------------------------------------
Mg s eff H
  -0.3102

 SCF converged in 1 iterations.

 Setting up Delta-SCF
 Ground-Excited state overlap:           0.000000000
 No correction applied to the TDM.
 Excitation energy:                      0.077680423
 Excitation energy (in eV):              2.113791984
 Transition dipole:                     -0.65735      -2.35300      -1.38117
Mg s
          147          150          152          178          179          180          181          370          382          387          392          400          401          403          404          405          408
Mg p
          208          211          228          239          243          266          269          323          340          342          347          350          353          354          358          359          363          369          370          376          377          380          382          384          387          388          392          404
Mg d
          179          208          211          213          215          218          220          222          228          239          242          243          266          269          340          342          347          350          353          354          356          358          359          369          370          371          377          382          384          388          403
 Saving results in set 'frame_289'

 --------------------------------------------------------------------------------

 End time:                               Mon May 17 12:21:02 2021
 Total wall-clock time:                  0.520 seconds
==================================================================================
