
================================================================================
          _____________ ________ _______________ ________     _________         
         / ___________// ______ \\_____   _____// ______ \   / ________)        
        / /_________  / /      \ \     | |     / /      \ \ | (_______          
       |  __________|| |        | |    | |    | |        | | \________ \        
        \ \_________ | |        | |    | |     \ \______/ /___________) |       
         \__________||_|        |_|    |_|      \________//____________/        
                                                                                
====================================[ Qcore ]===================================

 Git hash:   7cd5c520b37f7ee862d844b1504bc4191dc47444
 Git date:   Tue, 4 May 2021 13:25:05 +0100
 Compiler:   GNU 9.1.0
 Build type: Release
 Version:    1.2.0

 Start time: Mon May 17 11:51:28 2021

 Data directory: /home/of15641/.local/src/Qcore/release/share/entos/1.2.0/data
 Number of threads: 1
 Number of threads was determined by: command line argument
  - More threads can be used by running 'qcore -n 24'

 --------------------------------------------------------------------------------
                                  command: bchla                                 
 --------------------------------------------------------------------------------
Mg s eff H
  -0.3100

 SCF converged in 1 iterations.

 Setting up Delta-SCF
 Ground-Excited state overlap:          -0.000000000
 No correction applied to the TDM.
 Excitation energy:                      0.078916907
 Excitation energy (in eV):              2.147438442
 Transition dipole:                     -1.91127       3.17207       0.50119
Mg s
          139          150          176          178          179          180          391          396          399          405          408
Mg p
          204          205          211          214          216          219          227          228          235          240          241          245          249          352          354          361          363          364          365          369          371          372          378          382          405
Mg d
          156          265          267          268          329          335          340          352          354          358          361          363          368          369          372          374          375          376          377          378          381          382          383          386          389          393          396          399          405
 Saving results in set 'frame_1500'

 --------------------------------------------------------------------------------

 End time:                               Mon May 17 11:51:29 2021
 Total wall-clock time:                  0.510 seconds
==================================================================================
