
================================================================================
          _____________ ________ _______________ ________     _________         
         / ___________// ______ \\_____   _____// ______ \   / ________)        
        / /_________  / /      \ \     | |     / /      \ \ | (_______          
       |  __________|| |        | |    | |    | |        | | \________ \        
        \ \_________ | |        | |    | |     \ \______/ /___________) |       
         \__________||_|        |_|    |_|      \________//____________/        
                                                                                
====================================[ Qcore ]===================================

 Git hash:   7cd5c520b37f7ee862d844b1504bc4191dc47444
 Git date:   Tue, 4 May 2021 13:25:05 +0100
 Compiler:   GNU 9.1.0
 Build type: Release
 Version:    1.2.0

 Start time: Mon May 17 11:26:36 2021

 Data directory: /home/of15641/.local/src/Qcore/release/share/entos/1.2.0/data
 Number of threads: 1
 Number of threads was determined by: command line argument
  - More threads can be used by running 'qcore -n 28'

 --------------------------------------------------------------------------------
                                  command: bchla                                 
 --------------------------------------------------------------------------------
Mg s eff H
  -0.3100

 SCF converged in 1 iterations.

 Setting up Delta-SCF
 Ground-Excited state overlap:           0.000000000
 No correction applied to the TDM.
 Excitation energy:                      0.080687078
 Excitation energy (in eV):              2.195607237
 Transition dipole:                      0.62262       0.73780      -3.62129
Mg s
          141          150          179          377          402          405          407
Mg p
          246          248          267          268          304          324          330          332          334          341          344          346          347          348          356          357          360          362          364          365          368          369          374          377          379          380          382          385          387          389          392          397          407
Mg d
          270          320          328          335          344          352          357          362          364          365          368          369          374          377          379          380          382          385          389          391          400
 Saving results in set 'frame_1037'

 --------------------------------------------------------------------------------

 End time:                               Mon May 17 11:26:37 2021
 Total wall-clock time:                  1.076 seconds
==================================================================================
