
================================================================================
          _____________ ________ _______________ ________     _________         
         / ___________// ______ \\_____   _____// ______ \   / ________)        
        / /_________  / /      \ \     | |     / /      \ \ | (_______          
       |  __________|| |        | |    | |    | |        | | \________ \        
        \ \_________ | |        | |    | |     \ \______/ /___________) |       
         \__________||_|        |_|    |_|      \________//____________/        
                                                                                
====================================[ Qcore ]===================================

 Git hash:   7cd5c520b37f7ee862d844b1504bc4191dc47444
 Git date:   Tue, 4 May 2021 13:25:05 +0100
 Compiler:   GNU 9.1.0
 Build type: Release
 Version:    1.2.0

 Start time: Mon May 17 12:46:03 2021

 Data directory: /home/of15641/.local/src/Qcore/release/share/entos/1.2.0/data
 Number of threads: 1
 Number of threads was determined by: command line argument
  - More threads can be used by running 'qcore -n 24'

 --------------------------------------------------------------------------------
                                  command: bchla                                 
 --------------------------------------------------------------------------------
Mg s eff H
  -0.3103

 SCF converged in 1 iterations.

 Setting up Delta-SCF
 Ground-Excited state overlap:          -0.000000000
 No correction applied to the TDM.
 Excitation energy:                      0.080765655
 Excitation energy (in eV):              2.197745423
 Transition dipole:                     -0.39655       0.27702       2.88306
Mg s
          152          178          368          375          378          379          380          381          384          386          396          400          401          408
Mg p
          264          266          339          348          350          354          356          357          361          363          364          368          371          374          375          378          379          380          381          382          383          384          386          389          392          394          397          400
Mg d
          157          264          266          322          323          335          337          340          350          354          356          357          360          366          368          371          372          374          375          378          381          386          387          392          397          398          400          401
 Saving results in set 'frame_849'

 --------------------------------------------------------------------------------

 End time:                               Mon May 17 12:46:04 2021
 Total wall-clock time:                  0.544 seconds
==================================================================================
