
================================================================================
          _____________ ________ _______________ ________     _________         
         / ___________// ______ \\_____   _____// ______ \   / ________)        
        / /_________  / /      \ \     | |     / /      \ \ | (_______          
       |  __________|| |        | |    | |    | |        | | \________ \        
        \ \_________ | |        | |    | |     \ \______/ /___________) |       
         \__________||_|        |_|    |_|      \________//____________/        
                                                                                
====================================[ Qcore ]===================================

 Git hash:   7cd5c520b37f7ee862d844b1504bc4191dc47444
 Git date:   Tue, 4 May 2021 13:25:05 +0100
 Compiler:   GNU 9.1.0
 Build type: Release
 Version:    1.2.0

 Start time: Mon May 17 12:30:30 2021

 Data directory: /home/of15641/.local/src/Qcore/release/share/entos/1.2.0/data
 Number of threads: 1
 Number of threads was determined by: command line argument
  - More threads can be used by running 'qcore -n 24'

 --------------------------------------------------------------------------------
                                  command: bchla                                 
 --------------------------------------------------------------------------------
Mg s eff H
  -0.3105

 SCF converged in 1 iterations.

 Setting up Delta-SCF
 Ground-Excited state overlap:           0.000000000
 No correction applied to the TDM.
 Excitation energy:                      0.070952732
 Excitation energy (in eV):              1.930722198
 Transition dipole:                     -0.62264      -2.39582      -0.33079
Mg s
          151          153          178          369          374          391          394          401          402          404          405          406          408
Mg p
          208          209          215          217          219          221          227          229          230          234          236          244          270          354          367          369          371          374          376          378          380          387
Mg d
          221          236          244          265          270          308          314          316          320          330          335          341          344          345          348          350          352          358          362          363          368          369          371          374          378          380          386          387          389          390          397          398          400          402          404          405
 Saving results in set 'frame_524'

 --------------------------------------------------------------------------------

 End time:                               Mon May 17 12:30:31 2021
 Total wall-clock time:                  0.495 seconds
==================================================================================
