
================================================================================
          _____________ ________ _______________ ________     _________         
         / ___________// ______ \\_____   _____// ______ \   / ________)        
        / /_________  / /      \ \     | |     / /      \ \ | (_______          
       |  __________|| |        | |    | |    | |        | | \________ \        
        \ \_________ | |        | |    | |     \ \______/ /___________) |       
         \__________||_|        |_|    |_|      \________//____________/        
                                                                                
====================================[ Qcore ]===================================

 Git hash:   7cd5c520b37f7ee862d844b1504bc4191dc47444
 Git date:   Tue, 4 May 2021 13:25:05 +0100
 Compiler:   GNU 9.1.0
 Build type: Release
 Version:    1.2.0

 Start time: Mon May 17 12:49:36 2021

 Data directory: /home/of15641/.local/src/Qcore/release/share/entos/1.2.0/data
 Number of threads: 1
 Number of threads was determined by: command line argument
  - More threads can be used by running 'qcore -n 24'

 --------------------------------------------------------------------------------
                                  command: bchla                                 
 --------------------------------------------------------------------------------
Mg s eff H
  -0.3101

 SCF converged in 1 iterations.

 Setting up Delta-SCF
 Ground-Excited state overlap:           0.000000000
 No correction applied to the TDM.
 Excitation energy:                      0.074288278
 Excitation energy (in eV):              2.021487020
 Transition dipole:                     -1.38943      -0.68564      -2.17688
Mg s
          149          152          178          179          381          385          404          406
Mg p
          159          267          324          329          331          336          340          344          345          347          349          351          353          355          360          362          363          369          370          373          374          376          381          384          387          390          391          397
Mg d
          158          238          241          272          306          323          337          342          345          347          351          352          361          362          365          367          369          373          374          376          377          381          386          387          390          391
 Saving results in set 'frame_930'

 --------------------------------------------------------------------------------

 End time:                               Mon May 17 12:49:37 2021
 Total wall-clock time:                  0.538 seconds
==================================================================================
