
================================================================================
          _____________ ________ _______________ ________     _________         
         / ___________// ______ \\_____   _____// ______ \   / ________)        
        / /_________  / /      \ \     | |     / /      \ \ | (_______          
       |  __________|| |        | |    | |    | |        | | \________ \        
        \ \_________ | |        | |    | |     \ \______/ /___________) |       
         \__________||_|        |_|    |_|      \________//____________/        
                                                                                
====================================[ Qcore ]===================================

 Git hash:   7cd5c520b37f7ee862d844b1504bc4191dc47444
 Git date:   Tue, 4 May 2021 13:25:05 +0100
 Compiler:   GNU 9.1.0
 Build type: Release
 Version:    1.2.0

 Start time: Mon May 17 12:04:59 2021

 Data directory: /home/of15641/.local/src/Qcore/release/share/entos/1.2.0/data
 Number of threads: 1
 Number of threads was determined by: command line argument
  - More threads can be used by running 'qcore -n 24'

 --------------------------------------------------------------------------------
                                  command: bchla                                 
 --------------------------------------------------------------------------------
Mg s eff H
  -0.3103

 SCF converged in 1 iterations.

 Setting up Delta-SCF
 Ground-Excited state overlap:           0.000000000
 No correction applied to the TDM.
 Excitation energy:                      0.082539909
 Excitation energy (in eV):              2.246025342
 Transition dipole:                      1.79532       3.01410      -0.21003
Mg s
          149          153          177          178          361          387          401          402          403          404          408
Mg p
          207          208          210          219          228          229          232          235          237          242          243          245          246          247          266          269          336          339          340          341          350          351          353          358          359          360          361          364          368          369          371          372          379          381          384          404
Mg d
          159          208          210          219          229          237          242          243          246          247          266          308          314          336          339          340          341          347          350          351          352          358          359          360          363          364          367          368          369          373          377          383          404
 Saving results in set 'frame_1790'

 --------------------------------------------------------------------------------

 End time:                               Mon May 17 12:04:59 2021
 Total wall-clock time:                  0.489 seconds
==================================================================================
