
================================================================================
          _____________ ________ _______________ ________     _________         
         / ___________// ______ \\_____   _____// ______ \   / ________)        
        / /_________  / /      \ \     | |     / /      \ \ | (_______          
       |  __________|| |        | |    | |    | |        | | \________ \        
        \ \_________ | |        | |    | |     \ \______/ /___________) |       
         \__________||_|        |_|    |_|      \________//____________/        
                                                                                
====================================[ Qcore ]===================================

 Git hash:   7cd5c520b37f7ee862d844b1504bc4191dc47444
 Git date:   Tue, 4 May 2021 13:25:05 +0100
 Compiler:   GNU 9.1.0
 Build type: Release
 Version:    1.2.0

 Start time: Mon May 17 12:24:15 2021

 Data directory: /home/of15641/.local/src/Qcore/release/share/entos/1.2.0/data
 Number of threads: 1
 Number of threads was determined by: command line argument
  - More threads can be used by running 'qcore -n 24'

 --------------------------------------------------------------------------------
                                  command: bchla                                 
 --------------------------------------------------------------------------------
Mg s eff H
  -0.3102

 SCF converged in 1 iterations.

 Setting up Delta-SCF
 Ground-Excited state overlap:           0.000000000
 No correction applied to the TDM.
 Excitation energy:                      0.081242557
 Excitation energy (in eV):              2.210722591
 Transition dipole:                     -1.30201       0.43079       2.56519
Mg s
          147          150          152          177          178          179          181          394          397          399          403          404          406          407          408
Mg p
          206          208          212          219          228          230          232          233          237          240          242          243          246          255          318          327          345          351          352          357          360          361          364          367          369          371          377          391          394
Mg d
          212          228          233          240          242          246          269          304          305          322          327          329          337          338          339          342          347          349          351          352          357          360          361          364          369          371          374          377          379          383          384          387          389          390          392          399          407
 Saving results in set 'frame_379'

 --------------------------------------------------------------------------------

 End time:                               Mon May 17 12:24:15 2021
 Total wall-clock time:                  0.498 seconds
==================================================================================
