
================================================================================
          _____________ ________ _______________ ________     _________         
         / ___________// ______ \\_____   _____// ______ \   / ________)        
        / /_________  / /      \ \     | |     / /      \ \ | (_______          
       |  __________|| |        | |    | |    | |        | | \________ \        
        \ \_________ | |        | |    | |     \ \______/ /___________) |       
         \__________||_|        |_|    |_|      \________//____________/        
                                                                                
====================================[ Qcore ]===================================

 Git hash:   7cd5c520b37f7ee862d844b1504bc4191dc47444
 Git date:   Tue, 4 May 2021 13:25:05 +0100
 Compiler:   GNU 9.1.0
 Build type: Release
 Version:    1.2.0

 Start time: Mon May 17 11:26:30 2021

 Data directory: /home/of15641/.local/src/Qcore/release/share/entos/1.2.0/data
 Number of threads: 1
 Number of threads was determined by: command line argument
  - More threads can be used by running 'qcore -n 24'

 --------------------------------------------------------------------------------
                                  command: bchla                                 
 --------------------------------------------------------------------------------
Mg s eff H
  -0.3104

 SCF converged in 1 iterations.

 Setting up Delta-SCF
 Ground-Excited state overlap:           0.000000000
 No correction applied to the TDM.
 Excitation energy:                      0.077994604
 Excitation energy (in eV):              2.122341303
 Transition dipole:                     -2.28246       0.67586      -2.41870
Mg s
          153          177          178          374          385          396          397          398          402          403          404          405          408
Mg p
          158          265          266          306          314          315          318          322          330          331          334          341          342          345          349          350          353          354          356          357          358          359          360          366          369          370          378          379          389          390
Mg d
          157          216          241          265          268          301          324          328          342          349          353          358          359          366          367          369          370          371          374          376          380          389          390          403
 Saving results in set 'frame_1016'

 --------------------------------------------------------------------------------

 End time:                               Mon May 17 11:26:30 2021
 Total wall-clock time:                  0.818 seconds
==================================================================================
