
================================================================================
          _____________ ________ _______________ ________     _________         
         / ___________// ______ \\_____   _____// ______ \   / ________)        
        / /_________  / /      \ \     | |     / /      \ \ | (_______          
       |  __________|| |        | |    | |    | |        | | \________ \        
        \ \_________ | |        | |    | |     \ \______/ /___________) |       
         \__________||_|        |_|    |_|      \________//____________/        
                                                                                
====================================[ Qcore ]===================================

 Git hash:   7cd5c520b37f7ee862d844b1504bc4191dc47444
 Git date:   Tue, 4 May 2021 13:25:05 +0100
 Compiler:   GNU 9.1.0
 Build type: Release
 Version:    1.2.0

 Start time: Mon May 17 12:36:48 2021

 Data directory: /home/of15641/.local/src/Qcore/release/share/entos/1.2.0/data
 Number of threads: 1
 Number of threads was determined by: command line argument
  - More threads can be used by running 'qcore -n 24'

 --------------------------------------------------------------------------------
                                  command: bchla                                 
 --------------------------------------------------------------------------------
Mg s eff H
  -0.3102

 SCF converged in 1 iterations.

 Setting up Delta-SCF
 Ground-Excited state overlap:          -0.000000000
 No correction applied to the TDM.
 Excitation energy:                      0.066056549
 Excitation energy (in eV):              1.797490272
 Transition dipole:                     -0.22880      -1.23872      -1.81346
Mg s
          142          151          178          384          389          400          403          404          405          406          408
Mg p
          237          241          266          272          315          321          325          333          338          349          350          353          357          359          364          366          377          379          382          384          385          387
Mg d
          219          220          225          235          237          239          241          249          266          272          328          333          335          338          339          347          349          350          353          357          360          364          366          367          377          379          385          390          395          403          404          406
 Saving results in set 'frame_64'

 --------------------------------------------------------------------------------

 End time:                               Mon May 17 12:36:49 2021
 Total wall-clock time:                  0.519 seconds
==================================================================================
