
================================================================================
          _____________ ________ _______________ ________     _________         
         / ___________// ______ \\_____   _____// ______ \   / ________)        
        / /_________  / /      \ \     | |     / /      \ \ | (_______          
       |  __________|| |        | |    | |    | |        | | \________ \        
        \ \_________ | |        | |    | |     \ \______/ /___________) |       
         \__________||_|        |_|    |_|      \________//____________/        
                                                                                
====================================[ Qcore ]===================================

 Git hash:   7cd5c520b37f7ee862d844b1504bc4191dc47444
 Git date:   Tue, 4 May 2021 13:25:05 +0100
 Compiler:   GNU 9.1.0
 Build type: Release
 Version:    1.2.0

 Start time: Mon May 17 12:21:05 2021

 Data directory: /home/of15641/.local/src/Qcore/release/share/entos/1.2.0/data
 Number of threads: 1
 Number of threads was determined by: command line argument
  - More threads can be used by running 'qcore -n 24'

 --------------------------------------------------------------------------------
                                  command: bchla                                 
 --------------------------------------------------------------------------------
Mg s eff H
  -0.3103

 SCF converged in 1 iterations.

 Setting up Delta-SCF
 Ground-Excited state overlap:           0.000000000
 No correction applied to the TDM.
 Excitation energy:                      0.075856659
 Excitation energy (in eV):              2.064164843
 Transition dipole:                      2.25303      -0.33247      -2.07743
Mg s
          150          152          176          178          179          180          356          395          398          403          405          406
Mg p
          269          314          318          324          331          338          343          345          347          352          353          354          356          358          359          360          361          364          367          370          372          378          380          390          397
Mg d
          232          246          264          266          312          317          324          329          333          340          343          352          353          356          358          359          365          368          372          379          384          387          395          396          397          398          403          405          408
 Saving results in set 'frame_316'

 --------------------------------------------------------------------------------

 End time:                               Mon May 17 12:21:05 2021
 Total wall-clock time:                  0.516 seconds
==================================================================================
