
================================================================================
          _____________ ________ _______________ ________     _________         
         / ___________// ______ \\_____   _____// ______ \   / ________)        
        / /_________  / /      \ \     | |     / /      \ \ | (_______          
       |  __________|| |        | |    | |    | |        | | \________ \        
        \ \_________ | |        | |    | |     \ \______/ /___________) |       
         \__________||_|        |_|    |_|      \________//____________/        
                                                                                
====================================[ Qcore ]===================================

 Git hash:   7cd5c520b37f7ee862d844b1504bc4191dc47444
 Git date:   Tue, 4 May 2021 13:25:05 +0100
 Compiler:   GNU 9.1.0
 Build type: Release
 Version:    1.2.0

 Start time: Mon May 17 12:39:49 2021

 Data directory: /home/of15641/.local/src/Qcore/release/share/entos/1.2.0/data
 Number of threads: 1
 Number of threads was determined by: command line argument
  - More threads can be used by running 'qcore -n 24'

 --------------------------------------------------------------------------------
                                  command: bchla                                 
 --------------------------------------------------------------------------------
Mg s eff H
  -0.3102

 SCF converged in 1 iterations.

 Setting up Delta-SCF
 Ground-Excited state overlap:          -0.000000000
 No correction applied to the TDM.
 Excitation energy:                      0.075410115
 Excitation energy (in eV):              2.052013774
 Transition dipole:                     -1.51702      -2.40354      -0.56824
Mg s
          148          178          180          369          380          397          404          407          408
Mg p
          202          206          208          213          215          216          229          232          234          236          237          241          333          334          343          344          347          353          355          361          363          369          372          376
Mg d
          311          323          324          326          333          334          338          339          343          344          349          350          355          356          357          359          363          367          369          371          372          379          383          398          404          407
 Saving results in set 'frame_743'

 --------------------------------------------------------------------------------

 End time:                               Mon May 17 12:39:50 2021
 Total wall-clock time:                  0.573 seconds
==================================================================================
