
================================================================================
          _____________ ________ _______________ ________     _________         
         / ___________// ______ \\_____   _____// ______ \   / ________)        
        / /_________  / /      \ \     | |     / /      \ \ | (_______          
       |  __________|| |        | |    | |    | |        | | \________ \        
        \ \_________ | |        | |    | |     \ \______/ /___________) |       
         \__________||_|        |_|    |_|      \________//____________/        
                                                                                
====================================[ Qcore ]===================================

 Git hash:   7cd5c520b37f7ee862d844b1504bc4191dc47444
 Git date:   Tue, 4 May 2021 13:25:05 +0100
 Compiler:   GNU 9.1.0
 Build type: Release
 Version:    1.2.0

 Start time: Mon May 17 12:30:30 2021

 Data directory: /home/of15641/.local/src/Qcore/release/share/entos/1.2.0/data
 Number of threads: 1
 Number of threads was determined by: command line argument
  - More threads can be used by running 'qcore -n 24'

 --------------------------------------------------------------------------------
                                  command: bchla                                 
 --------------------------------------------------------------------------------
Mg s eff H
  -0.3104

 SCF converged in 1 iterations.

 Setting up Delta-SCF
 Ground-Excited state overlap:           0.000000000
 No correction applied to the TDM.
 Excitation energy:                      0.075752798
 Excitation energy (in eV):              2.061338653
 Transition dipole:                     -0.91049      -3.35522      -0.29320
Mg s
          149          152          177          178          372          376          379          390          393          398          402          403          404          406          408
Mg p
          206          207          209          213          215          218          224          226          235          238          240          241          242          251          255          351          354          357          363          365          372          375
Mg d
          241          267          319          324          330          333          339          342          343          345          349          351          357          358          361          363          365          370          371          372          375          376          382          387          390          391          397          398          401          403
 Saving results in set 'frame_516'

 --------------------------------------------------------------------------------

 End time:                               Mon May 17 12:30:30 2021
 Total wall-clock time:                  0.509 seconds
==================================================================================
