
================================================================================
          _____________ ________ _______________ ________     _________         
         / ___________// ______ \\_____   _____// ______ \   / ________)        
        / /_________  / /      \ \     | |     / /      \ \ | (_______          
       |  __________|| |        | |    | |    | |        | | \________ \        
        \ \_________ | |        | |    | |     \ \______/ /___________) |       
         \__________||_|        |_|    |_|      \________//____________/        
                                                                                
====================================[ Qcore ]===================================

 Git hash:   7cd5c520b37f7ee862d844b1504bc4191dc47444
 Git date:   Tue, 4 May 2021 13:25:05 +0100
 Compiler:   GNU 9.1.0
 Build type: Release
 Version:    1.2.0

 Start time: Mon May 17 12:01:40 2021

 Data directory: /home/of15641/.local/src/Qcore/release/share/entos/1.2.0/data
 Number of threads: 1
 Number of threads was determined by: command line argument
  - More threads can be used by running 'qcore -n 24'

 --------------------------------------------------------------------------------
                                  command: bchla                                 
 --------------------------------------------------------------------------------
Mg s eff H
  -0.3101

 SCF converged in 1 iterations.

 Setting up Delta-SCF
 Ground-Excited state overlap:           0.000000000
 No correction applied to the TDM.
 Excitation energy:                      0.075929932
 Excitation energy (in eV):              2.066158712
 Transition dipole:                      2.05008       1.82439       1.51587
Mg s
          144          151          177          178          179          353          371          381          388          389          395          396          400          401          403          404          405          408
Mg p
          241          264          309          310          312          316          322          323          326          329          332          333          338          342          343          345          347          351          355          357          359          367          370          381          388          395          400          401          408
Mg d
          207          208          212          225          226          227          235          236          237          238          239          241          242          323          351          353          359          366          367          368          370          377          388          400
 Saving results in set 'frame_1684'

 --------------------------------------------------------------------------------

 End time:                               Mon May 17 12:01:41 2021
 Total wall-clock time:                  0.502 seconds
==================================================================================
