
================================================================================
          _____________ ________ _______________ ________     _________         
         / ___________// ______ \\_____   _____// ______ \   / ________)        
        / /_________  / /      \ \     | |     / /      \ \ | (_______          
       |  __________|| |        | |    | |    | |        | | \________ \        
        \ \_________ | |        | |    | |     \ \______/ /___________) |       
         \__________||_|        |_|    |_|      \________//____________/        
                                                                                
====================================[ Qcore ]===================================

 Git hash:   7cd5c520b37f7ee862d844b1504bc4191dc47444
 Git date:   Tue, 4 May 2021 13:25:05 +0100
 Compiler:   GNU 9.1.0
 Build type: Release
 Version:    1.2.0

 Start time: Mon May 17 11:58:24 2021

 Data directory: /home/of15641/.local/src/Qcore/release/share/entos/1.2.0/data
 Number of threads: 1
 Number of threads was determined by: command line argument
  - More threads can be used by running 'qcore -n 24'

 --------------------------------------------------------------------------------
                                  command: bchla                                 
 --------------------------------------------------------------------------------
Mg s eff H
  -0.3101

 SCF converged in 1 iterations.

 Setting up Delta-SCF
 Ground-Excited state overlap:           0.000000000
 No correction applied to the TDM.
 Excitation energy:                      0.079428774
 Excitation energy (in eV):              2.161367044
 Transition dipole:                     -0.22140      -1.44264      -2.11068
Mg s
          142          144          152          178          179          180          388          390          401          402          403          404          406          408
Mg p
          220          232          235          242          245          273          274          308          327          335          345          348          356          358          364          365          366          367          373          378          382          383          384          386          390          394          395          396
Mg d
          160          206          208          220          232          235          242          243          245          306          309          328          331          335          337          338          345          355          356          377          385          391          404
 Saving results in set 'frame_163'

 --------------------------------------------------------------------------------

 End time:                               Mon May 17 11:58:24 2021
 Total wall-clock time:                  0.514 seconds
==================================================================================
