
================================================================================
          _____________ ________ _______________ ________     _________         
         / ___________// ______ \\_____   _____// ______ \   / ________)        
        / /_________  / /      \ \     | |     / /      \ \ | (_______          
       |  __________|| |        | |    | |    | |        | | \________ \        
        \ \_________ | |        | |    | |     \ \______/ /___________) |       
         \__________||_|        |_|    |_|      \________//____________/        
                                                                                
====================================[ Qcore ]===================================

 Git hash:   7cd5c520b37f7ee862d844b1504bc4191dc47444
 Git date:   Tue, 4 May 2021 13:25:05 +0100
 Compiler:   GNU 9.1.0
 Build type: Release
 Version:    1.2.0

 Start time: Mon May 17 11:58:27 2021

 Data directory: /home/of15641/.local/src/Qcore/release/share/entos/1.2.0/data
 Number of threads: 1
 Number of threads was determined by: command line argument
  - More threads can be used by running 'qcore -n 24'

 --------------------------------------------------------------------------------
                                  command: bchla                                 
 --------------------------------------------------------------------------------
Mg s eff H
  -0.3103

 SCF converged in 1 iterations.

 Setting up Delta-SCF
 Ground-Excited state overlap:           0.000000000
 No correction applied to the TDM.
 Excitation energy:                      0.081136818
 Excitation energy (in eV):              2.207845282
 Transition dipole:                      1.26999       2.68794       1.64196
Mg s
          152          179          382          394          396          397          399          403          404          405          406
Mg p
          158          266          267          270          306          330          331          338          343          347          351          356          357          361          362          363          367          368          369          370          374          375          376          379          381          386          387          390          403          405          406          408
Mg d
          179          203          205          221          222          223          228          230          242          244          245          246          347          355          356          357          359          362          365          367          368          370          381          405          406
 Saving results in set 'frame_1670'

 --------------------------------------------------------------------------------

 End time:                               Mon May 17 11:58:28 2021
 Total wall-clock time:                  0.500 seconds
==================================================================================
