
================================================================================
          _____________ ________ _______________ ________     _________         
         / ___________// ______ \\_____   _____// ______ \   / ________)        
        / /_________  / /      \ \     | |     / /      \ \ | (_______          
       |  __________|| |        | |    | |    | |        | | \________ \        
        \ \_________ | |        | |    | |     \ \______/ /___________) |       
         \__________||_|        |_|    |_|      \________//____________/        
                                                                                
====================================[ Qcore ]===================================

 Git hash:   7cd5c520b37f7ee862d844b1504bc4191dc47444
 Git date:   Tue, 4 May 2021 13:25:05 +0100
 Compiler:   GNU 9.1.0
 Build type: Release
 Version:    1.2.0

 Start time: Mon May 17 12:08:11 2021

 Data directory: /home/of15641/.local/src/Qcore/release/share/entos/1.2.0/data
 Number of threads: 1
 Number of threads was determined by: command line argument
  - More threads can be used by running 'qcore -n 24'

 --------------------------------------------------------------------------------
                                  command: bchla                                 
 --------------------------------------------------------------------------------
Mg s eff H
  -0.3103

 SCF converged in 1 iterations.

 Setting up Delta-SCF
 Ground-Excited state overlap:          -0.000000000
 No correction applied to the TDM.
 Excitation energy:                      0.078902243
 Excitation energy (in eV):              2.147039407
 Transition dipole:                      2.88063       1.80260       0.14809
Mg s
          151          152          179          181          383          402          406          407          408
Mg p
          159          213          217          223          235          236          240          241          243          267          304          309          321          323          324          329          331          335          336          337          340          344          350          362          365          366          374          375          376          377          379          384          391          407          408
Mg d
          158          267          309          311          321          324          330          331          334          335          337          339          340          341          344          350          351          352          356          357          359          362          363          364          365          371          375          377          389          407          408
 Saving results in set 'frame_1858'

 --------------------------------------------------------------------------------

 End time:                               Mon May 17 12:08:12 2021
 Total wall-clock time:                  0.523 seconds
==================================================================================
