
================================================================================
          _____________ ________ _______________ ________     _________         
         / ___________// ______ \\_____   _____// ______ \   / ________)        
        / /_________  / /      \ \     | |     / /      \ \ | (_______          
       |  __________|| |        | |    | |    | |        | | \________ \        
        \ \_________ | |        | |    | |     \ \______/ /___________) |       
         \__________||_|        |_|    |_|      \________//____________/        
                                                                                
====================================[ Qcore ]===================================

 Git hash:   7cd5c520b37f7ee862d844b1504bc4191dc47444
 Git date:   Tue, 4 May 2021 13:25:05 +0100
 Compiler:   GNU 9.1.0
 Build type: Release
 Version:    1.2.0

 Start time: Mon May 17 11:40:54 2021

 Data directory: /home/of15641/.local/src/Qcore/release/share/entos/1.2.0/data
 Number of threads: 1
 Number of threads was determined by: command line argument
  - More threads can be used by running 'qcore -n 24'

 --------------------------------------------------------------------------------
                                  command: bchla                                 
 --------------------------------------------------------------------------------
Mg s eff H
  -0.3102

 SCF converged in 1 iterations.

 Setting up Delta-SCF
 Ground-Excited state overlap:          -0.000000000
 No correction applied to the TDM.
 Excitation energy:                      0.079941694
 Excitation energy (in eV):              2.175324308
 Transition dipole:                     -2.59300       1.07708      -2.14731
Mg s
          143          151          177          179          400          403          406          407          408
Mg p
          159          270          310          315          323          326          333          335          342          344          345          347          348          349          351          354          356          359          360          363          366          367          368          370          371          372          375          378          380          383          385          388          389          397          406          407
Mg d
          217          219          220          223          228          232          235          242          345          347          349          351          354          356          360          363          366          367          368          370          371          372          375          376          378          380          384          391          394
 Saving results in set 'frame_1322'

 --------------------------------------------------------------------------------

 End time:                               Mon May 17 11:40:55 2021
 Total wall-clock time:                  0.498 seconds
==================================================================================
