
================================================================================
          _____________ ________ _______________ ________     _________         
         / ___________// ______ \\_____   _____// ______ \   / ________)        
        / /_________  / /      \ \     | |     / /      \ \ | (_______          
       |  __________|| |        | |    | |    | |        | | \________ \        
        \ \_________ | |        | |    | |     \ \______/ /___________) |       
         \__________||_|        |_|    |_|      \________//____________/        
                                                                                
====================================[ Qcore ]===================================

 Git hash:   7cd5c520b37f7ee862d844b1504bc4191dc47444
 Git date:   Tue, 4 May 2021 13:25:05 +0100
 Compiler:   GNU 9.1.0
 Build type: Release
 Version:    1.2.0

 Start time: Thu May 13 08:55:59 2021

 Data directory: /home/of15641/.local/src/Qcore/release/share/entos/1.2.0/data
 Number of threads: 1
 Number of threads was determined by: command line argument
  - More threads can be used by running 'qcore -n 24'

 --------------------------------------------------------------------------------
                                  command: bchla                                 
 --------------------------------------------------------------------------------
Mg s eff H
  -0.3102

 SCF converged in 1 iterations.

 Setting up Delta-SCF
 Ground-Excited state overlap:          -0.000000000
 No correction applied to the TDM.
 Excitation energy:                      0.077126012
 Excitation energy (in eV):              2.098705700
 Transition dipole:                      2.41116      -0.88742       2.51084
Mg s
          152          179          361          386          395          398          403          404          405          406          407          408
Mg p
          266          267          310          313          314          326          327          329          337          340          342          344          349          350          354          355          356          358          359          361          364          366          367          368          374          376          381          385          386          387          392          395          405          406
Mg d
          217          229          244          247          273          309          311          317          327          329          342          344          346          354          358          361          364          366          367          368          372          374          376          382          383          386          387          390          395          398          406          408
 Saving results in set 'frame_1120'

 --------------------------------------------------------------------------------

 End time:                               Thu May 13 08:56:00 2021
 Total wall-clock time:                  0.709 seconds
==================================================================================
