
================================================================================
          _____________ ________ _______________ ________     _________         
         / ___________// ______ \\_____   _____// ______ \   / ________)        
        / /_________  / /      \ \     | |     / /      \ \ | (_______          
       |  __________|| |        | |    | |    | |        | | \________ \        
        \ \_________ | |        | |    | |     \ \______/ /___________) |       
         \__________||_|        |_|    |_|      \________//____________/        
                                                                                
====================================[ Qcore ]===================================

 Git hash:   7cd5c520b37f7ee862d844b1504bc4191dc47444
 Git date:   Tue, 4 May 2021 13:25:05 +0100
 Compiler:   GNU 9.1.0
 Build type: Release
 Version:    1.2.0

 Start time: Mon May 17 11:33:42 2021

 Data directory: /home/of15641/.local/src/Qcore/release/share/entos/1.2.0/data
 Number of threads: 1
 Number of threads was determined by: command line argument
  - More threads can be used by running 'qcore -n 24'

 --------------------------------------------------------------------------------
                                  command: bchla                                 
 --------------------------------------------------------------------------------
Mg s eff H
  -0.3104

 SCF converged in 1 iterations.

 Setting up Delta-SCF
 Ground-Excited state overlap:           0.000000000
 No correction applied to the TDM.
 Excitation energy:                      0.080414921
 Excitation energy (in eV):              2.188201473
 Transition dipole:                      1.82033      -1.74331       2.39444
Mg s
          149          151          178          363          368          371          372          383          388          392          396          397          401          408
Mg p
          236          264          328          335          341          344          345          347          348          351          354          355          364          368          369          371          372          377          379          380          381          383          388          397          401
Mg d
          159          236          239          242          243          266          267          268          328          336          342          347          351          355          357          363          364          369          371          372          379          380          392          394          396          397          401          408
 Saving results in set 'frame_1186'

 --------------------------------------------------------------------------------

 End time:                               Mon May 17 11:33:42 2021
 Total wall-clock time:                  0.520 seconds
==================================================================================
