
================================================================================
          _____________ ________ _______________ ________     _________         
         / ___________// ______ \\_____   _____// ______ \   / ________)        
        / /_________  / /      \ \     | |     / /      \ \ | (_______          
       |  __________|| |        | |    | |    | |        | | \________ \        
        \ \_________ | |        | |    | |     \ \______/ /___________) |       
         \__________||_|        |_|    |_|      \________//____________/        
                                                                                
====================================[ Qcore ]===================================

 Git hash:   7cd5c520b37f7ee862d844b1504bc4191dc47444
 Git date:   Tue, 4 May 2021 13:25:05 +0100
 Compiler:   GNU 9.1.0
 Build type: Release
 Version:    1.2.0

 Start time: Mon May 17 12:36:47 2021

 Data directory: /home/of15641/.local/src/Qcore/release/share/entos/1.2.0/data
 Number of threads: 1
 Number of threads was determined by: command line argument
  - More threads can be used by running 'qcore -n 24'

 --------------------------------------------------------------------------------
                                  command: bchla                                 
 --------------------------------------------------------------------------------
Mg s eff H
  -0.3102

 SCF converged in 1 iterations.

 Setting up Delta-SCF
 Ground-Excited state overlap:           0.000000000
 No correction applied to the TDM.
 Excitation energy:                      0.079148021
 Excitation energy (in eV):              2.153727376
 Transition dipole:                      1.87633       1.62527       1.01258
Mg s
          150          177          178          179          180          388          392          396          397          398          403          405          406          408
Mg p
          209          235          237          240          305          308          314          331          332          334          338          342          345          347          349          350          353          356          357          359          360          361          365          366          370          377          392
Mg d
          158          209          214          233          235          237          240          269          325          332          338          342          344          347          349          350          358          359          360          361          364          366          370          380          381          382          390          392          406
 Saving results in set 'frame_63'

 --------------------------------------------------------------------------------

 End time:                               Mon May 17 12:36:47 2021
 Total wall-clock time:                  0.532 seconds
==================================================================================
