
================================================================================
          _____________ ________ _______________ ________     _________         
         / ___________// ______ \\_____   _____// ______ \   / ________)        
        / /_________  / /      \ \     | |     / /      \ \ | (_______          
       |  __________|| |        | |    | |    | |        | | \________ \        
        \ \_________ | |        | |    | |     \ \______/ /___________) |       
         \__________||_|        |_|    |_|      \________//____________/        
                                                                                
====================================[ Qcore ]===================================

 Git hash:   7cd5c520b37f7ee862d844b1504bc4191dc47444
 Git date:   Tue, 4 May 2021 13:25:05 +0100
 Compiler:   GNU 9.1.0
 Build type: Release
 Version:    1.2.0

 Start time: Mon May 17 12:08:06 2021

 Data directory: /home/of15641/.local/src/Qcore/release/share/entos/1.2.0/data
 Number of threads: 1
 Number of threads was determined by: command line argument
  - More threads can be used by running 'qcore -n 24'

 --------------------------------------------------------------------------------
                                  command: bchla                                 
 --------------------------------------------------------------------------------
Mg s eff H
  -0.3103

 SCF converged in 1 iterations.

 Setting up Delta-SCF
 Ground-Excited state overlap:           0.000000000
 No correction applied to the TDM.
 Excitation energy:                      0.078730336
 Excitation energy (in eV):              2.142361595
 Transition dipole:                     -1.39939      -2.28813      -2.32344
Mg s
          150          151          177          178          179          350          391          395          397          398          401          402          403          404          405          406
Mg p
          217          218          220          230          234          241          244          246          268          269          323          326          330          332          338          341          345          350          353          355          356          359          361          363          365          367          368          369          370          382          383          385          387          388          397          408
Mg d
          217          230          241          246          268          269          317          321          330          332          338          339          343          346          350          353          355          359          365          367          369          370          377          379          402          404
 Saving results in set 'frame_1815'

 --------------------------------------------------------------------------------

 End time:                               Mon May 17 12:08:07 2021
 Total wall-clock time:                  0.527 seconds
==================================================================================
