
================================================================================
          _____________ ________ _______________ ________     _________         
         / ___________// ______ \\_____   _____// ______ \   / ________)        
        / /_________  / /      \ \     | |     / /      \ \ | (_______          
       |  __________|| |        | |    | |    | |        | | \________ \        
        \ \_________ | |        | |    | |     \ \______/ /___________) |       
         \__________||_|        |_|    |_|      \________//____________/        
                                                                                
====================================[ Qcore ]===================================

 Git hash:   7cd5c520b37f7ee862d844b1504bc4191dc47444
 Git date:   Tue, 4 May 2021 13:25:05 +0100
 Compiler:   GNU 9.1.0
 Build type: Release
 Version:    1.2.0

 Start time: Mon May 17 12:21:05 2021

 Data directory: /home/of15641/.local/src/Qcore/release/share/entos/1.2.0/data
 Number of threads: 1
 Number of threads was determined by: command line argument
  - More threads can be used by running 'qcore -n 24'

 --------------------------------------------------------------------------------
                                  command: bchla                                 
 --------------------------------------------------------------------------------
Mg s eff H
  -0.3103

 SCF converged in 1 iterations.

 Setting up Delta-SCF
 Ground-Excited state overlap:          -0.000000000
 No correction applied to the TDM.
 Excitation energy:                      0.078283968
 Excitation energy (in eV):              2.130215302
 Transition dipole:                     -2.97186       0.76062       1.72892
Mg s
          152          178          179          180          181          359          390          392          395          396          399          402          404          405          407          408
Mg p
          159          269          316          324          326          337          339          343          345          352          355          356          359          360          361          363          364          365          367          372          378          379          382          383          388          390          395          405          407          408
Mg d
          208          215          232          243          267          270          309          322          324          329          337          339          342          343          345          347          352          355          356          358          359          361          367          369          382          386          388          400          404          405          407
 Saving results in set 'frame_313'

 --------------------------------------------------------------------------------

 End time:                               Mon May 17 12:21:05 2021
 Total wall-clock time:                  0.505 seconds
==================================================================================
