
================================================================================
          _____________ ________ _______________ ________     _________         
         / ___________// ______ \\_____   _____// ______ \   / ________)        
        / /_________  / /      \ \     | |     / /      \ \ | (_______          
       |  __________|| |        | |    | |    | |        | | \________ \        
        \ \_________ | |        | |    | |     \ \______/ /___________) |       
         \__________||_|        |_|    |_|      \________//____________/        
                                                                                
====================================[ Qcore ]===================================

 Git hash:   7cd5c520b37f7ee862d844b1504bc4191dc47444
 Git date:   Tue, 4 May 2021 13:25:05 +0100
 Compiler:   GNU 9.1.0
 Build type: Release
 Version:    1.2.0

 Start time: Mon May 17 11:30:16 2021

 Data directory: /home/of15641/.local/src/Qcore/release/share/entos/1.2.0/data
 Number of threads: 1
 Number of threads was determined by: command line argument
  - More threads can be used by running 'qcore -n 28'

 --------------------------------------------------------------------------------
                                  command: bchla                                 
 --------------------------------------------------------------------------------
Mg s eff H
  -0.3101

 SCF converged in 1 iterations.

 Setting up Delta-SCF
 Ground-Excited state overlap:          -0.000000000
 No correction applied to the TDM.
 Excitation energy:                      0.077727753
 Excitation energy (in eV):              2.115079912
 Transition dipole:                     -1.83218      -0.96560       1.76251
Mg s
          146          150          178          179          387          389          398          400          401          405          406          407          408
Mg p
          158          267          269          307          338          341          351          358          361          364          367          369          373          376          377          378          384          387          388          393          401          405
Mg d
          208          217          239          243          267          269          307          343          350          356          361          364          367          369          373          374          377          378          384          386          387          392
 Saving results in set 'frame_1129'

 --------------------------------------------------------------------------------

 End time:                               Mon May 17 11:30:17 2021
 Total wall-clock time:                  0.941 seconds
==================================================================================
