
================================================================================
          _____________ ________ _______________ ________     _________         
         / ___________// ______ \\_____   _____// ______ \   / ________)        
        / /_________  / /      \ \     | |     / /      \ \ | (_______          
       |  __________|| |        | |    | |    | |        | | \________ \        
        \ \_________ | |        | |    | |     \ \______/ /___________) |       
         \__________||_|        |_|    |_|      \________//____________/        
                                                                                
====================================[ Qcore ]===================================

 Git hash:   7cd5c520b37f7ee862d844b1504bc4191dc47444
 Git date:   Tue, 4 May 2021 13:25:05 +0100
 Compiler:   GNU 9.1.0
 Build type: Release
 Version:    1.2.0

 Start time: Mon May 17 12:11:30 2021

 Data directory: /home/of15641/.local/src/Qcore/release/share/entos/1.2.0/data
 Number of threads: 1
 Number of threads was determined by: command line argument
  - More threads can be used by running 'qcore -n 24'

 --------------------------------------------------------------------------------
                                  command: bchla                                 
 --------------------------------------------------------------------------------
Mg s eff H
  -0.3102

 SCF converged in 1 iterations.

 Setting up Delta-SCF
 Ground-Excited state overlap:           0.000000000
 No correction applied to the TDM.
 Excitation energy:                      0.078288590
 Excitation energy (in eV):              2.130341072
 Transition dipole:                     -1.21995       0.60321      -3.27878
Mg s
          149          152          176          177          178          179          181          390          398          399          402          403          404          408
Mg p
          159          209          224          234          246          271          272          301          319          329          332          333          335          340          344          351          353          355          362          365          368          369          374          377          387          395          397          403
Mg d
          158          209          224          246          271          301          312          322          324          332          333          335          337          340          341          342          343          344          351          353          355          357          358          360          362          365          368          369          374          376          377          381          383          385          387          392          408
 Saving results in set 'frame_1900'

 --------------------------------------------------------------------------------

 End time:                               Mon May 17 12:11:30 2021
 Total wall-clock time:                  0.475 seconds
==================================================================================
