
================================================================================
          _____________ ________ _______________ ________     _________         
         / ___________// ______ \\_____   _____// ______ \   / ________)        
        / /_________  / /      \ \     | |     / /      \ \ | (_______          
       |  __________|| |        | |    | |    | |        | | \________ \        
        \ \_________ | |        | |    | |     \ \______/ /___________) |       
         \__________||_|        |_|    |_|      \________//____________/        
                                                                                
====================================[ Qcore ]===================================

 Git hash:   7cd5c520b37f7ee862d844b1504bc4191dc47444
 Git date:   Tue, 4 May 2021 13:25:05 +0100
 Compiler:   GNU 9.1.0
 Build type: Release
 Version:    1.2.0

 Start time: Mon May 17 11:37:17 2021

 Data directory: /home/of15641/.local/src/Qcore/release/share/entos/1.2.0/data
 Number of threads: 1
 Number of threads was determined by: command line argument
  - More threads can be used by running 'qcore -n 24'

 --------------------------------------------------------------------------------
                                  command: bchla                                 
 --------------------------------------------------------------------------------
Mg s eff H
  -0.3102

 SCF converged in 1 iterations.

 Setting up Delta-SCF
 Ground-Excited state overlap:          -0.000000000
 No correction applied to the TDM.
 Excitation energy:                      0.077788581
 Excitation energy (in eV):              2.116735123
 Transition dipole:                     -3.05911      -1.55166      -0.21424
Mg s
          141          145          151          178          179          396          402          403          405          408
Mg p
          158          227          239          244          246          274          316          325          328          341          345          351          352          355          362          369          372          374          377          380          381          382          383          385          386          390          397
Mg d
          204          220          227          239          244          246          268          331          333          336          339          341          342          345          346          352          355          361          362          364          367          369          372          377          380          381          387          393          397
 Saving results in set 'frame_121'

 --------------------------------------------------------------------------------

 End time:                               Mon May 17 11:37:18 2021
 Total wall-clock time:                  0.522 seconds
==================================================================================
