
================================================================================
          _____________ ________ _______________ ________     _________         
         / ___________// ______ \\_____   _____// ______ \   / ________)        
        / /_________  / /      \ \     | |     / /      \ \ | (_______          
       |  __________|| |        | |    | |    | |        | | \________ \        
        \ \_________ | |        | |    | |     \ \______/ /___________) |       
         \__________||_|        |_|    |_|      \________//____________/        
                                                                                
====================================[ Qcore ]===================================

 Git hash:   7cd5c520b37f7ee862d844b1504bc4191dc47444
 Git date:   Tue, 4 May 2021 13:25:05 +0100
 Compiler:   GNU 9.1.0
 Build type: Release
 Version:    1.2.0

 Start time: Thu May 13 08:55:59 2021

 Data directory: /home/of15641/.local/src/Qcore/release/share/entos/1.2.0/data
 Number of threads: 1
 Number of threads was determined by: command line argument
  - More threads can be used by running 'qcore -n 24'

 --------------------------------------------------------------------------------
                                  command: bchla                                 
 --------------------------------------------------------------------------------
Mg s eff H
  -0.3104

 SCF converged in 1 iterations.

 Setting up Delta-SCF
 Ground-Excited state overlap:          -0.000000000
 No correction applied to the TDM.
 Excitation energy:                      0.079380432
 Excitation energy (in eV):              2.160051587
 Transition dipole:                      0.09825      -1.50462      -2.83061
Mg s
          152          178          180          373          386          404          405          406
Mg p
          206          208          215          219          224          240          242          266          318          321          336          341          348          351          352          355          356          363          365          369          370          373          379          386          393          396
Mg d
          159          206          215          219          224          240          242          309          313          319          321          324          327          329          343          351          356          358          359          360          363          365          367          369          373          378          379          382          393          399          404          405          406          408
 Saving results in set 'frame_1980'

 --------------------------------------------------------------------------------

 End time:                               Thu May 13 08:56:00 2021
 Total wall-clock time:                  0.723 seconds
==================================================================================
