
================================================================================
          _____________ ________ _______________ ________     _________         
         / ___________// ______ \\_____   _____// ______ \   / ________)        
        / /_________  / /      \ \     | |     / /      \ \ | (_______          
       |  __________|| |        | |    | |    | |        | | \________ \        
        \ \_________ | |        | |    | |     \ \______/ /___________) |       
         \__________||_|        |_|    |_|      \________//____________/        
                                                                                
====================================[ Qcore ]===================================

 Git hash:   7cd5c520b37f7ee862d844b1504bc4191dc47444
 Git date:   Tue, 4 May 2021 13:25:05 +0100
 Compiler:   GNU 9.1.0
 Build type: Release
 Version:    1.2.0

 Start time: Mon May 17 12:27:22 2021

 Data directory: /home/of15641/.local/src/Qcore/release/share/entos/1.2.0/data
 Number of threads: 1
 Number of threads was determined by: command line argument
  - More threads can be used by running 'qcore -n 24'

 --------------------------------------------------------------------------------
                                  command: bchla                                 
 --------------------------------------------------------------------------------
Mg s eff H
  -0.3103

 SCF converged in 1 iterations.

 Setting up Delta-SCF
 Ground-Excited state overlap:          -0.000000000
 No correction applied to the TDM.
 Excitation energy:                      0.073914451
 Excitation energy (in eV):              2.011314669
 Transition dipole:                     -0.97755       0.31807       2.41049
Mg s
          148          151          153          177          178          180          181          380          401          404          406          407          408
Mg p
          206          217          220          223          228          244          245          249          312          328          347          349          352          353          356          362          367          368          372          373          375          376          378          380          381          393
Mg d
          159          217          223          245          267          310          312          320          323          324          331          339          344          347          348          349          350          352          353          360          362          367          368          370          372          373          374          375          378          384          386          389          392          406          407          408
 Saving results in set 'frame_460'

 --------------------------------------------------------------------------------

 End time:                               Mon May 17 12:27:23 2021
 Total wall-clock time:                  0.519 seconds
==================================================================================
