
================================================================================
          _____________ ________ _______________ ________     _________         
         / ___________// ______ \\_____   _____// ______ \   / ________)        
        / /_________  / /      \ \     | |     / /      \ \ | (_______          
       |  __________|| |        | |    | |    | |        | | \________ \        
        \ \_________ | |        | |    | |     \ \______/ /___________) |       
         \__________||_|        |_|    |_|      \________//____________/        
                                                                                
====================================[ Qcore ]===================================

 Git hash:   7cd5c520b37f7ee862d844b1504bc4191dc47444
 Git date:   Tue, 4 May 2021 13:25:05 +0100
 Compiler:   GNU 9.1.0
 Build type: Release
 Version:    1.2.0

 Start time: Mon May 17 12:46:04 2021

 Data directory: /home/of15641/.local/src/Qcore/release/share/entos/1.2.0/data
 Number of threads: 1
 Number of threads was determined by: command line argument
  - More threads can be used by running 'qcore -n 24'

 --------------------------------------------------------------------------------
                                  command: bchla                                 
 --------------------------------------------------------------------------------
Mg s eff H
  -0.3101

 SCF converged in 1 iterations.

 Setting up Delta-SCF
 Ground-Excited state overlap:          -0.000000000
 No correction applied to the TDM.
 Excitation energy:                      0.077781005
 Excitation energy (in eV):              2.116528969
 Transition dipole:                      2.82862      -0.67206      -0.06064
Mg s
          146          150          177          179          370          402          403          405          406          407          408
Mg p
          235          236          266          310          314          323          329          331          335          340          342          343          345          347          348          350          351          353          354          356          357          361          364          365          374          387          403          405
Mg d
          266          306          313          328          329          331          335          338          340          343          345          347          348          350          351          353          354          356          357          359          360          361          364          365          370          376          380          382          383          387          408
 Saving results in set 'frame_864'

 --------------------------------------------------------------------------------

 End time:                               Mon May 17 12:46:05 2021
 Total wall-clock time:                  0.538 seconds
==================================================================================
