
================================================================================
          _____________ ________ _______________ ________     _________         
         / ___________// ______ \\_____   _____// ______ \   / ________)        
        / /_________  / /      \ \     | |     / /      \ \ | (_______          
       |  __________|| |        | |    | |    | |        | | \________ \        
        \ \_________ | |        | |    | |     \ \______/ /___________) |       
         \__________||_|        |_|    |_|      \________//____________/        
                                                                                
====================================[ Qcore ]===================================

 Git hash:   7cd5c520b37f7ee862d844b1504bc4191dc47444
 Git date:   Tue, 4 May 2021 13:25:05 +0100
 Compiler:   GNU 9.1.0
 Build type: Release
 Version:    1.2.0

 Start time: Mon May 17 12:05:00 2021

 Data directory: /home/of15641/.local/src/Qcore/release/share/entos/1.2.0/data
 Number of threads: 1
 Number of threads was determined by: command line argument
  - More threads can be used by running 'qcore -n 24'

 --------------------------------------------------------------------------------
                                  command: bchla                                 
 --------------------------------------------------------------------------------
Mg s eff H
  -0.3105

 SCF converged in 1 iterations.

 Setting up Delta-SCF
 Ground-Excited state overlap:          -0.000000000
 No correction applied to the TDM.
 Excitation energy:                      0.073892459
 Excitation energy (in eV):              2.010716243
 Transition dipole:                     -3.08130      -0.19487       0.36817
Mg s
          144          150          153          177          178          179          181          374          400          401          402          404          406          408
Mg p
          267          311          323          334          336          341          342          345          347          350          354          358          360          366          367          368          374          376          377          381          386          387          391          396          404
Mg d
          206          214          215          220          230          231          238          241          267          269          307          317          325          341          342          345          346          347          350          355          356          359          366          368          370          372          376          377          380          381          385          389          404
 Saving results in set 'frame_17'

 --------------------------------------------------------------------------------

 End time:                               Mon May 17 12:05:00 2021
 Total wall-clock time:                  0.679 seconds
==================================================================================
