
================================================================================
          _____________ ________ _______________ ________     _________         
         / ___________// ______ \\_____   _____// ______ \   / ________)        
        / /_________  / /      \ \     | |     / /      \ \ | (_______          
       |  __________|| |        | |    | |    | |        | | \________ \        
        \ \_________ | |        | |    | |     \ \______/ /___________) |       
         \__________||_|        |_|    |_|      \________//____________/        
                                                                                
====================================[ Qcore ]===================================

 Git hash:   7cd5c520b37f7ee862d844b1504bc4191dc47444
 Git date:   Tue, 4 May 2021 13:25:05 +0100
 Compiler:   GNU 9.1.0
 Build type: Release
 Version:    1.2.0

 Start time: Mon May 17 12:11:27 2021

 Data directory: /home/of15641/.local/src/Qcore/release/share/entos/1.2.0/data
 Number of threads: 1
 Number of threads was determined by: command line argument
  - More threads can be used by running 'qcore -n 24'

 --------------------------------------------------------------------------------
                                  command: bchla                                 
 --------------------------------------------------------------------------------
Mg s eff H
  -0.3101

 SCF converged in 1 iterations.

 Setting up Delta-SCF
 Ground-Excited state overlap:          -0.000000000
 No correction applied to the TDM.
 Excitation energy:                      0.076985858
 Excitation energy (in eV):              2.094891924
 Transition dipole:                      1.73441       0.86814      -2.58346
Mg s
          143          152          178          179          180          378          390          398          400          401          403          404          407          408
Mg p
          207          216          227          228          237          239          242          243          246          308          313          327          329          331          334          337          338          339          342          345          346          347          350          353          354          355          357          361          373          376          380          393          399          403
Mg d
          305          335          345          346          350          354          361          364          365          372          373          374          375          376          377          378          382          387          388          391          393
 Saving results in set 'frame_1921'

 --------------------------------------------------------------------------------

 End time:                               Mon May 17 12:11:27 2021
 Total wall-clock time:                  0.510 seconds
==================================================================================
