
================================================================================
          _____________ ________ _______________ ________     _________         
         / ___________// ______ \\_____   _____// ______ \   / ________)        
        / /_________  / /      \ \     | |     / /      \ \ | (_______          
       |  __________|| |        | |    | |    | |        | | \________ \        
        \ \_________ | |        | |    | |     \ \______/ /___________) |       
         \__________||_|        |_|    |_|      \________//____________/        
                                                                                
====================================[ Qcore ]===================================

 Git hash:   7cd5c520b37f7ee862d844b1504bc4191dc47444
 Git date:   Tue, 4 May 2021 13:25:05 +0100
 Compiler:   GNU 9.1.0
 Build type: Release
 Version:    1.2.0

 Start time: Mon May 17 12:30:30 2021

 Data directory: /home/of15641/.local/src/Qcore/release/share/entos/1.2.0/data
 Number of threads: 1
 Number of threads was determined by: command line argument
  - More threads can be used by running 'qcore -n 24'

 --------------------------------------------------------------------------------
                                  command: bchla                                 
 --------------------------------------------------------------------------------
Mg s eff H
  -0.3104

 SCF converged in 1 iterations.

 Setting up Delta-SCF
 Ground-Excited state overlap:          -0.000000000
 No correction applied to the TDM.
 Excitation energy:                      0.067950196
 Excitation energy (in eV):              1.849019028
 Transition dipole:                      0.86204       2.45900       0.04607
Mg s
          148          153          178          370          376          406          407
Mg p
          178          204          206          209          216          217          221          228          229          235          238          240          242          244          246          271          362          368          370          372          375
Mg d
          269          271          331          332          338          343          345          346          350          351          352          356          357          358          360          365          367          370          372          375          376          381          382          386          391          396          406          407
 Saving results in set 'frame_527'

 --------------------------------------------------------------------------------

 End time:                               Mon May 17 12:30:31 2021
 Total wall-clock time:                  0.532 seconds
==================================================================================
