
================================================================================
          _____________ ________ _______________ ________     _________         
         / ___________// ______ \\_____   _____// ______ \   / ________)        
        / /_________  / /      \ \     | |     / /      \ \ | (_______          
       |  __________|| |        | |    | |    | |        | | \________ \        
        \ \_________ | |        | |    | |     \ \______/ /___________) |       
         \__________||_|        |_|    |_|      \________//____________/        
                                                                                
====================================[ Qcore ]===================================

 Git hash:   7cd5c520b37f7ee862d844b1504bc4191dc47444
 Git date:   Tue, 4 May 2021 13:25:05 +0100
 Compiler:   GNU 9.1.0
 Build type: Release
 Version:    1.2.0

 Start time: Thu May 13 08:56:01 2021

 Data directory: /home/of15641/.local/src/Qcore/release/share/entos/1.2.0/data
 Number of threads: 1
 Number of threads was determined by: command line argument
  - More threads can be used by running 'qcore -n 24'

 --------------------------------------------------------------------------------
                                  command: bchla                                 
 --------------------------------------------------------------------------------
Mg s eff H
  -0.3102

 SCF converged in 1 iterations.

 Setting up Delta-SCF
 Ground-Excited state overlap:          -0.000000000
 No correction applied to the TDM.
 Excitation energy:                      0.076150784
 Excitation energy (in eV):              2.072168384
 Transition dipole:                     -1.42262       0.87410       2.71967
Mg s
          152          178          385          390          402          403          404          405          406          408
Mg p
          206          208          213          216          217          219          223          225          233          234          239          240          336          340          343          345          346          350          352          354          357          358          359          363          364          365          367          368          371          374          377          379          382          390          406
Mg d
          158          216          217          223          225          234          239          240          272          303          305          319          322          323          331          335          338          340          345          346          350          354          357          358          362          363          365          367          368          371          373          377          379          381          390          406
 Saving results in set 'frame_680'

 --------------------------------------------------------------------------------

 End time:                               Thu May 13 08:56:02 2021
 Total wall-clock time:                  0.866 seconds
==================================================================================
