
================================================================================
          _____________ ________ _______________ ________     _________         
         / ___________// ______ \\_____   _____// ______ \   / ________)        
        / /_________  / /      \ \     | |     / /      \ \ | (_______          
       |  __________|| |        | |    | |    | |        | | \________ \        
        \ \_________ | |        | |    | |     \ \______/ /___________) |       
         \__________||_|        |_|    |_|      \________//____________/        
                                                                                
====================================[ Qcore ]===================================

 Git hash:   7cd5c520b37f7ee862d844b1504bc4191dc47444
 Git date:   Tue, 4 May 2021 13:25:05 +0100
 Compiler:   GNU 9.1.0
 Build type: Release
 Version:    1.2.0

 Start time: Mon May 17 12:42:58 2021

 Data directory: /home/of15641/.local/src/Qcore/release/share/entos/1.2.0/data
 Number of threads: 1
 Number of threads was determined by: command line argument
  - More threads can be used by running 'qcore -n 24'

 --------------------------------------------------------------------------------
                                  command: bchla                                 
 --------------------------------------------------------------------------------
Mg s eff H
  -0.3102

 SCF converged in 1 iterations.

 Setting up Delta-SCF
 Ground-Excited state overlap:          -0.000000000
 No correction applied to the TDM.
 Excitation energy:                      0.075934020
 Excitation energy (in eV):              2.066269956
 Transition dipole:                      2.77589       0.61854      -2.35918
Mg s
          150          179          385          394          395          398          401          405          406          408
Mg p
          205          212          222          230          232          234          236          238          241          244          247          270          320          332          334          340          342          351          355          358          360          361          362          364          365          367          369          372          374          375          376          378          379          382          406
Mg d
          205          212          219          222          230          232          234          236          238          241          244          247          302          329          332          334          337          338          342          345          346          355          357          358          361          362          365          366          367          369          374          375          376          379          387          392          406
 Saving results in set 'frame_778'

 --------------------------------------------------------------------------------

 End time:                               Mon May 17 12:42:58 2021
 Total wall-clock time:                  0.513 seconds
==================================================================================
