
================================================================================
          _____________ ________ _______________ ________     _________         
         / ___________// ______ \\_____   _____// ______ \   / ________)        
        / /_________  / /      \ \     | |     / /      \ \ | (_______          
       |  __________|| |        | |    | |    | |        | | \________ \        
        \ \_________ | |        | |    | |     \ \______/ /___________) |       
         \__________||_|        |_|    |_|      \________//____________/        
                                                                                
====================================[ Qcore ]===================================

 Git hash:   7cd5c520b37f7ee862d844b1504bc4191dc47444
 Git date:   Tue, 4 May 2021 13:25:05 +0100
 Compiler:   GNU 9.1.0
 Build type: Release
 Version:    1.2.0

 Start time: Mon May 17 11:30:17 2021

 Data directory: /home/of15641/.local/src/Qcore/release/share/entos/1.2.0/data
 Number of threads: 1
 Number of threads was determined by: command line argument
  - More threads can be used by running 'qcore -n 24'

 --------------------------------------------------------------------------------
                                  command: bchla                                 
 --------------------------------------------------------------------------------
Mg s eff H
  -0.3102

 SCF converged in 1 iterations.

 Setting up Delta-SCF
 Ground-Excited state overlap:           0.000000000
 No correction applied to the TDM.
 Excitation energy:                      0.078091615
 Excitation energy (in eV):              2.124981105
 Transition dipole:                      0.69007      -1.71236       3.01021
Mg s
          148          149          150          177          179          382          396          405          406          407          408
Mg p
          158          270          271          303          308          324          337          338          339          343          349          364          365          367          368          369          370          371          372          373          374          380          381          382          386          389          390          391          395          397          398          407
Mg d
          159          206          219          226          244          245          270          271          295          318          334          343          346          349          356          362          364          368          369          373          374          377          380          382          387          407
 Saving results in set 'frame_1133'

 --------------------------------------------------------------------------------

 End time:                               Mon May 17 11:30:17 2021
 Total wall-clock time:                  0.534 seconds
==================================================================================
