
================================================================================
          _____________ ________ _______________ ________     _________         
         / ___________// ______ \\_____   _____// ______ \   / ________)        
        / /_________  / /      \ \     | |     / /      \ \ | (_______          
       |  __________|| |        | |    | |    | |        | | \________ \        
        \ \_________ | |        | |    | |     \ \______/ /___________) |       
         \__________||_|        |_|    |_|      \________//____________/        
                                                                                
====================================[ Qcore ]===================================

 Git hash:   7cd5c520b37f7ee862d844b1504bc4191dc47444
 Git date:   Tue, 4 May 2021 13:25:05 +0100
 Compiler:   GNU 9.1.0
 Build type: Release
 Version:    1.2.0

 Start time: Mon May 17 12:42:59 2021

 Data directory: /home/of15641/.local/src/Qcore/release/share/entos/1.2.0/data
 Number of threads: 1
 Number of threads was determined by: command line argument
  - More threads can be used by running 'qcore -n 24'

 --------------------------------------------------------------------------------
                                  command: bchla                                 
 --------------------------------------------------------------------------------
Mg s eff H
  -0.3101

 SCF converged in 1 iterations.

 Setting up Delta-SCF
 Ground-Excited state overlap:           0.000000000
 No correction applied to the TDM.
 Excitation energy:                      0.071632108
 Excitation energy (in eV):              1.949208959
 Transition dipole:                     -1.86032       0.54933       1.90766
Mg s
          146          152          178          394          399          401          405          406          408
Mg p
          211          212          223          224          231          233          240          244          245          247          254          307          333          339          345          350          351          355          357          361          365          366          367          368          372          378          379          382          393          394          399          406
Mg d
          211          212          223          224          231          233          236          240          244          245          247          254          267          326          333          336          338          339          341          350          351          354          355          361          364          365          366          368          372          374          383          393
 Saving results in set 'frame_786'

 --------------------------------------------------------------------------------

 End time:                               Mon May 17 12:42:59 2021
 Total wall-clock time:                  0.512 seconds
==================================================================================
