
================================================================================
          _____________ ________ _______________ ________     _________         
         / ___________// ______ \\_____   _____// ______ \   / ________)        
        / /_________  / /      \ \     | |     / /      \ \ | (_______          
       |  __________|| |        | |    | |    | |        | | \________ \        
        \ \_________ | |        | |    | |     \ \______/ /___________) |       
         \__________||_|        |_|    |_|      \________//____________/        
                                                                                
====================================[ Qcore ]===================================

 Git hash:   7cd5c520b37f7ee862d844b1504bc4191dc47444
 Git date:   Tue, 4 May 2021 13:25:05 +0100
 Compiler:   GNU 9.1.0
 Build type: Release
 Version:    1.2.0

 Start time: Mon May 17 11:54:56 2021

 Data directory: /home/of15641/.local/src/Qcore/release/share/entos/1.2.0/data
 Number of threads: 1
 Number of threads was determined by: command line argument
  - More threads can be used by running 'qcore -n 24'

 --------------------------------------------------------------------------------
                                  command: bchla                                 
 --------------------------------------------------------------------------------
Mg s eff H
  -0.3101

 SCF converged in 1 iterations.

 Setting up Delta-SCF
 Ground-Excited state overlap:           0.000000000
 No correction applied to the TDM.
 Excitation energy:                      0.077463363
 Excitation energy (in eV):              2.107885482
 Transition dipole:                      2.96577       0.05735       1.06485
Mg s
          146          153          178          179          385          403          404          406          407          408
Mg p
          238          244          271          317          341          343          345          348          350          353          356          361          362          366          369          371          376          377          378          381          383          386          389          391          396
Mg d
          209          217          220          227          231          236          238          241          243          244          246          268          337          339          341          343          345          350          353          355          359          362          367          369          372          404          406          408
 Saving results in set 'frame_1555'

 --------------------------------------------------------------------------------

 End time:                               Mon May 17 11:54:57 2021
 Total wall-clock time:                  0.531 seconds
==================================================================================
