
================================================================================
          _____________ ________ _______________ ________     _________         
         / ___________// ______ \\_____   _____// ______ \   / ________)        
        / /_________  / /      \ \     | |     / /      \ \ | (_______          
       |  __________|| |        | |    | |    | |        | | \________ \        
        \ \_________ | |        | |    | |     \ \______/ /___________) |       
         \__________||_|        |_|    |_|      \________//____________/        
                                                                                
====================================[ Qcore ]===================================

 Git hash:   7cd5c520b37f7ee862d844b1504bc4191dc47444
 Git date:   Tue, 4 May 2021 13:25:05 +0100
 Compiler:   GNU 9.1.0
 Build type: Release
 Version:    1.2.0

 Start time: Mon May 17 12:30:26 2021

 Data directory: /home/of15641/.local/src/Qcore/release/share/entos/1.2.0/data
 Number of threads: 1
 Number of threads was determined by: command line argument
  - More threads can be used by running 'qcore -n 24'

 --------------------------------------------------------------------------------
                                  command: bchla                                 
 --------------------------------------------------------------------------------
Mg s eff H
  -0.3103

 SCF converged in 1 iterations.

 Setting up Delta-SCF
 Ground-Excited state overlap:          -0.000000000
 No correction applied to the TDM.
 Excitation energy:                      0.079867836
 Excitation energy (in eV):              2.173314538
 Transition dipole:                     -1.02039      -0.50506       2.58063
Mg s
          148          178          179          180          376          383          388          395          397          398          401          402          404          405          408
Mg p
          179          208          216          219          223          225          227          231          236          239          242          244          245          269          334          358          362          364          372          375          377          383          387          404
Mg d
          244          265          268          269          304          318          321          324          336          341          344          348          352          354          355          356          358          361          362          364          365          367          372          374          375          377          383          385          388          390          402          405
 Saving results in set 'frame_486'

 --------------------------------------------------------------------------------

 End time:                               Mon May 17 12:30:27 2021
 Total wall-clock time:                  0.510 seconds
==================================================================================
