
================================================================================
          _____________ ________ _______________ ________     _________         
         / ___________// ______ \\_____   _____// ______ \   / ________)        
        / /_________  / /      \ \     | |     / /      \ \ | (_______          
       |  __________|| |        | |    | |    | |        | | \________ \        
        \ \_________ | |        | |    | |     \ \______/ /___________) |       
         \__________||_|        |_|    |_|      \________//____________/        
                                                                                
====================================[ Qcore ]===================================

 Git hash:   7cd5c520b37f7ee862d844b1504bc4191dc47444
 Git date:   Tue, 4 May 2021 13:25:05 +0100
 Compiler:   GNU 9.1.0
 Build type: Release
 Version:    1.2.0

 Start time: Mon May 17 12:04:57 2021

 Data directory: /home/of15641/.local/src/Qcore/release/share/entos/1.2.0/data
 Number of threads: 1
 Number of threads was determined by: command line argument
  - More threads can be used by running 'qcore -n 24'

 --------------------------------------------------------------------------------
                                  command: bchla                                 
 --------------------------------------------------------------------------------
Mg s eff H
  -0.3102

 SCF converged in 1 iterations.

 Setting up Delta-SCF
 Ground-Excited state overlap:           0.000000000
 No correction applied to the TDM.
 Excitation energy:                      0.074534765
 Excitation energy (in eV):              2.028194272
 Transition dipole:                      1.48326       1.21552      -1.31703
Mg s
          149          178          179          397          404          405          406          407          408
Mg p
          210          211          215          216          226          230          236          238          239          246          247          248          249          267          324          327          329          339          344          345          346          347          353          354          357          360          361          362          371          372          373          374          377          380          405          406
Mg d
          209          210          211          215          216          224          226          227          230          236          238          239          246          247          248          249          324          327          329          339          345          347          353          357          360          362          371          372          373          380          405          406
 Saving results in set 'frame_1775'

 --------------------------------------------------------------------------------

 End time:                               Mon May 17 12:04:58 2021
 Total wall-clock time:                  0.512 seconds
==================================================================================
