
================================================================================
          _____________ ________ _______________ ________     _________         
         / ___________// ______ \\_____   _____// ______ \   / ________)        
        / /_________  / /      \ \     | |     / /      \ \ | (_______          
       |  __________|| |        | |    | |    | |        | | \________ \        
        \ \_________ | |        | |    | |     \ \______/ /___________) |       
         \__________||_|        |_|    |_|      \________//____________/        
                                                                                
====================================[ Qcore ]===================================

 Git hash:   7cd5c520b37f7ee862d844b1504bc4191dc47444
 Git date:   Tue, 4 May 2021 13:25:05 +0100
 Compiler:   GNU 9.1.0
 Build type: Release
 Version:    1.2.0

 Start time: Mon May 17 11:44:31 2021

 Data directory: /home/of15641/.local/src/Qcore/release/share/entos/1.2.0/data
 Number of threads: 1
 Number of threads was determined by: command line argument
  - More threads can be used by running 'qcore -n 24'

 --------------------------------------------------------------------------------
                                  command: bchla                                 
 --------------------------------------------------------------------------------
Mg s eff H
  -0.3101

 SCF converged in 1 iterations.

 Setting up Delta-SCF
 Ground-Excited state overlap:          -0.000000000
 No correction applied to the TDM.
 Excitation energy:                      0.069904088
 Excitation energy (in eV):              1.902187150
 Transition dipole:                      2.35365       0.45754      -1.38831
Mg s
          151          178          179          377          397          400          401          402          404          408
Mg p
          203          220          223          227          229          230          233          234          236          240          314          318          326          330          333          339          342          344          348          350          351          353          356          358          359          360          361          362          363          365          367          374          379          402          404
Mg d
          203          209          217          220          221          223          226          227          229          230          232          233          234          236          237          240          318          326          330          344          350          353          356          359          362          365          367          374          379          402          404
 Saving results in set 'frame_1386'

 --------------------------------------------------------------------------------

 End time:                               Mon May 17 11:44:32 2021
 Total wall-clock time:                  0.655 seconds
==================================================================================
