
================================================================================
          _____________ ________ _______________ ________     _________         
         / ___________// ______ \\_____   _____// ______ \   / ________)        
        / /_________  / /      \ \     | |     / /      \ \ | (_______          
       |  __________|| |        | |    | |    | |        | | \________ \        
        \ \_________ | |        | |    | |     \ \______/ /___________) |       
         \__________||_|        |_|    |_|      \________//____________/        
                                                                                
====================================[ Qcore ]===================================

 Git hash:   7cd5c520b37f7ee862d844b1504bc4191dc47444
 Git date:   Tue, 4 May 2021 13:25:05 +0100
 Compiler:   GNU 9.1.0
 Build type: Release
 Version:    1.2.0

 Start time: Mon May 17 12:05:00 2021

 Data directory: /home/of15641/.local/src/Qcore/release/share/entos/1.2.0/data
 Number of threads: 1
 Number of threads was determined by: command line argument
  - More threads can be used by running 'qcore -n 24'

 --------------------------------------------------------------------------------
                                  command: bchla                                 
 --------------------------------------------------------------------------------
Mg s eff H
  -0.3103

 SCF converged in 1 iterations.

 Setting up Delta-SCF
 Ground-Excited state overlap:          -0.000000000
 No correction applied to the TDM.
 Excitation energy:                      0.079262049
 Excitation energy (in eV):              2.156830230
 Transition dipole:                     -1.92479      -3.06295      -0.95196
Mg s
          152          177          178          179          180          406          407
Mg p
          209          210          217          218          227          228          229          232          237          241          242          305          317          323          326          327          338          342          349          350          354          356          357          358          359          361          362          366          372          374          375          378          381          385          406
Mg d
          209          210          218          228          232          237          241          242          323          329          338          342          346          347          349          350          352          356          358          359          361          362          364          365          366          369          372          378          385          389          406
 Saving results in set 'frame_1801'

 --------------------------------------------------------------------------------

 End time:                               Mon May 17 12:05:01 2021
 Total wall-clock time:                  0.671 seconds
==================================================================================
