
================================================================================
          _____________ ________ _______________ ________     _________         
         / ___________// ______ \\_____   _____// ______ \   / ________)        
        / /_________  / /      \ \     | |     / /      \ \ | (_______          
       |  __________|| |        | |    | |    | |        | | \________ \        
        \ \_________ | |        | |    | |     \ \______/ /___________) |       
         \__________||_|        |_|    |_|      \________//____________/        
                                                                                
====================================[ Qcore ]===================================

 Git hash:   7cd5c520b37f7ee862d844b1504bc4191dc47444
 Git date:   Tue, 4 May 2021 13:25:05 +0100
 Compiler:   GNU 9.1.0
 Build type: Release
 Version:    1.2.0

 Start time: Mon May 17 12:27:23 2021

 Data directory: /home/of15641/.local/src/Qcore/release/share/entos/1.2.0/data
 Number of threads: 1
 Number of threads was determined by: command line argument
  - More threads can be used by running 'qcore -n 24'

 --------------------------------------------------------------------------------
                                  command: bchla                                 
 --------------------------------------------------------------------------------
Mg s eff H
  -0.3102

 SCF converged in 1 iterations.

 Setting up Delta-SCF
 Ground-Excited state overlap:           0.000000000
 No correction applied to the TDM.
 Excitation energy:                      0.079846585
 Excitation energy (in eV):              2.172736270
 Transition dipole:                      2.64428       2.01812       1.18913
Mg s
          149          179          180          181          383          391          401          403          404          405          407
Mg p
          215          223          231          244          247          265          305          352          356          371          373          374          375          378          380          381          383          385          386          387          388          389          391          393          394
Mg d
          244          247          267          268          269          342          347          350          354          356          361          363          366          371          372          373          375          377          380          381          382          385          389          391          403          404
 Saving results in set 'frame_464'

 --------------------------------------------------------------------------------

 End time:                               Mon May 17 12:27:23 2021
 Total wall-clock time:                  0.550 seconds
==================================================================================
