
================================================================================
          _____________ ________ _______________ ________     _________         
         / ___________// ______ \\_____   _____// ______ \   / ________)        
        / /_________  / /      \ \     | |     / /      \ \ | (_______          
       |  __________|| |        | |    | |    | |        | | \________ \        
        \ \_________ | |        | |    | |     \ \______/ /___________) |       
         \__________||_|        |_|    |_|      \________//____________/        
                                                                                
====================================[ Qcore ]===================================

 Git hash:   7cd5c520b37f7ee862d844b1504bc4191dc47444
 Git date:   Tue, 4 May 2021 13:25:05 +0100
 Compiler:   GNU 9.1.0
 Build type: Release
 Version:    1.2.0

 Start time: Mon May 17 12:52:42 2021

 Data directory: /home/of15641/.local/src/Qcore/release/share/entos/1.2.0/data
 Number of threads: 1
 Number of threads was determined by: command line argument
  - More threads can be used by running 'qcore -n 24'

 --------------------------------------------------------------------------------
                                  command: bchla                                 
 --------------------------------------------------------------------------------
Mg s eff H
  -0.3101

 SCF converged in 1 iterations.

 Setting up Delta-SCF
 Ground-Excited state overlap:          -0.000000000
 No correction applied to the TDM.
 Excitation energy:                      0.076353169
 Excitation energy (in eV):              2.077675571
 Transition dipole:                     -0.31216       0.19576      -3.66660
Mg s
          148          151          178          179          180          181          398          404          406          408
Mg p
          204          218          225          239          244          267          325          336          339          341          342          346          348          351          357          360          361          366          367          369          371          372          373          374          380          381          385          386          392          395          396
Mg d
          267          325          328          330          334          339          341          346          348          354          357          359          361          366          367          368          369          371          372          374          377          378          379          381          383          385          386          394
 Saving results in set 'frame_990'

 --------------------------------------------------------------------------------

 End time:                               Mon May 17 12:52:42 2021
 Total wall-clock time:                  0.486 seconds
==================================================================================
