
================================================================================
          _____________ ________ _______________ ________     _________         
         / ___________// ______ \\_____   _____// ______ \   / ________)        
        / /_________  / /      \ \     | |     / /      \ \ | (_______          
       |  __________|| |        | |    | |    | |        | | \________ \        
        \ \_________ | |        | |    | |     \ \______/ /___________) |       
         \__________||_|        |_|    |_|      \________//____________/        
                                                                                
====================================[ Qcore ]===================================

 Git hash:   7cd5c520b37f7ee862d844b1504bc4191dc47444
 Git date:   Tue, 4 May 2021 13:25:05 +0100
 Compiler:   GNU 9.1.0
 Build type: Release
 Version:    1.2.0

 Start time: Mon May 17 12:43:00 2021

 Data directory: /home/of15641/.local/src/Qcore/release/share/entos/1.2.0/data
 Number of threads: 1
 Number of threads was determined by: command line argument
  - More threads can be used by running 'qcore -n 24'

 --------------------------------------------------------------------------------
                                  command: bchla                                 
 --------------------------------------------------------------------------------
Mg s eff H
  -0.3101

 SCF converged in 1 iterations.

 Setting up Delta-SCF
 Ground-Excited state overlap:           0.000000000
 No correction applied to the TDM.
 Excitation energy:                      0.080496267
 Excitation energy (in eV):              2.190415025
 Transition dipole:                     -2.65776      -0.19374       2.60392
Mg s
          148          179          180          181          386          404          405          406          408
Mg p
          159          219          220          228          244          246          267          314          320          324          341          349          350          355          365          366          368          369          370          371          372          373          374          375          381          385          401          402          406
Mg d
          228          244          246          267          269          316          328          335          341          353          360          362          365          366          368          370          372          373          374          375          376          377          379          383          385          386          387          388          393          394          402
 Saving results in set 'frame_7'

 --------------------------------------------------------------------------------

 End time:                               Mon May 17 12:43:01 2021
 Total wall-clock time:                  0.508 seconds
==================================================================================
