
================================================================================
          _____________ ________ _______________ ________     _________         
         / ___________// ______ \\_____   _____// ______ \   / ________)        
        / /_________  / /      \ \     | |     / /      \ \ | (_______          
       |  __________|| |        | |    | |    | |        | | \________ \        
        \ \_________ | |        | |    | |     \ \______/ /___________) |       
         \__________||_|        |_|    |_|      \________//____________/        
                                                                                
====================================[ Qcore ]===================================

 Git hash:   7cd5c520b37f7ee862d844b1504bc4191dc47444
 Git date:   Tue, 4 May 2021 13:25:05 +0100
 Compiler:   GNU 9.1.0
 Build type: Release
 Version:    1.2.0

 Start time: Mon May 17 12:01:42 2021

 Data directory: /home/of15641/.local/src/Qcore/release/share/entos/1.2.0/data
 Number of threads: 1
 Number of threads was determined by: command line argument
  - More threads can be used by running 'qcore -n 24'

 --------------------------------------------------------------------------------
                                  command: bchla                                 
 --------------------------------------------------------------------------------
Mg s eff H
  -0.3103

 SCF converged in 1 iterations.

 Setting up Delta-SCF
 Ground-Excited state overlap:           0.000000000
 No correction applied to the TDM.
 Excitation energy:                      0.072070569
 Excitation energy (in eV):              1.961140082
 Transition dipole:                      1.14426       2.69609       1.70556
Mg s
          147          153          178          179          384          392          394          403          404          405          406          407
Mg p
          158          270          305          316          320          323          327          328          333          339          342          348          350          352          355          359          360          362          363          367          368          369          371          373          374          375          382          384          387          388          391          398          408
Mg d
          204          206          217          220          221          222          223          226          228          229          230          240          241          243          245          319          337          352          355          359          363          369          404          406          407
 Saving results in set 'frame_1703'

 --------------------------------------------------------------------------------

 End time:                               Mon May 17 12:01:43 2021
 Total wall-clock time:                  0.474 seconds
==================================================================================
