
================================================================================
          _____________ ________ _______________ ________     _________         
         / ___________// ______ \\_____   _____// ______ \   / ________)        
        / /_________  / /      \ \     | |     / /      \ \ | (_______          
       |  __________|| |        | |    | |    | |        | | \________ \        
        \ \_________ | |        | |    | |     \ \______/ /___________) |       
         \__________||_|        |_|    |_|      \________//____________/        
                                                                                
====================================[ Qcore ]===================================

 Git hash:   7cd5c520b37f7ee862d844b1504bc4191dc47444
 Git date:   Tue, 4 May 2021 13:25:05 +0100
 Compiler:   GNU 9.1.0
 Build type: Release
 Version:    1.2.0

 Start time: Mon May 17 11:51:34 2021

 Data directory: /home/of15641/.local/src/Qcore/release/share/entos/1.2.0/data
 Number of threads: 1
 Number of threads was determined by: command line argument
  - More threads can be used by running 'qcore -n 24'

 --------------------------------------------------------------------------------
                                  command: bchla                                 
 --------------------------------------------------------------------------------
Mg s eff H
  -0.3102

 SCF converged in 1 iterations.

 Setting up Delta-SCF
 Ground-Excited state overlap:          -0.000000000
 No correction applied to the TDM.
 Excitation energy:                      0.076240389
 Excitation energy (in eV):              2.074606671
 Transition dipole:                      0.99335       1.82946       1.58270
Mg s
          144          148          149          178          179          180          388          404          407
Mg p
          271          273          308          328          329          338          351          353          354          357          358          362          365          368          369          370          371          372          375          376          379          380          386          388          391          397          399          408
Mg d
          205          206          207          218          219          222          228          230          238          239          242          245          269          340          347          351          353          354          356          358          362          363          365          371          375          379          388          392          394          397          407
 Saving results in set 'frame_150'

 --------------------------------------------------------------------------------

 End time:                               Mon May 17 11:51:34 2021
 Total wall-clock time:                  0.510 seconds
==================================================================================
