
================================================================================
          _____________ ________ _______________ ________     _________         
         / ___________// ______ \\_____   _____// ______ \   / ________)        
        / /_________  / /      \ \     | |     / /      \ \ | (_______          
       |  __________|| |        | |    | |    | |        | | \________ \        
        \ \_________ | |        | |    | |     \ \______/ /___________) |       
         \__________||_|        |_|    |_|      \________//____________/        
                                                                                
====================================[ Qcore ]===================================

 Git hash:   7cd5c520b37f7ee862d844b1504bc4191dc47444
 Git date:   Tue, 4 May 2021 13:25:05 +0100
 Compiler:   GNU 9.1.0
 Build type: Release
 Version:    1.2.0

 Start time: Mon May 17 12:46:01 2021

 Data directory: /home/of15641/.local/src/Qcore/release/share/entos/1.2.0/data
 Number of threads: 1
 Number of threads was determined by: command line argument
  - More threads can be used by running 'qcore -n 24'

 --------------------------------------------------------------------------------
                                  command: bchla                                 
 --------------------------------------------------------------------------------
Mg s eff H
  -0.3105

 SCF converged in 1 iterations.

 Setting up Delta-SCF
 Ground-Excited state overlap:           0.000000000
 No correction applied to the TDM.
 Excitation energy:                      0.076875342
 Excitation energy (in eV):              2.091884620
 Transition dipole:                     -2.97471      -1.30569      -0.13531
Mg s
          151          152          178          179          364          389          395          401          402          403          406
Mg p
          159          220          221          237          244          246          266          311          317          322          330          332          334          338          339          345          347          350          358          359          360          361          363          372          374          377          378          381          386          390          408
Mg d
          158          237          246          270          315          326          329          330          332          334          336          338          339          343          347          350          353          359          360          361          363          364          365          368          374          377          381          388          389          401          406
 Saving results in set 'frame_822'

 --------------------------------------------------------------------------------

 End time:                               Mon May 17 12:46:01 2021
 Total wall-clock time:                  0.534 seconds
==================================================================================
