
================================================================================
          _____________ ________ _______________ ________     _________         
         / ___________// ______ \\_____   _____// ______ \   / ________)        
        / /_________  / /      \ \     | |     / /      \ \ | (_______          
       |  __________|| |        | |    | |    | |        | | \________ \        
        \ \_________ | |        | |    | |     \ \______/ /___________) |       
         \__________||_|        |_|    |_|      \________//____________/        
                                                                                
====================================[ Qcore ]===================================

 Git hash:   7cd5c520b37f7ee862d844b1504bc4191dc47444
 Git date:   Tue, 4 May 2021 13:25:05 +0100
 Compiler:   GNU 9.1.0
 Build type: Release
 Version:    1.2.0

 Start time: Mon May 17 11:37:19 2021

 Data directory: /home/of15641/.local/src/Qcore/release/share/entos/1.2.0/data
 Number of threads: 1
 Number of threads was determined by: command line argument
  - More threads can be used by running 'qcore -n 24'

 --------------------------------------------------------------------------------
                                  command: bchla                                 
 --------------------------------------------------------------------------------
Mg s eff H
  -0.3102

 SCF converged in 1 iterations.

 Setting up Delta-SCF
 Ground-Excited state overlap:           0.000000000
 No correction applied to the TDM.
 Excitation energy:                      0.073212045
 Excitation energy (in eV):              1.992201240
 Transition dipole:                     -2.32450      -0.67790      -0.56662
Mg s
          148          152          177          178          179          180          383          394          395          397          400          403          404          405          406          408
Mg p
          244          266          324          327          336          337          340          344          346          348          351          354          356          358          361          365          366          367          369          372          374          375          377          378          379          381          383          384          385          386          387          389          390          399
Mg d
          205          207          217          219          221          224          225          226          229          230          233          238          239          244          245          247          367
 Saving results in set 'frame_1235'

 --------------------------------------------------------------------------------

 End time:                               Mon May 17 11:37:19 2021
 Total wall-clock time:                  0.516 seconds
==================================================================================
