
================================================================================
          _____________ ________ _______________ ________     _________         
         / ___________// ______ \\_____   _____// ______ \   / ________)        
        / /_________  / /      \ \     | |     / /      \ \ | (_______          
       |  __________|| |        | |    | |    | |        | | \________ \        
        \ \_________ | |        | |    | |     \ \______/ /___________) |       
         \__________||_|        |_|    |_|      \________//____________/        
                                                                                
====================================[ Qcore ]===================================

 Git hash:   7cd5c520b37f7ee862d844b1504bc4191dc47444
 Git date:   Tue, 4 May 2021 13:25:05 +0100
 Compiler:   GNU 9.1.0
 Build type: Release
 Version:    1.2.0

 Start time: Mon May 17 12:01:41 2021

 Data directory: /home/of15641/.local/src/Qcore/release/share/entos/1.2.0/data
 Number of threads: 1
 Number of threads was determined by: command line argument
  - More threads can be used by running 'qcore -n 24'

 --------------------------------------------------------------------------------
                                  command: bchla                                 
 --------------------------------------------------------------------------------
Mg s eff H
  -0.3102

 SCF converged in 1 iterations.

 Setting up Delta-SCF
 Ground-Excited state overlap:           0.000000000
 No correction applied to the TDM.
 Excitation energy:                      0.080454263
 Excitation energy (in eV):              2.189272026
 Transition dipole:                      0.56406       2.89055       1.22594
Mg s
          144          150          178          179          388          398          401          404          406
Mg p
          243          267          268          325          338          347          353          354          357          358          360          364          366          367          371          372          373          377          383          388          392          393          395
Mg d
          178          208          210          211          222          224          226          227          228          231          233          236          238          240          243          249          353          357          360          364          369          372          377          378          404
 Saving results in set 'frame_1696'

 --------------------------------------------------------------------------------

 End time:                               Mon May 17 12:01:42 2021
 Total wall-clock time:                  0.505 seconds
==================================================================================
