
================================================================================
          _____________ ________ _______________ ________     _________         
         / ___________// ______ \\_____   _____// ______ \   / ________)        
        / /_________  / /      \ \     | |     / /      \ \ | (_______          
       |  __________|| |        | |    | |    | |        | | \________ \        
        \ \_________ | |        | |    | |     \ \______/ /___________) |       
         \__________||_|        |_|    |_|      \________//____________/        
                                                                                
====================================[ Qcore ]===================================

 Git hash:   7cd5c520b37f7ee862d844b1504bc4191dc47444
 Git date:   Tue, 4 May 2021 13:25:05 +0100
 Compiler:   GNU 9.1.0
 Build type: Release
 Version:    1.2.0

 Start time: Mon May 17 12:11:27 2021

 Data directory: /home/of15641/.local/src/Qcore/release/share/entos/1.2.0/data
 Number of threads: 1
 Number of threads was determined by: command line argument
  - More threads can be used by running 'qcore -n 24'

 --------------------------------------------------------------------------------
                                  command: bchla                                 
 --------------------------------------------------------------------------------
Mg s eff H
  -0.3102

 SCF converged in 1 iterations.

 Setting up Delta-SCF
 Ground-Excited state overlap:          -0.000000000
 No correction applied to the TDM.
 Excitation energy:                      0.081522686
 Excitation energy (in eV):              2.218345283
 Transition dipole:                      2.33957       1.51608       1.47306
Mg s
          146          151          178          367          392          400          406          408
Mg p
          159          240          242          266          307          308          312          315          318          322          323          325          328          331          335          337          339          341          344          347          352          359          360          363          365          371          373          377          382          390          406          408
Mg d
          205          212          217          225          229          240          242          246          274          313          333          341          344          349          354          359          362          363          365          367          369          372          373          375          377          379          381          389          392          396          406
 Saving results in set 'frame_1930'

 --------------------------------------------------------------------------------

 End time:                               Mon May 17 12:11:28 2021
 Total wall-clock time:                  0.538 seconds
==================================================================================
