
================================================================================
          _____________ ________ _______________ ________     _________         
         / ___________// ______ \\_____   _____// ______ \   / ________)        
        / /_________  / /      \ \     | |     / /      \ \ | (_______          
       |  __________|| |        | |    | |    | |        | | \________ \        
        \ \_________ | |        | |    | |     \ \______/ /___________) |       
         \__________||_|        |_|    |_|      \________//____________/        
                                                                                
====================================[ Qcore ]===================================

 Git hash:   7cd5c520b37f7ee862d844b1504bc4191dc47444
 Git date:   Tue, 4 May 2021 13:25:05 +0100
 Compiler:   GNU 9.1.0
 Build type: Release
 Version:    1.2.0

 Start time: Mon May 17 12:46:07 2021

 Data directory: /home/of15641/.local/src/Qcore/release/share/entos/1.2.0/data
 Number of threads: 1
 Number of threads was determined by: command line argument
  - More threads can be used by running 'qcore -n 24'

 --------------------------------------------------------------------------------
                                  command: bchla                                 
 --------------------------------------------------------------------------------
Mg s eff H
  -0.3100

 SCF converged in 1 iterations.

 Setting up Delta-SCF
 Ground-Excited state overlap:           0.000000000
 No correction applied to the TDM.
 Excitation energy:                      0.078137888
 Excitation energy (in eV):              2.126240240
 Transition dipole:                     -1.14913       1.41614       3.24250
Mg s
          139          149          177          178          179          388          407          408
Mg p
          267          268          270          302          313          328          343          348          349          352          358          361          363          365          367          370          372          374          384          392          402          404          407
Mg d
          243          245          247          248          270          341          343          356          358          365          367          368          369          372          374          376          378          381          384          386          388          392          394          397          399          408
 Saving results in set 'frame_884'

 --------------------------------------------------------------------------------

 End time:                               Mon May 17 12:46:08 2021
 Total wall-clock time:                  0.551 seconds
==================================================================================
