
================================================================================
          _____________ ________ _______________ ________     _________         
         / ___________// ______ \\_____   _____// ______ \   / ________)        
        / /_________  / /      \ \     | |     / /      \ \ | (_______          
       |  __________|| |        | |    | |    | |        | | \________ \        
        \ \_________ | |        | |    | |     \ \______/ /___________) |       
         \__________||_|        |_|    |_|      \________//____________/        
                                                                                
====================================[ Qcore ]===================================

 Git hash:   7cd5c520b37f7ee862d844b1504bc4191dc47444
 Git date:   Tue, 4 May 2021 13:25:05 +0100
 Compiler:   GNU 9.1.0
 Build type: Release
 Version:    1.2.0

 Start time: Thu May 13 08:56:00 2021

 Data directory: /home/of15641/.local/src/Qcore/release/share/entos/1.2.0/data
 Number of threads: 1
 Number of threads was determined by: command line argument
  - More threads can be used by running 'qcore -n 24'

 --------------------------------------------------------------------------------
                                  command: bchla                                 
 --------------------------------------------------------------------------------
Mg s eff H
  -0.3102

 SCF converged in 1 iterations.

 Setting up Delta-SCF
 Ground-Excited state overlap:           0.000000000
 No correction applied to the TDM.
 Excitation energy:                      0.082899806
 Excitation energy (in eV):              2.255818637
 Transition dipole:                     -0.87570       2.30394       2.26984
Mg s
          145          151          178          179          380          382          399          400          402          403          404          405          406          408
Mg p
          215          243          265          267          305          319          321          329          337          338          341          343          347          350          353          355          356          360          361          368          369          371          373          375          377          382          390          393          404
Mg d
          208          212          215          227          228          230          238          240          243          248          252          267          334          343          347          353          355          356          357          360          361          366          371          372          373          377          385          390          394          405
 Saving results in set 'frame_200'

 --------------------------------------------------------------------------------

 End time:                               Thu May 13 08:56:01 2021
 Total wall-clock time:                  0.824 seconds
==================================================================================
