
================================================================================
          _____________ ________ _______________ ________     _________         
         / ___________// ______ \\_____   _____// ______ \   / ________)        
        / /_________  / /      \ \     | |     / /      \ \ | (_______          
       |  __________|| |        | |    | |    | |        | | \________ \        
        \ \_________ | |        | |    | |     \ \______/ /___________) |       
         \__________||_|        |_|    |_|      \________//____________/        
                                                                                
====================================[ Qcore ]===================================

 Git hash:   7cd5c520b37f7ee862d844b1504bc4191dc47444
 Git date:   Tue, 4 May 2021 13:25:05 +0100
 Compiler:   GNU 9.1.0
 Build type: Release
 Version:    1.2.0

 Start time: Mon May 17 12:17:52 2021

 Data directory: /home/of15641/.local/src/Qcore/release/share/entos/1.2.0/data
 Number of threads: 1
 Number of threads was determined by: command line argument
  - More threads can be used by running 'qcore -n 24'

 --------------------------------------------------------------------------------
                                  command: bchla                                 
 --------------------------------------------------------------------------------
Mg s eff H
  -0.3102

 SCF converged in 1 iterations.

 Setting up Delta-SCF
 Ground-Excited state overlap:           0.000000000
 No correction applied to the TDM.
 Excitation energy:                      0.075538233
 Excitation energy (in eV):              2.055500045
 Transition dipole:                      2.74777      -0.07835       0.08027
Mg s
          147          152          176          177          178          179          377          392          395          403          404          407          408
Mg p
          161          303          309          313          315          321          327          329          332          333          336          339          340          341          343          345          348          352          353          357          358          359          364          366          369          372          373          375          379          381          395          403          404
Mg d
          206          210          212          215          225          226          227          228          232          234          242          243          325          340          341          354          357          358          359          362          363          369          371          377          408
 Saving results in set 'frame_239'

 --------------------------------------------------------------------------------

 End time:                               Mon May 17 12:17:53 2021
 Total wall-clock time:                  0.511 seconds
==================================================================================
