
================================================================================
          _____________ ________ _______________ ________     _________         
         / ___________// ______ \\_____   _____// ______ \   / ________)        
        / /_________  / /      \ \     | |     / /      \ \ | (_______          
       |  __________|| |        | |    | |    | |        | | \________ \        
        \ \_________ | |        | |    | |     \ \______/ /___________) |       
         \__________||_|        |_|    |_|      \________//____________/        
                                                                                
====================================[ Qcore ]===================================

 Git hash:   7cd5c520b37f7ee862d844b1504bc4191dc47444
 Git date:   Tue, 4 May 2021 13:25:05 +0100
 Compiler:   GNU 9.1.0
 Build type: Release
 Version:    1.2.0

 Start time: Mon May 17 11:54:59 2021

 Data directory: /home/of15641/.local/src/Qcore/release/share/entos/1.2.0/data
 Number of threads: 1
 Number of threads was determined by: command line argument
  - More threads can be used by running 'qcore -n 24'

 --------------------------------------------------------------------------------
                                  command: bchla                                 
 --------------------------------------------------------------------------------
Mg s eff H
  -0.3101

 SCF converged in 1 iterations.

 Setting up Delta-SCF
 Ground-Excited state overlap:          -0.000000000
 No correction applied to the TDM.
 Excitation energy:                      0.078865628
 Excitation energy (in eV):              2.146043077
 Transition dipole:                     -2.86223       1.54323       1.52493
Mg s
          144          149          150          178          179          387          404          405          406          407          408
Mg p
          307          308          314          322          325          326          330          333          335          336          339          340          343          344          347          351          355          356          358          359          361          363          365          371          376          379          390          405          406          408
Mg d
          205          207          213          221          223          232          235          237          239          308          322          325          326          340          344          347          351          358          359          361          363          365          367          371          376          379          380          390          392          404          406
 Saving results in set 'frame_1586'

 --------------------------------------------------------------------------------

 End time:                               Mon May 17 11:55:00 2021
 Total wall-clock time:                  0.582 seconds
==================================================================================
