
================================================================================
          _____________ ________ _______________ ________     _________         
         / ___________// ______ \\_____   _____// ______ \   / ________)        
        / /_________  / /      \ \     | |     / /      \ \ | (_______          
       |  __________|| |        | |    | |    | |        | | \________ \        
        \ \_________ | |        | |    | |     \ \______/ /___________) |       
         \__________||_|        |_|    |_|      \________//____________/        
                                                                                
====================================[ Qcore ]===================================

 Git hash:   7cd5c520b37f7ee862d844b1504bc4191dc47444
 Git date:   Tue, 4 May 2021 13:25:05 +0100
 Compiler:   GNU 9.1.0
 Build type: Release
 Version:    1.2.0

 Start time: Mon May 17 12:27:20 2021

 Data directory: /home/of15641/.local/src/Qcore/release/share/entos/1.2.0/data
 Number of threads: 1
 Number of threads was determined by: command line argument
  - More threads can be used by running 'qcore -n 24'

 --------------------------------------------------------------------------------
                                  command: bchla                                 
 --------------------------------------------------------------------------------
Mg s eff H
  -0.3103

 SCF converged in 1 iterations.

 Setting up Delta-SCF
 Ground-Excited state overlap:           0.000000000
 No correction applied to the TDM.
 Excitation energy:                      0.078127989
 Excitation energy (in eV):              2.125970888
 Transition dipole:                     -2.62864       0.44309       1.69921
Mg s
          152          177          385          386          402          405          406          408
Mg p
          271          272          304          305          307          320          340          341          343          345          350          353          354          359          360          367          369          371          372          377          379          380          387          388
Mg d
          222          240          268          287          312          327          332          334          338          340          341          343          344          350          353          354          356          358          362          365          366          367          369          371          373          379          380          383          384          386          388          391          399
 Saving results in set 'frame_436'

 --------------------------------------------------------------------------------

 End time:                               Mon May 17 12:27:20 2021
 Total wall-clock time:                  0.518 seconds
==================================================================================
