
================================================================================
          _____________ ________ _______________ ________     _________         
         / ___________// ______ \\_____   _____// ______ \   / ________)        
        / /_________  / /      \ \     | |     / /      \ \ | (_______          
       |  __________|| |        | |    | |    | |        | | \________ \        
        \ \_________ | |        | |    | |     \ \______/ /___________) |       
         \__________||_|        |_|    |_|      \________//____________/        
                                                                                
====================================[ Qcore ]===================================

 Git hash:   7cd5c520b37f7ee862d844b1504bc4191dc47444
 Git date:   Tue, 4 May 2021 13:25:05 +0100
 Compiler:   GNU 9.1.0
 Build type: Release
 Version:    1.2.0

 Start time: Mon May 17 12:36:51 2021

 Data directory: /home/of15641/.local/src/Qcore/release/share/entos/1.2.0/data
 Number of threads: 1
 Number of threads was determined by: command line argument
  - More threads can be used by running 'qcore -n 24'

 --------------------------------------------------------------------------------
                                  command: bchla                                 
 --------------------------------------------------------------------------------
Mg s eff H
  -0.3102

 SCF converged in 1 iterations.

 Setting up Delta-SCF
 Ground-Excited state overlap:          -0.000000000
 No correction applied to the TDM.
 Excitation energy:                      0.075827723
 Excitation energy (in eV):              2.063377452
 Transition dipole:                     -0.97286      -2.00956      -1.37119
Mg s
          150          153          176          178          180          386          400          403          405          406          408
Mg p
          205          221          228          229          237          241          243          266          325          337          345          346          350          354          361          364          366          367          370          374          375          376          377          383          386
Mg d
          205          221          228          229          237          241          243          266          318          325          332          337          346          348          354          355          357          358          361          367          372          374          375          376          377          386
 Saving results in set 'frame_682'

 --------------------------------------------------------------------------------

 End time:                               Mon May 17 12:36:52 2021
 Total wall-clock time:                  0.779 seconds
==================================================================================
