
================================================================================
          _____________ ________ _______________ ________     _________         
         / ___________// ______ \\_____   _____// ______ \   / ________)        
        / /_________  / /      \ \     | |     / /      \ \ | (_______          
       |  __________|| |        | |    | |    | |        | | \________ \        
        \ \_________ | |        | |    | |     \ \______/ /___________) |       
         \__________||_|        |_|    |_|      \________//____________/        
                                                                                
====================================[ Qcore ]===================================

 Git hash:   7cd5c520b37f7ee862d844b1504bc4191dc47444
 Git date:   Tue, 4 May 2021 13:25:05 +0100
 Compiler:   GNU 9.1.0
 Build type: Release
 Version:    1.2.0

 Start time: Mon May 17 12:14:42 2021

 Data directory: /home/of15641/.local/src/Qcore/release/share/entos/1.2.0/data
 Number of threads: 1
 Number of threads was determined by: command line argument
  - More threads can be used by running 'qcore -n 24'

 --------------------------------------------------------------------------------
                                  command: bchla                                 
 --------------------------------------------------------------------------------
Mg s eff H
  -0.3101

 SCF converged in 1 iterations.

 Setting up Delta-SCF
 Ground-Excited state overlap:          -0.000000000
 No correction applied to the TDM.
 Excitation energy:                      0.075448879
 Excitation energy (in eV):              2.053068578
 Transition dipole:                     -2.93391       0.63124      -0.17816
Mg s
          147          150          177          178          179          180          181          393          403          405          406          407
Mg p
          158          269          306          326          337          344          349          352          356          358          361          362          364          365          366          368          369          370          372          375          377          381          382          386          389          403          406          407          408
Mg d
          208          219          223          224          227          233          236          238          242          246          247          249          251          269          342          347          348          349          356          358          359          362          365          366          368          370          372          375          377          381          382          385          397          406          407
 Saving results in set 'frame_210'

 --------------------------------------------------------------------------------

 End time:                               Mon May 17 12:14:43 2021
 Total wall-clock time:                  0.761 seconds
==================================================================================
