
================================================================================
          _____________ ________ _______________ ________     _________         
         / ___________// ______ \\_____   _____// ______ \   / ________)        
        / /_________  / /      \ \     | |     / /      \ \ | (_______          
       |  __________|| |        | |    | |    | |        | | \________ \        
        \ \_________ | |        | |    | |     \ \______/ /___________) |       
         \__________||_|        |_|    |_|      \________//____________/        
                                                                                
====================================[ Qcore ]===================================

 Git hash:   7cd5c520b37f7ee862d844b1504bc4191dc47444
 Git date:   Tue, 4 May 2021 13:25:05 +0100
 Compiler:   GNU 9.1.0
 Build type: Release
 Version:    1.2.0

 Start time: Mon May 17 12:33:29 2021

 Data directory: /home/of15641/.local/src/Qcore/release/share/entos/1.2.0/data
 Number of threads: 1
 Number of threads was determined by: command line argument
  - More threads can be used by running 'qcore -n 24'

 --------------------------------------------------------------------------------
                                  command: bchla                                 
 --------------------------------------------------------------------------------
Mg s eff H
  -0.3102

 SCF converged in 1 iterations.

 Setting up Delta-SCF
 Ground-Excited state overlap:           0.000000000
 No correction applied to the TDM.
 Excitation energy:                      0.079046568
 Excitation energy (in eV):              2.150966704
 Transition dipole:                      3.37054       1.07317      -0.77357
Mg s
          146          149          152          178          179          180          181          371          394          402          404          405          406          408
Mg p
          158          214          216          236          247          249          305          316          345          346          348          349          350          351          352          356          361          362          363          364          367          372          374          378          380          382          383          392          396
Mg d
          203          206          214          215          216          226          236          242          247          249          308          319          327          328          335          338          343          345          350          352          356          358          359          361          363          364          367          371          372          373          374          388          396          402          406
 Saving results in set 'frame_56'

 --------------------------------------------------------------------------------

 End time:                               Mon May 17 12:33:30 2021
 Total wall-clock time:                  0.524 seconds
==================================================================================
