
================================================================================
          _____________ ________ _______________ ________     _________         
         / ___________// ______ \\_____   _____// ______ \   / ________)        
        / /_________  / /      \ \     | |     / /      \ \ | (_______          
       |  __________|| |        | |    | |    | |        | | \________ \        
        \ \_________ | |        | |    | |     \ \______/ /___________) |       
         \__________||_|        |_|    |_|      \________//____________/        
                                                                                
====================================[ Qcore ]===================================

 Git hash:   7cd5c520b37f7ee862d844b1504bc4191dc47444
 Git date:   Tue, 4 May 2021 13:25:05 +0100
 Compiler:   GNU 9.1.0
 Build type: Release
 Version:    1.2.0

 Start time: Mon May 17 11:51:31 2021

 Data directory: /home/of15641/.local/src/Qcore/release/share/entos/1.2.0/data
 Number of threads: 1
 Number of threads was determined by: command line argument
  - More threads can be used by running 'qcore -n 24'

 --------------------------------------------------------------------------------
                                  command: bchla                                 
 --------------------------------------------------------------------------------
Mg s eff H
  -0.3101

 SCF converged in 1 iterations.

 Setting up Delta-SCF
 Ground-Excited state overlap:          -0.000000000
 No correction applied to the TDM.
 Excitation energy:                      0.079913646
 Excitation energy (in eV):              2.174561084
 Transition dipole:                     -0.90280       2.83255       1.51353
Mg s
          145          153          177          178          180          181          374          384          404          407          408
Mg p
          206          210          221          230          231          232          233          238          239          268          307          310          326          328          333          335          336          342          344          345          347          357          359          361          362          363          366          368          373          381          407
Mg d
          206          209          210          221          230          231          232          233          234          238          239          242          307          310          312          326          328          331          333          335          336          341          342          344          345          347          356          358          361          368          404          407          408
 Saving results in set 'frame_1526'

 --------------------------------------------------------------------------------

 End time:                               Mon May 17 11:51:31 2021
 Total wall-clock time:                  0.712 seconds
==================================================================================
