
================================================================================
          _____________ ________ _______________ ________     _________         
         / ___________// ______ \\_____   _____// ______ \   / ________)        
        / /_________  / /      \ \     | |     / /      \ \ | (_______          
       |  __________|| |        | |    | |    | |        | | \________ \        
        \ \_________ | |        | |    | |     \ \______/ /___________) |       
         \__________||_|        |_|    |_|      \________//____________/        
                                                                                
====================================[ Qcore ]===================================

 Git hash:   7cd5c520b37f7ee862d844b1504bc4191dc47444
 Git date:   Tue, 4 May 2021 13:25:05 +0100
 Compiler:   GNU 9.1.0
 Build type: Release
 Version:    1.2.0

 Start time: Mon May 17 12:43:01 2021

 Data directory: /home/of15641/.local/src/Qcore/release/share/entos/1.2.0/data
 Number of threads: 1
 Number of threads was determined by: command line argument
  - More threads can be used by running 'qcore -n 24'

 --------------------------------------------------------------------------------
                                  command: bchla                                 
 --------------------------------------------------------------------------------
Mg s eff H
  -0.3103

 SCF converged in 1 iterations.

 Setting up Delta-SCF
 Ground-Excited state overlap:           0.000000000
 No correction applied to the TDM.
 Excitation energy:                      0.078465192
 Excitation energy (in eV):              2.135146649
 Transition dipole:                     -2.94883      -1.06594       1.83566
Mg s
          150          152          176          178          179          180          363          380          382          403          404          405
Mg p
          204          214          216          228          229          239          240          246          267          298          308          316          334          341          346          347          348          352          355          357          365          367          369          373          374          380          382          391
Mg d
          157          214          239          240          246          267          297          310          320          328          329          331          344          347          348          352          355          359          363          369          371          375          383          387          391          397          399          405          408
 Saving results in set 'frame_809'

 --------------------------------------------------------------------------------

 End time:                               Mon May 17 12:43:01 2021
 Total wall-clock time:                  0.507 seconds
==================================================================================
