
================================================================================
          _____________ ________ _______________ ________     _________         
         / ___________// ______ \\_____   _____// ______ \   / ________)        
        / /_________  / /      \ \     | |     / /      \ \ | (_______          
       |  __________|| |        | |    | |    | |        | | \________ \        
        \ \_________ | |        | |    | |     \ \______/ /___________) |       
         \__________||_|        |_|    |_|      \________//____________/        
                                                                                
====================================[ Qcore ]===================================

 Git hash:   7cd5c520b37f7ee862d844b1504bc4191dc47444
 Git date:   Tue, 4 May 2021 13:25:05 +0100
 Compiler:   GNU 9.1.0
 Build type: Release
 Version:    1.2.0

 Start time: Mon May 17 11:30:11 2021

 Data directory: /home/of15641/.local/src/Qcore/release/share/entos/1.2.0/data
 Number of threads: 1
 Number of threads was determined by: command line argument
  - More threads can be used by running 'qcore -n 24'

 --------------------------------------------------------------------------------
                                  command: bchla                                 
 --------------------------------------------------------------------------------
Mg s eff H
  -0.3103

 SCF converged in 1 iterations.

 Setting up Delta-SCF
 Ground-Excited state overlap:          -0.000000000
 No correction applied to the TDM.
 Excitation energy:                      0.073683891
 Excitation energy (in eV):              2.005040812
 Transition dipole:                     -2.01558       0.21975       0.88612
Mg s
          149          151          153          178          179          180          352          362          382          404          405          406          407          408
Mg p
          269          270          314          327          329          331          335          338          339          342          344          346          347          352          354          357          362          364          366          368          370          374          378          379          382          390          404          405          406          408
Mg d
          213          220          242          244          272          305          312          320          342          350          352          353          354          362          364          366          368          370          371          372          373          374          379          386          398          399          405          408
 Saving results in set 'frame_1071'

 --------------------------------------------------------------------------------

 End time:                               Mon May 17 11:30:11 2021
 Total wall-clock time:                  0.687 seconds
==================================================================================
