
================================================================================
          _____________ ________ _______________ ________     _________         
         / ___________// ______ \\_____   _____// ______ \   / ________)        
        / /_________  / /      \ \     | |     / /      \ \ | (_______          
       |  __________|| |        | |    | |    | |        | | \________ \        
        \ \_________ | |        | |    | |     \ \______/ /___________) |       
         \__________||_|        |_|    |_|      \________//____________/        
                                                                                
====================================[ Qcore ]===================================

 Git hash:   7cd5c520b37f7ee862d844b1504bc4191dc47444
 Git date:   Tue, 4 May 2021 13:25:05 +0100
 Compiler:   GNU 9.1.0
 Build type: Release
 Version:    1.2.0

 Start time: Mon May 17 11:33:40 2021

 Data directory: /home/of15641/.local/src/Qcore/release/share/entos/1.2.0/data
 Number of threads: 1
 Number of threads was determined by: command line argument
  - More threads can be used by running 'qcore -n 24'

 --------------------------------------------------------------------------------
                                  command: bchla                                 
 --------------------------------------------------------------------------------
Mg s eff H
  -0.3101

 SCF converged in 1 iterations.

 Setting up Delta-SCF
 Ground-Excited state overlap:           0.000000000
 No correction applied to the TDM.
 Excitation energy:                      0.078020043
 Excitation energy (in eV):              2.123033525
 Transition dipole:                     -1.76722      -0.55104       3.07822
Mg s
          151          178          179          181          396          403          406
Mg p
          239          243          269          326          328          340          341          343          352          355          357          360          362          364          365          367          368          369          371          373          375          376          377          380          382          383          386          393          394          397          406
Mg d
          239          243          272          306          325          338          340          343          349          354          355          360          365          367          368          370          371          373          374          376          380          382          383          403          406
 Saving results in set 'frame_1173'

 --------------------------------------------------------------------------------

 End time:                               Mon May 17 11:33:41 2021
 Total wall-clock time:                  0.680 seconds
==================================================================================
