
================================================================================
          _____________ ________ _______________ ________     _________         
         / ___________// ______ \\_____   _____// ______ \   / ________)        
        / /_________  / /      \ \     | |     / /      \ \ | (_______          
       |  __________|| |        | |    | |    | |        | | \________ \        
        \ \_________ | |        | |    | |     \ \______/ /___________) |       
         \__________||_|        |_|    |_|      \________//____________/        
                                                                                
====================================[ Qcore ]===================================

 Git hash:   7cd5c520b37f7ee862d844b1504bc4191dc47444
 Git date:   Tue, 4 May 2021 13:25:05 +0100
 Compiler:   GNU 9.1.0
 Build type: Release
 Version:    1.2.0

 Start time: Mon May 17 12:49:36 2021

 Data directory: /home/of15641/.local/src/Qcore/release/share/entos/1.2.0/data
 Number of threads: 1
 Number of threads was determined by: command line argument
  - More threads can be used by running 'qcore -n 24'

 --------------------------------------------------------------------------------
                                  command: bchla                                 
 --------------------------------------------------------------------------------
Mg s eff H
  -0.3104

 SCF converged in 1 iterations.

 Setting up Delta-SCF
 Ground-Excited state overlap:          -0.000000000
 No correction applied to the TDM.
 Excitation energy:                      0.075752810
 Excitation energy (in eV):              2.061338971
 Transition dipole:                      1.39483       0.94239       1.46000
Mg s
          151          178          179          373          384          389          398          401          402          403          404          405
Mg p
          217          225          232          234          240          241          250          267          312          317          324          328          330          336          344          346          348          352          355          356          359          360          361          364          365          368          376          377          384          392          401          402          405
Mg d
          268          304          317          330          343          344          346          348          350          352          354          355          356          357          358          359          360          364          365          368          374          377          384          393          401
 Saving results in set 'frame_927'

 --------------------------------------------------------------------------------

 End time:                               Mon May 17 12:49:36 2021
 Total wall-clock time:                  0.487 seconds
==================================================================================
