
================================================================================
          _____________ ________ _______________ ________     _________         
         / ___________// ______ \\_____   _____// ______ \   / ________)        
        / /_________  / /      \ \     | |     / /      \ \ | (_______          
       |  __________|| |        | |    | |    | |        | | \________ \        
        \ \_________ | |        | |    | |     \ \______/ /___________) |       
         \__________||_|        |_|    |_|      \________//____________/        
                                                                                
====================================[ Qcore ]===================================

 Git hash:   7cd5c520b37f7ee862d844b1504bc4191dc47444
 Git date:   Tue, 4 May 2021 13:25:05 +0100
 Compiler:   GNU 9.1.0
 Build type: Release
 Version:    1.2.0

 Start time: Mon May 17 12:46:03 2021

 Data directory: /home/of15641/.local/src/Qcore/release/share/entos/1.2.0/data
 Number of threads: 1
 Number of threads was determined by: command line argument
  - More threads can be used by running 'qcore -n 24'

 --------------------------------------------------------------------------------
                                  command: bchla                                 
 --------------------------------------------------------------------------------
Mg s eff H
  -0.3105

 SCF converged in 1 iterations.

 Setting up Delta-SCF
 Ground-Excited state overlap:           0.000000000
 No correction applied to the TDM.
 Excitation energy:                      0.079487217
 Excitation energy (in eV):              2.162957364
 Transition dipole:                      0.81746       0.08592      -3.40681
Mg s
          151          178          179          180          349          355          400          401          402          405          407          408
Mg p
          265          266          269          312          317          332          341          345          349          351          352          355          357          358          359          363          364          365          367          369          373          378          380          383          392          396          397          407
Mg d
          265          269          307          308          317          330          332          336          339          343          345          349          351          355          358          359          362          364          365          372          373          378          380          381          385          387          389          400          401          407          408
 Saving results in set 'frame_847'

 --------------------------------------------------------------------------------

 End time:                               Mon May 17 12:46:04 2021
 Total wall-clock time:                  0.526 seconds
==================================================================================
