
================================================================================
          _____________ ________ _______________ ________     _________         
         / ___________// ______ \\_____   _____// ______ \   / ________)        
        / /_________  / /      \ \     | |     / /      \ \ | (_______          
       |  __________|| |        | |    | |    | |        | | \________ \        
        \ \_________ | |        | |    | |     \ \______/ /___________) |       
         \__________||_|        |_|    |_|      \________//____________/        
                                                                                
====================================[ Qcore ]===================================

 Git hash:   7cd5c520b37f7ee862d844b1504bc4191dc47444
 Git date:   Tue, 4 May 2021 13:25:05 +0100
 Compiler:   GNU 9.1.0
 Build type: Release
 Version:    1.2.0

 Start time: Mon May 17 12:43:01 2021

 Data directory: /home/of15641/.local/src/Qcore/release/share/entos/1.2.0/data
 Number of threads: 1
 Number of threads was determined by: command line argument
  - More threads can be used by running 'qcore -n 24'

 --------------------------------------------------------------------------------
                                  command: bchla                                 
 --------------------------------------------------------------------------------
Mg s eff H
  -0.3102

 SCF converged in 1 iterations.

 Setting up Delta-SCF
 Ground-Excited state overlap:          -0.000000000
 No correction applied to the TDM.
 Excitation energy:                      0.079532455
 Excitation energy (in eV):              2.164188343
 Transition dipole:                     -0.19023       0.73940       2.75046
Mg s
          149          151          178          179          388          393          396          403          404          405          408
Mg p
          158          210          222          228          232          240          242          270          307          329          331          347          353          356          357          361          362          363          366          369          370          374          377          380          382          388          391          396          405
Mg d
          242          267          270          317          318          329          331          338          340          342          346          347          349          353          354          356          357          359          361          362          363          366          369          370          374          375          377          379          382          390          391          396          397          403          405
 Saving results in set 'frame_807'

 --------------------------------------------------------------------------------

 End time:                               Mon May 17 12:43:01 2021
 Total wall-clock time:                  0.542 seconds
==================================================================================
