
================================================================================
          _____________ ________ _______________ ________     _________         
         / ___________// ______ \\_____   _____// ______ \   / ________)        
        / /_________  / /      \ \     | |     / /      \ \ | (_______          
       |  __________|| |        | |    | |    | |        | | \________ \        
        \ \_________ | |        | |    | |     \ \______/ /___________) |       
         \__________||_|        |_|    |_|      \________//____________/        
                                                                                
====================================[ Qcore ]===================================

 Git hash:   7cd5c520b37f7ee862d844b1504bc4191dc47444
 Git date:   Tue, 4 May 2021 13:25:05 +0100
 Compiler:   GNU 9.1.0
 Build type: Release
 Version:    1.2.0

 Start time: Mon May 17 12:11:25 2021

 Data directory: /home/of15641/.local/src/Qcore/release/share/entos/1.2.0/data
 Number of threads: 1
 Number of threads was determined by: command line argument
  - More threads can be used by running 'qcore -n 24'

 --------------------------------------------------------------------------------
                                  command: bchla                                 
 --------------------------------------------------------------------------------
Mg s eff H
  -0.3103

 SCF converged in 1 iterations.

 Setting up Delta-SCF
 Ground-Excited state overlap:          -0.000000000
 No correction applied to the TDM.
 Excitation energy:                      0.074125266
 Excitation energy (in eV):              2.017051249
 Transition dipole:                      2.29271       1.75000      -0.72663
Mg s
          149          152          176          177          179          358          389          393          394          398          399          401          403          404          405          406          408
Mg p
          226          238          239          242          268          272          324          326          347          350          351          352          355          358          359          361          362          366          367          369          376          377          381          388          390          405
Mg d
          226          238          239          242          268          344          347          354          355          356          358          359          361          362          366          369          372          376          380          390          399          403          405
 Saving results in set 'frame_1903'

 --------------------------------------------------------------------------------

 End time:                               Mon May 17 12:11:25 2021
 Total wall-clock time:                  0.525 seconds
==================================================================================
