
================================================================================
          _____________ ________ _______________ ________     _________         
         / ___________// ______ \\_____   _____// ______ \   / ________)        
        / /_________  / /      \ \     | |     / /      \ \ | (_______          
       |  __________|| |        | |    | |    | |        | | \________ \        
        \ \_________ | |        | |    | |     \ \______/ /___________) |       
         \__________||_|        |_|    |_|      \________//____________/        
                                                                                
====================================[ Qcore ]===================================

 Git hash:   7cd5c520b37f7ee862d844b1504bc4191dc47444
 Git date:   Tue, 4 May 2021 13:25:05 +0100
 Compiler:   GNU 9.1.0
 Build type: Release
 Version:    1.2.0

 Start time: Mon May 17 11:40:53 2021

 Data directory: /home/of15641/.local/src/Qcore/release/share/entos/1.2.0/data
 Number of threads: 1
 Number of threads was determined by: command line argument
  - More threads can be used by running 'qcore -n 24'

 --------------------------------------------------------------------------------
                                  command: bchla                                 
 --------------------------------------------------------------------------------
Mg s eff H
  -0.3102

 SCF converged in 1 iterations.

 Setting up Delta-SCF
 Ground-Excited state overlap:           0.000000000
 No correction applied to the TDM.
 Excitation energy:                      0.076557456
 Excitation energy (in eV):              2.083234501
 Transition dipole:                      0.98349       2.82601      -1.45803
Mg s
          145          151          152          178          179          386          406          408
Mg p
          236          240          267          318          331          341          342          344          347          348          350          351          353          357          358          359          360          361          362          363          364          367          370          373          374          376          389          391          395          406
Mg d
          205          211          213          226          228          230          236          238          239          240          246          335          344          347          348          356          359          360          362          363          364          367          370          373          377          379          386          389          391          406
 Saving results in set 'frame_1302'

 --------------------------------------------------------------------------------

 End time:                               Mon May 17 11:40:53 2021
 Total wall-clock time:                  0.515 seconds
==================================================================================
