
================================================================================
          _____________ ________ _______________ ________     _________         
         / ___________// ______ \\_____   _____// ______ \   / ________)        
        / /_________  / /      \ \     | |     / /      \ \ | (_______          
       |  __________|| |        | |    | |    | |        | | \________ \        
        \ \_________ | |        | |    | |     \ \______/ /___________) |       
         \__________||_|        |_|    |_|      \________//____________/        
                                                                                
====================================[ Qcore ]===================================

 Git hash:   7cd5c520b37f7ee862d844b1504bc4191dc47444
 Git date:   Tue, 4 May 2021 13:25:05 +0100
 Compiler:   GNU 9.1.0
 Build type: Release
 Version:    1.2.0

 Start time: Mon May 17 12:17:50 2021

 Data directory: /home/of15641/.local/src/Qcore/release/share/entos/1.2.0/data
 Number of threads: 1
 Number of threads was determined by: command line argument
  - More threads can be used by running 'qcore -n 24'

 --------------------------------------------------------------------------------
                                  command: bchla                                 
 --------------------------------------------------------------------------------
Mg s eff H
  -0.3103

 SCF converged in 1 iterations.

 Setting up Delta-SCF
 Ground-Excited state overlap:          -0.000000000
 No correction applied to the TDM.
 Excitation energy:                      0.080765206
 Excitation energy (in eV):              2.197733213
 Transition dipole:                     -1.37453      -1.20221      -2.05425
Mg s
          151          152          177          178          371          400          401          403          404          406          408
Mg p
          158          287          302          308          312          317          326          328          329          332          336          338          341          343          346          348          351          352          354          356          364          366          367          368          370          371          375          377          379          380          392
Mg d
          211          212          225          227          234          238          242          243          307          317          326          329          340          343          344          346          347          348          351          356          357          358          362          364          366          367          368          371          375          377          379          380          386          397          404          406
 Saving results in set 'frame_214'

 --------------------------------------------------------------------------------

 End time:                               Mon May 17 12:17:51 2021
 Total wall-clock time:                  0.532 seconds
==================================================================================
