
================================================================================
          _____________ ________ _______________ ________     _________         
         / ___________// ______ \\_____   _____// ______ \   / ________)        
        / /_________  / /      \ \     | |     / /      \ \ | (_______          
       |  __________|| |        | |    | |    | |        | | \________ \        
        \ \_________ | |        | |    | |     \ \______/ /___________) |       
         \__________||_|        |_|    |_|      \________//____________/        
                                                                                
====================================[ Qcore ]===================================

 Git hash:   7cd5c520b37f7ee862d844b1504bc4191dc47444
 Git date:   Tue, 4 May 2021 13:25:05 +0100
 Compiler:   GNU 9.1.0
 Build type: Release
 Version:    1.2.0

 Start time: Mon May 17 12:33:29 2021

 Data directory: /home/of15641/.local/src/Qcore/release/share/entos/1.2.0/data
 Number of threads: 1
 Number of threads was determined by: command line argument
  - More threads can be used by running 'qcore -n 24'

 --------------------------------------------------------------------------------
                                  command: bchla                                 
 --------------------------------------------------------------------------------
Mg s eff H
  -0.3104

 SCF converged in 1 iterations.

 Setting up Delta-SCF
 Ground-Excited state overlap:          -0.000000000
 No correction applied to the TDM.
 Excitation energy:                      0.075695445
 Excitation energy (in eV):              2.059778004
 Transition dipole:                     -0.22363      -2.54224      -0.90374
Mg s
          145          152          177          178          179          366          388          393          398          404          405          406          407
Mg p
          204          219          221          222          230          233          234          235          245          248          249          271          324          332          338          341          347          350          352          356          363          364          366          368          376          380          396          407
Mg d
          204          219          221          222          230          233          234          235          245          248          249          318          332          334          338          341          346          347          352          356          358          363          364          366          368          376          380          396          405          406          407
 Saving results in set 'frame_563'

 --------------------------------------------------------------------------------

 End time:                               Mon May 17 12:33:29 2021
 Total wall-clock time:                  0.542 seconds
==================================================================================
