
================================================================================
          _____________ ________ _______________ ________     _________         
         / ___________// ______ \\_____   _____// ______ \   / ________)        
        / /_________  / /      \ \     | |     / /      \ \ | (_______          
       |  __________|| |        | |    | |    | |        | | \________ \        
        \ \_________ | |        | |    | |     \ \______/ /___________) |       
         \__________||_|        |_|    |_|      \________//____________/        
                                                                                
====================================[ Qcore ]===================================

 Git hash:   7cd5c520b37f7ee862d844b1504bc4191dc47444
 Git date:   Tue, 4 May 2021 13:25:05 +0100
 Compiler:   GNU 9.1.0
 Build type: Release
 Version:    1.2.0

 Start time: Mon May 17 12:36:49 2021

 Data directory: /home/of15641/.local/src/Qcore/release/share/entos/1.2.0/data
 Number of threads: 1
 Number of threads was determined by: command line argument
  - More threads can be used by running 'qcore -n 24'

 --------------------------------------------------------------------------------
                                  command: bchla                                 
 --------------------------------------------------------------------------------
Mg s eff H
  -0.3102

 SCF converged in 1 iterations.

 Setting up Delta-SCF
 Ground-Excited state overlap:          -0.000000000
 No correction applied to the TDM.
 Excitation energy:                      0.079808285
 Excitation energy (in eV):              2.171694063
 Transition dipole:                     -2.09390       0.40779       2.83791
Mg s
          143          152          179          180          385          398          406          408
Mg p
          203          215          226          237          239          242          243          246          272          316          324          336          337          339          345          350          351          352          355          362          364          366          368          372          373          374          375          380          382          383          385          406          408
Mg d
          215          226          237          239          242          243          246          268          272          304          307          327          334          337          339          340          342          349          350          351          352          355          357          358          359          362          363          364          366          368          372          374          382          384          385          389          406
 Saving results in set 'frame_65'

 --------------------------------------------------------------------------------

 End time:                               Mon May 17 12:36:49 2021
 Total wall-clock time:                  0.495 seconds
==================================================================================
