
================================================================================
          _____________ ________ _______________ ________     _________         
         / ___________// ______ \\_____   _____// ______ \   / ________)        
        / /_________  / /      \ \     | |     / /      \ \ | (_______          
       |  __________|| |        | |    | |    | |        | | \________ \        
        \ \_________ | |        | |    | |     \ \______/ /___________) |       
         \__________||_|        |_|    |_|      \________//____________/        
                                                                                
====================================[ Qcore ]===================================

 Git hash:   7cd5c520b37f7ee862d844b1504bc4191dc47444
 Git date:   Tue, 4 May 2021 13:25:05 +0100
 Compiler:   GNU 9.1.0
 Build type: Release
 Version:    1.2.0

 Start time: Mon May 17 11:40:55 2021

 Data directory: /home/of15641/.local/src/Qcore/release/share/entos/1.2.0/data
 Number of threads: 1
 Number of threads was determined by: command line argument
  - More threads can be used by running 'qcore -n 24'

 --------------------------------------------------------------------------------
                                  command: bchla                                 
 --------------------------------------------------------------------------------
Mg s eff H
  -0.3101

 SCF converged in 1 iterations.

 Setting up Delta-SCF
 Ground-Excited state overlap:          -0.000000000
 No correction applied to the TDM.
 Excitation energy:                      0.075003962
 Excitation energy (in eV):              2.040961785
 Transition dipole:                     -2.33029      -0.77538       1.20420
Mg s
          149          177          178          180          373          376          398          405          406          408
Mg p
          266          305          315          332          333          337          343          344          353          358          359          360          361          363          366          367          368          373          376          385          388          389          391          393          399          405          406
Mg d
          233          242          243          266          274          322          344          359          360          361          363          367          368          370          371          373          374          376          377          379          385          388          392
 Saving results in set 'frame_1326'

 --------------------------------------------------------------------------------

 End time:                               Mon May 17 11:40:55 2021
 Total wall-clock time:                  0.527 seconds
==================================================================================
