
================================================================================
          _____________ ________ _______________ ________     _________         
         / ___________// ______ \\_____   _____// ______ \   / ________)        
        / /_________  / /      \ \     | |     / /      \ \ | (_______          
       |  __________|| |        | |    | |    | |        | | \________ \        
        \ \_________ | |        | |    | |     \ \______/ /___________) |       
         \__________||_|        |_|    |_|      \________//____________/        
                                                                                
====================================[ Qcore ]===================================

 Git hash:   7cd5c520b37f7ee862d844b1504bc4191dc47444
 Git date:   Tue, 4 May 2021 13:25:05 +0100
 Compiler:   GNU 9.1.0
 Build type: Release
 Version:    1.2.0

 Start time: Mon May 17 12:52:42 2021

 Data directory: /home/of15641/.local/src/Qcore/release/share/entos/1.2.0/data
 Number of threads: 1
 Number of threads was determined by: command line argument
  - More threads can be used by running 'qcore -n 24'

 --------------------------------------------------------------------------------
                                  command: bchla                                 
 --------------------------------------------------------------------------------
Mg s eff H
  -0.3102

 SCF converged in 1 iterations.

 Setting up Delta-SCF
 Ground-Excited state overlap:           0.000000000
 No correction applied to the TDM.
 Excitation energy:                      0.083215915
 Excitation energy (in eV):              2.264420404
 Transition dipole:                     -1.80306      -0.43829       2.17955
Mg s
          150          152          178          368          382          394          396          397          400          401          403          404          405          407          408
Mg p
          242          309          317          318          323          328          329          330          331          332          335          336          338          339          343          344          345          350          351          352          357          358          362          371          372          373          384          386          388          396
Mg d
          266          271          317          319          326          329          332          333          335          338          339          340          343          350          351          352          354          357          362          364          368          371          372          373          378          380          384          387          407
 Saving results in set 'frame_994'

 --------------------------------------------------------------------------------

 End time:                               Mon May 17 12:52:43 2021
 Total wall-clock time:                  0.553 seconds
==================================================================================
