
================================================================================
          _____________ ________ _______________ ________     _________         
         / ___________// ______ \\_____   _____// ______ \   / ________)        
        / /_________  / /      \ \     | |     / /      \ \ | (_______          
       |  __________|| |        | |    | |    | |        | | \________ \        
        \ \_________ | |        | |    | |     \ \______/ /___________) |       
         \__________||_|        |_|    |_|      \________//____________/        
                                                                                
====================================[ Qcore ]===================================

 Git hash:   7cd5c520b37f7ee862d844b1504bc4191dc47444
 Git date:   Tue, 4 May 2021 13:25:05 +0100
 Compiler:   GNU 9.1.0
 Build type: Release
 Version:    1.2.0

 Start time: Mon May 17 11:51:28 2021

 Data directory: /home/of15641/.local/src/Qcore/release/share/entos/1.2.0/data
 Number of threads: 1
 Number of threads was determined by: command line argument
  - More threads can be used by running 'qcore -n 24'

 --------------------------------------------------------------------------------
                                  command: bchla                                 
 --------------------------------------------------------------------------------
Mg s eff H
  -0.3102

 SCF converged in 1 iterations.

 Setting up Delta-SCF
 Ground-Excited state overlap:          -0.000000000
 No correction applied to the TDM.
 Excitation energy:                      0.077553017
 Excitation energy (in eV):              2.110325101
 Transition dipole:                     -0.50503       1.91259       2.05280
Mg s
          144          150          151          178          179          381          383          395          401          403          405
Mg p
          206          209          210          214          215          216          217          218          226          232          235          237          238          239          240          266          345          350          353          355          356          358          359          361          363          367          373          374          383          403
Mg d
          238          239          270          323          325          327          329          333          338          343          345          348          350          353          354          355          356          357          358          359          360          361          362          363          364          367          373          374          376          377          381          383          384          386          401          403
 Saving results in set 'frame_1503'

 --------------------------------------------------------------------------------

 End time:                               Mon May 17 11:51:29 2021
 Total wall-clock time:                  0.511 seconds
==================================================================================
