
================================================================================
          _____________ ________ _______________ ________     _________         
         / ___________// ______ \\_____   _____// ______ \   / ________)        
        / /_________  / /      \ \     | |     / /      \ \ | (_______          
       |  __________|| |        | |    | |    | |        | | \________ \        
        \ \_________ | |        | |    | |     \ \______/ /___________) |       
         \__________||_|        |_|    |_|      \________//____________/        
                                                                                
====================================[ Qcore ]===================================

 Git hash:   7cd5c520b37f7ee862d844b1504bc4191dc47444
 Git date:   Tue, 4 May 2021 13:25:05 +0100
 Compiler:   GNU 9.1.0
 Build type: Release
 Version:    1.2.0

 Start time: Mon May 17 12:49:33 2021

 Data directory: /home/of15641/.local/src/Qcore/release/share/entos/1.2.0/data
 Number of threads: 1
 Number of threads was determined by: command line argument
  - More threads can be used by running 'qcore -n 24'

 --------------------------------------------------------------------------------
                                  command: bchla                                 
 --------------------------------------------------------------------------------
Mg s eff H
  -0.3103

 SCF converged in 1 iterations.

 Setting up Delta-SCF
 Ground-Excited state overlap:          -0.000000000
 No correction applied to the TDM.
 Excitation energy:                      0.080197494
 Excitation energy (in eV):              2.182284998
 Transition dipole:                     -3.05138      -0.45407       1.93449
Mg s
          151          153          178          382          401          404          405          406          408
Mg p
          207          215          217          228          229          238          240          242          243          246          303          308          318          331          337          345          350          351          352          353          356          360          362          367          368          370          379          382          391          394
Mg d
          207          215          217          228          229          238          240          242          243          246          303          310          320          326          328          331          333          334          337          339          340          341          343          348          350          351          353          356          362          367          368          370          372          374          377          379          380          381          382          394          405
 Saving results in set 'frame_89'

 --------------------------------------------------------------------------------

 End time:                               Mon May 17 12:49:34 2021
 Total wall-clock time:                  0.510 seconds
==================================================================================
