
================================================================================
          _____________ ________ _______________ ________     _________         
         / ___________// ______ \\_____   _____// ______ \   / ________)        
        / /_________  / /      \ \     | |     / /      \ \ | (_______          
       |  __________|| |        | |    | |    | |        | | \________ \        
        \ \_________ | |        | |    | |     \ \______/ /___________) |       
         \__________||_|        |_|    |_|      \________//____________/        
                                                                                
====================================[ Qcore ]===================================

 Git hash:   7cd5c520b37f7ee862d844b1504bc4191dc47444
 Git date:   Tue, 4 May 2021 13:25:05 +0100
 Compiler:   GNU 9.1.0
 Build type: Release
 Version:    1.2.0

 Start time: Mon May 17 12:49:38 2021

 Data directory: /home/of15641/.local/src/Qcore/release/share/entos/1.2.0/data
 Number of threads: 1
 Number of threads was determined by: command line argument
  - More threads can be used by running 'qcore -n 24'

 --------------------------------------------------------------------------------
                                  command: bchla                                 
 --------------------------------------------------------------------------------
Mg s eff H
  -0.3100

 SCF converged in 1 iterations.

 Setting up Delta-SCF
 Ground-Excited state overlap:          -0.000000000
 No correction applied to the TDM.
 Excitation energy:                      0.068071053
 Excitation energy (in eV):              1.852307724
 Transition dipole:                      1.93185       0.20007      -0.05652
Mg s
          153          178          399          400          401          402          405          406
Mg p
          159          268          308          330          335          336          345          347          350          351          352          356          357          360          361          362          367          368          370          371          372          373          377          379          382          384          396
Mg d
          269          303          317          321          322          327          336          346          347          350          352          353          355          360          362          368          370          372          373          374          375          399          400          401
 Saving results in set 'frame_945'

 --------------------------------------------------------------------------------

 End time:                               Mon May 17 12:49:38 2021
 Total wall-clock time:                  0.520 seconds
==================================================================================
