
================================================================================
          _____________ ________ _______________ ________     _________         
         / ___________// ______ \\_____   _____// ______ \   / ________)        
        / /_________  / /      \ \     | |     / /      \ \ | (_______          
       |  __________|| |        | |    | |    | |        | | \________ \        
        \ \_________ | |        | |    | |     \ \______/ /___________) |       
         \__________||_|        |_|    |_|      \________//____________/        
                                                                                
====================================[ Qcore ]===================================

 Git hash:   7cd5c520b37f7ee862d844b1504bc4191dc47444
 Git date:   Tue, 4 May 2021 13:25:05 +0100
 Compiler:   GNU 9.1.0
 Build type: Release
 Version:    1.2.0

 Start time: Mon May 17 11:37:22 2021

 Data directory: /home/of15641/.local/src/Qcore/release/share/entos/1.2.0/data
 Number of threads: 1
 Number of threads was determined by: command line argument
  - More threads can be used by running 'qcore -n 24'

 --------------------------------------------------------------------------------
                                  command: bchla                                 
 --------------------------------------------------------------------------------
Mg s eff H
  -0.3102

 SCF converged in 1 iterations.

 Setting up Delta-SCF
 Ground-Excited state overlap:          -0.000000000
 No correction applied to the TDM.
 Excitation energy:                      0.077662320
 Excitation energy (in eV):              2.113299380
 Transition dipole:                     -2.89421       0.94506      -0.72131
Mg s
          140          151          152          177          178          402          404          406          407
Mg p
          242          267          309          323          324          326          332          333          338          343          344          345          346          348          351          355          357          361          364          365          366          368          370          371          372          373          376          380          381          384          388          392          404
Mg d
          204          205          206          207          211          219          225          226          228          229          237          240          242          248          361
 Saving results in set 'frame_1251'

 --------------------------------------------------------------------------------

 End time:                               Mon May 17 11:37:22 2021
 Total wall-clock time:                  0.518 seconds
==================================================================================
