
================================================================================
          _____________ ________ _______________ ________     _________         
         / ___________// ______ \\_____   _____// ______ \   / ________)        
        / /_________  / /      \ \     | |     / /      \ \ | (_______          
       |  __________|| |        | |    | |    | |        | | \________ \        
        \ \_________ | |        | |    | |     \ \______/ /___________) |       
         \__________||_|        |_|    |_|      \________//____________/        
                                                                                
====================================[ Qcore ]===================================

 Git hash:   7cd5c520b37f7ee862d844b1504bc4191dc47444
 Git date:   Tue, 4 May 2021 13:25:05 +0100
 Compiler:   GNU 9.1.0
 Build type: Release
 Version:    1.2.0

 Start time: Mon May 17 12:17:51 2021

 Data directory: /home/of15641/.local/src/Qcore/release/share/entos/1.2.0/data
 Number of threads: 1
 Number of threads was determined by: command line argument
  - More threads can be used by running 'qcore -n 24'

 --------------------------------------------------------------------------------
                                  command: bchla                                 
 --------------------------------------------------------------------------------
Mg s eff H
  -0.3102

 SCF converged in 1 iterations.

 Setting up Delta-SCF
 Ground-Excited state overlap:           0.000000000
 No correction applied to the TDM.
 Excitation energy:                      0.076322664
 Excitation energy (in eV):              2.076845498
 Transition dipole:                     -2.88435      -0.97518       0.75579
Mg s
          149          150          179          181          395          403          404          407          408
Mg p
          159          211          225          239          241          264          305          319          320          325          328          331          335          338          344          345          346          348          350          352          355          359          360          362          365          367          370          371          372          376          378          379          381          401
Mg d
          208          210          211          217          225          237          239          241          243          334          340          350          352          355          359          360          363          365          370          371          372          378          379          381          382          384          407
 Saving results in set 'frame_224'

 --------------------------------------------------------------------------------

 End time:                               Mon May 17 12:17:52 2021
 Total wall-clock time:                  0.568 seconds
==================================================================================
