
================================================================================
          _____________ ________ _______________ ________     _________         
         / ___________// ______ \\_____   _____// ______ \   / ________)        
        / /_________  / /      \ \     | |     / /      \ \ | (_______          
       |  __________|| |        | |    | |    | |        | | \________ \        
        \ \_________ | |        | |    | |     \ \______/ /___________) |       
         \__________||_|        |_|    |_|      \________//____________/        
                                                                                
====================================[ Qcore ]===================================

 Git hash:   7cd5c520b37f7ee862d844b1504bc4191dc47444
 Git date:   Tue, 4 May 2021 13:25:05 +0100
 Compiler:   GNU 9.1.0
 Build type: Release
 Version:    1.2.0

 Start time: Mon May 17 11:44:31 2021

 Data directory: /home/of15641/.local/src/Qcore/release/share/entos/1.2.0/data
 Number of threads: 1
 Number of threads was determined by: command line argument
  - More threads can be used by running 'qcore -n 24'

 --------------------------------------------------------------------------------
                                  command: bchla                                 
 --------------------------------------------------------------------------------
Mg s eff H
  -0.3101

 SCF converged in 1 iterations.

 Setting up Delta-SCF
 Ground-Excited state overlap:           0.000000000
 No correction applied to the TDM.
 Excitation energy:                      0.078831402
 Excitation energy (in eV):              2.145111721
 Transition dipole:                     -0.86784       3.42308       1.23334
Mg s
          147          152          180          181          389          399          401          404          405          407
Mg p
          227          320          322          330          332          336          339          340          342          343          346          351          352          353          356          357          361          363          364          367          370          371          375          384          388          389          396          401          407
Mg d
          201          207          211          214          224          225          226          227          228          229          238          239          240          242          243          244          245          351          354          359          361          363          371
 Saving results in set 'frame_1381'

 --------------------------------------------------------------------------------

 End time:                               Mon May 17 11:44:31 2021
 Total wall-clock time:                  0.656 seconds
==================================================================================
