
================================================================================
          _____________ ________ _______________ ________     _________         
         / ___________// ______ \\_____   _____// ______ \   / ________)        
        / /_________  / /      \ \     | |     / /      \ \ | (_______          
       |  __________|| |        | |    | |    | |        | | \________ \        
        \ \_________ | |        | |    | |     \ \______/ /___________) |       
         \__________||_|        |_|    |_|      \________//____________/        
                                                                                
====================================[ Qcore ]===================================

 Git hash:   7cd5c520b37f7ee862d844b1504bc4191dc47444
 Git date:   Tue, 4 May 2021 13:25:05 +0100
 Compiler:   GNU 9.1.0
 Build type: Release
 Version:    1.2.0

 Start time: Mon May 17 11:44:31 2021

 Data directory: /home/of15641/.local/src/Qcore/release/share/entos/1.2.0/data
 Number of threads: 1
 Number of threads was determined by: command line argument
  - More threads can be used by running 'qcore -n 24'

 --------------------------------------------------------------------------------
                                  command: bchla                                 
 --------------------------------------------------------------------------------
Mg s eff H
  -0.3103

 SCF converged in 1 iterations.

 Setting up Delta-SCF
 Ground-Excited state overlap:          -0.000000000
 No correction applied to the TDM.
 Excitation energy:                      0.055867271
 Excitation energy (in eV):              1.520225896
 Transition dipole:                     -0.62559      -0.64863       0.15641
Mg s
          152          177          178          364          386          396          400          402          403          404          405
Mg p
          211          229          231          236          237          238          271          303          311          339          340          345          350          352          353          355          357          358          359          360          364          367          383          392          402          403          404          405
Mg d
          211          213          216          218          220          226          229          231          233          234          235          236          237          238          239          240          241          242          243          271          340          350          352          353          355          358          364
 Saving results in set 'frame_1389'

 --------------------------------------------------------------------------------

 End time:                               Mon May 17 11:44:32 2021
 Total wall-clock time:                  0.740 seconds
==================================================================================
