
================================================================================
          _____________ ________ _______________ ________     _________         
         / ___________// ______ \\_____   _____// ______ \   / ________)        
        / /_________  / /      \ \     | |     / /      \ \ | (_______          
       |  __________|| |        | |    | |    | |        | | \________ \        
        \ \_________ | |        | |    | |     \ \______/ /___________) |       
         \__________||_|        |_|    |_|      \________//____________/        
                                                                                
====================================[ Qcore ]===================================

 Git hash:   7cd5c520b37f7ee862d844b1504bc4191dc47444
 Git date:   Tue, 4 May 2021 13:25:05 +0100
 Compiler:   GNU 9.1.0
 Build type: Release
 Version:    1.2.0

 Start time: Mon May 17 12:01:45 2021

 Data directory: /home/of15641/.local/src/Qcore/release/share/entos/1.2.0/data
 Number of threads: 1
 Number of threads was determined by: command line argument
  - More threads can be used by running 'qcore -n 24'

 --------------------------------------------------------------------------------
                                  command: bchla                                 
 --------------------------------------------------------------------------------
Mg s eff H
  -0.3103

 SCF converged in 1 iterations.

 Setting up Delta-SCF
 Ground-Excited state overlap:           0.000000000
 No correction applied to the TDM.
 Excitation energy:                      0.076977287
 Excitation energy (in eV):              2.094658680
 Transition dipole:                     -2.53259      -0.22349       0.66996
Mg s
          149          152          178          381          383          405          406          408
Mg p
          219          230          299          308          312          327          333          334          339          340          345          347          350          352          356          357          360          361          362          363          366          367          369          373          375          382          384
Mg d
          204          205          206          208          214          219          226          229          230          236          237          240          242          245          246          247          337          345          347          350          352          356          360          363          364          367          378          382          405
 Saving results in set 'frame_1727'

 --------------------------------------------------------------------------------

 End time:                               Mon May 17 12:01:46 2021
 Total wall-clock time:                  0.875 seconds
==================================================================================
