
================================================================================
          _____________ ________ _______________ ________     _________         
         / ___________// ______ \\_____   _____// ______ \   / ________)        
        / /_________  / /      \ \     | |     / /      \ \ | (_______          
       |  __________|| |        | |    | |    | |        | | \________ \        
        \ \_________ | |        | |    | |     \ \______/ /___________) |       
         \__________||_|        |_|    |_|      \________//____________/        
                                                                                
====================================[ Qcore ]===================================

 Git hash:   7cd5c520b37f7ee862d844b1504bc4191dc47444
 Git date:   Tue, 4 May 2021 13:25:05 +0100
 Compiler:   GNU 9.1.0
 Build type: Release
 Version:    1.2.0

 Start time: Mon May 17 12:52:39 2021

 Data directory: /home/of15641/.local/src/Qcore/release/share/entos/1.2.0/data
 Number of threads: 1
 Number of threads was determined by: command line argument
  - More threads can be used by running 'qcore -n 24'

 --------------------------------------------------------------------------------
                                  command: bchla                                 
 --------------------------------------------------------------------------------
Mg s eff H
  -0.3103

 SCF converged in 1 iterations.

 Setting up Delta-SCF
 Ground-Excited state overlap:          -0.000000000
 No correction applied to the TDM.
 Excitation energy:                      0.077924492
 Excitation energy (in eV):              2.120433460
 Transition dipole:                      2.82578       0.79641      -0.21252
Mg s
          152          177          178          387          396          399          402          404          405          406          407          408
Mg p
          222          243          302          308          317          326          329          334          336          339          343          350          351          353          354          357          361          362          363          364          365          366          368          371          379          380          384          385          391          399
Mg d
          304          305          329          334          343          345          348          351          353          354          357          360          361          363          364          366          368          373          376          378          379          380          382          385          407
 Saving results in set 'frame_968'

 --------------------------------------------------------------------------------

 End time:                               Mon May 17 12:52:40 2021
 Total wall-clock time:                  0.495 seconds
==================================================================================
