
================================================================================
          _____________ ________ _______________ ________     _________         
         / ___________// ______ \\_____   _____// ______ \   / ________)        
        / /_________  / /      \ \     | |     / /      \ \ | (_______          
       |  __________|| |        | |    | |    | |        | | \________ \        
        \ \_________ | |        | |    | |     \ \______/ /___________) |       
         \__________||_|        |_|    |_|      \________//____________/        
                                                                                
====================================[ Qcore ]===================================

 Git hash:   7cd5c520b37f7ee862d844b1504bc4191dc47444
 Git date:   Tue, 4 May 2021 13:25:05 +0100
 Compiler:   GNU 9.1.0
 Build type: Release
 Version:    1.2.0

 Start time: Mon May 17 12:43:01 2021

 Data directory: /home/of15641/.local/src/Qcore/release/share/entos/1.2.0/data
 Number of threads: 1
 Number of threads was determined by: command line argument
  - More threads can be used by running 'qcore -n 24'

 --------------------------------------------------------------------------------
                                  command: bchla                                 
 --------------------------------------------------------------------------------
Mg s eff H
  -0.3103

 SCF converged in 1 iterations.

 Setting up Delta-SCF
 Ground-Excited state overlap:           0.000000000
 No correction applied to the TDM.
 Excitation energy:                      0.078642622
 Excitation energy (in eV):              2.139974755
 Transition dipole:                     -3.22331      -1.04595       1.62143
Mg s
          149          150          178          179          377          380          404          405          406          408
Mg p
          216          219          221          236          241          245          271          305          311          325          331          341          344          348          353          357          359          360          361          363          367          368          370          371          372          376          377          380          381          385          387
Mg d
          241          303          314          318          321          325          329          331          333          334          341          344          346          349          353          356          357          359          360          361          368          370          371          372          376          377          380          387          395          396          405          406
 Saving results in set 'frame_810'

 --------------------------------------------------------------------------------

 End time:                               Mon May 17 12:43:02 2021
 Total wall-clock time:                  0.574 seconds
==================================================================================
