
================================================================================
          _____________ ________ _______________ ________     _________         
         / ___________// ______ \\_____   _____// ______ \   / ________)        
        / /_________  / /      \ \     | |     / /      \ \ | (_______          
       |  __________|| |        | |    | |    | |        | | \________ \        
        \ \_________ | |        | |    | |     \ \______/ /___________) |       
         \__________||_|        |_|    |_|      \________//____________/        
                                                                                
====================================[ Qcore ]===================================

 Git hash:   7cd5c520b37f7ee862d844b1504bc4191dc47444
 Git date:   Tue, 4 May 2021 13:25:05 +0100
 Compiler:   GNU 9.1.0
 Build type: Release
 Version:    1.2.0

 Start time: Mon May 17 12:11:26 2021

 Data directory: /home/of15641/.local/src/Qcore/release/share/entos/1.2.0/data
 Number of threads: 1
 Number of threads was determined by: command line argument
  - More threads can be used by running 'qcore -n 24'

 --------------------------------------------------------------------------------
                                  command: bchla                                 
 --------------------------------------------------------------------------------
Mg s eff H
  -0.3102

 SCF converged in 1 iterations.

 Setting up Delta-SCF
 Ground-Excited state overlap:          -0.000000000
 No correction applied to the TDM.
 Excitation energy:                      0.076988582
 Excitation energy (in eV):              2.094966034
 Transition dipole:                     -1.18182      -0.22362       3.25510
Mg s
          151          179          376          405          407          408
Mg p
          205          208          213          226          231          240          241          244          268          320          323          331          337          339          341          345          347          349          350          352          356          361          366          370          371          376          380          383          405          407          408
Mg d
          315          323          331          339          347          352          355          357          361          366          368          370          372          376          379          380          383          407
 Saving results in set 'frame_1918'

 --------------------------------------------------------------------------------

 End time:                               Mon May 17 12:11:27 2021
 Total wall-clock time:                  0.517 seconds
==================================================================================
