
================================================================================
          _____________ ________ _______________ ________     _________         
         / ___________// ______ \\_____   _____// ______ \   / ________)        
        / /_________  / /      \ \     | |     / /      \ \ | (_______          
       |  __________|| |        | |    | |    | |        | | \________ \        
        \ \_________ | |        | |    | |     \ \______/ /___________) |       
         \__________||_|        |_|    |_|      \________//____________/        
                                                                                
====================================[ Qcore ]===================================

 Git hash:   7cd5c520b37f7ee862d844b1504bc4191dc47444
 Git date:   Tue, 4 May 2021 13:25:05 +0100
 Compiler:   GNU 9.1.0
 Build type: Release
 Version:    1.2.0

 Start time: Mon May 17 12:14:37 2021

 Data directory: /home/of15641/.local/src/Qcore/release/share/entos/1.2.0/data
 Number of threads: 1
 Number of threads was determined by: command line argument
  - More threads can be used by running 'qcore -n 24'

 --------------------------------------------------------------------------------
                                  command: bchla                                 
 --------------------------------------------------------------------------------
Mg s eff H
  -0.3103

 SCF converged in 1 iterations.

 Setting up Delta-SCF
 Ground-Excited state overlap:          -0.000000000
 No correction applied to the TDM.
 Excitation energy:                      0.078015788
 Excitation energy (in eV):              2.122917728
 Transition dipole:                      1.63244       1.76642       1.35805
Mg s
          151          177          178          179          373          380          396          399          403          404          406
Mg p
          158          236          243          247          267          269          297          327          332          347          348          350          354          358          360          362          364          368          371          372          373          374          380          382          385          391          395          398          404          406
Mg d
          210          215          226          235          236          243          245          247          251          269          270          336          341          350          354          355          360          361          362          364          368          369          371          377          380          383          385
 Saving results in set 'frame_1962'

 --------------------------------------------------------------------------------

 End time:                               Mon May 17 12:14:38 2021
 Total wall-clock time:                  0.529 seconds
==================================================================================
