
================================================================================
          _____________ ________ _______________ ________     _________         
         / ___________// ______ \\_____   _____// ______ \   / ________)        
        / /_________  / /      \ \     | |     / /      \ \ | (_______          
       |  __________|| |        | |    | |    | |        | | \________ \        
        \ \_________ | |        | |    | |     \ \______/ /___________) |       
         \__________||_|        |_|    |_|      \________//____________/        
                                                                                
====================================[ Qcore ]===================================

 Git hash:   7cd5c520b37f7ee862d844b1504bc4191dc47444
 Git date:   Tue, 4 May 2021 13:25:05 +0100
 Compiler:   GNU 9.1.0
 Build type: Release
 Version:    1.2.0

 Start time: Mon May 17 11:44:28 2021

 Data directory: /home/of15641/.local/src/Qcore/release/share/entos/1.2.0/data
 Number of threads: 1
 Number of threads was determined by: command line argument
  - More threads can be used by running 'qcore -n 24'

 --------------------------------------------------------------------------------
                                  command: bchla                                 
 --------------------------------------------------------------------------------
Mg s eff H
  -0.3102

 SCF converged in 1 iterations.

 Setting up Delta-SCF
 Ground-Excited state overlap:           0.000000000
 No correction applied to the TDM.
 Excitation energy:                      0.075361316
 Excitation energy (in eV):              2.050685879
 Transition dipole:                      2.56495       0.20764       0.56585
Mg s
          152          178          179          180          381          403          404          405          408
Mg p
          157          244          266          270          323          338          340          350          356          357          363          364          366          367          369          370          371          375          376          380          384          387          403
Mg d
          204          207          208          209          211          218          225          229          231          233          234          237          238          240          242          244          245          333          350          352          359          362          364          366          367          369          370          375          376          380          381          404          405
 Saving results in set 'frame_1359'

 --------------------------------------------------------------------------------

 End time:                               Mon May 17 11:44:29 2021
 Total wall-clock time:                  0.547 seconds
==================================================================================
