
================================================================================
          _____________ ________ _______________ ________     _________         
         / ___________// ______ \\_____   _____// ______ \   / ________)        
        / /_________  / /      \ \     | |     / /      \ \ | (_______          
       |  __________|| |        | |    | |    | |        | | \________ \        
        \ \_________ | |        | |    | |     \ \______/ /___________) |       
         \__________||_|        |_|    |_|      \________//____________/        
                                                                                
====================================[ Qcore ]===================================

 Git hash:   7cd5c520b37f7ee862d844b1504bc4191dc47444
 Git date:   Tue, 4 May 2021 13:25:05 +0100
 Compiler:   GNU 9.1.0
 Build type: Release
 Version:    1.2.0

 Start time: Mon May 17 12:01:46 2021

 Data directory: /home/of15641/.local/src/Qcore/release/share/entos/1.2.0/data
 Number of threads: 1
 Number of threads was determined by: command line argument
  - More threads can be used by running 'qcore -n 24'

 --------------------------------------------------------------------------------
                                  command: bchla                                 
 --------------------------------------------------------------------------------
Mg s eff H
  -0.3102

 SCF converged in 1 iterations.

 Setting up Delta-SCF
 Ground-Excited state overlap:           0.000000000
 No correction applied to the TDM.
 Excitation energy:                      0.078748889
 Excitation energy (in eV):              2.142866443
 Transition dipole:                     -2.89866       0.51894       0.94325
Mg s
          150          177          178          404          407          408
Mg p
          159          227          242          307          309          310          325          332          335          337          340          341          342          344          347          348          349          351          352          353          356          359          360          361          363          364          366          369          370          373          375          386          404          407
Mg d
          205          206          211          215          216          227          228          231          232          237          242          243          245          358          360          361          363          369
 Saving results in set 'frame_1737'

 --------------------------------------------------------------------------------

 End time:                               Mon May 17 12:01:47 2021
 Total wall-clock time:                  0.548 seconds
==================================================================================
