
================================================================================
          _____________ ________ _______________ ________     _________         
         / ___________// ______ \\_____   _____// ______ \   / ________)        
        / /_________  / /      \ \     | |     / /      \ \ | (_______          
       |  __________|| |        | |    | |    | |        | | \________ \        
        \ \_________ | |        | |    | |     \ \______/ /___________) |       
         \__________||_|        |_|    |_|      \________//____________/        
                                                                                
====================================[ Qcore ]===================================

 Git hash:   7cd5c520b37f7ee862d844b1504bc4191dc47444
 Git date:   Tue, 4 May 2021 13:25:05 +0100
 Compiler:   GNU 9.1.0
 Build type: Release
 Version:    1.2.0

 Start time: Mon May 17 11:30:12 2021

 Data directory: /home/of15641/.local/src/Qcore/release/share/entos/1.2.0/data
 Number of threads: 1
 Number of threads was determined by: command line argument
  - More threads can be used by running 'qcore -n 24'

 --------------------------------------------------------------------------------
                                  command: bchla                                 
 --------------------------------------------------------------------------------
Mg s eff H
  -0.3102

 SCF converged in 1 iterations.

 Setting up Delta-SCF
 Ground-Excited state overlap:          -0.000000000
 No correction applied to the TDM.
 Excitation energy:                      0.078801878
 Excitation energy (in eV):              2.144308348
 Transition dipole:                      0.96102       0.18884       3.74073
Mg s
          151          153          177          178          179          180          370          378          397          404          405          408
Mg p
          160          267          269          305          318          319          326          327          338          339          340          342          344          346          348          352          354          358          360          362          364          366          370          380          383          384          405
Mg d
          267          269          313          317          318          327          340          346          349          352          363          364          366          367          369          370          373          374          378          380          381          383          384          386          387          395          397          398          404          405          408
 Saving results in set 'frame_1085'

 --------------------------------------------------------------------------------

 End time:                               Mon May 17 11:30:12 2021
 Total wall-clock time:                  0.680 seconds
==================================================================================
