
================================================================================
          _____________ ________ _______________ ________     _________         
         / ___________// ______ \\_____   _____// ______ \   / ________)        
        / /_________  / /      \ \     | |     / /      \ \ | (_______          
       |  __________|| |        | |    | |    | |        | | \________ \        
        \ \_________ | |        | |    | |     \ \______/ /___________) |       
         \__________||_|        |_|    |_|      \________//____________/        
                                                                                
====================================[ Qcore ]===================================

 Git hash:   7cd5c520b37f7ee862d844b1504bc4191dc47444
 Git date:   Tue, 4 May 2021 13:25:05 +0100
 Compiler:   GNU 9.1.0
 Build type: Release
 Version:    1.2.0

 Start time: Mon May 17 12:36:51 2021

 Data directory: /home/of15641/.local/src/Qcore/release/share/entos/1.2.0/data
 Number of threads: 1
 Number of threads was determined by: command line argument
  - More threads can be used by running 'qcore -n 28'

 --------------------------------------------------------------------------------
                                  command: bchla                                 
 --------------------------------------------------------------------------------
Mg s eff H
  -0.3102

 SCF converged in 1 iterations.

 Setting up Delta-SCF
 Ground-Excited state overlap:          -0.000000000
 No correction applied to the TDM.
 Excitation energy:                      0.079498512
 Excitation energy (in eV):              2.163264727
 Transition dipole:                     -1.58921       1.18020       2.70454
Mg s
          151          152          178          179          180          402          405          406          408
Mg p
          205          208          212          217          227          228          236          242          320          322          336          341          345          346          347          349          353          357          358          361          362          364          369          370          371          373          376          377          383          386          393          395          405          406
Mg d
          205          208          212          217          227          228          236          242          328          332          336          340          341          349          354          357          358          361          364          367          370          371          374          376          377          381          393          399          408
 Saving results in set 'frame_685'

 --------------------------------------------------------------------------------

 End time:                               Mon May 17 12:36:52 2021
 Total wall-clock time:                  0.939 seconds
==================================================================================
