
================================================================================
          _____________ ________ _______________ ________     _________         
         / ___________// ______ \\_____   _____// ______ \   / ________)        
        / /_________  / /      \ \     | |     / /      \ \ | (_______          
       |  __________|| |        | |    | |    | |        | | \________ \        
        \ \_________ | |        | |    | |     \ \______/ /___________) |       
         \__________||_|        |_|    |_|      \________//____________/        
                                                                                
====================================[ Qcore ]===================================

 Git hash:   7cd5c520b37f7ee862d844b1504bc4191dc47444
 Git date:   Tue, 4 May 2021 13:25:05 +0100
 Compiler:   GNU 9.1.0
 Build type: Release
 Version:    1.2.0

 Start time: Mon May 17 12:52:42 2021

 Data directory: /home/of15641/.local/src/Qcore/release/share/entos/1.2.0/data
 Number of threads: 1
 Number of threads was determined by: command line argument
  - More threads can be used by running 'qcore -n 24'

 --------------------------------------------------------------------------------
                                  command: bchla                                 
 --------------------------------------------------------------------------------
Mg s eff H
  -0.3102

 SCF converged in 1 iterations.

 Setting up Delta-SCF
 Ground-Excited state overlap:          -0.000000000
 No correction applied to the TDM.
 Excitation energy:                      0.074124958
 Excitation energy (in eV):              2.017042860
 Transition dipole:                     -2.42980      -0.41869       2.01600
Mg s
          150          177          179          375          386          393          397          400          402          403          404          406          407
Mg p
          225          237          241          243          245          249          267          268          321          334          347          351          355          359          361          363          365          368          369          372          374          375          376          379          382          383          386          387          392          397          402
Mg d
          237          265          267          268          313          330          334          336          341          344          346          347          349          351          355          359          365          366          368          369          372          374          375          376          378          381          382          386          387          401          403
 Saving results in set 'frame_98'

 --------------------------------------------------------------------------------

 End time:                               Mon May 17 12:52:42 2021
 Total wall-clock time:                  0.506 seconds
==================================================================================
