
================================================================================
          _____________ ________ _______________ ________     _________         
         / ___________// ______ \\_____   _____// ______ \   / ________)        
        / /_________  / /      \ \     | |     / /      \ \ | (_______          
       |  __________|| |        | |    | |    | |        | | \________ \        
        \ \_________ | |        | |    | |     \ \______/ /___________) |       
         \__________||_|        |_|    |_|      \________//____________/        
                                                                                
====================================[ Qcore ]===================================

 Git hash:   7cd5c520b37f7ee862d844b1504bc4191dc47444
 Git date:   Tue, 4 May 2021 13:25:05 +0100
 Compiler:   GNU 9.1.0
 Build type: Release
 Version:    1.2.0

 Start time: Mon May 17 11:58:21 2021

 Data directory: /home/of15641/.local/src/Qcore/release/share/entos/1.2.0/data
 Number of threads: 1
 Number of threads was determined by: command line argument
  - More threads can be used by running 'qcore -n 24'

 --------------------------------------------------------------------------------
                                  command: bchla                                 
 --------------------------------------------------------------------------------
Mg s eff H
  -0.3104

 SCF converged in 1 iterations.

 Setting up Delta-SCF
 Ground-Excited state overlap:           0.000000000
 No correction applied to the TDM.
 Excitation energy:                      0.078228655
 Excitation energy (in eV):              2.128710139
 Transition dipole:                      0.61376       2.17526       2.04449
Mg s
          148          176          178          399          401          403          404          405          406          408
Mg p
          158          242          307          312          322          324          326          332          339          342          346          351          353          355          356          357          358          360          362          367          368          369          376          379          380          384          386          406
Mg d
          213          214          217          219          220          228          230          234          242          244          247          250          251          252          307          321          332          342          345          346          353          355          357          367          368          369          371          375          376          377          380          382          384          388          392
 Saving results in set 'frame_1611'

 --------------------------------------------------------------------------------

 End time:                               Mon May 17 11:58:22 2021
 Total wall-clock time:                  0.526 seconds
==================================================================================
