
================================================================================
          _____________ ________ _______________ ________     _________         
         / ___________// ______ \\_____   _____// ______ \   / ________)        
        / /_________  / /      \ \     | |     / /      \ \ | (_______          
       |  __________|| |        | |    | |    | |        | | \________ \        
        \ \_________ | |        | |    | |     \ \______/ /___________) |       
         \__________||_|        |_|    |_|      \________//____________/        
                                                                                
====================================[ Qcore ]===================================

 Git hash:   7cd5c520b37f7ee862d844b1504bc4191dc47444
 Git date:   Tue, 4 May 2021 13:25:05 +0100
 Compiler:   GNU 9.1.0
 Build type: Release
 Version:    1.2.0

 Start time: Mon May 17 12:39:45 2021

 Data directory: /home/of15641/.local/src/Qcore/release/share/entos/1.2.0/data
 Number of threads: 1
 Number of threads was determined by: command line argument
  - More threads can be used by running 'qcore -n 24'

 --------------------------------------------------------------------------------
                                  command: bchla                                 
 --------------------------------------------------------------------------------
Mg s eff H
  -0.3101

 SCF converged in 1 iterations.

 Setting up Delta-SCF
 Ground-Excited state overlap:           0.000000000
 No correction applied to the TDM.
 Excitation energy:                      0.080240859
 Excitation energy (in eV):              2.183465005
 Transition dipole:                      1.44002      -0.23503      -2.92242
Mg s
          153          178          179          180          391          400          406          407          408
Mg p
          216          218          228          230          231          242          244          266          336          354          361          364          367          369          373          374          376          377          378          381          382          383          387          395          407          408
Mg d
          218          242          244          266          272          314          319          327          335          336          338          344          345          347          352          358          361          364          365          373          374          376          377          381          382          383          392          393          406          407
 Saving results in set 'frame_696'

 --------------------------------------------------------------------------------

 End time:                               Mon May 17 12:39:45 2021
 Total wall-clock time:                  0.538 seconds
==================================================================================
