
================================================================================
          _____________ ________ _______________ ________     _________         
         / ___________// ______ \\_____   _____// ______ \   / ________)        
        / /_________  / /      \ \     | |     / /      \ \ | (_______          
       |  __________|| |        | |    | |    | |        | | \________ \        
        \ \_________ | |        | |    | |     \ \______/ /___________) |       
         \__________||_|        |_|    |_|      \________//____________/        
                                                                                
====================================[ Qcore ]===================================

 Git hash:   7cd5c520b37f7ee862d844b1504bc4191dc47444
 Git date:   Tue, 4 May 2021 13:25:05 +0100
 Compiler:   GNU 9.1.0
 Build type: Release
 Version:    1.2.0

 Start time: Mon May 17 12:24:15 2021

 Data directory: /home/of15641/.local/src/Qcore/release/share/entos/1.2.0/data
 Number of threads: 1
 Number of threads was determined by: command line argument
  - More threads can be used by running 'qcore -n 24'

 --------------------------------------------------------------------------------
                                  command: bchla                                 
 --------------------------------------------------------------------------------
Mg s eff H
  -0.3105

 SCF converged in 1 iterations.

 Setting up Delta-SCF
 Ground-Excited state overlap:          -0.000000000
 No correction applied to the TDM.
 Excitation energy:                      0.076540834
 Excitation energy (in eV):              2.082782206
 Transition dipole:                      1.89490       2.66947       1.37642
Mg s
          146          152          177          178          180          368          369          382          398          402          403          405          408
Mg p
          207          213          214          216          217          222          229          232          235          239          240          241          242          243          244          336          339          343          345          346          347          348          352          354          355          358          359          360          361          363          368          370          373          375
Mg d
          159          240          266          304          305          313          320          327          329          336          342          343          344          345          346          347          348          351          352          353          354          355          356          360          366          368          369          374          375          378          388          391
 Saving results in set 'frame_376'

 --------------------------------------------------------------------------------

 End time:                               Mon May 17 12:24:15 2021
 Total wall-clock time:                  0.539 seconds
==================================================================================
