
================================================================================
          _____________ ________ _______________ ________     _________         
         / ___________// ______ \\_____   _____// ______ \   / ________)        
        / /_________  / /      \ \     | |     / /      \ \ | (_______          
       |  __________|| |        | |    | |    | |        | | \________ \        
        \ \_________ | |        | |    | |     \ \______/ /___________) |       
         \__________||_|        |_|    |_|      \________//____________/        
                                                                                
====================================[ Qcore ]===================================

 Git hash:   7cd5c520b37f7ee862d844b1504bc4191dc47444
 Git date:   Tue, 4 May 2021 13:25:05 +0100
 Compiler:   GNU 9.1.0
 Build type: Release
 Version:    1.2.0

 Start time: Mon May 17 12:04:59 2021

 Data directory: /home/of15641/.local/src/Qcore/release/share/entos/1.2.0/data
 Number of threads: 1
 Number of threads was determined by: command line argument
  - More threads can be used by running 'qcore -n 24'

 --------------------------------------------------------------------------------
                                  command: bchla                                 
 --------------------------------------------------------------------------------
Mg s eff H
  -0.3101

 SCF converged in 1 iterations.

 Setting up Delta-SCF
 Ground-Excited state overlap:           0.000000000
 No correction applied to the TDM.
 Excitation energy:                      0.078432152
 Excitation energy (in eV):              2.134247584
 Transition dipole:                      1.39793       2.90886       1.86196
Mg s
          143          151          178          179          180          387          401          404          405          406          407          408
Mg p
          206          223          229          241          245          248          249          267          268          269          347          356          361          362          364          365          372          375          376          380          384          392          394          395
Mg d
          206          223          241          245          248          249          266          267          268          332          345          349          355          356          361          362          363          364          366          368          369          372          381          387          389          392          404
 Saving results in set 'frame_1796'

 --------------------------------------------------------------------------------

 End time:                               Mon May 17 12:05:00 2021
 Total wall-clock time:                  0.609 seconds
==================================================================================
