
================================================================================
          _____________ ________ _______________ ________     _________         
         / ___________// ______ \\_____   _____// ______ \   / ________)        
        / /_________  / /      \ \     | |     / /      \ \ | (_______          
       |  __________|| |        | |    | |    | |        | | \________ \        
        \ \_________ | |        | |    | |     \ \______/ /___________) |       
         \__________||_|        |_|    |_|      \________//____________/        
                                                                                
====================================[ Qcore ]===================================

 Git hash:   7cd5c520b37f7ee862d844b1504bc4191dc47444
 Git date:   Tue, 4 May 2021 13:25:05 +0100
 Compiler:   GNU 9.1.0
 Build type: Release
 Version:    1.2.0

 Start time: Mon May 17 12:27:19 2021

 Data directory: /home/of15641/.local/src/Qcore/release/share/entos/1.2.0/data
 Number of threads: 1
 Number of threads was determined by: command line argument
  - More threads can be used by running 'qcore -n 24'

 --------------------------------------------------------------------------------
                                  command: bchla                                 
 --------------------------------------------------------------------------------
Mg s eff H
  -0.3103

 SCF converged in 1 iterations.

 Setting up Delta-SCF
 Ground-Excited state overlap:          -0.000000000
 No correction applied to the TDM.
 Excitation energy:                      0.060481035
 Excitation energy (in eV):              1.645772792
 Transition dipole:                     -0.10649       0.70612       1.38419
Mg s
          152          177          178          353          367          395          398          403          405          408
Mg p
          159          234          270          307          308          310          324          330          331          334          341          343          347          348          349          350          354          357          360          362          368          370          373          378          381          384          386          389          390          403          405
Mg d
          206          221          226          234          240          266          267          290          312          314          320          321          322          324          331          334          337          340          341          343          347          348          349          352          353          354          355          357          360          362          368          375          376          395          403          408
 Saving results in set 'frame_421'

 --------------------------------------------------------------------------------

 End time:                               Mon May 17 12:27:19 2021
 Total wall-clock time:                  0.525 seconds
==================================================================================
