
================================================================================
          _____________ ________ _______________ ________     _________         
         / ___________// ______ \\_____   _____// ______ \   / ________)        
        / /_________  / /      \ \     | |     / /      \ \ | (_______          
       |  __________|| |        | |    | |    | |        | | \________ \        
        \ \_________ | |        | |    | |     \ \______/ /___________) |       
         \__________||_|        |_|    |_|      \________//____________/        
                                                                                
====================================[ Qcore ]===================================

 Git hash:   7cd5c520b37f7ee862d844b1504bc4191dc47444
 Git date:   Tue, 4 May 2021 13:25:05 +0100
 Compiler:   GNU 9.1.0
 Build type: Release
 Version:    1.2.0

 Start time: Mon May 17 12:08:08 2021

 Data directory: /home/of15641/.local/src/Qcore/release/share/entos/1.2.0/data
 Number of threads: 1
 Number of threads was determined by: command line argument
  - More threads can be used by running 'qcore -n 24'

 --------------------------------------------------------------------------------
                                  command: bchla                                 
 --------------------------------------------------------------------------------
Mg s eff H
  -0.3101

 SCF converged in 1 iterations.

 Setting up Delta-SCF
 Ground-Excited state overlap:          -0.000000000
 No correction applied to the TDM.
 Excitation energy:                      0.077408143
 Excitation energy (in eV):              2.106382891
 Transition dipole:                      1.51984      -2.95527      -1.24139
Mg s
          150          178          179          180          404          405          407
Mg p
          159          232          243          317          331          336          339          344          346          348          353          356          357          361          364          366          367          369          373          374          383          386          389
Mg d
          203          212          214          219          223          226          227          228          230          232          234          235          238          240          242          243          245          246          346          350          354          361          362          365          366          371          374          386          389
 Saving results in set 'frame_182'

 --------------------------------------------------------------------------------

 End time:                               Mon May 17 12:08:08 2021
 Total wall-clock time:                  0.515 seconds
==================================================================================
