
================================================================================
          _____________ ________ _______________ ________     _________         
         / ___________// ______ \\_____   _____// ______ \   / ________)        
        / /_________  / /      \ \     | |     / /      \ \ | (_______          
       |  __________|| |        | |    | |    | |        | | \________ \        
        \ \_________ | |        | |    | |     \ \______/ /___________) |       
         \__________||_|        |_|    |_|      \________//____________/        
                                                                                
====================================[ Qcore ]===================================

 Git hash:   7cd5c520b37f7ee862d844b1504bc4191dc47444
 Git date:   Tue, 4 May 2021 13:25:05 +0100
 Compiler:   GNU 9.1.0
 Build type: Release
 Version:    1.2.0

 Start time: Mon May 17 11:51:26 2021

 Data directory: /home/of15641/.local/src/Qcore/release/share/entos/1.2.0/data
 Number of threads: 1
 Number of threads was determined by: command line argument
  - More threads can be used by running 'qcore -n 24'

 --------------------------------------------------------------------------------
                                  command: bchla                                 
 --------------------------------------------------------------------------------
Mg s eff H
  -0.3104

 SCF converged in 1 iterations.

 Setting up Delta-SCF
 Ground-Excited state overlap:           0.000000000
 No correction applied to the TDM.
 Excitation energy:                      0.081810974
 Excitation energy (in eV):              2.226190023
 Transition dipole:                      2.25093      -1.12912      -1.92110
Mg s
          152          178          179          385          388          392          398          402          405
Mg p
          159          209          211          217          226          235          239          242          271          320          321          335          339          348          349          350          353          354          355          356          357          358          359          362          363          365          367          370          371          372          373          376          378          386          393
Mg d
          268          314          318          320          321          326          328          340          342          343          345          348          349          352          353          357          358          359          360          362          363          365          367          369          371          375          376          377          381          382          392          394          396          405          408
 Saving results in set 'frame_1481'

 --------------------------------------------------------------------------------

 End time:                               Mon May 17 11:51:27 2021
 Total wall-clock time:                  0.501 seconds
==================================================================================
