
================================================================================
          _____________ ________ _______________ ________     _________         
         / ___________// ______ \\_____   _____// ______ \   / ________)        
        / /_________  / /      \ \     | |     / /      \ \ | (_______          
       |  __________|| |        | |    | |    | |        | | \________ \        
        \ \_________ | |        | |    | |     \ \______/ /___________) |       
         \__________||_|        |_|    |_|      \________//____________/        
                                                                                
====================================[ Qcore ]===================================

 Git hash:   7cd5c520b37f7ee862d844b1504bc4191dc47444
 Git date:   Tue, 4 May 2021 13:25:05 +0100
 Compiler:   GNU 9.1.0
 Build type: Release
 Version:    1.2.0

 Start time: Mon May 17 11:47:54 2021

 Data directory: /home/of15641/.local/src/Qcore/release/share/entos/1.2.0/data
 Number of threads: 1
 Number of threads was determined by: command line argument
  - More threads can be used by running 'qcore -n 24'

 --------------------------------------------------------------------------------
                                  command: bchla                                 
 --------------------------------------------------------------------------------
Mg s eff H
  -0.3103

 SCF converged in 1 iterations.

 Setting up Delta-SCF
 Ground-Excited state overlap:           0.000000000
 No correction applied to the TDM.
 Excitation energy:                      0.076155891
 Excitation energy (in eV):              2.072307357
 Transition dipole:                      2.56828       0.37958      -1.29662
Mg s
          152          178          384          390          404          406          407          408
Mg p
          208          216          227          228          235          237          241          309          325          326          327          329          333          338          340          350          353          354          356          363          365          367          369          370          371          373          381          406
Mg d
          208          210          215          216          218          227          228          235          237          240          241          326          329          333          338          340          350          353          354          363          365          367          369          371          406
 Saving results in set 'frame_1407'

 --------------------------------------------------------------------------------

 End time:                               Mon May 17 11:47:55 2021
 Total wall-clock time:                  0.536 seconds
==================================================================================
