
================================================================================
          _____________ ________ _______________ ________     _________         
         / ___________// ______ \\_____   _____// ______ \   / ________)        
        / /_________  / /      \ \     | |     / /      \ \ | (_______          
       |  __________|| |        | |    | |    | |        | | \________ \        
        \ \_________ | |        | |    | |     \ \______/ /___________) |       
         \__________||_|        |_|    |_|      \________//____________/        
                                                                                
====================================[ Qcore ]===================================

 Git hash:   7cd5c520b37f7ee862d844b1504bc4191dc47444
 Git date:   Tue, 4 May 2021 13:25:05 +0100
 Compiler:   GNU 9.1.0
 Build type: Release
 Version:    1.2.0

 Start time: Mon May 17 11:51:32 2021

 Data directory: /home/of15641/.local/src/Qcore/release/share/entos/1.2.0/data
 Number of threads: 1
 Number of threads was determined by: command line argument
  - More threads can be used by running 'qcore -n 24'

 --------------------------------------------------------------------------------
                                  command: bchla                                 
 --------------------------------------------------------------------------------
Mg s eff H
  -0.3100

 SCF converged in 1 iterations.

 Setting up Delta-SCF
 Ground-Excited state overlap:          -0.000000000
 No correction applied to the TDM.
 Excitation energy:                      0.078848303
 Excitation energy (in eV):              2.145571628
 Transition dipole:                     -2.86097       0.48562      -1.31302
Mg s
          140          147          179          180          181          392          393          403          406          407          408
Mg p
          226          227          243          270          318          319          321          327          331          346          351          353          357          358          360          361          362          363          366          369          370          372          374          377          386          389          392          393          398
Mg d
          205          207          212          213          226          227          235          236          243          247          334          346          351          353          357          358          360          361          363          377          379          396          408
 Saving results in set 'frame_1537'

 --------------------------------------------------------------------------------

 End time:                               Mon May 17 11:51:32 2021
 Total wall-clock time:                  0.555 seconds
==================================================================================
