
================================================================================
          _____________ ________ _______________ ________     _________         
         / ___________// ______ \\_____   _____// ______ \   / ________)        
        / /_________  / /      \ \     | |     / /      \ \ | (_______          
       |  __________|| |        | |    | |    | |        | | \________ \        
        \ \_________ | |        | |    | |     \ \______/ /___________) |       
         \__________||_|        |_|    |_|      \________//____________/        
                                                                                
====================================[ Qcore ]===================================

 Git hash:   7cd5c520b37f7ee862d844b1504bc4191dc47444
 Git date:   Tue, 4 May 2021 13:25:05 +0100
 Compiler:   GNU 9.1.0
 Build type: Release
 Version:    1.2.0

 Start time: Mon May 17 12:52:39 2021

 Data directory: /home/of15641/.local/src/Qcore/release/share/entos/1.2.0/data
 Number of threads: 1
 Number of threads was determined by: command line argument
  - More threads can be used by running 'qcore -n 24'

 --------------------------------------------------------------------------------
                                  command: bchla                                 
 --------------------------------------------------------------------------------
Mg s eff H
  -0.3102

 SCF converged in 1 iterations.

 Setting up Delta-SCF
 Ground-Excited state overlap:           0.000000000
 No correction applied to the TDM.
 Excitation energy:                      0.071726278
 Excitation energy (in eV):              1.951771456
 Transition dipole:                      1.47916       1.02060      -1.92102
Mg s
          147          152          178          179          374          392          402          405          406          407
Mg p
          242          244          271          324          326          332          333          342          352          359          360          363          364          367          369          370          372          374          376          377          386          387          390          392          402          407
Mg d
          242          244          266          270          306          310          325          339          347          349          352          359          360          361          363          367          369          370          372          374          376          380          381          382          384          390          392
 Saving results in set 'frame_964'

 --------------------------------------------------------------------------------

 End time:                               Mon May 17 12:52:40 2021
 Total wall-clock time:                  0.551 seconds
==================================================================================
