
================================================================================
          _____________ ________ _______________ ________     _________         
         / ___________// ______ \\_____   _____// ______ \   / ________)        
        / /_________  / /      \ \     | |     / /      \ \ | (_______          
       |  __________|| |        | |    | |    | |        | | \________ \        
        \ \_________ | |        | |    | |     \ \______/ /___________) |       
         \__________||_|        |_|    |_|      \________//____________/        
                                                                                
====================================[ Qcore ]===================================

 Git hash:   7cd5c520b37f7ee862d844b1504bc4191dc47444
 Git date:   Tue, 4 May 2021 13:25:05 +0100
 Compiler:   GNU 9.1.0
 Build type: Release
 Version:    1.2.0

 Start time: Mon May 17 12:17:54 2021

 Data directory: /home/of15641/.local/src/Qcore/release/share/entos/1.2.0/data
 Number of threads: 1
 Number of threads was determined by: command line argument
  - More threads can be used by running 'qcore -n 24'

 --------------------------------------------------------------------------------
                                  command: bchla                                 
 --------------------------------------------------------------------------------
Mg s eff H
  -0.3100

 SCF converged in 1 iterations.

 Setting up Delta-SCF
 Ground-Excited state overlap:           0.000000000
 No correction applied to the TDM.
 Excitation energy:                      0.072567551
 Excitation energy (in eV):              1.974663656
 Transition dipole:                     -3.02023       0.45712      -0.45122
Mg s
          149          151          177          178          179          393          404          405          406          408
Mg p
          329          332          340          346          351          352          354          355          359          362          363          364          367          371          372          375          376          380          382          393          401
Mg d
          203          205          217          219          228          229          230          233          235          238          241          242          243          244          249          351          359          370
 Saving results in set 'frame_252'

 --------------------------------------------------------------------------------

 End time:                               Mon May 17 12:17:54 2021
 Total wall-clock time:                  0.497 seconds
==================================================================================
