
================================================================================
          _____________ ________ _______________ ________     _________         
         / ___________// ______ \\_____   _____// ______ \   / ________)        
        / /_________  / /      \ \     | |     / /      \ \ | (_______          
       |  __________|| |        | |    | |    | |        | | \________ \        
        \ \_________ | |        | |    | |     \ \______/ /___________) |       
         \__________||_|        |_|    |_|      \________//____________/        
                                                                                
====================================[ Qcore ]===================================

 Git hash:   7cd5c520b37f7ee862d844b1504bc4191dc47444
 Git date:   Tue, 4 May 2021 13:25:05 +0100
 Compiler:   GNU 9.1.0
 Build type: Release
 Version:    1.2.0

 Start time: Mon May 17 11:40:50 2021

 Data directory: /home/of15641/.local/src/Qcore/release/share/entos/1.2.0/data
 Number of threads: 1
 Number of threads was determined by: command line argument
  - More threads can be used by running 'qcore -n 24'

 --------------------------------------------------------------------------------
                                  command: bchla                                 
 --------------------------------------------------------------------------------
Mg s eff H
  -0.3101

 SCF converged in 1 iterations.

 Setting up Delta-SCF
 Ground-Excited state overlap:          -0.000000000
 No correction applied to the TDM.
 Excitation energy:                      0.077132675
 Excitation energy (in eV):              2.098887023
 Transition dipole:                      0.84434       3.64652      -0.73389
Mg s
          149          178          179          181          365          401          404          406          407          408
Mg p
          227          241          243          247          267          337          345          348          349          355          360          363          365          369          370          375          376          378          379          385          398          403          404          406          407          408
Mg d
          179          206          207          215          216          218          219          227          228          233          236          241          243          247          267          337          349          360          363          365          367          369          370          376          378          379          398          403          406          407
 Saving results in set 'frame_1275'

 --------------------------------------------------------------------------------

 End time:                               Mon May 17 11:40:50 2021
 Total wall-clock time:                  0.546 seconds
==================================================================================
