
================================================================================
          _____________ ________ _______________ ________     _________         
         / ___________// ______ \\_____   _____// ______ \   / ________)        
        / /_________  / /      \ \     | |     / /      \ \ | (_______          
       |  __________|| |        | |    | |    | |        | | \________ \        
        \ \_________ | |        | |    | |     \ \______/ /___________) |       
         \__________||_|        |_|    |_|      \________//____________/        
                                                                                
====================================[ Qcore ]===================================

 Git hash:   7cd5c520b37f7ee862d844b1504bc4191dc47444
 Git date:   Tue, 4 May 2021 13:25:05 +0100
 Compiler:   GNU 9.1.0
 Build type: Release
 Version:    1.2.0

 Start time: Mon May 17 11:47:55 2021

 Data directory: /home/of15641/.local/src/Qcore/release/share/entos/1.2.0/data
 Number of threads: 1
 Number of threads was determined by: command line argument
  - More threads can be used by running 'qcore -n 24'

 --------------------------------------------------------------------------------
                                  command: bchla                                 
 --------------------------------------------------------------------------------
Mg s eff H
  -0.3102

 SCF converged in 1 iterations.

 Setting up Delta-SCF
 Ground-Excited state overlap:          -0.000000000
 No correction applied to the TDM.
 Excitation energy:                      0.078159970
 Excitation energy (in eV):              2.126841122
 Transition dipole:                     -2.86830       1.65347       0.50136
Mg s
          153          178          397          404
Mg p
          158          225          320          326          327          331          332          335          336          340          344          346          348          350          352          353          354          358          361          362          363          369          374          380          382          383          392          399          401          404          408
Mg d
          199          203          207          210          217          219          225          230          236          237          238          240          243          244          340          348          354
 Saving results in set 'frame_1414'

 --------------------------------------------------------------------------------

 End time:                               Mon May 17 11:47:55 2021
 Total wall-clock time:                  0.503 seconds
==================================================================================
