
================================================================================
          _____________ ________ _______________ ________     _________         
         / ___________// ______ \\_____   _____// ______ \   / ________)        
        / /_________  / /      \ \     | |     / /      \ \ | (_______          
       |  __________|| |        | |    | |    | |        | | \________ \        
        \ \_________ | |        | |    | |     \ \______/ /___________) |       
         \__________||_|        |_|    |_|      \________//____________/        
                                                                                
====================================[ Qcore ]===================================

 Git hash:   7cd5c520b37f7ee862d844b1504bc4191dc47444
 Git date:   Tue, 4 May 2021 13:25:05 +0100
 Compiler:   GNU 9.1.0
 Build type: Release
 Version:    1.2.0

 Start time: Mon May 17 12:17:51 2021

 Data directory: /home/of15641/.local/src/Qcore/release/share/entos/1.2.0/data
 Number of threads: 1
 Number of threads was determined by: command line argument
  - More threads can be used by running 'qcore -n 24'

 --------------------------------------------------------------------------------
                                  command: bchla                                 
 --------------------------------------------------------------------------------
Mg s eff H
  -0.3103

 SCF converged in 1 iterations.

 Setting up Delta-SCF
 Ground-Excited state overlap:          -0.000000000
 No correction applied to the TDM.
 Excitation energy:                      0.067226332
 Excitation energy (in eV):              1.829321691
 Transition dipole:                     -2.94470       0.57358      -0.24684
Mg s
          143          149          152          178          180          181          373          384          399          402          404          405          406          407          408
Mg p
          158          267          306          325          327          329          333          335          339          347          349          357          360          361          362          363          364          365          371          373          375          377          379          385          387          392          400          405
Mg d
          206          213          216          217          220          222          226          234          235          240          267          340          345          347          355          357          360          364          365          369          371          373          375          387          392          394
 Saving results in set 'frame_217'

 --------------------------------------------------------------------------------

 End time:                               Mon May 17 12:17:51 2021
 Total wall-clock time:                  0.562 seconds
==================================================================================
