
================================================================================
          _____________ ________ _______________ ________     _________         
         / ___________// ______ \\_____   _____// ______ \   / ________)        
        / /_________  / /      \ \     | |     / /      \ \ | (_______          
       |  __________|| |        | |    | |    | |        | | \________ \        
        \ \_________ | |        | |    | |     \ \______/ /___________) |       
         \__________||_|        |_|    |_|      \________//____________/        
                                                                                
====================================[ Qcore ]===================================

 Git hash:   7cd5c520b37f7ee862d844b1504bc4191dc47444
 Git date:   Tue, 4 May 2021 13:25:05 +0100
 Compiler:   GNU 9.1.0
 Build type: Release
 Version:    1.2.0

 Start time: Mon May 17 11:26:30 2021

 Data directory: /home/of15641/.local/src/Qcore/release/share/entos/1.2.0/data
 Number of threads: 1
 Number of threads was determined by: command line argument
  - More threads can be used by running 'qcore -n 24'

 --------------------------------------------------------------------------------
                                  command: bchla                                 
 --------------------------------------------------------------------------------
Mg s eff H
  -0.3101

 SCF converged in 1 iterations.

 Setting up Delta-SCF
 Ground-Excited state overlap:          -0.000000000
 No correction applied to the TDM.
 Excitation energy:                      0.078024810
 Excitation energy (in eV):              2.123163254
 Transition dipole:                     -1.12529       0.39640      -3.66278
Mg s
          150          178          179          180          395          406          407          408
Mg p
          267          306          307          309          319          335          336          339          343          344          345          346          352          356          358          359          363          364          371          374          375          376          380          384          388          389          406
Mg d
          159          276          314          346          348          352          356          358          359          361          363          364          365          367          371          372          374          376          378          380          384          386          388          390          391          392          398          401
 Saving results in set 'frame_1026'

 --------------------------------------------------------------------------------

 End time:                               Mon May 17 11:26:31 2021
 Total wall-clock time:                  0.626 seconds
==================================================================================
