
================================================================================
          _____________ ________ _______________ ________     _________         
         / ___________// ______ \\_____   _____// ______ \   / ________)        
        / /_________  / /      \ \     | |     / /      \ \ | (_______          
       |  __________|| |        | |    | |    | |        | | \________ \        
        \ \_________ | |        | |    | |     \ \______/ /___________) |       
         \__________||_|        |_|    |_|      \________//____________/        
                                                                                
====================================[ Qcore ]===================================

 Git hash:   7cd5c520b37f7ee862d844b1504bc4191dc47444
 Git date:   Tue, 4 May 2021 13:25:05 +0100
 Compiler:   GNU 9.1.0
 Build type: Release
 Version:    1.2.0

 Start time: Mon May 17 12:30:31 2021

 Data directory: /home/of15641/.local/src/Qcore/release/share/entos/1.2.0/data
 Number of threads: 1
 Number of threads was determined by: command line argument
  - More threads can be used by running 'qcore -n 24'

 --------------------------------------------------------------------------------
                                  command: bchla                                 
 --------------------------------------------------------------------------------
Mg s eff H
  -0.3103

 SCF converged in 1 iterations.

 Setting up Delta-SCF
 Ground-Excited state overlap:           0.000000000
 No correction applied to the TDM.
 Excitation energy:                      0.076916730
 Excitation energy (in eV):              2.093010858
 Transition dipole:                     -0.63029      -2.13308       2.87287
Mg s
          148          153          179          180          181          355          398          404          406
Mg p
          206          208          215          219          221          223          228          229          235          236          237          242          243          245          246          355
Mg d
          158          299          331          332          334          338          346          347          355          361          362          363          365          366          367          369          371          374          375          376          385          386          387          392          400          404          406
 Saving results in set 'frame_529'

 --------------------------------------------------------------------------------

 End time:                               Mon May 17 12:30:31 2021
 Total wall-clock time:                  0.512 seconds
==================================================================================
