
================================================================================
          _____________ ________ _______________ ________     _________         
         / ___________// ______ \\_____   _____// ______ \   / ________)        
        / /_________  / /      \ \     | |     / /      \ \ | (_______          
       |  __________|| |        | |    | |    | |        | | \________ \        
        \ \_________ | |        | |    | |     \ \______/ /___________) |       
         \__________||_|        |_|    |_|      \________//____________/        
                                                                                
====================================[ Qcore ]===================================

 Git hash:   7cd5c520b37f7ee862d844b1504bc4191dc47444
 Git date:   Tue, 4 May 2021 13:25:05 +0100
 Compiler:   GNU 9.1.0
 Build type: Release
 Version:    1.2.0

 Start time: Mon May 17 12:21:03 2021

 Data directory: /home/of15641/.local/src/Qcore/release/share/entos/1.2.0/data
 Number of threads: 1
 Number of threads was determined by: command line argument
  - More threads can be used by running 'qcore -n 24'

 --------------------------------------------------------------------------------
                                  command: bchla                                 
 --------------------------------------------------------------------------------
Mg s eff H
  -0.3102

 SCF converged in 1 iterations.

 Setting up Delta-SCF
 Ground-Excited state overlap:          -0.000000000
 No correction applied to the TDM.
 Excitation energy:                      0.081462400
 Excitation energy (in eV):              2.216704834
 Transition dipole:                     -1.02990      -1.51370      -1.84254
Mg s
          144          152          179          180          181          389          390          393          399          401          405          408
Mg p
          219          226          238          313          317          328          330          338          346          351          352          362          364          365          366          371          373          374          377          381          390          391          397
Mg d
          205          207          215          217          219          226          227          228          234          238          241          242          245          313          328          330          335          337          338          339          341          342          343          346          350          351          352          357          359          360          362          401          405
 Saving results in set 'frame_301'

 --------------------------------------------------------------------------------

 End time:                               Mon May 17 12:21:04 2021
 Total wall-clock time:                  0.566 seconds
==================================================================================
