
================================================================================
          _____________ ________ _______________ ________     _________         
         / ___________// ______ \\_____   _____// ______ \   / ________)        
        / /_________  / /      \ \     | |     / /      \ \ | (_______          
       |  __________|| |        | |    | |    | |        | | \________ \        
        \ \_________ | |        | |    | |     \ \______/ /___________) |       
         \__________||_|        |_|    |_|      \________//____________/        
                                                                                
====================================[ Qcore ]===================================

 Git hash:   7cd5c520b37f7ee862d844b1504bc4191dc47444
 Git date:   Tue, 4 May 2021 13:25:05 +0100
 Compiler:   GNU 9.1.0
 Build type: Release
 Version:    1.2.0

 Start time: Mon May 17 11:47:58 2021

 Data directory: /home/of15641/.local/src/Qcore/release/share/entos/1.2.0/data
 Number of threads: 1
 Number of threads was determined by: command line argument
  - More threads can be used by running 'qcore -n 24'

 --------------------------------------------------------------------------------
                                  command: bchla                                 
 --------------------------------------------------------------------------------
Mg s eff H
  -0.3102

 SCF converged in 1 iterations.

 Setting up Delta-SCF
 Ground-Excited state overlap:          -0.000000000
 No correction applied to the TDM.
 Excitation energy:                      0.076835267
 Excitation energy (in eV):              2.090794127
 Transition dipole:                     -2.55114       2.84289       0.42435
Mg s
          145          150          152          178          179          180          181          386          397          402          405          406          407
Mg p
          215          219          238          240          241          307          311          328          337          339          340          344          347          354          356          357          360          361          362          366          367          369          370          371          372          382          386          389          395          397          408
Mg d
          209          215          218          219          227          228          238          240          241          267          269          340          343          344          347          354          356          357          360          362          366          367          368          369          370          372          382          383          386          395          397          405
 Saving results in set 'frame_1446'

 --------------------------------------------------------------------------------

 End time:                               Mon May 17 11:47:59 2021
 Total wall-clock time:                  0.539 seconds
==================================================================================
