
================================================================================
          _____________ ________ _______________ ________     _________         
         / ___________// ______ \\_____   _____// ______ \   / ________)        
        / /_________  / /      \ \     | |     / /      \ \ | (_______          
       |  __________|| |        | |    | |    | |        | | \________ \        
        \ \_________ | |        | |    | |     \ \______/ /___________) |       
         \__________||_|        |_|    |_|      \________//____________/        
                                                                                
====================================[ Qcore ]===================================

 Git hash:   7cd5c520b37f7ee862d844b1504bc4191dc47444
 Git date:   Tue, 4 May 2021 13:25:05 +0100
 Compiler:   GNU 9.1.0
 Build type: Release
 Version:    1.2.0

 Start time: Mon May 17 11:33:41 2021

 Data directory: /home/of15641/.local/src/Qcore/release/share/entos/1.2.0/data
 Number of threads: 1
 Number of threads was determined by: command line argument
  - More threads can be used by running 'qcore -n 24'

 --------------------------------------------------------------------------------
                                  command: bchla                                 
 --------------------------------------------------------------------------------
Mg s eff H
  -0.3101

 SCF converged in 1 iterations.

 Setting up Delta-SCF
 Ground-Excited state overlap:           0.000000000
 No correction applied to the TDM.
 Excitation energy:                      0.073114558
 Excitation energy (in eV):              1.989548467
 Transition dipole:                      2.45033      -0.51199      -0.81094
Mg s
          149          150          151          179          180          382          395          397          405          406          407          408
Mg p
          158          237          244          245          266          306          332          335          336          337          338          340          342          346          350          351          354          355          362          364          372          373          378          382          399          405          406          407          408
Mg d
          159          226          237          244          245          274          304          323          327          337          342          343          346          350          351          354          359          360          362          364          367          370          372          373          375          378          387          388          407
 Saving results in set 'frame_1177'

 --------------------------------------------------------------------------------

 End time:                               Mon May 17 11:33:41 2021
 Total wall-clock time:                  0.698 seconds
==================================================================================
