
================================================================================
          _____________ ________ _______________ ________     _________         
         / ___________// ______ \\_____   _____// ______ \   / ________)        
        / /_________  / /      \ \     | |     / /      \ \ | (_______          
       |  __________|| |        | |    | |    | |        | | \________ \        
        \ \_________ | |        | |    | |     \ \______/ /___________) |       
         \__________||_|        |_|    |_|      \________//____________/        
                                                                                
====================================[ Qcore ]===================================

 Git hash:   7cd5c520b37f7ee862d844b1504bc4191dc47444
 Git date:   Tue, 4 May 2021 13:25:05 +0100
 Compiler:   GNU 9.1.0
 Build type: Release
 Version:    1.2.0

 Start time: Mon May 17 12:27:19 2021

 Data directory: /home/of15641/.local/src/Qcore/release/share/entos/1.2.0/data
 Number of threads: 1
 Number of threads was determined by: command line argument
  - More threads can be used by running 'qcore -n 24'

 --------------------------------------------------------------------------------
                                  command: bchla                                 
 --------------------------------------------------------------------------------
Mg s eff H
  -0.3104

 SCF converged in 1 iterations.

 Setting up Delta-SCF
 Ground-Excited state overlap:          -0.000000000
 No correction applied to the TDM.
 Excitation energy:                      0.080096968
 Excitation energy (in eV):              2.179549531
 Transition dipole:                      0.72859      -0.12958      -2.64107
Mg s
          148          152          177          178          372          381          391          402          403          404          408
Mg p
          307          311          314          316          317          321          326          330          332          336          341          348          349          353          355          356          358          359          360          365          367          374          376          377          384          389          391          395
Mg d
          158          304          312          313          314          317          321          323          326          327          330          332          338          340          341          342          343          352          355          356          358          360          362          363          368          372          383          386          404
 Saving results in set 'frame_431'

 --------------------------------------------------------------------------------

 End time:                               Mon May 17 12:27:20 2021
 Total wall-clock time:                  0.523 seconds
==================================================================================
