
================================================================================
          _____________ ________ _______________ ________     _________         
         / ___________// ______ \\_____   _____// ______ \   / ________)        
        / /_________  / /      \ \     | |     / /      \ \ | (_______          
       |  __________|| |        | |    | |    | |        | | \________ \        
        \ \_________ | |        | |    | |     \ \______/ /___________) |       
         \__________||_|        |_|    |_|      \________//____________/        
                                                                                
====================================[ Qcore ]===================================

 Git hash:   7cd5c520b37f7ee862d844b1504bc4191dc47444
 Git date:   Tue, 4 May 2021 13:25:05 +0100
 Compiler:   GNU 9.1.0
 Build type: Release
 Version:    1.2.0

 Start time: Mon May 17 12:46:03 2021

 Data directory: /home/of15641/.local/src/Qcore/release/share/entos/1.2.0/data
 Number of threads: 1
 Number of threads was determined by: command line argument
  - More threads can be used by running 'qcore -n 24'

 --------------------------------------------------------------------------------
                                  command: bchla                                 
 --------------------------------------------------------------------------------
Mg s eff H
  -0.3104

 SCF converged in 1 iterations.

 Setting up Delta-SCF
 Ground-Excited state overlap:          -0.000000000
 No correction applied to the TDM.
 Excitation energy:                      0.080295427
 Excitation energy (in eV):              2.184949870
 Transition dipole:                     -1.91054       0.24983       3.16803
Mg s
          153          176          178          375          384          401          403
Mg p
          269          271          310          324          330          332          333          334          349          350          351          356          359          361          364          367          371          373          375          377          396          401          403          408
Mg d
          158          269          271          310          319          320          321          331          333          334          339          345          349          350          353          359          361          362          364          365          377          381          387          391          394          403
 Saving results in set 'frame_844'

 --------------------------------------------------------------------------------

 End time:                               Mon May 17 12:46:03 2021
 Total wall-clock time:                  0.496 seconds
==================================================================================
