
================================================================================
          _____________ ________ _______________ ________     _________         
         / ___________// ______ \\_____   _____// ______ \   / ________)        
        / /_________  / /      \ \     | |     / /      \ \ | (_______          
       |  __________|| |        | |    | |    | |        | | \________ \        
        \ \_________ | |        | |    | |     \ \______/ /___________) |       
         \__________||_|        |_|    |_|      \________//____________/        
                                                                                
====================================[ Qcore ]===================================

 Git hash:   7cd5c520b37f7ee862d844b1504bc4191dc47444
 Git date:   Tue, 4 May 2021 13:25:05 +0100
 Compiler:   GNU 9.1.0
 Build type: Release
 Version:    1.2.0

 Start time: Mon May 17 12:11:29 2021

 Data directory: /home/of15641/.local/src/Qcore/release/share/entos/1.2.0/data
 Number of threads: 1
 Number of threads was determined by: command line argument
  - More threads can be used by running 'qcore -n 24'

 --------------------------------------------------------------------------------
                                  command: bchla                                 
 --------------------------------------------------------------------------------
Mg s eff H
  -0.3103

 SCF converged in 1 iterations.

 Setting up Delta-SCF
 Ground-Excited state overlap:           0.000000000
 No correction applied to the TDM.
 Excitation energy:                      0.073302179
 Excitation energy (in eV):              1.994653892
 Transition dipole:                      2.43005       1.32904       0.31425
Mg s
          152          177          178          378          391          397          399          401          402          403          404          405          407
Mg p
          210          213          226          242          267          306          308          310          317          318          322          323          325          338          342          343          345          346          347          349          352          354          355          356          357          366          370          372          377          379          382          386          392          402
Mg d
          159          210          211          213          226          227          236          242          267          268          313          330          339          343          346          354          355          360          365          367          372          378          379          381          389          391
 Saving results in set 'frame_1934'

 --------------------------------------------------------------------------------

 End time:                               Mon May 17 12:11:29 2021
 Total wall-clock time:                  0.685 seconds
==================================================================================
