
================================================================================
          _____________ ________ _______________ ________     _________         
         / ___________// ______ \\_____   _____// ______ \   / ________)        
        / /_________  / /      \ \     | |     / /      \ \ | (_______          
       |  __________|| |        | |    | |    | |        | | \________ \        
        \ \_________ | |        | |    | |     \ \______/ /___________) |       
         \__________||_|        |_|    |_|      \________//____________/        
                                                                                
====================================[ Qcore ]===================================

 Git hash:   7cd5c520b37f7ee862d844b1504bc4191dc47444
 Git date:   Tue, 4 May 2021 13:25:05 +0100
 Compiler:   GNU 9.1.0
 Build type: Release
 Version:    1.2.0

 Start time: Mon May 17 11:58:26 2021

 Data directory: /home/of15641/.local/src/Qcore/release/share/entos/1.2.0/data
 Number of threads: 1
 Number of threads was determined by: command line argument
  - More threads can be used by running 'qcore -n 24'

 --------------------------------------------------------------------------------
                                  command: bchla                                 
 --------------------------------------------------------------------------------
Mg s eff H
  -0.3102

 SCF converged in 1 iterations.

 Setting up Delta-SCF
 Ground-Excited state overlap:          -0.000000000
 No correction applied to the TDM.
 Excitation energy:                      0.082369095
 Excitation energy (in eV):              2.241377246
 Transition dipole:                     -3.29525       0.11414      -1.38188
Mg s
          148          152          178          179          389          405          406          408
Mg p
          233          242          296          312          337          340          343          350          352          355          358          359          360          363          366          368          370          371          372          374          375          376          381          383          386          391
Mg d
          205          208          214          215          227          233          235          236          242          267          297          323          324          331          332          335          337          340          346          348          350          352          360          381          403          405          406          408
 Saving results in set 'frame_165'

 --------------------------------------------------------------------------------

 End time:                               Mon May 17 11:58:27 2021
 Total wall-clock time:                  0.666 seconds
==================================================================================
