
================================================================================
          _____________ ________ _______________ ________     _________         
         / ___________// ______ \\_____   _____// ______ \   / ________)        
        / /_________  / /      \ \     | |     / /      \ \ | (_______          
       |  __________|| |        | |    | |    | |        | | \________ \        
        \ \_________ | |        | |    | |     \ \______/ /___________) |       
         \__________||_|        |_|    |_|      \________//____________/        
                                                                                
====================================[ Qcore ]===================================

 Git hash:   7cd5c520b37f7ee862d844b1504bc4191dc47444
 Git date:   Tue, 4 May 2021 13:25:05 +0100
 Compiler:   GNU 9.1.0
 Build type: Release
 Version:    1.2.0

 Start time: Mon May 17 11:40:50 2021

 Data directory: /home/of15641/.local/src/Qcore/release/share/entos/1.2.0/data
 Number of threads: 1
 Number of threads was determined by: command line argument
  - More threads can be used by running 'qcore -n 24'

 --------------------------------------------------------------------------------
                                  command: bchla                                 
 --------------------------------------------------------------------------------
Mg s eff H
  -0.3102

 SCF converged in 1 iterations.

 Setting up Delta-SCF
 Ground-Excited state overlap:          -0.000000000
 No correction applied to the TDM.
 Excitation energy:                      0.078733782
 Excitation energy (in eV):              2.142455354
 Transition dipole:                     -2.21687       1.97267      -1.48716
Mg s
          147          152          179          372          406          407          408
Mg p
          156          241          312          316          319          329          333          335          340          342          344          345          349          352          353          355          356          357          359          364          368          372          379          381          382          383          406          407
Mg d
          206          217          219          220          224          226          227          228          231          234          238          241          242          244          245          246          250          357          361          365          368          369          372          374          381          382          388          407
 Saving results in set 'frame_1285'

 --------------------------------------------------------------------------------

 End time:                               Mon May 17 11:40:51 2021
 Total wall-clock time:                  0.492 seconds
==================================================================================
