
================================================================================
          _____________ ________ _______________ ________     _________         
         / ___________// ______ \\_____   _____// ______ \   / ________)        
        / /_________  / /      \ \     | |     / /      \ \ | (_______          
       |  __________|| |        | |    | |    | |        | | \________ \        
        \ \_________ | |        | |    | |     \ \______/ /___________) |       
         \__________||_|        |_|    |_|      \________//____________/        
                                                                                
====================================[ Qcore ]===================================

 Git hash:   7cd5c520b37f7ee862d844b1504bc4191dc47444
 Git date:   Tue, 4 May 2021 13:25:05 +0100
 Compiler:   GNU 9.1.0
 Build type: Release
 Version:    1.2.0

 Start time: Mon May 17 12:42:57 2021

 Data directory: /home/of15641/.local/src/Qcore/release/share/entos/1.2.0/data
 Number of threads: 1
 Number of threads was determined by: command line argument
  - More threads can be used by running 'qcore -n 24'

 --------------------------------------------------------------------------------
                                  command: bchla                                 
 --------------------------------------------------------------------------------
Mg s eff H
  -0.3101

 SCF converged in 1 iterations.

 Setting up Delta-SCF
 Ground-Excited state overlap:          -0.000000000
 No correction applied to the TDM.
 Excitation energy:                      0.079900757
 Excitation energy (in eV):              2.174210372
 Transition dipole:                      0.82622       0.89327      -2.91106
Mg s
          141          147          152          178          179          384          399          406          407
Mg p
          204          210          211          214          228          229          230          231          237          238          241          249          272          350          354          356          362          365          368          374
Mg d
          272          311          326          332          339          343          350          352          355          356          359          362          365          367          368          371          374          379          382          385          391          396          398          406          407
 Saving results in set 'frame_767'

 --------------------------------------------------------------------------------

 End time:                               Mon May 17 12:42:57 2021
 Total wall-clock time:                  0.526 seconds
==================================================================================
