
================================================================================
          _____________ ________ _______________ ________     _________         
         / ___________// ______ \\_____   _____// ______ \   / ________)        
        / /_________  / /      \ \     | |     / /      \ \ | (_______          
       |  __________|| |        | |    | |    | |        | | \________ \        
        \ \_________ | |        | |    | |     \ \______/ /___________) |       
         \__________||_|        |_|    |_|      \________//____________/        
                                                                                
====================================[ Qcore ]===================================

 Git hash:   7cd5c520b37f7ee862d844b1504bc4191dc47444
 Git date:   Tue, 4 May 2021 13:25:05 +0100
 Compiler:   GNU 9.1.0
 Build type: Release
 Version:    1.2.0

 Start time: Mon May 17 12:27:20 2021

 Data directory: /home/of15641/.local/src/Qcore/release/share/entos/1.2.0/data
 Number of threads: 1
 Number of threads was determined by: command line argument
  - More threads can be used by running 'qcore -n 24'

 --------------------------------------------------------------------------------
                                  command: bchla                                 
 --------------------------------------------------------------------------------
Mg s eff H
  -0.3103

 SCF converged in 1 iterations.

 Setting up Delta-SCF
 Ground-Excited state overlap:          -0.000000000
 No correction applied to the TDM.
 Excitation energy:                      0.081468646
 Excitation energy (in eV):              2.216874791
 Transition dipole:                     -3.12447       0.52600       1.11901
Mg s
          150          178          372          376          390          397          400          402          403          405          406          407          408
Mg p
          302          311          322          336          338          340          346          348          349          357          359          361          364          365          367          368          369          372          376          378          380          383          385          387          388          390          400
Mg d
          209          216          230          242          243          245          266          267          268          301          312          313          314          318          326          328          338          340          345          346          349          352          353          367          369          371          372          376          378          380          390          396
 Saving results in set 'frame_441'

 --------------------------------------------------------------------------------

 End time:                               Mon May 17 12:27:21 2021
 Total wall-clock time:                  0.536 seconds
==================================================================================
