
================================================================================
          _____________ ________ _______________ ________     _________         
         / ___________// ______ \\_____   _____// ______ \   / ________)        
        / /_________  / /      \ \     | |     / /      \ \ | (_______          
       |  __________|| |        | |    | |    | |        | | \________ \        
        \ \_________ | |        | |    | |     \ \______/ /___________) |       
         \__________||_|        |_|    |_|      \________//____________/        
                                                                                
====================================[ Qcore ]===================================

 Git hash:   7cd5c520b37f7ee862d844b1504bc4191dc47444
 Git date:   Tue, 4 May 2021 13:25:05 +0100
 Compiler:   GNU 9.1.0
 Build type: Release
 Version:    1.2.0

 Start time: Mon May 17 11:37:18 2021

 Data directory: /home/of15641/.local/src/Qcore/release/share/entos/1.2.0/data
 Number of threads: 1
 Number of threads was determined by: command line argument
  - More threads can be used by running 'qcore -n 24'

 --------------------------------------------------------------------------------
                                  command: bchla                                 
 --------------------------------------------------------------------------------
Mg s eff H
  -0.3103

 SCF converged in 1 iterations.

 Setting up Delta-SCF
 Ground-Excited state overlap:          -0.000000000
 No correction applied to the TDM.
 Excitation energy:                      0.079589028
 Excitation energy (in eV):              2.165727786
 Transition dipole:                      1.95711      -1.08560       2.19622
Mg s
          152          178          358          369          405          406          408
Mg p
          211          214          221          223          229          233          244          245          268          320          325          329          333          338          341          342          344          349          350          355          358          359          360          361          364          368          369          371          376          377          393          405
Mg d
          211          214          219          221          223          229          231          233          244          245          329          331          333          338          341          342          349          350          355          358          362          366          367          368          369          376          393          405          406
 Saving results in set 'frame_1225'

 --------------------------------------------------------------------------------

 End time:                               Mon May 17 11:37:19 2021
 Total wall-clock time:                  0.513 seconds
==================================================================================
