
================================================================================
          _____________ ________ _______________ ________     _________         
         / ___________// ______ \\_____   _____// ______ \   / ________)        
        / /_________  / /      \ \     | |     / /      \ \ | (_______          
       |  __________|| |        | |    | |    | |        | | \________ \        
        \ \_________ | |        | |    | |     \ \______/ /___________) |       
         \__________||_|        |_|    |_|      \________//____________/        
                                                                                
====================================[ Qcore ]===================================

 Git hash:   7cd5c520b37f7ee862d844b1504bc4191dc47444
 Git date:   Tue, 4 May 2021 13:25:05 +0100
 Compiler:   GNU 9.1.0
 Build type: Release
 Version:    1.2.0

 Start time: Mon May 17 12:27:22 2021

 Data directory: /home/of15641/.local/src/Qcore/release/share/entos/1.2.0/data
 Number of threads: 1
 Number of threads was determined by: command line argument
  - More threads can be used by running 'qcore -n 24'

 --------------------------------------------------------------------------------
                                  command: bchla                                 
 --------------------------------------------------------------------------------
Mg s eff H
  -0.3102

 SCF converged in 1 iterations.

 Setting up Delta-SCF
 Ground-Excited state overlap:          -0.000000000
 No correction applied to the TDM.
 Excitation energy:                      0.077113439
 Excitation energy (in eV):              2.098363565
 Transition dipole:                      0.64009      -0.48305      -2.44322
Mg s
          145          148          151          178          383          386          395          400          402          403          404          405          407
Mg p
          223          227          228          234          239          240          244          246          271          274          322          327          331          334          337          351          357          359          361          362          364          365          366          368          369          372          373          380          383          385          388          395          396          405
Mg d
          244          246          270          320          324          330          334          337          341          352          357          361          362          364          366          368          372          377          380          383          387          388          396          403          404
 Saving results in set 'frame_462'

 --------------------------------------------------------------------------------

 End time:                               Mon May 17 12:27:23 2021
 Total wall-clock time:                  0.540 seconds
==================================================================================
