
================================================================================
          _____________ ________ _______________ ________     _________         
         / ___________// ______ \\_____   _____// ______ \   / ________)        
        / /_________  / /      \ \     | |     / /      \ \ | (_______          
       |  __________|| |        | |    | |    | |        | | \________ \        
        \ \_________ | |        | |    | |     \ \______/ /___________) |       
         \__________||_|        |_|    |_|      \________//____________/        
                                                                                
====================================[ Qcore ]===================================

 Git hash:   7cd5c520b37f7ee862d844b1504bc4191dc47444
 Git date:   Tue, 4 May 2021 13:25:05 +0100
 Compiler:   GNU 9.1.0
 Build type: Release
 Version:    1.2.0

 Start time: Mon May 17 11:40:59 2021

 Data directory: /home/of15641/.local/src/Qcore/release/share/entos/1.2.0/data
 Number of threads: 1
 Number of threads was determined by: command line argument
  - More threads can be used by running 'qcore -n 24'

 --------------------------------------------------------------------------------
                                  command: bchla                                 
 --------------------------------------------------------------------------------
Mg s eff H
  -0.3103

 SCF converged in 1 iterations.

 Setting up Delta-SCF
 Ground-Excited state overlap:          -0.000000000
 No correction applied to the TDM.
 Excitation energy:                      0.078044343
 Excitation energy (in eV):              2.123694774
 Transition dipole:                     -2.36858      -1.21030       0.67967
Mg s
          150          151          153          177          178          379          380          387          395          396          397          398          400          401          402          406          407          408
Mg p
          159          265          307          310          312          313          314          316          317          322          327          328          330          331          333          334          339          340          341          342          343          344          349          351          352          353          354          357          361          362          367          393          397          398          406          408
Mg d
          204          205          207          211          212          214          216          218          219          224          228          229          230          237          240          269          308          322          330          331          333          337          342          346          349          353          354          355          357          358          362          364
 Saving results in set 'frame_1315'

 --------------------------------------------------------------------------------

 End time:                               Mon May 17 11:40:59 2021
 Total wall-clock time:                  0.793 seconds
==================================================================================
