
================================================================================
          _____________ ________ _______________ ________     _________         
         / ___________// ______ \\_____   _____// ______ \   / ________)        
        / /_________  / /      \ \     | |     / /      \ \ | (_______          
       |  __________|| |        | |    | |    | |        | | \________ \        
        \ \_________ | |        | |    | |     \ \______/ /___________) |       
         \__________||_|        |_|    |_|      \________//____________/        
                                                                                
====================================[ Qcore ]===================================

 Git hash:   7cd5c520b37f7ee862d844b1504bc4191dc47444
 Git date:   Tue, 4 May 2021 13:25:05 +0100
 Compiler:   GNU 9.1.0
 Build type: Release
 Version:    1.2.0

 Start time: Mon May 17 12:43:01 2021

 Data directory: /home/of15641/.local/src/Qcore/release/share/entos/1.2.0/data
 Number of threads: 1
 Number of threads was determined by: command line argument
  - More threads can be used by running 'qcore -n 24'

 --------------------------------------------------------------------------------
                                  command: bchla                                 
 --------------------------------------------------------------------------------
Mg s eff H
  -0.3102

 SCF converged in 1 iterations.

 Setting up Delta-SCF
 Ground-Excited state overlap:          -0.000000000
 No correction applied to the TDM.
 Excitation energy:                      0.077936752
 Excitation energy (in eV):              2.120767056
 Transition dipole:                     -3.39082      -1.26679      -0.05812
Mg s
          145          150          177          178          387          400          402          403          404          405
Mg p
          159          215          234          243          301          302          320          330          331          336          344          345          350          352          354          356          359          361          362          364          367          369          370          375          376          379
Mg d
          156          287          326          341          343          350          351          352          354          356          358          359          361          367          370          372          374          376          381          391          395          398
 Saving results in set 'frame_805'

 --------------------------------------------------------------------------------

 End time:                               Mon May 17 12:43:01 2021
 Total wall-clock time:                  0.529 seconds
==================================================================================
