
================================================================================
          _____________ ________ _______________ ________     _________         
         / ___________// ______ \\_____   _____// ______ \   / ________)        
        / /_________  / /      \ \     | |     / /      \ \ | (_______          
       |  __________|| |        | |    | |    | |        | | \________ \        
        \ \_________ | |        | |    | |     \ \______/ /___________) |       
         \__________||_|        |_|    |_|      \________//____________/        
                                                                                
====================================[ Qcore ]===================================

 Git hash:   7cd5c520b37f7ee862d844b1504bc4191dc47444
 Git date:   Tue, 4 May 2021 13:25:05 +0100
 Compiler:   GNU 9.1.0
 Build type: Release
 Version:    1.2.0

 Start time: Mon May 17 12:49:38 2021

 Data directory: /home/of15641/.local/src/Qcore/release/share/entos/1.2.0/data
 Number of threads: 1
 Number of threads was determined by: command line argument
  - More threads can be used by running 'qcore -n 24'

 --------------------------------------------------------------------------------
                                  command: bchla                                 
 --------------------------------------------------------------------------------
Mg s eff H
  -0.3098

 SCF converged in 1 iterations.

 Setting up Delta-SCF
 Ground-Excited state overlap:           0.000000000
 No correction applied to the TDM.
 Excitation energy:                      0.075591976
 Excitation energy (in eV):              2.056962443
 Transition dipole:                     -1.51382      -0.83514       3.03390
Mg s
          139          141          147          178          360          395          405          406          407
Mg p
          267          269          322          324          325          328          331          332          335          337          342          348          355          357          358          360          362          365          366          370          373          379          382          383          391          400          402          405          408
Mg d
          154          267          269          331          335          345          348          350          353          355          356          357          358          360          362          365          366          370          373          375          379          381          383          386          395
 Saving results in set 'frame_950'

 --------------------------------------------------------------------------------

 End time:                               Mon May 17 12:49:39 2021
 Total wall-clock time:                  0.588 seconds
==================================================================================
