
================================================================================
          _____________ ________ _______________ ________     _________         
         / ___________// ______ \\_____   _____// ______ \   / ________)        
        / /_________  / /      \ \     | |     / /      \ \ | (_______          
       |  __________|| |        | |    | |    | |        | | \________ \        
        \ \_________ | |        | |    | |     \ \______/ /___________) |       
         \__________||_|        |_|    |_|      \________//____________/        
                                                                                
====================================[ Qcore ]===================================

 Git hash:   7cd5c520b37f7ee862d844b1504bc4191dc47444
 Git date:   Tue, 4 May 2021 13:25:05 +0100
 Compiler:   GNU 9.1.0
 Build type: Release
 Version:    1.2.0

 Start time: Mon May 17 12:30:27 2021

 Data directory: /home/of15641/.local/src/Qcore/release/share/entos/1.2.0/data
 Number of threads: 1
 Number of threads was determined by: command line argument
  - More threads can be used by running 'qcore -n 24'

 --------------------------------------------------------------------------------
                                  command: bchla                                 
 --------------------------------------------------------------------------------
Mg s eff H
  -0.3102

 SCF converged in 1 iterations.

 Setting up Delta-SCF
 Ground-Excited state overlap:          -0.000000000
 No correction applied to the TDM.
 Excitation energy:                      0.078255392
 Excitation energy (in eV):              2.129437707
 Transition dipole:                     -1.87429      -3.06018       0.66227
Mg s
          152          178          179          180          389          396          403          405          406          408
Mg p
          205          209          213          217          220          221          232          233          234          238          240          241          326          338          340          341          355          361          362          364          368          371          377          378
Mg d
          159          205          220          232          233          234          238          240          241          267          302          311          321          326          328          329          331          333          335          337          338          339          340          341          344          348          351          355          357          359          361          362          368          371          372          377          378          379          406
 Saving results in set 'frame_493'

 --------------------------------------------------------------------------------

 End time:                               Mon May 17 12:30:28 2021
 Total wall-clock time:                  0.512 seconds
==================================================================================
