
================================================================================
          _____________ ________ _______________ ________     _________         
         / ___________// ______ \\_____   _____// ______ \   / ________)        
        / /_________  / /      \ \     | |     / /      \ \ | (_______          
       |  __________|| |        | |    | |    | |        | | \________ \        
        \ \_________ | |        | |    | |     \ \______/ /___________) |       
         \__________||_|        |_|    |_|      \________//____________/        
                                                                                
====================================[ Qcore ]===================================

 Git hash:   7cd5c520b37f7ee862d844b1504bc4191dc47444
 Git date:   Tue, 4 May 2021 13:25:05 +0100
 Compiler:   GNU 9.1.0
 Build type: Release
 Version:    1.2.0

 Start time: Mon May 17 12:49:34 2021

 Data directory: /home/of15641/.local/src/Qcore/release/share/entos/1.2.0/data
 Number of threads: 1
 Number of threads was determined by: command line argument
  - More threads can be used by running 'qcore -n 24'

 --------------------------------------------------------------------------------
                                  command: bchla                                 
 --------------------------------------------------------------------------------
Mg s eff H
  -0.3101

 SCF converged in 1 iterations.

 Setting up Delta-SCF
 Ground-Excited state overlap:          -0.000000000
 No correction applied to the TDM.
 Excitation energy:                      0.078086669
 Excitation energy (in eV):              2.124846514
 Transition dipole:                     -0.77268       0.09713       3.45227
Mg s
          148          153          178          367          382          390          391          405          406          407
Mg p
          245          247          248          266          267          268          335          352          355          356          363          370          371          374          376          380          382          384          386          389          390          391          392          397          399          406
Mg d
          270          312          331          345          346          355          356          359          362          363          366          367          368          374          376          377          378          380          382          384          386          389          390          399          402          405          406          407
 Saving results in set 'frame_903'

 --------------------------------------------------------------------------------

 End time:                               Mon May 17 12:49:34 2021
 Total wall-clock time:                  0.515 seconds
==================================================================================
