
================================================================================
          _____________ ________ _______________ ________     _________         
         / ___________// ______ \\_____   _____// ______ \   / ________)        
        / /_________  / /      \ \     | |     / /      \ \ | (_______          
       |  __________|| |        | |    | |    | |        | | \________ \        
        \ \_________ | |        | |    | |     \ \______/ /___________) |       
         \__________||_|        |_|    |_|      \________//____________/        
                                                                                
====================================[ Qcore ]===================================

 Git hash:   7cd5c520b37f7ee862d844b1504bc4191dc47444
 Git date:   Tue, 4 May 2021 13:25:05 +0100
 Compiler:   GNU 9.1.0
 Build type: Release
 Version:    1.2.0

 Start time: Mon May 17 12:11:26 2021

 Data directory: /home/of15641/.local/src/Qcore/release/share/entos/1.2.0/data
 Number of threads: 1
 Number of threads was determined by: command line argument
  - More threads can be used by running 'qcore -n 24'

 --------------------------------------------------------------------------------
                                  command: bchla                                 
 --------------------------------------------------------------------------------
Mg s eff H
  -0.3103

 SCF converged in 1 iterations.

 Setting up Delta-SCF
 Ground-Excited state overlap:           0.000000000
 No correction applied to the TDM.
 Excitation energy:                      0.079962333
 Excitation energy (in eV):              2.175885916
 Transition dipole:                      2.05388       1.98480       1.63855
Mg s
          153          179          374          385          391          392          396          397          400          402          404          405
Mg p
          206          211          222          226          236          237          238          246          266          267          341          344          351          354          355          358          359          360          364          366          369          374          375          377          384          387          396          404
Mg d
          266          267          306          318          324          333          336          340          341          343          344          347          348          351          354          355          356          358          359          360          364          366          369          375          391          402          404          408
 Saving results in set 'frame_1912'

 --------------------------------------------------------------------------------

 End time:                               Mon May 17 12:11:26 2021
 Total wall-clock time:                  0.499 seconds
==================================================================================
