
================================================================================
          _____________ ________ _______________ ________     _________         
         / ___________// ______ \\_____   _____// ______ \   / ________)        
        / /_________  / /      \ \     | |     / /      \ \ | (_______          
       |  __________|| |        | |    | |    | |        | | \________ \        
        \ \_________ | |        | |    | |     \ \______/ /___________) |       
         \__________||_|        |_|    |_|      \________//____________/        
                                                                                
====================================[ Qcore ]===================================

 Git hash:   7cd5c520b37f7ee862d844b1504bc4191dc47444
 Git date:   Tue, 4 May 2021 13:25:05 +0100
 Compiler:   GNU 9.1.0
 Build type: Release
 Version:    1.2.0

 Start time: Mon May 17 12:17:53 2021

 Data directory: /home/of15641/.local/src/Qcore/release/share/entos/1.2.0/data
 Number of threads: 1
 Number of threads was determined by: command line argument
  - More threads can be used by running 'qcore -n 24'

 --------------------------------------------------------------------------------
                                  command: bchla                                 
 --------------------------------------------------------------------------------
Mg s eff H
  -0.3103

 SCF converged in 1 iterations.

 Setting up Delta-SCF
 Ground-Excited state overlap:          -0.000000000
 No correction applied to the TDM.
 Excitation energy:                      0.077619476
 Excitation energy (in eV):              2.112133529
 Transition dipole:                     -1.13431       3.31870       1.10974
Mg s
          149          152          177          178          380          400          403          405          406          408
Mg p
          159          244          265          291          303          311          320          323          328          329          334          337          341          345          347          349          351          352          357          359          361          366          367          369          371          372          375          376          377          382          387          406
Mg d
          203          206          215          217          219          221          227          236          238          239          241          243          244          249          341          347          361          364          370          371          377          406
 Saving results in set 'frame_248'

 --------------------------------------------------------------------------------

 End time:                               Mon May 17 12:17:54 2021
 Total wall-clock time:                  0.504 seconds
==================================================================================
