
================================================================================
          _____________ ________ _______________ ________     _________         
         / ___________// ______ \\_____   _____// ______ \   / ________)        
        / /_________  / /      \ \     | |     / /      \ \ | (_______          
       |  __________|| |        | |    | |    | |        | | \________ \        
        \ \_________ | |        | |    | |     \ \______/ /___________) |       
         \__________||_|        |_|    |_|      \________//____________/        
                                                                                
====================================[ Qcore ]===================================

 Git hash:   7cd5c520b37f7ee862d844b1504bc4191dc47444
 Git date:   Tue, 4 May 2021 13:25:05 +0100
 Compiler:   GNU 9.1.0
 Build type: Release
 Version:    1.2.0

 Start time: Mon May 17 12:49:37 2021

 Data directory: /home/of15641/.local/src/Qcore/release/share/entos/1.2.0/data
 Number of threads: 1
 Number of threads was determined by: command line argument
  - More threads can be used by running 'qcore -n 24'

 --------------------------------------------------------------------------------
                                  command: bchla                                 
 --------------------------------------------------------------------------------
Mg s eff H
  -0.3104

 SCF converged in 1 iterations.

 Setting up Delta-SCF
 Ground-Excited state overlap:          -0.000000000
 No correction applied to the TDM.
 Excitation energy:                      0.082460525
 Excitation energy (in eV):              2.243865206
 Transition dipole:                     -0.85601       1.00786       2.73795
Mg s
          149          178          382          383          391          392          397          402          403          405          408
Mg p
          159          225          243          249          264          269          317          337          341          346          350          354          356          358          363          365          368          375          378          380          382          383          392          397          402          405
Mg d
          209          225          243          249          264          269          338          341          344          350          356          361          363          367          371          374          375          378          380          382          386          388          390          397          398          399
 Saving results in set 'frame_93'

 --------------------------------------------------------------------------------

 End time:                               Mon May 17 12:49:38 2021
 Total wall-clock time:                  0.486 seconds
==================================================================================
