
================================================================================
          _____________ ________ _______________ ________     _________         
         / ___________// ______ \\_____   _____// ______ \   / ________)        
        / /_________  / /      \ \     | |     / /      \ \ | (_______          
       |  __________|| |        | |    | |    | |        | | \________ \        
        \ \_________ | |        | |    | |     \ \______/ /___________) |       
         \__________||_|        |_|    |_|      \________//____________/        
                                                                                
====================================[ Qcore ]===================================

 Git hash:   7cd5c520b37f7ee862d844b1504bc4191dc47444
 Git date:   Tue, 4 May 2021 13:25:05 +0100
 Compiler:   GNU 9.1.0
 Build type: Release
 Version:    1.2.0

 Start time: Mon May 17 12:42:58 2021

 Data directory: /home/of15641/.local/src/Qcore/release/share/entos/1.2.0/data
 Number of threads: 1
 Number of threads was determined by: command line argument
  - More threads can be used by running 'qcore -n 24'

 --------------------------------------------------------------------------------
                                  command: bchla                                 
 --------------------------------------------------------------------------------
Mg s eff H
  -0.3104

 SCF converged in 1 iterations.

 Setting up Delta-SCF
 Ground-Excited state overlap:           0.000000000
 No correction applied to the TDM.
 Excitation energy:                      0.078147039
 Excitation energy (in eV):              2.126489268
 Transition dipole:                     -2.49951      -2.63345       0.80874
Mg s
          150          152          177          178          179          181          383          389          395          396          397          398          401          403          406          408
Mg p
          207          210          211          214          217          221          234          235          237          238          240          243          246          270          318          326          334          352          356          359          361          364          367          373          375          376          378          379          396          401
Mg d
          207          210          211          217          221          235          237          238          240          243          305          308          326          329          333          334          335          341          346          348          352          356          359          361          364          368          375          377          378          379          396          401
 Saving results in set 'frame_779'

 --------------------------------------------------------------------------------

 End time:                               Mon May 17 12:42:58 2021
 Total wall-clock time:                  0.518 seconds
==================================================================================
