
================================================================================
          _____________ ________ _______________ ________     _________         
         / ___________// ______ \\_____   _____// ______ \   / ________)        
        / /_________  / /      \ \     | |     / /      \ \ | (_______          
       |  __________|| |        | |    | |    | |        | | \________ \        
        \ \_________ | |        | |    | |     \ \______/ /___________) |       
         \__________||_|        |_|    |_|      \________//____________/        
                                                                                
====================================[ Qcore ]===================================

 Git hash:   7cd5c520b37f7ee862d844b1504bc4191dc47444
 Git date:   Tue, 4 May 2021 13:25:05 +0100
 Compiler:   GNU 9.1.0
 Build type: Release
 Version:    1.2.0

 Start time: Mon May 17 11:26:33 2021

 Data directory: /home/of15641/.local/src/Qcore/release/share/entos/1.2.0/data
 Number of threads: 1
 Number of threads was determined by: command line argument
  - More threads can be used by running 'qcore -n 24'

 --------------------------------------------------------------------------------
                                  command: bchla                                 
 --------------------------------------------------------------------------------
Mg s eff H
  -0.3102

 SCF converged in 1 iterations.

 Setting up Delta-SCF
 Ground-Excited state overlap:           0.000000000
 No correction applied to the TDM.
 Excitation energy:                      0.075417506
 Excitation energy (in eV):              2.052214893
 Transition dipole:                      1.54616       0.41741      -3.05606
Mg s
          149          150          177          178          180          356          362          383          388          391          401          403          404          408
Mg p
          266          316          329          342          345          347          351          353          356          357          358          361          362          364          366          367          368          372          374          377          378          383          388          389          391          394          401          403          404          408
Mg d
          268          320          332          351          353          356          360          362          364          367          368          371          372          373          374          378          380          388          391          395          396          401          403          404          408
 Saving results in set 'frame_1045'

 --------------------------------------------------------------------------------

 End time:                               Mon May 17 11:26:33 2021
 Total wall-clock time:                  0.842 seconds
==================================================================================
