
================================================================================
          _____________ ________ _______________ ________     _________         
         / ___________// ______ \\_____   _____// ______ \   / ________)        
        / /_________  / /      \ \     | |     / /      \ \ | (_______          
       |  __________|| |        | |    | |    | |        | | \________ \        
        \ \_________ | |        | |    | |     \ \______/ /___________) |       
         \__________||_|        |_|    |_|      \________//____________/        
                                                                                
====================================[ Qcore ]===================================

 Git hash:   7cd5c520b37f7ee862d844b1504bc4191dc47444
 Git date:   Tue, 4 May 2021 13:25:05 +0100
 Compiler:   GNU 9.1.0
 Build type: Release
 Version:    1.2.0

 Start time: Mon May 17 12:49:38 2021

 Data directory: /home/of15641/.local/src/Qcore/release/share/entos/1.2.0/data
 Number of threads: 1
 Number of threads was determined by: command line argument
  - More threads can be used by running 'qcore -n 24'

 --------------------------------------------------------------------------------
                                  command: bchla                                 
 --------------------------------------------------------------------------------
Mg s eff H
  -0.3103

 SCF converged in 1 iterations.

 Setting up Delta-SCF
 Ground-Excited state overlap:           0.000000000
 No correction applied to the TDM.
 Excitation energy:                      0.079588756
 Excitation energy (in eV):              2.165720390
 Transition dipole:                      2.44005      -0.08714       1.34451
Mg s
          148          150          177          178          179          359          362          376          405          406          408
Mg p
          158          266          267          303          310          325          329          333          337          339          343          347          349          350          353          356          358          359          369          378          381          383          384          386          401          405
Mg d
          270          304          309          321          327          336          339          350          353          354          356          362          369          370          374          376          378          379          381          384          387          389          393          405          408
 Saving results in set 'frame_948'

 --------------------------------------------------------------------------------

 End time:                               Mon May 17 12:49:39 2021
 Total wall-clock time:                  0.824 seconds
==================================================================================
