
================================================================================
          _____________ ________ _______________ ________     _________         
         / ___________// ______ \\_____   _____// ______ \   / ________)        
        / /_________  / /      \ \     | |     / /      \ \ | (_______          
       |  __________|| |        | |    | |    | |        | | \________ \        
        \ \_________ | |        | |    | |     \ \______/ /___________) |       
         \__________||_|        |_|    |_|      \________//____________/        
                                                                                
====================================[ Qcore ]===================================

 Git hash:   7cd5c520b37f7ee862d844b1504bc4191dc47444
 Git date:   Tue, 4 May 2021 13:25:05 +0100
 Compiler:   GNU 9.1.0
 Build type: Release
 Version:    1.2.0

 Start time: Mon May 17 11:47:55 2021

 Data directory: /home/of15641/.local/src/Qcore/release/share/entos/1.2.0/data
 Number of threads: 1
 Number of threads was determined by: command line argument
  - More threads can be used by running 'qcore -n 24'

 --------------------------------------------------------------------------------
                                  command: bchla                                 
 --------------------------------------------------------------------------------
Mg s eff H
  -0.3103

 SCF converged in 1 iterations.

 Setting up Delta-SCF
 Ground-Excited state overlap:          -0.000000000
 No correction applied to the TDM.
 Excitation energy:                      0.077715549
 Excitation energy (in eV):              2.114747821
 Transition dipole:                     -2.88859       2.54513      -0.46987
Mg s
          150          151          178          179          379          386          400          402          406          407          408
Mg p
          158          266          269          308          319          335          339          340          342          343          349          354          355          356          358          361          362          365          366          367          368          371          373          374          379          381          382          390          402          406          407
Mg d
          207          215          217          218          219          220          226          228          230          232          233          235          236          239          240          242          343          349          354          371          406
 Saving results in set 'frame_1422'

 --------------------------------------------------------------------------------

 End time:                               Mon May 17 11:47:56 2021
 Total wall-clock time:                  0.531 seconds
==================================================================================
