
================================================================================
          _____________ ________ _______________ ________     _________         
         / ___________// ______ \\_____   _____// ______ \   / ________)        
        / /_________  / /      \ \     | |     / /      \ \ | (_______          
       |  __________|| |        | |    | |    | |        | | \________ \        
        \ \_________ | |        | |    | |     \ \______/ /___________) |       
         \__________||_|        |_|    |_|      \________//____________/        
                                                                                
====================================[ Qcore ]===================================

 Git hash:   7cd5c520b37f7ee862d844b1504bc4191dc47444
 Git date:   Tue, 4 May 2021 13:25:05 +0100
 Compiler:   GNU 9.1.0
 Build type: Release
 Version:    1.2.0

 Start time: Mon May 17 12:14:41 2021

 Data directory: /home/of15641/.local/src/Qcore/release/share/entos/1.2.0/data
 Number of threads: 1
 Number of threads was determined by: command line argument
  - More threads can be used by running 'qcore -n 24'

 --------------------------------------------------------------------------------
                                  command: bchla                                 
 --------------------------------------------------------------------------------
Mg s eff H
  -0.3103

 SCF converged in 1 iterations.

 Setting up Delta-SCF
 Ground-Excited state overlap:           0.000000000
 No correction applied to the TDM.
 Excitation energy:                      0.079053040
 Excitation energy (in eV):              2.151142805
 Transition dipole:                     -1.28545      -0.97472      -2.45829
Mg s
          149          152          179          363          380          383          403          404          405          406
Mg p
          242          269          271          309          317          332          335          342          345          347          348          349          350          353          355          357          358          360          363          364          366          368          369          372          373          375          379          394          408
Mg d
          242          268          269          306          315          322          337          339          342          347          349          350          352          353          355          357          358          360          362          363          364          366          368          372          373          375          389          393          404          405          406
 Saving results in set 'frame_1'

 --------------------------------------------------------------------------------

 End time:                               Mon May 17 12:14:41 2021
 Total wall-clock time:                  0.572 seconds
==================================================================================
