
================================================================================
          _____________ ________ _______________ ________     _________         
         / ___________// ______ \\_____   _____// ______ \   / ________)        
        / /_________  / /      \ \     | |     / /      \ \ | (_______          
       |  __________|| |        | |    | |    | |        | | \________ \        
        \ \_________ | |        | |    | |     \ \______/ /___________) |       
         \__________||_|        |_|    |_|      \________//____________/        
                                                                                
====================================[ Qcore ]===================================

 Git hash:   7cd5c520b37f7ee862d844b1504bc4191dc47444
 Git date:   Tue, 4 May 2021 13:25:05 +0100
 Compiler:   GNU 9.1.0
 Build type: Release
 Version:    1.2.0

 Start time: Mon May 17 12:01:41 2021

 Data directory: /home/of15641/.local/src/Qcore/release/share/entos/1.2.0/data
 Number of threads: 1
 Number of threads was determined by: command line argument
  - More threads can be used by running 'qcore -n 24'

 --------------------------------------------------------------------------------
                                  command: bchla                                 
 --------------------------------------------------------------------------------
Mg s eff H
  -0.3104

 SCF converged in 1 iterations.

 Setting up Delta-SCF
 Ground-Excited state overlap:           0.000000000
 No correction applied to the TDM.
 Excitation energy:                      0.071680024
 Excitation energy (in eV):              1.950512826
 Transition dipole:                      2.30114       0.30199       0.50605
Mg s
          152          179          180          380          386          393          398          405
Mg p
          158          266          267          302          315          339          342          344          347          348          350          355          357          359          362          363          365          368          370          372          373          381          383          386          393          398          402          405
Mg d
          179          207          212          216          218          223          227          228          229          240          243          246          247          269          354          362          370          372          375          377          378          380          383          398          405
 Saving results in set 'frame_1698'

 --------------------------------------------------------------------------------

 End time:                               Mon May 17 12:01:42 2021
 Total wall-clock time:                  0.485 seconds
==================================================================================
