
================================================================================
          _____________ ________ _______________ ________     _________         
         / ___________// ______ \\_____   _____// ______ \   / ________)        
        / /_________  / /      \ \     | |     / /      \ \ | (_______          
       |  __________|| |        | |    | |    | |        | | \________ \        
        \ \_________ | |        | |    | |     \ \______/ /___________) |       
         \__________||_|        |_|    |_|      \________//____________/        
                                                                                
====================================[ Qcore ]===================================

 Git hash:   7cd5c520b37f7ee862d844b1504bc4191dc47444
 Git date:   Tue, 4 May 2021 13:25:05 +0100
 Compiler:   GNU 9.1.0
 Build type: Release
 Version:    1.2.0

 Start time: Mon May 17 11:30:13 2021

 Data directory: /home/of15641/.local/src/Qcore/release/share/entos/1.2.0/data
 Number of threads: 1
 Number of threads was determined by: command line argument
  - More threads can be used by running 'qcore -n 24'

 --------------------------------------------------------------------------------
                                  command: bchla                                 
 --------------------------------------------------------------------------------
Mg s eff H
  -0.3102

 SCF converged in 1 iterations.

 Setting up Delta-SCF
 Ground-Excited state overlap:          -0.000000000
 No correction applied to the TDM.
 Excitation energy:                      0.079180055
 Excitation energy (in eV):              2.154599050
 Transition dipole:                      2.52097      -0.82456       1.16221
Mg s
          148          152          178          179          361          374          381          385          393          397          401          402          406          408
Mg p
          243          267          268          331          335          336          339          341          347          348          349          352          354          356          357          361          368          372          373          374          375          381          382          383          388          393          395          401          402
Mg d
          243          272          299          332          337          341          349          354          356          357          361          366          370          371          372          373          374          375          377          379          383          384          389          393          397          401          402          408
 Saving results in set 'frame_1101'

 --------------------------------------------------------------------------------

 End time:                               Mon May 17 11:30:14 2021
 Total wall-clock time:                  0.738 seconds
==================================================================================
