
================================================================================
          _____________ ________ _______________ ________     _________         
         / ___________// ______ \\_____   _____// ______ \   / ________)        
        / /_________  / /      \ \     | |     / /      \ \ | (_______          
       |  __________|| |        | |    | |    | |        | | \________ \        
        \ \_________ | |        | |    | |     \ \______/ /___________) |       
         \__________||_|        |_|    |_|      \________//____________/        
                                                                                
====================================[ Qcore ]===================================

 Git hash:   7cd5c520b37f7ee862d844b1504bc4191dc47444
 Git date:   Tue, 4 May 2021 13:25:05 +0100
 Compiler:   GNU 9.1.0
 Build type: Release
 Version:    1.2.0

 Start time: Mon May 17 12:08:12 2021

 Data directory: /home/of15641/.local/src/Qcore/release/share/entos/1.2.0/data
 Number of threads: 1
 Number of threads was determined by: command line argument
  - More threads can be used by running 'qcore -n 24'

 --------------------------------------------------------------------------------
                                  command: bchla                                 
 --------------------------------------------------------------------------------
Mg s eff H
  -0.3101

 SCF converged in 1 iterations.

 Setting up Delta-SCF
 Ground-Excited state overlap:          -0.000000000
 No correction applied to the TDM.
 Excitation energy:                      0.077851289
 Excitation energy (in eV):              2.118441485
 Transition dipole:                     -0.70604      -0.94726      -3.51301
Mg s
          151          178          179          392          401          405          407
Mg p
          210          222          239          243          246          250          270          308          314          338          348          349          351          352          356          357          361          364          365          367          371          373          376          377          380          383          386          388          396          400          405
Mg d
          270          305          325          348          349          351          356          357          361          364          365          366          367          373          374          376          377          380          382          388          393          395          396
 Saving results in set 'frame_1867'

 --------------------------------------------------------------------------------

 End time:                               Mon May 17 12:08:13 2021
 Total wall-clock time:                  0.840 seconds
==================================================================================
