
================================================================================
          _____________ ________ _______________ ________     _________         
         / ___________// ______ \\_____   _____// ______ \   / ________)        
        / /_________  / /      \ \     | |     / /      \ \ | (_______          
       |  __________|| |        | |    | |    | |        | | \________ \        
        \ \_________ | |        | |    | |     \ \______/ /___________) |       
         \__________||_|        |_|    |_|      \________//____________/        
                                                                                
====================================[ Qcore ]===================================

 Git hash:   7cd5c520b37f7ee862d844b1504bc4191dc47444
 Git date:   Tue, 4 May 2021 13:25:05 +0100
 Compiler:   GNU 9.1.0
 Build type: Release
 Version:    1.2.0

 Start time: Mon May 17 12:39:44 2021

 Data directory: /home/of15641/.local/src/Qcore/release/share/entos/1.2.0/data
 Number of threads: 1
 Number of threads was determined by: command line argument
  - More threads can be used by running 'qcore -n 24'

 --------------------------------------------------------------------------------
                                  command: bchla                                 
 --------------------------------------------------------------------------------
Mg s eff H
  -0.3101

 SCF converged in 1 iterations.

 Setting up Delta-SCF
 Ground-Excited state overlap:          -0.000000000
 No correction applied to the TDM.
 Excitation energy:                      0.074550301
 Excitation energy (in eV):              2.028617038
 Transition dipole:                     -1.91930      -2.16672      -0.46696
Mg s
          143          152          179          180          397          405          406          408
Mg p
          207          209          214          216          218          224          229          232          236          238          242          244          334          343          347          351          353          355          357          358          361          362          363          365          369          371          379          386          406
Mg d
          236          238          242          244          305          307          317          323          334          335          340          343          345          351          353          355          357          358          361          365          369          371          372
 Saving results in set 'frame_693'

 --------------------------------------------------------------------------------

 End time:                               Mon May 17 12:39:45 2021
 Total wall-clock time:                  0.485 seconds
==================================================================================
