
================================================================================
          _____________ ________ _______________ ________     _________         
         / ___________// ______ \\_____   _____// ______ \   / ________)        
        / /_________  / /      \ \     | |     / /      \ \ | (_______          
       |  __________|| |        | |    | |    | |        | | \________ \        
        \ \_________ | |        | |    | |     \ \______/ /___________) |       
         \__________||_|        |_|    |_|      \________//____________/        
                                                                                
====================================[ Qcore ]===================================

 Git hash:   7cd5c520b37f7ee862d844b1504bc4191dc47444
 Git date:   Tue, 4 May 2021 13:25:05 +0100
 Compiler:   GNU 9.1.0
 Build type: Release
 Version:    1.2.0

 Start time: Mon May 17 12:17:52 2021

 Data directory: /home/of15641/.local/src/Qcore/release/share/entos/1.2.0/data
 Number of threads: 1
 Number of threads was determined by: command line argument
  - More threads can be used by running 'qcore -n 24'

 --------------------------------------------------------------------------------
                                  command: bchla                                 
 --------------------------------------------------------------------------------
Mg s eff H
  -0.3104

 SCF converged in 1 iterations.

 Setting up Delta-SCF
 Ground-Excited state overlap:          -0.000000000
 No correction applied to the TDM.
 Excitation energy:                      0.080550251
 Excitation energy (in eV):              2.191884002
 Transition dipole:                     -2.34053      -1.50506      -0.29559
Mg s
          152          177          178          368          379          381          387          391          393          400          401          402          404          408
Mg p
          159          243          268          303          311          323          333          335          338          342          347          348          349          354          356          359          363          365          368          374          378          383          408
Mg d
          206          211          218          219          221          225          227          230          231          235          239          243          268          270          306          333          335          338          344          345          347          354          356          359          361          363          365          367          368          371          374          378          383          386          400          401          402
 Saving results in set 'frame_230'

 --------------------------------------------------------------------------------

 End time:                               Mon May 17 12:17:52 2021
 Total wall-clock time:                  0.544 seconds
==================================================================================
