
================================================================================
          _____________ ________ _______________ ________     _________         
         / ___________// ______ \\_____   _____// ______ \   / ________)        
        / /_________  / /      \ \     | |     / /      \ \ | (_______          
       |  __________|| |        | |    | |    | |        | | \________ \        
        \ \_________ | |        | |    | |     \ \______/ /___________) |       
         \__________||_|        |_|    |_|      \________//____________/        
                                                                                
====================================[ Qcore ]===================================

 Git hash:   7cd5c520b37f7ee862d844b1504bc4191dc47444
 Git date:   Tue, 4 May 2021 13:25:05 +0100
 Compiler:   GNU 9.1.0
 Build type: Release
 Version:    1.2.0

 Start time: Mon May 17 12:17:55 2021

 Data directory: /home/of15641/.local/src/Qcore/release/share/entos/1.2.0/data
 Number of threads: 1
 Number of threads was determined by: command line argument
  - More threads can be used by running 'qcore -n 24'

 --------------------------------------------------------------------------------
                                  command: bchla                                 
 --------------------------------------------------------------------------------
Mg s eff H
  -0.3103

 SCF converged in 1 iterations.

 Setting up Delta-SCF
 Ground-Excited state overlap:          -0.000000000
 No correction applied to the TDM.
 Excitation energy:                      0.082915083
 Excitation energy (in eV):              2.256234356
 Transition dipole:                     -0.35429       2.61769       1.12395
Mg s
          150          152          177          178          382          392          400          402          403          406          407
Mg p
          159          267          269          308          309          314          317          320          339          340          343          344          345          346          347          352          354          356          357          361          364          365          373          375          382          384          397          406
Mg d
          178          208          210          214          217          219          226          228          230          235          236          238          239          241          243          360          361          364          365          378          392          400          403
 Saving results in set 'frame_264'

 --------------------------------------------------------------------------------

 End time:                               Mon May 17 12:17:55 2021
 Total wall-clock time:                  0.534 seconds
==================================================================================
