
================================================================================
          _____________ ________ _______________ ________     _________         
         / ___________// ______ \\_____   _____// ______ \   / ________)        
        / /_________  / /      \ \     | |     / /      \ \ | (_______          
       |  __________|| |        | |    | |    | |        | | \________ \        
        \ \_________ | |        | |    | |     \ \______/ /___________) |       
         \__________||_|        |_|    |_|      \________//____________/        
                                                                                
====================================[ Qcore ]===================================

 Git hash:   7cd5c520b37f7ee862d844b1504bc4191dc47444
 Git date:   Tue, 4 May 2021 13:25:05 +0100
 Compiler:   GNU 9.1.0
 Build type: Release
 Version:    1.2.0

 Start time: Mon May 17 12:33:31 2021

 Data directory: /home/of15641/.local/src/Qcore/release/share/entos/1.2.0/data
 Number of threads: 1
 Number of threads was determined by: command line argument
  - More threads can be used by running 'qcore -n 24'

 --------------------------------------------------------------------------------
                                  command: bchla                                 
 --------------------------------------------------------------------------------
Mg s eff H
  -0.3101

 SCF converged in 1 iterations.

 Setting up Delta-SCF
 Ground-Excited state overlap:          -0.000000000
 No correction applied to the TDM.
 Excitation energy:                      0.079425776
 Excitation energy (in eV):              2.161285472
 Transition dipole:                      0.72055      -0.81026       3.45998
Mg s
          150          178          382          405          406          407          408
Mg p
          207          210          213          214          216          217          222          223          225          226          228          229          237          241          243          244          249          251          346          357          358          371          407
Mg d
          244          325          330          331          333          341          346          347          352          353          354          357          358          360          362          363          366          367          369          370          371          372          376          379          382          384          386          392          394          407
 Saving results in set 'frame_586'

 --------------------------------------------------------------------------------

 End time:                               Mon May 17 12:33:31 2021
 Total wall-clock time:                  0.513 seconds
==================================================================================
