
================================================================================
          _____________ ________ _______________ ________     _________         
         / ___________// ______ \\_____   _____// ______ \   / ________)        
        / /_________  / /      \ \     | |     / /      \ \ | (_______          
       |  __________|| |        | |    | |    | |        | | \________ \        
        \ \_________ | |        | |    | |     \ \______/ /___________) |       
         \__________||_|        |_|    |_|      \________//____________/        
                                                                                
====================================[ Qcore ]===================================

 Git hash:   7cd5c520b37f7ee862d844b1504bc4191dc47444
 Git date:   Tue, 4 May 2021 13:25:05 +0100
 Compiler:   GNU 9.1.0
 Build type: Release
 Version:    1.2.0

 Start time: Mon May 17 11:51:28 2021

 Data directory: /home/of15641/.local/src/Qcore/release/share/entos/1.2.0/data
 Number of threads: 1
 Number of threads was determined by: command line argument
  - More threads can be used by running 'qcore -n 24'

 --------------------------------------------------------------------------------
                                  command: bchla                                 
 --------------------------------------------------------------------------------
Mg s eff H
  -0.3102

 SCF converged in 1 iterations.

 Setting up Delta-SCF
 Ground-Excited state overlap:           0.000000000
 No correction applied to the TDM.
 Excitation energy:                      0.082466805
 Excitation energy (in eV):              2.244036093
 Transition dipole:                     -1.73832       1.92171       2.00086
Mg s
          149          151          178          179          392          396          401          404          406          408
Mg p
          207          210          214          216          227          230          236          237          239          241          242          326          336          338          340          345          355          358          359          360          362          364          367          369          370          371          372          375          376          381          398          404
Mg d
          296          303          307          309          321          326          327          329          331          333          334          337          338          340          341          342          343          344          348          353          361          362          364          365          367          370          371          374          376          377          381          382          385          387          391          404          408
 Saving results in set 'frame_1496'

 --------------------------------------------------------------------------------

 End time:                               Mon May 17 11:51:28 2021
 Total wall-clock time:                  0.510 seconds
==================================================================================
