
================================================================================
          _____________ ________ _______________ ________     _________         
         / ___________// ______ \\_____   _____// ______ \   / ________)        
        / /_________  / /      \ \     | |     / /      \ \ | (_______          
       |  __________|| |        | |    | |    | |        | | \________ \        
        \ \_________ | |        | |    | |     \ \______/ /___________) |       
         \__________||_|        |_|    |_|      \________//____________/        
                                                                                
====================================[ Qcore ]===================================

 Git hash:   7cd5c520b37f7ee862d844b1504bc4191dc47444
 Git date:   Tue, 4 May 2021 13:25:05 +0100
 Compiler:   GNU 9.1.0
 Build type: Release
 Version:    1.2.0

 Start time: Mon May 17 11:37:18 2021

 Data directory: /home/of15641/.local/src/Qcore/release/share/entos/1.2.0/data
 Number of threads: 1
 Number of threads was determined by: command line argument
  - More threads can be used by running 'qcore -n 24'

 --------------------------------------------------------------------------------
                                  command: bchla                                 
 --------------------------------------------------------------------------------
Mg s eff H
  -0.3101

 SCF converged in 1 iterations.

 Setting up Delta-SCF
 Ground-Excited state overlap:           0.000000000
 No correction applied to the TDM.
 Excitation energy:                      0.070172992
 Excitation energy (in eV):              1.909504396
 Transition dipole:                      1.59211       2.38509       0.86052
Mg s
          149          152          179          180          394          400          402          405          406          408
Mg p
          204          205          217          229          236          239          241          266          310          329          331          339          344          345          346          349          350          352          356          357          371          378          380          395
Mg d
          204          205          216          217          229          232          236          239          241          310          329          338          339          344          345          346          349          352          356          357          366          371          372          373          383          395          405          406
 Saving results in set 'frame_1221'

 --------------------------------------------------------------------------------

 End time:                               Mon May 17 11:37:18 2021
 Total wall-clock time:                  0.492 seconds
==================================================================================
