
================================================================================
          _____________ ________ _______________ ________     _________         
         / ___________// ______ \\_____   _____// ______ \   / ________)        
        / /_________  / /      \ \     | |     / /      \ \ | (_______          
       |  __________|| |        | |    | |    | |        | | \________ \        
        \ \_________ | |        | |    | |     \ \______/ /___________) |       
         \__________||_|        |_|    |_|      \________//____________/        
                                                                                
====================================[ Qcore ]===================================

 Git hash:   7cd5c520b37f7ee862d844b1504bc4191dc47444
 Git date:   Tue, 4 May 2021 13:25:05 +0100
 Compiler:   GNU 9.1.0
 Build type: Release
 Version:    1.2.0

 Start time: Mon May 17 12:52:39 2021

 Data directory: /home/of15641/.local/src/Qcore/release/share/entos/1.2.0/data
 Number of threads: 1
 Number of threads was determined by: command line argument
  - More threads can be used by running 'qcore -n 24'

 --------------------------------------------------------------------------------
                                  command: bchla                                 
 --------------------------------------------------------------------------------
Mg s eff H
  -0.3102

 SCF converged in 1 iterations.

 Setting up Delta-SCF
 Ground-Excited state overlap:           0.000000000
 No correction applied to the TDM.
 Excitation energy:                      0.080977373
 Excitation energy (in eV):              2.203506579
 Transition dipole:                     -2.64489      -0.79462      -1.71787
Mg s
          150          152          178          179          180          181          404          405          406          407          408
Mg p
          220          243          267          320          330          334          338          345          347          351          353          354          355          356          360          365          366          367          370          373          375          390          393          406          407
Mg d
          310          313          316          322          340          343          344          345          347          351          353          356          357          360          362          365          367          370          371          373          375          378          384          388          393          394          408
 Saving results in set 'frame_961'

 --------------------------------------------------------------------------------

 End time:                               Mon May 17 12:52:40 2021
 Total wall-clock time:                  0.527 seconds
==================================================================================
