
================================================================================
          _____________ ________ _______________ ________     _________         
         / ___________// ______ \\_____   _____// ______ \   / ________)        
        / /_________  / /      \ \     | |     / /      \ \ | (_______          
       |  __________|| |        | |    | |    | |        | | \________ \        
        \ \_________ | |        | |    | |     \ \______/ /___________) |       
         \__________||_|        |_|    |_|      \________//____________/        
                                                                                
====================================[ Qcore ]===================================

 Git hash:   7cd5c520b37f7ee862d844b1504bc4191dc47444
 Git date:   Tue, 4 May 2021 13:25:05 +0100
 Compiler:   GNU 9.1.0
 Build type: Release
 Version:    1.2.0

 Start time: Mon May 17 12:27:24 2021

 Data directory: /home/of15641/.local/src/Qcore/release/share/entos/1.2.0/data
 Number of threads: 1
 Number of threads was determined by: command line argument
  - More threads can be used by running 'qcore -n 28'

 --------------------------------------------------------------------------------
                                  command: bchla                                 
 --------------------------------------------------------------------------------
Mg s eff H
  -0.3105

 SCF converged in 1 iterations.

 Setting up Delta-SCF
 Ground-Excited state overlap:          -0.000000000
 No correction applied to the TDM.
 Excitation energy:                      0.059080293
 Excitation energy (in eV):              1.607656674
 Transition dipole:                      0.64401       0.81050       0.13578
Mg s
          146          150          153          177          178          179          180          375          382          398          400          403          405          406          408
Mg p
          212          214          217          221          222          230          232          235          239          240          244          246          247          270          340          349          358          361          363          366          371          374          375          376          378          381          396
Mg d
          158          240          266          270          316          320          325          326          330          340          343          344          346          347          353          356          358          363          366          367          368          371          374          375          376          378          379          381          391          396          403
 Saving results in set 'frame_481'

 --------------------------------------------------------------------------------

 End time:                               Mon May 17 12:27:25 2021
 Total wall-clock time:                  1.005 seconds
==================================================================================
