
================================================================================
          _____________ ________ _______________ ________     _________         
         / ___________// ______ \\_____   _____// ______ \   / ________)        
        / /_________  / /      \ \     | |     / /      \ \ | (_______          
       |  __________|| |        | |    | |    | |        | | \________ \        
        \ \_________ | |        | |    | |     \ \______/ /___________) |       
         \__________||_|        |_|    |_|      \________//____________/        
                                                                                
====================================[ Qcore ]===================================

 Git hash:   7cd5c520b37f7ee862d844b1504bc4191dc47444
 Git date:   Tue, 4 May 2021 13:25:05 +0100
 Compiler:   GNU 9.1.0
 Build type: Release
 Version:    1.2.0

 Start time: Mon May 17 11:30:16 2021

 Data directory: /home/of15641/.local/src/Qcore/release/share/entos/1.2.0/data
 Number of threads: 1
 Number of threads was determined by: command line argument
  - More threads can be used by running 'qcore -n 28'

 --------------------------------------------------------------------------------
                                  command: bchla                                 
 --------------------------------------------------------------------------------
Mg s eff H
  -0.3104

 SCF converged in 1 iterations.

 Setting up Delta-SCF
 Ground-Excited state overlap:          -0.000000000
 No correction applied to the TDM.
 Excitation energy:                      0.079966862
 Excitation energy (in eV):              2.176009165
 Transition dipole:                      2.77218      -0.69676       1.61957
Mg s
          145          153          177          178          179          360          362          384          388          398          399          400          403          405
Mg p
          266          268          309          317          327          329          331          332          337          339          341          346          349          352          358          360          362          363          364          365          367          369          375          383          384          386          391          399          400          403          405
Mg d
          214          219          231          245          264          266          268          317          326          327          337          339          341          342          352          354          356          358          360          363          367          369          371          373          386          388          389          399          405          408
 Saving results in set 'frame_1128'

 --------------------------------------------------------------------------------

 End time:                               Mon May 17 11:30:17 2021
 Total wall-clock time:                  0.963 seconds
==================================================================================
