
================================================================================
          _____________ ________ _______________ ________     _________         
         / ___________// ______ \\_____   _____// ______ \   / ________)        
        / /_________  / /      \ \     | |     / /      \ \ | (_______          
       |  __________|| |        | |    | |    | |        | | \________ \        
        \ \_________ | |        | |    | |     \ \______/ /___________) |       
         \__________||_|        |_|    |_|      \________//____________/        
                                                                                
====================================[ Qcore ]===================================

 Git hash:   7cd5c520b37f7ee862d844b1504bc4191dc47444
 Git date:   Tue, 4 May 2021 13:25:05 +0100
 Compiler:   GNU 9.1.0
 Build type: Release
 Version:    1.2.0

 Start time: Mon May 17 12:39:49 2021

 Data directory: /home/of15641/.local/src/Qcore/release/share/entos/1.2.0/data
 Number of threads: 1
 Number of threads was determined by: command line argument
  - More threads can be used by running 'qcore -n 24'

 --------------------------------------------------------------------------------
                                  command: bchla                                 
 --------------------------------------------------------------------------------
Mg s eff H
  -0.3103

 SCF converged in 1 iterations.

 Setting up Delta-SCF
 Ground-Excited state overlap:          -0.000000000
 No correction applied to the TDM.
 Excitation energy:                      0.076101414
 Excitation energy (in eV):              2.070824968
 Transition dipole:                     -1.54537      -2.58677       0.00349
Mg s
          148          151          178          179          181          382          402          403          405          406
Mg p
          210          211          215          216          221          228          233          239          242          245          246          247          251          331          347          348          354          355          358          360          362          373          382
Mg d
          160          272          309          315          323          328          331          337          340          343          344          347          350          354          357          360          361          362          365          367          369          370          373          374          376          377          386          394          398          401          403          405
 Saving results in set 'frame_745'

 --------------------------------------------------------------------------------

 End time:                               Mon May 17 12:39:50 2021
 Total wall-clock time:                  0.545 seconds
==================================================================================
