
================================================================================
          _____________ ________ _______________ ________     _________         
         / ___________// ______ \\_____   _____// ______ \   / ________)        
        / /_________  / /      \ \     | |     / /      \ \ | (_______          
       |  __________|| |        | |    | |    | |        | | \________ \        
        \ \_________ | |        | |    | |     \ \______/ /___________) |       
         \__________||_|        |_|    |_|      \________//____________/        
                                                                                
====================================[ Qcore ]===================================

 Git hash:   7cd5c520b37f7ee862d844b1504bc4191dc47444
 Git date:   Tue, 4 May 2021 13:25:05 +0100
 Compiler:   GNU 9.1.0
 Build type: Release
 Version:    1.2.0

 Start time: Mon May 17 12:21:02 2021

 Data directory: /home/of15641/.local/src/Qcore/release/share/entos/1.2.0/data
 Number of threads: 1
 Number of threads was determined by: command line argument
  - More threads can be used by running 'qcore -n 24'

 --------------------------------------------------------------------------------
                                  command: bchla                                 
 --------------------------------------------------------------------------------
Mg s eff H
  -0.3103

 SCF converged in 1 iterations.

 Setting up Delta-SCF
 Ground-Excited state overlap:          -0.000000000
 No correction applied to the TDM.
 Excitation energy:                      0.071144461
 Excitation energy (in eV):              1.935939407
 Transition dipole:                      1.24735       1.79623       1.61671
Mg s
          152          177          178          372          393          397          398          399          400          401          402          403          406
Mg p
          159          204          217          218          220          226          230          233          236          245          265          266          307          340          341          343          345          349          350          351          353          354          356          359          363          364          365          367          372          373          375          389
Mg d
          204          208          217          218          220          226          229          230          233          236          237          245          265          340          341          343          344          345          349          350          351          353          354          356          359          363          364          365          367          372          373          375
 Saving results in set 'frame_294'

 --------------------------------------------------------------------------------

 End time:                               Mon May 17 12:21:03 2021
 Total wall-clock time:                  0.515 seconds
==================================================================================
