
================================================================================
          _____________ ________ _______________ ________     _________         
         / ___________// ______ \\_____   _____// ______ \   / ________)        
        / /_________  / /      \ \     | |     / /      \ \ | (_______          
       |  __________|| |        | |    | |    | |        | | \________ \        
        \ \_________ | |        | |    | |     \ \______/ /___________) |       
         \__________||_|        |_|    |_|      \________//____________/        
                                                                                
====================================[ Qcore ]===================================

 Git hash:   7cd5c520b37f7ee862d844b1504bc4191dc47444
 Git date:   Tue, 4 May 2021 13:25:05 +0100
 Compiler:   GNU 9.1.0
 Build type: Release
 Version:    1.2.0

 Start time: Mon May 17 11:30:11 2021

 Data directory: /home/of15641/.local/src/Qcore/release/share/entos/1.2.0/data
 Number of threads: 1
 Number of threads was determined by: command line argument
  - More threads can be used by running 'qcore -n 24'

 --------------------------------------------------------------------------------
                                  command: bchla                                 
 --------------------------------------------------------------------------------
Mg s eff H
  -0.3101

 SCF converged in 1 iterations.

 Setting up Delta-SCF
 Ground-Excited state overlap:          -0.000000000
 No correction applied to the TDM.
 Excitation energy:                      0.069768736
 Excitation energy (in eV):              1.898504021
 Transition dipole:                     -2.13173       0.38078       1.62273
Mg s
          148          152          177          178          341          385          400          404          405          406          408
Mg p
          160          267          307          309          311          320          324          328          329          331          333          337          341          342          343          347          351          352          358          362          363          366          370          371          375          383          385          394          400          404          405          406          408
Mg d
          156          241          305          322          331          333          337          341          347          349          351          352          355          358          359          363          366          370          371          372          378          379          385          400
 Saving results in set 'frame_1074'

 --------------------------------------------------------------------------------

 End time:                               Mon May 17 11:30:11 2021
 Total wall-clock time:                  0.714 seconds
==================================================================================
