
================================================================================
          _____________ ________ _______________ ________     _________         
         / ___________// ______ \\_____   _____// ______ \   / ________)        
        / /_________  / /      \ \     | |     / /      \ \ | (_______          
       |  __________|| |        | |    | |    | |        | | \________ \        
        \ \_________ | |        | |    | |     \ \______/ /___________) |       
         \__________||_|        |_|    |_|      \________//____________/        
                                                                                
====================================[ Qcore ]===================================

 Git hash:   7cd5c520b37f7ee862d844b1504bc4191dc47444
 Git date:   Tue, 4 May 2021 13:25:05 +0100
 Compiler:   GNU 9.1.0
 Build type: Release
 Version:    1.2.0

 Start time: Mon May 17 11:44:26 2021

 Data directory: /home/of15641/.local/src/Qcore/release/share/entos/1.2.0/data
 Number of threads: 1
 Number of threads was determined by: command line argument
  - More threads can be used by running 'qcore -n 24'

 --------------------------------------------------------------------------------
                                  command: bchla                                 
 --------------------------------------------------------------------------------
Mg s eff H
  -0.3103

 SCF converged in 1 iterations.

 Setting up Delta-SCF
 Ground-Excited state overlap:          -0.000000000
 No correction applied to the TDM.
 Excitation energy:                      0.078743321
 Excitation energy (in eV):              2.142714923
 Transition dipole:                     -0.71904       1.78611      -2.99669
Mg s
          150          153          177          178          181          382          385          399          401          402          403          405          407          408
Mg p
          160          264          265          308          316          321          324          333          334          336          340          343          347          348          351          354          355          357          360          362          363          364          369          373          374          382          384          387          390          391          393          405          408
Mg d
          208          213          219          225          230          235          240          242          244          245          264          269          303          314          324          328          340          343          347          349          351          354          355          357          359          360          362          363          365          369          373          374          377          379          384          399
 Saving results in set 'frame_1338'

 --------------------------------------------------------------------------------

 End time:                               Mon May 17 11:44:27 2021
 Total wall-clock time:                  0.571 seconds
==================================================================================
