
================================================================================
          _____________ ________ _______________ ________     _________         
         / ___________// ______ \\_____   _____// ______ \   / ________)        
        / /_________  / /      \ \     | |     / /      \ \ | (_______          
       |  __________|| |        | |    | |    | |        | | \________ \        
        \ \_________ | |        | |    | |     \ \______/ /___________) |       
         \__________||_|        |_|    |_|      \________//____________/        
                                                                                
====================================[ Qcore ]===================================

 Git hash:   7cd5c520b37f7ee862d844b1504bc4191dc47444
 Git date:   Tue, 4 May 2021 13:25:05 +0100
 Compiler:   GNU 9.1.0
 Build type: Release
 Version:    1.2.0

 Start time: Mon May 17 12:24:17 2021

 Data directory: /home/of15641/.local/src/Qcore/release/share/entos/1.2.0/data
 Number of threads: 1
 Number of threads was determined by: command line argument
  - More threads can be used by running 'qcore -n 24'

 --------------------------------------------------------------------------------
                                  command: bchla                                 
 --------------------------------------------------------------------------------
Mg s eff H
  -0.3103

 SCF converged in 1 iterations.

 Setting up Delta-SCF
 Ground-Excited state overlap:          -0.000000000
 No correction applied to the TDM.
 Excitation energy:                      0.082251313
 Excitation energy (in eV):              2.238172245
 Transition dipole:                     -1.51325       0.44471       3.11990
Mg s
          151          177          178          179          181          378          381          395          397          398          399          404          405          406          408
Mg p
          159          265          269          290          319          325          327          330          334          338          340          344          349          350          351          354          359          360          361          362          366          369          371          373          374          378          383          386          391          405
Mg d
          158          219          265          269          312          322          326          330          332          334          337          338          339          340          343          349          350          351          354          362          364          366          367          369          371          374          377          378          385          386          390          395          398          399          404          405
 Saving results in set 'frame_3'

 --------------------------------------------------------------------------------

 End time:                               Mon May 17 12:24:18 2021
 Total wall-clock time:                  0.558 seconds
==================================================================================
