
================================================================================
          _____________ ________ _______________ ________     _________         
         / ___________// ______ \\_____   _____// ______ \   / ________)        
        / /_________  / /      \ \     | |     / /      \ \ | (_______          
       |  __________|| |        | |    | |    | |        | | \________ \        
        \ \_________ | |        | |    | |     \ \______/ /___________) |       
         \__________||_|        |_|    |_|      \________//____________/        
                                                                                
====================================[ Qcore ]===================================

 Git hash:   7cd5c520b37f7ee862d844b1504bc4191dc47444
 Git date:   Tue, 4 May 2021 13:25:05 +0100
 Compiler:   GNU 9.1.0
 Build type: Release
 Version:    1.2.0

 Start time: Mon May 17 12:42:57 2021

 Data directory: /home/of15641/.local/src/Qcore/release/share/entos/1.2.0/data
 Number of threads: 1
 Number of threads was determined by: command line argument
  - More threads can be used by running 'qcore -n 24'

 --------------------------------------------------------------------------------
                                  command: bchla                                 
 --------------------------------------------------------------------------------
Mg s eff H
  -0.3104

 SCF converged in 1 iterations.

 Setting up Delta-SCF
 Ground-Excited state overlap:          -0.000000000
 No correction applied to the TDM.
 Excitation energy:                      0.077062644
 Excitation energy (in eV):              2.096981368
 Transition dipole:                     -2.78225      -0.84722       2.21389
Mg s
          149          152          177          178          355          381          395          405          407          408
Mg p
          214          215          216          217          224          230          244          246          247          268          315          326          331          332          334          341          349          350          353          357          361          363          365          366          367          368          369          372          376          379          381          408
Mg d
          215          244          246          266          268          311          322          327          330          332          338          339          341          344          346          349          350          355          357          361          366          368          371          372          376          383          384          389          392          402          405
 Saving results in set 'frame_76'

 --------------------------------------------------------------------------------

 End time:                               Mon May 17 12:42:57 2021
 Total wall-clock time:                  0.516 seconds
==================================================================================
