
================================================================================
          _____________ ________ _______________ ________     _________         
         / ___________// ______ \\_____   _____// ______ \   / ________)        
        / /_________  / /      \ \     | |     / /      \ \ | (_______          
       |  __________|| |        | |    | |    | |        | | \________ \        
        \ \_________ | |        | |    | |     \ \______/ /___________) |       
         \__________||_|        |_|    |_|      \________//____________/        
                                                                                
====================================[ Qcore ]===================================

 Git hash:   7cd5c520b37f7ee862d844b1504bc4191dc47444
 Git date:   Tue, 4 May 2021 13:25:05 +0100
 Compiler:   GNU 9.1.0
 Build type: Release
 Version:    1.2.0

 Start time: Thu May 13 08:55:58 2021

 Data directory: /home/of15641/.local/src/Qcore/release/share/entos/1.2.0/data
 Number of threads: 1
 Number of threads was determined by: command line argument
  - More threads can be used by running 'qcore -n 24'

 --------------------------------------------------------------------------------
                                  command: bchla                                 
 --------------------------------------------------------------------------------
Mg s eff H
  -0.3101

 SCF converged in 1 iterations.

 Setting up Delta-SCF
 Ground-Excited state overlap:          -0.000000000
 No correction applied to the TDM.
 Excitation energy:                      0.080892372
 Excitation energy (in eV):              2.201193575
 Transition dipole:                      1.85584      -0.11904       2.58088
Mg s
          153          178          179          386          397          402          405          406          408
Mg p
          244          245          266          269          315          330          331          341          342          343          346          351          354          355          356          360          361          362          364          365          367          370          372          376          380          382          390          396          400          405
Mg d
          245          273          274          298          323          327          333          337          351          355          358          364          366          367          370          372          374          376          377          380          382          384          389          394          405          406
 Saving results in set 'frame_1040'

 --------------------------------------------------------------------------------

 End time:                               Thu May 13 08:55:59 2021
 Total wall-clock time:                  0.821 seconds
==================================================================================
