
================================================================================
          _____________ ________ _______________ ________     _________         
         / ___________// ______ \\_____   _____// ______ \   / ________)        
        / /_________  / /      \ \     | |     / /      \ \ | (_______          
       |  __________|| |        | |    | |    | |        | | \________ \        
        \ \_________ | |        | |    | |     \ \______/ /___________) |       
         \__________||_|        |_|    |_|      \________//____________/        
                                                                                
====================================[ Qcore ]===================================

 Git hash:   7cd5c520b37f7ee862d844b1504bc4191dc47444
 Git date:   Tue, 4 May 2021 13:25:05 +0100
 Compiler:   GNU 9.1.0
 Build type: Release
 Version:    1.2.0

 Start time: Mon May 17 11:54:55 2021

 Data directory: /home/of15641/.local/src/Qcore/release/share/entos/1.2.0/data
 Number of threads: 1
 Number of threads was determined by: command line argument
  - More threads can be used by running 'qcore -n 24'

 --------------------------------------------------------------------------------
                                  command: bchla                                 
 --------------------------------------------------------------------------------
Mg s eff H
  -0.3103

 SCF converged in 1 iterations.

 Setting up Delta-SCF
 Ground-Excited state overlap:           0.000000000
 No correction applied to the TDM.
 Excitation energy:                      0.077333770
 Excitation energy (in eV):              2.104359080
 Transition dipole:                     -2.25159       2.40664       0.38171
Mg s
          150          152          179          368          388          392          395          398          400          401          402          404          406          408
Mg p
          158          212          230          231          239          240          242          268          303          319          323          328          338          340          342          343          350          352          355          359          360          361          362          363          365          368          374          386          398          401
Mg d
          208          209          211          212          215          227          230          231          239          240          241          242          267          314          323          338          340          343          346          350          352          355          357          358          365          368          374          375          376          393
 Saving results in set 'frame_1546'

 --------------------------------------------------------------------------------

 End time:                               Mon May 17 11:54:56 2021
 Total wall-clock time:                  0.525 seconds
==================================================================================
