
================================================================================
          _____________ ________ _______________ ________     _________         
         / ___________// ______ \\_____   _____// ______ \   / ________)        
        / /_________  / /      \ \     | |     / /      \ \ | (_______          
       |  __________|| |        | |    | |    | |        | | \________ \        
        \ \_________ | |        | |    | |     \ \______/ /___________) |       
         \__________||_|        |_|    |_|      \________//____________/        
                                                                                
====================================[ Qcore ]===================================

 Git hash:   7cd5c520b37f7ee862d844b1504bc4191dc47444
 Git date:   Tue, 4 May 2021 13:25:05 +0100
 Compiler:   GNU 9.1.0
 Build type: Release
 Version:    1.2.0

 Start time: Mon May 17 12:14:38 2021

 Data directory: /home/of15641/.local/src/Qcore/release/share/entos/1.2.0/data
 Number of threads: 1
 Number of threads was determined by: command line argument
  - More threads can be used by running 'qcore -n 24'

 --------------------------------------------------------------------------------
                                  command: bchla                                 
 --------------------------------------------------------------------------------
Mg s eff H
  -0.3104

 SCF converged in 1 iterations.

 Setting up Delta-SCF
 Ground-Excited state overlap:           0.000000000
 No correction applied to the TDM.
 Excitation energy:                      0.080376991
 Excitation energy (in eV):              2.187169361
 Transition dipole:                     -0.22257      -2.70794      -1.57343
Mg s
          152          177          178          179          180          365          392          393          399          404          405
Mg p
          159          218          231          235          239          266          268          310          311          315          330          332          336          339          342          344          345          346          349          350          352          353          355          358          365          368          369          370          375          376          377          382
Mg d
          204          205          207          210          213          214          217          218          224          230          231          235          236          237          239          266          332          345          346          349          358          365          366          368          375          376          382          388          404          405
 Saving results in set 'frame_1970'

 --------------------------------------------------------------------------------

 End time:                               Mon May 17 12:14:39 2021
 Total wall-clock time:                  0.539 seconds
==================================================================================
