
================================================================================
          _____________ ________ _______________ ________     _________         
         / ___________// ______ \\_____   _____// ______ \   / ________)        
        / /_________  / /      \ \     | |     / /      \ \ | (_______          
       |  __________|| |        | |    | |    | |        | | \________ \        
        \ \_________ | |        | |    | |     \ \______/ /___________) |       
         \__________||_|        |_|    |_|      \________//____________/        
                                                                                
====================================[ Qcore ]===================================

 Git hash:   7cd5c520b37f7ee862d844b1504bc4191dc47444
 Git date:   Tue, 4 May 2021 13:25:05 +0100
 Compiler:   GNU 9.1.0
 Build type: Release
 Version:    1.2.0

 Start time: Mon May 17 12:04:59 2021

 Data directory: /home/of15641/.local/src/Qcore/release/share/entos/1.2.0/data
 Number of threads: 1
 Number of threads was determined by: command line argument
  - More threads can be used by running 'qcore -n 24'

 --------------------------------------------------------------------------------
                                  command: bchla                                 
 --------------------------------------------------------------------------------
Mg s eff H
  -0.3102

 SCF converged in 1 iterations.

 Setting up Delta-SCF
 Ground-Excited state overlap:          -0.000000000
 No correction applied to the TDM.
 Excitation energy:                      0.075963608
 Excitation energy (in eV):              2.067075081
 Transition dipole:                     -3.01913      -0.07837      -0.55629
Mg s
          149          152          178          179          379          394          404          405          406          408
Mg p
          158          271          316          329          338          340          342          350          352          354          355          358          360          364          366          369          370          371          373          378          379          381          383          389          391
Mg d
          206          208          209          220          221          227          229          234          235          236          237          241          242          244          245          267          329          340          341          342          348          354          355          360          364          371          374
 Saving results in set 'frame_178'

 --------------------------------------------------------------------------------

 End time:                               Mon May 17 12:04:59 2021
 Total wall-clock time:                  0.505 seconds
==================================================================================
