
================================================================================
          _____________ ________ _______________ ________     _________         
         / ___________// ______ \\_____   _____// ______ \   / ________)        
        / /_________  / /      \ \     | |     / /      \ \ | (_______          
       |  __________|| |        | |    | |    | |        | | \________ \        
        \ \_________ | |        | |    | |     \ \______/ /___________) |       
         \__________||_|        |_|    |_|      \________//____________/        
                                                                                
====================================[ Qcore ]===================================

 Git hash:   7cd5c520b37f7ee862d844b1504bc4191dc47444
 Git date:   Tue, 4 May 2021 13:25:05 +0100
 Compiler:   GNU 9.1.0
 Build type: Release
 Version:    1.2.0

 Start time: Mon May 17 11:58:21 2021

 Data directory: /home/of15641/.local/src/Qcore/release/share/entos/1.2.0/data
 Number of threads: 1
 Number of threads was determined by: command line argument
  - More threads can be used by running 'qcore -n 24'

 --------------------------------------------------------------------------------
                                  command: bchla                                 
 --------------------------------------------------------------------------------
Mg s eff H
  -0.3102

 SCF converged in 1 iterations.

 Setting up Delta-SCF
 Ground-Excited state overlap:          -0.000000000
 No correction applied to the TDM.
 Excitation energy:                      0.078857274
 Excitation energy (in eV):              2.145815746
 Transition dipole:                     -2.75537       1.32520       1.64344
Mg s
          145          151          152          176          177          179          180          372          396          398          399          404          405          406          408
Mg p
          158          269          304          322          324          327          330          347          352          354          355          358          359          361          363          365          366          368          369          372          374          376          378          380          385          390          398
Mg d
          159          208          213          228          232          239          241          242          267          310          319          327          333          336          339          342          344          347          350          352          354          356          358          359          361          365          366          368          369          372          404          405
 Saving results in set 'frame_160'

 --------------------------------------------------------------------------------

 End time:                               Mon May 17 11:58:22 2021
 Total wall-clock time:                  0.581 seconds
==================================================================================
