
================================================================================
          _____________ ________ _______________ ________     _________         
         / ___________// ______ \\_____   _____// ______ \   / ________)        
        / /_________  / /      \ \     | |     / /      \ \ | (_______          
       |  __________|| |        | |    | |    | |        | | \________ \        
        \ \_________ | |        | |    | |     \ \______/ /___________) |       
         \__________||_|        |_|    |_|      \________//____________/        
                                                                                
====================================[ Qcore ]===================================

 Git hash:   7cd5c520b37f7ee862d844b1504bc4191dc47444
 Git date:   Tue, 4 May 2021 13:25:05 +0100
 Compiler:   GNU 9.1.0
 Build type: Release
 Version:    1.2.0

 Start time: Mon May 17 12:27:20 2021

 Data directory: /home/of15641/.local/src/Qcore/release/share/entos/1.2.0/data
 Number of threads: 1
 Number of threads was determined by: command line argument
  - More threads can be used by running 'qcore -n 24'

 --------------------------------------------------------------------------------
                                  command: bchla                                 
 --------------------------------------------------------------------------------
Mg s eff H
  -0.3103

 SCF converged in 1 iterations.

 Setting up Delta-SCF
 Ground-Excited state overlap:           0.000000000
 No correction applied to the TDM.
 Excitation energy:                      0.075831519
 Excitation energy (in eV):              2.063480751
 Transition dipole:                     -1.47628      -0.71816      -2.71790
Mg s
          142          152          177          178          179          358          361          368          378          402          404
Mg p
          264          268          306          315          326          342          343          346          349          350          355          358          359          361          363          364          367          368          371          372          374          378          382          383          388          389          390          394          395
Mg d
          239          264          268          316          322          336          342          346          348          349          350          355          357          358          359          361          368          371          379          389          391          402          404          408
 Saving results in set 'frame_434'

 --------------------------------------------------------------------------------

 End time:                               Mon May 17 12:27:20 2021
 Total wall-clock time:                  0.510 seconds
==================================================================================
