
================================================================================
          _____________ ________ _______________ ________     _________         
         / ___________// ______ \\_____   _____// ______ \   / ________)        
        / /_________  / /      \ \     | |     / /      \ \ | (_______          
       |  __________|| |        | |    | |    | |        | | \________ \        
        \ \_________ | |        | |    | |     \ \______/ /___________) |       
         \__________||_|        |_|    |_|      \________//____________/        
                                                                                
====================================[ Qcore ]===================================

 Git hash:   7cd5c520b37f7ee862d844b1504bc4191dc47444
 Git date:   Tue, 4 May 2021 13:25:05 +0100
 Compiler:   GNU 9.1.0
 Build type: Release
 Version:    1.2.0

 Start time: Mon May 17 12:08:08 2021

 Data directory: /home/of15641/.local/src/Qcore/release/share/entos/1.2.0/data
 Number of threads: 1
 Number of threads was determined by: command line argument
  - More threads can be used by running 'qcore -n 24'

 --------------------------------------------------------------------------------
                                  command: bchla                                 
 --------------------------------------------------------------------------------
Mg s eff H
  -0.3102

 SCF converged in 1 iterations.

 Setting up Delta-SCF
 Ground-Excited state overlap:          -0.000000000
 No correction applied to the TDM.
 Excitation energy:                      0.080261468
 Excitation energy (in eV):              2.184025806
 Transition dipole:                      2.26321       2.03861       0.81284
Mg s
          144          148          152          176          179          389          394          396          406          407          408
Mg p
          207          216          217          221          231          232          235          240          241          242          243          245          249          250          267          305          322          335          339          342          346          350          352          354          359          362          365          369          370          372          373          375          376          389          391          399          406
Mg d
          158          267          268          301          306          310          312          318          329          334          335          339          342          346          350          354          355          358          359          362          365          366          367          370          372          373          376          379          383          384          387          391          393          399
 Saving results in set 'frame_1835'

 --------------------------------------------------------------------------------

 End time:                               Mon May 17 12:08:09 2021
 Total wall-clock time:                  0.478 seconds
==================================================================================
