
================================================================================
          _____________ ________ _______________ ________     _________         
         / ___________// ______ \\_____   _____// ______ \   / ________)        
        / /_________  / /      \ \     | |     / /      \ \ | (_______          
       |  __________|| |        | |    | |    | |        | | \________ \        
        \ \_________ | |        | |    | |     \ \______/ /___________) |       
         \__________||_|        |_|    |_|      \________//____________/        
                                                                                
====================================[ Qcore ]===================================

 Git hash:   7cd5c520b37f7ee862d844b1504bc4191dc47444
 Git date:   Tue, 4 May 2021 13:25:05 +0100
 Compiler:   GNU 9.1.0
 Build type: Release
 Version:    1.2.0

 Start time: Mon May 17 12:33:31 2021

 Data directory: /home/of15641/.local/src/Qcore/release/share/entos/1.2.0/data
 Number of threads: 1
 Number of threads was determined by: command line argument
  - More threads can be used by running 'qcore -n 24'

 --------------------------------------------------------------------------------
                                  command: bchla                                 
 --------------------------------------------------------------------------------
Mg s eff H
  -0.3101

 SCF converged in 1 iterations.

 Setting up Delta-SCF
 Ground-Excited state overlap:           0.000000000
 No correction applied to the TDM.
 Excitation energy:                      0.075029107
 Excitation energy (in eV):              2.041646016
 Transition dipole:                      0.17237      -1.05172       3.47006
Mg s
          144          148          151          178          179          364          389          392          401          403          405          406
Mg p
          205          210          214          215          217          218          223          226          232          235          237          240          242          246          251          352          363          364
Mg d
          269          311          320          325          334          341          342          344          346          349          352          354          357          363          364          365          366          369          377          393          396          403          405          406
 Saving results in set 'frame_594'

 --------------------------------------------------------------------------------

 End time:                               Mon May 17 12:33:32 2021
 Total wall-clock time:                  0.510 seconds
==================================================================================
