
================================================================================
          _____________ ________ _______________ ________     _________         
         / ___________// ______ \\_____   _____// ______ \   / ________)        
        / /_________  / /      \ \     | |     / /      \ \ | (_______          
       |  __________|| |        | |    | |    | |        | | \________ \        
        \ \_________ | |        | |    | |     \ \______/ /___________) |       
         \__________||_|        |_|    |_|      \________//____________/        
                                                                                
====================================[ Qcore ]===================================

 Git hash:   7cd5c520b37f7ee862d844b1504bc4191dc47444
 Git date:   Tue, 4 May 2021 13:25:05 +0100
 Compiler:   GNU 9.1.0
 Build type: Release
 Version:    1.2.0

 Start time: Mon May 17 11:30:12 2021

 Data directory: /home/of15641/.local/src/Qcore/release/share/entos/1.2.0/data
 Number of threads: 1
 Number of threads was determined by: command line argument
  - More threads can be used by running 'qcore -n 24'

 --------------------------------------------------------------------------------
                                  command: bchla                                 
 --------------------------------------------------------------------------------
Mg s eff H
  -0.3100

 SCF converged in 1 iterations.

 Setting up Delta-SCF
 Ground-Excited state overlap:           0.000000000
 No correction applied to the TDM.
 Excitation energy:                      0.078718682
 Excitation energy (in eV):              2.142044449
 Transition dipole:                      2.05844      -0.45002       2.42354
Mg s
          142          150          152          178          179          395          401          402          405          406          407          408
Mg p
          159          243          269          304          320          329          330          333          343          346          347          353          358          359          361          363          364          365          366          368          371          375          383          389          390          391          395          406          407
Mg d
          158          310          318          329          335          346          347          349          353          358          359          363          364          365          366          368          371          372          375          379          381          385          387          388          389          390          391          403
 Saving results in set 'frame_1092'

 --------------------------------------------------------------------------------

 End time:                               Mon May 17 11:30:13 2021
 Total wall-clock time:                  0.536 seconds
==================================================================================
