
================================================================================
          _____________ ________ _______________ ________     _________         
         / ___________// ______ \\_____   _____// ______ \   / ________)        
        / /_________  / /      \ \     | |     / /      \ \ | (_______          
       |  __________|| |        | |    | |    | |        | | \________ \        
        \ \_________ | |        | |    | |     \ \______/ /___________) |       
         \__________||_|        |_|    |_|      \________//____________/        
                                                                                
====================================[ Qcore ]===================================

 Git hash:   7cd5c520b37f7ee862d844b1504bc4191dc47444
 Git date:   Tue, 4 May 2021 13:25:05 +0100
 Compiler:   GNU 9.1.0
 Build type: Release
 Version:    1.2.0

 Start time: Mon May 17 12:21:02 2021

 Data directory: /home/of15641/.local/src/Qcore/release/share/entos/1.2.0/data
 Number of threads: 1
 Number of threads was determined by: command line argument
  - More threads can be used by running 'qcore -n 24'

 --------------------------------------------------------------------------------
                                  command: bchla                                 
 --------------------------------------------------------------------------------
Mg s eff H
  -0.3105

 SCF converged in 1 iterations.

 Setting up Delta-SCF
 Ground-Excited state overlap:           0.000000000
 No correction applied to the TDM.
 Excitation energy:                      0.081699320
 Excitation energy (in eV):              2.223151760
 Transition dipole:                     -0.18459      -1.63350      -1.91680
Mg s
          151          152          179          180          355          385          389          397          401          402          404          405          408
Mg p
          159          270          308          310          314          315          323          330          332          338          341          343          344          349          350          351          354          355          358          360          362          364          370          372          373          376          379          385          402          404          405          408
Mg d
          158          208          214          215          218          222          228          229          238          239          241          244          246          266          315          321          325          327          328          338          339          341          342          350          354          355          362          366          368          369          370          373          382          402          404          405
 Saving results in set 'frame_28'

 --------------------------------------------------------------------------------

 End time:                               Mon May 17 12:21:03 2021
 Total wall-clock time:                  0.594 seconds
==================================================================================
