
================================================================================
          _____________ ________ _______________ ________     _________         
         / ___________// ______ \\_____   _____// ______ \   / ________)        
        / /_________  / /      \ \     | |     / /      \ \ | (_______          
       |  __________|| |        | |    | |    | |        | | \________ \        
        \ \_________ | |        | |    | |     \ \______/ /___________) |       
         \__________||_|        |_|    |_|      \________//____________/        
                                                                                
====================================[ Qcore ]===================================

 Git hash:   7cd5c520b37f7ee862d844b1504bc4191dc47444
 Git date:   Tue, 4 May 2021 13:25:05 +0100
 Compiler:   GNU 9.1.0
 Build type: Release
 Version:    1.2.0

 Start time: Mon May 17 11:44:30 2021

 Data directory: /home/of15641/.local/src/Qcore/release/share/entos/1.2.0/data
 Number of threads: 1
 Number of threads was determined by: command line argument
  - More threads can be used by running 'qcore -n 24'

 --------------------------------------------------------------------------------
                                  command: bchla                                 
 --------------------------------------------------------------------------------
Mg s eff H
  -0.3104

 SCF converged in 1 iterations.

 Setting up Delta-SCF
 Ground-Excited state overlap:          -0.000000000
 No correction applied to the TDM.
 Excitation energy:                      0.080891232
 Excitation energy (in eV):              2.201162553
 Transition dipole:                      0.95942       3.18311       0.63086
Mg s
          151          153          177          178          383          384          388          390          395          396          397          398          403          404          405          408
Mg p
          214          220          227          236          238          240          242          244          263          266          270          317          323          333          337          338          340          342          343          345          347          349          351          352          356          362          363          365          367          368          369          370          371          373          374          376          384          385          388          389          403
Mg d
          208          211          214          220          227          229          236          238          240          241          242          244          245          270          349          356          358          362          369          373          374          376          384          385          388          403
 Saving results in set 'frame_1383'

 --------------------------------------------------------------------------------

 End time:                               Mon May 17 11:44:31 2021
 Total wall-clock time:                  0.608 seconds
==================================================================================
