
================================================================================
          _____________ ________ _______________ ________     _________         
         / ___________// ______ \\_____   _____// ______ \   / ________)        
        / /_________  / /      \ \     | |     / /      \ \ | (_______          
       |  __________|| |        | |    | |    | |        | | \________ \        
        \ \_________ | |        | |    | |     \ \______/ /___________) |       
         \__________||_|        |_|    |_|      \________//____________/        
                                                                                
====================================[ Qcore ]===================================

 Git hash:   7cd5c520b37f7ee862d844b1504bc4191dc47444
 Git date:   Tue, 4 May 2021 13:25:05 +0100
 Compiler:   GNU 9.1.0
 Build type: Release
 Version:    1.2.0

 Start time: Mon May 17 12:14:42 2021

 Data directory: /home/of15641/.local/src/Qcore/release/share/entos/1.2.0/data
 Number of threads: 1
 Number of threads was determined by: command line argument
  - More threads can be used by running 'qcore -n 24'

 --------------------------------------------------------------------------------
                                  command: bchla                                 
 --------------------------------------------------------------------------------
Mg s eff H
  -0.3101

 SCF converged in 1 iterations.

 Setting up Delta-SCF
 Ground-Excited state overlap:           0.000000000
 No correction applied to the TDM.
 Excitation energy:                      0.077853554
 Excitation energy (in eV):              2.118503133
 Transition dipole:                     -2.72994       1.91053       1.52728
Mg s
          148          179          180          363          404          407          408
Mg p
          246          268          269          297          300          328          330          333          336          337          339          349          350          353          356          359          360          363          365          368          369          374          376          379          384          391          395          397          407          408
Mg d
          203          207          213          219          222          227          231          235          237          242          244          246          248          363          369          371          372          376          379          387
 Saving results in set 'frame_202'

 --------------------------------------------------------------------------------

 End time:                               Mon May 17 12:14:42 2021
 Total wall-clock time:                  0.582 seconds
==================================================================================
