
================================================================================
          _____________ ________ _______________ ________     _________         
         / ___________// ______ \\_____   _____// ______ \   / ________)        
        / /_________  / /      \ \     | |     / /      \ \ | (_______          
       |  __________|| |        | |    | |    | |        | | \________ \        
        \ \_________ | |        | |    | |     \ \______/ /___________) |       
         \__________||_|        |_|    |_|      \________//____________/        
                                                                                
====================================[ Qcore ]===================================

 Git hash:   7cd5c520b37f7ee862d844b1504bc4191dc47444
 Git date:   Tue, 4 May 2021 13:25:05 +0100
 Compiler:   GNU 9.1.0
 Build type: Release
 Version:    1.2.0

 Start time: Mon May 17 12:21:06 2021

 Data directory: /home/of15641/.local/src/Qcore/release/share/entos/1.2.0/data
 Number of threads: 1
 Number of threads was determined by: command line argument
  - More threads can be used by running 'qcore -n 24'

 --------------------------------------------------------------------------------
                                  command: bchla                                 
 --------------------------------------------------------------------------------
Mg s eff H
  -0.3103

 SCF converged in 1 iterations.

 Setting up Delta-SCF
 Ground-Excited state overlap:           0.000000000
 No correction applied to the TDM.
 Excitation energy:                      0.074316989
 Excitation energy (in eV):              2.022268285
 Transition dipole:                      3.07369       0.29074      -1.93197
Mg s
          143          151          178          179          380          389          395          397          399          401          405          407          408
Mg p
          214          235          236          241          242          270          272          316          346          351          359          360          367          371          373          374          378          380          384          389          405
Mg d
          179          214          227          235          236          239          241          242          267          315          334          336          354          357          359          360          363          365          367          371          373          376          378          382          384          389          399          403          405
 Saving results in set 'frame_333'

 --------------------------------------------------------------------------------

 End time:                               Mon May 17 12:21:07 2021
 Total wall-clock time:                  0.542 seconds
==================================================================================
