
================================================================================
          _____________ ________ _______________ ________     _________         
         / ___________// ______ \\_____   _____// ______ \   / ________)        
        / /_________  / /      \ \     | |     / /      \ \ | (_______          
       |  __________|| |        | |    | |    | |        | | \________ \        
        \ \_________ | |        | |    | |     \ \______/ /___________) |       
         \__________||_|        |_|    |_|      \________//____________/        
                                                                                
====================================[ Qcore ]===================================

 Git hash:   7cd5c520b37f7ee862d844b1504bc4191dc47444
 Git date:   Tue, 4 May 2021 13:25:05 +0100
 Compiler:   GNU 9.1.0
 Build type: Release
 Version:    1.2.0

 Start time: Mon May 17 12:08:12 2021

 Data directory: /home/of15641/.local/src/Qcore/release/share/entos/1.2.0/data
 Number of threads: 1
 Number of threads was determined by: command line argument
  - More threads can be used by running 'qcore -n 24'

 --------------------------------------------------------------------------------
                                  command: bchla                                 
 --------------------------------------------------------------------------------
Mg s eff H
  -0.3101

 SCF converged in 1 iterations.

 Setting up Delta-SCF
 Ground-Excited state overlap:          -0.000000000
 No correction applied to the TDM.
 Excitation energy:                      0.078798864
 Excitation energy (in eV):              2.144226331
 Transition dipole:                     -0.32773       0.10669       2.92822
Mg s
          150          180          393          406          407          408
Mg p
          204          216          220          221          225          239          245          270          274          309          313          322          348          349          350          354          359          361          363          365          366          367          369          376          377          378          379          382          387          389          393          399          406          407
Mg d
          158          271          274          296          306          307          328          333          348          349          350          352          354          355          356          359          361          363          365          366          367          369          371          376          378          384          387          406          407
 Saving results in set 'frame_1864'

 --------------------------------------------------------------------------------

 End time:                               Mon May 17 12:08:12 2021
 Total wall-clock time:                  0.558 seconds
==================================================================================
