
================================================================================
          _____________ ________ _______________ ________     _________         
         / ___________// ______ \\_____   _____// ______ \   / ________)        
        / /_________  / /      \ \     | |     / /      \ \ | (_______          
       |  __________|| |        | |    | |    | |        | | \________ \        
        \ \_________ | |        | |    | |     \ \______/ /___________) |       
         \__________||_|        |_|    |_|      \________//____________/        
                                                                                
====================================[ Qcore ]===================================

 Git hash:   7cd5c520b37f7ee862d844b1504bc4191dc47444
 Git date:   Tue, 4 May 2021 13:25:05 +0100
 Compiler:   GNU 9.1.0
 Build type: Release
 Version:    1.2.0

 Start time: Mon May 17 12:08:09 2021

 Data directory: /home/of15641/.local/src/Qcore/release/share/entos/1.2.0/data
 Number of threads: 1
 Number of threads was determined by: command line argument
  - More threads can be used by running 'qcore -n 24'

 --------------------------------------------------------------------------------
                                  command: bchla                                 
 --------------------------------------------------------------------------------
Mg s eff H
  -0.3102

 SCF converged in 1 iterations.

 Setting up Delta-SCF
 Ground-Excited state overlap:           0.000000000
 No correction applied to the TDM.
 Excitation energy:                      0.073813903
 Excitation energy (in eV):              2.008578625
 Transition dipole:                      3.10782       0.17234       1.07999
Mg s
          150          178          180          181          363          395          397          398          405          406          407          408
Mg p
          245          267          300          312          316          319          327          333          342          344          348          354          356          361          362          366          368          369          374          375          376          378          381          389          392          400
Mg d
          205          208          214          215          219          224          226          227          230          233          236          238          244          245          246          247          267          316          333          341          342          350          353          354          356          362          363          369          374          379          401
 Saving results in set 'frame_183'

 --------------------------------------------------------------------------------

 End time:                               Mon May 17 12:08:10 2021
 Total wall-clock time:                  0.537 seconds
==================================================================================
