
================================================================================
          _____________ ________ _______________ ________     _________         
         / ___________// ______ \\_____   _____// ______ \   / ________)        
        / /_________  / /      \ \     | |     / /      \ \ | (_______          
       |  __________|| |        | |    | |    | |        | | \________ \        
        \ \_________ | |        | |    | |     \ \______/ /___________) |       
         \__________||_|        |_|    |_|      \________//____________/        
                                                                                
====================================[ Qcore ]===================================

 Git hash:   7cd5c520b37f7ee862d844b1504bc4191dc47444
 Git date:   Tue, 4 May 2021 13:25:05 +0100
 Compiler:   GNU 9.1.0
 Build type: Release
 Version:    1.2.0

 Start time: Mon May 17 12:36:48 2021

 Data directory: /home/of15641/.local/src/Qcore/release/share/entos/1.2.0/data
 Number of threads: 1
 Number of threads was determined by: command line argument
  - More threads can be used by running 'qcore -n 24'

 --------------------------------------------------------------------------------
                                  command: bchla                                 
 --------------------------------------------------------------------------------
Mg s eff H
  -0.3102

 SCF converged in 1 iterations.

 Setting up Delta-SCF
 Ground-Excited state overlap:           0.000000000
 No correction applied to the TDM.
 Excitation energy:                      0.076597234
 Excitation energy (in eV):              2.084316915
 Transition dipole:                     -1.42775      -2.43459       1.56313
Mg s
          145          153          177          178          387          400          403          405          408
Mg p
          204          206          214          215          217          221          224          225          231          236          240          243          244          249          250          346          350          355          356          361          364          366          368          370          374
Mg d
          217          225          236          243          306          308          321          334          335          337          340          346          350          354          355          356          359          361          364          368          369          370          374          379          389          392          396
 Saving results in set 'frame_653'

 --------------------------------------------------------------------------------

 End time:                               Mon May 17 12:36:49 2021
 Total wall-clock time:                  0.497 seconds
==================================================================================
