
================================================================================
          _____________ ________ _______________ ________     _________         
         / ___________// ______ \\_____   _____// ______ \   / ________)        
        / /_________  / /      \ \     | |     / /      \ \ | (_______          
       |  __________|| |        | |    | |    | |        | | \________ \        
        \ \_________ | |        | |    | |     \ \______/ /___________) |       
         \__________||_|        |_|    |_|      \________//____________/        
                                                                                
====================================[ Qcore ]===================================

 Git hash:   7cd5c520b37f7ee862d844b1504bc4191dc47444
 Git date:   Tue, 4 May 2021 13:25:05 +0100
 Compiler:   GNU 9.1.0
 Build type: Release
 Version:    1.2.0

 Start time: Mon May 17 11:33:38 2021

 Data directory: /home/of15641/.local/src/Qcore/release/share/entos/1.2.0/data
 Number of threads: 1
 Number of threads was determined by: command line argument
  - More threads can be used by running 'qcore -n 24'

 --------------------------------------------------------------------------------
                                  command: bchla                                 
 --------------------------------------------------------------------------------
Mg s eff H
  -0.3103

 SCF converged in 1 iterations.

 Setting up Delta-SCF
 Ground-Excited state overlap:          -0.000000000
 No correction applied to the TDM.
 Excitation energy:                      0.083063579
 Excitation energy (in eV):              2.260275141
 Transition dipole:                     -2.08222       0.37989       1.64620
Mg s
          149          151          177          178          180          373          385          388          390          401          402          403          404          405          407
Mg p
          159          208          237          240          312          318          319          332          335          336          337          339          340          341          344          351          352          353          361          363          365          368          380          383          385          386          400          401          405
Mg d
          158          267          307          308          312          316          319          325          326          332          336          341          346          350          351          355          357          358          363          365          373          382          386          387          395          400          405          408
 Saving results in set 'frame_1151'

 --------------------------------------------------------------------------------

 End time:                               Mon May 17 11:33:39 2021
 Total wall-clock time:                  0.581 seconds
==================================================================================
