
================================================================================
          _____________ ________ _______________ ________     _________         
         / ___________// ______ \\_____   _____// ______ \   / ________)        
        / /_________  / /      \ \     | |     / /      \ \ | (_______          
       |  __________|| |        | |    | |    | |        | | \________ \        
        \ \_________ | |        | |    | |     \ \______/ /___________) |       
         \__________||_|        |_|    |_|      \________//____________/        
                                                                                
====================================[ Qcore ]===================================

 Git hash:   7cd5c520b37f7ee862d844b1504bc4191dc47444
 Git date:   Tue, 4 May 2021 13:25:05 +0100
 Compiler:   GNU 9.1.0
 Build type: Release
 Version:    1.2.0

 Start time: Mon May 17 12:33:32 2021

 Data directory: /home/of15641/.local/src/Qcore/release/share/entos/1.2.0/data
 Number of threads: 1
 Number of threads was determined by: command line argument
  - More threads can be used by running 'qcore -n 24'

 --------------------------------------------------------------------------------
                                  command: bchla                                 
 --------------------------------------------------------------------------------
Mg s eff H
  -0.3101

 SCF converged in 1 iterations.

 Setting up Delta-SCF
 Ground-Excited state overlap:           0.000000000
 No correction applied to the TDM.
 Excitation energy:                      0.077595840
 Excitation energy (in eV):              2.111490375
 Transition dipole:                      0.80924       1.64213       1.95496
Mg s
          144          151          152          178          179          382          393          397          400          404          405          408
Mg p
          204          205          206          210          214          215          216          217          220          224          232          238          239          242          244          248          253          343          351          356          361          404
Mg d
          242          267          269          307          308          338          340          341          343          347          350          351          356          357          361          362          363          365          369          372          376          377          382          384          398          404
 Saving results in set 'frame_597'

 --------------------------------------------------------------------------------

 End time:                               Mon May 17 12:33:32 2021
 Total wall-clock time:                  0.522 seconds
==================================================================================
