
================================================================================
          _____________ ________ _______________ ________     _________         
         / ___________// ______ \\_____   _____// ______ \   / ________)        
        / /_________  / /      \ \     | |     / /      \ \ | (_______          
       |  __________|| |        | |    | |    | |        | | \________ \        
        \ \_________ | |        | |    | |     \ \______/ /___________) |       
         \__________||_|        |_|    |_|      \________//____________/        
                                                                                
====================================[ Qcore ]===================================

 Git hash:   7cd5c520b37f7ee862d844b1504bc4191dc47444
 Git date:   Tue, 4 May 2021 13:25:05 +0100
 Compiler:   GNU 9.1.0
 Build type: Release
 Version:    1.2.0

 Start time: Mon May 17 11:37:19 2021

 Data directory: /home/of15641/.local/src/Qcore/release/share/entos/1.2.0/data
 Number of threads: 1
 Number of threads was determined by: command line argument
  - More threads can be used by running 'qcore -n 24'

 --------------------------------------------------------------------------------
                                  command: bchla                                 
 --------------------------------------------------------------------------------
Mg s eff H
  -0.3102

 SCF converged in 1 iterations.

 Setting up Delta-SCF
 Ground-Excited state overlap:          -0.000000000
 No correction applied to the TDM.
 Excitation energy:                      0.076804905
 Excitation energy (in eV):              2.089967941
 Transition dipole:                     -2.63334       1.78176      -0.33731
Mg s
          144          153          178          179          388          399          403          404          406
Mg p
          265          267          269          321          329          334          338          341          343          344          350          354          357          359          360          362          363          364          366          368          370          377          379          386          389          390          399          406
Mg d
          178          208          209          213          221          222          223          224          226          231          233          234          235          239          240          241          242          245          246          247          406
 Saving results in set 'frame_1241'

 --------------------------------------------------------------------------------

 End time:                               Mon May 17 11:37:20 2021
 Total wall-clock time:                  0.524 seconds
==================================================================================
