
================================================================================
          _____________ ________ _______________ ________     _________         
         / ___________// ______ \\_____   _____// ______ \   / ________)        
        / /_________  / /      \ \     | |     / /      \ \ | (_______          
       |  __________|| |        | |    | |    | |        | | \________ \        
        \ \_________ | |        | |    | |     \ \______/ /___________) |       
         \__________||_|        |_|    |_|      \________//____________/        
                                                                                
====================================[ Qcore ]===================================

 Git hash:   7cd5c520b37f7ee862d844b1504bc4191dc47444
 Git date:   Tue, 4 May 2021 13:25:05 +0100
 Compiler:   GNU 9.1.0
 Build type: Release
 Version:    1.2.0

 Start time: Mon May 17 12:14:38 2021

 Data directory: /home/of15641/.local/src/Qcore/release/share/entos/1.2.0/data
 Number of threads: 1
 Number of threads was determined by: command line argument
  - More threads can be used by running 'qcore -n 24'

 --------------------------------------------------------------------------------
                                  command: bchla                                 
 --------------------------------------------------------------------------------
Mg s eff H
  -0.3103

 SCF converged in 1 iterations.

 Setting up Delta-SCF
 Ground-Excited state overlap:           0.000000000
 No correction applied to the TDM.
 Excitation energy:                      0.079587770
 Excitation energy (in eV):              2.165693541
 Transition dipole:                      1.48126      -1.10784      -3.24699
Mg s
          150          178          383          389          403          404          406          407          408
Mg p
          209          221          248          249          265          273          311          314          325          327          334          340          341          345          352          357          361          364          366          368          370          376          377          378          379          382          383          384          385          387          388          392          398          404          406
Mg d
          209          217          221          248          249          272          305          340          345          350          352          354          361          364          368          370          374          376          377          379          381          382          384          389          392          396          398          404          406
 Saving results in set 'frame_1977'

 --------------------------------------------------------------------------------

 End time:                               Mon May 17 12:14:39 2021
 Total wall-clock time:                  0.514 seconds
==================================================================================
