
================================================================================
          _____________ ________ _______________ ________     _________         
         / ___________// ______ \\_____   _____// ______ \   / ________)        
        / /_________  / /      \ \     | |     / /      \ \ | (_______          
       |  __________|| |        | |    | |    | |        | | \________ \        
        \ \_________ | |        | |    | |     \ \______/ /___________) |       
         \__________||_|        |_|    |_|      \________//____________/        
                                                                                
====================================[ Qcore ]===================================

 Git hash:   7cd5c520b37f7ee862d844b1504bc4191dc47444
 Git date:   Tue, 4 May 2021 13:25:05 +0100
 Compiler:   GNU 9.1.0
 Build type: Release
 Version:    1.2.0

 Start time: Thu May 13 08:55:59 2021

 Data directory: /home/of15641/.local/src/Qcore/release/share/entos/1.2.0/data
 Number of threads: 1
 Number of threads was determined by: command line argument
  - More threads can be used by running 'qcore -n 24'

 --------------------------------------------------------------------------------
                                  command: bchla                                 
 --------------------------------------------------------------------------------
Mg s eff H
  -0.3103

 SCF converged in 1 iterations.

 Setting up Delta-SCF
 Ground-Excited state overlap:          -0.000000000
 No correction applied to the TDM.
 Excitation energy:                      0.078474235
 Excitation energy (in eV):              2.135392708
 Transition dipole:                     -2.31694       1.93134       1.62571
Mg s
          152          177          178          384          406
Mg p
          223          227          235          241          245          322          323          330          350          351          352          357          359          362          364          366          367          368          369          370          371          390          394          397
Mg d
          205          210          211          216          220          223          225          227          234          235          236          241          242          243          244          245          350          352          364          366          369          371          390
 Saving results in set 'frame_1400'

 --------------------------------------------------------------------------------

 End time:                               Thu May 13 08:56:00 2021
 Total wall-clock time:                  0.705 seconds
==================================================================================
