
================================================================================
          _____________ ________ _______________ ________     _________         
         / ___________// ______ \\_____   _____// ______ \   / ________)        
        / /_________  / /      \ \     | |     / /      \ \ | (_______          
       |  __________|| |        | |    | |    | |        | | \________ \        
        \ \_________ | |        | |    | |     \ \______/ /___________) |       
         \__________||_|        |_|    |_|      \________//____________/        
                                                                                
====================================[ Qcore ]===================================

 Git hash:   7cd5c520b37f7ee862d844b1504bc4191dc47444
 Git date:   Tue, 4 May 2021 13:25:05 +0100
 Compiler:   GNU 9.1.0
 Build type: Release
 Version:    1.2.0

 Start time: Mon May 17 11:37:24 2021

 Data directory: /home/of15641/.local/src/Qcore/release/share/entos/1.2.0/data
 Number of threads: 1
 Number of threads was determined by: command line argument
  - More threads can be used by running 'qcore -n 28'

 --------------------------------------------------------------------------------
                                  command: bchla                                 
 --------------------------------------------------------------------------------
Mg s eff H
  -0.3101

 SCF converged in 1 iterations.

 Setting up Delta-SCF
 Ground-Excited state overlap:           0.000000000
 No correction applied to the TDM.
 Excitation energy:                      0.074005660
 Excitation energy (in eV):              2.013796592
 Transition dipole:                      1.95656       0.27436       1.67994
Mg s
          144          152          178          375          390          401          406          408
Mg p
          209          213          215          222          227          228          229          233          238          241          247          267          309          314          316          327          329          330          331          332          339          343          344          350          354          360          362          374          375          377          380          382          388          392          406
Mg d
          209          213          215          222          227          228          229          233          238          241          247          309          314          327          329          331          339          343          344          352          354          360          362          363          365          366          367          373          374          382          384          385          394          406
 Saving results in set 'frame_1268'

 --------------------------------------------------------------------------------

 End time:                               Mon May 17 11:37:25 2021
 Total wall-clock time:                  1.155 seconds
==================================================================================
