
================================================================================
          _____________ ________ _______________ ________     _________         
         / ___________// ______ \\_____   _____// ______ \   / ________)        
        / /_________  / /      \ \     | |     / /      \ \ | (_______          
       |  __________|| |        | |    | |    | |        | | \________ \        
        \ \_________ | |        | |    | |     \ \______/ /___________) |       
         \__________||_|        |_|    |_|      \________//____________/        
                                                                                
====================================[ Qcore ]===================================

 Git hash:   7cd5c520b37f7ee862d844b1504bc4191dc47444
 Git date:   Tue, 4 May 2021 13:25:05 +0100
 Compiler:   GNU 9.1.0
 Build type: Release
 Version:    1.2.0

 Start time: Mon May 17 12:43:01 2021

 Data directory: /home/of15641/.local/src/Qcore/release/share/entos/1.2.0/data
 Number of threads: 1
 Number of threads was determined by: command line argument
  - More threads can be used by running 'qcore -n 24'

 --------------------------------------------------------------------------------
                                  command: bchla                                 
 --------------------------------------------------------------------------------
Mg s eff H
  -0.3101

 SCF converged in 1 iterations.

 Setting up Delta-SCF
 Ground-Excited state overlap:           0.000000000
 No correction applied to the TDM.
 Excitation energy:                      0.080728304
 Excitation energy (in eV):              2.196729073
 Transition dipole:                      1.56762      -0.30498      -2.76407
Mg s
          145          150          178          179          180          396          405          406          408
Mg p
          158          207          229          243          246          249          267          301          302          327          336          343          344          346          350          352          356          359          363          364          366          367          371          373          377          378          381          382          384          387          389          406
Mg d
          229          246          249          267          317          331          334          346          347          349          352          353          356          363          364          366          370          371          374          378          381          382          385          389          394          396          402          406
 Saving results in set 'frame_813'

 --------------------------------------------------------------------------------

 End time:                               Mon May 17 12:43:02 2021
 Total wall-clock time:                  0.520 seconds
==================================================================================
