
================================================================================
          _____________ ________ _______________ ________     _________         
         / ___________// ______ \\_____   _____// ______ \   / ________)        
        / /_________  / /      \ \     | |     / /      \ \ | (_______          
       |  __________|| |        | |    | |    | |        | | \________ \        
        \ \_________ | |        | |    | |     \ \______/ /___________) |       
         \__________||_|        |_|    |_|      \________//____________/        
                                                                                
====================================[ Qcore ]===================================

 Git hash:   7cd5c520b37f7ee862d844b1504bc4191dc47444
 Git date:   Tue, 4 May 2021 13:25:05 +0100
 Compiler:   GNU 9.1.0
 Build type: Release
 Version:    1.2.0

 Start time: Mon May 17 11:40:55 2021

 Data directory: /home/of15641/.local/src/Qcore/release/share/entos/1.2.0/data
 Number of threads: 1
 Number of threads was determined by: command line argument
  - More threads can be used by running 'qcore -n 24'

 --------------------------------------------------------------------------------
                                  command: bchla                                 
 --------------------------------------------------------------------------------
Mg s eff H
  -0.3103

 SCF converged in 1 iterations.

 Setting up Delta-SCF
 Ground-Excited state overlap:          -0.000000000
 No correction applied to the TDM.
 Excitation energy:                      0.080186005
 Excitation energy (in eV):              2.181972341
 Transition dipole:                      2.82342      -0.88314       1.77489
Mg s
          151          178          180          392          396          397          398          401          402          403          404          405          406
Mg p
          159          307          325          333          334          339          342          345          347          353          354          355          357          359          360          361          362          367          370          376          377          380          384          401
Mg d
          158          221          224          239          241          243          268          310          320          323          329          330          331          345          347          348          353          354          355          357          361          362          368          369          372          380          406
 Saving results in set 'frame_1327'

 --------------------------------------------------------------------------------

 End time:                               Mon May 17 11:40:55 2021
 Total wall-clock time:                  0.580 seconds
==================================================================================
