
================================================================================
          _____________ ________ _______________ ________     _________         
         / ___________// ______ \\_____   _____// ______ \   / ________)        
        / /_________  / /      \ \     | |     / /      \ \ | (_______          
       |  __________|| |        | |    | |    | |        | | \________ \        
        \ \_________ | |        | |    | |     \ \______/ /___________) |       
         \__________||_|        |_|    |_|      \________//____________/        
                                                                                
====================================[ Qcore ]===================================

 Git hash:   7cd5c520b37f7ee862d844b1504bc4191dc47444
 Git date:   Tue, 4 May 2021 13:25:05 +0100
 Compiler:   GNU 9.1.0
 Build type: Release
 Version:    1.2.0

 Start time: Mon May 17 12:24:13 2021

 Data directory: /home/of15641/.local/src/Qcore/release/share/entos/1.2.0/data
 Number of threads: 1
 Number of threads was determined by: command line argument
  - More threads can be used by running 'qcore -n 24'

 --------------------------------------------------------------------------------
                                  command: bchla                                 
 --------------------------------------------------------------------------------
Mg s eff H
  -0.3103

 SCF converged in 1 iterations.

 Setting up Delta-SCF
 Ground-Excited state overlap:          -0.000000000
 No correction applied to the TDM.
 Excitation energy:                      0.076393152
 Excitation energy (in eV):              2.078763579
 Transition dipole:                      0.50542      -1.16204      -2.23401
Mg s
          152          177          178          179          180          390          396          402          403          404          405          406          407          408
Mg p
          158          208          221          233          244          245          271          306          313          329          330          336          341          345          348          350          352          353          355          356          360          361          363          365          367          369          370          371          374          375          378          381          382          391          394          402
Mg d
          159          208          221          231          233          244          245          249          268          269          309          314          329          330          336          341          348          350          355          356          360          363          365          366          367          369          370          371          374          375          377          378          382          384          396          402          404          406
 Saving results in set 'frame_350'

 --------------------------------------------------------------------------------

 End time:                               Mon May 17 12:24:13 2021
 Total wall-clock time:                  0.546 seconds
==================================================================================
