
================================================================================
          _____________ ________ _______________ ________     _________         
         / ___________// ______ \\_____   _____// ______ \   / ________)        
        / /_________  / /      \ \     | |     / /      \ \ | (_______          
       |  __________|| |        | |    | |    | |        | | \________ \        
        \ \_________ | |        | |    | |     \ \______/ /___________) |       
         \__________||_|        |_|    |_|      \________//____________/        
                                                                                
====================================[ Qcore ]===================================

 Git hash:   7cd5c520b37f7ee862d844b1504bc4191dc47444
 Git date:   Tue, 4 May 2021 13:25:05 +0100
 Compiler:   GNU 9.1.0
 Build type: Release
 Version:    1.2.0

 Start time: Mon May 17 11:51:29 2021

 Data directory: /home/of15641/.local/src/Qcore/release/share/entos/1.2.0/data
 Number of threads: 1
 Number of threads was determined by: command line argument
  - More threads can be used by running 'qcore -n 24'

 --------------------------------------------------------------------------------
                                  command: bchla                                 
 --------------------------------------------------------------------------------
Mg s eff H
  -0.3103

 SCF converged in 1 iterations.

 Setting up Delta-SCF
 Ground-Excited state overlap:          -0.000000000
 No correction applied to the TDM.
 Excitation energy:                      0.076902609
 Excitation energy (in eV):              2.092626608
 Transition dipole:                      2.17712      -2.98563       0.06901
Mg s
          148          152          178          179          397          401          405          406          408
Mg p
          205          208          216          217          219          220          222          226          229          235          236          237          239          242          243          244          248          340          342          347          352          356          357          363          364          365          368          375          377          379          382          384
Mg d
          297          307          313          318          329          330          331          337          338          340          344          345          347          349          350          352          353          354          355          357          358          361          363          365          369          370          371          375          379          385          387          394          398          406
 Saving results in set 'frame_1505'

 --------------------------------------------------------------------------------

 End time:                               Mon May 17 11:51:29 2021
 Total wall-clock time:                  0.501 seconds
==================================================================================
