
================================================================================
          _____________ ________ _______________ ________     _________         
         / ___________// ______ \\_____   _____// ______ \   / ________)        
        / /_________  / /      \ \     | |     / /      \ \ | (_______          
       |  __________|| |        | |    | |    | |        | | \________ \        
        \ \_________ | |        | |    | |     \ \______/ /___________) |       
         \__________||_|        |_|    |_|      \________//____________/        
                                                                                
====================================[ Qcore ]===================================

 Git hash:   7cd5c520b37f7ee862d844b1504bc4191dc47444
 Git date:   Tue, 4 May 2021 13:25:05 +0100
 Compiler:   GNU 9.1.0
 Build type: Release
 Version:    1.2.0

 Start time: Mon May 17 12:08:09 2021

 Data directory: /home/of15641/.local/src/Qcore/release/share/entos/1.2.0/data
 Number of threads: 1
 Number of threads was determined by: command line argument
  - More threads can be used by running 'qcore -n 24'

 --------------------------------------------------------------------------------
                                  command: bchla                                 
 --------------------------------------------------------------------------------
Mg s eff H
  -0.3102

 SCF converged in 1 iterations.

 Setting up Delta-SCF
 Ground-Excited state overlap:           0.000000000
 No correction applied to the TDM.
 Excitation energy:                      0.078481989
 Excitation energy (in eV):              2.135603706
 Transition dipole:                      1.80678       0.72605      -1.95892
Mg s
          152          177          178          370          386          390          397          402          405          408
Mg p
          207          217          218          226          239          241          305          312          320          323          331          333          338          341          344          347          349          352          354          356          358          361          362          364          365          367          372          374          377          380          393          395          405
Mg d
          309          318          320          322          329          336          337          341          344          345          347          349          352          354          356          361          363          364          365          367          370          379          380          386          395
 Saving results in set 'frame_1839'

 --------------------------------------------------------------------------------

 End time:                               Mon May 17 12:08:10 2021
 Total wall-clock time:                  0.512 seconds
==================================================================================
