
================================================================================
          _____________ ________ _______________ ________     _________         
         / ___________// ______ \\_____   _____// ______ \   / ________)        
        / /_________  / /      \ \     | |     / /      \ \ | (_______          
       |  __________|| |        | |    | |    | |        | | \________ \        
        \ \_________ | |        | |    | |     \ \______/ /___________) |       
         \__________||_|        |_|    |_|      \________//____________/        
                                                                                
====================================[ Qcore ]===================================

 Git hash:   7cd5c520b37f7ee862d844b1504bc4191dc47444
 Git date:   Tue, 4 May 2021 13:25:05 +0100
 Compiler:   GNU 9.1.0
 Build type: Release
 Version:    1.2.0

 Start time: Mon May 17 12:36:47 2021

 Data directory: /home/of15641/.local/src/Qcore/release/share/entos/1.2.0/data
 Number of threads: 1
 Number of threads was determined by: command line argument
  - More threads can be used by running 'qcore -n 24'

 --------------------------------------------------------------------------------
                                  command: bchla                                 
 --------------------------------------------------------------------------------
Mg s eff H
  -0.3103

 SCF converged in 1 iterations.

 Setting up Delta-SCF
 Ground-Excited state overlap:          -0.000000000
 No correction applied to the TDM.
 Excitation energy:                      0.077186529
 Excitation energy (in eV):              2.100352462
 Transition dipole:                      0.24337      -1.15676      -3.46220
Mg s
          148          152          178          179          367          371          406          407          408
Mg p
          206          211          212          216          219          220          224          229          231          232          233          236          238          240          243          333          335          343          347          351          355          357          364
Mg d
          159          273          305          327          345          348          355          357          360          361          362          364          367          368          370          371          372          373          376          378          380          389          399          407
 Saving results in set 'frame_639'

 --------------------------------------------------------------------------------

 End time:                               Mon May 17 12:36:47 2021
 Total wall-clock time:                  0.555 seconds
==================================================================================
