
================================================================================
          _____________ ________ _______________ ________     _________         
         / ___________// ______ \\_____   _____// ______ \   / ________)        
        / /_________  / /      \ \     | |     / /      \ \ | (_______          
       |  __________|| |        | |    | |    | |        | | \________ \        
        \ \_________ | |        | |    | |     \ \______/ /___________) |       
         \__________||_|        |_|    |_|      \________//____________/        
                                                                                
====================================[ Qcore ]===================================

 Git hash:   7cd5c520b37f7ee862d844b1504bc4191dc47444
 Git date:   Tue, 4 May 2021 13:25:05 +0100
 Compiler:   GNU 9.1.0
 Build type: Release
 Version:    1.2.0

 Start time: Mon May 17 11:33:00 2021

 Data directory: /home/of15641/.local/src/Qcore/release/share/entos/1.2.0/data
 Number of threads: 1
 Number of threads was determined by: command line argument
  - More threads can be used by running 'qcore -n 24'

 --------------------------------------------------------------------------------
                                  command: bchla                                 
 --------------------------------------------------------------------------------
Mg s eff H
  -0.3102

 SCF converged in 1 iterations.

 Setting up Delta-SCF
 Ground-Excited state overlap:          -0.000000000
 No correction applied to the TDM.
 Excitation energy:                      0.082149887
 Excitation energy (in eV):              2.235412319
 Transition dipole:                      0.52528      -2.42176       2.42725
Mg s
          145          153          178          179          180          181          359          390          405          406
Mg p
          158          266          267          312          314          320          328          329          336          339          342          343          345          349          350          352          356          357          359          361          364          365          368          370          371          373          381          384          401          405          406          408
Mg d
          206          211          221          229          235          236          242          243          346          348          349          352          359          361          366          368          370          371          373          381          391          406
 Saving results in set 'frame_1196'

 --------------------------------------------------------------------------------

 End time:                               Mon May 17 11:33:00 2021
 Total wall-clock time:                  0.536 seconds
==================================================================================
