
================================================================================
          _____________ ________ _______________ ________     _________         
         / ___________// ______ \\_____   _____// ______ \   / ________)        
        / /_________  / /      \ \     | |     / /      \ \ | (_______          
       |  __________|| |        | |    | |    | |        | | \________ \        
        \ \_________ | |        | |    | |     \ \______/ /___________) |       
         \__________||_|        |_|    |_|      \________//____________/        
                                                                                
====================================[ Qcore ]===================================

 Git hash:   7cd5c520b37f7ee862d844b1504bc4191dc47444
 Git date:   Tue, 4 May 2021 13:25:05 +0100
 Compiler:   GNU 9.1.0
 Build type: Release
 Version:    1.2.0

 Start time: Mon May 17 11:55:00 2021

 Data directory: /home/of15641/.local/src/Qcore/release/share/entos/1.2.0/data
 Number of threads: 1
 Number of threads was determined by: command line argument
  - More threads can be used by running 'qcore -n 24'

 --------------------------------------------------------------------------------
                                  command: bchla                                 
 --------------------------------------------------------------------------------
Mg s eff H
  -0.3101

 SCF converged in 1 iterations.

 Setting up Delta-SCF
 Ground-Excited state overlap:           0.000000000
 No correction applied to the TDM.
 Excitation energy:                      0.081897024
 Excitation energy (in eV):              2.228531542
 Transition dipole:                     -2.57265      -0.47907      -1.19966
Mg s
          149          151          176          178          179          373          393          396          397          401          403          404          406          407          408
Mg p
          236          266          272          316          321          328          333          336          338          342          345          346          348          350          353          355          356          359          363          365          366          367          371          373          375          377          378          384          404          407
Mg d
          206          211          215          217          222          236          240          244          321          324          328          336          338          341          342          345          346          348          350          356          361          365          366          373          375          377          378          393          396          397          404
 Saving results in set 'frame_1598'

 --------------------------------------------------------------------------------

 End time:                               Mon May 17 11:55:01 2021
 Total wall-clock time:                  0.530 seconds
==================================================================================
