
================================================================================
          _____________ ________ _______________ ________     _________         
         / ___________// ______ \\_____   _____// ______ \   / ________)        
        / /_________  / /      \ \     | |     / /      \ \ | (_______          
       |  __________|| |        | |    | |    | |        | | \________ \        
        \ \_________ | |        | |    | |     \ \______/ /___________) |       
         \__________||_|        |_|    |_|      \________//____________/        
                                                                                
====================================[ Qcore ]===================================

 Git hash:   7cd5c520b37f7ee862d844b1504bc4191dc47444
 Git date:   Tue, 4 May 2021 13:25:05 +0100
 Compiler:   GNU 9.1.0
 Build type: Release
 Version:    1.2.0

 Start time: Mon May 17 11:44:28 2021

 Data directory: /home/of15641/.local/src/Qcore/release/share/entos/1.2.0/data
 Number of threads: 1
 Number of threads was determined by: command line argument
  - More threads can be used by running 'qcore -n 24'

 --------------------------------------------------------------------------------
                                  command: bchla                                 
 --------------------------------------------------------------------------------
Mg s eff H
  -0.3103

 SCF converged in 1 iterations.

 Setting up Delta-SCF
 Ground-Excited state overlap:           0.000000000
 No correction applied to the TDM.
 Excitation energy:                      0.078785967
 Excitation energy (in eV):              2.143875382
 Transition dipole:                     -2.49723       2.18453      -1.72154
Mg s
          152          177          178          179          180          367          384          397          402          403          404          406          408
Mg p
          303          306          319          321          328          332          334          335          337          342          346          347          348          351          352          353          359          363          367          368          369          378          382          385          387          388          389          391          397
Mg d
          203          209          210          219          222          227          230          231          232          236          242          244          247          274          342          346          348          353          356          363          364          367          368          369          375          385
 Saving results in set 'frame_1364'

 --------------------------------------------------------------------------------

 End time:                               Mon May 17 11:44:29 2021
 Total wall-clock time:                  0.527 seconds
==================================================================================
