
================================================================================
          _____________ ________ _______________ ________     _________         
         / ___________// ______ \\_____   _____// ______ \   / ________)        
        / /_________  / /      \ \     | |     / /      \ \ | (_______          
       |  __________|| |        | |    | |    | |        | | \________ \        
        \ \_________ | |        | |    | |     \ \______/ /___________) |       
         \__________||_|        |_|    |_|      \________//____________/        
                                                                                
====================================[ Qcore ]===================================

 Git hash:   7cd5c520b37f7ee862d844b1504bc4191dc47444
 Git date:   Tue, 4 May 2021 13:25:05 +0100
 Compiler:   GNU 9.1.0
 Build type: Release
 Version:    1.2.0

 Start time: Mon May 17 12:11:23 2021

 Data directory: /home/of15641/.local/src/Qcore/release/share/entos/1.2.0/data
 Number of threads: 1
 Number of threads was determined by: command line argument
  - More threads can be used by running 'qcore -n 24'

 --------------------------------------------------------------------------------
                                  command: bchla                                 
 --------------------------------------------------------------------------------
Mg s eff H
  -0.3103

 SCF converged in 1 iterations.

 Setting up Delta-SCF
 Ground-Excited state overlap:           0.000000000
 No correction applied to the TDM.
 Excitation energy:                      0.080021663
 Excitation energy (in eV):              2.177500386
 Transition dipole:                     -2.90437      -1.52328      -1.23314
Mg s
          148          152          177          179          180          362          403          405          406          408
Mg p
          208          220          221          232          245          249          311          324          331          333          334          337          343          351          352          353          355          360          361          362          363          366          368          369          372          379          384          386          389          391          393          396          406
Mg d
          271          312          314          335          338          343          348          349          351          353          354          355          359          360          361          362          363          366          369          372          373          374          382          383          386          389          396          406          408
 Saving results in set 'frame_1885'

 --------------------------------------------------------------------------------

 End time:                               Mon May 17 12:11:24 2021
 Total wall-clock time:                  0.501 seconds
==================================================================================
