
================================================================================
          _____________ ________ _______________ ________     _________         
         / ___________// ______ \\_____   _____// ______ \   / ________)        
        / /_________  / /      \ \     | |     / /      \ \ | (_______          
       |  __________|| |        | |    | |    | |        | | \________ \        
        \ \_________ | |        | |    | |     \ \______/ /___________) |       
         \__________||_|        |_|    |_|      \________//____________/        
                                                                                
====================================[ Qcore ]===================================

 Git hash:   7cd5c520b37f7ee862d844b1504bc4191dc47444
 Git date:   Tue, 4 May 2021 13:25:05 +0100
 Compiler:   GNU 9.1.0
 Build type: Release
 Version:    1.2.0

 Start time: Mon May 17 12:39:45 2021

 Data directory: /home/of15641/.local/src/Qcore/release/share/entos/1.2.0/data
 Number of threads: 1
 Number of threads was determined by: command line argument
  - More threads can be used by running 'qcore -n 24'

 --------------------------------------------------------------------------------
                                  command: bchla                                 
 --------------------------------------------------------------------------------
Mg s eff H
  -0.3102

 SCF converged in 1 iterations.

 Setting up Delta-SCF
 Ground-Excited state overlap:           0.000000000
 No correction applied to the TDM.
 Excitation energy:                      0.078594829
 Excitation energy (in eV):              2.138674238
 Transition dipole:                     -2.42034      -2.32819       1.47635
Mg s
          142          147          179          180          181          383          397          398          404          405          406          408
Mg p
          207          210          212          215          220          223          228          229          237          239          240          241          244          248          273          310          321          326          327          336          341          345          348          350          351          353          358          359          360          367          369          371          374          381          383          391
Mg d
          158          244          302          305          327          330          331          334          336          341          345          348          351          353          358          359          360          367          369          371          374          375          377          378          383          385          394          408
 Saving results in set 'frame_699'

 --------------------------------------------------------------------------------

 End time:                               Mon May 17 12:39:45 2021
 Total wall-clock time:                  0.509 seconds
==================================================================================
