
================================================================================
          _____________ ________ _______________ ________     _________         
         / ___________// ______ \\_____   _____// ______ \   / ________)        
        / /_________  / /      \ \     | |     / /      \ \ | (_______          
       |  __________|| |        | |    | |    | |        | | \________ \        
        \ \_________ | |        | |    | |     \ \______/ /___________) |       
         \__________||_|        |_|    |_|      \________//____________/        
                                                                                
====================================[ Qcore ]===================================

 Git hash:   7cd5c520b37f7ee862d844b1504bc4191dc47444
 Git date:   Tue, 4 May 2021 13:25:05 +0100
 Compiler:   GNU 9.1.0
 Build type: Release
 Version:    1.2.0

 Start time: Mon May 17 11:37:20 2021

 Data directory: /home/of15641/.local/src/Qcore/release/share/entos/1.2.0/data
 Number of threads: 1
 Number of threads was determined by: command line argument
  - More threads can be used by running 'qcore -n 24'

 --------------------------------------------------------------------------------
                                  command: bchla                                 
 --------------------------------------------------------------------------------
Mg s eff H
  -0.3103

 SCF converged in 1 iterations.

 Setting up Delta-SCF
 Ground-Excited state overlap:           0.000000000
 No correction applied to the TDM.
 Excitation energy:                      0.081241880
 Excitation energy (in eV):              2.210704186
 Transition dipole:                      1.93511      -2.54050       0.88536
Mg s
          150          152          153          177          178          179          180          379          394          397          398          401          404          405          408
Mg p
          268          320          322          327          340          342          346          348          352          353          355          357          359          361          362          364          365          371          376          377          379          395          396          397          402          405
Mg d
          205          207          208          211          213          214          219          228          231          232          233          236          242          243          244          251          361          362          371
 Saving results in set 'frame_1244'

 --------------------------------------------------------------------------------

 End time:                               Mon May 17 11:37:20 2021
 Total wall-clock time:                  0.574 seconds
==================================================================================
