
================================================================================
          _____________ ________ _______________ ________     _________         
         / ___________// ______ \\_____   _____// ______ \   / ________)        
        / /_________  / /      \ \     | |     / /      \ \ | (_______          
       |  __________|| |        | |    | |    | |        | | \________ \        
        \ \_________ | |        | |    | |     \ \______/ /___________) |       
         \__________||_|        |_|    |_|      \________//____________/        
                                                                                
====================================[ Qcore ]===================================

 Git hash:   7cd5c520b37f7ee862d844b1504bc4191dc47444
 Git date:   Tue, 4 May 2021 13:25:05 +0100
 Compiler:   GNU 9.1.0
 Build type: Release
 Version:    1.2.0

 Start time: Mon May 17 12:30:33 2021

 Data directory: /home/of15641/.local/src/Qcore/release/share/entos/1.2.0/data
 Number of threads: 1
 Number of threads was determined by: command line argument
  - More threads can be used by running 'qcore -n 24'

 --------------------------------------------------------------------------------
                                  command: bchla                                 
 --------------------------------------------------------------------------------
Mg s eff H
  -0.3102

 SCF converged in 1 iterations.

 Setting up Delta-SCF
 Ground-Excited state overlap:           0.000000000
 No correction applied to the TDM.
 Excitation energy:                      0.074750831
 Excitation energy (in eV):              2.034073737
 Transition dipole:                     -1.16631      -2.85872      -0.95807
Mg s
          151          178          179          180          404          405          407
Mg p
          204          209          217          218          219          226          227          237          240          241          242          243          249          251          311          342          353          354          363          364          365          367          369          371          372          374          376          379          396
Mg d
          159          219          241          243          269          311          336          337          342          347          351          353          354          361          362          364          365          367          369          374          376          377          379          382          385          387          388          390          396          399          405
 Saving results in set 'frame_505'

 --------------------------------------------------------------------------------

 End time:                               Mon May 17 12:30:34 2021
 Total wall-clock time:                  0.544 seconds
==================================================================================
