
================================================================================
          _____________ ________ _______________ ________     _________         
         / ___________// ______ \\_____   _____// ______ \   / ________)        
        / /_________  / /      \ \     | |     / /      \ \ | (_______          
       |  __________|| |        | |    | |    | |        | | \________ \        
        \ \_________ | |        | |    | |     \ \______/ /___________) |       
         \__________||_|        |_|    |_|      \________//____________/        
                                                                                
====================================[ Qcore ]===================================

 Git hash:   7cd5c520b37f7ee862d844b1504bc4191dc47444
 Git date:   Tue, 4 May 2021 13:25:05 +0100
 Compiler:   GNU 9.1.0
 Build type: Release
 Version:    1.2.0

 Start time: Mon May 17 12:33:34 2021

 Data directory: /home/of15641/.local/src/Qcore/release/share/entos/1.2.0/data
 Number of threads: 1
 Number of threads was determined by: command line argument
  - More threads can be used by running 'qcore -n 24'

 --------------------------------------------------------------------------------
                                  command: bchla                                 
 --------------------------------------------------------------------------------
Mg s eff H
  -0.3103

 SCF converged in 1 iterations.

 Setting up Delta-SCF
 Ground-Excited state overlap:           0.000000000
 No correction applied to the TDM.
 Excitation energy:                      0.079714769
 Excitation energy (in eV):              2.169149356
 Transition dipole:                     -0.60186      -2.22042       2.37940
Mg s
          151          178          364          381          387          389          391          393          395          398          399          400          405          408
Mg p
          199          201          209          210          211          214          216          223          226          228          230          232          233          235          240          242          350
Mg d
          158          270          316          320          323          331          335          340          342          348          352          353          357          360          361          364          365          366          367          372          374          375          381          391          392
 Saving results in set 'frame_615'

 --------------------------------------------------------------------------------

 End time:                               Mon May 17 12:33:35 2021
 Total wall-clock time:                  0.739 seconds
==================================================================================
