
================================================================================
          _____________ ________ _______________ ________     _________         
         / ___________// ______ \\_____   _____// ______ \   / ________)        
        / /_________  / /      \ \     | |     / /      \ \ | (_______          
       |  __________|| |        | |    | |    | |        | | \________ \        
        \ \_________ | |        | |    | |     \ \______/ /___________) |       
         \__________||_|        |_|    |_|      \________//____________/        
                                                                                
====================================[ Qcore ]===================================

 Git hash:   7cd5c520b37f7ee862d844b1504bc4191dc47444
 Git date:   Tue, 4 May 2021 13:25:05 +0100
 Compiler:   GNU 9.1.0
 Build type: Release
 Version:    1.2.0

 Start time: Mon May 17 12:42:58 2021

 Data directory: /home/of15641/.local/src/Qcore/release/share/entos/1.2.0/data
 Number of threads: 1
 Number of threads was determined by: command line argument
  - More threads can be used by running 'qcore -n 24'

 --------------------------------------------------------------------------------
                                  command: bchla                                 
 --------------------------------------------------------------------------------
Mg s eff H
  -0.3103

 SCF converged in 1 iterations.

 Setting up Delta-SCF
 Ground-Excited state overlap:           0.000000000
 No correction applied to the TDM.
 Excitation energy:                      0.076942623
 Excitation energy (in eV):              2.093715433
 Transition dipole:                      0.90259      -0.75747      -2.36871
Mg s
          152          177          179          367          375          377          394          397          399          402          404          405          408
Mg p
          206          208          218          220          225          230          235          238          239          243          244          304          320          325          338          341          344          345          348          356          358          361          362          368          370          374          379          381          389
Mg d
          159          206          220          235          239          243          268          320          321          324          325          332          334          335          338          340          344          348          349          354          356          357          358          361          365          368          374          375          381          382          394
 Saving results in set 'frame_783'

 --------------------------------------------------------------------------------

 End time:                               Mon May 17 12:42:59 2021
 Total wall-clock time:                  0.536 seconds
==================================================================================
