
================================================================================
          _____________ ________ _______________ ________     _________         
         / ___________// ______ \\_____   _____// ______ \   / ________)        
        / /_________  / /      \ \     | |     / /      \ \ | (_______          
       |  __________|| |        | |    | |    | |        | | \________ \        
        \ \_________ | |        | |    | |     \ \______/ /___________) |       
         \__________||_|        |_|    |_|      \________//____________/        
                                                                                
====================================[ Qcore ]===================================

 Git hash:   7cd5c520b37f7ee862d844b1504bc4191dc47444
 Git date:   Tue, 4 May 2021 13:25:05 +0100
 Compiler:   GNU 9.1.0
 Build type: Release
 Version:    1.2.0

 Start time: Mon May 17 12:14:36 2021

 Data directory: /home/of15641/.local/src/Qcore/release/share/entos/1.2.0/data
 Number of threads: 1
 Number of threads was determined by: command line argument
  - More threads can be used by running 'qcore -n 24'

 --------------------------------------------------------------------------------
                                  command: bchla                                 
 --------------------------------------------------------------------------------
Mg s eff H
  -0.3101

 SCF converged in 1 iterations.

 Setting up Delta-SCF
 Ground-Excited state overlap:           0.000000000
 No correction applied to the TDM.
 Excitation energy:                      0.077637100
 Excitation energy (in eV):              2.112613109
 Transition dipole:                     -3.46221       1.02545       0.38209
Mg s
          148          153          178          179          392          393          395          404          405          406          408
Mg p
          267          271          309          330          332          334          335          338          341          342          344          351          353          354          358          364          367          369          373          376          384          392          393          399          400          401          404
Mg d
          207          210          216          220          221          228          234          239          241          242          246          267          334          335          338          340          341          342          351          353          354          357          358          359          360          361          364          377          393          399          404
 Saving results in set 'frame_194'

 --------------------------------------------------------------------------------

 End time:                               Mon May 17 12:14:37 2021
 Total wall-clock time:                  0.540 seconds
==================================================================================
