
================================================================================
          _____________ ________ _______________ ________     _________         
         / ___________// ______ \\_____   _____// ______ \   / ________)        
        / /_________  / /      \ \     | |     / /      \ \ | (_______          
       |  __________|| |        | |    | |    | |        | | \________ \        
        \ \_________ | |        | |    | |     \ \______/ /___________) |       
         \__________||_|        |_|    |_|      \________//____________/        
                                                                                
====================================[ Qcore ]===================================

 Git hash:   7cd5c520b37f7ee862d844b1504bc4191dc47444
 Git date:   Tue, 4 May 2021 13:25:05 +0100
 Compiler:   GNU 9.1.0
 Build type: Release
 Version:    1.2.0

 Start time: Mon May 17 12:24:16 2021

 Data directory: /home/of15641/.local/src/Qcore/release/share/entos/1.2.0/data
 Number of threads: 1
 Number of threads was determined by: command line argument
  - More threads can be used by running 'qcore -n 24'

 --------------------------------------------------------------------------------
                                  command: bchla                                 
 --------------------------------------------------------------------------------
Mg s eff H
  -0.3102

 SCF converged in 1 iterations.

 Setting up Delta-SCF
 Ground-Excited state overlap:           0.000000000
 No correction applied to the TDM.
 Excitation energy:                      0.074570651
 Excitation energy (in eV):              2.029170794
 Transition dipole:                     -3.32610      -1.17457       0.45362
Mg s
          140          149          151          178          179          376          404          406
Mg p
          245          305          321          340          343          348          350          351          352          354          358          359          360          361          362          366          367          368          369          371          372          376          379          380          381          384          389          406
Mg d
          156          219          235          240          243          244          245          247          326          328          335          338          348          350          351          355          358          359          362          364          366          367          368          369          371          372          374          375          386          395          398          399
 Saving results in set 'frame_38'

 --------------------------------------------------------------------------------

 End time:                               Mon May 17 12:24:17 2021
 Total wall-clock time:                  0.612 seconds
==================================================================================
