
================================================================================
          _____________ ________ _______________ ________     _________         
         / ___________// ______ \\_____   _____// ______ \   / ________)        
        / /_________  / /      \ \     | |     / /      \ \ | (_______          
       |  __________|| |        | |    | |    | |        | | \________ \        
        \ \_________ | |        | |    | |     \ \______/ /___________) |       
         \__________||_|        |_|    |_|      \________//____________/        
                                                                                
====================================[ Qcore ]===================================

 Git hash:   7cd5c520b37f7ee862d844b1504bc4191dc47444
 Git date:   Tue, 4 May 2021 13:25:05 +0100
 Compiler:   GNU 9.1.0
 Build type: Release
 Version:    1.2.0

 Start time: Mon May 17 12:52:39 2021

 Data directory: /home/of15641/.local/src/Qcore/release/share/entos/1.2.0/data
 Number of threads: 1
 Number of threads was determined by: command line argument
  - More threads can be used by running 'qcore -n 24'

 --------------------------------------------------------------------------------
                                  command: bchla                                 
 --------------------------------------------------------------------------------
Mg s eff H
  -0.3102

 SCF converged in 1 iterations.

 Setting up Delta-SCF
 Ground-Excited state overlap:          -0.000000000
 No correction applied to the TDM.
 Excitation energy:                      0.076388834
 Excitation energy (in eV):              2.078646059
 Transition dipole:                     -1.07108      -0.75462       3.18516
Mg s
          150          153          179          384          398          400          406          407
Mg p
          218          240          268          270          305          323          325          328          329          332          335          336          338          344          346          347          352          353          359          361          362          363          366          368          369          370          375          381          386          387          400
Mg d
          268          270          303          335          341          347          350          353          359          361          362          364          366          368          370          371          375          381          383          384          392          399
 Saving results in set 'frame_959'

 --------------------------------------------------------------------------------

 End time:                               Mon May 17 12:52:39 2021
 Total wall-clock time:                  0.541 seconds
==================================================================================
