
================================================================================
          _____________ ________ _______________ ________     _________         
         / ___________// ______ \\_____   _____// ______ \   / ________)        
        / /_________  / /      \ \     | |     / /      \ \ | (_______          
       |  __________|| |        | |    | |    | |        | | \________ \        
        \ \_________ | |        | |    | |     \ \______/ /___________) |       
         \__________||_|        |_|    |_|      \________//____________/        
                                                                                
====================================[ Qcore ]===================================

 Git hash:   7cd5c520b37f7ee862d844b1504bc4191dc47444
 Git date:   Tue, 4 May 2021 13:25:05 +0100
 Compiler:   GNU 9.1.0
 Build type: Release
 Version:    1.2.0

 Start time: Mon May 17 11:33:39 2021

 Data directory: /home/of15641/.local/src/Qcore/release/share/entos/1.2.0/data
 Number of threads: 1
 Number of threads was determined by: command line argument
  - More threads can be used by running 'qcore -n 24'

 --------------------------------------------------------------------------------
                                  command: bchla                                 
 --------------------------------------------------------------------------------
Mg s eff H
  -0.3104

 SCF converged in 1 iterations.

 Setting up Delta-SCF
 Ground-Excited state overlap:           0.000000000
 No correction applied to the TDM.
 Excitation energy:                      0.060755516
 Excitation energy (in eV):              1.653241815
 Transition dipole:                     -0.66797      -0.00271       0.94656
Mg s
          150          153          176          178          387          388          397          400          401          402
Mg p
          198          217          227          237          238          246          267          269          306          311          332          334          336          340          346          347          350          355          356          357          360          362          366          367          368          370          373          374          375          379          381          388          392          397
Mg d
          237          238          246          267          325          342          346          347          352          355          356          357          360          362          363          364          366          368          370          379          380          386          389          390
 Saving results in set 'frame_1162'

 --------------------------------------------------------------------------------

 End time:                               Mon May 17 11:33:40 2021
 Total wall-clock time:                  0.530 seconds
==================================================================================
