
================================================================================
          _____________ ________ _______________ ________     _________         
         / ___________// ______ \\_____   _____// ______ \   / ________)        
        / /_________  / /      \ \     | |     / /      \ \ | (_______          
       |  __________|| |        | |    | |    | |        | | \________ \        
        \ \_________ | |        | |    | |     \ \______/ /___________) |       
         \__________||_|        |_|    |_|      \________//____________/        
                                                                                
====================================[ Qcore ]===================================

 Git hash:   7cd5c520b37f7ee862d844b1504bc4191dc47444
 Git date:   Tue, 4 May 2021 13:25:05 +0100
 Compiler:   GNU 9.1.0
 Build type: Release
 Version:    1.2.0

 Start time: Mon May 17 11:30:14 2021

 Data directory: /home/of15641/.local/src/Qcore/release/share/entos/1.2.0/data
 Number of threads: 1
 Number of threads was determined by: command line argument
  - More threads can be used by running 'qcore -n 24'

 --------------------------------------------------------------------------------
                                  command: bchla                                 
 --------------------------------------------------------------------------------
Mg s eff H
  -0.3102

 SCF converged in 1 iterations.

 Setting up Delta-SCF
 Ground-Excited state overlap:          -0.000000000
 No correction applied to the TDM.
 Excitation energy:                      0.067614885
 Excitation energy (in eV):              1.839894739
 Transition dipole:                     -1.70398      -0.40285       2.18622
Mg s
          153          177          178          179          180          368          381          401          405          406          407
Mg p
          237          266          267          304          313          321          326          332          337          339          342          350          352          353          356          362          363          364          367          372          385          401          405          406          408
Mg d
          159          236          237          244          246          266          267          321          350          356          361          363          364          367          368          370          371          373          375          376          377          381          384          387          388          389          395          404          405          406          408
 Saving results in set 'frame_1106'

 --------------------------------------------------------------------------------

 End time:                               Mon May 17 11:30:15 2021
 Total wall-clock time:                  0.701 seconds
==================================================================================
