
================================================================================
          _____________ ________ _______________ ________     _________         
         / ___________// ______ \\_____   _____// ______ \   / ________)        
        / /_________  / /      \ \     | |     / /      \ \ | (_______          
       |  __________|| |        | |    | |    | |        | | \________ \        
        \ \_________ | |        | |    | |     \ \______/ /___________) |       
         \__________||_|        |_|    |_|      \________//____________/        
                                                                                
====================================[ Qcore ]===================================

 Git hash:   7cd5c520b37f7ee862d844b1504bc4191dc47444
 Git date:   Tue, 4 May 2021 13:25:05 +0100
 Compiler:   GNU 9.1.0
 Build type: Release
 Version:    1.2.0

 Start time: Mon May 17 12:04:55 2021

 Data directory: /home/of15641/.local/src/Qcore/release/share/entos/1.2.0/data
 Number of threads: 1
 Number of threads was determined by: command line argument
  - More threads can be used by running 'qcore -n 24'

 --------------------------------------------------------------------------------
                                  command: bchla                                 
 --------------------------------------------------------------------------------
Mg s eff H
  -0.3101

 SCF converged in 1 iterations.

 Setting up Delta-SCF
 Ground-Excited state overlap:           0.000000000
 No correction applied to the TDM.
 Excitation energy:                      0.074417317
 Excitation energy (in eV):              2.024998360
 Transition dipole:                     -2.20088       2.75995       1.09293
Mg s
          151          179          180          381          404          405          406          408
Mg p
          219          224          242          243          247          268          304          323          332          333          335          347          354          358          361          362          367          373          375          376          377          381          385          388          395          396          401          406
Mg d
          205          206          211          215          219          221          224          226          231          236          237          239          242          243          246          247          249          252          268          332          354          358          361          365          367          375          376          388
 Saving results in set 'frame_1752'

 --------------------------------------------------------------------------------

 End time:                               Mon May 17 12:04:56 2021
 Total wall-clock time:                  0.545 seconds
==================================================================================
