
================================================================================
          _____________ ________ _______________ ________     _________         
         / ___________// ______ \\_____   _____// ______ \   / ________)        
        / /_________  / /      \ \     | |     / /      \ \ | (_______          
       |  __________|| |        | |    | |    | |        | | \________ \        
        \ \_________ | |        | |    | |     \ \______/ /___________) |       
         \__________||_|        |_|    |_|      \________//____________/        
                                                                                
====================================[ Qcore ]===================================

 Git hash:   7cd5c520b37f7ee862d844b1504bc4191dc47444
 Git date:   Tue, 4 May 2021 13:25:05 +0100
 Compiler:   GNU 9.1.0
 Build type: Release
 Version:    1.2.0

 Start time: Mon May 17 11:51:29 2021

 Data directory: /home/of15641/.local/src/Qcore/release/share/entos/1.2.0/data
 Number of threads: 1
 Number of threads was determined by: command line argument
  - More threads can be used by running 'qcore -n 24'

 --------------------------------------------------------------------------------
                                  command: bchla                                 
 --------------------------------------------------------------------------------
Mg s eff H
  -0.3102

 SCF converged in 1 iterations.

 Setting up Delta-SCF
 Ground-Excited state overlap:          -0.000000000
 No correction applied to the TDM.
 Excitation energy:                      0.080452297
 Excitation energy (in eV):              2.189218538
 Transition dipole:                     -2.01873       2.85059       0.14749
Mg s
          148          149          153          178          372          393          398          402          404          405          408
Mg p
          206          211          215          216          218          219          227          238          239          240          241          244          269          323          328          337          344          347          349          354          356          360          361          362          365          366          368          369          372          376          378          387
Mg d
          159          241          244          267          309          312          314          324          328          330          334          337          343          347          348          349          351          352          354          356          360          361          362          365          366          369          370          376          384          393          405
 Saving results in set 'frame_1513'

 --------------------------------------------------------------------------------

 End time:                               Mon May 17 11:51:30 2021
 Total wall-clock time:                  0.521 seconds
==================================================================================
