
================================================================================
          _____________ ________ _______________ ________     _________         
         / ___________// ______ \\_____   _____// ______ \   / ________)        
        / /_________  / /      \ \     | |     / /      \ \ | (_______          
       |  __________|| |        | |    | |    | |        | | \________ \        
        \ \_________ | |        | |    | |     \ \______/ /___________) |       
         \__________||_|        |_|    |_|      \________//____________/        
                                                                                
====================================[ Qcore ]===================================

 Git hash:   7cd5c520b37f7ee862d844b1504bc4191dc47444
 Git date:   Tue, 4 May 2021 13:25:05 +0100
 Compiler:   GNU 9.1.0
 Build type: Release
 Version:    1.2.0

 Start time: Mon May 17 11:48:01 2021

 Data directory: /home/of15641/.local/src/Qcore/release/share/entos/1.2.0/data
 Number of threads: 1
 Number of threads was determined by: command line argument
  - More threads can be used by running 'qcore -n 24'

 --------------------------------------------------------------------------------
                                  command: bchla                                 
 --------------------------------------------------------------------------------
Mg s eff H
  -0.3102

 SCF converged in 1 iterations.

 Setting up Delta-SCF
 Ground-Excited state overlap:           0.000000000
 No correction applied to the TDM.
 Excitation energy:                      0.077702122
 Excitation energy (in eV):              2.114382464
 Transition dipole:                     -1.76224       0.66130       2.81855
Mg s
          150          179          180          399          406          407
Mg p
          214          217          218          222          229          234          239          240          241          242          243          244          316          330          339          343          349          350          351          352          353          354          355          356          357          359          361          362          364          366          367          375          381          388
Mg d
          158          292          327          334          337          340          341          350          352          354          355          357          359          360          361          364          367          370          371          373          377          379          397          406
 Saving results in set 'frame_1472'

 --------------------------------------------------------------------------------

 End time:                               Mon May 17 11:48:01 2021
 Total wall-clock time:                  0.541 seconds
==================================================================================
