
================================================================================
          _____________ ________ _______________ ________     _________         
         / ___________// ______ \\_____   _____// ______ \   / ________)        
        / /_________  / /      \ \     | |     / /      \ \ | (_______          
       |  __________|| |        | |    | |    | |        | | \________ \        
        \ \_________ | |        | |    | |     \ \______/ /___________) |       
         \__________||_|        |_|    |_|      \________//____________/        
                                                                                
====================================[ Qcore ]===================================

 Git hash:   7cd5c520b37f7ee862d844b1504bc4191dc47444
 Git date:   Tue, 4 May 2021 13:25:05 +0100
 Compiler:   GNU 9.1.0
 Build type: Release
 Version:    1.2.0

 Start time: Mon May 17 12:04:57 2021

 Data directory: /home/of15641/.local/src/Qcore/release/share/entos/1.2.0/data
 Number of threads: 1
 Number of threads was determined by: command line argument
  - More threads can be used by running 'qcore -n 24'

 --------------------------------------------------------------------------------
                                  command: bchla                                 
 --------------------------------------------------------------------------------
Mg s eff H
  -0.3102

 SCF converged in 1 iterations.

 Setting up Delta-SCF
 Ground-Excited state overlap:           0.000000000
 No correction applied to the TDM.
 Excitation energy:                      0.079402240
 Excitation energy (in eV):              2.160645030
 Transition dipole:                     -0.06782       3.36531      -0.17054
Mg s
          146          148          153          177          178          179          386          395          399          404          407          408
Mg p
          206          211          216          223          224          231          239          241          243          245          246          248          266          345          346          352          358          360          362          364          368          369          381          386
Mg d
          206          211          216          231          239          241          243          245          246          248          266          345          346          352          358          360          362          364          368          369          375          381          386          399          407
 Saving results in set 'frame_1773'

 --------------------------------------------------------------------------------

 End time:                               Mon May 17 12:04:58 2021
 Total wall-clock time:                  0.500 seconds
==================================================================================
