
================================================================================
          _____________ ________ _______________ ________     _________         
         / ___________// ______ \\_____   _____// ______ \   / ________)        
        / /_________  / /      \ \     | |     / /      \ \ | (_______          
       |  __________|| |        | |    | |    | |        | | \________ \        
        \ \_________ | |        | |    | |     \ \______/ /___________) |       
         \__________||_|        |_|    |_|      \________//____________/        
                                                                                
====================================[ Qcore ]===================================

 Git hash:   7cd5c520b37f7ee862d844b1504bc4191dc47444
 Git date:   Tue, 4 May 2021 13:25:05 +0100
 Compiler:   GNU 9.1.0
 Build type: Release
 Version:    1.2.0

 Start time: Mon May 17 12:42:59 2021

 Data directory: /home/of15641/.local/src/Qcore/release/share/entos/1.2.0/data
 Number of threads: 1
 Number of threads was determined by: command line argument
  - More threads can be used by running 'qcore -n 24'

 --------------------------------------------------------------------------------
                                  command: bchla                                 
 --------------------------------------------------------------------------------
Mg s eff H
  -0.3102

 SCF converged in 1 iterations.

 Setting up Delta-SCF
 Ground-Excited state overlap:          -0.000000000
 No correction applied to the TDM.
 Excitation energy:                      0.078256985
 Excitation energy (in eV):              2.129481045
 Transition dipole:                      0.93097      -0.46841      -2.59568
Mg s
          146          149          179          180          375          393          399          403          404          408
Mg p
          205          217          218          220          228          229          234          236          242          243          343          350          355          358          360          364          367          368          376          380          381          386
Mg d
          158          217          234          243          265          326          329          330          335          343          344          347          348          349          352          355          356          358          360          361          363          364          367          368          373          376          380          381          385          386          396          399          403
 Saving results in set 'frame_791'

 --------------------------------------------------------------------------------

 End time:                               Mon May 17 12:43:00 2021
 Total wall-clock time:                  0.509 seconds
==================================================================================
