
================================================================================
          _____________ ________ _______________ ________     _________         
         / ___________// ______ \\_____   _____// ______ \   / ________)        
        / /_________  / /      \ \     | |     / /      \ \ | (_______          
       |  __________|| |        | |    | |    | |        | | \________ \        
        \ \_________ | |        | |    | |     \ \______/ /___________) |       
         \__________||_|        |_|    |_|      \________//____________/        
                                                                                
====================================[ Qcore ]===================================

 Git hash:   7cd5c520b37f7ee862d844b1504bc4191dc47444
 Git date:   Tue, 4 May 2021 13:25:05 +0100
 Compiler:   GNU 9.1.0
 Build type: Release
 Version:    1.2.0

 Start time: Mon May 17 12:30:27 2021

 Data directory: /home/of15641/.local/src/Qcore/release/share/entos/1.2.0/data
 Number of threads: 1
 Number of threads was determined by: command line argument
  - More threads can be used by running 'qcore -n 24'

 --------------------------------------------------------------------------------
                                  command: bchla                                 
 --------------------------------------------------------------------------------
Mg s eff H
  -0.3103

 SCF converged in 1 iterations.

 Setting up Delta-SCF
 Ground-Excited state overlap:          -0.000000000
 No correction applied to the TDM.
 Excitation energy:                      0.075639310
 Excitation energy (in eV):              2.058250485
 Transition dipole:                      1.46619      -0.77061      -2.30650
Mg s
          147          152          176          177          178          179          180          364          372          392          398          400          401          403          405
Mg p
          209          210          213          214          223          224          235          236          242          244          245          266          325          335          346          353          356          359          363          364          370          371          378          388          393          398          403
Mg d
          213          214          223          235          236          244          245          270          305          309          325          328          335          338          342          348          350          356          358          359          360          361          363          364          365          367          371          378          380          381          391          395          403
 Saving results in set 'frame_495'

 --------------------------------------------------------------------------------

 End time:                               Mon May 17 12:30:28 2021
 Total wall-clock time:                  0.505 seconds
==================================================================================
