
================================================================================
          _____________ ________ _______________ ________     _________         
         / ___________// ______ \\_____   _____// ______ \   / ________)        
        / /_________  / /      \ \     | |     / /      \ \ | (_______          
       |  __________|| |        | |    | |    | |        | | \________ \        
        \ \_________ | |        | |    | |     \ \______/ /___________) |       
         \__________||_|        |_|    |_|      \________//____________/        
                                                                                
====================================[ Qcore ]===================================

 Git hash:   7cd5c520b37f7ee862d844b1504bc4191dc47444
 Git date:   Tue, 4 May 2021 13:25:05 +0100
 Compiler:   GNU 9.1.0
 Build type: Release
 Version:    1.2.0

 Start time: Mon May 17 12:36:46 2021

 Data directory: /home/of15641/.local/src/Qcore/release/share/entos/1.2.0/data
 Number of threads: 1
 Number of threads was determined by: command line argument
  - More threads can be used by running 'qcore -n 24'

 --------------------------------------------------------------------------------
                                  command: bchla                                 
 --------------------------------------------------------------------------------
Mg s eff H
  -0.3102

 SCF converged in 1 iterations.

 Setting up Delta-SCF
 Ground-Excited state overlap:          -0.000000000
 No correction applied to the TDM.
 Excitation energy:                      0.078340511
 Excitation energy (in eV):              2.131753905
 Transition dipole:                      0.12439       1.90805       2.92983
Mg s
          143          152          178          179          180          402          404          405          407
Mg p
          205          206          219          220          222          223          226          227          240          243          246          371          372          407
Mg d
          158          270          310          314          322          347          351          353          356          358          362          367          368          371          372          373          374          380          382          384          391          396          402          407          408
 Saving results in set 'frame_634'

 --------------------------------------------------------------------------------

 End time:                               Mon May 17 12:36:47 2021
 Total wall-clock time:                  0.503 seconds
==================================================================================
