
================================================================================
          _____________ ________ _______________ ________     _________         
         / ___________// ______ \\_____   _____// ______ \   / ________)        
        / /_________  / /      \ \     | |     / /      \ \ | (_______          
       |  __________|| |        | |    | |    | |        | | \________ \        
        \ \_________ | |        | |    | |     \ \______/ /___________) |       
         \__________||_|        |_|    |_|      \________//____________/        
                                                                                
====================================[ Qcore ]===================================

 Git hash:   7cd5c520b37f7ee862d844b1504bc4191dc47444
 Git date:   Tue, 4 May 2021 13:25:05 +0100
 Compiler:   GNU 9.1.0
 Build type: Release
 Version:    1.2.0

 Start time: Mon May 17 12:01:42 2021

 Data directory: /home/of15641/.local/src/Qcore/release/share/entos/1.2.0/data
 Number of threads: 1
 Number of threads was determined by: command line argument
  - More threads can be used by running 'qcore -n 24'

 --------------------------------------------------------------------------------
                                  command: bchla                                 
 --------------------------------------------------------------------------------
Mg s eff H
  -0.3102

 SCF converged in 1 iterations.

 Setting up Delta-SCF
 Ground-Excited state overlap:           0.000000000
 No correction applied to the TDM.
 Excitation energy:                      0.077915961
 Excitation energy (in eV):              2.120201323
 Transition dipole:                     -1.12236      -1.51105      -2.23461
Mg s
          148          153          179          180          181          384          399          405          406          408
Mg p
          307          323          328          333          336          338          339          342          345          346          350          351          354          356          358          359          361          364          367          368          369          370          371          376          378          381          382          405          408
Mg d
          206          219          227          240          243          247          308          336          338          339          342          351          354          356          361          364          367          368          369          370          376          378          381          386          388          391          392          405
 Saving results in set 'frame_16'

 --------------------------------------------------------------------------------

 End time:                               Mon May 17 12:01:43 2021
 Total wall-clock time:                  0.584 seconds
==================================================================================
