
================================================================================
          _____________ ________ _______________ ________     _________         
         / ___________// ______ \\_____   _____// ______ \   / ________)        
        / /_________  / /      \ \     | |     / /      \ \ | (_______          
       |  __________|| |        | |    | |    | |        | | \________ \        
        \ \_________ | |        | |    | |     \ \______/ /___________) |       
         \__________||_|        |_|    |_|      \________//____________/        
                                                                                
====================================[ Qcore ]===================================

 Git hash:   7cd5c520b37f7ee862d844b1504bc4191dc47444
 Git date:   Tue, 4 May 2021 13:25:05 +0100
 Compiler:   GNU 9.1.0
 Build type: Release
 Version:    1.2.0

 Start time: Mon May 17 12:36:47 2021

 Data directory: /home/of15641/.local/src/Qcore/release/share/entos/1.2.0/data
 Number of threads: 1
 Number of threads was determined by: command line argument
  - More threads can be used by running 'qcore -n 24'

 --------------------------------------------------------------------------------
                                  command: bchla                                 
 --------------------------------------------------------------------------------
Mg s eff H
  -0.3101

 SCF converged in 1 iterations.

 Setting up Delta-SCF
 Ground-Excited state overlap:           0.000000000
 No correction applied to the TDM.
 Excitation energy:                      0.074103595
 Excitation energy (in eV):              2.016461552
 Transition dipole:                      1.58046       2.02044      -2.67563
Mg s
          148          149          177          178          181          391          401          404          406          407          408
Mg p
          207          209          213          214          219          223          226          234          237          238          241          242          243          337          342          350          355          358          360          368          374
Mg d
          159          237          242          303          322          332          334          335          337          340          342          343          348          350          353          358          360          361          362          364          365          368          371          374          376          378          382          387          399          406          408
 Saving results in set 'frame_643'

 --------------------------------------------------------------------------------

 End time:                               Mon May 17 12:36:48 2021
 Total wall-clock time:                  0.521 seconds
==================================================================================
