
================================================================================
          _____________ ________ _______________ ________     _________         
         / ___________// ______ \\_____   _____// ______ \   / ________)        
        / /_________  / /      \ \     | |     / /      \ \ | (_______          
       |  __________|| |        | |    | |    | |        | | \________ \        
        \ \_________ | |        | |    | |     \ \______/ /___________) |       
         \__________||_|        |_|    |_|      \________//____________/        
                                                                                
====================================[ Qcore ]===================================

 Git hash:   7cd5c520b37f7ee862d844b1504bc4191dc47444
 Git date:   Tue, 4 May 2021 13:25:05 +0100
 Compiler:   GNU 9.1.0
 Build type: Release
 Version:    1.2.0

 Start time: Mon May 17 11:30:16 2021

 Data directory: /home/of15641/.local/src/Qcore/release/share/entos/1.2.0/data
 Number of threads: 1
 Number of threads was determined by: command line argument
  - More threads can be used by running 'qcore -n 24'

 --------------------------------------------------------------------------------
                                  command: bchla                                 
 --------------------------------------------------------------------------------
Mg s eff H
  -0.3103

 SCF converged in 1 iterations.

 Setting up Delta-SCF
 Ground-Excited state overlap:          -0.000000000
 No correction applied to the TDM.
 Excitation energy:                      0.072960040
 Excitation energy (in eV):              1.985343836
 Transition dipole:                     -1.17434      -1.08587       2.20136
Mg s
          148          150          177          178          384          390          406          407          408
Mg p
          267          269          320          326          329          333          341          344          347          348          349          354          356          357          361          365          367          370          371          372          373          374          376          377          378          379          381          383          386          387          407
Mg d
          237          239          242          246          267          269          324          327          340          344          354          356          357          361          364          365          367          370          371          372          373          380          383          386          387          392
 Saving results in set 'frame_1130'

 --------------------------------------------------------------------------------

 End time:                               Mon May 17 11:30:17 2021
 Total wall-clock time:                  0.567 seconds
==================================================================================
