
================================================================================
          _____________ ________ _______________ ________     _________         
         / ___________// ______ \\_____   _____// ______ \   / ________)        
        / /_________  / /      \ \     | |     / /      \ \ | (_______          
       |  __________|| |        | |    | |    | |        | | \________ \        
        \ \_________ | |        | |    | |     \ \______/ /___________) |       
         \__________||_|        |_|    |_|      \________//____________/        
                                                                                
====================================[ Qcore ]===================================

 Git hash:   7cd5c520b37f7ee862d844b1504bc4191dc47444
 Git date:   Tue, 4 May 2021 13:25:05 +0100
 Compiler:   GNU 9.1.0
 Build type: Release
 Version:    1.2.0

 Start time: Mon May 17 11:58:21 2021

 Data directory: /home/of15641/.local/src/Qcore/release/share/entos/1.2.0/data
 Number of threads: 1
 Number of threads was determined by: command line argument
  - More threads can be used by running 'qcore -n 24'

 --------------------------------------------------------------------------------
                                  command: bchla                                 
 --------------------------------------------------------------------------------
Mg s eff H
  -0.3103

 SCF converged in 1 iterations.

 Setting up Delta-SCF
 Ground-Excited state overlap:           0.000000000
 No correction applied to the TDM.
 Excitation energy:                      0.079956290
 Excitation energy (in eV):              2.175721497
 Transition dipole:                      0.09402      -2.26923      -2.34789
Mg s
          151          153          178          179          377          396          401          404          405          406          408
Mg p
          244          265          271          306          311          322          326          327          328          332          333          336          339          340          342          343          349          354          357          358          363          368          371          372          373          377          378          381          396          400          401          408
Mg d
          179          204          210          213          217          221          226          232          235          236          244          271          307          328          332          336          340          342          354          358          363          368          369          376          378          381          382          404          405
 Saving results in set 'frame_1610'

 --------------------------------------------------------------------------------

 End time:                               Mon May 17 11:58:22 2021
 Total wall-clock time:                  0.559 seconds
==================================================================================
