
================================================================================
          _____________ ________ _______________ ________     _________         
         / ___________// ______ \\_____   _____// ______ \   / ________)        
        / /_________  / /      \ \     | |     / /      \ \ | (_______          
       |  __________|| |        | |    | |    | |        | | \________ \        
        \ \_________ | |        | |    | |     \ \______/ /___________) |       
         \__________||_|        |_|    |_|      \________//____________/        
                                                                                
====================================[ Qcore ]===================================

 Git hash:   7cd5c520b37f7ee862d844b1504bc4191dc47444
 Git date:   Tue, 4 May 2021 13:25:05 +0100
 Compiler:   GNU 9.1.0
 Build type: Release
 Version:    1.2.0

 Start time: Mon May 17 11:54:59 2021

 Data directory: /home/of15641/.local/src/Qcore/release/share/entos/1.2.0/data
 Number of threads: 1
 Number of threads was determined by: command line argument
  - More threads can be used by running 'qcore -n 24'

 --------------------------------------------------------------------------------
                                  command: bchla                                 
 --------------------------------------------------------------------------------
Mg s eff H
  -0.3102

 SCF converged in 1 iterations.

 Setting up Delta-SCF
 Ground-Excited state overlap:          -0.000000000
 No correction applied to the TDM.
 Excitation energy:                      0.081801305
 Excitation energy (in eV):              2.225926898
 Transition dipole:                      0.40755      -2.43975      -1.96108
Mg s
          143          150          178          180          397          401          404          407          408
Mg p
          306          323          336          341          342          344          346          348          353          358          362          364          365          367          370          376          381          401          404
Mg d
          205          215          219          220          222          227          229          230          231          234          236          239          242          245          329          344          345          346          348          350          353          358          361          362          364          367          370          401
 Saving results in set 'frame_1589'

 --------------------------------------------------------------------------------

 End time:                               Mon May 17 11:55:00 2021
 Total wall-clock time:                  0.542 seconds
==================================================================================
