
================================================================================
          _____________ ________ _______________ ________     _________         
         / ___________// ______ \\_____   _____// ______ \   / ________)        
        / /_________  / /      \ \     | |     / /      \ \ | (_______          
       |  __________|| |        | |    | |    | |        | | \________ \        
        \ \_________ | |        | |    | |     \ \______/ /___________) |       
         \__________||_|        |_|    |_|      \________//____________/        
                                                                                
====================================[ Qcore ]===================================

 Git hash:   7cd5c520b37f7ee862d844b1504bc4191dc47444
 Git date:   Tue, 4 May 2021 13:25:05 +0100
 Compiler:   GNU 9.1.0
 Build type: Release
 Version:    1.2.0

 Start time: Mon May 17 11:48:00 2021

 Data directory: /home/of15641/.local/src/Qcore/release/share/entos/1.2.0/data
 Number of threads: 1
 Number of threads was determined by: command line argument
  - More threads can be used by running 'qcore -n 24'

 --------------------------------------------------------------------------------
                                  command: bchla                                 
 --------------------------------------------------------------------------------
Mg s eff H
  -0.3102

 SCF converged in 1 iterations.

 Setting up Delta-SCF
 Ground-Excited state overlap:          -0.000000000
 No correction applied to the TDM.
 Excitation energy:                      0.076532982
 Excitation energy (in eV):              2.082568546
 Transition dipole:                     -1.44388       2.58906      -1.70958
Mg s
          146          151          177          178          179          180          400          403          405          406          407
Mg p
          209          211          229          231          239          242          243          245          271          309          345          347          352          355          359          360          362          363          364          365          366          368          369          371          372          374          379          381          388          389          407
Mg d
          209          211          229          239          243          266          267          271          320          332          334          338          345          347          351          355          358          361          364          365          369          372          377          378          379          384          385          388          389          393          400
 Saving results in set 'frame_1468'

 --------------------------------------------------------------------------------

 End time:                               Mon May 17 11:48:01 2021
 Total wall-clock time:                  0.530 seconds
==================================================================================
