
================================================================================
          _____________ ________ _______________ ________     _________         
         / ___________// ______ \\_____   _____// ______ \   / ________)        
        / /_________  / /      \ \     | |     / /      \ \ | (_______          
       |  __________|| |        | |    | |    | |        | | \________ \        
        \ \_________ | |        | |    | |     \ \______/ /___________) |       
         \__________||_|        |_|    |_|      \________//____________/        
                                                                                
====================================[ Qcore ]===================================

 Git hash:   7cd5c520b37f7ee862d844b1504bc4191dc47444
 Git date:   Tue, 4 May 2021 13:25:05 +0100
 Compiler:   GNU 9.1.0
 Build type: Release
 Version:    1.2.0

 Start time: Mon May 17 11:40:52 2021

 Data directory: /home/of15641/.local/src/Qcore/release/share/entos/1.2.0/data
 Number of threads: 1
 Number of threads was determined by: command line argument
  - More threads can be used by running 'qcore -n 24'

 --------------------------------------------------------------------------------
                                  command: bchla                                 
 --------------------------------------------------------------------------------
Mg s eff H
  -0.3104

 SCF converged in 1 iterations.

 Setting up Delta-SCF
 Ground-Excited state overlap:           0.000000000
 No correction applied to the TDM.
 Excitation energy:                      0.077849345
 Excitation energy (in eV):              2.118388598
 Transition dipole:                      2.31310       1.70716      -0.17588
Mg s
          152          178          179          180          379          385          388          399          403          404          405          406          408
Mg p
          159          241          242          301          315          325          326          327          330          335          338          339          340          341          344          346          347          350          351          353          354          357          358          359          360          366          367          368          369          370          375          379          381          385          388
Mg d
          210          211          212          215          218          220          222          224          226          230          232          234          235          236          237          239          241          242          243          244          362          363          364          367          368          369          374          375          376          379          380          381          385          392
 Saving results in set 'frame_1293'

 --------------------------------------------------------------------------------

 End time:                               Mon May 17 11:40:52 2021
 Total wall-clock time:                  0.522 seconds
==================================================================================
