
================================================================================
          _____________ ________ _______________ ________     _________         
         / ___________// ______ \\_____   _____// ______ \   / ________)        
        / /_________  / /      \ \     | |     / /      \ \ | (_______          
       |  __________|| |        | |    | |    | |        | | \________ \        
        \ \_________ | |        | |    | |     \ \______/ /___________) |       
         \__________||_|        |_|    |_|      \________//____________/        
                                                                                
====================================[ Qcore ]===================================

 Git hash:   7cd5c520b37f7ee862d844b1504bc4191dc47444
 Git date:   Tue, 4 May 2021 13:25:05 +0100
 Compiler:   GNU 9.1.0
 Build type: Release
 Version:    1.2.0

 Start time: Mon May 17 12:11:23 2021

 Data directory: /home/of15641/.local/src/Qcore/release/share/entos/1.2.0/data
 Number of threads: 1
 Number of threads was determined by: command line argument
  - More threads can be used by running 'qcore -n 24'

 --------------------------------------------------------------------------------
                                  command: bchla                                 
 --------------------------------------------------------------------------------
Mg s eff H
  -0.3104

 SCF converged in 1 iterations.

 Setting up Delta-SCF
 Ground-Excited state overlap:           0.000000000
 No correction applied to the TDM.
 Excitation energy:                      0.077174948
 Excitation energy (in eV):              2.100037326
 Transition dipole:                      0.50187       0.48478       3.44866
Mg s
          152          178          380          381          390          395          396          400          402          403          404          405          406          407
Mg p
          209          220          233          238          241          295          317          323          332          333          335          337          338          342          344          346          353          355          357          359          361          364          365          369          379          380          391          395
Mg d
          159          309          314          325          333          335          344          346          347          355          357          358          361          363          364          365          369          374          375          380          382
 Saving results in set 'frame_1887'

 --------------------------------------------------------------------------------

 End time:                               Mon May 17 12:11:24 2021
 Total wall-clock time:                  0.511 seconds
==================================================================================
