
================================================================================
          _____________ ________ _______________ ________     _________         
         / ___________// ______ \\_____   _____// ______ \   / ________)        
        / /_________  / /      \ \     | |     / /      \ \ | (_______          
       |  __________|| |        | |    | |    | |        | | \________ \        
        \ \_________ | |        | |    | |     \ \______/ /___________) |       
         \__________||_|        |_|    |_|      \________//____________/        
                                                                                
====================================[ Qcore ]===================================

 Git hash:   7cd5c520b37f7ee862d844b1504bc4191dc47444
 Git date:   Tue, 4 May 2021 13:25:05 +0100
 Compiler:   GNU 9.1.0
 Build type: Release
 Version:    1.2.0

 Start time: Mon May 17 11:44:32 2021

 Data directory: /home/of15641/.local/src/Qcore/release/share/entos/1.2.0/data
 Number of threads: 1
 Number of threads was determined by: command line argument
  - More threads can be used by running 'qcore -n 24'

 --------------------------------------------------------------------------------
                                  command: bchla                                 
 --------------------------------------------------------------------------------
Mg s eff H
  -0.3101

 SCF converged in 1 iterations.

 Setting up Delta-SCF
 Ground-Excited state overlap:          -0.000000000
 No correction applied to the TDM.
 Excitation energy:                      0.075697728
 Excitation energy (in eV):              2.059840126
 Transition dipole:                      0.26692       3.05901       0.52435
Mg s
          147          151          178          179          366          384          402          405          406          408
Mg p
          213          230          237          240          305          308          314          338          344          347          348          353          354          355          356          361          364          365          366          369          370          371          372          373          384          387          388          389          406
Mg d
          203          205          206          207          213          221          230          231          237          238          239          240          241          243          244          246          347          361          364          365          366          372
 Saving results in set 'frame_1394'

 --------------------------------------------------------------------------------

 End time:                               Mon May 17 11:44:32 2021
 Total wall-clock time:                  0.536 seconds
==================================================================================
