
================================================================================
          _____________ ________ _______________ ________     _________         
         / ___________// ______ \\_____   _____// ______ \   / ________)        
        / /_________  / /      \ \     | |     / /      \ \ | (_______          
       |  __________|| |        | |    | |    | |        | | \________ \        
        \ \_________ | |        | |    | |     \ \______/ /___________) |       
         \__________||_|        |_|    |_|      \________//____________/        
                                                                                
====================================[ Qcore ]===================================

 Git hash:   7cd5c520b37f7ee862d844b1504bc4191dc47444
 Git date:   Tue, 4 May 2021 13:25:05 +0100
 Compiler:   GNU 9.1.0
 Build type: Release
 Version:    1.2.0

 Start time: Mon May 17 11:51:27 2021

 Data directory: /home/of15641/.local/src/Qcore/release/share/entos/1.2.0/data
 Number of threads: 1
 Number of threads was determined by: command line argument
  - More threads can be used by running 'qcore -n 24'

 --------------------------------------------------------------------------------
                                  command: bchla                                 
 --------------------------------------------------------------------------------
Mg s eff H
  -0.3105

 SCF converged in 1 iterations.

 Setting up Delta-SCF
 Ground-Excited state overlap:          -0.000000000
 No correction applied to the TDM.
 Excitation energy:                      0.073331457
 Excitation energy (in eV):              1.995450591
 Transition dipole:                     -1.86997       0.78740      -2.02757
Mg s
          151          152          177          178          383          384          386          387          396          397          398          400          402          403          408
Mg p
          210          214          216          223          225          227          232          234          240          244          305          309          311          319          334          336          338          349          352          356          358          363          365          367          368          376          377
Mg d
          266          307          312          314          318          319          322          326          329          330          332          334          336          337          338          339          340          341          343          348          349          350          352          356          360          365          370          373          377          396          400          402
 Saving results in set 'frame_1493'

 --------------------------------------------------------------------------------

 End time:                               Mon May 17 11:51:28 2021
 Total wall-clock time:                  0.504 seconds
==================================================================================
