
================================================================================
          _____________ ________ _______________ ________     _________         
         / ___________// ______ \\_____   _____// ______ \   / ________)        
        / /_________  / /      \ \     | |     / /      \ \ | (_______          
       |  __________|| |        | |    | |    | |        | | \________ \        
        \ \_________ | |        | |    | |     \ \______/ /___________) |       
         \__________||_|        |_|    |_|      \________//____________/        
                                                                                
====================================[ Qcore ]===================================

 Git hash:   7cd5c520b37f7ee862d844b1504bc4191dc47444
 Git date:   Tue, 4 May 2021 13:25:05 +0100
 Compiler:   GNU 9.1.0
 Build type: Release
 Version:    1.2.0

 Start time: Mon May 17 11:37:19 2021

 Data directory: /home/of15641/.local/src/Qcore/release/share/entos/1.2.0/data
 Number of threads: 1
 Number of threads was determined by: command line argument
  - More threads can be used by running 'qcore -n 24'

 --------------------------------------------------------------------------------
                                  command: bchla                                 
 --------------------------------------------------------------------------------
Mg s eff H
  -0.3103

 SCF converged in 1 iterations.

 Setting up Delta-SCF
 Ground-Excited state overlap:           0.000000000
 No correction applied to the TDM.
 Excitation energy:                      0.078290357
 Excitation energy (in eV):              2.130389138
 Transition dipole:                     -2.51124      -1.21415      -0.01953
Mg s
          151          178          179          378          384          390          393          399          400          403          404          406          407          408
Mg p
          263          271          307          311          324          329          341          344          348          350          353          355          357          361          363          364          367          369          371          373          374          378          384          386          391          399          403          406          408
Mg d
          178          208          209          212          213          216          224          227          232          238          240          242          373
 Saving results in set 'frame_1242'

 --------------------------------------------------------------------------------

 End time:                               Mon May 17 11:37:20 2021
 Total wall-clock time:                  0.587 seconds
==================================================================================
